#***************************************************************************

#sjplacer

#Version:            1.1

#Build Date:         Dec  5 2017 15:35:27

#File Generated:     May 9 2018 15:59:41

#Purpose:            

#Copyright (C) 2010-2011 by Softjin Technologies Pvt Ltd. All rights reserved.

#***************************************************************************

Executing : C:\Program Files (x86)\Cypress\PSoC Creator\4.2\PSoC Creator\bin/sjplacer.exe --proj-name Combine --netlist-vh2 Combine_p.vh2 --arch p35_udb4x6 --arch-file C:\Program Files (x86)\Cypress\PSoC Creator\4.2\PSoC Creator\dev\arch/udbdsi_4x6_24.cydata --ip-file C:\Program Files (x86)\Cypress\PSoC Creator\4.2\PSoC Creator\dev\psoc5/psoc5lp/ip_blocks.cydata --rrg-file C:\Program Files (x86)\Cypress\PSoC Creator\4.2\PSoC Creator\dev\psoc5/psoc5lp/route_arch-rrg.cydata --irq-file C:\Program Files (x86)\Cypress\PSoC Creator\4.2\PSoC Creator\dev\psoc5/psoc5lp/irqconn.cydata --drq-file C:\Program Files (x86)\Cypress\PSoC Creator\4.2\PSoC Creator\dev\psoc5/psoc5lp/dmaconn.cydata --dsi-conn-file C:\Program Files (x86)\Cypress\PSoC Creator\4.2\PSoC Creator\dev\psoc5/psoc5lp/dsiconn.cydata --pins-file pins_100-TQFP.xml --lib-file Combine_p.lib --sdc-file Combine.sdc --io-pcf Combine.pci --outdir .

		Softjin Techologies Placer, Version 1.1

Build Date : Dec  5 2017	15:33:41

D2004: Option and Settings Summary
=============================================================
Netlist vh2 file          - Combine_p.vh2
Architecture file         - C:\Program Files (x86)\Cypress\PSoC Creator\4.2\PSoC Creator\dev\arch/udbdsi_4x6_24.cydata
Package                   - 
Defparam file             - 
SDC file                  - Combine.sdc
Output directory          - .
Timing library            - Combine_p.lib
IO Placement file         - Combine.pci

D2050: Starting reading inputs for placer
=============================================================
D2065: Reading netlist file : "Combine_p.vh2"
D2065: Reading arch file : "C:\Program Files (x86)\Cypress\PSoC Creator\4.2\PSoC Creator\dev\arch/udbdsi_4x6_24.cydata"
D2051: Reading of inputs for placer completed successfully

D2053: Starting placement of the design
=============================================================

Phase 2
Phase 3

Design Statistics after Packing
    Number of Combinational MCs 	:	16
    Number of Sequential MCs    	:	15
    Number of DPs               	:	7
    Number of Controls          	:	6
    Number of Status            	:	7
    Number of SyncCells         	:	9
    Number of count7cells       	:	0

Device Utilization Summary after Packing
    Macrocells                  :	31/192
    UDBS                        :	10/24
    IOs                         :	26/72


D2088: Phase 3, elapsed time : 0.0 (sec)

Phase 4
D2088: Phase 4, elapsed time : 0.0 (sec)

Phase 5
D2088: Phase 5, elapsed time : 0.0 (sec)

Phase 6

######################################################################
Placement Timing Summary

The timing summary is based on estimated routing delays after
placement. For final timing report, please carry out the timing
analysis after routing.
======================================================================

######################################################################
                     Clock Summary 
======================================================================
Number of clocks: 11
Clock: CyBUS_CLK            | Frequency: 121.9 MHz | Target:  48.0 MHz
Clock: CyILO                | Frequency: N/A       | Target:   0.0 MHz
Clock: CyIMO                | Frequency: N/A       | Target:   3.0 MHz
Clock: CyMASTER_CLK         | Frequency: N/A       | Target:  48.0 MHz
Clock: CyPLL_OUT            | Frequency: N/A       | Target:  48.0 MHz
Clock: CyXTAL_32kHz         | Frequency: N/A       | Target:   0.0 MHz
Clock: clockButtonRead      | Frequency: N/A       | Target:   0.0 MHz
Clock: clockPulseCount      | Frequency:  52.1 MHz | Target:   0.0 MHz
Clock: clockShift           | Frequency:  61.7 MHz | Target:   0.0 MHz
Clock: clockShift(fixed-function) | Frequency: N/A       | Target:   0.0 MHz
Clock: clockShift(routed)   | Frequency: N/A       | Target:   0.0 MHz

======================================================================
                     End of Clock Summary
######################################################################

D2088: Phase 6, elapsed time : 0.0 (sec)

Phase 7
######################################################################
                     Clock Summary 
======================================================================
Number of clocks: 11
Clock: CyBUS_CLK            | Frequency:   7.1 MHz | Target:  48.0 MHz
Clock: CyILO                | Frequency: N/A       | Target:   0.0 MHz
Clock: CyIMO                | Frequency: N/A       | Target:   3.0 MHz
Clock: CyMASTER_CLK         | Frequency: N/A       | Target:  48.0 MHz
Clock: CyPLL_OUT            | Frequency: N/A       | Target:  48.0 MHz
Clock: CyXTAL_32kHz         | Frequency: N/A       | Target:   0.0 MHz
Clock: clockButtonRead      | Frequency: N/A       | Target:   0.0 MHz
Clock: clockPulseCount      | Frequency:  47.3 MHz | Target:   0.0 MHz
Clock: clockShift           | Frequency:   7.1 MHz | Target:   0.0 MHz
Clock: clockShift(fixed-function) | Frequency: N/A       | Target:   0.0 MHz
Clock: clockShift(routed)   | Frequency: N/A       | Target:   0.0 MHz

======================================================================
                     End of Clock Summary
######################################################################
D2088: Phase 7, elapsed time : 0.4 (sec)

Final Design Statistics
    Number of Combinational MCs 	:	16
    Number of Sequential MCs    	:	15
    Number of DPs               	:	7
    Number of Controls          	:	6
    Number of Status            	:	7
    Number of SyncCells         	:	9
    Number of count7cells       	:	0
    Number of IOs       	:	26

Device Utilization Summary
    Macrocells                  :	31/192
    IOs                         :	26/72



######################################################################
Placement Timing Summary

The timing summary is based on estimated routing delays after
placement. For final timing report, please carry out the timing
analysis after routing.
======================================================================


######################################################################
                     Clock Summary 
======================================================================
Number of clocks: 11
Clock: CyBUS_CLK            | Frequency:   7.1 MHz | Target:  48.0 MHz
Clock: CyILO                | Frequency: N/A       | Target:   0.0 MHz
Clock: CyIMO                | Frequency: N/A       | Target:   3.0 MHz
Clock: CyMASTER_CLK         | Frequency: N/A       | Target:  48.0 MHz
Clock: CyPLL_OUT            | Frequency: N/A       | Target:  48.0 MHz
Clock: CyXTAL_32kHz         | Frequency: N/A       | Target:   0.0 MHz
Clock: clockButtonRead      | Frequency: N/A       | Target:   0.0 MHz
Clock: clockPulseCount      | Frequency:  46.0 MHz | Target:   0.0 MHz
Clock: clockShift           | Frequency:   7.1 MHz | Target:   0.0 MHz
Clock: clockShift(fixed-function) | Frequency: N/A       | Target:   0.0 MHz
Clock: clockShift(routed)   | Frequency: N/A       | Target:   0.0 MHz

======================================================================
                     End of Clock Summary
######################################################################

Phase 8
D2088: Phase 8, elapsed time : 0.0 (sec)

D2054: Placement of the design completed successfully

I2076: Total run-time: 1.1 sec.

