ARM GAS  C:\Users\bryan.lee\AppData\Local\Temp\cc0DELWF.s 			page 1


   1              		.syntax unified
   2              		.cpu cortex-m0
   3              		.fpu softvfp
   4              		.eabi_attribute 20, 1
   5              		.eabi_attribute 21, 1
   6              		.eabi_attribute 23, 3
   7              		.eabi_attribute 24, 1
   8              		.eabi_attribute 25, 1
   9              		.eabi_attribute 26, 1
  10              		.eabi_attribute 30, 1
  11              		.eabi_attribute 34, 0
  12              		.eabi_attribute 18, 4
  13              		.thumb
  14              		.syntax unified
  15              		.file	"CapSense_1_Tuner.c"
  16              		.text
  17              	.Ltext0:
  18              		.cfi_sections	.debug_frame
  19              		.section	.text.CapSense_1_TuInitialize,"ax",%progbits
  20              		.align	2
  21              		.global	CapSense_1_TuInitialize
  22              		.code	16
  23              		.thumb_func
  24              		.type	CapSense_1_TuInitialize, %function
  25              	CapSense_1_TuInitialize:
  26              	.LFB2:
  27              		.file 1 "Generated_Source\\PSoC4\\CapSense_1_Tuner.c"
   1:Generated_Source\PSoC4/CapSense_1_Tuner.c **** /***************************************************************************//**
   2:Generated_Source\PSoC4/CapSense_1_Tuner.c **** * \file CapSense_1_Tuner.c
   3:Generated_Source\PSoC4/CapSense_1_Tuner.c **** * \version 5.0
   4:Generated_Source\PSoC4/CapSense_1_Tuner.c **** *
   5:Generated_Source\PSoC4/CapSense_1_Tuner.c **** * \brief
   6:Generated_Source\PSoC4/CapSense_1_Tuner.c **** *   This file provides the source code for the Tuner module API of the Component.
   7:Generated_Source\PSoC4/CapSense_1_Tuner.c **** *
   8:Generated_Source\PSoC4/CapSense_1_Tuner.c **** * \see CapSense_1 v5.0 Datasheet
   9:Generated_Source\PSoC4/CapSense_1_Tuner.c **** *
  10:Generated_Source\PSoC4/CapSense_1_Tuner.c **** *//*****************************************************************************
  11:Generated_Source\PSoC4/CapSense_1_Tuner.c **** * Copyright (2016-2017), Cypress Semiconductor Corporation.
  12:Generated_Source\PSoC4/CapSense_1_Tuner.c **** ********************************************************************************
  13:Generated_Source\PSoC4/CapSense_1_Tuner.c **** * This software is owned by Cypress Semiconductor Corporation (Cypress) and is
  14:Generated_Source\PSoC4/CapSense_1_Tuner.c **** * protected by and subject to worldwide patent protection (United States and
  15:Generated_Source\PSoC4/CapSense_1_Tuner.c **** * foreign), United States copyright laws and international treaty provisions.
  16:Generated_Source\PSoC4/CapSense_1_Tuner.c **** * Cypress hereby grants to licensee a personal, non-exclusive, non-transferable
  17:Generated_Source\PSoC4/CapSense_1_Tuner.c **** * license to copy, use, modify, create derivative works of, and compile the
  18:Generated_Source\PSoC4/CapSense_1_Tuner.c **** * Cypress Source Code and derivative works for the sole purpose of creating
  19:Generated_Source\PSoC4/CapSense_1_Tuner.c **** * custom software in support of licensee product to be used only in conjunction
  20:Generated_Source\PSoC4/CapSense_1_Tuner.c **** * with a Cypress integrated circuit as specified in the applicable agreement.
  21:Generated_Source\PSoC4/CapSense_1_Tuner.c **** * Any reproduction, modification, translation, compilation, or representation of
  22:Generated_Source\PSoC4/CapSense_1_Tuner.c **** * this software except as specified above is prohibited without the express
  23:Generated_Source\PSoC4/CapSense_1_Tuner.c **** * written permission of Cypress.
  24:Generated_Source\PSoC4/CapSense_1_Tuner.c **** *
  25:Generated_Source\PSoC4/CapSense_1_Tuner.c **** * Disclaimer: CYPRESS MAKES NO WARRANTY OF ANY KIND, EXPRESS OR IMPLIED, WITH
  26:Generated_Source\PSoC4/CapSense_1_Tuner.c **** * REGARD TO THIS MATERIAL, INCLUDING, BUT NOT LIMITED TO, THE IMPLIED
  27:Generated_Source\PSoC4/CapSense_1_Tuner.c **** * WARRANTIES OF MERCHANTABILITY AND FITNESS FOR A PARTICULAR PURPOSE.
  28:Generated_Source\PSoC4/CapSense_1_Tuner.c **** * Cypress reserves the right to make changes without further notice to the
  29:Generated_Source\PSoC4/CapSense_1_Tuner.c **** * materials described herein. Cypress does not assume any liability arising out
  30:Generated_Source\PSoC4/CapSense_1_Tuner.c **** * of the application or use of any product or circuit described herein. Cypress
ARM GAS  C:\Users\bryan.lee\AppData\Local\Temp\cc0DELWF.s 			page 2


  31:Generated_Source\PSoC4/CapSense_1_Tuner.c **** * does not authorize its products for use as critical components in life-support
  32:Generated_Source\PSoC4/CapSense_1_Tuner.c **** * systems where a malfunction or failure may reasonably be expected to result in
  33:Generated_Source\PSoC4/CapSense_1_Tuner.c **** * significant injury to the user. The inclusion of Cypress' product in a life-
  34:Generated_Source\PSoC4/CapSense_1_Tuner.c **** * support systems application implies that the manufacturer assumes all risk of
  35:Generated_Source\PSoC4/CapSense_1_Tuner.c **** * such use and in doing so indemnifies Cypress against all charges. Use may be
  36:Generated_Source\PSoC4/CapSense_1_Tuner.c **** * limited by and subject to the applicable Cypress software license agreement.
  37:Generated_Source\PSoC4/CapSense_1_Tuner.c **** *******************************************************************************/
  38:Generated_Source\PSoC4/CapSense_1_Tuner.c **** 
  39:Generated_Source\PSoC4/CapSense_1_Tuner.c **** #include "cytypes.h"
  40:Generated_Source\PSoC4/CapSense_1_Tuner.c **** #include "CyLib.h"
  41:Generated_Source\PSoC4/CapSense_1_Tuner.c **** #include "CapSense_1_Structure.h"
  42:Generated_Source\PSoC4/CapSense_1_Tuner.c **** #include "CapSense_1_Tuner.h"
  43:Generated_Source\PSoC4/CapSense_1_Tuner.c **** #include "CapSense_1_Control.h"
  44:Generated_Source\PSoC4/CapSense_1_Tuner.c **** #include "CapSense_1_Configuration.h"
  45:Generated_Source\PSoC4/CapSense_1_Tuner.c **** 
  46:Generated_Source\PSoC4/CapSense_1_Tuner.c **** /* Tuner states definition */
  47:Generated_Source\PSoC4/CapSense_1_Tuner.c **** #define TU_FSM_RUNNING      (0u)
  48:Generated_Source\PSoC4/CapSense_1_Tuner.c **** #define TU_FSM_SUSPENDED    (1u)
  49:Generated_Source\PSoC4/CapSense_1_Tuner.c **** #define TU_FSM_SNR_TEST     (2u)
  50:Generated_Source\PSoC4/CapSense_1_Tuner.c **** #define TU_FSM_ONE_SCAN     (3u)
  51:Generated_Source\PSoC4/CapSense_1_Tuner.c **** 
  52:Generated_Source\PSoC4/CapSense_1_Tuner.c **** /* Tuner state variable */
  53:Generated_Source\PSoC4/CapSense_1_Tuner.c **** static uint32 tunerFsm = TU_FSM_RUNNING;
  54:Generated_Source\PSoC4/CapSense_1_Tuner.c **** 
  55:Generated_Source\PSoC4/CapSense_1_Tuner.c **** 
  56:Generated_Source\PSoC4/CapSense_1_Tuner.c **** /*******************************************************************************
  57:Generated_Source\PSoC4/CapSense_1_Tuner.c **** * Function Name: CapSense_1_TuInitialize
  58:Generated_Source\PSoC4/CapSense_1_Tuner.c **** ****************************************************************************//**
  59:Generated_Source\PSoC4/CapSense_1_Tuner.c **** *
  60:Generated_Source\PSoC4/CapSense_1_Tuner.c **** * \brief
  61:Generated_Source\PSoC4/CapSense_1_Tuner.c **** *   This function initializes the communication interface with the Tuner GUI.
  62:Generated_Source\PSoC4/CapSense_1_Tuner.c **** *
  63:Generated_Source\PSoC4/CapSense_1_Tuner.c **** * \details
  64:Generated_Source\PSoC4/CapSense_1_Tuner.c **** *   This API sets the tuner state machine to the default state. It is called by
  65:Generated_Source\PSoC4/CapSense_1_Tuner.c **** *   the CapSense_1_Start() API.
  66:Generated_Source\PSoC4/CapSense_1_Tuner.c **** *
  67:Generated_Source\PSoC4/CapSense_1_Tuner.c **** *******************************************************************************/
  68:Generated_Source\PSoC4/CapSense_1_Tuner.c **** void CapSense_1_TuInitialize(void)
  69:Generated_Source\PSoC4/CapSense_1_Tuner.c **** {
  28              		.loc 1 69 0
  29              		.cfi_startproc
  30              		@ args = 0, pretend = 0, frame = 0
  31              		@ frame_needed = 0, uses_anonymous_args = 0
  32              		@ link register save eliminated.
  33              	.LVL0:
  70:Generated_Source\PSoC4/CapSense_1_Tuner.c ****     volatile CapSense_1_RAM_STRUCT *ptrDsRam = &CapSense_1_dsRam;
  71:Generated_Source\PSoC4/CapSense_1_Tuner.c **** 
  72:Generated_Source\PSoC4/CapSense_1_Tuner.c ****     ptrDsRam->tunerCmd = (uint16)CapSense_1_TU_CMD_NONE_E;
  34              		.loc 1 72 0
  35 0000 0023     		movs	r3, #0
  36 0002 024A     		ldr	r2, .L2
  37 0004 D380     		strh	r3, [r2, #6]
  73:Generated_Source\PSoC4/CapSense_1_Tuner.c ****     tunerFsm = TU_FSM_RUNNING;
  38              		.loc 1 73 0
  39 0006 024A     		ldr	r2, .L2+4
  40 0008 1360     		str	r3, [r2]
  74:Generated_Source\PSoC4/CapSense_1_Tuner.c **** }
ARM GAS  C:\Users\bryan.lee\AppData\Local\Temp\cc0DELWF.s 			page 3


  41              		.loc 1 74 0
  42              		@ sp needed
  43 000a 7047     		bx	lr
  44              	.L3:
  45              		.align	2
  46              	.L2:
  47 000c 00000000 		.word	CapSense_1_dsRam
  48 0010 00000000 		.word	.LANCHOR0
  49              		.cfi_endproc
  50              	.LFE2:
  51              		.size	CapSense_1_TuInitialize, .-CapSense_1_TuInitialize
  52              		.section	.text.CapSense_1_RunTuner,"ax",%progbits
  53              		.align	2
  54              		.global	CapSense_1_RunTuner
  55              		.code	16
  56              		.thumb_func
  57              		.type	CapSense_1_RunTuner, %function
  58              	CapSense_1_RunTuner:
  59              	.LFB3:
  75:Generated_Source\PSoC4/CapSense_1_Tuner.c **** 
  76:Generated_Source\PSoC4/CapSense_1_Tuner.c **** /*******************************************************************************
  77:Generated_Source\PSoC4/CapSense_1_Tuner.c **** * Function Name: CapSense_1_RunTuner
  78:Generated_Source\PSoC4/CapSense_1_Tuner.c **** ****************************************************************************//**
  79:Generated_Source\PSoC4/CapSense_1_Tuner.c **** *
  80:Generated_Source\PSoC4/CapSense_1_Tuner.c **** * \brief
  81:Generated_Source\PSoC4/CapSense_1_Tuner.c **** *  Establishes synchronized communication with the Tuner application.
  82:Generated_Source\PSoC4/CapSense_1_Tuner.c **** *
  83:Generated_Source\PSoC4/CapSense_1_Tuner.c **** * \details
  84:Generated_Source\PSoC4/CapSense_1_Tuner.c **** *  This function is used to establish synchronized communication between the
  85:Generated_Source\PSoC4/CapSense_1_Tuner.c **** *  CapSense_1 Component and Tuner application (or other host controllers).
  86:Generated_Source\PSoC4/CapSense_1_Tuner.c **** *  This function is called periodically in the application program loop
  87:Generated_Source\PSoC4/CapSense_1_Tuner.c **** *  to serve the Tuner application (or host controller) requests and commands.
  88:Generated_Source\PSoC4/CapSense_1_Tuner.c **** *  In most cases, the best place to call this function is after processing and
  89:Generated_Source\PSoC4/CapSense_1_Tuner.c **** *  before next scanning.
  90:Generated_Source\PSoC4/CapSense_1_Tuner.c **** *
  91:Generated_Source\PSoC4/CapSense_1_Tuner.c **** *  If this function is absent in the application program, then communication is
  92:Generated_Source\PSoC4/CapSense_1_Tuner.c **** *  asynchronous and the following disadvantages are applicable:
  93:Generated_Source\PSoC4/CapSense_1_Tuner.c **** *    - The raw counts displayed in the tuner may be filtered and/or unfiltered.
  94:Generated_Source\PSoC4/CapSense_1_Tuner.c **** *      As a result, noise and SNR measurements will not be accurate.
  95:Generated_Source\PSoC4/CapSense_1_Tuner.c **** *    - The Tuner tool may read the sensor data such as raw counts from a scan
  96:Generated_Source\PSoC4/CapSense_1_Tuner.c **** *      multiple times, as a result, noise and SNR measurement will not be
  97:Generated_Source\PSoC4/CapSense_1_Tuner.c **** *      accurate.
  98:Generated_Source\PSoC4/CapSense_1_Tuner.c **** *    - The Tuner tool and host controller should not change the Component parameters
  99:Generated_Source\PSoC4/CapSense_1_Tuner.c **** *      via the tuner interface. Changing the Component parameters via the tuner
 100:Generated_Source\PSoC4/CapSense_1_Tuner.c **** *      interface in the async mode will result in Component abnormal behavior.
 101:Generated_Source\PSoC4/CapSense_1_Tuner.c **** *
 102:Generated_Source\PSoC4/CapSense_1_Tuner.c **** *  Note that calling this function is not mandatory for the application, but
 103:Generated_Source\PSoC4/CapSense_1_Tuner.c **** *  required only to synchronize the communication with the host controller or
 104:Generated_Source\PSoC4/CapSense_1_Tuner.c **** *  tuner application.
 105:Generated_Source\PSoC4/CapSense_1_Tuner.c **** *
 106:Generated_Source\PSoC4/CapSense_1_Tuner.c **** * \return
 107:Generated_Source\PSoC4/CapSense_1_Tuner.c **** *  In some cases, the application program may need to know if the Component was
 108:Generated_Source\PSoC4/CapSense_1_Tuner.c **** *  re-initialized. The return indicates if a restart command was executed or not:
 109:Generated_Source\PSoC4/CapSense_1_Tuner.c **** *    - CapSense_1_STATUS_RESTART_DONE - Based on a received command, the
 110:Generated_Source\PSoC4/CapSense_1_Tuner.c **** *      Component was restarted.
 111:Generated_Source\PSoC4/CapSense_1_Tuner.c **** *    -  CapSense_1_STATUS_RESTART_NONE - No restart was executed by this
 112:Generated_Source\PSoC4/CapSense_1_Tuner.c **** *      function.
ARM GAS  C:\Users\bryan.lee\AppData\Local\Temp\cc0DELWF.s 			page 4


 113:Generated_Source\PSoC4/CapSense_1_Tuner.c **** *
 114:Generated_Source\PSoC4/CapSense_1_Tuner.c **** *******************************************************************************/
 115:Generated_Source\PSoC4/CapSense_1_Tuner.c **** uint32 CapSense_1_RunTuner(void)
 116:Generated_Source\PSoC4/CapSense_1_Tuner.c **** {
  60              		.loc 1 116 0
  61              		.cfi_startproc
  62              		@ args = 0, pretend = 0, frame = 0
  63              		@ frame_needed = 0, uses_anonymous_args = 0
  64 0000 70B5     		push	{r4, r5, r6, lr}
  65              		.cfi_def_cfa_offset 16
  66              		.cfi_offset 4, -16
  67              		.cfi_offset 5, -12
  68              		.cfi_offset 6, -8
  69              		.cfi_offset 14, -4
  70              	.LVL1:
 117:Generated_Source\PSoC4/CapSense_1_Tuner.c ****     uint8 interruptState;
 118:Generated_Source\PSoC4/CapSense_1_Tuner.c ****     uint32 widgetId;
 119:Generated_Source\PSoC4/CapSense_1_Tuner.c ****     uint32 sensorId;
 120:Generated_Source\PSoC4/CapSense_1_Tuner.c ****     uint32 updateFlag = 0Lu;
 121:Generated_Source\PSoC4/CapSense_1_Tuner.c ****     CapSense_1_TU_CMD_ENUM command;
 122:Generated_Source\PSoC4/CapSense_1_Tuner.c ****     uint32 tunerStatus = CapSense_1_STATUS_RESTART_NONE;
  71              		.loc 1 122 0
  72 0002 0025     		movs	r5, #0
 120:Generated_Source\PSoC4/CapSense_1_Tuner.c ****     CapSense_1_TU_CMD_ENUM command;
  73              		.loc 1 120 0
  74 0004 0026     		movs	r6, #0
  75              	.LVL2:
  76              	.L16:
 123:Generated_Source\PSoC4/CapSense_1_Tuner.c **** 
 124:Generated_Source\PSoC4/CapSense_1_Tuner.c ****     volatile CapSense_1_RAM_STRUCT *ptrDsRam;
 125:Generated_Source\PSoC4/CapSense_1_Tuner.c ****     volatile CapSense_1_RAM_SNS_STRUCT *ptrSnsTmp;
 126:Generated_Source\PSoC4/CapSense_1_Tuner.c **** 
 127:Generated_Source\PSoC4/CapSense_1_Tuner.c ****     ptrDsRam = &CapSense_1_dsRam;
 128:Generated_Source\PSoC4/CapSense_1_Tuner.c **** 
 129:Generated_Source\PSoC4/CapSense_1_Tuner.c ****     do
 130:Generated_Source\PSoC4/CapSense_1_Tuner.c ****     {
 131:Generated_Source\PSoC4/CapSense_1_Tuner.c ****         /* ONE_SCAN command could be interpreted as two commands:
 132:Generated_Source\PSoC4/CapSense_1_Tuner.c ****         * RESUME till next call of this function and then
 133:Generated_Source\PSoC4/CapSense_1_Tuner.c ****         * SUSPEND till next command receiving.
 134:Generated_Source\PSoC4/CapSense_1_Tuner.c ****         */
 135:Generated_Source\PSoC4/CapSense_1_Tuner.c ****         if (TU_FSM_ONE_SCAN == tunerFsm)
  77              		.loc 1 135 0
  78 0006 3B4B     		ldr	r3, .L18
  79 0008 1B68     		ldr	r3, [r3]
  80 000a 032B     		cmp	r3, #3
  81 000c 06D1     		bne	.L5
 136:Generated_Source\PSoC4/CapSense_1_Tuner.c ****         {
 137:Generated_Source\PSoC4/CapSense_1_Tuner.c ****             interruptState = CyEnterCriticalSection();
  82              		.loc 1 137 0
  83 000e FFF7FEFF 		bl	CyEnterCriticalSection
  84              	.LVL3:
 138:Generated_Source\PSoC4/CapSense_1_Tuner.c ****             ptrDsRam->tunerCmd = (uint16)CapSense_1_TU_CMD_SUSPEND_E;
  85              		.loc 1 138 0
  86 0012 0122     		movs	r2, #1
  87 0014 384B     		ldr	r3, .L18+4
  88 0016 DA80     		strh	r2, [r3, #6]
 139:Generated_Source\PSoC4/CapSense_1_Tuner.c ****             CyExitCriticalSection(interruptState);
ARM GAS  C:\Users\bryan.lee\AppData\Local\Temp\cc0DELWF.s 			page 5


  89              		.loc 1 139 0
  90 0018 FFF7FEFF 		bl	CyExitCriticalSection
  91              	.LVL4:
  92              	.L5:
 140:Generated_Source\PSoC4/CapSense_1_Tuner.c ****         }
 141:Generated_Source\PSoC4/CapSense_1_Tuner.c ****         command = (CapSense_1_TU_CMD_ENUM)ptrDsRam->tunerCmd;
  93              		.loc 1 141 0
  94 001c 364B     		ldr	r3, .L18+4
  95 001e DC88     		ldrh	r4, [r3, #6]
  96 0020 E4B2     		uxtb	r4, r4
  97              	.LVL5:
 142:Generated_Source\PSoC4/CapSense_1_Tuner.c **** 
 143:Generated_Source\PSoC4/CapSense_1_Tuner.c ****         /* Check command register */
 144:Generated_Source\PSoC4/CapSense_1_Tuner.c ****         switch (command)
  98              		.loc 1 144 0
  99 0022 062C     		cmp	r4, #6
 100 0024 23D8     		bhi	.L6
 101 0026 A300     		lsls	r3, r4, #2
 102 0028 344A     		ldr	r2, .L18+8
 103 002a D358     		ldr	r3, [r2, r3]
 104 002c 9F46     		mov	pc, r3
 105              		.section	.rodata
 106              		.align	2
 107              	.L8:
 108 0000 6E000000 		.word	.L6
 109 0004 2E000000 		.word	.L7
 110 0008 38000000 		.word	.L9
 111 000c 42000000 		.word	.L10
 112 0010 52000000 		.word	.L11
 113 0014 5C000000 		.word	.L12
 114 0018 66000000 		.word	.L13
 115              		.section	.text.CapSense_1_RunTuner
 116              	.L7:
 145:Generated_Source\PSoC4/CapSense_1_Tuner.c ****         {
 146:Generated_Source\PSoC4/CapSense_1_Tuner.c ****         case CapSense_1_TU_CMD_SUSPEND_E:
 147:Generated_Source\PSoC4/CapSense_1_Tuner.c ****             tunerFsm = TU_FSM_SUSPENDED;
 117              		.loc 1 147 0
 118 002e 0122     		movs	r2, #1
 119 0030 304B     		ldr	r3, .L18
 120 0032 1A60     		str	r2, [r3]
 121              	.LVL6:
 148:Generated_Source\PSoC4/CapSense_1_Tuner.c ****             updateFlag = 1Lu;
 122              		.loc 1 148 0
 123 0034 0126     		movs	r6, #1
 149:Generated_Source\PSoC4/CapSense_1_Tuner.c ****             break;
 124              		.loc 1 149 0
 125 0036 1AE0     		b	.L6
 126              	.LVL7:
 127              	.L9:
 150:Generated_Source\PSoC4/CapSense_1_Tuner.c **** 
 151:Generated_Source\PSoC4/CapSense_1_Tuner.c ****         case CapSense_1_TU_CMD_RESUME_E:
 152:Generated_Source\PSoC4/CapSense_1_Tuner.c ****             tunerFsm = TU_FSM_RUNNING;
 128              		.loc 1 152 0
 129 0038 0022     		movs	r2, #0
 130 003a 2E4B     		ldr	r3, .L18
 131 003c 1A60     		str	r2, [r3]
 132              	.LVL8:
ARM GAS  C:\Users\bryan.lee\AppData\Local\Temp\cc0DELWF.s 			page 6


 153:Generated_Source\PSoC4/CapSense_1_Tuner.c ****             updateFlag = 1Lu;
 133              		.loc 1 153 0
 134 003e 0126     		movs	r6, #1
 154:Generated_Source\PSoC4/CapSense_1_Tuner.c ****             break;
 135              		.loc 1 154 0
 136 0040 15E0     		b	.L6
 137              	.LVL9:
 138              	.L10:
 155:Generated_Source\PSoC4/CapSense_1_Tuner.c **** 
 156:Generated_Source\PSoC4/CapSense_1_Tuner.c ****         case CapSense_1_TU_CMD_RESTART_E:
 157:Generated_Source\PSoC4/CapSense_1_Tuner.c ****             (void)CapSense_1_Start();
 139              		.loc 1 157 0
 140 0042 FFF7FEFF 		bl	CapSense_1_Start
 141              	.LVL10:
 158:Generated_Source\PSoC4/CapSense_1_Tuner.c ****             tunerStatus = CapSense_1_STATUS_RESTART_DONE;
 159:Generated_Source\PSoC4/CapSense_1_Tuner.c ****             tunerFsm = TU_FSM_RUNNING;
 142              		.loc 1 159 0
 143 0046 0022     		movs	r2, #0
 144 0048 2A4B     		ldr	r3, .L18
 145 004a 1A60     		str	r2, [r3]
 146              	.LVL11:
 158:Generated_Source\PSoC4/CapSense_1_Tuner.c ****             tunerStatus = CapSense_1_STATUS_RESTART_DONE;
 147              		.loc 1 158 0
 148 004c 0125     		movs	r5, #1
 160:Generated_Source\PSoC4/CapSense_1_Tuner.c ****             updateFlag = 1Lu;
 149              		.loc 1 160 0
 150 004e 0126     		movs	r6, #1
 161:Generated_Source\PSoC4/CapSense_1_Tuner.c ****             break;
 151              		.loc 1 161 0
 152 0050 0DE0     		b	.L6
 153              	.LVL12:
 154              	.L11:
 162:Generated_Source\PSoC4/CapSense_1_Tuner.c **** 
 163:Generated_Source\PSoC4/CapSense_1_Tuner.c ****         case CapSense_1_TU_CMD_RUN_SNR_TEST_E:
 164:Generated_Source\PSoC4/CapSense_1_Tuner.c ****             tunerFsm = TU_FSM_SNR_TEST;
 155              		.loc 1 164 0
 156 0052 0222     		movs	r2, #2
 157 0054 274B     		ldr	r3, .L18
 158 0056 1A60     		str	r2, [r3]
 159              	.LVL13:
 165:Generated_Source\PSoC4/CapSense_1_Tuner.c ****             updateFlag = 1Lu;
 160              		.loc 1 165 0
 161 0058 0126     		movs	r6, #1
 166:Generated_Source\PSoC4/CapSense_1_Tuner.c ****             break;
 162              		.loc 1 166 0
 163 005a 08E0     		b	.L6
 164              	.LVL14:
 165              	.L12:
 167:Generated_Source\PSoC4/CapSense_1_Tuner.c **** 
 168:Generated_Source\PSoC4/CapSense_1_Tuner.c ****         case CapSense_1_TU_CMD_PING_E:
 169:Generated_Source\PSoC4/CapSense_1_Tuner.c ****             tunerFsm = TU_FSM_RUNNING;
 166              		.loc 1 169 0
 167 005c 0022     		movs	r2, #0
 168 005e 254B     		ldr	r3, .L18
 169 0060 1A60     		str	r2, [r3]
 170              	.LVL15:
 170:Generated_Source\PSoC4/CapSense_1_Tuner.c ****             updateFlag = 1Lu;
ARM GAS  C:\Users\bryan.lee\AppData\Local\Temp\cc0DELWF.s 			page 7


 171              		.loc 1 170 0
 172 0062 0126     		movs	r6, #1
 171:Generated_Source\PSoC4/CapSense_1_Tuner.c ****             break;
 173              		.loc 1 171 0
 174 0064 03E0     		b	.L6
 175              	.LVL16:
 176              	.L13:
 172:Generated_Source\PSoC4/CapSense_1_Tuner.c **** 
 173:Generated_Source\PSoC4/CapSense_1_Tuner.c ****         case CapSense_1_TU_CMD_ONE_SCAN_E:
 174:Generated_Source\PSoC4/CapSense_1_Tuner.c ****             tunerFsm = TU_FSM_ONE_SCAN;
 177              		.loc 1 174 0
 178 0066 0322     		movs	r2, #3
 179 0068 224B     		ldr	r3, .L18
 180 006a 1A60     		str	r2, [r3]
 181              	.LVL17:
 175:Generated_Source\PSoC4/CapSense_1_Tuner.c ****             updateFlag = 0Lu;
 182              		.loc 1 175 0
 183 006c 0026     		movs	r6, #0
 184              	.LVL18:
 185              	.L6:
 176:Generated_Source\PSoC4/CapSense_1_Tuner.c ****             break;
 177:Generated_Source\PSoC4/CapSense_1_Tuner.c **** 
 178:Generated_Source\PSoC4/CapSense_1_Tuner.c ****         default:
 179:Generated_Source\PSoC4/CapSense_1_Tuner.c ****             break;
 180:Generated_Source\PSoC4/CapSense_1_Tuner.c ****         }
 181:Generated_Source\PSoC4/CapSense_1_Tuner.c **** 
 182:Generated_Source\PSoC4/CapSense_1_Tuner.c ****         /* Set Complete flag in command register if needed */
 183:Generated_Source\PSoC4/CapSense_1_Tuner.c ****         if (0Lu != updateFlag)
 186              		.loc 1 183 0
 187 006e 002E     		cmp	r6, #0
 188 0070 0FD0     		beq	.L14
 184:Generated_Source\PSoC4/CapSense_1_Tuner.c ****         {
 185:Generated_Source\PSoC4/CapSense_1_Tuner.c ****             interruptState = CyEnterCriticalSection();
 189              		.loc 1 185 0
 190 0072 FFF7FEFF 		bl	CyEnterCriticalSection
 191              	.LVL19:
 186:Generated_Source\PSoC4/CapSense_1_Tuner.c **** 
 187:Generated_Source\PSoC4/CapSense_1_Tuner.c ****             /* Check if command wasn't overwritten with new command */
 188:Generated_Source\PSoC4/CapSense_1_Tuner.c ****             if (command == (CapSense_1_TU_CMD_ENUM)ptrDsRam->tunerCmd)
 192              		.loc 1 188 0
 193 0076 204B     		ldr	r3, .L18+4
 194 0078 DB88     		ldrh	r3, [r3, #6]
 195 007a DBB2     		uxtb	r3, r3
 196 007c 9C42     		cmp	r4, r3
 197 007e 05D1     		bne	.L15
 189:Generated_Source\PSoC4/CapSense_1_Tuner.c ****             {
 190:Generated_Source\PSoC4/CapSense_1_Tuner.c ****                 ptrDsRam->tunerCmd |= CapSense_1_TU_CMD_COMPLETE_BIT;
 198              		.loc 1 190 0
 199 0080 1D4A     		ldr	r2, .L18+4
 200 0082 D188     		ldrh	r1, [r2, #6]
 201 0084 1E4B     		ldr	r3, .L18+12
 202 0086 0B43     		orrs	r3, r1
 203 0088 9BB2     		uxth	r3, r3
 204 008a D380     		strh	r3, [r2, #6]
 205              	.L15:
 191:Generated_Source\PSoC4/CapSense_1_Tuner.c ****             }
 192:Generated_Source\PSoC4/CapSense_1_Tuner.c ****             CyExitCriticalSection(interruptState);
ARM GAS  C:\Users\bryan.lee\AppData\Local\Temp\cc0DELWF.s 			page 8


 206              		.loc 1 192 0
 207 008c FFF7FEFF 		bl	CyExitCriticalSection
 208              	.LVL20:
 193:Generated_Source\PSoC4/CapSense_1_Tuner.c **** 
 194:Generated_Source\PSoC4/CapSense_1_Tuner.c ****             updateFlag = 0Lu;
 209              		.loc 1 194 0
 210 0090 0026     		movs	r6, #0
 211              	.LVL21:
 212              	.L14:
 195:Generated_Source\PSoC4/CapSense_1_Tuner.c ****         }
 196:Generated_Source\PSoC4/CapSense_1_Tuner.c ****     } while (TU_FSM_SUSPENDED == tunerFsm);
 213              		.loc 1 196 0
 214 0092 184B     		ldr	r3, .L18
 215 0094 1B68     		ldr	r3, [r3]
 216 0096 012B     		cmp	r3, #1
 217 0098 B5D0     		beq	.L16
 197:Generated_Source\PSoC4/CapSense_1_Tuner.c **** 
 198:Generated_Source\PSoC4/CapSense_1_Tuner.c ****     /* Check for SNR Test mode and do appropriate actions */
 199:Generated_Source\PSoC4/CapSense_1_Tuner.c ****     if (TU_FSM_SNR_TEST == tunerFsm)
 218              		.loc 1 199 0
 219 009a 022B     		cmp	r3, #2
 220 009c 28D1     		bne	.L17
 200:Generated_Source\PSoC4/CapSense_1_Tuner.c ****     {
 201:Generated_Source\PSoC4/CapSense_1_Tuner.c ****         widgetId = ptrDsRam->snrTestWidgetId;
 221              		.loc 1 201 0
 222 009e 164A     		ldr	r2, .L18+4
 223 00a0 3833     		adds	r3, r3, #56
 224 00a2 D35C     		ldrb	r3, [r2, r3]
 225 00a4 DBB2     		uxtb	r3, r3
 226              	.LVL22:
 202:Generated_Source\PSoC4/CapSense_1_Tuner.c ****         sensorId = ptrDsRam->snrTestSensorId;
 227              		.loc 1 202 0
 228 00a6 3B21     		movs	r1, #59
 229 00a8 525C     		ldrb	r2, [r2, r1]
 230 00aa D2B2     		uxtb	r2, r2
 231              	.LVL23:
 203:Generated_Source\PSoC4/CapSense_1_Tuner.c **** 
 204:Generated_Source\PSoC4/CapSense_1_Tuner.c ****         /* Check if widgetId and sensorId are in range,
 205:Generated_Source\PSoC4/CapSense_1_Tuner.c ****          * and data was updated in RAM (scan counter changed)
 206:Generated_Source\PSoC4/CapSense_1_Tuner.c ****          */
 207:Generated_Source\PSoC4/CapSense_1_Tuner.c ****         if ((widgetId < CapSense_1_TOTAL_WIDGETS)              &&
 232              		.loc 1 207 0
 233 00ac 002B     		cmp	r3, #0
 234 00ae 1FD1     		bne	.L17
 208:Generated_Source\PSoC4/CapSense_1_Tuner.c ****             (sensorId < CapSense_1_GET_SENSOR_COUNT(widgetId)) &&
 235              		.loc 1 208 0 discriminator 1
 236 00b0 5901     		lsls	r1, r3, #5
 237 00b2 1448     		ldr	r0, .L18+16
 238 00b4 4118     		adds	r1, r0, r1
 239 00b6 098B     		ldrh	r1, [r1, #24]
 207:Generated_Source\PSoC4/CapSense_1_Tuner.c ****             (sensorId < CapSense_1_GET_SENSOR_COUNT(widgetId)) &&
 240              		.loc 1 207 0 discriminator 1
 241 00b8 8A42     		cmp	r2, r1
 242 00ba 19D2     		bcs	.L17
 209:Generated_Source\PSoC4/CapSense_1_Tuner.c ****             (ptrDsRam->scanCounter != ptrDsRam->snrTestScanCounter))
 243              		.loc 1 209 0
 244 00bc 0E49     		ldr	r1, .L18+4
ARM GAS  C:\Users\bryan.lee\AppData\Local\Temp\cc0DELWF.s 			page 9


 245 00be 0889     		ldrh	r0, [r1, #8]
 246 00c0 80B2     		uxth	r0, r0
 247 00c2 898F     		ldrh	r1, [r1, #60]
 248 00c4 89B2     		uxth	r1, r1
 208:Generated_Source\PSoC4/CapSense_1_Tuner.c ****             (sensorId < CapSense_1_GET_SENSOR_COUNT(widgetId)) &&
 249              		.loc 1 208 0
 250 00c6 8842     		cmp	r0, r1
 251 00c8 12D0     		beq	.L17
 210:Generated_Source\PSoC4/CapSense_1_Tuner.c ****         {
 211:Generated_Source\PSoC4/CapSense_1_Tuner.c ****             /* Get access to the Sensor Object */
 212:Generated_Source\PSoC4/CapSense_1_Tuner.c ****             ptrSnsTmp = CapSense_1_dsFlash.wdgtArray[widgetId].ptr2SnsRam;
 252              		.loc 1 212 0
 253 00ca 5B01     		lsls	r3, r3, #5
 254              	.LVL24:
 255 00cc 0D49     		ldr	r1, .L18+16
 256 00ce CB18     		adds	r3, r1, r3
 257 00d0 9C68     		ldr	r4, [r3, #8]
 258              	.LVL25:
 213:Generated_Source\PSoC4/CapSense_1_Tuner.c ****             ptrSnsTmp += sensorId;
 259              		.loc 1 213 0
 260 00d2 9300     		lsls	r3, r2, #2
 261 00d4 9A18     		adds	r2, r3, r2
 262              	.LVL26:
 263 00d6 5300     		lsls	r3, r2, #1
 264 00d8 E418     		adds	r4, r4, r3
 265              	.LVL27:
 214:Generated_Source\PSoC4/CapSense_1_Tuner.c **** 
 215:Generated_Source\PSoC4/CapSense_1_Tuner.c ****             /* Update data in SNR Test Object */
 216:Generated_Source\PSoC4/CapSense_1_Tuner.c ****             interruptState = CyEnterCriticalSection();
 266              		.loc 1 216 0
 267 00da FFF7FEFF 		bl	CyEnterCriticalSection
 268              	.LVL28:
 217:Generated_Source\PSoC4/CapSense_1_Tuner.c ****             ptrDsRam->snrTestScanCounter = ptrDsRam->scanCounter;
 269              		.loc 1 217 0
 270 00de 064B     		ldr	r3, .L18+4
 271 00e0 1A89     		ldrh	r2, [r3, #8]
 272 00e2 92B2     		uxth	r2, r2
 273 00e4 9A87     		strh	r2, [r3, #60]
 218:Generated_Source\PSoC4/CapSense_1_Tuner.c ****             ptrDsRam->snrTestRawCount[0u] = ptrSnsTmp->raw[0u];
 274              		.loc 1 218 0
 275 00e6 2288     		ldrh	r2, [r4]
 276 00e8 92B2     		uxth	r2, r2
 277 00ea DA87     		strh	r2, [r3, #62]
 219:Generated_Source\PSoC4/CapSense_1_Tuner.c **** 
 220:Generated_Source\PSoC4/CapSense_1_Tuner.c ****             #if (0u != CapSense_1_MULTI_FREQ_SCAN_EN)
 221:Generated_Source\PSoC4/CapSense_1_Tuner.c ****                 ptrDsRam->snrTestRawCount[1u] = ptrSnsTmp->raw[1u];
 222:Generated_Source\PSoC4/CapSense_1_Tuner.c ****                 ptrDsRam->snrTestRawCount[2u] = ptrSnsTmp->raw[2u];
 223:Generated_Source\PSoC4/CapSense_1_Tuner.c ****             #endif
 224:Generated_Source\PSoC4/CapSense_1_Tuner.c **** 
 225:Generated_Source\PSoC4/CapSense_1_Tuner.c ****             CyExitCriticalSection(interruptState);
 278              		.loc 1 225 0
 279 00ec FFF7FEFF 		bl	CyExitCriticalSection
 280              	.LVL29:
 281              	.L17:
 226:Generated_Source\PSoC4/CapSense_1_Tuner.c ****         }
 227:Generated_Source\PSoC4/CapSense_1_Tuner.c ****     }
 228:Generated_Source\PSoC4/CapSense_1_Tuner.c ****     return tunerStatus;
ARM GAS  C:\Users\bryan.lee\AppData\Local\Temp\cc0DELWF.s 			page 10


 229:Generated_Source\PSoC4/CapSense_1_Tuner.c **** }
 282              		.loc 1 229 0
 283 00f0 2800     		movs	r0, r5
 284              		@ sp needed
 285              	.LVL30:
 286              	.LVL31:
 287 00f2 70BD     		pop	{r4, r5, r6, pc}
 288              	.L19:
 289              		.align	2
 290              	.L18:
 291 00f4 00000000 		.word	.LANCHOR0
 292 00f8 00000000 		.word	CapSense_1_dsRam
 293 00fc 00000000 		.word	.L8
 294 0100 0080FFFF 		.word	-32768
 295 0104 00000000 		.word	CapSense_1_dsFlash
 296              		.cfi_endproc
 297              	.LFE3:
 298              		.size	CapSense_1_RunTuner, .-CapSense_1_RunTuner
 299              		.bss
 300              		.align	2
 301              		.set	.LANCHOR0,. + 0
 302              		.type	tunerFsm, %object
 303              		.size	tunerFsm, 4
 304              	tunerFsm:
 305 0000 00000000 		.space	4
 306              		.text
 307              	.Letext0:
 308              		.file 2 "Generated_Source\\PSoC4\\cytypes.h"
 309              		.file 3 "Generated_Source\\PSoC4\\CapSense_1_Configuration.h"
 310              		.file 4 "Generated_Source\\PSoC4\\CapSense_1_SmartSense_LL.h"
 311              		.file 5 "Generated_Source\\PSoC4\\CapSense_1_Structure.h"
 312              		.file 6 "Generated_Source\\PSoC4\\CapSense_1_Tuner.h"
 313              		.file 7 "Generated_Source\\PSoC4\\CyLib.h"
 314              		.file 8 "Generated_Source\\PSoC4\\CapSense_1_Control.h"
 315              		.section	.debug_info,"",%progbits
 316              	.Ldebug_info0:
 317 0000 46060000 		.4byte	0x646
 318 0004 0400     		.2byte	0x4
 319 0006 00000000 		.4byte	.Ldebug_abbrev0
 320 000a 04       		.byte	0x4
 321 000b 01       		.uleb128 0x1
 322 000c 7E010000 		.4byte	.LASF102
 323 0010 0C       		.byte	0xc
 324 0011 E4040000 		.4byte	.LASF103
 325 0015 D1050000 		.4byte	.LASF104
 326 0019 00000000 		.4byte	.Ldebug_ranges0+0
 327 001d 00000000 		.4byte	0
 328 0021 00000000 		.4byte	.Ldebug_line0
 329 0025 02       		.uleb128 0x2
 330 0026 01       		.byte	0x1
 331 0027 06       		.byte	0x6
 332 0028 B8030000 		.4byte	.LASF0
 333 002c 02       		.uleb128 0x2
 334 002d 01       		.byte	0x1
 335 002e 08       		.byte	0x8
 336 002f 8D030000 		.4byte	.LASF1
 337 0033 02       		.uleb128 0x2
ARM GAS  C:\Users\bryan.lee\AppData\Local\Temp\cc0DELWF.s 			page 11


 338 0034 02       		.byte	0x2
 339 0035 05       		.byte	0x5
 340 0036 76000000 		.4byte	.LASF2
 341 003a 02       		.uleb128 0x2
 342 003b 02       		.byte	0x2
 343 003c 07       		.byte	0x7
 344 003d 51040000 		.4byte	.LASF3
 345 0041 02       		.uleb128 0x2
 346 0042 04       		.byte	0x4
 347 0043 05       		.byte	0x5
 348 0044 4C060000 		.4byte	.LASF4
 349 0048 02       		.uleb128 0x2
 350 0049 04       		.byte	0x4
 351 004a 07       		.byte	0x7
 352 004b 2D040000 		.4byte	.LASF5
 353 004f 02       		.uleb128 0x2
 354 0050 08       		.byte	0x8
 355 0051 05       		.byte	0x5
 356 0052 0A010000 		.4byte	.LASF6
 357 0056 02       		.uleb128 0x2
 358 0057 08       		.byte	0x8
 359 0058 07       		.byte	0x7
 360 0059 E1030000 		.4byte	.LASF7
 361 005d 03       		.uleb128 0x3
 362 005e 04       		.byte	0x4
 363 005f 05       		.byte	0x5
 364 0060 696E7400 		.ascii	"int\000"
 365 0064 02       		.uleb128 0x2
 366 0065 04       		.byte	0x4
 367 0066 07       		.byte	0x7
 368 0067 20040000 		.4byte	.LASF8
 369 006b 04       		.uleb128 0x4
 370 006c 2F020000 		.4byte	.LASF9
 371 0070 02       		.byte	0x2
 372 0071 E401     		.2byte	0x1e4
 373 0073 2C000000 		.4byte	0x2c
 374 0077 04       		.uleb128 0x4
 375 0078 77010000 		.4byte	.LASF10
 376 007c 02       		.byte	0x2
 377 007d E501     		.2byte	0x1e5
 378 007f 3A000000 		.4byte	0x3a
 379 0083 04       		.uleb128 0x4
 380 0084 39050000 		.4byte	.LASF11
 381 0088 02       		.byte	0x2
 382 0089 E601     		.2byte	0x1e6
 383 008b 48000000 		.4byte	0x48
 384 008f 02       		.uleb128 0x2
 385 0090 04       		.byte	0x4
 386 0091 04       		.byte	0x4
 387 0092 70020000 		.4byte	.LASF12
 388 0096 02       		.uleb128 0x2
 389 0097 08       		.byte	0x8
 390 0098 04       		.byte	0x4
 391 0099 49050000 		.4byte	.LASF13
 392 009d 02       		.uleb128 0x2
 393 009e 01       		.byte	0x1
 394 009f 08       		.byte	0x8
ARM GAS  C:\Users\bryan.lee\AppData\Local\Temp\cc0DELWF.s 			page 12


 395 00a0 9F020000 		.4byte	.LASF14
 396 00a4 05       		.uleb128 0x5
 397 00a5 83000000 		.4byte	0x83
 398 00a9 02       		.uleb128 0x2
 399 00aa 08       		.byte	0x8
 400 00ab 04       		.byte	0x4
 401 00ac 47030000 		.4byte	.LASF15
 402 00b0 02       		.uleb128 0x2
 403 00b1 04       		.byte	0x4
 404 00b2 07       		.byte	0x7
 405 00b3 9C000000 		.4byte	.LASF16
 406 00b7 06       		.uleb128 0x6
 407 00b8 04       		.byte	0x4
 408 00b9 07       		.uleb128 0x7
 409 00ba 27000000 		.4byte	.LASF17
 410 00be 03       		.byte	0x3
 411 00bf FD       		.byte	0xfd
 412 00c0 77000000 		.4byte	0x77
 413 00c4 04       		.uleb128 0x4
 414 00c5 C4030000 		.4byte	.LASF18
 415 00c9 03       		.byte	0x3
 416 00ca 0101     		.2byte	0x101
 417 00cc 6B000000 		.4byte	0x6b
 418 00d0 08       		.uleb128 0x8
 419 00d1 0C       		.byte	0xc
 420 00d2 04       		.byte	0x4
 421 00d3 6E       		.byte	0x6e
 422 00d4 2D010000 		.4byte	0x12d
 423 00d8 09       		.uleb128 0x9
 424 00d9 18010000 		.4byte	.LASF19
 425 00dd 04       		.byte	0x4
 426 00de 73       		.byte	0x73
 427 00df 77000000 		.4byte	0x77
 428 00e3 00       		.byte	0
 429 00e4 09       		.uleb128 0x9
 430 00e5 4A040000 		.4byte	.LASF20
 431 00e9 04       		.byte	0x4
 432 00ea 77       		.byte	0x77
 433 00eb 77000000 		.4byte	0x77
 434 00ef 02       		.byte	0x2
 435 00f0 09       		.uleb128 0x9
 436 00f1 2C010000 		.4byte	.LASF21
 437 00f5 04       		.byte	0x4
 438 00f6 7B       		.byte	0x7b
 439 00f7 77000000 		.4byte	0x77
 440 00fb 04       		.byte	0x4
 441 00fc 09       		.uleb128 0x9
 442 00fd 33010000 		.4byte	.LASF22
 443 0101 04       		.byte	0x4
 444 0102 7F       		.byte	0x7f
 445 0103 77000000 		.4byte	0x77
 446 0107 06       		.byte	0x6
 447 0108 09       		.uleb128 0x9
 448 0109 3A010000 		.4byte	.LASF23
 449 010d 04       		.byte	0x4
 450 010e 83       		.byte	0x83
 451 010f 77000000 		.4byte	0x77
ARM GAS  C:\Users\bryan.lee\AppData\Local\Temp\cc0DELWF.s 			page 13


 452 0113 08       		.byte	0x8
 453 0114 09       		.uleb128 0x9
 454 0115 41010000 		.4byte	.LASF24
 455 0119 04       		.byte	0x4
 456 011a 87       		.byte	0x87
 457 011b 6B000000 		.4byte	0x6b
 458 011f 0A       		.byte	0xa
 459 0120 09       		.uleb128 0x9
 460 0121 48010000 		.4byte	.LASF25
 461 0125 04       		.byte	0x4
 462 0126 8B       		.byte	0x8b
 463 0127 6B000000 		.4byte	0x6b
 464 012b 0B       		.byte	0xb
 465 012c 00       		.byte	0
 466 012d 07       		.uleb128 0x7
 467 012e 61060000 		.4byte	.LASF26
 468 0132 04       		.byte	0x4
 469 0133 8C       		.byte	0x8c
 470 0134 D0000000 		.4byte	0xd0
 471 0138 0A       		.uleb128 0xa
 472 0139 6B000000 		.4byte	0x6b
 473 013d 48010000 		.4byte	0x148
 474 0141 0B       		.uleb128 0xb
 475 0142 B0000000 		.4byte	0xb0
 476 0146 00       		.byte	0
 477 0147 00       		.byte	0
 478 0148 08       		.uleb128 0x8
 479 0149 12       		.byte	0x12
 480 014a 05       		.byte	0x5
 481 014b D9       		.byte	0xd9
 482 014c E7010000 		.4byte	0x1e7
 483 0150 09       		.uleb128 0x9
 484 0151 A5000000 		.4byte	.LASF27
 485 0155 05       		.byte	0x5
 486 0156 DE       		.byte	0xde
 487 0157 77000000 		.4byte	0x77
 488 015b 00       		.byte	0
 489 015c 09       		.uleb128 0x9
 490 015d E3020000 		.4byte	.LASF28
 491 0161 05       		.byte	0x5
 492 0162 E3       		.byte	0xe3
 493 0163 B9000000 		.4byte	0xb9
 494 0167 02       		.byte	0x2
 495 0168 09       		.uleb128 0x9
 496 0169 66010000 		.4byte	.LASF29
 497 016d 05       		.byte	0x5
 498 016e E8       		.byte	0xe8
 499 016f 6B000000 		.4byte	0x6b
 500 0173 04       		.byte	0x4
 501 0174 09       		.uleb128 0x9
 502 0175 1A050000 		.4byte	.LASF30
 503 0179 05       		.byte	0x5
 504 017a ED       		.byte	0xed
 505 017b 6B000000 		.4byte	0x6b
 506 017f 05       		.byte	0x5
 507 0180 09       		.uleb128 0x9
 508 0181 33030000 		.4byte	.LASF31
ARM GAS  C:\Users\bryan.lee\AppData\Local\Temp\cc0DELWF.s 			page 14


 509 0185 05       		.byte	0x5
 510 0186 F3       		.byte	0xf3
 511 0187 6B000000 		.4byte	0x6b
 512 018b 06       		.byte	0x6
 513 018c 09       		.uleb128 0x9
 514 018d 91000000 		.4byte	.LASF32
 515 0191 05       		.byte	0x5
 516 0192 F9       		.byte	0xf9
 517 0193 6B000000 		.4byte	0x6b
 518 0197 07       		.byte	0x7
 519 0198 0C       		.uleb128 0xc
 520 0199 41000000 		.4byte	.LASF33
 521 019d 05       		.byte	0x5
 522 019e 0001     		.2byte	0x100
 523 01a0 C4000000 		.4byte	0xc4
 524 01a4 08       		.byte	0x8
 525 01a5 0C       		.uleb128 0xc
 526 01a6 6E000000 		.4byte	.LASF34
 527 01aa 05       		.byte	0x5
 528 01ab 0701     		.2byte	0x107
 529 01ad 38010000 		.4byte	0x138
 530 01b1 09       		.byte	0x9
 531 01b2 0C       		.uleb128 0xc
 532 01b3 60020000 		.4byte	.LASF35
 533 01b7 05       		.byte	0x5
 534 01b8 0F01     		.2byte	0x10f
 535 01ba 77000000 		.4byte	0x77
 536 01be 0A       		.byte	0xa
 537 01bf 0C       		.uleb128 0xc
 538 01c0 1F010000 		.4byte	.LASF36
 539 01c4 05       		.byte	0x5
 540 01c5 1401     		.2byte	0x114
 541 01c7 6B000000 		.4byte	0x6b
 542 01cb 0C       		.byte	0xc
 543 01cc 0C       		.uleb128 0xc
 544 01cd C7050000 		.4byte	.LASF37
 545 01d1 05       		.byte	0x5
 546 01d2 1A01     		.2byte	0x11a
 547 01d4 77000000 		.4byte	0x77
 548 01d8 0E       		.byte	0xe
 549 01d9 0C       		.uleb128 0xc
 550 01da 32050000 		.4byte	.LASF38
 551 01de 05       		.byte	0x5
 552 01df 1F01     		.2byte	0x11f
 553 01e1 77000000 		.4byte	0x77
 554 01e5 10       		.byte	0x10
 555 01e6 00       		.byte	0
 556 01e7 04       		.uleb128 0x4
 557 01e8 BA020000 		.4byte	.LASF39
 558 01ec 05       		.byte	0x5
 559 01ed 2001     		.2byte	0x120
 560 01ef 48010000 		.4byte	0x148
 561 01f3 0D       		.uleb128 0xd
 562 01f4 12       		.byte	0x12
 563 01f5 05       		.byte	0x5
 564 01f6 2601     		.2byte	0x126
 565 01f8 0A020000 		.4byte	0x20a
ARM GAS  C:\Users\bryan.lee\AppData\Local\Temp\cc0DELWF.s 			page 15


 566 01fc 0C       		.uleb128 0xc
 567 01fd 55060000 		.4byte	.LASF40
 568 0201 05       		.byte	0x5
 569 0202 2B01     		.2byte	0x12b
 570 0204 E7010000 		.4byte	0x1e7
 571 0208 00       		.byte	0
 572 0209 00       		.byte	0
 573 020a 04       		.uleb128 0x4
 574 020b 1E060000 		.4byte	.LASF41
 575 020f 05       		.byte	0x5
 576 0210 2C01     		.2byte	0x12c
 577 0212 F3010000 		.4byte	0x1f3
 578 0216 0D       		.uleb128 0xd
 579 0217 0A       		.byte	0xa
 580 0218 05       		.byte	0x5
 581 0219 3201     		.2byte	0x132
 582 021b 6E020000 		.4byte	0x26e
 583 021f 0E       		.uleb128 0xe
 584 0220 72617700 		.ascii	"raw\000"
 585 0224 05       		.byte	0x5
 586 0225 3701     		.2byte	0x137
 587 0227 6E020000 		.4byte	0x26e
 588 022b 00       		.byte	0
 589 022c 0C       		.uleb128 0xc
 590 022d 19000000 		.4byte	.LASF42
 591 0231 05       		.byte	0x5
 592 0232 3C01     		.2byte	0x13c
 593 0234 6E020000 		.4byte	0x26e
 594 0238 02       		.byte	0x2
 595 0239 0C       		.uleb128 0xc
 596 023a 50050000 		.4byte	.LASF43
 597 023e 05       		.byte	0x5
 598 023f 4201     		.2byte	0x142
 599 0241 38010000 		.4byte	0x138
 600 0245 04       		.byte	0x4
 601 0246 0C       		.uleb128 0xc
 602 0247 AF060000 		.4byte	.LASF44
 603 024b 05       		.byte	0x5
 604 024c 4701     		.2byte	0x147
 605 024e B9000000 		.4byte	0xb9
 606 0252 06       		.byte	0x6
 607 0253 0C       		.uleb128 0xc
 608 0254 61050000 		.4byte	.LASF45
 609 0258 05       		.byte	0x5
 610 0259 4C01     		.2byte	0x14c
 611 025b 7E020000 		.4byte	0x27e
 612 025f 08       		.byte	0x8
 613 0260 0C       		.uleb128 0xc
 614 0261 F6000000 		.4byte	.LASF46
 615 0265 05       		.byte	0x5
 616 0266 5101     		.2byte	0x151
 617 0268 38010000 		.4byte	0x138
 618 026c 09       		.byte	0x9
 619 026d 00       		.byte	0
 620 026e 0A       		.uleb128 0xa
 621 026f 77000000 		.4byte	0x77
 622 0273 7E020000 		.4byte	0x27e
ARM GAS  C:\Users\bryan.lee\AppData\Local\Temp\cc0DELWF.s 			page 16


 623 0277 0B       		.uleb128 0xb
 624 0278 B0000000 		.4byte	0xb0
 625 027c 00       		.byte	0
 626 027d 00       		.byte	0
 627 027e 0A       		.uleb128 0xa
 628 027f C4000000 		.4byte	0xc4
 629 0283 8E020000 		.4byte	0x28e
 630 0287 0B       		.uleb128 0xb
 631 0288 B0000000 		.4byte	0xb0
 632 028c 00       		.byte	0
 633 028d 00       		.byte	0
 634 028e 04       		.uleb128 0x4
 635 028f 35020000 		.4byte	.LASF47
 636 0293 05       		.byte	0x5
 637 0294 5201     		.2byte	0x152
 638 0296 16020000 		.4byte	0x216
 639 029a 0D       		.uleb128 0xd
 640 029b 0A       		.byte	0xa
 641 029c 05       		.byte	0x5
 642 029d 5801     		.2byte	0x158
 643 029f B1020000 		.4byte	0x2b1
 644 02a3 0C       		.uleb128 0xc
 645 02a4 55060000 		.4byte	.LASF40
 646 02a8 05       		.byte	0x5
 647 02a9 5D01     		.2byte	0x15d
 648 02ab B1020000 		.4byte	0x2b1
 649 02af 00       		.byte	0
 650 02b0 00       		.byte	0
 651 02b1 0A       		.uleb128 0xa
 652 02b2 8E020000 		.4byte	0x28e
 653 02b6 C1020000 		.4byte	0x2c1
 654 02ba 0B       		.uleb128 0xb
 655 02bb B0000000 		.4byte	0xb0
 656 02bf 00       		.byte	0
 657 02c0 00       		.byte	0
 658 02c1 04       		.uleb128 0x4
 659 02c2 0C030000 		.4byte	.LASF48
 660 02c6 05       		.byte	0x5
 661 02c7 5E01     		.2byte	0x15e
 662 02c9 9A020000 		.4byte	0x29a
 663 02cd 0D       		.uleb128 0xd
 664 02ce 40       		.byte	0x40
 665 02cf 05       		.byte	0x5
 666 02d0 6401     		.2byte	0x164
 667 02d2 B4030000 		.4byte	0x3b4
 668 02d6 0C       		.uleb128 0xc
 669 02d7 CC000000 		.4byte	.LASF49
 670 02db 05       		.byte	0x5
 671 02dc 6B01     		.2byte	0x16b
 672 02de 77000000 		.4byte	0x77
 673 02e2 00       		.byte	0
 674 02e3 0C       		.uleb128 0xc
 675 02e4 6E010000 		.4byte	.LASF50
 676 02e8 05       		.byte	0x5
 677 02e9 7001     		.2byte	0x170
 678 02eb 77000000 		.4byte	0x77
 679 02ef 02       		.byte	0x2
ARM GAS  C:\Users\bryan.lee\AppData\Local\Temp\cc0DELWF.s 			page 17


 680 02f0 0C       		.uleb128 0xc
 681 02f1 6B040000 		.4byte	.LASF51
 682 02f5 05       		.byte	0x5
 683 02f6 7501     		.2byte	0x175
 684 02f8 77000000 		.4byte	0x77
 685 02fc 04       		.byte	0x4
 686 02fd 0C       		.uleb128 0xc
 687 02fe 3E030000 		.4byte	.LASF52
 688 0302 05       		.byte	0x5
 689 0303 7B01     		.2byte	0x17b
 690 0305 77000000 		.4byte	0x77
 691 0309 06       		.byte	0x6
 692 030a 0C       		.uleb128 0xc
 693 030b 0E050000 		.4byte	.LASF53
 694 030f 05       		.byte	0x5
 695 0310 8001     		.2byte	0x180
 696 0312 77000000 		.4byte	0x77
 697 0316 08       		.byte	0x8
 698 0317 0C       		.uleb128 0xc
 699 0318 64040000 		.4byte	.LASF54
 700 031c 05       		.byte	0x5
 701 031d 8501     		.2byte	0x185
 702 031f A4000000 		.4byte	0xa4
 703 0323 0C       		.byte	0xc
 704 0324 0C       		.uleb128 0xc
 705 0325 3F040000 		.4byte	.LASF55
 706 0329 05       		.byte	0x5
 707 032a 8B01     		.2byte	0x18b
 708 032c B4030000 		.4byte	0x3b4
 709 0330 10       		.byte	0x10
 710 0331 0C       		.uleb128 0xc
 711 0332 86060000 		.4byte	.LASF56
 712 0336 05       		.byte	0x5
 713 0337 9201     		.2byte	0x192
 714 0339 B4030000 		.4byte	0x3b4
 715 033d 14       		.byte	0x14
 716 033e 0C       		.uleb128 0xc
 717 033f 9D060000 		.4byte	.LASF57
 718 0343 05       		.byte	0x5
 719 0344 A201     		.2byte	0x1a2
 720 0346 38010000 		.4byte	0x138
 721 034a 18       		.byte	0x18
 722 034b 0C       		.uleb128 0xc
 723 034c FF000000 		.4byte	.LASF58
 724 0350 05       		.byte	0x5
 725 0351 A801     		.2byte	0x1a8
 726 0353 77000000 		.4byte	0x77
 727 0357 1A       		.byte	0x1a
 728 0358 0C       		.uleb128 0xc
 729 0359 86040000 		.4byte	.LASF59
 730 035d 05       		.byte	0x5
 731 035e AD01     		.2byte	0x1ad
 732 0360 6B000000 		.4byte	0x6b
 733 0364 1C       		.byte	0x1c
 734 0365 0C       		.uleb128 0xc
 735 0366 00000000 		.4byte	.LASF60
 736 036a 05       		.byte	0x5
ARM GAS  C:\Users\bryan.lee\AppData\Local\Temp\cc0DELWF.s 			page 18


 737 036b B201     		.2byte	0x1b2
 738 036d 0A020000 		.4byte	0x20a
 739 0371 1E       		.byte	0x1e
 740 0372 0C       		.uleb128 0xc
 741 0373 DC040000 		.4byte	.LASF61
 742 0377 05       		.byte	0x5
 743 0378 B701     		.2byte	0x1b7
 744 037a C1020000 		.4byte	0x2c1
 745 037e 30       		.byte	0x30
 746 037f 0C       		.uleb128 0xc
 747 0380 3C060000 		.4byte	.LASF62
 748 0384 05       		.byte	0x5
 749 0385 BC01     		.2byte	0x1bc
 750 0387 6B000000 		.4byte	0x6b
 751 038b 3A       		.byte	0x3a
 752 038c 0C       		.uleb128 0xc
 753 038d 8F020000 		.4byte	.LASF63
 754 0391 05       		.byte	0x5
 755 0392 C101     		.2byte	0x1c1
 756 0394 6B000000 		.4byte	0x6b
 757 0398 3B       		.byte	0x3b
 758 0399 0C       		.uleb128 0xc
 759 039a 73040000 		.4byte	.LASF64
 760 039e 05       		.byte	0x5
 761 039f C601     		.2byte	0x1c6
 762 03a1 77000000 		.4byte	0x77
 763 03a5 3C       		.byte	0x3c
 764 03a6 0C       		.uleb128 0xc
 765 03a7 09000000 		.4byte	.LASF65
 766 03ab 05       		.byte	0x5
 767 03ac CB01     		.2byte	0x1cb
 768 03ae 6E020000 		.4byte	0x26e
 769 03b2 3E       		.byte	0x3e
 770 03b3 00       		.byte	0
 771 03b4 0A       		.uleb128 0xa
 772 03b5 83000000 		.4byte	0x83
 773 03b9 C4030000 		.4byte	0x3c4
 774 03bd 0B       		.uleb128 0xb
 775 03be B0000000 		.4byte	0xb0
 776 03c2 00       		.byte	0
 777 03c3 00       		.byte	0
 778 03c4 04       		.uleb128 0x4
 779 03c5 A4020000 		.4byte	.LASF66
 780 03c9 05       		.byte	0x5
 781 03ca CC01     		.2byte	0x1cc
 782 03cc CD020000 		.4byte	0x2cd
 783 03d0 0D       		.uleb128 0xd
 784 03d1 20       		.byte	0x20
 785 03d2 05       		.byte	0x5
 786 03d3 3302     		.2byte	0x233
 787 03d5 5C040000 		.4byte	0x45c
 788 03d9 0C       		.uleb128 0xc
 789 03da A0050000 		.4byte	.LASF67
 790 03de 05       		.byte	0x5
 791 03df 3C02     		.2byte	0x23c
 792 03e1 5C040000 		.4byte	0x45c
 793 03e5 00       		.byte	0
ARM GAS  C:\Users\bryan.lee\AppData\Local\Temp\cc0DELWF.s 			page 19


 794 03e6 0C       		.uleb128 0xc
 795 03e7 00030000 		.4byte	.LASF68
 796 03eb 05       		.byte	0x5
 797 03ec 4302     		.2byte	0x243
 798 03ee B7000000 		.4byte	0xb7
 799 03f2 04       		.byte	0x4
 800 03f3 0C       		.uleb128 0xc
 801 03f4 95050000 		.4byte	.LASF69
 802 03f8 05       		.byte	0x5
 803 03f9 4902     		.2byte	0x249
 804 03fb 63040000 		.4byte	0x463
 805 03ff 08       		.byte	0x8
 806 0400 0C       		.uleb128 0xc
 807 0401 AD050000 		.4byte	.LASF70
 808 0405 05       		.byte	0x5
 809 0406 4F02     		.2byte	0x24f
 810 0408 B7000000 		.4byte	0xb7
 811 040c 0C       		.byte	0xc
 812 040d 0C       		.uleb128 0xc
 813 040e 0C020000 		.4byte	.LASF71
 814 0412 05       		.byte	0x5
 815 0413 5602     		.2byte	0x256
 816 0415 69040000 		.4byte	0x469
 817 0419 10       		.byte	0x10
 818 041a 0C       		.uleb128 0xc
 819 041b 13040000 		.4byte	.LASF72
 820 041f 05       		.byte	0x5
 821 0420 5B02     		.2byte	0x25b
 822 0422 83000000 		.4byte	0x83
 823 0426 14       		.byte	0x14
 824 0427 0C       		.uleb128 0xc
 825 0428 62000000 		.4byte	.LASF73
 826 042c 05       		.byte	0x5
 827 042d 6202     		.2byte	0x262
 828 042f 77000000 		.4byte	0x77
 829 0433 18       		.byte	0x18
 830 0434 0C       		.uleb128 0xc
 831 0435 DA020000 		.4byte	.LASF74
 832 0439 05       		.byte	0x5
 833 043a 6902     		.2byte	0x269
 834 043c 6B000000 		.4byte	0x6b
 835 0440 1A       		.byte	0x1a
 836 0441 0C       		.uleb128 0xc
 837 0442 2B030000 		.4byte	.LASF75
 838 0446 05       		.byte	0x5
 839 0447 7302     		.2byte	0x273
 840 0449 6B000000 		.4byte	0x6b
 841 044d 1B       		.byte	0x1b
 842 044e 0C       		.uleb128 0xc
 843 044f B4060000 		.4byte	.LASF76
 844 0453 05       		.byte	0x5
 845 0454 7B02     		.2byte	0x27b
 846 0456 6F040000 		.4byte	0x46f
 847 045a 1C       		.byte	0x1c
 848 045b 00       		.byte	0
 849 045c 0F       		.uleb128 0xf
 850 045d 04       		.byte	0x4
ARM GAS  C:\Users\bryan.lee\AppData\Local\Temp\cc0DELWF.s 			page 20


 851 045e 62040000 		.4byte	0x462
 852 0462 10       		.uleb128 0x10
 853 0463 0F       		.uleb128 0xf
 854 0464 04       		.byte	0x4
 855 0465 8E020000 		.4byte	0x28e
 856 0469 0F       		.uleb128 0xf
 857 046a 04       		.byte	0x4
 858 046b 6B000000 		.4byte	0x6b
 859 046f 0F       		.uleb128 0xf
 860 0470 04       		.byte	0x4
 861 0471 2D010000 		.4byte	0x12d
 862 0475 04       		.uleb128 0x4
 863 0476 7A050000 		.4byte	.LASF77
 864 047a 05       		.byte	0x5
 865 047b 7C02     		.2byte	0x27c
 866 047d D0030000 		.4byte	0x3d0
 867 0481 0D       		.uleb128 0xd
 868 0482 20       		.byte	0x20
 869 0483 05       		.byte	0x5
 870 0484 8202     		.2byte	0x282
 871 0486 98040000 		.4byte	0x498
 872 048a 0C       		.uleb128 0xc
 873 048b BD050000 		.4byte	.LASF78
 874 048f 05       		.byte	0x5
 875 0490 8702     		.2byte	0x287
 876 0492 98040000 		.4byte	0x498
 877 0496 00       		.byte	0
 878 0497 00       		.byte	0
 879 0498 0A       		.uleb128 0xa
 880 0499 75040000 		.4byte	0x475
 881 049d A8040000 		.4byte	0x4a8
 882 04a1 0B       		.uleb128 0xb
 883 04a2 B0000000 		.4byte	0xb0
 884 04a6 00       		.byte	0
 885 04a7 00       		.byte	0
 886 04a8 04       		.uleb128 0x4
 887 04a9 90040000 		.4byte	.LASF79
 888 04ad 05       		.byte	0x5
 889 04ae 8802     		.2byte	0x288
 890 04b0 81040000 		.4byte	0x481
 891 04b4 11       		.uleb128 0x11
 892 04b5 01       		.byte	0x1
 893 04b6 2C000000 		.4byte	0x2c
 894 04ba 06       		.byte	0x6
 895 04bb 2E       		.byte	0x2e
 896 04bc EB040000 		.4byte	0x4eb
 897 04c0 12       		.uleb128 0x12
 898 04c1 76020000 		.4byte	.LASF80
 899 04c5 00       		.byte	0
 900 04c6 12       		.uleb128 0x12
 901 04c7 A8040000 		.4byte	.LASF81
 902 04cb 01       		.byte	0x1
 903 04cc 12       		.uleb128 0x12
 904 04cd F8030000 		.4byte	.LASF82
 905 04d1 02       		.byte	0x2
 906 04d2 12       		.uleb128 0x12
 907 04d3 B0000000 		.4byte	.LASF83
ARM GAS  C:\Users\bryan.lee\AppData\Local\Temp\cc0DELWF.s 			page 21


 908 04d7 03       		.byte	0x3
 909 04d8 12       		.uleb128 0x12
 910 04d9 D5000000 		.4byte	.LASF84
 911 04dd 04       		.byte	0x4
 912 04de 12       		.uleb128 0x12
 913 04df 53030000 		.4byte	.LASF85
 914 04e3 05       		.byte	0x5
 915 04e4 12       		.uleb128 0x12
 916 04e5 9B030000 		.4byte	.LASF86
 917 04e9 06       		.byte	0x6
 918 04ea 00       		.byte	0
 919 04eb 07       		.uleb128 0x7
 920 04ec 4F010000 		.4byte	.LASF87
 921 04f0 06       		.byte	0x6
 922 04f1 36       		.byte	0x36
 923 04f2 B4040000 		.4byte	0x4b4
 924 04f6 13       		.uleb128 0x13
 925 04f7 C4040000 		.4byte	.LASF105
 926 04fb 01       		.byte	0x1
 927 04fc 44       		.byte	0x44
 928 04fd 00000000 		.4byte	.LFB2
 929 0501 14000000 		.4byte	.LFE2-.LFB2
 930 0505 01       		.uleb128 0x1
 931 0506 9C       		.byte	0x9c
 932 0507 17050000 		.4byte	0x517
 933 050b 14       		.uleb128 0x14
 934 050c 58050000 		.4byte	.LASF94
 935 0510 01       		.byte	0x1
 936 0511 46       		.byte	0x46
 937 0512 17050000 		.4byte	0x517
 938 0516 00       		.byte	0
 939 0517 0F       		.uleb128 0xf
 940 0518 04       		.byte	0x4
 941 0519 1D050000 		.4byte	0x51d
 942 051d 05       		.uleb128 0x5
 943 051e C4030000 		.4byte	0x3c4
 944 0522 15       		.uleb128 0x15
 945 0523 EC020000 		.4byte	.LASF106
 946 0527 01       		.byte	0x1
 947 0528 73       		.byte	0x73
 948 0529 83000000 		.4byte	0x83
 949 052d 00000000 		.4byte	.LFB3
 950 0531 08010000 		.4byte	.LFE3-.LFB3
 951 0535 01       		.uleb128 0x1
 952 0536 9C       		.byte	0x9c
 953 0537 EF050000 		.4byte	0x5ef
 954 053b 16       		.uleb128 0x16
 955 053c 23050000 		.4byte	.LASF88
 956 0540 01       		.byte	0x1
 957 0541 75       		.byte	0x75
 958 0542 6B000000 		.4byte	0x6b
 959 0546 00000000 		.4byte	.LLST0
 960 054a 16       		.uleb128 0x16
 961 054b 67020000 		.4byte	.LASF89
 962 054f 01       		.byte	0x1
 963 0550 76       		.byte	0x76
 964 0551 83000000 		.4byte	0x83
ARM GAS  C:\Users\bryan.lee\AppData\Local\Temp\cc0DELWF.s 			page 22


 965 0555 29000000 		.4byte	.LLST1
 966 0559 16       		.uleb128 0x16
 967 055a 1E000000 		.4byte	.LASF90
 968 055e 01       		.byte	0x1
 969 055f 77       		.byte	0x77
 970 0560 83000000 		.4byte	0x83
 971 0564 3C000000 		.4byte	.LLST2
 972 0568 16       		.uleb128 0x16
 973 0569 6F050000 		.4byte	.LASF91
 974 056d 01       		.byte	0x1
 975 056e 78       		.byte	0x78
 976 056f 83000000 		.4byte	0x83
 977 0573 4F000000 		.4byte	.LLST3
 978 0577 16       		.uleb128 0x16
 979 0578 A7060000 		.4byte	.LASF92
 980 057c 01       		.byte	0x1
 981 057d 79       		.byte	0x79
 982 057e EB040000 		.4byte	0x4eb
 983 0582 0F010000 		.4byte	.LLST4
 984 0586 16       		.uleb128 0x16
 985 0587 91060000 		.4byte	.LASF93
 986 058b 01       		.byte	0x1
 987 058c 7A       		.byte	0x7a
 988 058d 83000000 		.4byte	0x83
 989 0591 22010000 		.4byte	.LLST5
 990 0595 14       		.uleb128 0x14
 991 0596 58050000 		.4byte	.LASF94
 992 059a 01       		.byte	0x1
 993 059b 7C       		.byte	0x7c
 994 059c 17050000 		.4byte	0x517
 995 05a0 16       		.uleb128 0x16
 996 05a1 6C030000 		.4byte	.LASF95
 997 05a5 01       		.byte	0x1
 998 05a6 7D       		.byte	0x7d
 999 05a7 EF050000 		.4byte	0x5ef
 1000 05ab 63010000 		.4byte	.LLST6
 1001 05af 17       		.uleb128 0x17
 1002 05b0 12000000 		.4byte	.LVL3
 1003 05b4 28060000 		.4byte	0x628
 1004 05b8 17       		.uleb128 0x17
 1005 05b9 1C000000 		.4byte	.LVL4
 1006 05bd 33060000 		.4byte	0x633
 1007 05c1 17       		.uleb128 0x17
 1008 05c2 46000000 		.4byte	.LVL10
 1009 05c6 3E060000 		.4byte	0x63e
 1010 05ca 17       		.uleb128 0x17
 1011 05cb 76000000 		.4byte	.LVL19
 1012 05cf 28060000 		.4byte	0x628
 1013 05d3 17       		.uleb128 0x17
 1014 05d4 90000000 		.4byte	.LVL20
 1015 05d8 33060000 		.4byte	0x633
 1016 05dc 17       		.uleb128 0x17
 1017 05dd DE000000 		.4byte	.LVL28
 1018 05e1 28060000 		.4byte	0x628
 1019 05e5 17       		.uleb128 0x17
 1020 05e6 F0000000 		.4byte	.LVL29
 1021 05ea 33060000 		.4byte	0x633
ARM GAS  C:\Users\bryan.lee\AppData\Local\Temp\cc0DELWF.s 			page 23


 1022 05ee 00       		.byte	0
 1023 05ef 0F       		.uleb128 0xf
 1024 05f0 04       		.byte	0x4
 1025 05f1 F5050000 		.4byte	0x5f5
 1026 05f5 05       		.uleb128 0x5
 1027 05f6 8E020000 		.4byte	0x28e
 1028 05fa 18       		.uleb128 0x18
 1029 05fb 40050000 		.4byte	.LASF96
 1030 05ff 01       		.byte	0x1
 1031 0600 35       		.byte	0x35
 1032 0601 83000000 		.4byte	0x83
 1033 0605 05       		.uleb128 0x5
 1034 0606 03       		.byte	0x3
 1035 0607 00000000 		.4byte	tunerFsm
 1036 060b 19       		.uleb128 0x19
 1037 060c 80000000 		.4byte	.LASF97
 1038 0610 05       		.byte	0x5
 1039 0611 1C04     		.2byte	0x41c
 1040 0613 C4030000 		.4byte	0x3c4
 1041 0617 19       		.uleb128 0x19
 1042 0618 1C020000 		.4byte	.LASF98
 1043 061c 05       		.byte	0x5
 1044 061d 1D04     		.2byte	0x41d
 1045 061f 23060000 		.4byte	0x623
 1046 0623 1A       		.uleb128 0x1a
 1047 0624 A8040000 		.4byte	0x4a8
 1048 0628 1B       		.uleb128 0x1b
 1049 0629 76030000 		.4byte	.LASF99
 1050 062d 76030000 		.4byte	.LASF99
 1051 0631 07       		.byte	0x7
 1052 0632 E5       		.byte	0xe5
 1053 0633 1B       		.uleb128 0x1b
 1054 0634 4C000000 		.4byte	.LASF100
 1055 0638 4C000000 		.4byte	.LASF100
 1056 063c 07       		.byte	0x7
 1057 063d E6       		.byte	0xe6
 1058 063e 1B       		.uleb128 0x1b
 1059 063f 4F020000 		.4byte	.LASF101
 1060 0643 4F020000 		.4byte	.LASF101
 1061 0647 08       		.byte	0x8
 1062 0648 3B       		.byte	0x3b
 1063 0649 00       		.byte	0
 1064              		.section	.debug_abbrev,"",%progbits
 1065              	.Ldebug_abbrev0:
 1066 0000 01       		.uleb128 0x1
 1067 0001 11       		.uleb128 0x11
 1068 0002 01       		.byte	0x1
 1069 0003 25       		.uleb128 0x25
 1070 0004 0E       		.uleb128 0xe
 1071 0005 13       		.uleb128 0x13
 1072 0006 0B       		.uleb128 0xb
 1073 0007 03       		.uleb128 0x3
 1074 0008 0E       		.uleb128 0xe
 1075 0009 1B       		.uleb128 0x1b
 1076 000a 0E       		.uleb128 0xe
 1077 000b 55       		.uleb128 0x55
 1078 000c 17       		.uleb128 0x17
ARM GAS  C:\Users\bryan.lee\AppData\Local\Temp\cc0DELWF.s 			page 24


 1079 000d 11       		.uleb128 0x11
 1080 000e 01       		.uleb128 0x1
 1081 000f 10       		.uleb128 0x10
 1082 0010 17       		.uleb128 0x17
 1083 0011 00       		.byte	0
 1084 0012 00       		.byte	0
 1085 0013 02       		.uleb128 0x2
 1086 0014 24       		.uleb128 0x24
 1087 0015 00       		.byte	0
 1088 0016 0B       		.uleb128 0xb
 1089 0017 0B       		.uleb128 0xb
 1090 0018 3E       		.uleb128 0x3e
 1091 0019 0B       		.uleb128 0xb
 1092 001a 03       		.uleb128 0x3
 1093 001b 0E       		.uleb128 0xe
 1094 001c 00       		.byte	0
 1095 001d 00       		.byte	0
 1096 001e 03       		.uleb128 0x3
 1097 001f 24       		.uleb128 0x24
 1098 0020 00       		.byte	0
 1099 0021 0B       		.uleb128 0xb
 1100 0022 0B       		.uleb128 0xb
 1101 0023 3E       		.uleb128 0x3e
 1102 0024 0B       		.uleb128 0xb
 1103 0025 03       		.uleb128 0x3
 1104 0026 08       		.uleb128 0x8
 1105 0027 00       		.byte	0
 1106 0028 00       		.byte	0
 1107 0029 04       		.uleb128 0x4
 1108 002a 16       		.uleb128 0x16
 1109 002b 00       		.byte	0
 1110 002c 03       		.uleb128 0x3
 1111 002d 0E       		.uleb128 0xe
 1112 002e 3A       		.uleb128 0x3a
 1113 002f 0B       		.uleb128 0xb
 1114 0030 3B       		.uleb128 0x3b
 1115 0031 05       		.uleb128 0x5
 1116 0032 49       		.uleb128 0x49
 1117 0033 13       		.uleb128 0x13
 1118 0034 00       		.byte	0
 1119 0035 00       		.byte	0
 1120 0036 05       		.uleb128 0x5
 1121 0037 35       		.uleb128 0x35
 1122 0038 00       		.byte	0
 1123 0039 49       		.uleb128 0x49
 1124 003a 13       		.uleb128 0x13
 1125 003b 00       		.byte	0
 1126 003c 00       		.byte	0
 1127 003d 06       		.uleb128 0x6
 1128 003e 0F       		.uleb128 0xf
 1129 003f 00       		.byte	0
 1130 0040 0B       		.uleb128 0xb
 1131 0041 0B       		.uleb128 0xb
 1132 0042 00       		.byte	0
 1133 0043 00       		.byte	0
 1134 0044 07       		.uleb128 0x7
 1135 0045 16       		.uleb128 0x16
ARM GAS  C:\Users\bryan.lee\AppData\Local\Temp\cc0DELWF.s 			page 25


 1136 0046 00       		.byte	0
 1137 0047 03       		.uleb128 0x3
 1138 0048 0E       		.uleb128 0xe
 1139 0049 3A       		.uleb128 0x3a
 1140 004a 0B       		.uleb128 0xb
 1141 004b 3B       		.uleb128 0x3b
 1142 004c 0B       		.uleb128 0xb
 1143 004d 49       		.uleb128 0x49
 1144 004e 13       		.uleb128 0x13
 1145 004f 00       		.byte	0
 1146 0050 00       		.byte	0
 1147 0051 08       		.uleb128 0x8
 1148 0052 13       		.uleb128 0x13
 1149 0053 01       		.byte	0x1
 1150 0054 0B       		.uleb128 0xb
 1151 0055 0B       		.uleb128 0xb
 1152 0056 3A       		.uleb128 0x3a
 1153 0057 0B       		.uleb128 0xb
 1154 0058 3B       		.uleb128 0x3b
 1155 0059 0B       		.uleb128 0xb
 1156 005a 01       		.uleb128 0x1
 1157 005b 13       		.uleb128 0x13
 1158 005c 00       		.byte	0
 1159 005d 00       		.byte	0
 1160 005e 09       		.uleb128 0x9
 1161 005f 0D       		.uleb128 0xd
 1162 0060 00       		.byte	0
 1163 0061 03       		.uleb128 0x3
 1164 0062 0E       		.uleb128 0xe
 1165 0063 3A       		.uleb128 0x3a
 1166 0064 0B       		.uleb128 0xb
 1167 0065 3B       		.uleb128 0x3b
 1168 0066 0B       		.uleb128 0xb
 1169 0067 49       		.uleb128 0x49
 1170 0068 13       		.uleb128 0x13
 1171 0069 38       		.uleb128 0x38
 1172 006a 0B       		.uleb128 0xb
 1173 006b 00       		.byte	0
 1174 006c 00       		.byte	0
 1175 006d 0A       		.uleb128 0xa
 1176 006e 01       		.uleb128 0x1
 1177 006f 01       		.byte	0x1
 1178 0070 49       		.uleb128 0x49
 1179 0071 13       		.uleb128 0x13
 1180 0072 01       		.uleb128 0x1
 1181 0073 13       		.uleb128 0x13
 1182 0074 00       		.byte	0
 1183 0075 00       		.byte	0
 1184 0076 0B       		.uleb128 0xb
 1185 0077 21       		.uleb128 0x21
 1186 0078 00       		.byte	0
 1187 0079 49       		.uleb128 0x49
 1188 007a 13       		.uleb128 0x13
 1189 007b 2F       		.uleb128 0x2f
 1190 007c 0B       		.uleb128 0xb
 1191 007d 00       		.byte	0
 1192 007e 00       		.byte	0
ARM GAS  C:\Users\bryan.lee\AppData\Local\Temp\cc0DELWF.s 			page 26


 1193 007f 0C       		.uleb128 0xc
 1194 0080 0D       		.uleb128 0xd
 1195 0081 00       		.byte	0
 1196 0082 03       		.uleb128 0x3
 1197 0083 0E       		.uleb128 0xe
 1198 0084 3A       		.uleb128 0x3a
 1199 0085 0B       		.uleb128 0xb
 1200 0086 3B       		.uleb128 0x3b
 1201 0087 05       		.uleb128 0x5
 1202 0088 49       		.uleb128 0x49
 1203 0089 13       		.uleb128 0x13
 1204 008a 38       		.uleb128 0x38
 1205 008b 0B       		.uleb128 0xb
 1206 008c 00       		.byte	0
 1207 008d 00       		.byte	0
 1208 008e 0D       		.uleb128 0xd
 1209 008f 13       		.uleb128 0x13
 1210 0090 01       		.byte	0x1
 1211 0091 0B       		.uleb128 0xb
 1212 0092 0B       		.uleb128 0xb
 1213 0093 3A       		.uleb128 0x3a
 1214 0094 0B       		.uleb128 0xb
 1215 0095 3B       		.uleb128 0x3b
 1216 0096 05       		.uleb128 0x5
 1217 0097 01       		.uleb128 0x1
 1218 0098 13       		.uleb128 0x13
 1219 0099 00       		.byte	0
 1220 009a 00       		.byte	0
 1221 009b 0E       		.uleb128 0xe
 1222 009c 0D       		.uleb128 0xd
 1223 009d 00       		.byte	0
 1224 009e 03       		.uleb128 0x3
 1225 009f 08       		.uleb128 0x8
 1226 00a0 3A       		.uleb128 0x3a
 1227 00a1 0B       		.uleb128 0xb
 1228 00a2 3B       		.uleb128 0x3b
 1229 00a3 05       		.uleb128 0x5
 1230 00a4 49       		.uleb128 0x49
 1231 00a5 13       		.uleb128 0x13
 1232 00a6 38       		.uleb128 0x38
 1233 00a7 0B       		.uleb128 0xb
 1234 00a8 00       		.byte	0
 1235 00a9 00       		.byte	0
 1236 00aa 0F       		.uleb128 0xf
 1237 00ab 0F       		.uleb128 0xf
 1238 00ac 00       		.byte	0
 1239 00ad 0B       		.uleb128 0xb
 1240 00ae 0B       		.uleb128 0xb
 1241 00af 49       		.uleb128 0x49
 1242 00b0 13       		.uleb128 0x13
 1243 00b1 00       		.byte	0
 1244 00b2 00       		.byte	0
 1245 00b3 10       		.uleb128 0x10
 1246 00b4 26       		.uleb128 0x26
 1247 00b5 00       		.byte	0
 1248 00b6 00       		.byte	0
 1249 00b7 00       		.byte	0
ARM GAS  C:\Users\bryan.lee\AppData\Local\Temp\cc0DELWF.s 			page 27


 1250 00b8 11       		.uleb128 0x11
 1251 00b9 04       		.uleb128 0x4
 1252 00ba 01       		.byte	0x1
 1253 00bb 0B       		.uleb128 0xb
 1254 00bc 0B       		.uleb128 0xb
 1255 00bd 49       		.uleb128 0x49
 1256 00be 13       		.uleb128 0x13
 1257 00bf 3A       		.uleb128 0x3a
 1258 00c0 0B       		.uleb128 0xb
 1259 00c1 3B       		.uleb128 0x3b
 1260 00c2 0B       		.uleb128 0xb
 1261 00c3 01       		.uleb128 0x1
 1262 00c4 13       		.uleb128 0x13
 1263 00c5 00       		.byte	0
 1264 00c6 00       		.byte	0
 1265 00c7 12       		.uleb128 0x12
 1266 00c8 28       		.uleb128 0x28
 1267 00c9 00       		.byte	0
 1268 00ca 03       		.uleb128 0x3
 1269 00cb 0E       		.uleb128 0xe
 1270 00cc 1C       		.uleb128 0x1c
 1271 00cd 0B       		.uleb128 0xb
 1272 00ce 00       		.byte	0
 1273 00cf 00       		.byte	0
 1274 00d0 13       		.uleb128 0x13
 1275 00d1 2E       		.uleb128 0x2e
 1276 00d2 01       		.byte	0x1
 1277 00d3 3F       		.uleb128 0x3f
 1278 00d4 19       		.uleb128 0x19
 1279 00d5 03       		.uleb128 0x3
 1280 00d6 0E       		.uleb128 0xe
 1281 00d7 3A       		.uleb128 0x3a
 1282 00d8 0B       		.uleb128 0xb
 1283 00d9 3B       		.uleb128 0x3b
 1284 00da 0B       		.uleb128 0xb
 1285 00db 27       		.uleb128 0x27
 1286 00dc 19       		.uleb128 0x19
 1287 00dd 11       		.uleb128 0x11
 1288 00de 01       		.uleb128 0x1
 1289 00df 12       		.uleb128 0x12
 1290 00e0 06       		.uleb128 0x6
 1291 00e1 40       		.uleb128 0x40
 1292 00e2 18       		.uleb128 0x18
 1293 00e3 9742     		.uleb128 0x2117
 1294 00e5 19       		.uleb128 0x19
 1295 00e6 01       		.uleb128 0x1
 1296 00e7 13       		.uleb128 0x13
 1297 00e8 00       		.byte	0
 1298 00e9 00       		.byte	0
 1299 00ea 14       		.uleb128 0x14
 1300 00eb 34       		.uleb128 0x34
 1301 00ec 00       		.byte	0
 1302 00ed 03       		.uleb128 0x3
 1303 00ee 0E       		.uleb128 0xe
 1304 00ef 3A       		.uleb128 0x3a
 1305 00f0 0B       		.uleb128 0xb
 1306 00f1 3B       		.uleb128 0x3b
ARM GAS  C:\Users\bryan.lee\AppData\Local\Temp\cc0DELWF.s 			page 28


 1307 00f2 0B       		.uleb128 0xb
 1308 00f3 49       		.uleb128 0x49
 1309 00f4 13       		.uleb128 0x13
 1310 00f5 00       		.byte	0
 1311 00f6 00       		.byte	0
 1312 00f7 15       		.uleb128 0x15
 1313 00f8 2E       		.uleb128 0x2e
 1314 00f9 01       		.byte	0x1
 1315 00fa 3F       		.uleb128 0x3f
 1316 00fb 19       		.uleb128 0x19
 1317 00fc 03       		.uleb128 0x3
 1318 00fd 0E       		.uleb128 0xe
 1319 00fe 3A       		.uleb128 0x3a
 1320 00ff 0B       		.uleb128 0xb
 1321 0100 3B       		.uleb128 0x3b
 1322 0101 0B       		.uleb128 0xb
 1323 0102 27       		.uleb128 0x27
 1324 0103 19       		.uleb128 0x19
 1325 0104 49       		.uleb128 0x49
 1326 0105 13       		.uleb128 0x13
 1327 0106 11       		.uleb128 0x11
 1328 0107 01       		.uleb128 0x1
 1329 0108 12       		.uleb128 0x12
 1330 0109 06       		.uleb128 0x6
 1331 010a 40       		.uleb128 0x40
 1332 010b 18       		.uleb128 0x18
 1333 010c 9742     		.uleb128 0x2117
 1334 010e 19       		.uleb128 0x19
 1335 010f 01       		.uleb128 0x1
 1336 0110 13       		.uleb128 0x13
 1337 0111 00       		.byte	0
 1338 0112 00       		.byte	0
 1339 0113 16       		.uleb128 0x16
 1340 0114 34       		.uleb128 0x34
 1341 0115 00       		.byte	0
 1342 0116 03       		.uleb128 0x3
 1343 0117 0E       		.uleb128 0xe
 1344 0118 3A       		.uleb128 0x3a
 1345 0119 0B       		.uleb128 0xb
 1346 011a 3B       		.uleb128 0x3b
 1347 011b 0B       		.uleb128 0xb
 1348 011c 49       		.uleb128 0x49
 1349 011d 13       		.uleb128 0x13
 1350 011e 02       		.uleb128 0x2
 1351 011f 17       		.uleb128 0x17
 1352 0120 00       		.byte	0
 1353 0121 00       		.byte	0
 1354 0122 17       		.uleb128 0x17
 1355 0123 898201   		.uleb128 0x4109
 1356 0126 00       		.byte	0
 1357 0127 11       		.uleb128 0x11
 1358 0128 01       		.uleb128 0x1
 1359 0129 31       		.uleb128 0x31
 1360 012a 13       		.uleb128 0x13
 1361 012b 00       		.byte	0
 1362 012c 00       		.byte	0
 1363 012d 18       		.uleb128 0x18
ARM GAS  C:\Users\bryan.lee\AppData\Local\Temp\cc0DELWF.s 			page 29


 1364 012e 34       		.uleb128 0x34
 1365 012f 00       		.byte	0
 1366 0130 03       		.uleb128 0x3
 1367 0131 0E       		.uleb128 0xe
 1368 0132 3A       		.uleb128 0x3a
 1369 0133 0B       		.uleb128 0xb
 1370 0134 3B       		.uleb128 0x3b
 1371 0135 0B       		.uleb128 0xb
 1372 0136 49       		.uleb128 0x49
 1373 0137 13       		.uleb128 0x13
 1374 0138 02       		.uleb128 0x2
 1375 0139 18       		.uleb128 0x18
 1376 013a 00       		.byte	0
 1377 013b 00       		.byte	0
 1378 013c 19       		.uleb128 0x19
 1379 013d 34       		.uleb128 0x34
 1380 013e 00       		.byte	0
 1381 013f 03       		.uleb128 0x3
 1382 0140 0E       		.uleb128 0xe
 1383 0141 3A       		.uleb128 0x3a
 1384 0142 0B       		.uleb128 0xb
 1385 0143 3B       		.uleb128 0x3b
 1386 0144 05       		.uleb128 0x5
 1387 0145 49       		.uleb128 0x49
 1388 0146 13       		.uleb128 0x13
 1389 0147 3F       		.uleb128 0x3f
 1390 0148 19       		.uleb128 0x19
 1391 0149 3C       		.uleb128 0x3c
 1392 014a 19       		.uleb128 0x19
 1393 014b 00       		.byte	0
 1394 014c 00       		.byte	0
 1395 014d 1A       		.uleb128 0x1a
 1396 014e 26       		.uleb128 0x26
 1397 014f 00       		.byte	0
 1398 0150 49       		.uleb128 0x49
 1399 0151 13       		.uleb128 0x13
 1400 0152 00       		.byte	0
 1401 0153 00       		.byte	0
 1402 0154 1B       		.uleb128 0x1b
 1403 0155 2E       		.uleb128 0x2e
 1404 0156 00       		.byte	0
 1405 0157 3F       		.uleb128 0x3f
 1406 0158 19       		.uleb128 0x19
 1407 0159 3C       		.uleb128 0x3c
 1408 015a 19       		.uleb128 0x19
 1409 015b 6E       		.uleb128 0x6e
 1410 015c 0E       		.uleb128 0xe
 1411 015d 03       		.uleb128 0x3
 1412 015e 0E       		.uleb128 0xe
 1413 015f 3A       		.uleb128 0x3a
 1414 0160 0B       		.uleb128 0xb
 1415 0161 3B       		.uleb128 0x3b
 1416 0162 0B       		.uleb128 0xb
 1417 0163 00       		.byte	0
 1418 0164 00       		.byte	0
 1419 0165 00       		.byte	0
 1420              		.section	.debug_loc,"",%progbits
ARM GAS  C:\Users\bryan.lee\AppData\Local\Temp\cc0DELWF.s 			page 30


 1421              	.Ldebug_loc0:
 1422              	.LLST0:
 1423 0000 12000000 		.4byte	.LVL3
 1424 0004 1B000000 		.4byte	.LVL4-1
 1425 0008 0100     		.2byte	0x1
 1426 000a 50       		.byte	0x50
 1427 000b 76000000 		.4byte	.LVL19
 1428 000f 8F000000 		.4byte	.LVL20-1
 1429 0013 0100     		.2byte	0x1
 1430 0015 50       		.byte	0x50
 1431 0016 DE000000 		.4byte	.LVL28
 1432 001a EF000000 		.4byte	.LVL29-1
 1433 001e 0100     		.2byte	0x1
 1434 0020 50       		.byte	0x50
 1435 0021 00000000 		.4byte	0
 1436 0025 00000000 		.4byte	0
 1437              	.LLST1:
 1438 0029 A6000000 		.4byte	.LVL22
 1439 002d CC000000 		.4byte	.LVL24
 1440 0031 0100     		.2byte	0x1
 1441 0033 53       		.byte	0x53
 1442 0034 00000000 		.4byte	0
 1443 0038 00000000 		.4byte	0
 1444              	.LLST2:
 1445 003c AC000000 		.4byte	.LVL23
 1446 0040 D6000000 		.4byte	.LVL26
 1447 0044 0100     		.2byte	0x1
 1448 0046 52       		.byte	0x52
 1449 0047 00000000 		.4byte	0
 1450 004b 00000000 		.4byte	0
 1451              	.LLST3:
 1452 004f 02000000 		.4byte	.LVL1
 1453 0053 06000000 		.4byte	.LVL2
 1454 0057 0200     		.2byte	0x2
 1455 0059 30       		.byte	0x30
 1456 005a 9F       		.byte	0x9f
 1457 005b 06000000 		.4byte	.LVL2
 1458 005f 34000000 		.4byte	.LVL6
 1459 0063 0100     		.2byte	0x1
 1460 0065 56       		.byte	0x56
 1461 0066 34000000 		.4byte	.LVL6
 1462 006a 38000000 		.4byte	.LVL7
 1463 006e 0200     		.2byte	0x2
 1464 0070 31       		.byte	0x31
 1465 0071 9F       		.byte	0x9f
 1466 0072 38000000 		.4byte	.LVL7
 1467 0076 3E000000 		.4byte	.LVL8
 1468 007a 0100     		.2byte	0x1
 1469 007c 56       		.byte	0x56
 1470 007d 3E000000 		.4byte	.LVL8
 1471 0081 42000000 		.4byte	.LVL9
 1472 0085 0200     		.2byte	0x2
 1473 0087 31       		.byte	0x31
 1474 0088 9F       		.byte	0x9f
 1475 0089 42000000 		.4byte	.LVL9
 1476 008d 4C000000 		.4byte	.LVL11
 1477 0091 0100     		.2byte	0x1
ARM GAS  C:\Users\bryan.lee\AppData\Local\Temp\cc0DELWF.s 			page 31


 1478 0093 56       		.byte	0x56
 1479 0094 4C000000 		.4byte	.LVL11
 1480 0098 52000000 		.4byte	.LVL12
 1481 009c 0200     		.2byte	0x2
 1482 009e 31       		.byte	0x31
 1483 009f 9F       		.byte	0x9f
 1484 00a0 52000000 		.4byte	.LVL12
 1485 00a4 58000000 		.4byte	.LVL13
 1486 00a8 0100     		.2byte	0x1
 1487 00aa 56       		.byte	0x56
 1488 00ab 58000000 		.4byte	.LVL13
 1489 00af 5C000000 		.4byte	.LVL14
 1490 00b3 0200     		.2byte	0x2
 1491 00b5 31       		.byte	0x31
 1492 00b6 9F       		.byte	0x9f
 1493 00b7 5C000000 		.4byte	.LVL14
 1494 00bb 62000000 		.4byte	.LVL15
 1495 00bf 0100     		.2byte	0x1
 1496 00c1 56       		.byte	0x56
 1497 00c2 62000000 		.4byte	.LVL15
 1498 00c6 66000000 		.4byte	.LVL16
 1499 00ca 0200     		.2byte	0x2
 1500 00cc 31       		.byte	0x31
 1501 00cd 9F       		.byte	0x9f
 1502 00ce 66000000 		.4byte	.LVL16
 1503 00d2 6C000000 		.4byte	.LVL17
 1504 00d6 0100     		.2byte	0x1
 1505 00d8 56       		.byte	0x56
 1506 00d9 6C000000 		.4byte	.LVL17
 1507 00dd 6E000000 		.4byte	.LVL18
 1508 00e1 0200     		.2byte	0x2
 1509 00e3 30       		.byte	0x30
 1510 00e4 9F       		.byte	0x9f
 1511 00e5 6E000000 		.4byte	.LVL18
 1512 00e9 90000000 		.4byte	.LVL20
 1513 00ed 0100     		.2byte	0x1
 1514 00ef 56       		.byte	0x56
 1515 00f0 90000000 		.4byte	.LVL20
 1516 00f4 92000000 		.4byte	.LVL21
 1517 00f8 0200     		.2byte	0x2
 1518 00fa 30       		.byte	0x30
 1519 00fb 9F       		.byte	0x9f
 1520 00fc 92000000 		.4byte	.LVL21
 1521 0100 F2000000 		.4byte	.LVL31
 1522 0104 0100     		.2byte	0x1
 1523 0106 56       		.byte	0x56
 1524 0107 00000000 		.4byte	0
 1525 010b 00000000 		.4byte	0
 1526              	.LLST4:
 1527 010f 22000000 		.4byte	.LVL5
 1528 0113 D2000000 		.4byte	.LVL25
 1529 0117 0100     		.2byte	0x1
 1530 0119 54       		.byte	0x54
 1531 011a 00000000 		.4byte	0
 1532 011e 00000000 		.4byte	0
 1533              	.LLST5:
 1534 0122 02000000 		.4byte	.LVL1
ARM GAS  C:\Users\bryan.lee\AppData\Local\Temp\cc0DELWF.s 			page 32


 1535 0126 06000000 		.4byte	.LVL2
 1536 012a 0200     		.2byte	0x2
 1537 012c 30       		.byte	0x30
 1538 012d 9F       		.byte	0x9f
 1539 012e 06000000 		.4byte	.LVL2
 1540 0132 46000000 		.4byte	.LVL10
 1541 0136 0100     		.2byte	0x1
 1542 0138 55       		.byte	0x55
 1543 0139 46000000 		.4byte	.LVL10
 1544 013d 52000000 		.4byte	.LVL12
 1545 0141 0200     		.2byte	0x2
 1546 0143 31       		.byte	0x31
 1547 0144 9F       		.byte	0x9f
 1548 0145 52000000 		.4byte	.LVL12
 1549 0149 F2000000 		.4byte	.LVL30
 1550 014d 0100     		.2byte	0x1
 1551 014f 55       		.byte	0x55
 1552 0150 F2000000 		.4byte	.LVL30
 1553 0154 08010000 		.4byte	.LFE3
 1554 0158 0100     		.2byte	0x1
 1555 015a 50       		.byte	0x50
 1556 015b 00000000 		.4byte	0
 1557 015f 00000000 		.4byte	0
 1558              	.LLST6:
 1559 0163 D2000000 		.4byte	.LVL25
 1560 0167 F0000000 		.4byte	.LVL29
 1561 016b 0100     		.2byte	0x1
 1562 016d 54       		.byte	0x54
 1563 016e 00000000 		.4byte	0
 1564 0172 00000000 		.4byte	0
 1565              		.section	.debug_aranges,"",%progbits
 1566 0000 24000000 		.4byte	0x24
 1567 0004 0200     		.2byte	0x2
 1568 0006 00000000 		.4byte	.Ldebug_info0
 1569 000a 04       		.byte	0x4
 1570 000b 00       		.byte	0
 1571 000c 0000     		.2byte	0
 1572 000e 0000     		.2byte	0
 1573 0010 00000000 		.4byte	.LFB2
 1574 0014 14000000 		.4byte	.LFE2-.LFB2
 1575 0018 00000000 		.4byte	.LFB3
 1576 001c 08010000 		.4byte	.LFE3-.LFB3
 1577 0020 00000000 		.4byte	0
 1578 0024 00000000 		.4byte	0
 1579              		.section	.debug_ranges,"",%progbits
 1580              	.Ldebug_ranges0:
 1581 0000 00000000 		.4byte	.LFB2
 1582 0004 14000000 		.4byte	.LFE2
 1583 0008 00000000 		.4byte	.LFB3
 1584 000c 08010000 		.4byte	.LFE3
 1585 0010 00000000 		.4byte	0
 1586 0014 00000000 		.4byte	0
 1587              		.section	.debug_line,"",%progbits
 1588              	.Ldebug_line0:
 1589 0000 40010000 		.section	.debug_str,"MS",%progbits,1
 1589      0200DC00 
 1589      00000201 
ARM GAS  C:\Users\bryan.lee\AppData\Local\Temp\cc0DELWF.s 			page 33


 1589      FB0E0D00 
 1589      01010101 
 1590              	.LASF60:
 1591 0000 77646774 		.ascii	"wdgtList\000"
 1591      4C697374 
 1591      00
 1592              	.LASF65:
 1593 0009 736E7254 		.ascii	"snrTestRawCount\000"
 1593      65737452 
 1593      6177436F 
 1593      756E7400 
 1594              	.LASF42:
 1595 0019 62736C6E 		.ascii	"bsln\000"
 1595      00
 1596              	.LASF90:
 1597 001e 73656E73 		.ascii	"sensorId\000"
 1597      6F724964 
 1597      00
 1598              	.LASF17:
 1599 0027 43617053 		.ascii	"CapSense_1_THRESHOLD_TYPE\000"
 1599      656E7365 
 1599      5F315F54 
 1599      48524553 
 1599      484F4C44 
 1600              	.LASF33:
 1601 0041 6C6F7742 		.ascii	"lowBslnRst\000"
 1601      736C6E52 
 1601      737400
 1602              	.LASF100:
 1603 004c 43794578 		.ascii	"CyExitCriticalSection\000"
 1603      69744372 
 1603      69746963 
 1603      616C5365 
 1603      6374696F 
 1604              	.LASF73:
 1605 0062 746F7461 		.ascii	"totalNumSns\000"
 1605      6C4E756D 
 1605      536E7300 
 1606              	.LASF34:
 1607 006e 69646163 		.ascii	"idacMod\000"
 1607      4D6F6400 
 1608              	.LASF2:
 1609 0076 73686F72 		.ascii	"short int\000"
 1609      7420696E 
 1609      7400
 1610              	.LASF97:
 1611 0080 43617053 		.ascii	"CapSense_1_dsRam\000"
 1611      656E7365 
 1611      5F315F64 
 1611      7352616D 
 1611      00
 1612              	.LASF32:
 1613 0091 6F6E4465 		.ascii	"onDebounce\000"
 1613      626F756E 
 1613      636500
 1614              	.LASF16:
 1615 009c 73697A65 		.ascii	"sizetype\000"
ARM GAS  C:\Users\bryan.lee\AppData\Local\Temp\cc0DELWF.s 			page 34


 1615      74797065 
 1615      00
 1616              	.LASF27:
 1617 00a5 7265736F 		.ascii	"resolution\000"
 1617      6C757469 
 1617      6F6E00
 1618              	.LASF83:
 1619 00b0 43617053 		.ascii	"CapSense_1_TU_CMD_RESTART_E\000"
 1619      656E7365 
 1619      5F315F54 
 1619      555F434D 
 1619      445F5245 
 1620              	.LASF49:
 1621 00cc 636F6E66 		.ascii	"configId\000"
 1621      69674964 
 1621      00
 1622              	.LASF84:
 1623 00d5 43617053 		.ascii	"CapSense_1_TU_CMD_RUN_SNR_TEST_E\000"
 1623      656E7365 
 1623      5F315F54 
 1623      555F434D 
 1623      445F5255 
 1624              	.LASF46:
 1625 00f6 69646163 		.ascii	"idacComp\000"
 1625      436F6D70 
 1625      00
 1626              	.LASF58:
 1627 00ff 63736430 		.ascii	"csd0Config\000"
 1627      436F6E66 
 1627      696700
 1628              	.LASF6:
 1629 010a 6C6F6E67 		.ascii	"long long int\000"
 1629      206C6F6E 
 1629      6720696E 
 1629      7400
 1630              	.LASF19:
 1631 0118 70617261 		.ascii	"param0\000"
 1631      6D3000
 1632              	.LASF36:
 1633 011f 736E7343 		.ascii	"snsClkSource\000"
 1633      6C6B536F 
 1633      75726365 
 1633      00
 1634              	.LASF21:
 1635 012c 70617261 		.ascii	"param2\000"
 1635      6D3200
 1636              	.LASF22:
 1637 0133 70617261 		.ascii	"param3\000"
 1637      6D3300
 1638              	.LASF23:
 1639 013a 70617261 		.ascii	"param4\000"
 1639      6D3400
 1640              	.LASF24:
 1641 0141 70617261 		.ascii	"param5\000"
 1641      6D3500
 1642              	.LASF25:
 1643 0148 70617261 		.ascii	"param6\000"
ARM GAS  C:\Users\bryan.lee\AppData\Local\Temp\cc0DELWF.s 			page 35


 1643      6D3600
 1644              	.LASF87:
 1645 014f 43617053 		.ascii	"CapSense_1_TU_CMD_ENUM\000"
 1645      656E7365 
 1645      5F315F54 
 1645      555F434D 
 1645      445F454E 
 1646              	.LASF29:
 1647 0166 6E6F6973 		.ascii	"noiseTh\000"
 1647      65546800 
 1648              	.LASF50:
 1649 016e 64657669 		.ascii	"deviceId\000"
 1649      63654964 
 1649      00
 1650              	.LASF10:
 1651 0177 75696E74 		.ascii	"uint16\000"
 1651      313600
 1652              	.LASF102:
 1653 017e 474E5520 		.ascii	"GNU C11 5.4.1 20160609 (release) [ARM/embedded-5-br"
 1653      43313120 
 1653      352E342E 
 1653      31203230 
 1653      31363036 
 1654 01b1 616E6368 		.ascii	"anch revision 237715] -mcpu=cortex-m0 -mthumb -g -O"
 1654      20726576 
 1654      6973696F 
 1654      6E203233 
 1654      37373135 
 1655 01e4 67202D66 		.ascii	"g -ffunction-sections -ffat-lto-objects\000"
 1655      66756E63 
 1655      74696F6E 
 1655      2D736563 
 1655      74696F6E 
 1656              	.LASF71:
 1657 020c 70747232 		.ascii	"ptr2DebounceArr\000"
 1657      4465626F 
 1657      756E6365 
 1657      41727200 
 1658              	.LASF98:
 1659 021c 43617053 		.ascii	"CapSense_1_dsFlash\000"
 1659      656E7365 
 1659      5F315F64 
 1659      73466C61 
 1659      736800
 1660              	.LASF9:
 1661 022f 75696E74 		.ascii	"uint8\000"
 1661      3800
 1662              	.LASF47:
 1663 0235 43617053 		.ascii	"CapSense_1_RAM_SNS_STRUCT\000"
 1663      656E7365 
 1663      5F315F52 
 1663      414D5F53 
 1663      4E535F53 
 1664              	.LASF101:
 1665 024f 43617053 		.ascii	"CapSense_1_Start\000"
 1665      656E7365 
 1665      5F315F53 
ARM GAS  C:\Users\bryan.lee\AppData\Local\Temp\cc0DELWF.s 			page 36


 1665      74617274 
 1665      00
 1666              	.LASF35:
 1667 0260 736E7343 		.ascii	"snsClk\000"
 1667      6C6B00
 1668              	.LASF89:
 1669 0267 77696467 		.ascii	"widgetId\000"
 1669      65744964 
 1669      00
 1670              	.LASF12:
 1671 0270 666C6F61 		.ascii	"float\000"
 1671      7400
 1672              	.LASF80:
 1673 0276 43617053 		.ascii	"CapSense_1_TU_CMD_NONE_E\000"
 1673      656E7365 
 1673      5F315F54 
 1673      555F434D 
 1673      445F4E4F 
 1674              	.LASF63:
 1675 028f 736E7254 		.ascii	"snrTestSensorId\000"
 1675      65737453 
 1675      656E736F 
 1675      72496400 
 1676              	.LASF14:
 1677 029f 63686172 		.ascii	"char\000"
 1677      00
 1678              	.LASF66:
 1679 02a4 43617053 		.ascii	"CapSense_1_RAM_STRUCT\000"
 1679      656E7365 
 1679      5F315F52 
 1679      414D5F53 
 1679      54525543 
 1680              	.LASF39:
 1681 02ba 43617053 		.ascii	"CapSense_1_RAM_WD_BUTTON_STRUCT\000"
 1681      656E7365 
 1681      5F315F52 
 1681      414D5F57 
 1681      445F4255 
 1682              	.LASF74:
 1683 02da 77646774 		.ascii	"wdgtType\000"
 1683      54797065 
 1683      00
 1684              	.LASF28:
 1685 02e3 66696E67 		.ascii	"fingerTh\000"
 1685      65725468 
 1685      00
 1686              	.LASF106:
 1687 02ec 43617053 		.ascii	"CapSense_1_RunTuner\000"
 1687      656E7365 
 1687      5F315F52 
 1687      756E5475 
 1687      6E657200 
 1688              	.LASF68:
 1689 0300 70747232 		.ascii	"ptr2WdgtRam\000"
 1689      57646774 
 1689      52616D00 
 1690              	.LASF48:
ARM GAS  C:\Users\bryan.lee\AppData\Local\Temp\cc0DELWF.s 			page 37


 1691 030c 43617053 		.ascii	"CapSense_1_RAM_SNS_LIST_STRUCT\000"
 1691      656E7365 
 1691      5F315F52 
 1691      414D5F53 
 1691      4E535F4C 
 1692              	.LASF75:
 1693 032b 6E756D43 		.ascii	"numCols\000"
 1693      6F6C7300 
 1694              	.LASF31:
 1695 0333 68797374 		.ascii	"hysteresis\000"
 1695      65726573 
 1695      697300
 1696              	.LASF52:
 1697 033e 74756E65 		.ascii	"tunerCmd\000"
 1697      72436D64 
 1697      00
 1698              	.LASF15:
 1699 0347 6C6F6E67 		.ascii	"long double\000"
 1699      20646F75 
 1699      626C6500 
 1700              	.LASF85:
 1701 0353 43617053 		.ascii	"CapSense_1_TU_CMD_PING_E\000"
 1701      656E7365 
 1701      5F315F54 
 1701      555F434D 
 1701      445F5049 
 1702              	.LASF95:
 1703 036c 70747253 		.ascii	"ptrSnsTmp\000"
 1703      6E73546D 
 1703      7000
 1704              	.LASF99:
 1705 0376 4379456E 		.ascii	"CyEnterCriticalSection\000"
 1705      74657243 
 1705      72697469 
 1705      63616C53 
 1705      65637469 
 1706              	.LASF1:
 1707 038d 756E7369 		.ascii	"unsigned char\000"
 1707      676E6564 
 1707      20636861 
 1707      7200
 1708              	.LASF86:
 1709 039b 43617053 		.ascii	"CapSense_1_TU_CMD_ONE_SCAN_E\000"
 1709      656E7365 
 1709      5F315F54 
 1709      555F434D 
 1709      445F4F4E 
 1710              	.LASF0:
 1711 03b8 7369676E 		.ascii	"signed char\000"
 1711      65642063 
 1711      68617200 
 1712              	.LASF18:
 1713 03c4 43617053 		.ascii	"CapSense_1_LOW_BSLN_RST_TYPE\000"
 1713      656E7365 
 1713      5F315F4C 
 1713      4F575F42 
 1713      534C4E5F 
ARM GAS  C:\Users\bryan.lee\AppData\Local\Temp\cc0DELWF.s 			page 38


 1714              	.LASF7:
 1715 03e1 6C6F6E67 		.ascii	"long long unsigned int\000"
 1715      206C6F6E 
 1715      6720756E 
 1715      7369676E 
 1715      65642069 
 1716              	.LASF82:
 1717 03f8 43617053 		.ascii	"CapSense_1_TU_CMD_RESUME_E\000"
 1717      656E7365 
 1717      5F315F54 
 1717      555F434D 
 1717      445F5245 
 1718              	.LASF72:
 1719 0413 73746174 		.ascii	"staticConfig\000"
 1719      6963436F 
 1719      6E666967 
 1719      00
 1720              	.LASF8:
 1721 0420 756E7369 		.ascii	"unsigned int\000"
 1721      676E6564 
 1721      20696E74 
 1721      00
 1722              	.LASF5:
 1723 042d 6C6F6E67 		.ascii	"long unsigned int\000"
 1723      20756E73 
 1723      69676E65 
 1723      6420696E 
 1723      7400
 1724              	.LASF55:
 1725 043f 77646774 		.ascii	"wdgtEnable\000"
 1725      456E6162 
 1725      6C6500
 1726              	.LASF20:
 1727 044a 70617261 		.ascii	"param1\000"
 1727      6D3100
 1728              	.LASF3:
 1729 0451 73686F72 		.ascii	"short unsigned int\000"
 1729      7420756E 
 1729      7369676E 
 1729      65642069 
 1729      6E7400
 1730              	.LASF54:
 1731 0464 73746174 		.ascii	"status\000"
 1731      757300
 1732              	.LASF51:
 1733 046b 6877436C 		.ascii	"hwClock\000"
 1733      6F636B00 
 1734              	.LASF64:
 1735 0473 736E7254 		.ascii	"snrTestScanCounter\000"
 1735      65737453 
 1735      63616E43 
 1735      6F756E74 
 1735      657200
 1736              	.LASF59:
 1737 0486 6D6F6443 		.ascii	"modCsdClk\000"
 1737      7364436C 
 1737      6B00
ARM GAS  C:\Users\bryan.lee\AppData\Local\Temp\cc0DELWF.s 			page 39


 1738              	.LASF79:
 1739 0490 43617053 		.ascii	"CapSense_1_FLASH_STRUCT\000"
 1739      656E7365 
 1739      5F315F46 
 1739      4C415348 
 1739      5F535452 
 1740              	.LASF81:
 1741 04a8 43617053 		.ascii	"CapSense_1_TU_CMD_SUSPEND_E\000"
 1741      656E7365 
 1741      5F315F54 
 1741      555F434D 
 1741      445F5355 
 1742              	.LASF105:
 1743 04c4 43617053 		.ascii	"CapSense_1_TuInitialize\000"
 1743      656E7365 
 1743      5F315F54 
 1743      75496E69 
 1743      7469616C 
 1744              	.LASF61:
 1745 04dc 736E734C 		.ascii	"snsList\000"
 1745      69737400 
 1746              	.LASF103:
 1747 04e4 47656E65 		.ascii	"Generated_Source\\PSoC4\\CapSense_1_Tuner.c\000"
 1747      72617465 
 1747      645F536F 
 1747      75726365 
 1747      5C50536F 
 1748              	.LASF53:
 1749 050e 7363616E 		.ascii	"scanCounter\000"
 1749      436F756E 
 1749      74657200 
 1750              	.LASF30:
 1751 051a 6E4E6F69 		.ascii	"nNoiseTh\000"
 1751      73655468 
 1751      00
 1752              	.LASF88:
 1753 0523 696E7465 		.ascii	"interruptState\000"
 1753      72727570 
 1753      74537461 
 1753      746500
 1754              	.LASF38:
 1755 0532 73696750 		.ascii	"sigPFC\000"
 1755      464300
 1756              	.LASF11:
 1757 0539 75696E74 		.ascii	"uint32\000"
 1757      333200
 1758              	.LASF96:
 1759 0540 74756E65 		.ascii	"tunerFsm\000"
 1759      7246736D 
 1759      00
 1760              	.LASF13:
 1761 0549 646F7562 		.ascii	"double\000"
 1761      6C6500
 1762              	.LASF43:
 1763 0550 62736C6E 		.ascii	"bslnExt\000"
 1763      45787400 
 1764              	.LASF94:
ARM GAS  C:\Users\bryan.lee\AppData\Local\Temp\cc0DELWF.s 			page 40


 1765 0558 70747244 		.ascii	"ptrDsRam\000"
 1765      7352616D 
 1765      00
 1766              	.LASF45:
 1767 0561 6E656742 		.ascii	"negBslnRstCnt\000"
 1767      736C6E52 
 1767      7374436E 
 1767      7400
 1768              	.LASF91:
 1769 056f 75706461 		.ascii	"updateFlag\000"
 1769      7465466C 
 1769      616700
 1770              	.LASF77:
 1771 057a 43617053 		.ascii	"CapSense_1_FLASH_WD_STRUCT\000"
 1771      656E7365 
 1771      5F315F46 
 1771      4C415348 
 1771      5F57445F 
 1772              	.LASF69:
 1773 0595 70747232 		.ascii	"ptr2SnsRam\000"
 1773      536E7352 
 1773      616D00
 1774              	.LASF67:
 1775 05a0 70747232 		.ascii	"ptr2SnsFlash\000"
 1775      536E7346 
 1775      6C617368 
 1775      00
 1776              	.LASF70:
 1777 05ad 70747232 		.ascii	"ptr2FltrHistory\000"
 1777      466C7472 
 1777      48697374 
 1777      6F727900 
 1778              	.LASF78:
 1779 05bd 77646774 		.ascii	"wdgtArray\000"
 1779      41727261 
 1779      7900
 1780              	.LASF37:
 1781 05c7 66696E67 		.ascii	"fingerCap\000"
 1781      65724361 
 1781      7000
 1782              	.LASF104:
 1783 05d1 433A5C55 		.ascii	"C:\\Users\\bryan.lee\\Documents\\GitHub\\hello-worl"
 1783      73657273 
 1783      5C627279 
 1783      616E2E6C 
 1783      65655C44 
 1784 05ff 645C5073 		.ascii	"d\\Psoc_101_4BLE\\Design13.cydsn\000"
 1784      6F635F31 
 1784      30315F34 
 1784      424C455C 
 1784      44657369 
 1785              	.LASF41:
 1786 061e 43617053 		.ascii	"CapSense_1_RAM_WD_LIST_STRUCT\000"
 1786      656E7365 
 1786      5F315F52 
 1786      414D5F57 
 1786      445F4C49 
ARM GAS  C:\Users\bryan.lee\AppData\Local\Temp\cc0DELWF.s 			page 41


 1787              	.LASF62:
 1788 063c 736E7254 		.ascii	"snrTestWidgetId\000"
 1788      65737457 
 1788      69646765 
 1788      74496400 
 1789              	.LASF4:
 1790 064c 6C6F6E67 		.ascii	"long int\000"
 1790      20696E74 
 1790      00
 1791              	.LASF40:
 1792 0655 64756D6D 		.ascii	"dummywidget\000"
 1792      79776964 
 1792      67657400 
 1793              	.LASF26:
 1794 0661 534D4152 		.ascii	"SMARTSENSE_CSD_NOISE_ENVELOPE_STRUCT\000"
 1794      5453454E 
 1794      53455F43 
 1794      53445F4E 
 1794      4F495345 
 1795              	.LASF56:
 1796 0686 77646774 		.ascii	"wdgtStatus\000"
 1796      53746174 
 1796      757300
 1797              	.LASF93:
 1798 0691 74756E65 		.ascii	"tunerStatus\000"
 1798      72537461 
 1798      74757300 
 1799              	.LASF57:
 1800 069d 736E7353 		.ascii	"snsStatus\000"
 1800      74617475 
 1800      7300
 1801              	.LASF92:
 1802 06a7 636F6D6D 		.ascii	"command\000"
 1802      616E6400 
 1803              	.LASF44:
 1804 06af 64696666 		.ascii	"diff\000"
 1804      00
 1805              	.LASF76:
 1806 06b4 70747232 		.ascii	"ptr2NoiseEnvlp\000"
 1806      4E6F6973 
 1806      65456E76 
 1806      6C7000
 1807              		.ident	"GCC: (GNU Tools for ARM Embedded Processors) 5.4.1 20160609 (release) [ARM/embedded-5-bran
