ARM GAS  C:\Users\bryan.lee\AppData\Local\Temp\ccROklhi.s 			page 1


   1              		.syntax unified
   2              		.cpu cortex-m0
   3              		.fpu softvfp
   4              		.eabi_attribute 20, 1
   5              		.eabi_attribute 21, 1
   6              		.eabi_attribute 23, 3
   7              		.eabi_attribute 24, 1
   8              		.eabi_attribute 25, 1
   9              		.eabi_attribute 26, 1
  10              		.eabi_attribute 30, 1
  11              		.eabi_attribute 34, 0
  12              		.eabi_attribute 18, 4
  13              		.thumb
  14              		.syntax unified
  15              		.file	"main.c"
  16              		.text
  17              	.Ltext0:
  18              		.cfi_sections	.debug_frame
  19              		.section	.text.main,"ax",%progbits
  20              		.align	2
  21              		.global	main
  22              		.code	16
  23              		.thumb_func
  24              		.type	main, %function
  25              	main:
  26              	.LFB36:
  27              		.file 1 "main.c"
   1:main.c        **** /* ========================================
   2:main.c        ****  *
   3:main.c        ****  * Copyright YOUR COMPANY, THE YEAR
   4:main.c        ****  * All Rights Reserved
   5:main.c        ****  * UNPUBLISHED, LICENSED SOFTWARE.
   6:main.c        ****  *
   7:main.c        ****  * CONFIDENTIAL AND PROPRIETARY INFORMATION
   8:main.c        ****  * WHICH IS THE PROPERTY OF your company.
   9:main.c        ****  *
  10:main.c        ****  * ========================================
  11:main.c        **** */
  12:main.c        **** #include "project.h"
  13:main.c        **** #include <stdio.h>
  14:main.c        **** 
  15:main.c        **** uint16 sliderval;
  16:main.c        **** uint16 oldsliderval = 0xFFFF;
  17:main.c        **** char msg[10];
  18:main.c        **** 
  19:main.c        **** void buttonPress();
  20:main.c        **** 
  21:main.c        **** int main()
  22:main.c        **** {      
  28              		.loc 1 22 0
  29              		.cfi_startproc
  30              		@ Volatile: function does not return.
  31              		@ args = 0, pretend = 0, frame = 0
  32              		@ frame_needed = 0, uses_anonymous_args = 0
  33 0000 10B5     		push	{r4, lr}
  34              		.cfi_def_cfa_offset 8
  35              		.cfi_offset 4, -8
ARM GAS  C:\Users\bryan.lee\AppData\Local\Temp\ccROklhi.s 			page 2


  36              		.cfi_offset 14, -4
  23:main.c        ****     CyGlobalIntEnable; /* Enable global interrupts. */
  37              		.loc 1 23 0
  38              		.syntax divided
  39              	@ 23 "main.c" 1
  40 0002 62B6     		CPSIE   i
  41              	@ 0 "" 2
  24:main.c        ****     
  25:main.c        ****     UART_1_Start();
  42              		.loc 1 25 0
  43              		.thumb
  44              		.syntax unified
  45 0004 FFF7FEFF 		bl	UART_1_Start
  46              	.LVL0:
  26:main.c        ****     CapSense_1_Start();
  47              		.loc 1 26 0
  48 0008 FFF7FEFF 		bl	CapSense_1_Start
  49              	.LVL1:
  27:main.c        ****     CapSense_1_InitializeEnabledBaselines();
  50              		.loc 1 27 0
  51 000c FFF7FEFF 		bl	CapSense_1_InitializeEnabledBaselines
  52              	.LVL2:
  28:main.c        ****     CapSense_1_ScanEnabledWidgets();
  53              		.loc 1 28 0
  54 0010 FFF7FEFF 		bl	CapSense_1_ScanEnabledWidgets
  55              	.LVL3:
  56              	.L2:
  29:main.c        **** 
  30:main.c        ****     /* Place your initialization/startup code here (e.g. MyInst_Start()) */
  31:main.c        **** 
  32:main.c        ****     for(;;)
  33:main.c        ****     {
  34:main.c        ****         /* Place your application code here. */
  35:main.c        ****         if(!CapSense_1_IsBusy())
  57              		.loc 1 35 0
  58 0014 FFF7FEFF 		bl	CapSense_1_IsBusy
  59              	.LVL4:
  60 0018 0028     		cmp	r0, #0
  61 001a FBD1     		bne	.L2
  36:main.c        ****         {
  37:main.c        ****             sliderval = CapSense_1_GetCentroidPos(CapSense_1_LINEARSLIDER0__LS);
  62              		.loc 1 37 0
  63 001c FFF7FEFF 		bl	CapSense_1_GetCentroidPos
  64              	.LVL5:
  65 0020 0D4A     		ldr	r2, .L5
  66 0022 1080     		strh	r0, [r2]
  38:main.c        ****             
  39:main.c        ****             if (sliderval != 0xFFFF && sliderval != oldsliderval)
  67              		.loc 1 39 0
  68 0024 0D4A     		ldr	r2, .L5+4
  69 0026 9042     		cmp	r0, r2
  70 0028 10D0     		beq	.L3
  71              		.loc 1 39 0 is_stmt 0 discriminator 1
  72 002a 0D4A     		ldr	r2, .L5+8
  73 002c 1288     		ldrh	r2, [r2]
  74 002e 9042     		cmp	r0, r2
  75 0030 0CD0     		beq	.L3
ARM GAS  C:\Users\bryan.lee\AppData\Local\Temp\ccROklhi.s 			page 3


  40:main.c        ****             
  41:main.c        ****             {
  42:main.c        ****                 sprintf(msg, "%3d\r\n", sliderval);
  76              		.loc 1 42 0 is_stmt 1
  77 0032 0C4C     		ldr	r4, .L5+12
  78 0034 0200     		movs	r2, r0
  79 0036 0C49     		ldr	r1, .L5+16
  80 0038 2000     		movs	r0, r4
  81 003a FFF7FEFF 		bl	sprintf
  82              	.LVL6:
  43:main.c        ****                 UART_1_UartPutString(msg);
  83              		.loc 1 43 0
  84 003e 2000     		movs	r0, r4
  85 0040 FFF7FEFF 		bl	UART_1_UartPutString
  86              	.LVL7:
  44:main.c        ****                 oldsliderval = sliderval;
  87              		.loc 1 44 0
  88 0044 044B     		ldr	r3, .L5
  89 0046 1A88     		ldrh	r2, [r3]
  90 0048 054B     		ldr	r3, .L5+8
  91 004a 1A80     		strh	r2, [r3]
  92              	.L3:
  45:main.c        ****             }
  46:main.c        ****             CapSense_1_UpdateEnabledBaselines();
  93              		.loc 1 46 0
  94 004c FFF7FEFF 		bl	CapSense_1_UpdateEnabledBaselines
  95              	.LVL8:
  47:main.c        ****             CapSense_1_ScanEnabledWidgets();
  96              		.loc 1 47 0
  97 0050 FFF7FEFF 		bl	CapSense_1_ScanEnabledWidgets
  98              	.LVL9:
  99 0054 DEE7     		b	.L2
 100              	.L6:
 101 0056 C046     		.align	2
 102              	.L5:
 103 0058 00000000 		.word	sliderval
 104 005c FFFF0000 		.word	65535
 105 0060 00000000 		.word	.LANCHOR0
 106 0064 00000000 		.word	msg
 107 0068 00000000 		.word	.LC2
 108              		.cfi_endproc
 109              	.LFE36:
 110              		.size	main, .-main
 111              		.section	.text.buttonPress,"ax",%progbits
 112              		.align	2
 113              		.global	buttonPress
 114              		.code	16
 115              		.thumb_func
 116              		.type	buttonPress, %function
 117              	buttonPress:
 118              	.LFB37:
  48:main.c        ****             
  49:main.c        ****         }
  50:main.c        ****     }
  51:main.c        **** }
  52:main.c        **** 
  53:main.c        **** /* [] END OF FILE */
ARM GAS  C:\Users\bryan.lee\AppData\Local\Temp\ccROklhi.s 			page 4


  54:main.c        **** 
  55:main.c        **** 
  56:main.c        **** void buttonPress()
  57:main.c        **** {
 119              		.loc 1 57 0
 120              		.cfi_startproc
 121              		@ args = 0, pretend = 0, frame = 0
 122              		@ frame_needed = 0, uses_anonymous_args = 0
 123              		@ link register save eliminated.
  58:main.c        ****     if(sliderval == oldsliderval && sliderval <= 20)
  59:main.c        ****     {
  60:main.c        ****         
  61:main.c        ****     }
  62:main.c        **** }...
 124              		.loc 1 62 0
 125              		@ sp needed
 126 0000 7047     		bx	lr
 127              		.cfi_endproc
 128              	.LFE37:
 129              		.size	buttonPress, .-buttonPress
 130              		.comm	msg,10,4
 131              		.global	oldsliderval
 132              		.comm	sliderval,2,2
 133 0002 C046     		.data
 134              		.align	1
 135              		.set	.LANCHOR0,. + 0
 136              		.type	oldsliderval, %object
 137              		.size	oldsliderval, 2
 138              	oldsliderval:
 139 0000 FFFF     		.short	-1
 140              		.section	.rodata.str1.4,"aMS",%progbits,1
 141              		.align	2
 142              	.LC2:
 143 0000 2533640D 		.ascii	"%3d\015\012\000"
 143      0A00
 144              		.text
 145              	.Letext0:
 146              		.file 2 "Generated_Source\\PSoC4/UART_1.h"
 147              		.file 3 "Generated_Source\\PSoC4/CapSense_1.h"
 148              		.file 4 "Generated_Source\\PSoC4/CapSense_1_CSHL.h"
 149              		.file 5 "c:\\program files (x86)\\cypress\\psoc creator\\4.2\\psoc creator\\import\\gnu\\arm\\5.4.
 150              		.file 6 "Generated_Source\\PSoC4/UART_1_SPI_UART.h"
 151              		.file 7 "Generated_Source\\PSoC4/cytypes.h"
 152              		.section	.debug_info,"",%progbits
 153              	.Ldebug_info0:
 154 0000 E2010000 		.4byte	0x1e2
 155 0004 0400     		.2byte	0x4
 156 0006 00000000 		.4byte	.Ldebug_abbrev0
 157 000a 04       		.byte	0x4
 158 000b 01       		.uleb128 0x1
 159 000c 64010000 		.4byte	.LASF25
 160 0010 0C       		.byte	0xc
 161 0011 09020000 		.4byte	.LASF26
 162 0015 B9000000 		.4byte	.LASF27
 163 0019 00000000 		.4byte	.Ldebug_ranges0+0
 164 001d 00000000 		.4byte	0
 165 0021 00000000 		.4byte	.Ldebug_line0
ARM GAS  C:\Users\bryan.lee\AppData\Local\Temp\ccROklhi.s 			page 5


 166 0025 02       		.uleb128 0x2
 167 0026 01       		.byte	0x1
 168 0027 06       		.byte	0x6
 169 0028 3D020000 		.4byte	.LASF0
 170 002c 02       		.uleb128 0x2
 171 002d 01       		.byte	0x1
 172 002e 08       		.byte	0x8
 173 002f 60000000 		.4byte	.LASF1
 174 0033 02       		.uleb128 0x2
 175 0034 02       		.byte	0x2
 176 0035 05       		.byte	0x5
 177 0036 15020000 		.4byte	.LASF2
 178 003a 02       		.uleb128 0x2
 179 003b 02       		.byte	0x2
 180 003c 07       		.byte	0x7
 181 003d A6000000 		.4byte	.LASF3
 182 0041 02       		.uleb128 0x2
 183 0042 04       		.byte	0x4
 184 0043 05       		.byte	0x5
 185 0044 51000000 		.4byte	.LASF4
 186 0048 02       		.uleb128 0x2
 187 0049 04       		.byte	0x4
 188 004a 07       		.byte	0x7
 189 004b 94000000 		.4byte	.LASF5
 190 004f 02       		.uleb128 0x2
 191 0050 08       		.byte	0x8
 192 0051 05       		.byte	0x5
 193 0052 FB010000 		.4byte	.LASF6
 194 0056 02       		.uleb128 0x2
 195 0057 08       		.byte	0x8
 196 0058 07       		.byte	0x7
 197 0059 41010000 		.4byte	.LASF7
 198 005d 03       		.uleb128 0x3
 199 005e 04       		.byte	0x4
 200 005f 05       		.byte	0x5
 201 0060 696E7400 		.ascii	"int\000"
 202 0064 02       		.uleb128 0x2
 203 0065 04       		.byte	0x4
 204 0066 07       		.byte	0x7
 205 0067 34010000 		.4byte	.LASF8
 206 006b 04       		.uleb128 0x4
 207 006c 12010000 		.4byte	.LASF28
 208 0070 07       		.byte	0x7
 209 0071 E501     		.2byte	0x1e5
 210 0073 3A000000 		.4byte	0x3a
 211 0077 02       		.uleb128 0x2
 212 0078 04       		.byte	0x4
 213 0079 04       		.byte	0x4
 214 007a 5A000000 		.4byte	.LASF9
 215 007e 02       		.uleb128 0x2
 216 007f 08       		.byte	0x8
 217 0080 04       		.byte	0x4
 218 0081 06010000 		.4byte	.LASF10
 219 0085 02       		.uleb128 0x2
 220 0086 01       		.byte	0x1
 221 0087 08       		.byte	0x8
 222 0088 10020000 		.4byte	.LASF11
ARM GAS  C:\Users\bryan.lee\AppData\Local\Temp\ccROklhi.s 			page 6


 223 008c 02       		.uleb128 0x2
 224 008d 08       		.byte	0x8
 225 008e 04       		.byte	0x4
 226 008f 31020000 		.4byte	.LASF12
 227 0093 02       		.uleb128 0x2
 228 0094 04       		.byte	0x4
 229 0095 07       		.byte	0x7
 230 0096 F2010000 		.4byte	.LASF13
 231 009a 05       		.uleb128 0x5
 232 009b 0D010000 		.4byte	.LASF29
 233 009f 01       		.byte	0x1
 234 00a0 15       		.byte	0x15
 235 00a1 5D000000 		.4byte	0x5d
 236 00a5 00000000 		.4byte	.LFB36
 237 00a9 6C000000 		.4byte	.LFE36-.LFB36
 238 00ad 01       		.uleb128 0x1
 239 00ae 9C       		.byte	0x9c
 240 00af 2D010000 		.4byte	0x12d
 241 00b3 06       		.uleb128 0x6
 242 00b4 08000000 		.4byte	.LVL0
 243 00b8 81010000 		.4byte	0x181
 244 00bc 06       		.uleb128 0x6
 245 00bd 0C000000 		.4byte	.LVL1
 246 00c1 8C010000 		.4byte	0x18c
 247 00c5 06       		.uleb128 0x6
 248 00c6 10000000 		.4byte	.LVL2
 249 00ca 97010000 		.4byte	0x197
 250 00ce 06       		.uleb128 0x6
 251 00cf 14000000 		.4byte	.LVL3
 252 00d3 A2010000 		.4byte	0x1a2
 253 00d7 06       		.uleb128 0x6
 254 00d8 18000000 		.4byte	.LVL4
 255 00dc AD010000 		.4byte	0x1ad
 256 00e0 06       		.uleb128 0x6
 257 00e1 20000000 		.4byte	.LVL5
 258 00e5 B8010000 		.4byte	0x1b8
 259 00e9 07       		.uleb128 0x7
 260 00ea 3E000000 		.4byte	.LVL6
 261 00ee C3010000 		.4byte	0x1c3
 262 00f2 06010000 		.4byte	0x106
 263 00f6 08       		.uleb128 0x8
 264 00f7 01       		.uleb128 0x1
 265 00f8 50       		.byte	0x50
 266 00f9 02       		.uleb128 0x2
 267 00fa 74       		.byte	0x74
 268 00fb 00       		.sleb128 0
 269 00fc 08       		.uleb128 0x8
 270 00fd 01       		.uleb128 0x1
 271 00fe 51       		.byte	0x51
 272 00ff 05       		.uleb128 0x5
 273 0100 03       		.byte	0x3
 274 0101 00000000 		.4byte	.LC2
 275 0105 00       		.byte	0
 276 0106 07       		.uleb128 0x7
 277 0107 44000000 		.4byte	.LVL7
 278 010b CE010000 		.4byte	0x1ce
 279 010f 1A010000 		.4byte	0x11a
ARM GAS  C:\Users\bryan.lee\AppData\Local\Temp\ccROklhi.s 			page 7


 280 0113 08       		.uleb128 0x8
 281 0114 01       		.uleb128 0x1
 282 0115 50       		.byte	0x50
 283 0116 02       		.uleb128 0x2
 284 0117 74       		.byte	0x74
 285 0118 00       		.sleb128 0
 286 0119 00       		.byte	0
 287 011a 06       		.uleb128 0x6
 288 011b 50000000 		.4byte	.LVL8
 289 011f DA010000 		.4byte	0x1da
 290 0123 06       		.uleb128 0x6
 291 0124 54000000 		.4byte	.LVL9
 292 0128 A2010000 		.4byte	0x1a2
 293 012c 00       		.byte	0
 294 012d 09       		.uleb128 0x9
 295 012e 58010000 		.4byte	.LASF30
 296 0132 01       		.byte	0x1
 297 0133 38       		.byte	0x38
 298 0134 00000000 		.4byte	.LFB37
 299 0138 02000000 		.4byte	.LFE37-.LFB37
 300 013c 01       		.uleb128 0x1
 301 013d 9C       		.byte	0x9c
 302 013e 0A       		.uleb128 0xa
 303 013f 2A010000 		.4byte	.LASF14
 304 0143 01       		.byte	0x1
 305 0144 0F       		.byte	0xf
 306 0145 6B000000 		.4byte	0x6b
 307 0149 05       		.uleb128 0x5
 308 014a 03       		.byte	0x3
 309 014b 00000000 		.4byte	sliderval
 310 014f 0A       		.uleb128 0xa
 311 0150 00000000 		.4byte	.LASF15
 312 0154 01       		.byte	0x1
 313 0155 10       		.byte	0x10
 314 0156 6B000000 		.4byte	0x6b
 315 015a 05       		.uleb128 0x5
 316 015b 03       		.byte	0x3
 317 015c 00000000 		.4byte	oldsliderval
 318 0160 0B       		.uleb128 0xb
 319 0161 85000000 		.4byte	0x85
 320 0165 70010000 		.4byte	0x170
 321 0169 0C       		.uleb128 0xc
 322 016a 93000000 		.4byte	0x93
 323 016e 09       		.byte	0x9
 324 016f 00       		.byte	0
 325 0170 0D       		.uleb128 0xd
 326 0171 6D736700 		.ascii	"msg\000"
 327 0175 01       		.byte	0x1
 328 0176 11       		.byte	0x11
 329 0177 60010000 		.4byte	0x160
 330 017b 05       		.uleb128 0x5
 331 017c 03       		.byte	0x3
 332 017d 00000000 		.4byte	msg
 333 0181 0E       		.uleb128 0xe
 334 0182 0D000000 		.4byte	.LASF16
 335 0186 0D000000 		.4byte	.LASF16
 336 018a 02       		.byte	0x2
ARM GAS  C:\Users\bryan.lee\AppData\Local\Temp\ccROklhi.s 			page 8


 337 018b 72       		.byte	0x72
 338 018c 0E       		.uleb128 0xe
 339 018d 19010000 		.4byte	.LASF17
 340 0191 19010000 		.4byte	.LASF17
 341 0195 03       		.byte	0x3
 342 0196 99       		.byte	0x99
 343 0197 0E       		.uleb128 0xe
 344 0198 6E000000 		.4byte	.LASF18
 345 019c 6E000000 		.4byte	.LASF18
 346 01a0 04       		.byte	0x4
 347 01a1 AC       		.byte	0xac
 348 01a2 0E       		.uleb128 0xe
 349 01a3 63020000 		.4byte	.LASF19
 350 01a7 63020000 		.4byte	.LASF19
 351 01ab 03       		.byte	0x3
 352 01ac A2       		.byte	0xa2
 353 01ad 0E       		.uleb128 0xe
 354 01ae 1F020000 		.4byte	.LASF20
 355 01b2 1F020000 		.4byte	.LASF20
 356 01b6 03       		.byte	0x3
 357 01b7 9F       		.byte	0x9f
 358 01b8 0E       		.uleb128 0xe
 359 01b9 49020000 		.4byte	.LASF21
 360 01bd 49020000 		.4byte	.LASF21
 361 01c1 04       		.byte	0x4
 362 01c2 E2       		.byte	0xe2
 363 01c3 0E       		.uleb128 0xe
 364 01c4 81020000 		.4byte	.LASF22
 365 01c8 81020000 		.4byte	.LASF22
 366 01cc 05       		.byte	0x5
 367 01cd E7       		.byte	0xe7
 368 01ce 0F       		.uleb128 0xf
 369 01cf 3C000000 		.4byte	.LASF23
 370 01d3 3C000000 		.4byte	.LASF23
 371 01d7 06       		.byte	0x6
 372 01d8 2A03     		.2byte	0x32a
 373 01da 0E       		.uleb128 0xe
 374 01db 1A000000 		.4byte	.LASF24
 375 01df 1A000000 		.4byte	.LASF24
 376 01e3 04       		.byte	0x4
 377 01e4 AF       		.byte	0xaf
 378 01e5 00       		.byte	0
 379              		.section	.debug_abbrev,"",%progbits
 380              	.Ldebug_abbrev0:
 381 0000 01       		.uleb128 0x1
 382 0001 11       		.uleb128 0x11
 383 0002 01       		.byte	0x1
 384 0003 25       		.uleb128 0x25
 385 0004 0E       		.uleb128 0xe
 386 0005 13       		.uleb128 0x13
 387 0006 0B       		.uleb128 0xb
 388 0007 03       		.uleb128 0x3
 389 0008 0E       		.uleb128 0xe
 390 0009 1B       		.uleb128 0x1b
 391 000a 0E       		.uleb128 0xe
 392 000b 55       		.uleb128 0x55
 393 000c 17       		.uleb128 0x17
ARM GAS  C:\Users\bryan.lee\AppData\Local\Temp\ccROklhi.s 			page 9


 394 000d 11       		.uleb128 0x11
 395 000e 01       		.uleb128 0x1
 396 000f 10       		.uleb128 0x10
 397 0010 17       		.uleb128 0x17
 398 0011 00       		.byte	0
 399 0012 00       		.byte	0
 400 0013 02       		.uleb128 0x2
 401 0014 24       		.uleb128 0x24
 402 0015 00       		.byte	0
 403 0016 0B       		.uleb128 0xb
 404 0017 0B       		.uleb128 0xb
 405 0018 3E       		.uleb128 0x3e
 406 0019 0B       		.uleb128 0xb
 407 001a 03       		.uleb128 0x3
 408 001b 0E       		.uleb128 0xe
 409 001c 00       		.byte	0
 410 001d 00       		.byte	0
 411 001e 03       		.uleb128 0x3
 412 001f 24       		.uleb128 0x24
 413 0020 00       		.byte	0
 414 0021 0B       		.uleb128 0xb
 415 0022 0B       		.uleb128 0xb
 416 0023 3E       		.uleb128 0x3e
 417 0024 0B       		.uleb128 0xb
 418 0025 03       		.uleb128 0x3
 419 0026 08       		.uleb128 0x8
 420 0027 00       		.byte	0
 421 0028 00       		.byte	0
 422 0029 04       		.uleb128 0x4
 423 002a 16       		.uleb128 0x16
 424 002b 00       		.byte	0
 425 002c 03       		.uleb128 0x3
 426 002d 0E       		.uleb128 0xe
 427 002e 3A       		.uleb128 0x3a
 428 002f 0B       		.uleb128 0xb
 429 0030 3B       		.uleb128 0x3b
 430 0031 05       		.uleb128 0x5
 431 0032 49       		.uleb128 0x49
 432 0033 13       		.uleb128 0x13
 433 0034 00       		.byte	0
 434 0035 00       		.byte	0
 435 0036 05       		.uleb128 0x5
 436 0037 2E       		.uleb128 0x2e
 437 0038 01       		.byte	0x1
 438 0039 3F       		.uleb128 0x3f
 439 003a 19       		.uleb128 0x19
 440 003b 03       		.uleb128 0x3
 441 003c 0E       		.uleb128 0xe
 442 003d 3A       		.uleb128 0x3a
 443 003e 0B       		.uleb128 0xb
 444 003f 3B       		.uleb128 0x3b
 445 0040 0B       		.uleb128 0xb
 446 0041 49       		.uleb128 0x49
 447 0042 13       		.uleb128 0x13
 448 0043 8701     		.uleb128 0x87
 449 0045 19       		.uleb128 0x19
 450 0046 11       		.uleb128 0x11
ARM GAS  C:\Users\bryan.lee\AppData\Local\Temp\ccROklhi.s 			page 10


 451 0047 01       		.uleb128 0x1
 452 0048 12       		.uleb128 0x12
 453 0049 06       		.uleb128 0x6
 454 004a 40       		.uleb128 0x40
 455 004b 18       		.uleb128 0x18
 456 004c 9742     		.uleb128 0x2117
 457 004e 19       		.uleb128 0x19
 458 004f 01       		.uleb128 0x1
 459 0050 13       		.uleb128 0x13
 460 0051 00       		.byte	0
 461 0052 00       		.byte	0
 462 0053 06       		.uleb128 0x6
 463 0054 898201   		.uleb128 0x4109
 464 0057 00       		.byte	0
 465 0058 11       		.uleb128 0x11
 466 0059 01       		.uleb128 0x1
 467 005a 31       		.uleb128 0x31
 468 005b 13       		.uleb128 0x13
 469 005c 00       		.byte	0
 470 005d 00       		.byte	0
 471 005e 07       		.uleb128 0x7
 472 005f 898201   		.uleb128 0x4109
 473 0062 01       		.byte	0x1
 474 0063 11       		.uleb128 0x11
 475 0064 01       		.uleb128 0x1
 476 0065 31       		.uleb128 0x31
 477 0066 13       		.uleb128 0x13
 478 0067 01       		.uleb128 0x1
 479 0068 13       		.uleb128 0x13
 480 0069 00       		.byte	0
 481 006a 00       		.byte	0
 482 006b 08       		.uleb128 0x8
 483 006c 8A8201   		.uleb128 0x410a
 484 006f 00       		.byte	0
 485 0070 02       		.uleb128 0x2
 486 0071 18       		.uleb128 0x18
 487 0072 9142     		.uleb128 0x2111
 488 0074 18       		.uleb128 0x18
 489 0075 00       		.byte	0
 490 0076 00       		.byte	0
 491 0077 09       		.uleb128 0x9
 492 0078 2E       		.uleb128 0x2e
 493 0079 00       		.byte	0
 494 007a 3F       		.uleb128 0x3f
 495 007b 19       		.uleb128 0x19
 496 007c 03       		.uleb128 0x3
 497 007d 0E       		.uleb128 0xe
 498 007e 3A       		.uleb128 0x3a
 499 007f 0B       		.uleb128 0xb
 500 0080 3B       		.uleb128 0x3b
 501 0081 0B       		.uleb128 0xb
 502 0082 11       		.uleb128 0x11
 503 0083 01       		.uleb128 0x1
 504 0084 12       		.uleb128 0x12
 505 0085 06       		.uleb128 0x6
 506 0086 40       		.uleb128 0x40
 507 0087 18       		.uleb128 0x18
ARM GAS  C:\Users\bryan.lee\AppData\Local\Temp\ccROklhi.s 			page 11


 508 0088 9742     		.uleb128 0x2117
 509 008a 19       		.uleb128 0x19
 510 008b 00       		.byte	0
 511 008c 00       		.byte	0
 512 008d 0A       		.uleb128 0xa
 513 008e 34       		.uleb128 0x34
 514 008f 00       		.byte	0
 515 0090 03       		.uleb128 0x3
 516 0091 0E       		.uleb128 0xe
 517 0092 3A       		.uleb128 0x3a
 518 0093 0B       		.uleb128 0xb
 519 0094 3B       		.uleb128 0x3b
 520 0095 0B       		.uleb128 0xb
 521 0096 49       		.uleb128 0x49
 522 0097 13       		.uleb128 0x13
 523 0098 3F       		.uleb128 0x3f
 524 0099 19       		.uleb128 0x19
 525 009a 02       		.uleb128 0x2
 526 009b 18       		.uleb128 0x18
 527 009c 00       		.byte	0
 528 009d 00       		.byte	0
 529 009e 0B       		.uleb128 0xb
 530 009f 01       		.uleb128 0x1
 531 00a0 01       		.byte	0x1
 532 00a1 49       		.uleb128 0x49
 533 00a2 13       		.uleb128 0x13
 534 00a3 01       		.uleb128 0x1
 535 00a4 13       		.uleb128 0x13
 536 00a5 00       		.byte	0
 537 00a6 00       		.byte	0
 538 00a7 0C       		.uleb128 0xc
 539 00a8 21       		.uleb128 0x21
 540 00a9 00       		.byte	0
 541 00aa 49       		.uleb128 0x49
 542 00ab 13       		.uleb128 0x13
 543 00ac 2F       		.uleb128 0x2f
 544 00ad 0B       		.uleb128 0xb
 545 00ae 00       		.byte	0
 546 00af 00       		.byte	0
 547 00b0 0D       		.uleb128 0xd
 548 00b1 34       		.uleb128 0x34
 549 00b2 00       		.byte	0
 550 00b3 03       		.uleb128 0x3
 551 00b4 08       		.uleb128 0x8
 552 00b5 3A       		.uleb128 0x3a
 553 00b6 0B       		.uleb128 0xb
 554 00b7 3B       		.uleb128 0x3b
 555 00b8 0B       		.uleb128 0xb
 556 00b9 49       		.uleb128 0x49
 557 00ba 13       		.uleb128 0x13
 558 00bb 3F       		.uleb128 0x3f
 559 00bc 19       		.uleb128 0x19
 560 00bd 02       		.uleb128 0x2
 561 00be 18       		.uleb128 0x18
 562 00bf 00       		.byte	0
 563 00c0 00       		.byte	0
 564 00c1 0E       		.uleb128 0xe
ARM GAS  C:\Users\bryan.lee\AppData\Local\Temp\ccROklhi.s 			page 12


 565 00c2 2E       		.uleb128 0x2e
 566 00c3 00       		.byte	0
 567 00c4 3F       		.uleb128 0x3f
 568 00c5 19       		.uleb128 0x19
 569 00c6 3C       		.uleb128 0x3c
 570 00c7 19       		.uleb128 0x19
 571 00c8 6E       		.uleb128 0x6e
 572 00c9 0E       		.uleb128 0xe
 573 00ca 03       		.uleb128 0x3
 574 00cb 0E       		.uleb128 0xe
 575 00cc 3A       		.uleb128 0x3a
 576 00cd 0B       		.uleb128 0xb
 577 00ce 3B       		.uleb128 0x3b
 578 00cf 0B       		.uleb128 0xb
 579 00d0 00       		.byte	0
 580 00d1 00       		.byte	0
 581 00d2 0F       		.uleb128 0xf
 582 00d3 2E       		.uleb128 0x2e
 583 00d4 00       		.byte	0
 584 00d5 3F       		.uleb128 0x3f
 585 00d6 19       		.uleb128 0x19
 586 00d7 3C       		.uleb128 0x3c
 587 00d8 19       		.uleb128 0x19
 588 00d9 6E       		.uleb128 0x6e
 589 00da 0E       		.uleb128 0xe
 590 00db 03       		.uleb128 0x3
 591 00dc 0E       		.uleb128 0xe
 592 00dd 3A       		.uleb128 0x3a
 593 00de 0B       		.uleb128 0xb
 594 00df 3B       		.uleb128 0x3b
 595 00e0 05       		.uleb128 0x5
 596 00e1 00       		.byte	0
 597 00e2 00       		.byte	0
 598 00e3 00       		.byte	0
 599              		.section	.debug_aranges,"",%progbits
 600 0000 24000000 		.4byte	0x24
 601 0004 0200     		.2byte	0x2
 602 0006 00000000 		.4byte	.Ldebug_info0
 603 000a 04       		.byte	0x4
 604 000b 00       		.byte	0
 605 000c 0000     		.2byte	0
 606 000e 0000     		.2byte	0
 607 0010 00000000 		.4byte	.LFB36
 608 0014 6C000000 		.4byte	.LFE36-.LFB36
 609 0018 00000000 		.4byte	.LFB37
 610 001c 02000000 		.4byte	.LFE37-.LFB37
 611 0020 00000000 		.4byte	0
 612 0024 00000000 		.4byte	0
 613              		.section	.debug_ranges,"",%progbits
 614              	.Ldebug_ranges0:
 615 0000 00000000 		.4byte	.LFB36
 616 0004 6C000000 		.4byte	.LFE36
 617 0008 00000000 		.4byte	.LFB37
 618 000c 02000000 		.4byte	.LFE37
 619 0010 00000000 		.4byte	0
 620 0014 00000000 		.4byte	0
 621              		.section	.debug_line,"",%progbits
ARM GAS  C:\Users\bryan.lee\AppData\Local\Temp\ccROklhi.s 			page 13


 622              	.Ldebug_line0:
 623 0000 33010000 		.section	.debug_str,"MS",%progbits,1
 623      0200FA00 
 623      00000201 
 623      FB0E0D00 
 623      01010101 
 624              	.LASF15:
 625 0000 6F6C6473 		.ascii	"oldsliderval\000"
 625      6C696465 
 625      7276616C 
 625      00
 626              	.LASF16:
 627 000d 55415254 		.ascii	"UART_1_Start\000"
 627      5F315F53 
 627      74617274 
 627      00
 628              	.LASF24:
 629 001a 43617053 		.ascii	"CapSense_1_UpdateEnabledBaselines\000"
 629      656E7365 
 629      5F315F55 
 629      70646174 
 629      65456E61 
 630              	.LASF23:
 631 003c 55415254 		.ascii	"UART_1_UartPutString\000"
 631      5F315F55 
 631      61727450 
 631      75745374 
 631      72696E67 
 632              	.LASF4:
 633 0051 6C6F6E67 		.ascii	"long int\000"
 633      20696E74 
 633      00
 634              	.LASF9:
 635 005a 666C6F61 		.ascii	"float\000"
 635      7400
 636              	.LASF1:
 637 0060 756E7369 		.ascii	"unsigned char\000"
 637      676E6564 
 637      20636861 
 637      7200
 638              	.LASF18:
 639 006e 43617053 		.ascii	"CapSense_1_InitializeEnabledBaselines\000"
 639      656E7365 
 639      5F315F49 
 639      6E697469 
 639      616C697A 
 640              	.LASF5:
 641 0094 6C6F6E67 		.ascii	"long unsigned int\000"
 641      20756E73 
 641      69676E65 
 641      6420696E 
 641      7400
 642              	.LASF3:
 643 00a6 73686F72 		.ascii	"short unsigned int\000"
 643      7420756E 
 643      7369676E 
 643      65642069 
ARM GAS  C:\Users\bryan.lee\AppData\Local\Temp\ccROklhi.s 			page 14


 643      6E7400
 644              	.LASF27:
 645 00b9 433A5C55 		.ascii	"C:\\Users\\bryan.lee\\Documents\\GitHub\\hello-worl"
 645      73657273 
 645      5C627279 
 645      616E2E6C 
 645      65655C44 
 646 00e7 645C5073 		.ascii	"d\\Psoc_101_4BLE\\Design13.cydsn\000"
 646      6F635F31 
 646      30315F34 
 646      424C455C 
 646      44657369 
 647              	.LASF10:
 648 0106 646F7562 		.ascii	"double\000"
 648      6C6500
 649              	.LASF29:
 650 010d 6D61696E 		.ascii	"main\000"
 650      00
 651              	.LASF28:
 652 0112 75696E74 		.ascii	"uint16\000"
 652      313600
 653              	.LASF17:
 654 0119 43617053 		.ascii	"CapSense_1_Start\000"
 654      656E7365 
 654      5F315F53 
 654      74617274 
 654      00
 655              	.LASF14:
 656 012a 736C6964 		.ascii	"sliderval\000"
 656      65727661 
 656      6C00
 657              	.LASF8:
 658 0134 756E7369 		.ascii	"unsigned int\000"
 658      676E6564 
 658      20696E74 
 658      00
 659              	.LASF7:
 660 0141 6C6F6E67 		.ascii	"long long unsigned int\000"
 660      206C6F6E 
 660      6720756E 
 660      7369676E 
 660      65642069 
 661              	.LASF30:
 662 0158 62757474 		.ascii	"buttonPress\000"
 662      6F6E5072 
 662      65737300 
 663              	.LASF25:
 664 0164 474E5520 		.ascii	"GNU C11 5.4.1 20160609 (release) [ARM/embedded-5-br"
 664      43313120 
 664      352E342E 
 664      31203230 
 664      31363036 
 665 0197 616E6368 		.ascii	"anch revision 237715] -mcpu=cortex-m0 -mthumb -g -O"
 665      20726576 
 665      6973696F 
 665      6E203233 
 665      37373135 
ARM GAS  C:\Users\bryan.lee\AppData\Local\Temp\ccROklhi.s 			page 15


 666 01ca 67202D66 		.ascii	"g -ffunction-sections -ffat-lto-objects\000"
 666      66756E63 
 666      74696F6E 
 666      2D736563 
 666      74696F6E 
 667              	.LASF13:
 668 01f2 73697A65 		.ascii	"sizetype\000"
 668      74797065 
 668      00
 669              	.LASF6:
 670 01fb 6C6F6E67 		.ascii	"long long int\000"
 670      206C6F6E 
 670      6720696E 
 670      7400
 671              	.LASF26:
 672 0209 6D61696E 		.ascii	"main.c\000"
 672      2E6300
 673              	.LASF11:
 674 0210 63686172 		.ascii	"char\000"
 674      00
 675              	.LASF2:
 676 0215 73686F72 		.ascii	"short int\000"
 676      7420696E 
 676      7400
 677              	.LASF20:
 678 021f 43617053 		.ascii	"CapSense_1_IsBusy\000"
 678      656E7365 
 678      5F315F49 
 678      73427573 
 678      7900
 679              	.LASF12:
 680 0231 6C6F6E67 		.ascii	"long double\000"
 680      20646F75 
 680      626C6500 
 681              	.LASF0:
 682 023d 7369676E 		.ascii	"signed char\000"
 682      65642063 
 682      68617200 
 683              	.LASF21:
 684 0249 43617053 		.ascii	"CapSense_1_GetCentroidPos\000"
 684      656E7365 
 684      5F315F47 
 684      65744365 
 684      6E74726F 
 685              	.LASF19:
 686 0263 43617053 		.ascii	"CapSense_1_ScanEnabledWidgets\000"
 686      656E7365 
 686      5F315F53 
 686      63616E45 
 686      6E61626C 
 687              	.LASF22:
 688 0281 73707269 		.ascii	"sprintf\000"
 688      6E746600 
 689              		.ident	"GCC: (GNU Tools for ARM Embedded Processors) 5.4.1 20160609 (release) [ARM/embedded-5-bran
