--------------- Build Started: 04/01/2020 17:53:09 Project: EQF1296_DUT, Configuration: ARM GCC 5.4-2016-q2-update Debug ---------------
cydsfit.exe -.appdatapath "C:\Users\bryan.lee\AppData\Local\Cypress Semiconductor\PSoC Creator\4.3" -.fdsnotice -.fdswarpdepfile=warp_dependencies.txt -.fdselabdepfile=elab_dependencies.txt -.fdsbldfile=generated_files.txt -.fdsreffile=referenced_files.txt -p C:\Users\bryan.lee\Documents\GitHub\hello-world\Cypress\EQF1296_DUT\EQF1296_DUT.cydsn\EQF1296_DUT.cyprj -d CY8C5868AXI-LP035 -s C:\Users\bryan.lee\Documents\GitHub\hello-world\Cypress\EQF1296_DUT\EQF1296_DUT.cydsn\Generated_Source\PSoC5 -- -yv2 -q10 -ygs -o2 -v3 -.fftcfgtype=LE
Elaborating Design...
ADD: sdb.M0012: error: Terminals "mux.outTerm,ADC_SAR_1.vplus" connected to signal "Net_450" have mismatching types.
 * C:\Users\bryan.lee\Documents\GitHub\hello-world\Cypress\EQF1296_DUT\EQF1296_DUT.cydsn\TopDesign\TopDesign.cysch (Signal: Net_450)
 * C:\Users\bryan.lee\Documents\GitHub\hello-world\Cypress\EQF1296_DUT\EQF1296_DUT.cydsn\TopDesign\TopDesign.cysch (Shape_118.2)
 * C:\Users\bryan.lee\Documents\GitHub\hello-world\Cypress\EQF1296_DUT\EQF1296_DUT.cydsn\TopDesign\TopDesign.cysch (vplus)
 * C:\Users\bryan.lee\Documents\GitHub\hello-world\Cypress\EQF1296_DUT\EQF1296_DUT.cydsn\TopDesign\TopDesign.cysch (outTerm)
 * C:\Users\bryan.lee\Documents\GitHub\hello-world\Cypress\EQF1296_DUT\EQF1296_DUT.cydsn\TopDesign\TopDesign.cysch (Shape_119.12)
 * C:\Users\bryan.lee\Documents\GitHub\hello-world\Cypress\EQF1296_DUT\EQF1296_DUT.cydsn\TopDesign\TopDesign.cysch (Shape_146)
ADD: sdb.M0018: error: Multiple drivers on signal "Net_450", bit(s) "0".
 * C:\Users\bryan.lee\Documents\GitHub\hello-world\Cypress\EQF1296_DUT\EQF1296_DUT.cydsn\TopDesign\TopDesign.cysch (Signal: Net_450)
 * C:\Users\bryan.lee\Documents\GitHub\hello-world\Cypress\EQF1296_DUT\EQF1296_DUT.cydsn\TopDesign\TopDesign.cysch (Shape_118.2)
 * C:\Users\bryan.lee\Documents\GitHub\hello-world\Cypress\EQF1296_DUT\EQF1296_DUT.cydsn\TopDesign\TopDesign.cysch (Shape_119.12)
 * C:\Users\bryan.lee\Documents\GitHub\hello-world\Cypress\EQF1296_DUT\EQF1296_DUT.cydsn\TopDesign\TopDesign.cysch (Shape_146)
ADD: sdb.M0018: error: Multiple drivers on signal "Net_462", bit(s) "0".
 * C:\Users\bryan.lee\Documents\GitHub\hello-world\Cypress\EQF1296_DUT\EQF1296_DUT.cydsn\TopDesign\TopDesign.cysch (Signal: Net_462)
 * C:\Users\bryan.lee\Documents\GitHub\hello-world\Cypress\EQF1296_DUT\EQF1296_DUT.cydsn\TopDesign\TopDesign.cysch (Shape_119.15)
 * C:\Users\bryan.lee\Documents\GitHub\hello-world\Cypress\EQF1296_DUT\EQF1296_DUT.cydsn\TopDesign\TopDesign.cysch (Shape_120.14)
 * C:\Users\bryan.lee\Documents\GitHub\hello-world\Cypress\EQF1296_DUT\EQF1296_DUT.cydsn\TopDesign\TopDesign.cysch (Shape_120.7)
 * C:\Users\bryan.lee\Documents\GitHub\hello-world\Cypress\EQF1296_DUT\EQF1296_DUT.cydsn\TopDesign\TopDesign.cysch (Shape_134)
 * C:\Users\bryan.lee\Documents\GitHub\hello-world\Cypress\EQF1296_DUT\EQF1296_DUT.cydsn\TopDesign\TopDesign.cysch (Shape_135)
 * C:\Users\bryan.lee\Documents\GitHub\hello-world\Cypress\EQF1296_DUT\EQF1296_DUT.cydsn\TopDesign\TopDesign.cysch (Shape_147)
 * C:\Users\bryan.lee\Documents\GitHub\hello-world\Cypress\EQF1296_DUT\EQF1296_DUT.cydsn\TopDesign\TopDesign.cysch (Shape_148)
 * C:\Users\bryan.lee\Documents\GitHub\hello-world\Cypress\EQF1296_DUT\EQF1296_DUT.cydsn\TopDesign\TopDesign.cysch (Shape_149)
ADD: sdb.M0024: error: Terminal "mux.muxsel[2:0]" with width 3 is connected to "Net_462" with width 1.
 * C:\Users\bryan.lee\Documents\GitHub\hello-world\Cypress\EQF1296_DUT\EQF1296_DUT.cydsn\TopDesign\TopDesign.cysch (Signal: Net_462)
 * C:\Users\bryan.lee\Documents\GitHub\hello-world\Cypress\EQF1296_DUT\EQF1296_DUT.cydsn\TopDesign\TopDesign.cysch (Shape_119.15)
 * C:\Users\bryan.lee\Documents\GitHub\hello-world\Cypress\EQF1296_DUT\EQF1296_DUT.cydsn\TopDesign\TopDesign.cysch (Shape_120.14)
 * C:\Users\bryan.lee\Documents\GitHub\hello-world\Cypress\EQF1296_DUT\EQF1296_DUT.cydsn\TopDesign\TopDesign.cysch (Shape_120.7)
 * C:\Users\bryan.lee\Documents\GitHub\hello-world\Cypress\EQF1296_DUT\EQF1296_DUT.cydsn\TopDesign\TopDesign.cysch (Shape_134)
 * C:\Users\bryan.lee\Documents\GitHub\hello-world\Cypress\EQF1296_DUT\EQF1296_DUT.cydsn\TopDesign\TopDesign.cysch (Shape_135)
 * C:\Users\bryan.lee\Documents\GitHub\hello-world\Cypress\EQF1296_DUT\EQF1296_DUT.cydsn\TopDesign\TopDesign.cysch (Shape_147)
 * C:\Users\bryan.lee\Documents\GitHub\hello-world\Cypress\EQF1296_DUT\EQF1296_DUT.cydsn\TopDesign\TopDesign.cysch (Shape_148)
 * C:\Users\bryan.lee\Documents\GitHub\hello-world\Cypress\EQF1296_DUT\EQF1296_DUT.cydsn\TopDesign\TopDesign.cysch (Shape_149)
ADD: sdb.M0012: error: Terminals "Pin_45.analog_0,mux.term1" connected to signal "Net_458" have mismatching types.
 * C:\Users\bryan.lee\Documents\GitHub\hello-world\Cypress\EQF1296_DUT\EQF1296_DUT.cydsn\TopDesign\TopDesign.cysch (Signal: Net_458)
 * C:\Users\bryan.lee\Documents\GitHub\hello-world\Cypress\EQF1296_DUT\EQF1296_DUT.cydsn\TopDesign\TopDesign.cysch (analog_0)
 * C:\Users\bryan.lee\Documents\GitHub\hello-world\Cypress\EQF1296_DUT\EQF1296_DUT.cydsn\TopDesign\TopDesign.cysch (Shape_117.1)
 * C:\Users\bryan.lee\Documents\GitHub\hello-world\Cypress\EQF1296_DUT\EQF1296_DUT.cydsn\TopDesign\TopDesign.cysch (Shape_119.5)
 * C:\Users\bryan.lee\Documents\GitHub\hello-world\Cypress\EQF1296_DUT\EQF1296_DUT.cydsn\TopDesign\TopDesign.cysch (term1)
ADD: sdb.M0012: error: Terminals "Pin_49.analog_0,mux.term5" connected to signal "Net_475" have mismatching types.
 * C:\Users\bryan.lee\Documents\GitHub\hello-world\Cypress\EQF1296_DUT\EQF1296_DUT.cydsn\TopDesign\TopDesign.cysch (Signal: Net_475)
 * C:\Users\bryan.lee\Documents\GitHub\hello-world\Cypress\EQF1296_DUT\EQF1296_DUT.cydsn\TopDesign\TopDesign.cysch (Shape_119.9)
 * C:\Users\bryan.lee\Documents\GitHub\hello-world\Cypress\EQF1296_DUT\EQF1296_DUT.cydsn\TopDesign\TopDesign.cysch (term5)
 * C:\Users\bryan.lee\Documents\GitHub\hello-world\Cypress\EQF1296_DUT\EQF1296_DUT.cydsn\TopDesign\TopDesign.cysch (analog_0)
 * C:\Users\bryan.lee\Documents\GitHub\hello-world\Cypress\EQF1296_DUT\EQF1296_DUT.cydsn\TopDesign\TopDesign.cysch (Shape_137.1)
ADD: sdb.M0012: error: Terminals "Pin_48.analog_0,mux.term4" connected to signal "Net_474" have mismatching types.
 * C:\Users\bryan.lee\Documents\GitHub\hello-world\Cypress\EQF1296_DUT\EQF1296_DUT.cydsn\TopDesign\TopDesign.cysch (Signal: Net_474)
 * C:\Users\bryan.lee\Documents\GitHub\hello-world\Cypress\EQF1296_DUT\EQF1296_DUT.cydsn\TopDesign\TopDesign.cysch (Shape_119.8)
 * C:\Users\bryan.lee\Documents\GitHub\hello-world\Cypress\EQF1296_DUT\EQF1296_DUT.cydsn\TopDesign\TopDesign.cysch (term4)
 * C:\Users\bryan.lee\Documents\GitHub\hello-world\Cypress\EQF1296_DUT\EQF1296_DUT.cydsn\TopDesign\TopDesign.cysch (analog_0)
 * C:\Users\bryan.lee\Documents\GitHub\hello-world\Cypress\EQF1296_DUT\EQF1296_DUT.cydsn\TopDesign\TopDesign.cysch (Shape_131.1)
ADD: sdb.M0012: error: Terminals "Pin_47.analog_0,mux.term3" connected to signal "Net_460" have mismatching types.
 * C:\Users\bryan.lee\Documents\GitHub\hello-world\Cypress\EQF1296_DUT\EQF1296_DUT.cydsn\TopDesign\TopDesign.cysch (Signal: Net_460)
 * C:\Users\bryan.lee\Documents\GitHub\hello-world\Cypress\EQF1296_DUT\EQF1296_DUT.cydsn\TopDesign\TopDesign.cysch (Shape_119.7)
 * C:\Users\bryan.lee\Documents\GitHub\hello-world\Cypress\EQF1296_DUT\EQF1296_DUT.cydsn\TopDesign\TopDesign.cysch (term3)
 * C:\Users\bryan.lee\Documents\GitHub\hello-world\Cypress\EQF1296_DUT\EQF1296_DUT.cydsn\TopDesign\TopDesign.cysch (analog_0)
 * C:\Users\bryan.lee\Documents\GitHub\hello-world\Cypress\EQF1296_DUT\EQF1296_DUT.cydsn\TopDesign\TopDesign.cysch (Shape_130.1)
ADD: sdb.M0012: error: Terminals "Pin_46.analog_0,mux.term2" connected to signal "Net_459" have mismatching types.
 * C:\Users\bryan.lee\Documents\GitHub\hello-world\Cypress\EQF1296_DUT\EQF1296_DUT.cydsn\TopDesign\TopDesign.cysch (Signal: Net_459)
 * C:\Users\bryan.lee\Documents\GitHub\hello-world\Cypress\EQF1296_DUT\EQF1296_DUT.cydsn\TopDesign\TopDesign.cysch (Shape_119.6)
 * C:\Users\bryan.lee\Documents\GitHub\hello-world\Cypress\EQF1296_DUT\EQF1296_DUT.cydsn\TopDesign\TopDesign.cysch (term2)
 * C:\Users\bryan.lee\Documents\GitHub\hello-world\Cypress\EQF1296_DUT\EQF1296_DUT.cydsn\TopDesign\TopDesign.cysch (analog_0)
 * C:\Users\bryan.lee\Documents\GitHub\hello-world\Cypress\EQF1296_DUT\EQF1296_DUT.cydsn\TopDesign\TopDesign.cysch (Shape_129.1)
ADD: sdb.M0012: error: Terminals "Pin_44.analog_0,mux.term0" connected to signal "Net_457" have mismatching types.
 * C:\Users\bryan.lee\Documents\GitHub\hello-world\Cypress\EQF1296_DUT\EQF1296_DUT.cydsn\TopDesign\TopDesign.cysch (Signal: Net_457)
 * C:\Users\bryan.lee\Documents\GitHub\hello-world\Cypress\EQF1296_DUT\EQF1296_DUT.cydsn\TopDesign\TopDesign.cysch (Shape_119.4)
 * C:\Users\bryan.lee\Documents\GitHub\hello-world\Cypress\EQF1296_DUT\EQF1296_DUT.cydsn\TopDesign\TopDesign.cysch (term0)
 * C:\Users\bryan.lee\Documents\GitHub\hello-world\Cypress\EQF1296_DUT\EQF1296_DUT.cydsn\TopDesign\TopDesign.cysch (analog_0)
 * C:\Users\bryan.lee\Documents\GitHub\hello-world\Cypress\EQF1296_DUT\EQF1296_DUT.cydsn\TopDesign\TopDesign.cysch (Shape_136.1)
Error: fit.M0050: The fitter aborted due to errors, please address all errors and rebuild. (App=cydsfit)
--------------- Build Failed: 04/01/2020 17:53:12 ---------------
