C51 COMPILER V9.03   MAIN                                                                  07/19/2013 02:52:14 PAGE 1   


C51 COMPILER V9.03, COMPILATION OF MODULE MAIN
OBJECT MODULE PLACED IN .\DP8051\DP8051_Keil_903\Debug\main.obj
COMPILER INVOKED BY: C:\Program Files\Cypress\PSoC Creator\2.2\PSoC Creator\import\keil\pk51\9.03\C51\BIN\c51.exe .\main
                    -.c NOIV LARGE MODDP2 OMF2 VB(1) PR(.\DP8051\DP8051_Keil_903\Debug\main.lst) CD DB NOIP OT(2,SIZE) DF(DEBUG) INCDIR(Gener
                    -ated_Source\PSoC3) OJ(.\DP8051\DP8051_Keil_903\Debug\main.obj)

line level    source

   1          
   2          
   3          #include <device.h>
   4          
   5          /* Functions */
   6          void ButtonPress(void);
   7          void UpdateDisplay(void);
   8          
   9          
  10          /* Declares */
  11          int     intButtonPress;
  12          uint8   uint8Compare;
  13          int     Pin12FanLevel;
  14          int     Pin6FanLevel;
  15          uint16  uint16ADC;
  16          uint16  uint16FanV;
  17          int     intVoltagePlace[4];
  18          uint16   uint16Temp;
  19          uint16  uint16LoV;
  20          uint16  uint16HiV;
  21          uint8   uint8Loop;
  22          uint8   uint8Multiply;
  23          
  24          void main()
  25          {
  26   1      
  27   1          /* Starts */
  28   1          lcdDisplay_Start();
  29   1          pwmFan_Start();
  30   1          pwmFan2_Start();
  31   1          adcVFan_Start();
  32   1         
  33   1          
  34   1          /*Interrupts */
  35   1          isrButton_StartEx(ButtonPress); 
  36   1          isrUpdateDisplay_StartEx(UpdateDisplay);
  37   1          statusButtons_InterruptEnable();
  38   1          CyGlobalIntEnable;
  39   1          
  40   1          
  41   1          /* Run Once */
  42   1          lcdDisplay_ClearDisplay();
  43   1          lcdDisplay_Position(0,0);
  44   1          lcdDisplay_PrintString("Fan PWM:");
  45   1              lcdDisplay_Position(1,0);
  46   1          lcdDisplay_PrintString("Voltage:");
  47   1          adcVFan_StartConvert();
  48   1          
  49   1          /* Main Loop */
  50   1          for(;;)
  51   1          {
  52   2          
  53   2          
C51 COMPILER V9.03   MAIN                                                                  07/19/2013 02:52:14 PAGE 2   

  54   2              /* Get ADC Value */
  55   2                      if (adcVFan_IsEndConversion(adcVFan_WAIT_FOR_RESULT) ) //Wait until ADC has good value
  56   2                      {
  57   3                  uint16ADC = adcVFan_GetResult16();  //Get Compare number from ADC
  58   3                  //Create Voltage Reading
  59   3                          uint16FanV = ((uint16ADC-15) / 2.33);  //Convert ADC to Voltage
  60   3                  if (uint16FanV > 15000)
  61   3                      uint16FanV = 0;
  62   3                  uint16Temp = uint16FanV;
  63   3      
  64   3                       if (uint16Temp > 99)
  65   3                          {
  66   4                          uint16HiV = uint16Temp / 100;
  67   4                          uint16LoV = uint16Temp % 100;
  68   4                          }
  69   3                       else
  70   3                          {
  71   4                          uint16HiV = 0;
  72   4                          uint16LoV = uint16Temp;
  73   4                          }
  74   3                      
  75   3                      
  76   3                              
  77   3                  }
  78   2              
  79   2                      
  80   2          
  81   2          }
  82   1      }
  83          
  84          CY_ISR(ButtonPress)
  85          {
  86   1      
  87   1      intButtonPress = statusButtons_Read();
  88   1      
  89   1      switch (intButtonPress)
  90   1          {
  91   2          case 129:  //Up Button
  92   2              {
  93   3              if (Pin12FanLevel >= 95)
  94   3                  Pin12FanLevel = 100;
  95   3              else
  96   3                  Pin12FanLevel = Pin12FanLevel + 5;
  97   3                  
  98   3              break;
  99   3              }
 100   2          case 130:  //Down Button
 101   2              {
 102   3              if (Pin12FanLevel <= 5)
 103   3                  Pin12FanLevel = 0;
 104   3              else
 105   3                  Pin12FanLevel = Pin12FanLevel - 5 ;
 106   3              break;
 107   3              }
 108   2          }
 109   1          pwmFan2_WriteCompare(Pin12FanLevel);
 110   1          pwmFan_WriteCompare(Pin12FanLevel);
 111   1      
 112   1      
 113   1      }
 114          
 115          CY_ISR(UpdateDisplay)
C51 COMPILER V9.03   MAIN                                                                  07/19/2013 02:52:14 PAGE 3   

 116          {
 117   1              lcdDisplay_Position(0,9);
 118   1              lcdDisplay_PrintNumber(pwmFan_ReadCompare());
 119   1              lcdDisplay_PrintString("%    ");
 120   1              lcdDisplay_Position(1,9);
 121   1              lcdDisplay_PrintNumber(uint16HiV);
 122   1              lcdDisplay_PrintString(".");
 123   1              lcdDisplay_PrintNumber(uint16LoV);
 124   1              lcdDisplay_PrintString("v   ");
 125   1       
 126   1              
 127   1      
 128   1      }
 129          /* [] END OF FILE */
C51 COMPILER V9.03   MAIN                                                                  07/19/2013 02:52:14 PAGE 4   

ASSEMBLY LISTING OF GENERATED OBJECT CODE


             ; FUNCTION main (BEGIN)
                                           ; SOURCE LINE # 24
                                           ; SOURCE LINE # 25
                                           ; SOURCE LINE # 28
0000 120000      E     LCALL   lcdDisplay_Start
                                           ; SOURCE LINE # 29
0003 120000      E     LCALL   pwmFan_Start
                                           ; SOURCE LINE # 30
0006 120000      E     LCALL   pwmFan2_Start
                                           ; SOURCE LINE # 31
0009 120000      E     LCALL   adcVFan_Start
                                           ; SOURCE LINE # 35
000C 7E00        R     MOV     R6,#HIGH ButtonPress
000E 7F00        R     MOV     R7,#LOW ButtonPress
0010 120000      E     LCALL   _isrButton_StartEx
                                           ; SOURCE LINE # 36
0013 7E00        R     MOV     R6,#HIGH UpdateDisplay
0015 7F00        R     MOV     R7,#LOW UpdateDisplay
0017 120000      E     LCALL   _isrUpdateDisplay_StartEx
                                           ; SOURCE LINE # 37
001A 120000      E     LCALL   statusButtons_InterruptEnable
                                           ; SOURCE LINE # 38
001D D2AF              SETB    EA
001F 9044F4            MOV     DPTR,#044F4H
0022 74FD              MOV     A,#0FDH
0024 F0                MOVX    @DPTR,A
                                           ; SOURCE LINE # 42
0025 7F01              MOV     R7,#01H
0027 120000      E     LCALL   _lcdDisplay_WriteControl
                                           ; SOURCE LINE # 43
002A 7D00              MOV     R5,#00H
002C 7F00              MOV     R7,#00H
002E 120000      E     LCALL   _lcdDisplay_Position
                                           ; SOURCE LINE # 44
0031 7BFF              MOV     R3,#0FFH
0033 7A00        R     MOV     R2,#HIGH ?SC_0
0035 7900        R     MOV     R1,#LOW ?SC_0
0037 120000      E     LCALL   _lcdDisplay_PrintString
                                           ; SOURCE LINE # 45
003A 7D00              MOV     R5,#00H
003C 7F01              MOV     R7,#01H
003E 120000      E     LCALL   _lcdDisplay_Position
                                           ; SOURCE LINE # 46
0041 7BFF              MOV     R3,#0FFH
0043 7A00        R     MOV     R2,#HIGH ?SC_9
0045 7900        R     MOV     R1,#LOW ?SC_9
0047 120000      E     LCALL   _lcdDisplay_PrintString
                                           ; SOURCE LINE # 47
004A 120000      E     LCALL   adcVFan_StartConvert
                                           ; SOURCE LINE # 50
004D         ?C0001:
                                           ; SOURCE LINE # 51
                                           ; SOURCE LINE # 55
004D 7F00              MOV     R7,#00H
004F 120000      E     LCALL   _adcVFan_IsEndConversion
0052 EF                MOV     A,R7
0053 60F8              JZ      ?C0001
                                           ; SOURCE LINE # 56
                                           ; SOURCE LINE # 57
C51 COMPILER V9.03   MAIN                                                                  07/19/2013 02:52:14 PAGE 5   

0055 120000      E     LCALL   adcVFan_GetResult16
0058 900000      R     MOV     DPTR,#uint16ADC
005B EE                MOV     A,R6
005C F0                MOVX    @DPTR,A
005D A3                INC     DPTR
005E EF                MOV     A,R7
005F F0                MOVX    @DPTR,A
                                           ; SOURCE LINE # 59
0060 900000      R     MOV     DPTR,#uint16ADC
0063 E0                MOVX    A,@DPTR
0064 FE                MOV     R6,A
0065 A3                INC     DPTR
0066 E0                MOVX    A,@DPTR
0067 FF                MOV     R7,A
0068 EF                MOV     A,R7
0069 24F1              ADD     A,#0F1H
006B FD                MOV     R5,A
006C EE                MOV     A,R6
006D 34FF              ADDC    A,#0FFH
006F FC                MOV     R4,A
0070 E4                CLR     A
0071 120000      E     LCALL   ?C?FCASTI
0074 7BB8              MOV     R3,#0B8H
0076 7A1E              MOV     R2,#01EH
0078 7915              MOV     R1,#015H
007A 7840              MOV     R0,#040H
007C 120000      E     LCALL   ?C?FPDIV
007F 120000      E     LCALL   ?C?CASTF
0082 900000      R     MOV     DPTR,#uint16FanV
0085 EE                MOV     A,R6
0086 F0                MOVX    @DPTR,A
0087 A3                INC     DPTR
0088 EF                MOV     A,R7
0089 F0                MOVX    @DPTR,A
                                           ; SOURCE LINE # 60
008A 900000      R     MOV     DPTR,#uint16FanV
008D E0                MOVX    A,@DPTR
008E FE                MOV     R6,A
008F A3                INC     DPTR
0090 E0                MOVX    A,@DPTR
0091 FF                MOV     R7,A
0092 D3                SETB    C
0093 EF                MOV     A,R7
0094 9498              SUBB    A,#098H
0096 EE                MOV     A,R6
0097 943A              SUBB    A,#03AH
0099 4008              JC      ?C0004
                                           ; SOURCE LINE # 61
009B 900000      R     MOV     DPTR,#uint16FanV
009E E4                CLR     A
009F F0                MOVX    @DPTR,A
00A0 A3                INC     DPTR
00A1 E4                CLR     A
00A2 F0                MOVX    @DPTR,A
00A3         ?C0004:
                                           ; SOURCE LINE # 62
00A3 900000      R     MOV     DPTR,#uint16FanV
00A6 E0                MOVX    A,@DPTR
00A7 FE                MOV     R6,A
00A8 A3                INC     DPTR
00A9 E0                MOVX    A,@DPTR
00AA FF                MOV     R7,A
C51 COMPILER V9.03   MAIN                                                                  07/19/2013 02:52:14 PAGE 6   

00AB 900000      R     MOV     DPTR,#uint16Temp
00AE EE                MOV     A,R6
00AF F0                MOVX    @DPTR,A
00B0 A3                INC     DPTR
00B1 EF                MOV     A,R7
00B2 F0                MOVX    @DPTR,A
                                           ; SOURCE LINE # 64
00B3 900000      R     MOV     DPTR,#uint16Temp
00B6 E0                MOVX    A,@DPTR
00B7 FE                MOV     R6,A
00B8 A3                INC     DPTR
00B9 E0                MOVX    A,@DPTR
00BA FF                MOV     R7,A
00BB D3                SETB    C
00BC EF                MOV     A,R7
00BD 9463              SUBB    A,#063H
00BF EE                MOV     A,R6
00C0 9400              SUBB    A,#00H
00C2 4031              JC      ?C0005
                                           ; SOURCE LINE # 65
                                           ; SOURCE LINE # 66
00C4 900000      R     MOV     DPTR,#uint16Temp
00C7 E0                MOVX    A,@DPTR
00C8 FE                MOV     R6,A
00C9 A3                INC     DPTR
00CA E0                MOVX    A,@DPTR
00CB FF                MOV     R7,A
00CC 7C00              MOV     R4,#00H
00CE 7D64              MOV     R5,#064H
00D0 120000      E     LCALL   ?C?UIDIV
00D3 900000      R     MOV     DPTR,#uint16HiV
00D6 EE                MOV     A,R6
00D7 F0                MOVX    @DPTR,A
00D8 A3                INC     DPTR
00D9 EF                MOV     A,R7
00DA F0                MOVX    @DPTR,A
                                           ; SOURCE LINE # 67
00DB 900000      R     MOV     DPTR,#uint16Temp
00DE E0                MOVX    A,@DPTR
00DF FE                MOV     R6,A
00E0 A3                INC     DPTR
00E1 E0                MOVX    A,@DPTR
00E2 FF                MOV     R7,A
00E3 7C00              MOV     R4,#00H
00E5 7D64              MOV     R5,#064H
00E7 120000      E     LCALL   ?C?UIDIV
00EA 900000      R     MOV     DPTR,#uint16LoV
00ED EC                MOV     A,R4
00EE F0                MOVX    @DPTR,A
00EF A3                INC     DPTR
00F0 ED                MOV     A,R5
00F1 F0                MOVX    @DPTR,A
                                           ; SOURCE LINE # 68
00F2 020000      R     LJMP    ?C0001
00F5         ?C0005:
                                           ; SOURCE LINE # 70
                                           ; SOURCE LINE # 71
00F5 900000      R     MOV     DPTR,#uint16HiV
00F8 E4                CLR     A
00F9 F0                MOVX    @DPTR,A
00FA A3                INC     DPTR
00FB E4                CLR     A
C51 COMPILER V9.03   MAIN                                                                  07/19/2013 02:52:14 PAGE 7   

00FC F0                MOVX    @DPTR,A
                                           ; SOURCE LINE # 72
00FD 900000      R     MOV     DPTR,#uint16Temp
0100 E0                MOVX    A,@DPTR
0101 FE                MOV     R6,A
0102 A3                INC     DPTR
0103 E0                MOVX    A,@DPTR
0104 FF                MOV     R7,A
0105 900000      R     MOV     DPTR,#uint16LoV
0108 EE                MOV     A,R6
0109 F0                MOVX    @DPTR,A
010A A3                INC     DPTR
010B EF                MOV     A,R7
010C F0                MOVX    @DPTR,A
                                           ; SOURCE LINE # 73
                                           ; SOURCE LINE # 77
                                           ; SOURCE LINE # 81
010D 020000      R     LJMP    ?C0001
0110 22                RET     
             ; FUNCTION main (END)

             ; FUNCTION ButtonPress (BEGIN)
0000 C0E0              PUSH    ACC
0002 C0F0              PUSH    B
0004 C083              PUSH    DPH
0006 C082              PUSH    DPL
0008 C085              PUSH    DPH1
000A C084              PUSH    DPL1
000C C086              PUSH    DPS
000E 758600            MOV     DPS,#00H
0011 C000        E     PUSH    ?C?XPAGE1SFR
0013 750000      E     MOV     ?C?XPAGE1SFR,#?C?XPAGE1RST
0016 C0D0              PUSH    PSW
0018 75D000            MOV     PSW,#00H
001B C000              PUSH    AR0
001D C001              PUSH    AR1
001F C002              PUSH    AR2
0021 C003              PUSH    AR3
0023 C004              PUSH    AR4
0025 C005              PUSH    AR5
0027 C006              PUSH    AR6
0029 C007              PUSH    AR7
                                           ; SOURCE LINE # 84
                                           ; SOURCE LINE # 87
002B 120000      E     LCALL   statusButtons_Read
002E 7E00              MOV     R6,#00H
0030 900000      R     MOV     DPTR,#intButtonPress
0033 EE                MOV     A,R6
0034 F0                MOVX    @DPTR,A
0035 A3                INC     DPTR
0036 EF                MOV     A,R7
0037 F0                MOVX    @DPTR,A
                                           ; SOURCE LINE # 89
0038 900000      R     MOV     DPTR,#intButtonPress
003B E0                MOVX    A,@DPTR
003C FE                MOV     R6,A
003D A3                INC     DPTR
003E E0                MOVX    A,@DPTR
003F FF                MOV     R7,A
0040 EF                MOV     A,R7
0041 8EF0              MOV     B,R6
0043 120000      E     LCALL   ?C?ICASE
C51 COMPILER V9.03   MAIN                                                                  07/19/2013 02:52:14 PAGE 8   

0046 0000        R     DW      ?C0009
0048 0081              DW      081H
004A 0000        R     DW      ?C0012
004C 0082              DW      082H
004E 0000              DW      00H
0050 0000        R     DW      ?C0008
                                           ; SOURCE LINE # 90
                                           ; SOURCE LINE # 91
0052         ?C0009:
                                           ; SOURCE LINE # 92
                                           ; SOURCE LINE # 93
0052 900000      R     MOV     DPTR,#Pin12FanLevel
0055 E0                MOVX    A,@DPTR
0056 FE                MOV     R6,A
0057 A3                INC     DPTR
0058 E0                MOVX    A,@DPTR
0059 FF                MOV     R7,A
005A C3                CLR     C
005B EF                MOV     A,R7
005C 945F              SUBB    A,#05FH
005E EE                MOV     A,R6
005F 6480              XRL     A,#080H
0061 9480              SUBB    A,#080H
0063 400B              JC      ?C0010
                                           ; SOURCE LINE # 94
0065 900000      R     MOV     DPTR,#Pin12FanLevel
0068 E4                CLR     A
0069 F0                MOVX    @DPTR,A
006A A3                INC     DPTR
006B 7464              MOV     A,#064H
006D F0                MOVX    @DPTR,A
006E 8034              SJMP    ?C0008
0070         ?C0010:
                                           ; SOURCE LINE # 96
0070 900000      R     MOV     DPTR,#Pin12FanLevel
0073 E4                CLR     A
0074 75F005            MOV     B,#05H
0077 120000      E     LCALL   ?C?IILDX
                                           ; SOURCE LINE # 98
007A 8028              SJMP    ?C0008
                                           ; SOURCE LINE # 99
                                           ; SOURCE LINE # 100
007C         ?C0012:
                                           ; SOURCE LINE # 101
                                           ; SOURCE LINE # 102
007C 900000      R     MOV     DPTR,#Pin12FanLevel
007F E0                MOVX    A,@DPTR
0080 FE                MOV     R6,A
0081 A3                INC     DPTR
0082 E0                MOVX    A,@DPTR
0083 FF                MOV     R7,A
0084 D3                SETB    C
0085 EF                MOV     A,R7
0086 9405              SUBB    A,#05H
0088 EE                MOV     A,R6
0089 6480              XRL     A,#080H
008B 9480              SUBB    A,#080H
008D 500A              JNC     ?C0013
                                           ; SOURCE LINE # 103
008F 900000      R     MOV     DPTR,#Pin12FanLevel
0092 E4                CLR     A
0093 F0                MOVX    @DPTR,A
C51 COMPILER V9.03   MAIN                                                                  07/19/2013 02:52:14 PAGE 9   

0094 A3                INC     DPTR
0095 E4                CLR     A
0096 F0                MOVX    @DPTR,A
0097 800B              SJMP    ?C0008
0099         ?C0013:
                                           ; SOURCE LINE # 105
0099 900000      R     MOV     DPTR,#Pin12FanLevel
009C 74FF              MOV     A,#0FFH
009E 75F0FB            MOV     B,#0FBH
00A1 120000      E     LCALL   ?C?IILDX
                                           ; SOURCE LINE # 106
                                           ; SOURCE LINE # 107
                                           ; SOURCE LINE # 108
00A4         ?C0008:
                                           ; SOURCE LINE # 109
00A4 900000      R     MOV     DPTR,#Pin12FanLevel
00A7 E0                MOVX    A,@DPTR
00A8 FE                MOV     R6,A
00A9 A3                INC     DPTR
00AA E0                MOVX    A,@DPTR
00AB FF                MOV     R7,A
00AC 120000      E     LCALL   _pwmFan2_WriteCompare
                                           ; SOURCE LINE # 110
00AF 900000      R     MOV     DPTR,#Pin12FanLevel
00B2 E0                MOVX    A,@DPTR
00B3 FE                MOV     R6,A
00B4 A3                INC     DPTR
00B5 E0                MOVX    A,@DPTR
00B6 FF                MOV     R7,A
00B7 120000      E     LCALL   _pwmFan_WriteCompare
                                           ; SOURCE LINE # 113
00BA D007              POP     AR7
00BC D006              POP     AR6
00BE D005              POP     AR5
00C0 D004              POP     AR4
00C2 D003              POP     AR3
00C4 D002              POP     AR2
00C6 D001              POP     AR1
00C8 D000              POP     AR0
00CA D0D0              POP     PSW
00CC D000        E     POP     ?C?XPAGE1SFR
00CE D086              POP     DPS
00D0 D084              POP     DPL1
00D2 D085              POP     DPH1
00D4 D082              POP     DPL
00D6 D083              POP     DPH
00D8 D0F0              POP     B
00DA D0E0              POP     ACC
00DC 32                RETI    
             ; FUNCTION ButtonPress (END)

             ; FUNCTION UpdateDisplay (BEGIN)
0000 C0E0              PUSH    ACC
0002 C0F0              PUSH    B
0004 C083              PUSH    DPH
0006 C082              PUSH    DPL
0008 C085              PUSH    DPH1
000A C084              PUSH    DPL1
000C C086              PUSH    DPS
000E 758600            MOV     DPS,#00H
0011 C000        E     PUSH    ?C?XPAGE1SFR
0013 750000      E     MOV     ?C?XPAGE1SFR,#?C?XPAGE1RST
C51 COMPILER V9.03   MAIN                                                                  07/19/2013 02:52:14 PAGE 10  

0016 C0D0              PUSH    PSW
0018 75D000            MOV     PSW,#00H
001B C000              PUSH    AR0
001D C001              PUSH    AR1
001F C002              PUSH    AR2
0021 C003              PUSH    AR3
0023 C004              PUSH    AR4
0025 C005              PUSH    AR5
0027 C006              PUSH    AR6
0029 C007              PUSH    AR7
                                           ; SOURCE LINE # 115
                                           ; SOURCE LINE # 117
002B 7D09              MOV     R5,#09H
002D 7F00              MOV     R7,#00H
002F 120000      E     LCALL   _lcdDisplay_Position
                                           ; SOURCE LINE # 118
0032 120000      E     LCALL   pwmFan_ReadCompare
0035 7E00              MOV     R6,#00H
0037 120000      E     LCALL   _lcdDisplay_PrintNumber
                                           ; SOURCE LINE # 119
003A 7BFF              MOV     R3,#0FFH
003C 7A00        R     MOV     R2,#HIGH ?SC_18
003E 7900        R     MOV     R1,#LOW ?SC_18
0040 120000      E     LCALL   _lcdDisplay_PrintString
                                           ; SOURCE LINE # 120
0043 7D09              MOV     R5,#09H
0045 7F01              MOV     R7,#01H
0047 120000      E     LCALL   _lcdDisplay_Position
                                           ; SOURCE LINE # 121
004A 900000      R     MOV     DPTR,#uint16HiV
004D E0                MOVX    A,@DPTR
004E FE                MOV     R6,A
004F A3                INC     DPTR
0050 E0                MOVX    A,@DPTR
0051 FF                MOV     R7,A
0052 120000      E     LCALL   _lcdDisplay_PrintNumber
                                           ; SOURCE LINE # 122
0055 7BFF              MOV     R3,#0FFH
0057 7A00        R     MOV     R2,#HIGH ?SC_24
0059 7900        R     MOV     R1,#LOW ?SC_24
005B 120000      E     LCALL   _lcdDisplay_PrintString
                                           ; SOURCE LINE # 123
005E 900000      R     MOV     DPTR,#uint16LoV
0061 E0                MOVX    A,@DPTR
0062 FE                MOV     R6,A
0063 A3                INC     DPTR
0064 E0                MOVX    A,@DPTR
0065 FF                MOV     R7,A
0066 120000      E     LCALL   _lcdDisplay_PrintNumber
                                           ; SOURCE LINE # 124
0069 7BFF              MOV     R3,#0FFH
006B 7A00        R     MOV     R2,#HIGH ?SC_26
006D 7900        R     MOV     R1,#LOW ?SC_26
006F 120000      E     LCALL   _lcdDisplay_PrintString
                                           ; SOURCE LINE # 128
0072 D007              POP     AR7
0074 D006              POP     AR6
0076 D005              POP     AR5
0078 D004              POP     AR4
007A D003              POP     AR3
007C D002              POP     AR2
007E D001              POP     AR1
C51 COMPILER V9.03   MAIN                                                                  07/19/2013 02:52:14 PAGE 11  

0080 D000              POP     AR0
0082 D0D0              POP     PSW
0084 D000        E     POP     ?C?XPAGE1SFR
0086 D086              POP     DPS
0088 D084              POP     DPL1
008A D085              POP     DPH1
008C D082              POP     DPL
008E D083              POP     DPH
0090 D0F0              POP     B
0092 D0E0              POP     ACC
0094 32                RETI    
             ; FUNCTION UpdateDisplay (END)



MODULE INFORMATION:   STATIC OVERLAYABLE
   CODE SIZE        =    643    ----
   CONSTANT SIZE    =     31    ----
   XDATA SIZE       =     27    ----
   PDATA SIZE       =   ----    ----
   DATA SIZE        =   ----    ----
   IDATA SIZE       =   ----    ----
   BIT SIZE         =   ----    ----
   EDATA SIZE       =   ----    ----
   HDATA SIZE       =   ----    ----
   XDATA CONST SIZE =   ----    ----
   FAR CONST SIZE   =   ----    ----
END OF MODULE INFORMATION.


C51 COMPILATION COMPLETE.  0 WARNING(S),  0 ERROR(S)
