--------------- Rebuild Started: 04/02/2020 11:41:42 Project: CE95396, Configuration: ARM GCC 5.4-2016-q2-update Debug ---------------
Deleting file ".\ARM_GCC_541\Debug\main.o"
Deleting file ".\ARM_GCC_541\Debug\cyfitter_cfg.o"
Deleting file ".\ARM_GCC_541\Debug\cymetadata.o"
Deleting file ".\ARM_GCC_541\Debug\USBUART_1.o"
Deleting file ".\ARM_GCC_541\Debug\USBUART_1_audio.o"
Deleting file ".\ARM_GCC_541\Debug\USBUART_1_boot.o"
Deleting file ".\ARM_GCC_541\Debug\USBUART_1_cdc.o"
Deleting file ".\ARM_GCC_541\Debug\USBUART_1_cls.o"
Deleting file ".\ARM_GCC_541\Debug\USBUART_1_descr.o"
Deleting file ".\ARM_GCC_541\Debug\USBUART_1_drv.o"
Deleting file ".\ARM_GCC_541\Debug\USBUART_1_episr.o"
Deleting file ".\ARM_GCC_541\Debug\USBUART_1_hid.o"
Deleting file ".\ARM_GCC_541\Debug\USBUART_1_pm.o"
Deleting file ".\ARM_GCC_541\Debug\USBUART_1_std.o"
Deleting file ".\ARM_GCC_541\Debug\USBUART_1_vnd.o"
Deleting file ".\ARM_GCC_541\Debug\USBUART_1_midi.o"
Deleting file ".\ARM_GCC_541\Debug\USBUART_1_msc.o"
Deleting file ".\ARM_GCC_541\Debug\LCD.o"
Deleting file ".\ARM_GCC_541\Debug\LCD_PM.o"
Deleting file ".\ARM_GCC_541\Debug\USBUART_1_Dm.o"
Deleting file ".\ARM_GCC_541\Debug\USBUART_1_Dp.o"
Deleting file ".\ARM_GCC_541\Debug\LCD_LCDPort.o"
Deleting file ".\ARM_GCC_541\Debug\Cm3Start.o"
Deleting file ".\ARM_GCC_541\Debug\CyBootAsmGnu.o"
Deleting file ".\ARM_GCC_541\Debug\CyDmac.o"
Deleting file ".\ARM_GCC_541\Debug\CyFlash.o"
Deleting file ".\ARM_GCC_541\Debug\CyLib.o"
Deleting file ".\ARM_GCC_541\Debug\cyPm.o"
Deleting file ".\ARM_GCC_541\Debug\CySpc.o"
Deleting file ".\ARM_GCC_541\Debug\cyutils.o"
Deleting file ".\ARM_GCC_541\Debug\cy_em_eeprom.o"
Deleting file ".\ARM_GCC_541\Debug\Clock.o"
Deleting file ".\ARM_GCC_541\Debug\SPIM.o"
Deleting file ".\ARM_GCC_541\Debug\SPIM_PM.o"
Deleting file ".\ARM_GCC_541\Debug\SPIM_INT.o"
Deleting file ".\ARM_GCC_541\Debug\MOSI.o"
Deleting file ".\ARM_GCC_541\Debug\SCLK.o"
Deleting file ".\ARM_GCC_541\Debug\SS.o"
Deleting file ".\ARM_GCC_541\Debug\MISO.o"
Deleting file ".\ARM_GCC_541\Debug\Pin_1.o"
Deleting file ".\ARM_GCC_541\Debug\Pin_2.o"
Deleting file ".\ARM_GCC_541\Debug\Pin_6.o"
Deleting file ".\ARM_GCC_541\Debug\Pin_5.o"
Deleting file ".\ARM_GCC_541\Debug\Pin_4.o"
Deleting file ".\ARM_GCC_541\Debug\Pin_3.o"
Deleting file ".\ARM_GCC_541\Debug\AMux_1.o"
Deleting file ".\ARM_GCC_541\Debug\ADC_SAR_1.o"
Deleting file ".\ARM_GCC_541\Debug\ADC_SAR_1_INT.o"
Deleting file ".\ARM_GCC_541\Debug\ADC_SAR_1_PM.o"
Deleting file ".\ARM_GCC_541\Debug\ADC_SAR_0.o"
Deleting file ".\ARM_GCC_541\Debug\ADC_SAR_0_INT.o"
Deleting file ".\ARM_GCC_541\Debug\ADC_SAR_0_PM.o"
Deleting file ".\ARM_GCC_541\Debug\AMux_0.o"
Deleting file ".\ARM_GCC_541\Debug\ADC_SAR_1_IRQ.o"
Deleting file ".\ARM_GCC_541\Debug\ADC_SAR_1_theACLK.o"
Deleting file ".\ARM_GCC_541\Debug\ADC_SAR_0_IRQ.o"
Deleting file ".\ARM_GCC_541\Debug\ADC_SAR_0_theACLK.o"
Deleting file ".\ARM_GCC_541\Debug\Pin_7.o"
Deleting file ".\ARM_GCC_541\Debug\Pin_8.o"
Deleting file ".\ARM_GCC_541\Debug\CE95396.hex"
Deleting file ".\ARM_GCC_541\Debug\CE95396.elf"
Deleting file ".\ARM_GCC_541\Debug\CE95396.map"
Deleting file ".\CE95396.cycdx"
Deleting file ".\CE95396.svd"
Deleting file ".\CE95396.rpt"
Deleting file ".\CE95396_timing.html"
Deleting file ".\ARM_GCC_541\Debug\.deps\SOURCE_C__ARM_GCC_GENERIC.P"
Deleting file ".\ARM_GCC_541\Debug\.deps\SOURCE_ASM__ARM_GCC_GENERIC.P"
cydsfit.exe -.appdatapath "C:\Users\bryan.lee\AppData\Local\Cypress Semiconductor\PSoC Creator\4.3" -.fdsnotice -.fdswarpdepfile=warp_dependencies.txt -.fdselabdepfile=elab_dependencies.txt -.fdsbldfile=generated_files.txt -.fdsreffile=referenced_files.txt -p C:\Users\bryan.lee\Documents\GitHub\hello-world\Cypress\USB\CE95396.cydsn\CE95396.cyprj -d CY8C5868AXI-LP035 -s C:\Users\bryan.lee\Documents\GitHub\hello-world\Cypress\USB\CE95396.cydsn\Generated_Source\PSoC5 -- -yv2 -q10 -ygs -o2 -v3 -.fftcfgtype=LE
Elaborating Design...
HDL Generation...
Synthesis...
Tech Mapping...
Analog Placement...
Log: apr.M0058: The analog placement iterative improvement is 42% done. (App=cydsfit)
Log: apr.M0058: The analog placement iterative improvement is 84% done. (App=cydsfit)
Analog Routing...
Analog Code Generation...
Digital Placement...
Digital Routing...
Bitstream Generation...
Bitstream Verification...
Static timing analysis...
API Generation...
Dependency Generation...
Cleanup...
arm-none-eabi-gcc.exe -mcpu=cortex-m3 -mthumb -I. -IGenerated_Source\PSoC5 -Wa,-alh=.\ARM_GCC_541\Debug/main.lst -g -Wall -ffunction-sections -ffat-lto-objects -O0 -c main.c -o .\ARM_GCC_541\Debug\main.o
arm-none-eabi-gcc.exe -mcpu=cortex-m3 -mthumb -I. -IGenerated_Source\PSoC5 -Wa,-alh=.\ARM_GCC_541\Debug/cyfitter_cfg.lst -g -Wall -ffunction-sections -ffat-lto-objects -O0 -c Generated_Source\PSoC5\cyfitter_cfg.c -o .\ARM_GCC_541\Debug\cyfitter_cfg.o
arm-none-eabi-gcc.exe -mcpu=cortex-m3 -mthumb -I. -IGenerated_Source\PSoC5 -Wa,-alh=.\ARM_GCC_541\Debug/cymetadata.lst -g -Wall -ffunction-sections -ffat-lto-objects -O0 -c Generated_Source\PSoC5\cymetadata.c -o .\ARM_GCC_541\Debug\cymetadata.o
arm-none-eabi-gcc.exe -mcpu=cortex-m3 -mthumb -I. -IGenerated_Source\PSoC5 -Wa,-alh=.\ARM_GCC_541\Debug/USBUART_1.lst -g -Wall -ffunction-sections -ffat-lto-objects -O0 -c Generated_Source\PSoC5\USBUART_1.c -o .\ARM_GCC_541\Debug\USBUART_1.o
arm-none-eabi-gcc.exe -mcpu=cortex-m3 -mthumb -I. -IGenerated_Source\PSoC5 -Wa,-alh=.\ARM_GCC_541\Debug/USBUART_1_audio.lst -g -Wall -ffunction-sections -ffat-lto-objects -O0 -c Generated_Source\PSoC5\USBUART_1_audio.c -o .\ARM_GCC_541\Debug\USBUART_1_audio.o
arm-none-eabi-gcc.exe -mcpu=cortex-m3 -mthumb -I. -IGenerated_Source\PSoC5 -Wa,-alh=.\ARM_GCC_541\Debug/USBUART_1_boot.lst -g -Wall -ffunction-sections -ffat-lto-objects -O0 -c Generated_Source\PSoC5\USBUART_1_boot.c -o .\ARM_GCC_541\Debug\USBUART_1_boot.o
arm-none-eabi-gcc.exe -mcpu=cortex-m3 -mthumb -I. -IGenerated_Source\PSoC5 -Wa,-alh=.\ARM_GCC_541\Debug/USBUART_1_cdc.lst -g -Wall -ffunction-sections -ffat-lto-objects -O0 -c Generated_Source\PSoC5\USBUART_1_cdc.c -o .\ARM_GCC_541\Debug\USBUART_1_cdc.o
arm-none-eabi-gcc.exe -mcpu=cortex-m3 -mthumb -I. -IGenerated_Source\PSoC5 -Wa,-alh=.\ARM_GCC_541\Debug/USBUART_1_cls.lst -g -Wall -ffunction-sections -ffat-lto-objects -O0 -c Generated_Source\PSoC5\USBUART_1_cls.c -o .\ARM_GCC_541\Debug\USBUART_1_cls.o
arm-none-eabi-gcc.exe -mcpu=cortex-m3 -mthumb -I. -IGenerated_Source\PSoC5 -Wa,-alh=.\ARM_GCC_541\Debug/USBUART_1_descr.lst -g -Wall -ffunction-sections -ffat-lto-objects -O0 -c Generated_Source\PSoC5\USBUART_1_descr.c -o .\ARM_GCC_541\Debug\USBUART_1_descr.o
arm-none-eabi-gcc.exe -mcpu=cortex-m3 -mthumb -I. -IGenerated_Source\PSoC5 -Wa,-alh=.\ARM_GCC_541\Debug/USBUART_1_drv.lst -g -Wall -ffunction-sections -ffat-lto-objects -O0 -c Generated_Source\PSoC5\USBUART_1_drv.c -o .\ARM_GCC_541\Debug\USBUART_1_drv.o
arm-none-eabi-gcc.exe -mcpu=cortex-m3 -mthumb -I. -IGenerated_Source\PSoC5 -Wa,-alh=.\ARM_GCC_541\Debug/USBUART_1_episr.lst -g -Wall -ffunction-sections -ffat-lto-objects -O0 -c Generated_Source\PSoC5\USBUART_1_episr.c -o .\ARM_GCC_541\Debug\USBUART_1_episr.o
arm-none-eabi-gcc.exe -mcpu=cortex-m3 -mthumb -I. -IGenerated_Source\PSoC5 -Wa,-alh=.\ARM_GCC_541\Debug/USBUART_1_hid.lst -g -Wall -ffunction-sections -ffat-lto-objects -O0 -c Generated_Source\PSoC5\USBUART_1_hid.c -o .\ARM_GCC_541\Debug\USBUART_1_hid.o
arm-none-eabi-gcc.exe -mcpu=cortex-m3 -mthumb -I. -IGenerated_Source\PSoC5 -Wa,-alh=.\ARM_GCC_541\Debug/USBUART_1_pm.lst -g -Wall -ffunction-sections -ffat-lto-objects -O0 -c Generated_Source\PSoC5\USBUART_1_pm.c -o .\ARM_GCC_541\Debug\USBUART_1_pm.o
arm-none-eabi-gcc.exe -mcpu=cortex-m3 -mthumb -I. -IGenerated_Source\PSoC5 -Wa,-alh=.\ARM_GCC_541\Debug/USBUART_1_std.lst -g -Wall -ffunction-sections -ffat-lto-objects -O0 -c Generated_Source\PSoC5\USBUART_1_std.c -o .\ARM_GCC_541\Debug\USBUART_1_std.o
arm-none-eabi-gcc.exe -mcpu=cortex-m3 -mthumb -I. -IGenerated_Source\PSoC5 -Wa,-alh=.\ARM_GCC_541\Debug/USBUART_1_vnd.lst -g -Wall -ffunction-sections -ffat-lto-objects -O0 -c Generated_Source\PSoC5\USBUART_1_vnd.c -o .\ARM_GCC_541\Debug\USBUART_1_vnd.o
arm-none-eabi-gcc.exe -mcpu=cortex-m3 -mthumb -I. -IGenerated_Source\PSoC5 -Wa,-alh=.\ARM_GCC_541\Debug/USBUART_1_midi.lst -g -Wall -ffunction-sections -ffat-lto-objects -O0 -c Generated_Source\PSoC5\USBUART_1_midi.c -o .\ARM_GCC_541\Debug\USBUART_1_midi.o
arm-none-eabi-gcc.exe -mcpu=cortex-m3 -mthumb -I. -IGenerated_Source\PSoC5 -Wa,-alh=.\ARM_GCC_541\Debug/USBUART_1_msc.lst -g -Wall -ffunction-sections -ffat-lto-objects -O0 -c Generated_Source\PSoC5\USBUART_1_msc.c -o .\ARM_GCC_541\Debug\USBUART_1_msc.o
arm-none-eabi-gcc.exe -mcpu=cortex-m3 -mthumb -I. -IGenerated_Source\PSoC5 -Wa,-alh=.\ARM_GCC_541\Debug/LCD.lst -g -Wall -ffunction-sections -ffat-lto-objects -O0 -c Generated_Source\PSoC5\LCD.c -o .\ARM_GCC_541\Debug\LCD.o
arm-none-eabi-gcc.exe -mcpu=cortex-m3 -mthumb -I. -IGenerated_Source\PSoC5 -Wa,-alh=.\ARM_GCC_541\Debug/LCD_PM.lst -g -Wall -ffunction-sections -ffat-lto-objects -O0 -c Generated_Source\PSoC5\LCD_PM.c -o .\ARM_GCC_541\Debug\LCD_PM.o
arm-none-eabi-gcc.exe -mcpu=cortex-m3 -mthumb -I. -IGenerated_Source\PSoC5 -Wa,-alh=.\ARM_GCC_541\Debug/USBUART_1_Dm.lst -g -Wall -ffunction-sections -ffat-lto-objects -O0 -c Generated_Source\PSoC5\USBUART_1_Dm.c -o .\ARM_GCC_541\Debug\USBUART_1_Dm.o
arm-none-eabi-gcc.exe -mcpu=cortex-m3 -mthumb -I. -IGenerated_Source\PSoC5 -Wa,-alh=.\ARM_GCC_541\Debug/USBUART_1_Dp.lst -g -Wall -ffunction-sections -ffat-lto-objects -O0 -c Generated_Source\PSoC5\USBUART_1_Dp.c -o .\ARM_GCC_541\Debug\USBUART_1_Dp.o
arm-none-eabi-gcc.exe -mcpu=cortex-m3 -mthumb -I. -IGenerated_Source\PSoC5 -Wa,-alh=.\ARM_GCC_541\Debug/LCD_LCDPort.lst -g -Wall -ffunction-sections -ffat-lto-objects -O0 -c Generated_Source\PSoC5\LCD_LCDPort.c -o .\ARM_GCC_541\Debug\LCD_LCDPort.o
arm-none-eabi-gcc.exe -mcpu=cortex-m3 -mthumb -I. -IGenerated_Source\PSoC5 -Wa,-alh=.\ARM_GCC_541\Debug/Cm3Start.lst -g -Wall -ffunction-sections -ffat-lto-objects -O0 -c Generated_Source\PSoC5\Cm3Start.c -o .\ARM_GCC_541\Debug\Cm3Start.o
arm-none-eabi-gcc.exe -mcpu=cortex-m3 -mthumb -I. -IGenerated_Source\PSoC5 -Wa,-alh=.\ARM_GCC_541\Debug/CyDmac.lst -g -Wall -ffunction-sections -ffat-lto-objects -O0 -c Generated_Source\PSoC5\CyDmac.c -o .\ARM_GCC_541\Debug\CyDmac.o
arm-none-eabi-gcc.exe -mcpu=cortex-m3 -mthumb -I. -IGenerated_Source\PSoC5 -Wa,-alh=.\ARM_GCC_541\Debug/CyFlash.lst -g -Wall -ffunction-sections -ffat-lto-objects -O0 -c Generated_Source\PSoC5\CyFlash.c -o .\ARM_GCC_541\Debug\CyFlash.o
arm-none-eabi-gcc.exe -mcpu=cortex-m3 -mthumb -I. -IGenerated_Source\PSoC5 -Wa,-alh=.\ARM_GCC_541\Debug/CyLib.lst -g -Wall -ffunction-sections -ffat-lto-objects -O0 -c Generated_Source\PSoC5\CyLib.c -o .\ARM_GCC_541\Debug\CyLib.o
arm-none-eabi-gcc.exe -mcpu=cortex-m3 -mthumb -I. -IGenerated_Source\PSoC5 -Wa,-alh=.\ARM_GCC_541\Debug/cyPm.lst -g -Wall -ffunction-sections -ffat-lto-objects -O0 -c Generated_Source\PSoC5\cyPm.c -o .\ARM_GCC_541\Debug\cyPm.o
arm-none-eabi-gcc.exe -mcpu=cortex-m3 -mthumb -I. -IGenerated_Source\PSoC5 -Wa,-alh=.\ARM_GCC_541\Debug/CySpc.lst -g -Wall -ffunction-sections -ffat-lto-objects -O0 -c Generated_Source\PSoC5\CySpc.c -o .\ARM_GCC_541\Debug\CySpc.o
arm-none-eabi-gcc.exe -mcpu=cortex-m3 -mthumb -I. -IGenerated_Source\PSoC5 -Wa,-alh=.\ARM_GCC_541\Debug/cyutils.lst -g -Wall -ffunction-sections -ffat-lto-objects -O0 -c Generated_Source\PSoC5\cyutils.c -o .\ARM_GCC_541\Debug\cyutils.o
arm-none-eabi-gcc.exe -mcpu=cortex-m3 -mthumb -I. -IGenerated_Source\PSoC5 -Wa,-alh=.\ARM_GCC_541\Debug/cy_em_eeprom.lst -g -Wall -ffunction-sections -ffat-lto-objects -O0 -c Generated_Source\PSoC5\cy_em_eeprom.c -o .\ARM_GCC_541\Debug\cy_em_eeprom.o
arm-none-eabi-gcc.exe -mcpu=cortex-m3 -mthumb -I. -IGenerated_Source\PSoC5 -Wa,-alh=.\ARM_GCC_541\Debug/Clock.lst -g -Wall -ffunction-sections -ffat-lto-objects -O0 -c Generated_Source\PSoC5\Clock.c -o .\ARM_GCC_541\Debug\Clock.o
arm-none-eabi-gcc.exe -mcpu=cortex-m3 -mthumb -I. -IGenerated_Source\PSoC5 -Wa,-alh=.\ARM_GCC_541\Debug/SPIM.lst -g -Wall -ffunction-sections -ffat-lto-objects -O0 -c Generated_Source\PSoC5\SPIM.c -o .\ARM_GCC_541\Debug\SPIM.o
arm-none-eabi-gcc.exe -mcpu=cortex-m3 -mthumb -I. -IGenerated_Source\PSoC5 -Wa,-alh=.\ARM_GCC_541\Debug/SPIM_PM.lst -g -Wall -ffunction-sections -ffat-lto-objects -O0 -c Generated_Source\PSoC5\SPIM_PM.c -o .\ARM_GCC_541\Debug\SPIM_PM.o
arm-none-eabi-gcc.exe -mcpu=cortex-m3 -mthumb -I. -IGenerated_Source\PSoC5 -Wa,-alh=.\ARM_GCC_541\Debug/SPIM_INT.lst -g -Wall -ffunction-sections -ffat-lto-objects -O0 -c Generated_Source\PSoC5\SPIM_INT.c -o .\ARM_GCC_541\Debug\SPIM_INT.o
arm-none-eabi-gcc.exe -mcpu=cortex-m3 -mthumb -I. -IGenerated_Source\PSoC5 -Wa,-alh=.\ARM_GCC_541\Debug/MOSI.lst -g -Wall -ffunction-sections -ffat-lto-objects -O0 -c Generated_Source\PSoC5\MOSI.c -o .\ARM_GCC_541\Debug\MOSI.o
arm-none-eabi-gcc.exe -mcpu=cortex-m3 -mthumb -I. -IGenerated_Source\PSoC5 -Wa,-alh=.\ARM_GCC_541\Debug/SCLK.lst -g -Wall -ffunction-sections -ffat-lto-objects -O0 -c Generated_Source\PSoC5\SCLK.c -o .\ARM_GCC_541\Debug\SCLK.o
arm-none-eabi-gcc.exe -mcpu=cortex-m3 -mthumb -I. -IGenerated_Source\PSoC5 -Wa,-alh=.\ARM_GCC_541\Debug/SS.lst -g -Wall -ffunction-sections -ffat-lto-objects -O0 -c Generated_Source\PSoC5\SS.c -o .\ARM_GCC_541\Debug\SS.o
arm-none-eabi-gcc.exe -mcpu=cortex-m3 -mthumb -I. -IGenerated_Source\PSoC5 -Wa,-alh=.\ARM_GCC_541\Debug/MISO.lst -g -Wall -ffunction-sections -ffat-lto-objects -O0 -c Generated_Source\PSoC5\MISO.c -o .\ARM_GCC_541\Debug\MISO.o
arm-none-eabi-gcc.exe -mcpu=cortex-m3 -mthumb -I. -IGenerated_Source\PSoC5 -Wa,-alh=.\ARM_GCC_541\Debug/AMux_1.lst -g -Wall -ffunction-sections -ffat-lto-objects -O0 -c Generated_Source\PSoC5\AMux_1.c -o .\ARM_GCC_541\Debug\AMux_1.o
arm-none-eabi-gcc.exe -mcpu=cortex-m3 -mthumb -I. -IGenerated_Source\PSoC5 -Wa,-alh=.\ARM_GCC_541\Debug/ADC_SAR_1.lst -g -Wall -ffunction-sections -ffat-lto-objects -O0 -c Generated_Source\PSoC5\ADC_SAR_1.c -o .\ARM_GCC_541\Debug\ADC_SAR_1.o
arm-none-eabi-gcc.exe -mcpu=cortex-m3 -mthumb -I. -IGenerated_Source\PSoC5 -Wa,-alh=.\ARM_GCC_541\Debug/ADC_SAR_1_INT.lst -g -Wall -ffunction-sections -ffat-lto-objects -O0 -c Generated_Source\PSoC5\ADC_SAR_1_INT.c -o .\ARM_GCC_541\Debug\ADC_SAR_1_INT.o
arm-none-eabi-gcc.exe -mcpu=cortex-m3 -mthumb -I. -IGenerated_Source\PSoC5 -Wa,-alh=.\ARM_GCC_541\Debug/ADC_SAR_1_PM.lst -g -Wall -ffunction-sections -ffat-lto-objects -O0 -c Generated_Source\PSoC5\ADC_SAR_1_PM.c -o .\ARM_GCC_541\Debug\ADC_SAR_1_PM.o
arm-none-eabi-gcc.exe -mcpu=cortex-m3 -mthumb -I. -IGenerated_Source\PSoC5 -Wa,-alh=.\ARM_GCC_541\Debug/ADC_SAR_0.lst -g -Wall -ffunction-sections -ffat-lto-objects -O0 -c Generated_Source\PSoC5\ADC_SAR_0.c -o .\ARM_GCC_541\Debug\ADC_SAR_0.o
arm-none-eabi-gcc.exe -mcpu=cortex-m3 -mthumb -I. -IGenerated_Source\PSoC5 -Wa,-alh=.\ARM_GCC_541\Debug/ADC_SAR_0_INT.lst -g -Wall -ffunction-sections -ffat-lto-objects -O0 -c Generated_Source\PSoC5\ADC_SAR_0_INT.c -o .\ARM_GCC_541\Debug\ADC_SAR_0_INT.o
arm-none-eabi-gcc.exe -mcpu=cortex-m3 -mthumb -I. -IGenerated_Source\PSoC5 -Wa,-alh=.\ARM_GCC_541\Debug/ADC_SAR_0_PM.lst -g -Wall -ffunction-sections -ffat-lto-objects -O0 -c Generated_Source\PSoC5\ADC_SAR_0_PM.c -o .\ARM_GCC_541\Debug\ADC_SAR_0_PM.o
arm-none-eabi-gcc.exe -mcpu=cortex-m3 -mthumb -I. -IGenerated_Source\PSoC5 -Wa,-alh=.\ARM_GCC_541\Debug/AMux_0.lst -g -Wall -ffunction-sections -ffat-lto-objects -O0 -c Generated_Source\PSoC5\AMux_0.c -o .\ARM_GCC_541\Debug\AMux_0.o
arm-none-eabi-gcc.exe -mcpu=cortex-m3 -mthumb -I. -IGenerated_Source\PSoC5 -Wa,-alh=.\ARM_GCC_541\Debug/ADC_SAR_1_IRQ.lst -g -Wall -ffunction-sections -ffat-lto-objects -O0 -c Generated_Source\PSoC5\ADC_SAR_1_IRQ.c -o .\ARM_GCC_541\Debug\ADC_SAR_1_IRQ.o
arm-none-eabi-gcc.exe -mcpu=cortex-m3 -mthumb -I. -IGenerated_Source\PSoC5 -Wa,-alh=.\ARM_GCC_541\Debug/ADC_SAR_1_theACLK.lst -g -Wall -ffunction-sections -ffat-lto-objects -O0 -c Generated_Source\PSoC5\ADC_SAR_1_theACLK.c -o .\ARM_GCC_541\Debug\ADC_SAR_1_theACLK.o
arm-none-eabi-gcc.exe -mcpu=cortex-m3 -mthumb -I. -IGenerated_Source\PSoC5 -Wa,-alh=.\ARM_GCC_541\Debug/ADC_SAR_0_IRQ.lst -g -Wall -ffunction-sections -ffat-lto-objects -O0 -c Generated_Source\PSoC5\ADC_SAR_0_IRQ.c -o .\ARM_GCC_541\Debug\ADC_SAR_0_IRQ.o
arm-none-eabi-gcc.exe -mcpu=cortex-m3 -mthumb -I. -IGenerated_Source\PSoC5 -Wa,-alh=.\ARM_GCC_541\Debug/ADC_SAR_0_theACLK.lst -g -Wall -ffunction-sections -ffat-lto-objects -O0 -c Generated_Source\PSoC5\ADC_SAR_0_theACLK.c -o .\ARM_GCC_541\Debug\ADC_SAR_0_theACLK.o
arm-none-eabi-gcc.exe -mcpu=cortex-m3 -mthumb -I. -IGenerated_Source\PSoC5 -Wa,-alh=.\ARM_GCC_541\Debug/NC_42.lst -g -Wall -ffunction-sections -ffat-lto-objects -O0 -c Generated_Source\PSoC5\NC_42.c -o .\ARM_GCC_541\Debug\NC_42.o
arm-none-eabi-gcc.exe -mcpu=cortex-m3 -mthumb -I. -IGenerated_Source\PSoC5 -Wa,-alh=.\ARM_GCC_541\Debug/pin_LoadSense_44.lst -g -Wall -ffunction-sections -ffat-lto-objects -O0 -c Generated_Source\PSoC5\pin_LoadSense_44.c -o .\ARM_GCC_541\Debug\pin_LoadSense_44.o
arm-none-eabi-gcc.exe -mcpu=cortex-m3 -mthumb -I. -IGenerated_Source\PSoC5 -Wa,-alh=.\ARM_GCC_541\Debug/pin_5Button_45.lst -g -Wall -ffunction-sections -ffat-lto-objects -O0 -c Generated_Source\PSoC5\pin_5Button_45.c -o .\ARM_GCC_541\Debug\pin_5Button_45.o
arm-none-eabi-gcc.exe -mcpu=cortex-m3 -mthumb -I. -IGenerated_Source\PSoC5 -Wa,-alh=.\ARM_GCC_541\Debug/pin_3_3v_49.lst -g -Wall -ffunction-sections -ffat-lto-objects -O0 -c Generated_Source\PSoC5\pin_3_3v_49.c -o .\ARM_GCC_541\Debug\pin_3_3v_49.o
arm-none-eabi-gcc.exe -mcpu=cortex-m3 -mthumb -I. -IGenerated_Source\PSoC5 -Wa,-alh=.\ARM_GCC_541\Debug/pin_FM12v_48.lst -g -Wall -ffunction-sections -ffat-lto-objects -O0 -c Generated_Source\PSoC5\pin_FM12v_48.c -o .\ARM_GCC_541\Debug\pin_FM12v_48.o
arm-none-eabi-gcc.exe -mcpu=cortex-m3 -mthumb -I. -IGenerated_Source\PSoC5 -Wa,-alh=.\ARM_GCC_541\Debug/pin_5v_24v_47.lst -g -Wall -ffunction-sections -ffat-lto-objects -O0 -c Generated_Source\PSoC5\pin_5v_24v_47.c -o .\ARM_GCC_541\Debug\pin_5v_24v_47.o
arm-none-eabi-gcc.exe -mcpu=cortex-m3 -mthumb -I. -IGenerated_Source\PSoC5 -Wa,-alh=.\ARM_GCC_541\Debug/pin_12v_46.lst -g -Wall -ffunction-sections -ffat-lto-objects -O0 -c Generated_Source\PSoC5\pin_12v_46.c -o .\ARM_GCC_541\Debug\pin_12v_46.o
arm-none-eabi-gcc.exe -mcpu=cortex-m3 -mthumb -I. -IGenerated_Source\PSoC5 -Wa,-alh=.\ARM_GCC_541\Debug/NC_43.lst -g -Wall -ffunction-sections -ffat-lto-objects -O0 -c Generated_Source\PSoC5\NC_43.c -o .\ARM_GCC_541\Debug\NC_43.o
arm-none-eabi-as.exe -mcpu=cortex-m3 -mthumb -I. -IGenerated_Source\PSoC5 -alh=.\ARM_GCC_541\Debug/CyBootAsmGnu.lst -g -o .\ARM_GCC_541\Debug\CyBootAsmGnu.o Generated_Source\PSoC5\CyBootAsmGnu.s
arm-none-eabi-ar.exe -rs .\ARM_GCC_541\Debug\CE95396.a .\ARM_GCC_541\Debug\USBUART_1.o .\ARM_GCC_541\Debug\USBUART_1_audio.o .\ARM_GCC_541\Debug\USBUART_1_boot.o .\ARM_GCC_541\Debug\USBUART_1_cdc.o .\ARM_GCC_541\Debug\USBUART_1_cls.o .\ARM_GCC_541\Debug\USBUART_1_descr.o .\ARM_GCC_541\Debug\USBUART_1_drv.o .\ARM_GCC_541\Debug\USBUART_1_episr.o .\ARM_GCC_541\Debug\USBUART_1_hid.o .\ARM_GCC_541\Debug\USBUART_1_pm.o .\ARM_GCC_541\Debug\USBUART_1_std.o .\ARM_GCC_541\Debug\USBUART_1_vnd.o .\ARM_GCC_541\Debug\USBUART_1_midi.o .\ARM_GCC_541\Debug\USBUART_1_msc.o .\ARM_GCC_541\Debug\LCD.o .\ARM_GCC_541\Debug\LCD_PM.o .\ARM_GCC_541\Debug\USBUART_1_Dm.o .\ARM_GCC_541\Debug\USBUART_1_Dp.o .\ARM_GCC_541\Debug\LCD_LCDPort.o .\ARM_GCC_541\Debug\CyDmac.o .\ARM_GCC_541\Debug\CyFlash.o .\ARM_GCC_541\Debug\CyLib.o .\ARM_GCC_541\Debug\cyPm.o .\ARM_GCC_541\Debug\CySpc.o .\ARM_GCC_541\Debug\cyutils.o .\ARM_GCC_541\Debug\cy_em_eeprom.o .\ARM_GCC_541\Debug\Clock.o .\ARM_GCC_541\Debug\SPIM.o .\ARM_GCC_541\Debug\SPIM_PM.o .\ARM_GCC_541\Debug\SPIM_INT.o .\ARM_GCC_541\Debug\MOSI.o .\ARM_GCC_541\Debug\SCLK.o .\ARM_GCC_541\Debug\SS.o .\ARM_GCC_541\Debug\MISO.o .\ARM_GCC_541\Debug\AMux_1.o .\ARM_GCC_541\Debug\ADC_SAR_1.o .\ARM_GCC_541\Debug\ADC_SAR_1_INT.o .\ARM_GCC_541\Debug\ADC_SAR_1_PM.o .\ARM_GCC_541\Debug\ADC_SAR_0.o .\ARM_GCC_541\Debug\ADC_SAR_0_INT.o .\ARM_GCC_541\Debug\ADC_SAR_0_PM.o .\ARM_GCC_541\Debug\AMux_0.o .\ARM_GCC_541\Debug\ADC_SAR_1_IRQ.o .\ARM_GCC_541\Debug\ADC_SAR_1_theACLK.o .\ARM_GCC_541\Debug\ADC_SAR_0_IRQ.o .\ARM_GCC_541\Debug\ADC_SAR_0_theACLK.o .\ARM_GCC_541\Debug\NC_42.o .\ARM_GCC_541\Debug\pin_LoadSense_44.o .\ARM_GCC_541\Debug\pin_5Button_45.o .\ARM_GCC_541\Debug\pin_3_3v_49.o .\ARM_GCC_541\Debug\pin_FM12v_48.o .\ARM_GCC_541\Debug\pin_5v_24v_47.o .\ARM_GCC_541\Debug\pin_12v_46.o .\ARM_GCC_541\Debug\NC_43.o .\ARM_GCC_541\Debug\CyBootAsmGnu.o
arm-none-eabi-ar.exe: creating .\ARM_GCC_541\Debug\CE95396.a
arm-none-eabi-gcc.exe -Wl,--start-group -o C:\Users\bryan.lee\Documents\GitHub\hello-world\Cypress\USB\CE95396.cydsn\ARM_GCC_541\Debug\CE95396.elf .\ARM_GCC_541\Debug\main.o .\ARM_GCC_541\Debug\cyfitter_cfg.o .\ARM_GCC_541\Debug\cymetadata.o .\ARM_GCC_541\Debug\Cm3Start.o .\ARM_GCC_541\Debug\CE95396.a "C:\Program Files (x86)\Cypress\PSoC Creator\4.3\PSoC Creator\psoc\content\cycomponentlibrary\CyComponentLibrary.cylib\CortexM3\ARM_GCC_541\Debug\CyComponentLibrary.a" -mcpu=cortex-m3 -mthumb -L Generated_Source\PSoC5 -Wl,-Map,.\ARM_GCC_541\Debug/CE95396.map -T Generated_Source\PSoC5\cm3gcc.ld -specs=nano.specs -Wl,--gc-sections -g -ffunction-sections -O0 -ffat-lto-objects -Wl,--end-group
cyelftool.exe -C C:\Users\bryan.lee\Documents\GitHub\hello-world\Cypress\USB\CE95396.cydsn\ARM_GCC_541\Debug\CE95396.elf --flash_row_size 256 --flash_size 262144 --flash_offset 0x00000000
No ELF section .cychecksum found, creating one
Application checksum calculated and stored in ELF section .cychecksum
Checksum calculated and stored in ELF section .cymeta
cyelftool.exe -S C:\Users\bryan.lee\Documents\GitHub\hello-world\Cypress\USB\CE95396.cydsn\ARM_GCC_541\Debug\CE95396.elf
Flash used: 27660 of 262144 bytes (10.6%).
SRAM used: 2893 of 65536 bytes (4.4%). Stack: 2048 bytes. Heap: 128 bytes.
--------------- Rebuild Succeeded: 04/02/2020 11:42:09 ---------------
