Change Component Designator: Old Designator=C14 New Designator=C?
Change Component Designator: Old Designator=CN2 New Designator=CN?
Change Component Designator: Old Designator=CN3 New Designator=CN?
Change Component Designator: Old Designator=CN4 New Designator=CN?
Change Component Designator: Old Designator=CN6 New Designator=CN?
Change Component Designator: Old Designator=HD2 New Designator=HD?
Change Component Designator: Old Designator=HD3 New Designator=HD?
Change Component Designator: Old Designator=HD4 New Designator=HD?
Change Component Designator: Old Designator=HD6 New Designator=HD?
Change Component Designator: Old Designator=R2 New Designator=R?
Change Component Designator: Old Designator=R6 New Designator=R?
Change Component Designator: Old Designator=R7 New Designator=R?
Change Component Designator: Old Designator=R8 New Designator=R?
Change Component Designator: Old Designator=R9 New Designator=R?
Change Component Designator: Old Designator=R10 New Designator=R?
Change Component Designator: Old Designator=R11 New Designator=R?
Change Component Designator: Old Designator=R12 New Designator=R?
Change Component Designator: Old Designator=SW2 New Designator=SW?
Change Component Designator: Old Designator=SW3 New Designator=SW?
Change Component Designator: Old Designator=SW4 New Designator=SW?
Change Component Designator: Old Designator=SW5 New Designator=SW?
