Added Component: Designator=C1(0603)
Added Component: Designator=C2(0603)
Added Component: Designator=C3(0603)
Added Component: Designator=C4(0603)
Added Component: Designator=C5(0603)
Added Component: Designator=C6(CAP_CER_DISC_5mm_4mm_4.5mm)
Added Component: Designator=C7(CAP_CER_DISC_5mm_4mm_4.5mm)
Added Component: Designator=C8(0603)
Added Component: Designator=C10(1206)
Added Component: Designator=C11(0603)
Added Component: Designator=C12(0603)
Added Component: Designator=C13(0603)
Added Component: Designator=C14(RC0603REFLOW-IPC)
Added Component: Designator=C16(1206)
Added Component: Designator=C17(0603)
Added Component: Designator=C18(0603)
Added Component: Designator=C19(1812)
Added Component: Designator=C20(1206)
Added Component: Designator=C21(0603)
Added Component: Designator=C22(EIA3216-18)
Added Component: Designator=C23(0603)
Added Component: Designator=C24(EIA3216-18)
Added Component: Designator=C25(0603)
Added Component: Designator=C26(CAP_100RP42)
Added Component: Designator=C27(0603)
Added Component: Designator=C28(0603)
Added Component: Designator=C30(0603)
Added Component: Designator=D1(DSO-C2/X3.3)
Added Component: Designator=F1(FIDUCIAL_SMILEY)
Added Component: Designator=HD1(HDR5PIN100SHRD)
Added Component: Designator=HD2(HDR16PIN_1.5mm_DR_16PIN_VERT)
Added Component: Designator=HD3(HDR5PIN100SHRD)
Added Component: Designator=HD4(HDR2PIN100SHRD)
Added Component: Designator=HD5(HDR2PIN100SHRD)
Added Component: Designator=HD6(HDR4PIN100SHRD)
Added Component: Designator=HD7(HDR2PIN100SHRD)
Added Component: Designator=HD8(HDR2PIN100SHRD)
Added Component: Designator=HD9(HDR3PIN100SHRD)
Added Component: Designator=HD10(HDR2PIN100SHRD)
Added Component: Designator=HD11(HDR2PIN100SHRD)
Added Component: Designator=Q1(SOT23-3)
Added Component: Designator=Q2(SOT23-3)
Added Component: Designator=Q3(SOT95P240-3N)
Added Component: Designator=Q4(SOT23-3)
Added Component: Designator=R1(RC0603REFLOW-IPC)
Added Component: Designator=R2(6MM POT)
Added Component: Designator=R3(AXIAL-0.3)
Added Component: Designator=R4(AXIAL-0.3)
Added Component: Designator=R5(AXIAL-0.3)
Added Component: Designator=R6(AXIAL-0.3)
Added Component: Designator=R7(AXIAL-0.3)
Added Component: Designator=R8(AXIAL-0.3)
Added Component: Designator=R9(AXIAL-0.3)
Added Component: Designator=R10(RC0603REFLOW-IPC-OLD)
Added Component: Designator=R11(RC0603REFLOW-IPC)
Added Component: Designator=R12(0603)
Added Component: Designator=R13(0603)
Added Component: Designator=R14(RC0603REFLOW-IPC)
Added Component: Designator=R15(RC0603REFLOW-IPC)
Added Component: Designator=R16(RC0603REFLOW-IPC)
Added Component: Designator=R17(RC0603REFLOW-IPC)
Added Component: Designator=R18(RC0603REFLOW-IPC)
Added Component: Designator=R19(RC0603REFLOW-IPC)
Added Component: Designator=R20(RC0603REFLOW-IPC)
Added Component: Designator=R21(RC0603REFLOW-IPC)
Added Component: Designator=R22(R500/70100/42)
Added Component: Designator=R23(R500/70100/42)
Added Component: Designator=R24(R500/70100/42)
Added Component: Designator=R25(RC0603REFLOW-IPC)
Added Component: Designator=R26(RC0603REFLOW-IPC)
Added Component: Designator=R27(RC0603REFLOW-IPC)
Added Component: Designator=R28(RC0603REFLOW-IPC)
Added Component: Designator=R29(RC0603REFLOW-IPC)
Added Component: Designator=R30(0603)
Added Component: Designator=RG1(SOT-223)
Added Component: Designator=RG2(DPAK)
Added Component: Designator=RG3(TO-220-NORMAL)
Added Component: Designator=RG4(TO-220-NORMAL)
Added Component: Designator=U1(QFN68_8x8-MD)
Added Component: Designator=U2(SOIC14REFLOW-IPC)
Added Component: Designator=X1(.03_Small_Footprint_CRYSTAL)
Added Pin To Net: NetName=3.3V Pin=C1-1
Added Pin To Net: NetName=3.3V Pin=C2-1
Added Pin To Net: NetName=3.3V Pin=C3-1
Added Pin To Net: NetName=3.3V Pin=C5-1
Added Pin To Net: NetName=3.3V Pin=C8-1
Added Pin To Net: NetName=3.3V Pin=C10-1
Added Pin To Net: NetName=3.3V Pin=C11-1
Added Pin To Net: NetName=3.3V Pin=C13-1
Added Pin To Net: NetName=3.3V Pin=C18-1
Added Pin To Net: NetName=3.3V Pin=C19-1
Added Pin To Net: NetName=3.3V Pin=HD1-1
Added Pin To Net: NetName=3.3V Pin=Q2-2
Added Pin To Net: NetName=3.3V Pin=R1-2
Added Pin To Net: NetName=3.3V Pin=R21-1
Added Pin To Net: NetName=3.3V Pin=RG1-2
Added Pin To Net: NetName=3.3V Pin=RG1-4
Added Pin To Net: NetName=3.3V Pin=U1-17
Added Pin To Net: NetName=3.3V Pin=U1-24
Added Pin To Net: NetName=3.3V Pin=U1-35
Added Pin To Net: NetName=3.3V Pin=U1-44
Added Pin To Net: NetName=3.3V Pin=U1-52
Added Pin To Net: NetName=3.3V Pin=U1-59
Added Pin To Net: NetName=3.3V Pin=U1-67
Added Net: Name=3.3V
Added Pin To Net: NetName=5V Pin=C14-1
Added Pin To Net: NetName=5V Pin=C20-1
Added Pin To Net: NetName=5V Pin=C21-1
Added Pin To Net: NetName=5V Pin=HD2-2
Added Pin To Net: NetName=5V Pin=HD2-3
Added Pin To Net: NetName=5V Pin=R2-1
Added Pin To Net: NetName=5V Pin=R2-2
Added Pin To Net: NetName=5V Pin=R2-3
Added Pin To Net: NetName=5V Pin=R10-1
Added Pin To Net: NetName=5V Pin=R14-2
Added Pin To Net: NetName=5V Pin=RG2-3
Added Pin To Net: NetName=5V Pin=U2-4
Added Net: Name=5V
Added Pin To Net: NetName=6VDC Pin=C24-1
Added Pin To Net: NetName=6VDC Pin=C25-1
Added Pin To Net: NetName=6VDC Pin=HD6-3
Added Pin To Net: NetName=6VDC Pin=R15-1
Added Pin To Net: NetName=6VDC Pin=RG3-2
Added Pin To Net: NetName=6VDC Pin=RG3-4
Added Net: Name=6VDC
Added Pin To Net: NetName=9VDC Pin=C22-1
Added Pin To Net: NetName=9VDC Pin=C23-1
Added Pin To Net: NetName=9VDC Pin=HD6-2
Added Pin To Net: NetName=9VDC Pin=R16-1
Added Pin To Net: NetName=9VDC Pin=RG4-2
Added Pin To Net: NetName=9VDC Pin=RG4-4
Added Net: Name=9VDC
Added Pin To Net: NetName=12VIN Pin=C16-1
Added Pin To Net: NetName=12VIN Pin=C17-1
Added Pin To Net: NetName=12VIN Pin=HD4-1
Added Pin To Net: NetName=12VIN Pin=HD6-1
Added Pin To Net: NetName=12VIN Pin=RG1-3
Added Pin To Net: NetName=12VIN Pin=RG2-1
Added Pin To Net: NetName=12VIN Pin=RG3-3
Added Pin To Net: NetName=12VIN Pin=RG4-3
Added Net: Name=12VIN
Added Pin To Net: NetName=CGND Pin=C1-2
Added Pin To Net: NetName=CGND Pin=C2-2
Added Pin To Net: NetName=CGND Pin=C3-2
Added Pin To Net: NetName=CGND Pin=C4-2
Added Pin To Net: NetName=CGND Pin=C5-2
Added Pin To Net: NetName=CGND Pin=C6-2
Added Pin To Net: NetName=CGND Pin=C7-2
Added Pin To Net: NetName=CGND Pin=C8-2
Added Pin To Net: NetName=CGND Pin=C10-2
Added Pin To Net: NetName=CGND Pin=C11-2
Added Pin To Net: NetName=CGND Pin=C12-2
Added Pin To Net: NetName=CGND Pin=C13-2
Added Pin To Net: NetName=CGND Pin=C14-2
Added Pin To Net: NetName=CGND Pin=HD1-2
Added Pin To Net: NetName=CGND Pin=HD2-1
Added Pin To Net: NetName=CGND Pin=HD3-5
Added Pin To Net: NetName=CGND Pin=Q1-2
Added Pin To Net: NetName=CGND Pin=R2-4
Added Pin To Net: NetName=CGND Pin=R12-2
Added Pin To Net: NetName=CGND Pin=U1-5
Added Pin To Net: NetName=CGND Pin=U1-6
Added Pin To Net: NetName=CGND Pin=U1-7
Added Pin To Net: NetName=CGND Pin=U1-8
Added Pin To Net: NetName=CGND Pin=U1-9
Added Pin To Net: NetName=CGND Pin=U1-25
Added Pin To Net: NetName=CGND Pin=U1-43
Added Pin To Net: NetName=CGND Pin=U1-45
Added Pin To Net: NetName=CGND Pin=U1-58
Added Pin To Net: NetName=CGND Pin=U1-69
Added Pin To Net: NetName=CGND Pin=U1-69
Added Pin To Net: NetName=CGND Pin=U1-69
Added Pin To Net: NetName=CGND Pin=U1-69
Added Pin To Net: NetName=CGND Pin=U1-69
Added Pin To Net: NetName=CGND Pin=U1-69
Added Pin To Net: NetName=CGND Pin=U1-69
Added Pin To Net: NetName=CGND Pin=U1-69
Added Pin To Net: NetName=CGND Pin=U1-69
Added Net: Name=CGND
Added Pin To Net: NetName=FAN_GND Pin=C26-2
Added Pin To Net: NetName=FAN_GND Pin=C27-2
Added Pin To Net: NetName=FAN_GND Pin=C28-2
Added Pin To Net: NetName=FAN_GND Pin=C30-2
Added Pin To Net: NetName=FAN_GND Pin=D1-1
Added Pin To Net: NetName=FAN_GND Pin=HD11-2
Added Pin To Net: NetName=FAN_GND Pin=Q4-2
Added Pin To Net: NetName=FAN_GND Pin=R18-2
Added Pin To Net: NetName=FAN_GND Pin=R27-2
Added Net: Name=FAN_GND
Added Pin To Net: NetName=FAN GND Pin=R13-1
Added Pin To Net: NetName=FAN GND Pin=U2-11
Added Net: Name=FAN GND
Added Pin To Net: NetName=GND Pin=C16-2
Added Pin To Net: NetName=GND Pin=C17-2
Added Pin To Net: NetName=GND Pin=C18-2
Added Pin To Net: NetName=GND Pin=C19-2
Added Pin To Net: NetName=GND Pin=C20-2
Added Pin To Net: NetName=GND Pin=C21-2
Added Pin To Net: NetName=GND Pin=C22-2
Added Pin To Net: NetName=GND Pin=C23-2
Added Pin To Net: NetName=GND Pin=C24-2
Added Pin To Net: NetName=GND Pin=C25-2
Added Pin To Net: NetName=GND Pin=HD4-2
Added Pin To Net: NetName=GND Pin=HD5-2
Added Pin To Net: NetName=GND Pin=HD7-2
Added Pin To Net: NetName=GND Pin=HD8-2
Added Pin To Net: NetName=GND Pin=R12-1
Added Pin To Net: NetName=GND Pin=R13-2
Added Pin To Net: NetName=GND Pin=R29-2
Added Pin To Net: NetName=GND Pin=RG1-1
Added Pin To Net: NetName=GND Pin=RG2-4
Added Net: Name=GND
Added Pin To Net: NetName=NetC4_1 Pin=C4-1
Added Pin To Net: NetName=NetC4_1 Pin=U1-42
Added Net: Name=NetC4_1
Added Pin To Net: NetName=NetC6_1 Pin=C6-1
Added Pin To Net: NetName=NetC6_1 Pin=U1-41
Added Pin To Net: NetName=NetC6_1 Pin=X1-1
Added Net: Name=NetC6_1
Added Pin To Net: NetName=NetC7_1 Pin=C7-1
Added Pin To Net: NetName=NetC7_1 Pin=U1-40
Added Pin To Net: NetName=NetC7_1 Pin=X1-2
Added Net: Name=NetC7_1
Added Pin To Net: NetName=NetC9_1 Pin=HD1-3
Added Pin To Net: NetName=NetC9_1 Pin=R1-1
Added Pin To Net: NetName=NetC9_1 Pin=U1-10
Added Net: Name=NetC9_1
Added Pin To Net: NetName=NetC12_1 Pin=C12-1
Added Pin To Net: NetName=NetC12_1 Pin=U1-26
Added Pin To Net: NetName=NetC12_1 Pin=U1-57
Added Net: Name=NetC12_1
Added Pin To Net: NetName=NetC26_1 Pin=C26-1
Added Pin To Net: NetName=NetC26_1 Pin=C27-1
Added Pin To Net: NetName=NetC26_1 Pin=D1-2
Added Pin To Net: NetName=NetC26_1 Pin=HD9-1
Added Pin To Net: NetName=NetC26_1 Pin=HD10-1
Added Pin To Net: NetName=NetC26_1 Pin=HD10-2
Added Pin To Net: NetName=NetC26_1 Pin=HD11-1
Added Pin To Net: NetName=NetC26_1 Pin=Q3-1
Added Pin To Net: NetName=NetC26_1 Pin=R20-1
Added Pin To Net: NetName=NetC26_1 Pin=R25-1
Added Pin To Net: NetName=NetC26_1 Pin=R30-2
Added Net: Name=NetC26_1
Added Pin To Net: NetName=NetC28_1 Pin=C28-1
Added Pin To Net: NetName=NetC28_1 Pin=R28-2
Added Pin To Net: NetName=NetC28_1 Pin=U2-10
Added Net: Name=NetC28_1
Added Pin To Net: NetName=NetC30_1 Pin=C30-1
Added Pin To Net: NetName=NetC30_1 Pin=R25-2
Added Pin To Net: NetName=NetC30_1 Pin=R29-1
Added Pin To Net: NetName=NetC30_1 Pin=U2-12
Added Net: Name=NetC30_1
Added Pin To Net: NetName=NetHD1_4 Pin=HD1-4
Added Pin To Net: NetName=NetHD1_4 Pin=U1-12
Added Net: Name=NetHD1_4
Added Pin To Net: NetName=NetHD1_5 Pin=HD1-5
Added Pin To Net: NetName=NetHD1_5 Pin=U1-11
Added Net: Name=NetHD1_5
Added Pin To Net: NetName=NetHD2_4 Pin=HD2-4
Added Pin To Net: NetName=NetHD2_4 Pin=R3-1
Added Net: Name=NetHD2_4
Added Pin To Net: NetName=NetHD2_5 Pin=HD2-5
Added Pin To Net: NetName=NetHD2_5 Pin=R4-1
Added Net: Name=NetHD2_5
Added Pin To Net: NetName=NetHD2_6 Pin=HD2-6
Added Pin To Net: NetName=NetHD2_6 Pin=R5-1
Added Net: Name=NetHD2_6
Added Pin To Net: NetName=NetHD2_11 Pin=HD2-11
Added Pin To Net: NetName=NetHD2_11 Pin=R6-1
Added Net: Name=NetHD2_11
Added Pin To Net: NetName=NetHD2_12 Pin=HD2-12
Added Pin To Net: NetName=NetHD2_12 Pin=R7-1
Added Net: Name=NetHD2_12
Added Pin To Net: NetName=NetHD2_13 Pin=HD2-13
Added Pin To Net: NetName=NetHD2_13 Pin=R8-1
Added Net: Name=NetHD2_13
Added Pin To Net: NetName=NetHD2_14 Pin=HD2-14
Added Pin To Net: NetName=NetHD2_14 Pin=R9-1
Added Net: Name=NetHD2_14
Added Pin To Net: NetName=NetHD2_15 Pin=HD2-15
Added Pin To Net: NetName=NetHD2_15 Pin=R10-2
Added Net: Name=NetHD2_15
Added Pin To Net: NetName=NetHD2_16 Pin=HD2-16
Added Pin To Net: NetName=NetHD2_16 Pin=Q1-3
Added Net: Name=NetHD2_16
Added Pin To Net: NetName=NetHD3_1 Pin=HD3-1
Added Pin To Net: NetName=NetHD3_1 Pin=U1-51
Added Net: Name=NetHD3_1
Added Pin To Net: NetName=NetHD3_2 Pin=HD3-2
Added Pin To Net: NetName=NetHD3_2 Pin=U1-50
Added Net: Name=NetHD3_2
Added Pin To Net: NetName=NetHD3_3 Pin=HD3-3
Added Pin To Net: NetName=NetHD3_3 Pin=U1-49
Added Net: Name=NetHD3_3
Added Pin To Net: NetName=NetHD3_4 Pin=HD3-4
Added Pin To Net: NetName=NetHD3_4 Pin=U1-48
Added Net: Name=NetHD3_4
Added Pin To Net: NetName=NetHD5_1 Pin=HD5-1
Added Pin To Net: NetName=NetHD5_1 Pin=R14-1
Added Net: Name=NetHD5_1
Added Pin To Net: NetName=NetHD6_4 Pin=HD6-4
Added Pin To Net: NetName=NetHD6_4 Pin=HD9-2
Added Pin To Net: NetName=NetHD6_4 Pin=Q3-3
Added Pin To Net: NetName=NetHD6_4 Pin=R19-1
Added Net: Name=NetHD6_4
Added Pin To Net: NetName=NetHD7_1 Pin=HD7-1
Added Pin To Net: NetName=NetHD7_1 Pin=R15-2
Added Pin To Net: NetName=NetHD7_1 Pin=RG3-1
Added Net: Name=NetHD7_1
Added Pin To Net: NetName=NetHD8_1 Pin=HD8-1
Added Pin To Net: NetName=NetHD8_1 Pin=R16-2
Added Pin To Net: NetName=NetHD8_1 Pin=RG4-1
Added Net: Name=NetHD8_1
Added Pin To Net: NetName=NetHD9_3 Pin=HD9-3
Added Pin To Net: NetName=NetHD9_3 Pin=Q2-3
Added Pin To Net: NetName=NetHD9_3 Pin=R18-1
Added Net: Name=NetHD9_3
Added Pin To Net: NetName=NetQ1_1 Pin=Q1-1
Added Pin To Net: NetName=NetQ1_1 Pin=R11-2
Added Net: Name=NetQ1_1
Added Pin To Net: NetName=NetQ2_1 Pin=Q2-1
Added Pin To Net: NetName=NetQ2_1 Pin=R17-2
Added Net: Name=NetQ2_1
Added Pin To Net: NetName=NetQ3_2 Pin=Q3-2
Added Pin To Net: NetName=NetQ3_2 Pin=R19-2
Added Pin To Net: NetName=NetQ3_2 Pin=R22-1
Added Pin To Net: NetName=NetQ3_2 Pin=R23-1
Added Pin To Net: NetName=NetQ3_2 Pin=R24-1
Added Net: Name=NetQ3_2
Added Pin To Net: NetName=NetQ4_1 Pin=Q4-1
Added Pin To Net: NetName=NetQ4_1 Pin=R26-2
Added Net: Name=NetQ4_1
Added Pin To Net: NetName=NetQ4_3 Pin=Q4-3
Added Pin To Net: NetName=NetQ4_3 Pin=R22-2
Added Pin To Net: NetName=NetQ4_3 Pin=R23-2
Added Pin To Net: NetName=NetQ4_3 Pin=R24-2
Added Net: Name=NetQ4_3
Added Pin To Net: NetName=NetR3_2 Pin=R3-2
Added Pin To Net: NetName=NetR3_2 Pin=U1-68
Added Net: Name=NetR3_2
Added Pin To Net: NetName=NetR4_2 Pin=R4-2
Added Pin To Net: NetName=NetR4_2 Pin=U1-1
Added Net: Name=NetR4_2
Added Pin To Net: NetName=NetR5_2 Pin=R5-2
Added Pin To Net: NetName=NetR5_2 Pin=U1-66
Added Net: Name=NetR5_2
Added Pin To Net: NetName=NetR6_2 Pin=R6-2
Added Pin To Net: NetName=NetR6_2 Pin=U1-62
Added Net: Name=NetR6_2
Added Pin To Net: NetName=NetR7_2 Pin=R7-2
Added Pin To Net: NetName=NetR7_2 Pin=U1-63
Added Net: Name=NetR7_2
Added Pin To Net: NetName=NetR8_2 Pin=R8-2
Added Pin To Net: NetName=NetR8_2 Pin=U1-64
Added Net: Name=NetR8_2
Added Pin To Net: NetName=NetR9_2 Pin=R9-2
Added Pin To Net: NetName=NetR9_2 Pin=U1-65
Added Net: Name=NetR9_2
Added Pin To Net: NetName=NetR11_1 Pin=R11-1
Added Pin To Net: NetName=NetR11_1 Pin=U1-2
Added Net: Name=NetR11_1
Added Pin To Net: NetName=NetR17_1 Pin=R17-1
Added Pin To Net: NetName=NetR17_1 Pin=U2-1
Added Pin To Net: NetName=NetR17_1 Pin=U2-2
Added Net: Name=NetR17_1
Added Pin To Net: NetName=NetR20_2 Pin=R20-2
Added Pin To Net: NetName=NetR20_2 Pin=R21-2
Added Pin To Net: NetName=NetR20_2 Pin=R27-1
Added Pin To Net: NetName=NetR20_2 Pin=U2-9
Added Net: Name=NetR20_2
Added Pin To Net: NetName=NetR26_1 Pin=R26-1
Added Pin To Net: NetName=NetR26_1 Pin=U2-6
Added Pin To Net: NetName=NetR26_1 Pin=U2-7
Added Net: Name=NetR26_1
Added Pin To Net: NetName=NetR28_1 Pin=R28-1
Added Pin To Net: NetName=NetR28_1 Pin=U1-31
Added Net: Name=NetR28_1
Added Pin To Net: NetName=NetR30_1 Pin=R30-1
Added Pin To Net: NetName=NetR30_1 Pin=U1-32
Added Net: Name=NetR30_1
Added Pin To Net: NetName=NetU1_29 Pin=U1-29
Added Pin To Net: NetName=NetU1_29 Pin=U2-13
Added Pin To Net: NetName=NetU1_29 Pin=U2-14
Added Net: Name=NetU1_29
Added Pin To Net: NetName=NetU1_30 Pin=U1-30
Added Pin To Net: NetName=NetU1_30 Pin=U2-3
Added Net: Name=NetU1_30
Added Pin To Net: NetName=NetU2_5 Pin=U2-5
Added Pin To Net: NetName=NetU2_5 Pin=U2-8
Added Net: Name=NetU2_5
Added Class: Name=U_Cypress
Added Class: Name=U_Display Buttons
Added Class: Name=U_FanControl
Added Room: Name=U_Cypress
Added Room: Name=U_Display Buttons
Added Room: Name=U_FanControl
