Removed Pin From Net: NetName=NetC27_1 Pin=C27-1
Removed Pin From Net: NetName=CGND Pin=C27-2
Removed Member From Class: ClassName=U_FanControl Member=C26
Removed Member From Class: ClassName=U_FanControl Member=R31
Change Component DesignItemId : Designator=C26 Old DesignItemId=100UF_RP_35V_100 New DesignItemId=19574
Change Component Comment : Designator=C26 Old Comment=100UF_RP_35V_100 New Comment=22pF_0603
Change Component Designator: OldDesignator=C27 NewDesignator=C7
Change Component Description : Designator=C26 Old Description=Capacitor, 100uF, 35V, Electrolytic, +/- 20%, Radial, Polar, 0.1 in., Nichicon: UVR1V101MED or Equivalent New Description=Capacitor, 22pF, 50, Ceramic, NPO, +/-5%, Non-Polar, 0603, 2, Kemet:C0603C220J5GACTU or equivalent
Added Component: Designator=C6(CAP_100RP42)
Added Component: Designator=C27(0603)
Added Pin To Net: NetName=NetC26_1 Pin=C6-1
Added Pin To Net: NetName=FAN_GND Pin=C6-2
Added Pin To Net: NetName=NetC26_1 Pin=C7-1
Added Pin To Net: NetName=FAN_GND Pin=C7-2
Added Pin To Net: NetName=NetC27_1 Pin=C27-1
Added Pin To Net: NetName=CGND Pin=C27-2
Change Net Name : Old Net Name=NetC26_1 New Net Name=NetC6_1
Added Member To Class: ClassName=U_FanControl Member=Component C6 100UF_RP_35V_100
Added Member To Class: ClassName=U_Cypress Member=Component C26 22pF_0603
Added Member To Class: ClassName=U_Cypress Member=Component C27 22pF_0603
