Removed Pin From Net: NetName=NetHD?_4 Pin=R3-1
Removed Pin From Net: NetName=NetR3_2 Pin=R3-2
Removed Pin From Net: NetName=NetHD?_5 Pin=R4-1
Removed Pin From Net: NetName=NetR4_2 Pin=R4-2
Removed Pin From Net: NetName=NetHD?_6 Pin=R5-1
Removed Pin From Net: NetName=NetR5_2 Pin=R5-2
Removed Pin From Net: NetName=NetHD?_7 Pin=R6-1
Removed Pin From Net: NetName=NetR6_2 Pin=R6-2
Removed Pin From Net: NetName=NetHD?_8 Pin=R7-1
Removed Pin From Net: NetName=NetR7_2 Pin=R7-2
Removed Pin From Net: NetName=NetHD?_9 Pin=R8-1
Removed Pin From Net: NetName=NetR8_2 Pin=R8-2
Removed Pin From Net: NetName=NetHD?_10 Pin=R9-1
Removed Pin From Net: NetName=NetR9_2 Pin=R9-2
Removed Pin From Net: NetName=NetR4_2 Pin=U1-1
Removed Pin From Net: NetName=NetR6_2 Pin=U1-62
Removed Pin From Net: NetName=NetR7_2 Pin=U1-63
Removed Pin From Net: NetName=NetR8_2 Pin=U1-64
Removed Pin From Net: NetName=NetR9_2 Pin=U1-65
Removed Pin From Net: NetName=NetR5_2 Pin=U1-66
Removed Pin From Net: NetName=NetR3_2 Pin=U1-68
Change Component DesignItemId : Designator=R3 Old DesignItemId=Res1 New DesignItemId=18857
Change Component DesignItemId : Designator=R4 Old DesignItemId=Res1 New DesignItemId=18857
Change Component DesignItemId : Designator=R5 Old DesignItemId=Res1 New DesignItemId=18857
Change Component DesignItemId : Designator=R6 Old DesignItemId=Res1 New DesignItemId=18857
Change Component DesignItemId : Designator=R7 Old DesignItemId=Res1 New DesignItemId=18857
Change Component DesignItemId : Designator=R8 Old DesignItemId=Res1 New DesignItemId=18857
Change Component DesignItemId : Designator=R9 Old DesignItemId=Res1 New DesignItemId=18857
Change Component Footprint: Designator=R3 Old Footprint=AXIAL-0.3 New Footprint=0603
Change Component Footprint: Designator=R4 Old Footprint=AXIAL-0.3 New Footprint=0603
Change Component Footprint: Designator=R5 Old Footprint=AXIAL-0.3 New Footprint=0603
Change Component Footprint: Designator=R6 Old Footprint=AXIAL-0.3 New Footprint=0603
Change Component Footprint: Designator=R7 Old Footprint=AXIAL-0.3 New Footprint=0603
Change Component Footprint: Designator=R8 Old Footprint=AXIAL-0.3 New Footprint=0603
Change Component Footprint: Designator=R9 Old Footprint=AXIAL-0.3 New Footprint=0603
Change Component Comment : Designator=R3 Old Comment= New Comment=Resistor_0603_5%
Change Component Comment : Designator=R4 Old Comment= New Comment=Resistor_0603_5%
Change Component Comment : Designator=R5 Old Comment= New Comment=Resistor_0603_5%
Change Component Comment : Designator=R6 Old Comment= New Comment=Resistor_0603_5%
Change Component Comment : Designator=R7 Old Comment= New Comment=Resistor_0603_5%
Change Component Comment : Designator=R8 Old Comment= New Comment=Resistor_0603_5%
Change Component Comment : Designator=R9 Old Comment= New Comment=Resistor_0603_5%
Added Pin To Net: NetName=NetR8_2 Pin=R3-1
Added Pin To Net: NetName=NetHD?_4 Pin=R3-2
Added Pin To Net: NetName=NetR9_2 Pin=R4-1
Added Pin To Net: NetName=NetHD?_5 Pin=R4-2
Added Pin To Net: NetName=NetR7_2 Pin=R5-1
Added Pin To Net: NetName=NetHD?_6 Pin=R5-2
Added Pin To Net: NetName=NetR3_2 Pin=R6-1
Added Pin To Net: NetName=NetHD?_7 Pin=R6-2
Added Pin To Net: NetName=NetR4_2 Pin=R7-1
Added Pin To Net: NetName=NetHD?_8 Pin=R7-2
Added Pin To Net: NetName=NetR5_2 Pin=R8-1
Added Pin To Net: NetName=NetHD?_9 Pin=R8-2
Added Pin To Net: NetName=NetR6_2 Pin=R9-1
Added Pin To Net: NetName=NetHD?_10 Pin=R9-2
Added Pin To Net: NetName=NetR9_2 Pin=U1-1
Added Pin To Net: NetName=NetR3_2 Pin=U1-62
Added Pin To Net: NetName=NetR4_2 Pin=U1-63
Added Pin To Net: NetName=NetR5_2 Pin=U1-64
Added Pin To Net: NetName=NetR6_2 Pin=U1-65
Added Pin To Net: NetName=NetR7_2 Pin=U1-66
Added Pin To Net: NetName=NetR8_2 Pin=U1-68
Change Net Name : Old Net Name=NetR3_2 New Net Name=NetR6_1
Change Net Name : Old Net Name=NetR4_2 New Net Name=NetR7_1
Change Net Name : Old Net Name=NetR5_2 New Net Name=NetR8_1
Change Net Name : Old Net Name=NetR6_2 New Net Name=NetR9_1
Change Net Name : Old Net Name=NetR7_2 New Net Name=NetR5_1
Change Net Name : Old Net Name=NetR8_2 New Net Name=NetR3_1
Change Net Name : Old Net Name=NetR9_2 New Net Name=NetR4_1
