Removed Pin From Net: NetName=GND Pin=C16-2
Removed Pin From Net: NetName=GND Pin=C17-2
Removed Pin From Net: NetName=GND Pin=C18-2
Removed Pin From Net: NetName=GND Pin=C19-2
Removed Pin From Net: NetName=GND Pin=C21-2
Removed Pin From Net: NetName=GND Pin=C22-2
Removed Pin From Net: NetName=GND Pin=C23-2
Removed Pin From Net: NetName=GND Pin=C24-2
Removed Pin From Net: NetName=GND Pin=C25-2
Removed Pin From Net: NetName=GND Pin=HD7-2
Removed Pin From Net: NetName=GND Pin=HD8-2
Removed Pin From Net: NetName=GND Pin=RG1-1
Added Pin To Net: NetName=CGND Pin=C16-2
Added Pin To Net: NetName=CGND Pin=C17-2
Added Pin To Net: NetName=CGND Pin=C18-2
Added Pin To Net: NetName=CGND Pin=C19-2
Added Pin To Net: NetName=FAN_GND Pin=C22-2
Added Pin To Net: NetName=FAN_GND Pin=C23-2
Added Pin To Net: NetName=FAN_GND Pin=C24-2
Added Pin To Net: NetName=FAN_GND Pin=C25-2
Added Pin To Net: NetName=FAN_GND Pin=HD7-2
Added Pin To Net: NetName=FAN_GND Pin=HD8-2
Added Pin To Net: NetName=CGND Pin=RG1-1
Added Room: Name=U_Cypress
Added Room: Name=U_Display Buttons
Added Room: Name=U_FanControl
