Removed Pin From Net: NetName=CGND Pin=HD2-1
Removed Pin From Net: NetName=5V Pin=HD2-2
Removed Pin From Net: NetName=5V Pin=HD2-3
Removed Pin From Net: NetName=NetHD2_4 Pin=HD2-4
Removed Pin From Net: NetName=NetHD2_5 Pin=HD2-5
Removed Pin From Net: NetName=NetHD2_6 Pin=HD2-6
Removed Pin From Net: NetName=NetHD2_11 Pin=HD2-11
Removed Pin From Net: NetName=NetHD2_12 Pin=HD2-12
Removed Pin From Net: NetName=NetHD2_13 Pin=HD2-13
Removed Pin From Net: NetName=NetHD2_14 Pin=HD2-14
Removed Pin From Net: NetName=NetHD2_15 Pin=HD2-15
Removed Pin From Net: NetName=NetHD2_16 Pin=HD2-16
Removed Member From Class: ClassName=U_Display Buttons Member=HD2
Added Component: Designator=HD?(HDR12PIN100SHRD)
Added Pin To Net: NetName=CGND Pin=HD?-1
Added Pin To Net: NetName=5V Pin=HD?-2
Added Pin To Net: NetName=5V Pin=HD?-3
Added Pin To Net: NetName=NetHD2_4 Pin=HD?-4
Added Pin To Net: NetName=NetHD2_5 Pin=HD?-5
Added Pin To Net: NetName=NetHD2_6 Pin=HD?-6
Added Pin To Net: NetName=NetHD2_11 Pin=HD?-7
Added Pin To Net: NetName=NetHD2_12 Pin=HD?-8
Added Pin To Net: NetName=NetHD2_13 Pin=HD?-9
Added Pin To Net: NetName=NetHD2_14 Pin=HD?-10
Added Pin To Net: NetName=NetHD2_15 Pin=HD?-11
Added Pin To Net: NetName=NetHD2_16 Pin=HD?-12
Change Net Name : Old Net Name=NetHD2_4 New Net Name=NetHD?_4
Change Net Name : Old Net Name=NetHD2_5 New Net Name=NetHD?_5
Change Net Name : Old Net Name=NetHD2_6 New Net Name=NetHD?_6
Change Net Name : Old Net Name=NetHD2_11 New Net Name=NetHD?_7
Change Net Name : Old Net Name=NetHD2_12 New Net Name=NetHD?_8
Change Net Name : Old Net Name=NetHD2_13 New Net Name=NetHD?_9
Change Net Name : Old Net Name=NetHD2_14 New Net Name=NetHD?_10
Change Net Name : Old Net Name=NetHD2_15 New Net Name=NetHD?_11
Change Net Name : Old Net Name=NetHD2_16 New Net Name=NetHD?_12
Added Member To Class: ClassName=U_Display Buttons Member=Component HD? HDR12PIN100SHRD
