ARM GAS  C:\Users\bryan.lee\AppData\Local\Temp\ccriHm67.s 			page 1


   1              		.syntax unified
   2              		.cpu cortex-m0
   3              		.fpu softvfp
   4              		.eabi_attribute 20, 1
   5              		.eabi_attribute 21, 1
   6              		.eabi_attribute 23, 3
   7              		.eabi_attribute 24, 1
   8              		.eabi_attribute 25, 1
   9              		.eabi_attribute 26, 1
  10              		.eabi_attribute 30, 1
  11              		.eabi_attribute 34, 0
  12              		.eabi_attribute 18, 4
  13              		.thumb
  14              		.syntax unified
  15              		.file	"main.c"
  16              		.text
  17              	.Ltext0:
  18              		.cfi_sections	.debug_frame
  19              		.section	.text.main,"ax",%progbits
  20              		.align	2
  21              		.global	main
  22              		.code	16
  23              		.thumb_func
  24              		.type	main, %function
  25              	main:
  26              	.LFB35:
  27              		.file 1 "main.c"
   1:main.c        **** /* ========================================
   2:main.c        ****  *
   3:main.c        ****  * Copyright YOUR COMPANY, THE YEAR
   4:main.c        ****  * All Rights Reserved
   5:main.c        ****  * UNPUBLISHED, LICENSED SOFTWARE.
   6:main.c        ****  *
   7:main.c        ****  * CONFIDENTIAL AND PROPRIETARY INFORMATION
   8:main.c        ****  * WHICH IS THE PROPERTY OF your company.
   9:main.c        ****  *
  10:main.c        ****  * ========================================
  11:main.c        **** */
  12:main.c        **** #include "project.h"
  13:main.c        **** 
  14:main.c        **** int main(void)
  15:main.c        **** {
  28              		.loc 1 15 0
  29              		.cfi_startproc
  30              		@ Volatile: function does not return.
  31              		@ args = 0, pretend = 0, frame = 0
  32              		@ frame_needed = 0, uses_anonymous_args = 0
  33 0000 10B5     		push	{r4, lr}
  34              		.cfi_def_cfa_offset 8
  35              		.cfi_offset 4, -8
  36              		.cfi_offset 14, -4
  16:main.c        ****     UART_Start();
  37              		.loc 1 16 0
  38 0002 FFF7FEFF 		bl	UART_Start
  39              	.LVL0:
  17:main.c        ****     CyGlobalIntEnable; /* Enable global interrupts. */
  40              		.loc 1 17 0
ARM GAS  C:\Users\bryan.lee\AppData\Local\Temp\ccriHm67.s 			page 2


  41              		.syntax divided
  42              	@ 17 "main.c" 1
  43 0006 62B6     		CPSIE   i
  44              	@ 0 "" 2
  18:main.c        ****     
  19:main.c        ****     
  20:main.c        ****     UART_UartPutString("\n\r************************************************************");
  45              		.loc 1 20 0
  46              		.thumb
  47              		.syntax unified
  48 0008 0648     		ldr	r0, .L3
  49 000a FFF7FEFF 		bl	UART_UartPutString
  50              	.LVL1:
  21:main.c        ****     UART_UartPutString("\n\r***************** BLE UART example project *****************");
  51              		.loc 1 21 0
  52 000e 0648     		ldr	r0, .L3+4
  53 0010 FFF7FEFF 		bl	UART_UartPutString
  54              	.LVL2:
  22:main.c        ****     UART_UartPutString("\n\r************************************************************\n\r");
  55              		.loc 1 22 0
  56 0014 0548     		ldr	r0, .L3+8
  57 0016 FFF7FEFF 		bl	UART_UartPutString
  58              	.LVL3:
  23:main.c        ****     UART_UartPutString("\n\rDevice role \t: TX");
  59              		.loc 1 23 0
  60 001a 0548     		ldr	r0, .L3+12
  61 001c FFF7FEFF 		bl	UART_UartPutString
  62              	.LVL4:
  63              	.L2:
  64 0020 FEE7     		b	.L2
  65              	.L4:
  66 0022 C046     		.align	2
  67              	.L3:
  68 0024 00000000 		.word	.LC0
  69 0028 40000000 		.word	.LC2
  70 002c 80000000 		.word	.LC4
  71 0030 C4000000 		.word	.LC6
  72              		.cfi_endproc
  73              	.LFE35:
  74              		.size	main, .-main
  75              		.section	.rodata.str1.4,"aMS",%progbits,1
  76              		.align	2
  77              	.LC0:
  78 0000 0A0D2A2A 		.ascii	"\012\015*******************************************"
  78      2A2A2A2A 
  78      2A2A2A2A 
  78      2A2A2A2A 
  78      2A2A2A2A 
  79 002d 2A2A2A2A 		.ascii	"*****************\000"
  79      2A2A2A2A 
  79      2A2A2A2A 
  79      2A2A2A2A 
  79      2A00
  80 003f 00       		.space	1
  81              	.LC2:
  82 0040 0A0D2A2A 		.ascii	"\012\015***************** BLE UART example project "
  82      2A2A2A2A 
ARM GAS  C:\Users\bryan.lee\AppData\Local\Temp\ccriHm67.s 			page 3


  82      2A2A2A2A 
  82      2A2A2A2A 
  82      2A2A2A20 
  83 006d 2A2A2A2A 		.ascii	"*****************\000"
  83      2A2A2A2A 
  83      2A2A2A2A 
  83      2A2A2A2A 
  83      2A00
  84 007f 00       		.space	1
  85              	.LC4:
  86 0080 0A0D2A2A 		.ascii	"\012\015*******************************************"
  86      2A2A2A2A 
  86      2A2A2A2A 
  86      2A2A2A2A 
  86      2A2A2A2A 
  87 00ad 2A2A2A2A 		.ascii	"*****************\012\015\000"
  87      2A2A2A2A 
  87      2A2A2A2A 
  87      2A2A2A2A 
  87      2A0A0D00 
  88 00c1 000000   		.space	3
  89              	.LC6:
  90 00c4 0A0D4465 		.ascii	"\012\015Device role \011: TX\000"
  90      76696365 
  90      20726F6C 
  90      6520093A 
  90      20545800 
  91              		.text
  92              	.Letext0:
  93              		.file 2 "Generated_Source\\PSoC4/UART.h"
  94              		.file 3 "Generated_Source\\PSoC4/UART_SPI_UART.h"
  95              		.section	.debug_info,"",%progbits
  96              	.Ldebug_info0:
  97 0000 1D010000 		.4byte	0x11d
  98 0004 0400     		.2byte	0x4
  99 0006 00000000 		.4byte	.Ldebug_abbrev0
 100 000a 04       		.byte	0x4
 101 000b 01       		.uleb128 0x1
 102 000c D1000000 		.4byte	.LASF16
 103 0010 0C       		.byte	0xc
 104 0011 1B000000 		.4byte	.LASF17
 105 0015 84000000 		.4byte	.LASF18
 106 0019 00000000 		.4byte	.Ldebug_ranges0+0
 107 001d 00000000 		.4byte	0
 108 0021 00000000 		.4byte	.Ldebug_line0
 109 0025 02       		.uleb128 0x2
 110 0026 01       		.byte	0x1
 111 0027 06       		.byte	0x6
 112 0028 72010000 		.4byte	.LASF0
 113 002c 02       		.uleb128 0x2
 114 002d 01       		.byte	0x1
 115 002e 08       		.byte	0x8
 116 002f 61000000 		.4byte	.LASF1
 117 0033 02       		.uleb128 0x2
 118 0034 02       		.byte	0x2
 119 0035 05       		.byte	0x5
 120 0036 8A010000 		.4byte	.LASF2
ARM GAS  C:\Users\bryan.lee\AppData\Local\Temp\ccriHm67.s 			page 4


 121 003a 02       		.uleb128 0x2
 122 003b 02       		.byte	0x2
 123 003c 07       		.byte	0x7
 124 003d 5F010000 		.4byte	.LASF3
 125 0041 02       		.uleb128 0x2
 126 0042 04       		.byte	0x4
 127 0043 05       		.byte	0x5
 128 0044 74000000 		.4byte	.LASF4
 129 0048 02       		.uleb128 0x2
 130 0049 04       		.byte	0x4
 131 004a 07       		.byte	0x7
 132 004b 27000000 		.4byte	.LASF5
 133 004f 02       		.uleb128 0x2
 134 0050 08       		.byte	0x8
 135 0051 05       		.byte	0x5
 136 0052 00000000 		.4byte	.LASF6
 137 0056 02       		.uleb128 0x2
 138 0057 08       		.byte	0x8
 139 0058 07       		.byte	0x7
 140 0059 39000000 		.4byte	.LASF7
 141 005d 03       		.uleb128 0x3
 142 005e 04       		.byte	0x4
 143 005f 05       		.byte	0x5
 144 0060 696E7400 		.ascii	"int\000"
 145 0064 02       		.uleb128 0x2
 146 0065 04       		.byte	0x4
 147 0066 07       		.byte	0x7
 148 0067 0E000000 		.4byte	.LASF8
 149 006b 02       		.uleb128 0x2
 150 006c 04       		.byte	0x4
 151 006d 04       		.byte	0x4
 152 006e 50000000 		.4byte	.LASF9
 153 0072 02       		.uleb128 0x2
 154 0073 08       		.byte	0x8
 155 0074 04       		.byte	0x4
 156 0075 7D000000 		.4byte	.LASF10
 157 0079 02       		.uleb128 0x2
 158 007a 01       		.byte	0x1
 159 007b 08       		.byte	0x8
 160 007c 6F000000 		.4byte	.LASF11
 161 0080 02       		.uleb128 0x2
 162 0081 08       		.byte	0x8
 163 0082 04       		.byte	0x4
 164 0083 7E010000 		.4byte	.LASF12
 165 0087 02       		.uleb128 0x2
 166 0088 04       		.byte	0x4
 167 0089 07       		.byte	0x7
 168 008a A7010000 		.4byte	.LASF13
 169 008e 04       		.uleb128 0x4
 170 008f 22000000 		.4byte	.LASF19
 171 0093 01       		.byte	0x1
 172 0094 0E       		.byte	0xe
 173 0095 5D000000 		.4byte	0x5d
 174 0099 00000000 		.4byte	.LFB35
 175 009d 34000000 		.4byte	.LFE35-.LFB35
 176 00a1 01       		.uleb128 0x1
 177 00a2 9C       		.byte	0x9c
ARM GAS  C:\Users\bryan.lee\AppData\Local\Temp\ccriHm67.s 			page 5


 178 00a3 09010000 		.4byte	0x109
 179 00a7 05       		.uleb128 0x5
 180 00a8 06000000 		.4byte	.LVL0
 181 00ac 09010000 		.4byte	0x109
 182 00b0 06       		.uleb128 0x6
 183 00b1 0E000000 		.4byte	.LVL1
 184 00b5 14010000 		.4byte	0x114
 185 00b9 C7000000 		.4byte	0xc7
 186 00bd 07       		.uleb128 0x7
 187 00be 01       		.uleb128 0x1
 188 00bf 50       		.byte	0x50
 189 00c0 05       		.uleb128 0x5
 190 00c1 03       		.byte	0x3
 191 00c2 00000000 		.4byte	.LC0
 192 00c6 00       		.byte	0
 193 00c7 06       		.uleb128 0x6
 194 00c8 14000000 		.4byte	.LVL2
 195 00cc 14010000 		.4byte	0x114
 196 00d0 DE000000 		.4byte	0xde
 197 00d4 07       		.uleb128 0x7
 198 00d5 01       		.uleb128 0x1
 199 00d6 50       		.byte	0x50
 200 00d7 05       		.uleb128 0x5
 201 00d8 03       		.byte	0x3
 202 00d9 40000000 		.4byte	.LC2
 203 00dd 00       		.byte	0
 204 00de 06       		.uleb128 0x6
 205 00df 1A000000 		.4byte	.LVL3
 206 00e3 14010000 		.4byte	0x114
 207 00e7 F5000000 		.4byte	0xf5
 208 00eb 07       		.uleb128 0x7
 209 00ec 01       		.uleb128 0x1
 210 00ed 50       		.byte	0x50
 211 00ee 05       		.uleb128 0x5
 212 00ef 03       		.byte	0x3
 213 00f0 80000000 		.4byte	.LC4
 214 00f4 00       		.byte	0
 215 00f5 08       		.uleb128 0x8
 216 00f6 20000000 		.4byte	.LVL4
 217 00fa 14010000 		.4byte	0x114
 218 00fe 07       		.uleb128 0x7
 219 00ff 01       		.uleb128 0x1
 220 0100 50       		.byte	0x50
 221 0101 05       		.uleb128 0x5
 222 0102 03       		.byte	0x3
 223 0103 C4000000 		.4byte	.LC6
 224 0107 00       		.byte	0
 225 0108 00       		.byte	0
 226 0109 09       		.uleb128 0x9
 227 010a 56000000 		.4byte	.LASF14
 228 010e 56000000 		.4byte	.LASF14
 229 0112 02       		.byte	0x2
 230 0113 72       		.byte	0x72
 231 0114 0A       		.uleb128 0xa
 232 0115 94010000 		.4byte	.LASF15
 233 0119 94010000 		.4byte	.LASF15
 234 011d 03       		.byte	0x3
ARM GAS  C:\Users\bryan.lee\AppData\Local\Temp\ccriHm67.s 			page 6


 235 011e 2A03     		.2byte	0x32a
 236 0120 00       		.byte	0
 237              		.section	.debug_abbrev,"",%progbits
 238              	.Ldebug_abbrev0:
 239 0000 01       		.uleb128 0x1
 240 0001 11       		.uleb128 0x11
 241 0002 01       		.byte	0x1
 242 0003 25       		.uleb128 0x25
 243 0004 0E       		.uleb128 0xe
 244 0005 13       		.uleb128 0x13
 245 0006 0B       		.uleb128 0xb
 246 0007 03       		.uleb128 0x3
 247 0008 0E       		.uleb128 0xe
 248 0009 1B       		.uleb128 0x1b
 249 000a 0E       		.uleb128 0xe
 250 000b 55       		.uleb128 0x55
 251 000c 17       		.uleb128 0x17
 252 000d 11       		.uleb128 0x11
 253 000e 01       		.uleb128 0x1
 254 000f 10       		.uleb128 0x10
 255 0010 17       		.uleb128 0x17
 256 0011 00       		.byte	0
 257 0012 00       		.byte	0
 258 0013 02       		.uleb128 0x2
 259 0014 24       		.uleb128 0x24
 260 0015 00       		.byte	0
 261 0016 0B       		.uleb128 0xb
 262 0017 0B       		.uleb128 0xb
 263 0018 3E       		.uleb128 0x3e
 264 0019 0B       		.uleb128 0xb
 265 001a 03       		.uleb128 0x3
 266 001b 0E       		.uleb128 0xe
 267 001c 00       		.byte	0
 268 001d 00       		.byte	0
 269 001e 03       		.uleb128 0x3
 270 001f 24       		.uleb128 0x24
 271 0020 00       		.byte	0
 272 0021 0B       		.uleb128 0xb
 273 0022 0B       		.uleb128 0xb
 274 0023 3E       		.uleb128 0x3e
 275 0024 0B       		.uleb128 0xb
 276 0025 03       		.uleb128 0x3
 277 0026 08       		.uleb128 0x8
 278 0027 00       		.byte	0
 279 0028 00       		.byte	0
 280 0029 04       		.uleb128 0x4
 281 002a 2E       		.uleb128 0x2e
 282 002b 01       		.byte	0x1
 283 002c 3F       		.uleb128 0x3f
 284 002d 19       		.uleb128 0x19
 285 002e 03       		.uleb128 0x3
 286 002f 0E       		.uleb128 0xe
 287 0030 3A       		.uleb128 0x3a
 288 0031 0B       		.uleb128 0xb
 289 0032 3B       		.uleb128 0x3b
 290 0033 0B       		.uleb128 0xb
 291 0034 27       		.uleb128 0x27
ARM GAS  C:\Users\bryan.lee\AppData\Local\Temp\ccriHm67.s 			page 7


 292 0035 19       		.uleb128 0x19
 293 0036 49       		.uleb128 0x49
 294 0037 13       		.uleb128 0x13
 295 0038 8701     		.uleb128 0x87
 296 003a 19       		.uleb128 0x19
 297 003b 11       		.uleb128 0x11
 298 003c 01       		.uleb128 0x1
 299 003d 12       		.uleb128 0x12
 300 003e 06       		.uleb128 0x6
 301 003f 40       		.uleb128 0x40
 302 0040 18       		.uleb128 0x18
 303 0041 9742     		.uleb128 0x2117
 304 0043 19       		.uleb128 0x19
 305 0044 01       		.uleb128 0x1
 306 0045 13       		.uleb128 0x13
 307 0046 00       		.byte	0
 308 0047 00       		.byte	0
 309 0048 05       		.uleb128 0x5
 310 0049 898201   		.uleb128 0x4109
 311 004c 00       		.byte	0
 312 004d 11       		.uleb128 0x11
 313 004e 01       		.uleb128 0x1
 314 004f 31       		.uleb128 0x31
 315 0050 13       		.uleb128 0x13
 316 0051 00       		.byte	0
 317 0052 00       		.byte	0
 318 0053 06       		.uleb128 0x6
 319 0054 898201   		.uleb128 0x4109
 320 0057 01       		.byte	0x1
 321 0058 11       		.uleb128 0x11
 322 0059 01       		.uleb128 0x1
 323 005a 31       		.uleb128 0x31
 324 005b 13       		.uleb128 0x13
 325 005c 01       		.uleb128 0x1
 326 005d 13       		.uleb128 0x13
 327 005e 00       		.byte	0
 328 005f 00       		.byte	0
 329 0060 07       		.uleb128 0x7
 330 0061 8A8201   		.uleb128 0x410a
 331 0064 00       		.byte	0
 332 0065 02       		.uleb128 0x2
 333 0066 18       		.uleb128 0x18
 334 0067 9142     		.uleb128 0x2111
 335 0069 18       		.uleb128 0x18
 336 006a 00       		.byte	0
 337 006b 00       		.byte	0
 338 006c 08       		.uleb128 0x8
 339 006d 898201   		.uleb128 0x4109
 340 0070 01       		.byte	0x1
 341 0071 11       		.uleb128 0x11
 342 0072 01       		.uleb128 0x1
 343 0073 31       		.uleb128 0x31
 344 0074 13       		.uleb128 0x13
 345 0075 00       		.byte	0
 346 0076 00       		.byte	0
 347 0077 09       		.uleb128 0x9
 348 0078 2E       		.uleb128 0x2e
ARM GAS  C:\Users\bryan.lee\AppData\Local\Temp\ccriHm67.s 			page 8


 349 0079 00       		.byte	0
 350 007a 3F       		.uleb128 0x3f
 351 007b 19       		.uleb128 0x19
 352 007c 3C       		.uleb128 0x3c
 353 007d 19       		.uleb128 0x19
 354 007e 6E       		.uleb128 0x6e
 355 007f 0E       		.uleb128 0xe
 356 0080 03       		.uleb128 0x3
 357 0081 0E       		.uleb128 0xe
 358 0082 3A       		.uleb128 0x3a
 359 0083 0B       		.uleb128 0xb
 360 0084 3B       		.uleb128 0x3b
 361 0085 0B       		.uleb128 0xb
 362 0086 00       		.byte	0
 363 0087 00       		.byte	0
 364 0088 0A       		.uleb128 0xa
 365 0089 2E       		.uleb128 0x2e
 366 008a 00       		.byte	0
 367 008b 3F       		.uleb128 0x3f
 368 008c 19       		.uleb128 0x19
 369 008d 3C       		.uleb128 0x3c
 370 008e 19       		.uleb128 0x19
 371 008f 6E       		.uleb128 0x6e
 372 0090 0E       		.uleb128 0xe
 373 0091 03       		.uleb128 0x3
 374 0092 0E       		.uleb128 0xe
 375 0093 3A       		.uleb128 0x3a
 376 0094 0B       		.uleb128 0xb
 377 0095 3B       		.uleb128 0x3b
 378 0096 05       		.uleb128 0x5
 379 0097 00       		.byte	0
 380 0098 00       		.byte	0
 381 0099 00       		.byte	0
 382              		.section	.debug_aranges,"",%progbits
 383 0000 1C000000 		.4byte	0x1c
 384 0004 0200     		.2byte	0x2
 385 0006 00000000 		.4byte	.Ldebug_info0
 386 000a 04       		.byte	0x4
 387 000b 00       		.byte	0
 388 000c 0000     		.2byte	0
 389 000e 0000     		.2byte	0
 390 0010 00000000 		.4byte	.LFB35
 391 0014 34000000 		.4byte	.LFE35-.LFB35
 392 0018 00000000 		.4byte	0
 393 001c 00000000 		.4byte	0
 394              		.section	.debug_ranges,"",%progbits
 395              	.Ldebug_ranges0:
 396 0000 00000000 		.4byte	.LFB35
 397 0004 34000000 		.4byte	.LFE35
 398 0008 00000000 		.4byte	0
 399 000c 00000000 		.4byte	0
 400              		.section	.debug_line,"",%progbits
 401              	.Ldebug_line0:
 402 0000 6C000000 		.section	.debug_str,"MS",%progbits,1
 402      02005100 
 402      00000201 
 402      FB0E0D00 
ARM GAS  C:\Users\bryan.lee\AppData\Local\Temp\ccriHm67.s 			page 9


 402      01010101 
 403              	.LASF6:
 404 0000 6C6F6E67 		.ascii	"long long int\000"
 404      206C6F6E 
 404      6720696E 
 404      7400
 405              	.LASF8:
 406 000e 756E7369 		.ascii	"unsigned int\000"
 406      676E6564 
 406      20696E74 
 406      00
 407              	.LASF17:
 408 001b 6D61696E 		.ascii	"main.c\000"
 408      2E6300
 409              	.LASF19:
 410 0022 6D61696E 		.ascii	"main\000"
 410      00
 411              	.LASF5:
 412 0027 6C6F6E67 		.ascii	"long unsigned int\000"
 412      20756E73 
 412      69676E65 
 412      6420696E 
 412      7400
 413              	.LASF7:
 414 0039 6C6F6E67 		.ascii	"long long unsigned int\000"
 414      206C6F6E 
 414      6720756E 
 414      7369676E 
 414      65642069 
 415              	.LASF9:
 416 0050 666C6F61 		.ascii	"float\000"
 416      7400
 417              	.LASF14:
 418 0056 55415254 		.ascii	"UART_Start\000"
 418      5F537461 
 418      727400
 419              	.LASF1:
 420 0061 756E7369 		.ascii	"unsigned char\000"
 420      676E6564 
 420      20636861 
 420      7200
 421              	.LASF11:
 422 006f 63686172 		.ascii	"char\000"
 422      00
 423              	.LASF4:
 424 0074 6C6F6E67 		.ascii	"long int\000"
 424      20696E74 
 424      00
 425              	.LASF10:
 426 007d 646F7562 		.ascii	"double\000"
 426      6C6500
 427              	.LASF18:
 428 0084 433A5C55 		.ascii	"C:\\Users\\bryan.lee\\Documents\\GitHub\\hello-worl"
 428      73657273 
 428      5C627279 
 428      616E2E6C 
 428      65655C44 
ARM GAS  C:\Users\bryan.lee\AppData\Local\Temp\ccriHm67.s 			page 10


 429 00b2 645C5073 		.ascii	"d\\Psoc_101_4BLE\\Design12.cydsn\000"
 429      6F635F31 
 429      30315F34 
 429      424C455C 
 429      44657369 
 430              	.LASF16:
 431 00d1 474E5520 		.ascii	"GNU C11 5.4.1 20160609 (release) [ARM/embedded-5-br"
 431      43313120 
 431      352E342E 
 431      31203230 
 431      31363036 
 432 0104 616E6368 		.ascii	"anch revision 237715] -mcpu=cortex-m0 -mthumb -g -O"
 432      20726576 
 432      6973696F 
 432      6E203233 
 432      37373135 
 433 0137 67202D66 		.ascii	"g -ffunction-sections -ffat-lto-objects\000"
 433      66756E63 
 433      74696F6E 
 433      2D736563 
 433      74696F6E 
 434              	.LASF3:
 435 015f 73686F72 		.ascii	"short unsigned int\000"
 435      7420756E 
 435      7369676E 
 435      65642069 
 435      6E7400
 436              	.LASF0:
 437 0172 7369676E 		.ascii	"signed char\000"
 437      65642063 
 437      68617200 
 438              	.LASF12:
 439 017e 6C6F6E67 		.ascii	"long double\000"
 439      20646F75 
 439      626C6500 
 440              	.LASF2:
 441 018a 73686F72 		.ascii	"short int\000"
 441      7420696E 
 441      7400
 442              	.LASF15:
 443 0194 55415254 		.ascii	"UART_UartPutString\000"
 443      5F556172 
 443      74507574 
 443      53747269 
 443      6E6700
 444              	.LASF13:
 445 01a7 73697A65 		.ascii	"sizetype\000"
 445      74797065 
 445      00
 446              		.ident	"GCC: (GNU Tools for ARM Embedded Processors) 5.4.1 20160609 (release) [ARM/embedded-5-bran
