ARM GAS  C:\Users\Bryan.Lee\AppData\Local\Temp\cckuKrMJ.s 			page 1


   1              		.syntax unified
   2              		.cpu cortex-m3
   3              		.fpu softvfp
   4              		.eabi_attribute 20, 1
   5              		.eabi_attribute 21, 1
   6              		.eabi_attribute 23, 3
   7              		.eabi_attribute 24, 1
   8              		.eabi_attribute 25, 1
   9              		.eabi_attribute 26, 1
  10              		.eabi_attribute 30, 6
  11              		.eabi_attribute 18, 4
  12              		.thumb
  13              		.file	"Sender.c"
  14              		.section	.debug_abbrev,"",%progbits
  15              	.Ldebug_abbrev0:
  16              		.section	.debug_info,"",%progbits
  17              	.Ldebug_info0:
  18              		.section	.debug_line,"",%progbits
  19              	.Ldebug_line0:
  20 0000 64010000 		.text
  20      02005F00 
  20      00000201 
  20      FB0E0D00 
  20      01010101 
  21              	.Ltext0:
  22              		.cfi_sections	.debug_frame
  23              		.global	Sender_initVar
  24              		.bss
  25              		.type	Sender_initVar, %object
  26              		.size	Sender_initVar, 1
  27              	Sender_initVar:
  28 0000 00       		.space	1
  29              		.section	.text.Sender_Start,"ax",%progbits
  30              		.align	2
  31              		.global	Sender_Start
  32              		.thumb
  33              		.thumb_func
  34              		.type	Sender_Start, %function
  35              	Sender_Start:
  36              	.LFB0:
  37              		.file 1 ".\\Generated_Source\\PSoC5\\Sender.c"
   1:.\Generated_Source\PSoC5/Sender.c **** /*******************************************************************************
   2:.\Generated_Source\PSoC5/Sender.c **** * File Name: Sender.c
   3:.\Generated_Source\PSoC5/Sender.c **** * Version 2.10
   4:.\Generated_Source\PSoC5/Sender.c **** *
   5:.\Generated_Source\PSoC5/Sender.c **** * Description:
   6:.\Generated_Source\PSoC5/Sender.c **** *  This file provides the API source code for the Shift Register component.
   7:.\Generated_Source\PSoC5/Sender.c **** *
   8:.\Generated_Source\PSoC5/Sender.c **** * Note: none
   9:.\Generated_Source\PSoC5/Sender.c **** *
  10:.\Generated_Source\PSoC5/Sender.c **** ********************************************************************************
  11:.\Generated_Source\PSoC5/Sender.c **** * Copyright 2008-2012, Cypress Semiconductor Corporation.  All rights reserved.
  12:.\Generated_Source\PSoC5/Sender.c **** * You may use this file only in accordance with the license, terms, conditions,
  13:.\Generated_Source\PSoC5/Sender.c **** * disclaimers, and limitations in the end user license agreement accompanying
  14:.\Generated_Source\PSoC5/Sender.c **** * the software package with which this file was provided.
  15:.\Generated_Source\PSoC5/Sender.c **** ********************************************************************************/
  16:.\Generated_Source\PSoC5/Sender.c **** 
ARM GAS  C:\Users\Bryan.Lee\AppData\Local\Temp\cckuKrMJ.s 			page 2


  17:.\Generated_Source\PSoC5/Sender.c **** 
  18:.\Generated_Source\PSoC5/Sender.c **** #include "Sender.h"
  19:.\Generated_Source\PSoC5/Sender.c **** #include "CyLib.h"
  20:.\Generated_Source\PSoC5/Sender.c **** 
  21:.\Generated_Source\PSoC5/Sender.c **** 
  22:.\Generated_Source\PSoC5/Sender.c **** uint8 Sender_initVar = 0u;
  23:.\Generated_Source\PSoC5/Sender.c **** 
  24:.\Generated_Source\PSoC5/Sender.c **** 
  25:.\Generated_Source\PSoC5/Sender.c **** /*******************************************************************************
  26:.\Generated_Source\PSoC5/Sender.c **** * Function Name: Sender_Start
  27:.\Generated_Source\PSoC5/Sender.c **** ********************************************************************************
  28:.\Generated_Source\PSoC5/Sender.c **** *
  29:.\Generated_Source\PSoC5/Sender.c **** * Summary:
  30:.\Generated_Source\PSoC5/Sender.c **** *  Starts the Shift Register.
  31:.\Generated_Source\PSoC5/Sender.c **** *
  32:.\Generated_Source\PSoC5/Sender.c **** * Parameters:
  33:.\Generated_Source\PSoC5/Sender.c **** *  None.
  34:.\Generated_Source\PSoC5/Sender.c **** *
  35:.\Generated_Source\PSoC5/Sender.c **** * Return:
  36:.\Generated_Source\PSoC5/Sender.c **** *  None.
  37:.\Generated_Source\PSoC5/Sender.c **** *
  38:.\Generated_Source\PSoC5/Sender.c **** * Global Variables:
  39:.\Generated_Source\PSoC5/Sender.c **** *  Sender_initVar - used to check initial configuration, modified on 
  40:.\Generated_Source\PSoC5/Sender.c **** *  first function call.
  41:.\Generated_Source\PSoC5/Sender.c **** *
  42:.\Generated_Source\PSoC5/Sender.c **** * Reentrant:
  43:.\Generated_Source\PSoC5/Sender.c **** *  No.
  44:.\Generated_Source\PSoC5/Sender.c **** *
  45:.\Generated_Source\PSoC5/Sender.c **** *******************************************************************************/
  46:.\Generated_Source\PSoC5/Sender.c **** void Sender_Start(void) 
  47:.\Generated_Source\PSoC5/Sender.c **** {
  38              		.loc 1 47 0
  39              		.cfi_startproc
  40              		@ args = 0, pretend = 0, frame = 0
  41              		@ frame_needed = 1, uses_anonymous_args = 0
  42 0000 80B5     		push	{r7, lr}
  43              	.LCFI0:
  44              		.cfi_def_cfa_offset 8
  45 0002 00AF     		add	r7, sp, #0
  46              		.cfi_offset 14, -4
  47              		.cfi_offset 7, -8
  48              	.LCFI1:
  49              		.cfi_def_cfa_register 7
  48:.\Generated_Source\PSoC5/Sender.c ****     if (Sender_initVar == 0u)
  50              		.loc 1 48 0
  51 0004 40F20003 		movw	r3, #:lower16:Sender_initVar
  52 0008 C0F20003 		movt	r3, #:upper16:Sender_initVar
  53 000c 1B78     		ldrb	r3, [r3, #0]	@ zero_extendqisi2
  54 000e 002B     		cmp	r3, #0
  55 0010 08D1     		bne	.L2
  49:.\Generated_Source\PSoC5/Sender.c ****     {
  50:.\Generated_Source\PSoC5/Sender.c ****         Sender_Init();
  56              		.loc 1 50 0
  57 0012 FFF7FEFF 		bl	Sender_Init
  51:.\Generated_Source\PSoC5/Sender.c ****         /* variable _initVar is set to indicate the fact of initialization */
  52:.\Generated_Source\PSoC5/Sender.c ****         Sender_initVar = 1u; 
  58              		.loc 1 52 0
ARM GAS  C:\Users\Bryan.Lee\AppData\Local\Temp\cckuKrMJ.s 			page 3


  59 0016 40F20003 		movw	r3, #:lower16:Sender_initVar
  60 001a C0F20003 		movt	r3, #:upper16:Sender_initVar
  61 001e 4FF00102 		mov	r2, #1
  62 0022 1A70     		strb	r2, [r3, #0]
  63              	.L2:
  53:.\Generated_Source\PSoC5/Sender.c ****     }
  54:.\Generated_Source\PSoC5/Sender.c **** 
  55:.\Generated_Source\PSoC5/Sender.c ****     Sender_Enable();
  64              		.loc 1 55 0
  65 0024 FFF7FEFF 		bl	Sender_Enable
  56:.\Generated_Source\PSoC5/Sender.c **** }
  66              		.loc 1 56 0
  67 0028 80BD     		pop	{r7, pc}
  68              		.cfi_endproc
  69              	.LFE0:
  70              		.size	Sender_Start, .-Sender_Start
  71 002a 00BF     		.section	.text.Sender_Enable,"ax",%progbits
  72              		.align	2
  73              		.global	Sender_Enable
  74              		.thumb
  75              		.thumb_func
  76              		.type	Sender_Enable, %function
  77              	Sender_Enable:
  78              	.LFB1:
  57:.\Generated_Source\PSoC5/Sender.c **** 
  58:.\Generated_Source\PSoC5/Sender.c **** 
  59:.\Generated_Source\PSoC5/Sender.c **** /*******************************************************************************
  60:.\Generated_Source\PSoC5/Sender.c **** * Function Name: Sender_Enable
  61:.\Generated_Source\PSoC5/Sender.c **** ********************************************************************************
  62:.\Generated_Source\PSoC5/Sender.c **** *
  63:.\Generated_Source\PSoC5/Sender.c **** * Summary:
  64:.\Generated_Source\PSoC5/Sender.c **** *  Enables the Shift Register.
  65:.\Generated_Source\PSoC5/Sender.c **** *
  66:.\Generated_Source\PSoC5/Sender.c **** * Parameters:
  67:.\Generated_Source\PSoC5/Sender.c **** *  void.
  68:.\Generated_Source\PSoC5/Sender.c **** *
  69:.\Generated_Source\PSoC5/Sender.c **** * Return:
  70:.\Generated_Source\PSoC5/Sender.c **** *  void.
  71:.\Generated_Source\PSoC5/Sender.c **** *
  72:.\Generated_Source\PSoC5/Sender.c **** *******************************************************************************/
  73:.\Generated_Source\PSoC5/Sender.c **** void Sender_Enable(void) 
  74:.\Generated_Source\PSoC5/Sender.c **** {
  79              		.loc 1 74 0
  80              		.cfi_startproc
  81              		@ args = 0, pretend = 0, frame = 0
  82              		@ frame_needed = 1, uses_anonymous_args = 0
  83 0000 80B5     		push	{r7, lr}
  84              	.LCFI2:
  85              		.cfi_def_cfa_offset 8
  86 0002 00AF     		add	r7, sp, #0
  87              		.cfi_offset 14, -4
  88              		.cfi_offset 7, -8
  89              	.LCFI3:
  90              		.cfi_def_cfa_register 7
  75:.\Generated_Source\PSoC5/Sender.c ****     /* changing address in Datapath Control Store
  76:.\Generated_Source\PSoC5/Sender.c ****        from NOP to component state machine commands space */
  77:.\Generated_Source\PSoC5/Sender.c ****     Sender_SR_CONTROL |= Sender_CLK_EN; 
ARM GAS  C:\Users\Bryan.Lee\AppData\Local\Temp\cckuKrMJ.s 			page 4


  91              		.loc 1 77 0
  92 0004 46F27A43 		movw	r3, #:lower16:1073767546
  93 0008 C4F20003 		movt	r3, #:upper16:1073767546
  94 000c 46F27A42 		movw	r2, #:lower16:1073767546
  95 0010 C4F20002 		movt	r2, #:upper16:1073767546
  96 0014 1278     		ldrb	r2, [r2, #0]
  97 0016 D2B2     		uxtb	r2, r2
  98 0018 42F00102 		orr	r2, r2, #1
  99 001c D2B2     		uxtb	r2, r2
 100 001e 1A70     		strb	r2, [r3, #0]
  78:.\Generated_Source\PSoC5/Sender.c ****     
  79:.\Generated_Source\PSoC5/Sender.c ****     Sender_EnableInt();
 101              		.loc 1 79 0
 102 0020 FFF7FEFF 		bl	Sender_EnableInt
  80:.\Generated_Source\PSoC5/Sender.c **** }
 103              		.loc 1 80 0
 104 0024 80BD     		pop	{r7, pc}
 105              		.cfi_endproc
 106              	.LFE1:
 107              		.size	Sender_Enable, .-Sender_Enable
 108 0026 00BF     		.section	.text.Sender_Init,"ax",%progbits
 109              		.align	2
 110              		.global	Sender_Init
 111              		.thumb
 112              		.thumb_func
 113              		.type	Sender_Init, %function
 114              	Sender_Init:
 115              	.LFB2:
  81:.\Generated_Source\PSoC5/Sender.c **** 
  82:.\Generated_Source\PSoC5/Sender.c **** 
  83:.\Generated_Source\PSoC5/Sender.c **** /*******************************************************************************
  84:.\Generated_Source\PSoC5/Sender.c **** * Function Name: Sender_Init
  85:.\Generated_Source\PSoC5/Sender.c **** ********************************************************************************
  86:.\Generated_Source\PSoC5/Sender.c **** *
  87:.\Generated_Source\PSoC5/Sender.c **** * Summary:
  88:.\Generated_Source\PSoC5/Sender.c **** *  Initializes Tx and/or Rx interrupt sources with initial values.
  89:.\Generated_Source\PSoC5/Sender.c **** *
  90:.\Generated_Source\PSoC5/Sender.c **** * Parameters:
  91:.\Generated_Source\PSoC5/Sender.c **** *  void.
  92:.\Generated_Source\PSoC5/Sender.c **** *
  93:.\Generated_Source\PSoC5/Sender.c **** * Return:
  94:.\Generated_Source\PSoC5/Sender.c **** *  void.
  95:.\Generated_Source\PSoC5/Sender.c **** *
  96:.\Generated_Source\PSoC5/Sender.c **** *******************************************************************************/
  97:.\Generated_Source\PSoC5/Sender.c **** void Sender_Init(void) 
  98:.\Generated_Source\PSoC5/Sender.c **** {
 116              		.loc 1 98 0
 117              		.cfi_startproc
 118              		@ args = 0, pretend = 0, frame = 0
 119              		@ frame_needed = 1, uses_anonymous_args = 0
 120 0000 80B5     		push	{r7, lr}
 121              	.LCFI4:
 122              		.cfi_def_cfa_offset 8
 123 0002 00AF     		add	r7, sp, #0
 124              		.cfi_offset 14, -4
 125              		.cfi_offset 7, -8
 126              	.LCFI5:
ARM GAS  C:\Users\Bryan.Lee\AppData\Local\Temp\cckuKrMJ.s 			page 5


 127              		.cfi_def_cfa_register 7
  99:.\Generated_Source\PSoC5/Sender.c ****     Sender_SetIntMode(Sender_INT_SRC);
 128              		.loc 1 99 0
 129 0004 4FF00100 		mov	r0, #1
 130 0008 FFF7FEFF 		bl	Sender_SetIntMode
 100:.\Generated_Source\PSoC5/Sender.c **** }
 131              		.loc 1 100 0
 132 000c 80BD     		pop	{r7, pc}
 133              		.cfi_endproc
 134              	.LFE2:
 135              		.size	Sender_Init, .-Sender_Init
 136 000e 00BF     		.section	.text.Sender_Stop,"ax",%progbits
 137              		.align	2
 138              		.global	Sender_Stop
 139              		.thumb
 140              		.thumb_func
 141              		.type	Sender_Stop, %function
 142              	Sender_Stop:
 143              	.LFB3:
 101:.\Generated_Source\PSoC5/Sender.c **** 
 102:.\Generated_Source\PSoC5/Sender.c **** 
 103:.\Generated_Source\PSoC5/Sender.c **** /*******************************************************************************
 104:.\Generated_Source\PSoC5/Sender.c **** * Function Name: Sender_Stop
 105:.\Generated_Source\PSoC5/Sender.c **** ********************************************************************************
 106:.\Generated_Source\PSoC5/Sender.c **** *
 107:.\Generated_Source\PSoC5/Sender.c **** * Summary:
 108:.\Generated_Source\PSoC5/Sender.c **** *  Disables the Shift Register
 109:.\Generated_Source\PSoC5/Sender.c **** *
 110:.\Generated_Source\PSoC5/Sender.c **** * Parameters:
 111:.\Generated_Source\PSoC5/Sender.c **** *  None.
 112:.\Generated_Source\PSoC5/Sender.c **** *
 113:.\Generated_Source\PSoC5/Sender.c **** * Return:
 114:.\Generated_Source\PSoC5/Sender.c **** *  None.
 115:.\Generated_Source\PSoC5/Sender.c **** *
 116:.\Generated_Source\PSoC5/Sender.c **** *******************************************************************************/
 117:.\Generated_Source\PSoC5/Sender.c **** void Sender_Stop(void) 
 118:.\Generated_Source\PSoC5/Sender.c **** {
 144              		.loc 1 118 0
 145              		.cfi_startproc
 146              		@ args = 0, pretend = 0, frame = 0
 147              		@ frame_needed = 1, uses_anonymous_args = 0
 148 0000 80B5     		push	{r7, lr}
 149              	.LCFI6:
 150              		.cfi_def_cfa_offset 8
 151 0002 00AF     		add	r7, sp, #0
 152              		.cfi_offset 14, -4
 153              		.cfi_offset 7, -8
 154              	.LCFI7:
 155              		.cfi_def_cfa_register 7
 119:.\Generated_Source\PSoC5/Sender.c ****     /*changing Datapath Control Store address to NOP space*/
 120:.\Generated_Source\PSoC5/Sender.c ****     Sender_SR_CONTROL &= ~Sender_CLK_EN; 
 156              		.loc 1 120 0
 157 0004 46F27A43 		movw	r3, #:lower16:1073767546
 158 0008 C4F20003 		movt	r3, #:upper16:1073767546
 159 000c 46F27A42 		movw	r2, #:lower16:1073767546
 160 0010 C4F20002 		movt	r2, #:upper16:1073767546
 161 0014 1278     		ldrb	r2, [r2, #0]
ARM GAS  C:\Users\Bryan.Lee\AppData\Local\Temp\cckuKrMJ.s 			page 6


 162 0016 D2B2     		uxtb	r2, r2
 163 0018 02F0FE02 		and	r2, r2, #254
 164 001c 1A70     		strb	r2, [r3, #0]
 121:.\Generated_Source\PSoC5/Sender.c ****     Sender_DisableInt();
 165              		.loc 1 121 0
 166 001e FFF7FEFF 		bl	Sender_DisableInt
 122:.\Generated_Source\PSoC5/Sender.c **** }
 167              		.loc 1 122 0
 168 0022 80BD     		pop	{r7, pc}
 169              		.cfi_endproc
 170              	.LFE3:
 171              		.size	Sender_Stop, .-Sender_Stop
 172              		.section	.text.Sender_EnableInt,"ax",%progbits
 173              		.align	2
 174              		.global	Sender_EnableInt
 175              		.thumb
 176              		.thumb_func
 177              		.type	Sender_EnableInt, %function
 178              	Sender_EnableInt:
 179              	.LFB4:
 123:.\Generated_Source\PSoC5/Sender.c **** 
 124:.\Generated_Source\PSoC5/Sender.c **** 
 125:.\Generated_Source\PSoC5/Sender.c **** /*******************************************************************************
 126:.\Generated_Source\PSoC5/Sender.c **** * Function Name: Sender_EnableInt
 127:.\Generated_Source\PSoC5/Sender.c **** ********************************************************************************
 128:.\Generated_Source\PSoC5/Sender.c **** *
 129:.\Generated_Source\PSoC5/Sender.c **** * Summary:
 130:.\Generated_Source\PSoC5/Sender.c **** *  Enables the Shift Register interrupt.
 131:.\Generated_Source\PSoC5/Sender.c **** *
 132:.\Generated_Source\PSoC5/Sender.c **** * Parameters:
 133:.\Generated_Source\PSoC5/Sender.c **** *  None.
 134:.\Generated_Source\PSoC5/Sender.c **** *
 135:.\Generated_Source\PSoC5/Sender.c **** * Return:
 136:.\Generated_Source\PSoC5/Sender.c **** *  None.
 137:.\Generated_Source\PSoC5/Sender.c **** *
 138:.\Generated_Source\PSoC5/Sender.c **** *******************************************************************************/
 139:.\Generated_Source\PSoC5/Sender.c **** void Sender_EnableInt(void) 
 140:.\Generated_Source\PSoC5/Sender.c **** {
 180              		.loc 1 140 0
 181              		.cfi_startproc
 182              		@ args = 0, pretend = 0, frame = 8
 183              		@ frame_needed = 1, uses_anonymous_args = 0
 184 0000 80B5     		push	{r7, lr}
 185              	.LCFI8:
 186              		.cfi_def_cfa_offset 8
 187 0002 82B0     		sub	sp, sp, #8
 188              	.LCFI9:
 189              		.cfi_def_cfa_offset 16
 190 0004 00AF     		add	r7, sp, #0
 191              		.cfi_offset 14, -4
 192              		.cfi_offset 7, -8
 193              	.LCFI10:
 194              		.cfi_def_cfa_register 7
 141:.\Generated_Source\PSoC5/Sender.c ****     uint8 interruptState = CyEnterCriticalSection();
 195              		.loc 1 141 0
 196 0006 FFF7FEFF 		bl	CyEnterCriticalSection
 197 000a 0346     		mov	r3, r0
ARM GAS  C:\Users\Bryan.Lee\AppData\Local\Temp\cckuKrMJ.s 			page 7


 198 000c FB71     		strb	r3, [r7, #7]
 142:.\Generated_Source\PSoC5/Sender.c ****     Sender_SR_AUX_CONTROL |= Sender_INTERRUPTS_ENABLE;
 199              		.loc 1 142 0
 200 000e 46F29A43 		movw	r3, #:lower16:1073767578
 201 0012 C4F20003 		movt	r3, #:upper16:1073767578
 202 0016 46F29A42 		movw	r2, #:lower16:1073767578
 203 001a C4F20002 		movt	r2, #:upper16:1073767578
 204 001e 1278     		ldrb	r2, [r2, #0]
 205 0020 D2B2     		uxtb	r2, r2
 206 0022 42F01002 		orr	r2, r2, #16
 207 0026 D2B2     		uxtb	r2, r2
 208 0028 1A70     		strb	r2, [r3, #0]
 143:.\Generated_Source\PSoC5/Sender.c ****     CyExitCriticalSection(interruptState);
 209              		.loc 1 143 0
 210 002a FB79     		ldrb	r3, [r7, #7]	@ zero_extendqisi2
 211 002c 1846     		mov	r0, r3
 212 002e FFF7FEFF 		bl	CyExitCriticalSection
 144:.\Generated_Source\PSoC5/Sender.c **** }
 213              		.loc 1 144 0
 214 0032 07F10807 		add	r7, r7, #8
 215 0036 BD46     		mov	sp, r7
 216 0038 80BD     		pop	{r7, pc}
 217              		.cfi_endproc
 218              	.LFE4:
 219              		.size	Sender_EnableInt, .-Sender_EnableInt
 220 003a 00BF     		.section	.text.Sender_DisableInt,"ax",%progbits
 221              		.align	2
 222              		.global	Sender_DisableInt
 223              		.thumb
 224              		.thumb_func
 225              		.type	Sender_DisableInt, %function
 226              	Sender_DisableInt:
 227              	.LFB5:
 145:.\Generated_Source\PSoC5/Sender.c **** 
 146:.\Generated_Source\PSoC5/Sender.c **** 
 147:.\Generated_Source\PSoC5/Sender.c **** /*******************************************************************************
 148:.\Generated_Source\PSoC5/Sender.c **** * Function Name: Sender_DisableInt
 149:.\Generated_Source\PSoC5/Sender.c **** ********************************************************************************
 150:.\Generated_Source\PSoC5/Sender.c **** *
 151:.\Generated_Source\PSoC5/Sender.c **** * Summary:
 152:.\Generated_Source\PSoC5/Sender.c **** *  Disables the Shift Register interrupt.
 153:.\Generated_Source\PSoC5/Sender.c **** *
 154:.\Generated_Source\PSoC5/Sender.c **** * Parameters:
 155:.\Generated_Source\PSoC5/Sender.c **** *  None.
 156:.\Generated_Source\PSoC5/Sender.c **** *
 157:.\Generated_Source\PSoC5/Sender.c **** * Return:
 158:.\Generated_Source\PSoC5/Sender.c **** *  None.
 159:.\Generated_Source\PSoC5/Sender.c **** *
 160:.\Generated_Source\PSoC5/Sender.c **** *******************************************************************************/
 161:.\Generated_Source\PSoC5/Sender.c **** void Sender_DisableInt(void) 
 162:.\Generated_Source\PSoC5/Sender.c **** {
 228              		.loc 1 162 0
 229              		.cfi_startproc
 230              		@ args = 0, pretend = 0, frame = 8
 231              		@ frame_needed = 1, uses_anonymous_args = 0
 232 0000 80B5     		push	{r7, lr}
 233              	.LCFI11:
ARM GAS  C:\Users\Bryan.Lee\AppData\Local\Temp\cckuKrMJ.s 			page 8


 234              		.cfi_def_cfa_offset 8
 235 0002 82B0     		sub	sp, sp, #8
 236              	.LCFI12:
 237              		.cfi_def_cfa_offset 16
 238 0004 00AF     		add	r7, sp, #0
 239              		.cfi_offset 14, -4
 240              		.cfi_offset 7, -8
 241              	.LCFI13:
 242              		.cfi_def_cfa_register 7
 163:.\Generated_Source\PSoC5/Sender.c ****     uint8 interruptState = CyEnterCriticalSection();
 243              		.loc 1 163 0
 244 0006 FFF7FEFF 		bl	CyEnterCriticalSection
 245 000a 0346     		mov	r3, r0
 246 000c FB71     		strb	r3, [r7, #7]
 164:.\Generated_Source\PSoC5/Sender.c ****     Sender_SR_AUX_CONTROL &= ~Sender_INTERRUPTS_ENABLE;
 247              		.loc 1 164 0
 248 000e 46F29A43 		movw	r3, #:lower16:1073767578
 249 0012 C4F20003 		movt	r3, #:upper16:1073767578
 250 0016 46F29A42 		movw	r2, #:lower16:1073767578
 251 001a C4F20002 		movt	r2, #:upper16:1073767578
 252 001e 1278     		ldrb	r2, [r2, #0]
 253 0020 D2B2     		uxtb	r2, r2
 254 0022 02F0EF02 		and	r2, r2, #239
 255 0026 1A70     		strb	r2, [r3, #0]
 165:.\Generated_Source\PSoC5/Sender.c ****     CyExitCriticalSection(interruptState);
 256              		.loc 1 165 0
 257 0028 FB79     		ldrb	r3, [r7, #7]	@ zero_extendqisi2
 258 002a 1846     		mov	r0, r3
 259 002c FFF7FEFF 		bl	CyExitCriticalSection
 166:.\Generated_Source\PSoC5/Sender.c **** }
 260              		.loc 1 166 0
 261 0030 07F10807 		add	r7, r7, #8
 262 0034 BD46     		mov	sp, r7
 263 0036 80BD     		pop	{r7, pc}
 264              		.cfi_endproc
 265              	.LFE5:
 266              		.size	Sender_DisableInt, .-Sender_DisableInt
 267              		.section	.text.Sender_GetFIFOStatus,"ax",%progbits
 268              		.align	2
 269              		.global	Sender_GetFIFOStatus
 270              		.thumb
 271              		.thumb_func
 272              		.type	Sender_GetFIFOStatus, %function
 273              	Sender_GetFIFOStatus:
 274              	.LFB6:
 167:.\Generated_Source\PSoC5/Sender.c **** 
 168:.\Generated_Source\PSoC5/Sender.c **** 
 169:.\Generated_Source\PSoC5/Sender.c **** /*******************************************************************************
 170:.\Generated_Source\PSoC5/Sender.c **** * Function Name: Sender_GetFIFOStatus
 171:.\Generated_Source\PSoC5/Sender.c **** ********************************************************************************
 172:.\Generated_Source\PSoC5/Sender.c **** *
 173:.\Generated_Source\PSoC5/Sender.c **** * Summary:
 174:.\Generated_Source\PSoC5/Sender.c **** *  Returns current status of input or output FIFO.
 175:.\Generated_Source\PSoC5/Sender.c **** *
 176:.\Generated_Source\PSoC5/Sender.c **** * Parameters:
 177:.\Generated_Source\PSoC5/Sender.c **** *  fifoId.
 178:.\Generated_Source\PSoC5/Sender.c **** *
ARM GAS  C:\Users\Bryan.Lee\AppData\Local\Temp\cckuKrMJ.s 			page 9


 179:.\Generated_Source\PSoC5/Sender.c **** * Return:
 180:.\Generated_Source\PSoC5/Sender.c **** *  FIFO status.
 181:.\Generated_Source\PSoC5/Sender.c **** *
 182:.\Generated_Source\PSoC5/Sender.c **** *******************************************************************************/
 183:.\Generated_Source\PSoC5/Sender.c **** uint8 Sender_GetFIFOStatus(uint8 fifoId) 
 184:.\Generated_Source\PSoC5/Sender.c **** {
 275              		.loc 1 184 0
 276              		.cfi_startproc
 277              		@ args = 0, pretend = 0, frame = 16
 278              		@ frame_needed = 1, uses_anonymous_args = 0
 279              		@ link register save eliminated.
 280 0000 80B4     		push	{r7}
 281              	.LCFI14:
 282              		.cfi_def_cfa_offset 4
 283 0002 85B0     		sub	sp, sp, #20
 284              	.LCFI15:
 285              		.cfi_def_cfa_offset 24
 286 0004 00AF     		add	r7, sp, #0
 287              		.cfi_offset 7, -4
 288              	.LCFI16:
 289              		.cfi_def_cfa_register 7
 290 0006 0346     		mov	r3, r0
 291 0008 FB71     		strb	r3, [r7, #7]
 185:.\Generated_Source\PSoC5/Sender.c ****     uint8 result;
 186:.\Generated_Source\PSoC5/Sender.c **** 
 187:.\Generated_Source\PSoC5/Sender.c ****     result = Sender_RET_FIFO_NOT_DEFINED; /*default status value*/
 292              		.loc 1 187 0
 293 000a 6FF00103 		mvn	r3, #1
 294 000e FB73     		strb	r3, [r7, #15]
 188:.\Generated_Source\PSoC5/Sender.c **** 
 189:.\Generated_Source\PSoC5/Sender.c ****     #if (Sender_USE_INPUT_FIFO == 1u)
 190:.\Generated_Source\PSoC5/Sender.c ****         
 191:.\Generated_Source\PSoC5/Sender.c ****         if(fifoId == Sender_IN_FIFO)
 295              		.loc 1 191 0
 296 0010 FB79     		ldrb	r3, [r7, #7]	@ zero_extendqisi2
 297 0012 012B     		cmp	r3, #1
 298 0014 1FD1     		bne	.L15
 192:.\Generated_Source\PSoC5/Sender.c ****         {    
 193:.\Generated_Source\PSoC5/Sender.c ****             switch((Sender_SR_STATUS & Sender_IN_FIFO_MASK) >> 
 299              		.loc 1 193 0
 300 0016 46F26A43 		movw	r3, #:lower16:1073767530
 301 001a C4F20003 		movt	r3, #:upper16:1073767530
 302 001e 1B78     		ldrb	r3, [r3, #0]
 303 0020 DBB2     		uxtb	r3, r3
 304 0022 03F01803 		and	r3, r3, #24
 305 0026 4FEAD303 		lsr	r3, r3, #3
 194:.\Generated_Source\PSoC5/Sender.c ****                     Sender_IN_FIFO_SHFT_MASK)
 306              		.loc 1 194 0
 307 002a 012B     		cmp	r3, #1
 308 002c 08D0     		beq	.L18
 309 002e 012B     		cmp	r3, #1
 310 0030 02D3     		bcc	.L17
 311 0032 022B     		cmp	r3, #2
 312 0034 08D0     		beq	.L19
 313 0036 0BE0     		b	.L26
 314              	.L17:
 195:.\Generated_Source\PSoC5/Sender.c ****             {
ARM GAS  C:\Users\Bryan.Lee\AppData\Local\Temp\cckuKrMJ.s 			page 10


 196:.\Generated_Source\PSoC5/Sender.c ****                 case Sender_IN_FIFO_FULL :
 197:.\Generated_Source\PSoC5/Sender.c ****                     result = Sender_RET_FIFO_FULL;
 315              		.loc 1 197 0
 316 0038 4FF00003 		mov	r3, #0
 317 003c FB73     		strb	r3, [r7, #15]
 198:.\Generated_Source\PSoC5/Sender.c ****                     break;
 318              		.loc 1 198 0
 319 003e 0AE0     		b	.L15
 320              	.L18:
 199:.\Generated_Source\PSoC5/Sender.c **** 
 200:.\Generated_Source\PSoC5/Sender.c ****                 case Sender_IN_FIFO_EMPTY :
 201:.\Generated_Source\PSoC5/Sender.c ****                     result = Sender_RET_FIFO_EMPTY;
 321              		.loc 1 201 0
 322 0040 4FF00203 		mov	r3, #2
 323 0044 FB73     		strb	r3, [r7, #15]
 202:.\Generated_Source\PSoC5/Sender.c ****                     break;
 324              		.loc 1 202 0
 325 0046 06E0     		b	.L15
 326              	.L19:
 203:.\Generated_Source\PSoC5/Sender.c **** 
 204:.\Generated_Source\PSoC5/Sender.c ****                 case Sender_IN_FIFO_NOT_EMPTY :
 205:.\Generated_Source\PSoC5/Sender.c ****                     result = Sender_RET_FIFO_NOT_EMPTY;
 327              		.loc 1 205 0
 328 0048 4FF00103 		mov	r3, #1
 329 004c FB73     		strb	r3, [r7, #15]
 206:.\Generated_Source\PSoC5/Sender.c ****                     break;
 330              		.loc 1 206 0
 331 004e 02E0     		b	.L15
 332              	.L26:
 207:.\Generated_Source\PSoC5/Sender.c ****                 default:
 208:.\Generated_Source\PSoC5/Sender.c ****                     result = Sender_RET_FIFO_EMPTY;
 333              		.loc 1 208 0
 334 0050 4FF00203 		mov	r3, #2
 335 0054 FB73     		strb	r3, [r7, #15]
 336              	.L15:
 209:.\Generated_Source\PSoC5/Sender.c ****             }
 210:.\Generated_Source\PSoC5/Sender.c ****         }
 211:.\Generated_Source\PSoC5/Sender.c ****     #endif/*(Sender_USE_INPUT_FIFO == 1u)*/
 212:.\Generated_Source\PSoC5/Sender.c ****     
 213:.\Generated_Source\PSoC5/Sender.c ****     if(fifoId == Sender_OUT_FIFO)
 337              		.loc 1 213 0
 338 0056 FB79     		ldrb	r3, [r7, #7]	@ zero_extendqisi2
 339 0058 022B     		cmp	r3, #2
 340 005a 1FD1     		bne	.L20
 214:.\Generated_Source\PSoC5/Sender.c ****     {
 215:.\Generated_Source\PSoC5/Sender.c ****         switch((Sender_SR_STATUS & Sender_OUT_FIFO_MASK) >> 
 341              		.loc 1 215 0
 342 005c 46F26A43 		movw	r3, #:lower16:1073767530
 343 0060 C4F20003 		movt	r3, #:upper16:1073767530
 344 0064 1B78     		ldrb	r3, [r3, #0]
 345 0066 DBB2     		uxtb	r3, r3
 346 0068 03F06003 		and	r3, r3, #96
 347 006c 4FEA5313 		lsr	r3, r3, #5
 216:.\Generated_Source\PSoC5/Sender.c ****                 Sender_OUT_FIFO_SHFT_MASK)
 348              		.loc 1 216 0
 349 0070 012B     		cmp	r3, #1
 350 0072 04D0     		beq	.L23
ARM GAS  C:\Users\Bryan.Lee\AppData\Local\Temp\cckuKrMJ.s 			page 11


 351 0074 012B     		cmp	r3, #1
 352 0076 06D3     		bcc	.L22
 353 0078 022B     		cmp	r3, #2
 354 007a 08D0     		beq	.L24
 355 007c 0BE0     		b	.L27
 356              	.L23:
 217:.\Generated_Source\PSoC5/Sender.c ****         {
 218:.\Generated_Source\PSoC5/Sender.c ****             case Sender_OUT_FIFO_FULL :
 219:.\Generated_Source\PSoC5/Sender.c ****                 result = Sender_RET_FIFO_FULL;
 357              		.loc 1 219 0
 358 007e 4FF00003 		mov	r3, #0
 359 0082 FB73     		strb	r3, [r7, #15]
 220:.\Generated_Source\PSoC5/Sender.c ****                 break;
 360              		.loc 1 220 0
 361 0084 0AE0     		b	.L20
 362              	.L22:
 221:.\Generated_Source\PSoC5/Sender.c **** 
 222:.\Generated_Source\PSoC5/Sender.c ****             case Sender_OUT_FIFO_EMPTY :
 223:.\Generated_Source\PSoC5/Sender.c ****                 result = Sender_RET_FIFO_EMPTY;
 363              		.loc 1 223 0
 364 0086 4FF00203 		mov	r3, #2
 365 008a FB73     		strb	r3, [r7, #15]
 224:.\Generated_Source\PSoC5/Sender.c ****                 break;
 366              		.loc 1 224 0
 367 008c 06E0     		b	.L20
 368              	.L24:
 225:.\Generated_Source\PSoC5/Sender.c **** 
 226:.\Generated_Source\PSoC5/Sender.c ****             case Sender_OUT_FIFO_NOT_EMPTY :
 227:.\Generated_Source\PSoC5/Sender.c ****                 result = Sender_RET_FIFO_NOT_EMPTY;
 369              		.loc 1 227 0
 370 008e 4FF00103 		mov	r3, #1
 371 0092 FB73     		strb	r3, [r7, #15]
 228:.\Generated_Source\PSoC5/Sender.c ****                 break;
 372              		.loc 1 228 0
 373 0094 02E0     		b	.L20
 374              	.L27:
 229:.\Generated_Source\PSoC5/Sender.c **** 
 230:.\Generated_Source\PSoC5/Sender.c ****             default:
 231:.\Generated_Source\PSoC5/Sender.c ****                 result = Sender_RET_FIFO_FULL;
 375              		.loc 1 231 0
 376 0096 4FF00003 		mov	r3, #0
 377 009a FB73     		strb	r3, [r7, #15]
 378              	.L20:
 232:.\Generated_Source\PSoC5/Sender.c ****         }
 233:.\Generated_Source\PSoC5/Sender.c ****     }
 234:.\Generated_Source\PSoC5/Sender.c **** 
 235:.\Generated_Source\PSoC5/Sender.c ****     return (result);
 379              		.loc 1 235 0
 380 009c FB7B     		ldrb	r3, [r7, #15]	@ zero_extendqisi2
 236:.\Generated_Source\PSoC5/Sender.c **** }
 381              		.loc 1 236 0
 382 009e 1846     		mov	r0, r3
 383 00a0 07F11407 		add	r7, r7, #20
 384 00a4 BD46     		mov	sp, r7
 385 00a6 80BC     		pop	{r7}
 386 00a8 7047     		bx	lr
 387              		.cfi_endproc
ARM GAS  C:\Users\Bryan.Lee\AppData\Local\Temp\cckuKrMJ.s 			page 12


 388              	.LFE6:
 389              		.size	Sender_GetFIFOStatus, .-Sender_GetFIFOStatus
 390 00aa 00BF     		.section	.text.Sender_SetIntMode,"ax",%progbits
 391              		.align	2
 392              		.global	Sender_SetIntMode
 393              		.thumb
 394              		.thumb_func
 395              		.type	Sender_SetIntMode, %function
 396              	Sender_SetIntMode:
 397              	.LFB7:
 237:.\Generated_Source\PSoC5/Sender.c **** 
 238:.\Generated_Source\PSoC5/Sender.c **** 
 239:.\Generated_Source\PSoC5/Sender.c **** /*******************************************************************************
 240:.\Generated_Source\PSoC5/Sender.c **** * Function Name: Sender_SetIntMode
 241:.\Generated_Source\PSoC5/Sender.c **** ********************************************************************************
 242:.\Generated_Source\PSoC5/Sender.c **** *
 243:.\Generated_Source\PSoC5/Sender.c **** * Summary:
 244:.\Generated_Source\PSoC5/Sender.c **** *  Sets the Interrupt Source for the Shift Register interrupt. Multiple
 245:.\Generated_Source\PSoC5/Sender.c **** *  sources may be ORed together
 246:.\Generated_Source\PSoC5/Sender.c **** *
 247:.\Generated_Source\PSoC5/Sender.c **** * Parameters:
 248:.\Generated_Source\PSoC5/Sender.c **** *  interruptSource: Byte containing the constant for the selected interrupt
 249:.\Generated_Source\PSoC5/Sender.c **** *  source/s.
 250:.\Generated_Source\PSoC5/Sender.c **** *
 251:.\Generated_Source\PSoC5/Sender.c **** * Return:
 252:.\Generated_Source\PSoC5/Sender.c **** *  None.
 253:.\Generated_Source\PSoC5/Sender.c **** *
 254:.\Generated_Source\PSoC5/Sender.c **** *******************************************************************************/
 255:.\Generated_Source\PSoC5/Sender.c **** void Sender_SetIntMode(uint8 interruptSource) 
 256:.\Generated_Source\PSoC5/Sender.c **** {
 398              		.loc 1 256 0
 399              		.cfi_startproc
 400              		@ args = 0, pretend = 0, frame = 8
 401              		@ frame_needed = 1, uses_anonymous_args = 0
 402              		@ link register save eliminated.
 403 0000 80B4     		push	{r7}
 404              	.LCFI17:
 405              		.cfi_def_cfa_offset 4
 406 0002 83B0     		sub	sp, sp, #12
 407              	.LCFI18:
 408              		.cfi_def_cfa_offset 16
 409 0004 00AF     		add	r7, sp, #0
 410              		.cfi_offset 7, -4
 411              	.LCFI19:
 412              		.cfi_def_cfa_register 7
 413 0006 0346     		mov	r3, r0
 414 0008 FB71     		strb	r3, [r7, #7]
 257:.\Generated_Source\PSoC5/Sender.c ****     Sender_SR_STATUS_MASK = (Sender_SR_STATUS_MASK & ~Sender_INTS_EN_MASK) | \
 415              		.loc 1 257 0
 416 000a 46F28A43 		movw	r3, #:lower16:1073767562
 417 000e C4F20003 		movt	r3, #:upper16:1073767562
 418 0012 46F28A42 		movw	r2, #:lower16:1073767562
 419 0016 C4F20002 		movt	r2, #:upper16:1073767562
 420 001a 1278     		ldrb	r2, [r2, #0]
 421 001c D2B2     		uxtb	r2, r2
 422 001e 1146     		mov	r1, r2
 423 0020 01F0F801 		and	r1, r1, #248
ARM GAS  C:\Users\Bryan.Lee\AppData\Local\Temp\cckuKrMJ.s 			page 13


 424 0024 FA79     		ldrb	r2, [r7, #7]	@ zero_extendqisi2
 425 0026 02F00702 		and	r2, r2, #7
 426 002a 41EA0202 		orr	r2, r1, r2
 427 002e D2B2     		uxtb	r2, r2
 428 0030 1A70     		strb	r2, [r3, #0]
 258:.\Generated_Source\PSoC5/Sender.c ****                                       (interruptSource & Sender_INTS_EN_MASK);
 259:.\Generated_Source\PSoC5/Sender.c **** }
 429              		.loc 1 259 0
 430 0032 07F10C07 		add	r7, r7, #12
 431 0036 BD46     		mov	sp, r7
 432 0038 80BC     		pop	{r7}
 433 003a 7047     		bx	lr
 434              		.cfi_endproc
 435              	.LFE7:
 436              		.size	Sender_SetIntMode, .-Sender_SetIntMode
 437              		.section	.text.Sender_GetIntStatus,"ax",%progbits
 438              		.align	2
 439              		.global	Sender_GetIntStatus
 440              		.thumb
 441              		.thumb_func
 442              		.type	Sender_GetIntStatus, %function
 443              	Sender_GetIntStatus:
 444              	.LFB8:
 260:.\Generated_Source\PSoC5/Sender.c **** 
 261:.\Generated_Source\PSoC5/Sender.c **** 
 262:.\Generated_Source\PSoC5/Sender.c **** /*******************************************************************************
 263:.\Generated_Source\PSoC5/Sender.c **** * Function Name: Sender_GetIntStatus
 264:.\Generated_Source\PSoC5/Sender.c **** ********************************************************************************
 265:.\Generated_Source\PSoC5/Sender.c **** *
 266:.\Generated_Source\PSoC5/Sender.c **** * Summary:
 267:.\Generated_Source\PSoC5/Sender.c **** *  Gets the Shift Register Interrupt status.
 268:.\Generated_Source\PSoC5/Sender.c **** *
 269:.\Generated_Source\PSoC5/Sender.c **** * Parameters:
 270:.\Generated_Source\PSoC5/Sender.c **** *  None.
 271:.\Generated_Source\PSoC5/Sender.c **** *
 272:.\Generated_Source\PSoC5/Sender.c **** * Return:
 273:.\Generated_Source\PSoC5/Sender.c **** *  Byte containing the constant for the selected interrupt source/s.
 274:.\Generated_Source\PSoC5/Sender.c **** *
 275:.\Generated_Source\PSoC5/Sender.c **** *******************************************************************************/
 276:.\Generated_Source\PSoC5/Sender.c **** uint8 Sender_GetIntStatus(void) 
 277:.\Generated_Source\PSoC5/Sender.c **** {
 445              		.loc 1 277 0
 446              		.cfi_startproc
 447              		@ args = 0, pretend = 0, frame = 0
 448              		@ frame_needed = 1, uses_anonymous_args = 0
 449              		@ link register save eliminated.
 450 0000 80B4     		push	{r7}
 451              	.LCFI20:
 452              		.cfi_def_cfa_offset 4
 453 0002 00AF     		add	r7, sp, #0
 454              		.cfi_offset 7, -4
 455              	.LCFI21:
 456              		.cfi_def_cfa_register 7
 278:.\Generated_Source\PSoC5/Sender.c ****     return(Sender_SR_STATUS & Sender_INTS_EN_MASK);
 457              		.loc 1 278 0
 458 0004 46F26A43 		movw	r3, #:lower16:1073767530
 459 0008 C4F20003 		movt	r3, #:upper16:1073767530
ARM GAS  C:\Users\Bryan.Lee\AppData\Local\Temp\cckuKrMJ.s 			page 14


 460 000c 1B78     		ldrb	r3, [r3, #0]
 461 000e DBB2     		uxtb	r3, r3
 462 0010 03F00703 		and	r3, r3, #7
 279:.\Generated_Source\PSoC5/Sender.c **** }
 463              		.loc 1 279 0
 464 0014 1846     		mov	r0, r3
 465 0016 BD46     		mov	sp, r7
 466 0018 80BC     		pop	{r7}
 467 001a 7047     		bx	lr
 468              		.cfi_endproc
 469              	.LFE8:
 470              		.size	Sender_GetIntStatus, .-Sender_GetIntStatus
 471              		.section	.text.Sender_WriteRegValue,"ax",%progbits
 472              		.align	2
 473              		.global	Sender_WriteRegValue
 474              		.thumb
 475              		.thumb_func
 476              		.type	Sender_WriteRegValue, %function
 477              	Sender_WriteRegValue:
 478              	.LFB9:
 280:.\Generated_Source\PSoC5/Sender.c **** 
 281:.\Generated_Source\PSoC5/Sender.c **** 
 282:.\Generated_Source\PSoC5/Sender.c **** /*******************************************************************************
 283:.\Generated_Source\PSoC5/Sender.c **** * Function Name: Sender_WriteRegValue
 284:.\Generated_Source\PSoC5/Sender.c **** ********************************************************************************
 285:.\Generated_Source\PSoC5/Sender.c **** *
 286:.\Generated_Source\PSoC5/Sender.c **** * Summary:
 287:.\Generated_Source\PSoC5/Sender.c **** *  Send state directly to shift register
 288:.\Generated_Source\PSoC5/Sender.c **** *
 289:.\Generated_Source\PSoC5/Sender.c **** * Parameters:
 290:.\Generated_Source\PSoC5/Sender.c **** *  shiftData: containing shift register state.
 291:.\Generated_Source\PSoC5/Sender.c **** *
 292:.\Generated_Source\PSoC5/Sender.c **** * Return:
 293:.\Generated_Source\PSoC5/Sender.c **** *  None.
 294:.\Generated_Source\PSoC5/Sender.c **** *
 295:.\Generated_Source\PSoC5/Sender.c **** *******************************************************************************/
 296:.\Generated_Source\PSoC5/Sender.c **** void Sender_WriteRegValue(uint8 shiftData) \
 297:.\Generated_Source\PSoC5/Sender.c ****                 
 298:.\Generated_Source\PSoC5/Sender.c **** {
 479              		.loc 1 298 0
 480              		.cfi_startproc
 481              		@ args = 0, pretend = 0, frame = 8
 482              		@ frame_needed = 1, uses_anonymous_args = 0
 483              		@ link register save eliminated.
 484 0000 80B4     		push	{r7}
 485              	.LCFI22:
 486              		.cfi_def_cfa_offset 4
 487 0002 83B0     		sub	sp, sp, #12
 488              	.LCFI23:
 489              		.cfi_def_cfa_offset 16
 490 0004 00AF     		add	r7, sp, #0
 491              		.cfi_offset 7, -4
 492              	.LCFI24:
 493              		.cfi_def_cfa_register 7
 494 0006 0346     		mov	r3, r0
 495 0008 FB71     		strb	r3, [r7, #7]
 299:.\Generated_Source\PSoC5/Sender.c ****     CY_SET_REG8(Sender_SHIFT_REG_LSB_PTR, shiftData);
ARM GAS  C:\Users\Bryan.Lee\AppData\Local\Temp\cckuKrMJ.s 			page 15


 496              		.loc 1 299 0
 497 000a 46F20A43 		movw	r3, #:lower16:1073767434
 498 000e C4F20003 		movt	r3, #:upper16:1073767434
 499 0012 FA79     		ldrb	r2, [r7, #7]
 500 0014 1A70     		strb	r2, [r3, #0]
 300:.\Generated_Source\PSoC5/Sender.c **** }
 501              		.loc 1 300 0
 502 0016 07F10C07 		add	r7, r7, #12
 503 001a BD46     		mov	sp, r7
 504 001c 80BC     		pop	{r7}
 505 001e 7047     		bx	lr
 506              		.cfi_endproc
 507              	.LFE9:
 508              		.size	Sender_WriteRegValue, .-Sender_WriteRegValue
 509              		.section	.text.Sender_WriteData,"ax",%progbits
 510              		.align	2
 511              		.global	Sender_WriteData
 512              		.thumb
 513              		.thumb_func
 514              		.type	Sender_WriteData, %function
 515              	Sender_WriteData:
 516              	.LFB10:
 301:.\Generated_Source\PSoC5/Sender.c **** 
 302:.\Generated_Source\PSoC5/Sender.c **** 
 303:.\Generated_Source\PSoC5/Sender.c **** #if (Sender_USE_INPUT_FIFO == 1u) /* if input FIFO is used */
 304:.\Generated_Source\PSoC5/Sender.c **** 
 305:.\Generated_Source\PSoC5/Sender.c ****     /*******************************************************************************
 306:.\Generated_Source\PSoC5/Sender.c ****     * Function Name: Sender_WriteData
 307:.\Generated_Source\PSoC5/Sender.c ****     ********************************************************************************
 308:.\Generated_Source\PSoC5/Sender.c ****     *
 309:.\Generated_Source\PSoC5/Sender.c ****     * Summary:
 310:.\Generated_Source\PSoC5/Sender.c ****     *  Send state to FIFO for later transfer to shift register based on the Load
 311:.\Generated_Source\PSoC5/Sender.c ****     *  input
 312:.\Generated_Source\PSoC5/Sender.c ****     *
 313:.\Generated_Source\PSoC5/Sender.c ****     * Parameters:
 314:.\Generated_Source\PSoC5/Sender.c ****     *  shiftData: containing shift register state.
 315:.\Generated_Source\PSoC5/Sender.c ****     *
 316:.\Generated_Source\PSoC5/Sender.c ****     * Return:
 317:.\Generated_Source\PSoC5/Sender.c ****     *  Indicates: successful execution of function
 318:.\Generated_Source\PSoC5/Sender.c ****     *  when FIFO is empty; and error when
 319:.\Generated_Source\PSoC5/Sender.c ****     *  FIFO is full.
 320:.\Generated_Source\PSoC5/Sender.c ****     *
 321:.\Generated_Source\PSoC5/Sender.c ****     * Reentrant:
 322:.\Generated_Source\PSoC5/Sender.c ****     *  No.
 323:.\Generated_Source\PSoC5/Sender.c ****     *
 324:.\Generated_Source\PSoC5/Sender.c ****     *******************************************************************************/
 325:.\Generated_Source\PSoC5/Sender.c ****     uint8 Sender_WriteData(uint8 shiftData) \
 326:.\Generated_Source\PSoC5/Sender.c ****                     
 327:.\Generated_Source\PSoC5/Sender.c ****     {
 517              		.loc 1 327 0
 518              		.cfi_startproc
 519              		@ args = 0, pretend = 0, frame = 16
 520              		@ frame_needed = 1, uses_anonymous_args = 0
 521 0000 80B5     		push	{r7, lr}
 522              	.LCFI25:
 523              		.cfi_def_cfa_offset 8
 524 0002 84B0     		sub	sp, sp, #16
ARM GAS  C:\Users\Bryan.Lee\AppData\Local\Temp\cckuKrMJ.s 			page 16


 525              	.LCFI26:
 526              		.cfi_def_cfa_offset 24
 527 0004 00AF     		add	r7, sp, #0
 528              		.cfi_offset 14, -4
 529              		.cfi_offset 7, -8
 530              	.LCFI27:
 531              		.cfi_def_cfa_register 7
 532 0006 0346     		mov	r3, r0
 533 0008 FB71     		strb	r3, [r7, #7]
 328:.\Generated_Source\PSoC5/Sender.c ****         uint8 result;
 329:.\Generated_Source\PSoC5/Sender.c ****     
 330:.\Generated_Source\PSoC5/Sender.c ****         result = CYRET_INVALID_STATE;/*default result state*/
 534              		.loc 1 330 0
 535 000a 4FF01103 		mov	r3, #17
 536 000e FB73     		strb	r3, [r7, #15]
 331:.\Generated_Source\PSoC5/Sender.c ****     
 332:.\Generated_Source\PSoC5/Sender.c ****         /*write data to input FIFO if FIFO is not full*/
 333:.\Generated_Source\PSoC5/Sender.c ****         if((Sender_GetFIFOStatus(Sender_IN_FIFO)) != Sender_RET_FIFO_FULL)
 537              		.loc 1 333 0
 538 0010 4FF00100 		mov	r0, #1
 539 0014 FFF7FEFF 		bl	Sender_GetFIFOStatus
 540 0018 0346     		mov	r3, r0
 541 001a 002B     		cmp	r3, #0
 542 001c 08D0     		beq	.L35
 334:.\Generated_Source\PSoC5/Sender.c ****         {
 335:.\Generated_Source\PSoC5/Sender.c ****             CY_SET_REG8(Sender_IN_FIFO_VAL_LSB_PTR, shiftData);
 543              		.loc 1 335 0
 544 001e 46F24A43 		movw	r3, #:lower16:1073767498
 545 0022 C4F20003 		movt	r3, #:upper16:1073767498
 546 0026 FA79     		ldrb	r2, [r7, #7]
 547 0028 1A70     		strb	r2, [r3, #0]
 336:.\Generated_Source\PSoC5/Sender.c ****             result = CYRET_SUCCESS; /*return 'success' status*/
 548              		.loc 1 336 0
 549 002a 4FF00003 		mov	r3, #0
 550 002e FB73     		strb	r3, [r7, #15]
 551              	.L35:
 337:.\Generated_Source\PSoC5/Sender.c ****         }
 338:.\Generated_Source\PSoC5/Sender.c ****         return(result);
 552              		.loc 1 338 0
 553 0030 FB7B     		ldrb	r3, [r7, #15]	@ zero_extendqisi2
 339:.\Generated_Source\PSoC5/Sender.c ****     }
 554              		.loc 1 339 0
 555 0032 1846     		mov	r0, r3
 556 0034 07F11007 		add	r7, r7, #16
 557 0038 BD46     		mov	sp, r7
 558 003a 80BD     		pop	{r7, pc}
 559              		.cfi_endproc
 560              	.LFE10:
 561              		.size	Sender_WriteData, .-Sender_WriteData
 562              		.section	.text.Sender_ReadRegValue,"ax",%progbits
 563              		.align	2
 564              		.global	Sender_ReadRegValue
 565              		.thumb
 566              		.thumb_func
 567              		.type	Sender_ReadRegValue, %function
 568              	Sender_ReadRegValue:
 569              	.LFB11:
ARM GAS  C:\Users\Bryan.Lee\AppData\Local\Temp\cckuKrMJ.s 			page 17


 340:.\Generated_Source\PSoC5/Sender.c **** 
 341:.\Generated_Source\PSoC5/Sender.c **** 
 342:.\Generated_Source\PSoC5/Sender.c **** #endif/*(Sender_USE_INPUT_FIFO == 1u)*/
 343:.\Generated_Source\PSoC5/Sender.c **** 
 344:.\Generated_Source\PSoC5/Sender.c **** #if (Sender_USE_OUTPUT_FIFO == 1u)/*if output FIFO is used*/
 345:.\Generated_Source\PSoC5/Sender.c **** 
 346:.\Generated_Source\PSoC5/Sender.c ****     /*******************************************************************************
 347:.\Generated_Source\PSoC5/Sender.c ****     * Function Name: Sender_ReadData
 348:.\Generated_Source\PSoC5/Sender.c ****     ********************************************************************************
 349:.\Generated_Source\PSoC5/Sender.c ****     *
 350:.\Generated_Source\PSoC5/Sender.c ****     * Summary:
 351:.\Generated_Source\PSoC5/Sender.c ****     *  Returns state in FIFO due to Store input.
 352:.\Generated_Source\PSoC5/Sender.c ****     *
 353:.\Generated_Source\PSoC5/Sender.c ****     * Parameters:
 354:.\Generated_Source\PSoC5/Sender.c ****     *  None.
 355:.\Generated_Source\PSoC5/Sender.c ****     *
 356:.\Generated_Source\PSoC5/Sender.c ****     * Return:
 357:.\Generated_Source\PSoC5/Sender.c ****     *  Shift Register state
 358:.\Generated_Source\PSoC5/Sender.c ****     *
 359:.\Generated_Source\PSoC5/Sender.c ****     * Reentrant:
 360:.\Generated_Source\PSoC5/Sender.c ****     *  No.
 361:.\Generated_Source\PSoC5/Sender.c ****     *
 362:.\Generated_Source\PSoC5/Sender.c ****     *******************************************************************************/
 363:.\Generated_Source\PSoC5/Sender.c ****     uint8 Sender_ReadData(void) \
 364:.\Generated_Source\PSoC5/Sender.c ****             
 365:.\Generated_Source\PSoC5/Sender.c ****     {
 366:.\Generated_Source\PSoC5/Sender.c ****         return(CY_GET_REG8(Sender_OUT_FIFO_VAL_LSB_PTR));
 367:.\Generated_Source\PSoC5/Sender.c ****     }
 368:.\Generated_Source\PSoC5/Sender.c **** 
 369:.\Generated_Source\PSoC5/Sender.c **** #endif/*(Sender_USE_OUTPUT_FIFO == 1u)*/
 370:.\Generated_Source\PSoC5/Sender.c **** 
 371:.\Generated_Source\PSoC5/Sender.c **** 
 372:.\Generated_Source\PSoC5/Sender.c **** /*******************************************************************************
 373:.\Generated_Source\PSoC5/Sender.c **** * Function Name: Sender_ReadRegValue
 374:.\Generated_Source\PSoC5/Sender.c **** ********************************************************************************
 375:.\Generated_Source\PSoC5/Sender.c **** *
 376:.\Generated_Source\PSoC5/Sender.c **** * Summary:
 377:.\Generated_Source\PSoC5/Sender.c **** *  Directly returns current state in shift register, not data in FIFO due
 378:.\Generated_Source\PSoC5/Sender.c **** *  to Store input.
 379:.\Generated_Source\PSoC5/Sender.c **** *
 380:.\Generated_Source\PSoC5/Sender.c **** * Parameters:
 381:.\Generated_Source\PSoC5/Sender.c **** *  None.
 382:.\Generated_Source\PSoC5/Sender.c **** *
 383:.\Generated_Source\PSoC5/Sender.c **** * Return:
 384:.\Generated_Source\PSoC5/Sender.c **** *  Shift Register state
 385:.\Generated_Source\PSoC5/Sender.c **** *
 386:.\Generated_Source\PSoC5/Sender.c **** *  Clears output FIFO.
 387:.\Generated_Source\PSoC5/Sender.c **** *
 388:.\Generated_Source\PSoC5/Sender.c **** * Reentrant:
 389:.\Generated_Source\PSoC5/Sender.c **** *  No.
 390:.\Generated_Source\PSoC5/Sender.c **** *
 391:.\Generated_Source\PSoC5/Sender.c **** *******************************************************************************/
 392:.\Generated_Source\PSoC5/Sender.c **** uint8 Sender_ReadRegValue(void) 
 393:.\Generated_Source\PSoC5/Sender.c **** {
 570              		.loc 1 393 0
 571              		.cfi_startproc
 572              		@ args = 0, pretend = 0, frame = 8
ARM GAS  C:\Users\Bryan.Lee\AppData\Local\Temp\cckuKrMJ.s 			page 18


 573              		@ frame_needed = 1, uses_anonymous_args = 0
 574 0000 80B5     		push	{r7, lr}
 575              	.LCFI28:
 576              		.cfi_def_cfa_offset 8
 577 0002 82B0     		sub	sp, sp, #8
 578              	.LCFI29:
 579              		.cfi_def_cfa_offset 16
 580 0004 00AF     		add	r7, sp, #0
 581              		.cfi_offset 14, -4
 582              		.cfi_offset 7, -8
 583              	.LCFI30:
 584              		.cfi_def_cfa_register 7
 394:.\Generated_Source\PSoC5/Sender.c ****     uint8 result;
 395:.\Generated_Source\PSoC5/Sender.c **** 
 396:.\Generated_Source\PSoC5/Sender.c ****     /* Clear FIFO before software capture */
 397:.\Generated_Source\PSoC5/Sender.c **** 
 398:.\Generated_Source\PSoC5/Sender.c ****     while(Sender_GetFIFOStatus(Sender_OUT_FIFO) != Sender_RET_FIFO_EMPTY)
 585              		.loc 1 398 0
 586 0006 05E0     		b	.L38
 587              	.L39:
 399:.\Generated_Source\PSoC5/Sender.c ****     {
 400:.\Generated_Source\PSoC5/Sender.c ****         result = CY_GET_REG8(Sender_OUT_FIFO_VAL_LSB_PTR);
 588              		.loc 1 400 0
 589 0008 46F25A43 		movw	r3, #:lower16:1073767514
 590 000c C4F20003 		movt	r3, #:upper16:1073767514
 591 0010 1B78     		ldrb	r3, [r3, #0]
 592 0012 FB71     		strb	r3, [r7, #7]
 593              	.L38:
 594              		.loc 1 398 0
 595 0014 4FF00200 		mov	r0, #2
 596 0018 FFF7FEFF 		bl	Sender_GetFIFOStatus
 597 001c 0346     		mov	r3, r0
 598 001e 022B     		cmp	r3, #2
 599 0020 F2D1     		bne	.L39
 401:.\Generated_Source\PSoC5/Sender.c ****     }
 402:.\Generated_Source\PSoC5/Sender.c ****     
 403:.\Generated_Source\PSoC5/Sender.c ****     /* Capture A1 to output FIFO */
 404:.\Generated_Source\PSoC5/Sender.c ****     result = CY_GET_REG8(Sender_SHIFT_REG_VALUE_LSB_PTR);
 600              		.loc 1 404 0
 601 0022 46F21A43 		movw	r3, #:lower16:1073767450
 602 0026 C4F20003 		movt	r3, #:upper16:1073767450
 603 002a 1B78     		ldrb	r3, [r3, #0]
 604 002c FB71     		strb	r3, [r7, #7]
 405:.\Generated_Source\PSoC5/Sender.c ****     
 406:.\Generated_Source\PSoC5/Sender.c ****     /* Read output FIFO */
 407:.\Generated_Source\PSoC5/Sender.c ****     result = CY_GET_REG8(Sender_OUT_FIFO_VAL_LSB_PTR);
 605              		.loc 1 407 0
 606 002e 46F25A43 		movw	r3, #:lower16:1073767514
 607 0032 C4F20003 		movt	r3, #:upper16:1073767514
 608 0036 1B78     		ldrb	r3, [r3, #0]
 609 0038 FB71     		strb	r3, [r7, #7]
 408:.\Generated_Source\PSoC5/Sender.c ****     result = result & Sender_SR_MASK;
 409:.\Generated_Source\PSoC5/Sender.c **** 
 410:.\Generated_Source\PSoC5/Sender.c ****     return(result);
 610              		.loc 1 410 0
 611 003a FB79     		ldrb	r3, [r7, #7]	@ zero_extendqisi2
 411:.\Generated_Source\PSoC5/Sender.c **** }
ARM GAS  C:\Users\Bryan.Lee\AppData\Local\Temp\cckuKrMJ.s 			page 19


 612              		.loc 1 411 0
 613 003c 1846     		mov	r0, r3
 614 003e 07F10807 		add	r7, r7, #8
 615 0042 BD46     		mov	sp, r7
 616 0044 80BD     		pop	{r7, pc}
 617              		.cfi_endproc
 618              	.LFE11:
 619              		.size	Sender_ReadRegValue, .-Sender_ReadRegValue
 620 0046 00BF     		.text
 621              	.Letext0:
 622              		.section	.debug_loc,"",%progbits
 623              	.Ldebug_loc0:
 624              	.LLST0:
 625 0000 00000000 		.4byte	.LFB0
 626 0004 02000000 		.4byte	.LCFI0
 627 0008 0100     		.2byte	0x1
 628 000a 5D       		.byte	0x5d
 629 000b 02000000 		.4byte	.LCFI0
 630 000f 04000000 		.4byte	.LCFI1
 631 0013 0200     		.2byte	0x2
 632 0015 7D       		.byte	0x7d
 633 0016 08       		.sleb128 8
 634 0017 04000000 		.4byte	.LCFI1
 635 001b 2A000000 		.4byte	.LFE0
 636 001f 0200     		.2byte	0x2
 637 0021 77       		.byte	0x77
 638 0022 08       		.sleb128 8
 639 0023 00000000 		.4byte	0x0
 640 0027 00000000 		.4byte	0x0
 641              	.LLST1:
 642 002b 00000000 		.4byte	.LFB1
 643 002f 02000000 		.4byte	.LCFI2
 644 0033 0100     		.2byte	0x1
 645 0035 5D       		.byte	0x5d
 646 0036 02000000 		.4byte	.LCFI2
 647 003a 04000000 		.4byte	.LCFI3
 648 003e 0200     		.2byte	0x2
 649 0040 7D       		.byte	0x7d
 650 0041 08       		.sleb128 8
 651 0042 04000000 		.4byte	.LCFI3
 652 0046 26000000 		.4byte	.LFE1
 653 004a 0200     		.2byte	0x2
 654 004c 77       		.byte	0x77
 655 004d 08       		.sleb128 8
 656 004e 00000000 		.4byte	0x0
 657 0052 00000000 		.4byte	0x0
 658              	.LLST2:
 659 0056 00000000 		.4byte	.LFB2
 660 005a 02000000 		.4byte	.LCFI4
 661 005e 0100     		.2byte	0x1
 662 0060 5D       		.byte	0x5d
 663 0061 02000000 		.4byte	.LCFI4
 664 0065 04000000 		.4byte	.LCFI5
 665 0069 0200     		.2byte	0x2
 666 006b 7D       		.byte	0x7d
 667 006c 08       		.sleb128 8
 668 006d 04000000 		.4byte	.LCFI5
ARM GAS  C:\Users\Bryan.Lee\AppData\Local\Temp\cckuKrMJ.s 			page 20


 669 0071 0E000000 		.4byte	.LFE2
 670 0075 0200     		.2byte	0x2
 671 0077 77       		.byte	0x77
 672 0078 08       		.sleb128 8
 673 0079 00000000 		.4byte	0x0
 674 007d 00000000 		.4byte	0x0
 675              	.LLST3:
 676 0081 00000000 		.4byte	.LFB3
 677 0085 02000000 		.4byte	.LCFI6
 678 0089 0100     		.2byte	0x1
 679 008b 5D       		.byte	0x5d
 680 008c 02000000 		.4byte	.LCFI6
 681 0090 04000000 		.4byte	.LCFI7
 682 0094 0200     		.2byte	0x2
 683 0096 7D       		.byte	0x7d
 684 0097 08       		.sleb128 8
 685 0098 04000000 		.4byte	.LCFI7
 686 009c 24000000 		.4byte	.LFE3
 687 00a0 0200     		.2byte	0x2
 688 00a2 77       		.byte	0x77
 689 00a3 08       		.sleb128 8
 690 00a4 00000000 		.4byte	0x0
 691 00a8 00000000 		.4byte	0x0
 692              	.LLST4:
 693 00ac 00000000 		.4byte	.LFB4
 694 00b0 02000000 		.4byte	.LCFI8
 695 00b4 0100     		.2byte	0x1
 696 00b6 5D       		.byte	0x5d
 697 00b7 02000000 		.4byte	.LCFI8
 698 00bb 04000000 		.4byte	.LCFI9
 699 00bf 0200     		.2byte	0x2
 700 00c1 7D       		.byte	0x7d
 701 00c2 08       		.sleb128 8
 702 00c3 04000000 		.4byte	.LCFI9
 703 00c7 06000000 		.4byte	.LCFI10
 704 00cb 0200     		.2byte	0x2
 705 00cd 7D       		.byte	0x7d
 706 00ce 10       		.sleb128 16
 707 00cf 06000000 		.4byte	.LCFI10
 708 00d3 3A000000 		.4byte	.LFE4
 709 00d7 0200     		.2byte	0x2
 710 00d9 77       		.byte	0x77
 711 00da 10       		.sleb128 16
 712 00db 00000000 		.4byte	0x0
 713 00df 00000000 		.4byte	0x0
 714              	.LLST5:
 715 00e3 00000000 		.4byte	.LFB5
 716 00e7 02000000 		.4byte	.LCFI11
 717 00eb 0100     		.2byte	0x1
 718 00ed 5D       		.byte	0x5d
 719 00ee 02000000 		.4byte	.LCFI11
 720 00f2 04000000 		.4byte	.LCFI12
 721 00f6 0200     		.2byte	0x2
 722 00f8 7D       		.byte	0x7d
 723 00f9 08       		.sleb128 8
 724 00fa 04000000 		.4byte	.LCFI12
 725 00fe 06000000 		.4byte	.LCFI13
ARM GAS  C:\Users\Bryan.Lee\AppData\Local\Temp\cckuKrMJ.s 			page 21


 726 0102 0200     		.2byte	0x2
 727 0104 7D       		.byte	0x7d
 728 0105 10       		.sleb128 16
 729 0106 06000000 		.4byte	.LCFI13
 730 010a 38000000 		.4byte	.LFE5
 731 010e 0200     		.2byte	0x2
 732 0110 77       		.byte	0x77
 733 0111 10       		.sleb128 16
 734 0112 00000000 		.4byte	0x0
 735 0116 00000000 		.4byte	0x0
 736              	.LLST6:
 737 011a 00000000 		.4byte	.LFB6
 738 011e 02000000 		.4byte	.LCFI14
 739 0122 0100     		.2byte	0x1
 740 0124 5D       		.byte	0x5d
 741 0125 02000000 		.4byte	.LCFI14
 742 0129 04000000 		.4byte	.LCFI15
 743 012d 0200     		.2byte	0x2
 744 012f 7D       		.byte	0x7d
 745 0130 04       		.sleb128 4
 746 0131 04000000 		.4byte	.LCFI15
 747 0135 06000000 		.4byte	.LCFI16
 748 0139 0200     		.2byte	0x2
 749 013b 7D       		.byte	0x7d
 750 013c 18       		.sleb128 24
 751 013d 06000000 		.4byte	.LCFI16
 752 0141 AA000000 		.4byte	.LFE6
 753 0145 0200     		.2byte	0x2
 754 0147 77       		.byte	0x77
 755 0148 18       		.sleb128 24
 756 0149 00000000 		.4byte	0x0
 757 014d 00000000 		.4byte	0x0
 758              	.LLST7:
 759 0151 00000000 		.4byte	.LFB7
 760 0155 02000000 		.4byte	.LCFI17
 761 0159 0100     		.2byte	0x1
 762 015b 5D       		.byte	0x5d
 763 015c 02000000 		.4byte	.LCFI17
 764 0160 04000000 		.4byte	.LCFI18
 765 0164 0200     		.2byte	0x2
 766 0166 7D       		.byte	0x7d
 767 0167 04       		.sleb128 4
 768 0168 04000000 		.4byte	.LCFI18
 769 016c 06000000 		.4byte	.LCFI19
 770 0170 0200     		.2byte	0x2
 771 0172 7D       		.byte	0x7d
 772 0173 10       		.sleb128 16
 773 0174 06000000 		.4byte	.LCFI19
 774 0178 3C000000 		.4byte	.LFE7
 775 017c 0200     		.2byte	0x2
 776 017e 77       		.byte	0x77
 777 017f 10       		.sleb128 16
 778 0180 00000000 		.4byte	0x0
 779 0184 00000000 		.4byte	0x0
 780              	.LLST8:
 781 0188 00000000 		.4byte	.LFB8
 782 018c 02000000 		.4byte	.LCFI20
ARM GAS  C:\Users\Bryan.Lee\AppData\Local\Temp\cckuKrMJ.s 			page 22


 783 0190 0100     		.2byte	0x1
 784 0192 5D       		.byte	0x5d
 785 0193 02000000 		.4byte	.LCFI20
 786 0197 04000000 		.4byte	.LCFI21
 787 019b 0200     		.2byte	0x2
 788 019d 7D       		.byte	0x7d
 789 019e 04       		.sleb128 4
 790 019f 04000000 		.4byte	.LCFI21
 791 01a3 1C000000 		.4byte	.LFE8
 792 01a7 0200     		.2byte	0x2
 793 01a9 77       		.byte	0x77
 794 01aa 04       		.sleb128 4
 795 01ab 00000000 		.4byte	0x0
 796 01af 00000000 		.4byte	0x0
 797              	.LLST9:
 798 01b3 00000000 		.4byte	.LFB9
 799 01b7 02000000 		.4byte	.LCFI22
 800 01bb 0100     		.2byte	0x1
 801 01bd 5D       		.byte	0x5d
 802 01be 02000000 		.4byte	.LCFI22
 803 01c2 04000000 		.4byte	.LCFI23
 804 01c6 0200     		.2byte	0x2
 805 01c8 7D       		.byte	0x7d
 806 01c9 04       		.sleb128 4
 807 01ca 04000000 		.4byte	.LCFI23
 808 01ce 06000000 		.4byte	.LCFI24
 809 01d2 0200     		.2byte	0x2
 810 01d4 7D       		.byte	0x7d
 811 01d5 10       		.sleb128 16
 812 01d6 06000000 		.4byte	.LCFI24
 813 01da 20000000 		.4byte	.LFE9
 814 01de 0200     		.2byte	0x2
 815 01e0 77       		.byte	0x77
 816 01e1 10       		.sleb128 16
 817 01e2 00000000 		.4byte	0x0
 818 01e6 00000000 		.4byte	0x0
 819              	.LLST10:
 820 01ea 00000000 		.4byte	.LFB10
 821 01ee 02000000 		.4byte	.LCFI25
 822 01f2 0100     		.2byte	0x1
 823 01f4 5D       		.byte	0x5d
 824 01f5 02000000 		.4byte	.LCFI25
 825 01f9 04000000 		.4byte	.LCFI26
 826 01fd 0200     		.2byte	0x2
 827 01ff 7D       		.byte	0x7d
 828 0200 08       		.sleb128 8
 829 0201 04000000 		.4byte	.LCFI26
 830 0205 06000000 		.4byte	.LCFI27
 831 0209 0200     		.2byte	0x2
 832 020b 7D       		.byte	0x7d
 833 020c 18       		.sleb128 24
 834 020d 06000000 		.4byte	.LCFI27
 835 0211 3C000000 		.4byte	.LFE10
 836 0215 0200     		.2byte	0x2
 837 0217 77       		.byte	0x77
 838 0218 18       		.sleb128 24
 839 0219 00000000 		.4byte	0x0
ARM GAS  C:\Users\Bryan.Lee\AppData\Local\Temp\cckuKrMJ.s 			page 23


 840 021d 00000000 		.4byte	0x0
 841              	.LLST11:
 842 0221 00000000 		.4byte	.LFB11
 843 0225 02000000 		.4byte	.LCFI28
 844 0229 0100     		.2byte	0x1
 845 022b 5D       		.byte	0x5d
 846 022c 02000000 		.4byte	.LCFI28
 847 0230 04000000 		.4byte	.LCFI29
 848 0234 0200     		.2byte	0x2
 849 0236 7D       		.byte	0x7d
 850 0237 08       		.sleb128 8
 851 0238 04000000 		.4byte	.LCFI29
 852 023c 06000000 		.4byte	.LCFI30
 853 0240 0200     		.2byte	0x2
 854 0242 7D       		.byte	0x7d
 855 0243 10       		.sleb128 16
 856 0244 06000000 		.4byte	.LCFI30
 857 0248 46000000 		.4byte	.LFE11
 858 024c 0200     		.2byte	0x2
 859 024e 77       		.byte	0x77
 860 024f 10       		.sleb128 16
 861 0250 00000000 		.4byte	0x0
 862 0254 00000000 		.4byte	0x0
 863              		.file 2 ".\\Generated_Source\\PSoC5\\/cytypes.h"
 864              		.section	.debug_info
 865 0000 48020000 		.4byte	0x248
 866 0004 0200     		.2byte	0x2
 867 0006 00000000 		.4byte	.Ldebug_abbrev0
 868 000a 04       		.byte	0x4
 869 000b 01       		.uleb128 0x1
 870 000c BD010000 		.4byte	.LASF26
 871 0010 01       		.byte	0x1
 872 0011 0E000000 		.4byte	.LASF27
 873 0015 07010000 		.4byte	.LASF28
 874 0019 00000000 		.4byte	0x0
 875 001d 00000000 		.4byte	0x0
 876 0021 00000000 		.4byte	.Ldebug_ranges0+0x0
 877 0025 00000000 		.4byte	.Ldebug_line0
 878 0029 02       		.uleb128 0x2
 879 002a 01       		.byte	0x1
 880 002b 06       		.byte	0x6
 881 002c 21020000 		.4byte	.LASF0
 882 0030 02       		.uleb128 0x2
 883 0031 01       		.byte	0x1
 884 0032 08       		.byte	0x8
 885 0033 97000000 		.4byte	.LASF1
 886 0037 02       		.uleb128 0x2
 887 0038 02       		.byte	0x2
 888 0039 05       		.byte	0x5
 889 003a F8010000 		.4byte	.LASF2
 890 003e 02       		.uleb128 0x2
 891 003f 02       		.byte	0x2
 892 0040 07       		.byte	0x7
 893 0041 30000000 		.4byte	.LASF3
 894 0045 02       		.uleb128 0x2
 895 0046 04       		.byte	0x4
 896 0047 05       		.byte	0x5
ARM GAS  C:\Users\Bryan.Lee\AppData\Local\Temp\cckuKrMJ.s 			page 24


 897 0048 13020000 		.4byte	.LASF4
 898 004c 02       		.uleb128 0x2
 899 004d 04       		.byte	0x4
 900 004e 07       		.byte	0x7
 901 004f B4000000 		.4byte	.LASF5
 902 0053 02       		.uleb128 0x2
 903 0054 08       		.byte	0x8
 904 0055 05       		.byte	0x5
 905 0056 00000000 		.4byte	.LASF6
 906 005a 02       		.uleb128 0x2
 907 005b 08       		.byte	0x8
 908 005c 07       		.byte	0x7
 909 005d 9F010000 		.4byte	.LASF7
 910 0061 03       		.uleb128 0x3
 911 0062 04       		.byte	0x4
 912 0063 05       		.byte	0x5
 913 0064 696E7400 		.ascii	"int\000"
 914 0068 02       		.uleb128 0x2
 915 0069 04       		.byte	0x4
 916 006a 07       		.byte	0x7
 917 006b 92010000 		.4byte	.LASF8
 918 006f 02       		.uleb128 0x2
 919 0070 01       		.byte	0x1
 920 0071 08       		.byte	0x8
 921 0072 1C020000 		.4byte	.LASF9
 922 0076 04       		.uleb128 0x4
 923 0077 C6000000 		.4byte	.LASF29
 924 007b 02       		.byte	0x2
 925 007c 60       		.byte	0x60
 926 007d 30000000 		.4byte	0x30
 927 0081 05       		.uleb128 0x5
 928 0082 04       		.byte	0x4
 929 0083 07       		.byte	0x7
 930 0084 06       		.uleb128 0x6
 931 0085 01       		.byte	0x1
 932 0086 43000000 		.4byte	.LASF10
 933 008a 01       		.byte	0x1
 934 008b 2E       		.byte	0x2e
 935 008c 01       		.byte	0x1
 936 008d 00000000 		.4byte	.LFB0
 937 0091 2A000000 		.4byte	.LFE0
 938 0095 00000000 		.4byte	.LLST0
 939 0099 06       		.uleb128 0x6
 940 009a 01       		.byte	0x1
 941 009b EA010000 		.4byte	.LASF11
 942 009f 01       		.byte	0x1
 943 00a0 49       		.byte	0x49
 944 00a1 01       		.byte	0x1
 945 00a2 00000000 		.4byte	.LFB1
 946 00a6 26000000 		.4byte	.LFE1
 947 00aa 2B000000 		.4byte	.LLST1
 948 00ae 06       		.uleb128 0x6
 949 00af 01       		.byte	0x1
 950 00b0 CC000000 		.4byte	.LASF12
 951 00b4 01       		.byte	0x1
 952 00b5 61       		.byte	0x61
 953 00b6 01       		.byte	0x1
ARM GAS  C:\Users\Bryan.Lee\AppData\Local\Temp\cckuKrMJ.s 			page 25


 954 00b7 00000000 		.4byte	.LFB2
 955 00bb 0E000000 		.4byte	.LFE2
 956 00bf 56000000 		.4byte	.LLST2
 957 00c3 06       		.uleb128 0x6
 958 00c4 01       		.byte	0x1
 959 00c5 C9010000 		.4byte	.LASF13
 960 00c9 01       		.byte	0x1
 961 00ca 75       		.byte	0x75
 962 00cb 01       		.byte	0x1
 963 00cc 00000000 		.4byte	.LFB3
 964 00d0 24000000 		.4byte	.LFE3
 965 00d4 81000000 		.4byte	.LLST3
 966 00d8 07       		.uleb128 0x7
 967 00d9 01       		.byte	0x1
 968 00da 71000000 		.4byte	.LASF14
 969 00de 01       		.byte	0x1
 970 00df 8B       		.byte	0x8b
 971 00e0 01       		.byte	0x1
 972 00e1 00000000 		.4byte	.LFB4
 973 00e5 3A000000 		.4byte	.LFE4
 974 00e9 AC000000 		.4byte	.LLST4
 975 00ed 00010000 		.4byte	0x100
 976 00f1 08       		.uleb128 0x8
 977 00f2 A5000000 		.4byte	.LASF16
 978 00f6 01       		.byte	0x1
 979 00f7 8D       		.byte	0x8d
 980 00f8 76000000 		.4byte	0x76
 981 00fc 02       		.byte	0x2
 982 00fd 91       		.byte	0x91
 983 00fe 77       		.sleb128 -9
 984 00ff 00       		.byte	0x0
 985 0100 07       		.uleb128 0x7
 986 0101 01       		.byte	0x1
 987 0102 80010000 		.4byte	.LASF15
 988 0106 01       		.byte	0x1
 989 0107 A1       		.byte	0xa1
 990 0108 01       		.byte	0x1
 991 0109 00000000 		.4byte	.LFB5
 992 010d 38000000 		.4byte	.LFE5
 993 0111 E3000000 		.4byte	.LLST5
 994 0115 28010000 		.4byte	0x128
 995 0119 08       		.uleb128 0x8
 996 011a A5000000 		.4byte	.LASF16
 997 011e 01       		.byte	0x1
 998 011f A3       		.byte	0xa3
 999 0120 76000000 		.4byte	0x76
 1000 0124 02       		.byte	0x2
 1001 0125 91       		.byte	0x91
 1002 0126 77       		.sleb128 -9
 1003 0127 00       		.byte	0x0
 1004 0128 09       		.uleb128 0x9
 1005 0129 01       		.byte	0x1
 1006 012a D5010000 		.4byte	.LASF23
 1007 012e 01       		.byte	0x1
 1008 012f B7       		.byte	0xb7
 1009 0130 01       		.byte	0x1
 1010 0131 76000000 		.4byte	0x76
ARM GAS  C:\Users\Bryan.Lee\AppData\Local\Temp\cckuKrMJ.s 			page 26


 1011 0135 00000000 		.4byte	.LFB6
 1012 0139 AA000000 		.4byte	.LFE6
 1013 013d 1A010000 		.4byte	.LLST6
 1014 0141 62010000 		.4byte	0x162
 1015 0145 0A       		.uleb128 0xa
 1016 0146 D8000000 		.4byte	.LASF19
 1017 014a 01       		.byte	0x1
 1018 014b B7       		.byte	0xb7
 1019 014c 76000000 		.4byte	0x76
 1020 0150 02       		.byte	0x2
 1021 0151 91       		.byte	0x91
 1022 0152 6F       		.sleb128 -17
 1023 0153 08       		.uleb128 0x8
 1024 0154 B6010000 		.4byte	.LASF17
 1025 0158 01       		.byte	0x1
 1026 0159 B9       		.byte	0xb9
 1027 015a 76000000 		.4byte	0x76
 1028 015e 02       		.byte	0x2
 1029 015f 91       		.byte	0x91
 1030 0160 77       		.sleb128 -9
 1031 0161 00       		.byte	0x0
 1032 0162 07       		.uleb128 0x7
 1033 0163 01       		.byte	0x1
 1034 0164 5F000000 		.4byte	.LASF18
 1035 0168 01       		.byte	0x1
 1036 0169 FF       		.byte	0xff
 1037 016a 01       		.byte	0x1
 1038 016b 00000000 		.4byte	.LFB7
 1039 016f 3C000000 		.4byte	.LFE7
 1040 0173 51010000 		.4byte	.LLST7
 1041 0177 8A010000 		.4byte	0x18a
 1042 017b 0A       		.uleb128 0xa
 1043 017c 66010000 		.4byte	.LASF20
 1044 0180 01       		.byte	0x1
 1045 0181 FF       		.byte	0xff
 1046 0182 76000000 		.4byte	0x76
 1047 0186 02       		.byte	0x2
 1048 0187 91       		.byte	0x91
 1049 0188 77       		.sleb128 -9
 1050 0189 00       		.byte	0x0
 1051 018a 0B       		.uleb128 0xb
 1052 018b 01       		.byte	0x1
 1053 018c DF000000 		.4byte	.LASF30
 1054 0190 01       		.byte	0x1
 1055 0191 1401     		.2byte	0x114
 1056 0193 01       		.byte	0x1
 1057 0194 76000000 		.4byte	0x76
 1058 0198 00000000 		.4byte	.LFB8
 1059 019c 1C000000 		.4byte	.LFE8
 1060 01a0 88010000 		.4byte	.LLST8
 1061 01a4 0C       		.uleb128 0xc
 1062 01a5 01       		.byte	0x1
 1063 01a6 82000000 		.4byte	.LASF21
 1064 01aa 01       		.byte	0x1
 1065 01ab 2801     		.2byte	0x128
 1066 01ad 01       		.byte	0x1
 1067 01ae 00000000 		.4byte	.LFB9
ARM GAS  C:\Users\Bryan.Lee\AppData\Local\Temp\cckuKrMJ.s 			page 27


 1068 01b2 20000000 		.4byte	.LFE9
 1069 01b6 B3010000 		.4byte	.LLST9
 1070 01ba CE010000 		.4byte	0x1ce
 1071 01be 0D       		.uleb128 0xd
 1072 01bf 76010000 		.4byte	.LASF22
 1073 01c3 01       		.byte	0x1
 1074 01c4 2801     		.2byte	0x128
 1075 01c6 76000000 		.4byte	0x76
 1076 01ca 02       		.byte	0x2
 1077 01cb 91       		.byte	0x91
 1078 01cc 77       		.sleb128 -9
 1079 01cd 00       		.byte	0x0
 1080 01ce 0E       		.uleb128 0xe
 1081 01cf 01       		.byte	0x1
 1082 01d0 02020000 		.4byte	.LASF24
 1083 01d4 01       		.byte	0x1
 1084 01d5 4501     		.2byte	0x145
 1085 01d7 01       		.byte	0x1
 1086 01d8 76000000 		.4byte	0x76
 1087 01dc 00000000 		.4byte	.LFB10
 1088 01e0 3C000000 		.4byte	.LFE10
 1089 01e4 EA010000 		.4byte	.LLST10
 1090 01e8 0B020000 		.4byte	0x20b
 1091 01ec 0D       		.uleb128 0xd
 1092 01ed 76010000 		.4byte	.LASF22
 1093 01f1 01       		.byte	0x1
 1094 01f2 4501     		.2byte	0x145
 1095 01f4 76000000 		.4byte	0x76
 1096 01f8 02       		.byte	0x2
 1097 01f9 91       		.byte	0x91
 1098 01fa 6F       		.sleb128 -17
 1099 01fb 0F       		.uleb128 0xf
 1100 01fc B6010000 		.4byte	.LASF17
 1101 0200 01       		.byte	0x1
 1102 0201 4801     		.2byte	0x148
 1103 0203 76000000 		.4byte	0x76
 1104 0207 02       		.byte	0x2
 1105 0208 91       		.byte	0x91
 1106 0209 77       		.sleb128 -9
 1107 020a 00       		.byte	0x0
 1108 020b 0E       		.uleb128 0xe
 1109 020c 01       		.byte	0x1
 1110 020d F3000000 		.4byte	.LASF25
 1111 0211 01       		.byte	0x1
 1112 0212 8801     		.2byte	0x188
 1113 0214 01       		.byte	0x1
 1114 0215 76000000 		.4byte	0x76
 1115 0219 00000000 		.4byte	.LFB11
 1116 021d 46000000 		.4byte	.LFE11
 1117 0221 21020000 		.4byte	.LLST11
 1118 0225 39020000 		.4byte	0x239
 1119 0229 0F       		.uleb128 0xf
 1120 022a B6010000 		.4byte	.LASF17
 1121 022e 01       		.byte	0x1
 1122 022f 8A01     		.2byte	0x18a
 1123 0231 76000000 		.4byte	0x76
 1124 0235 02       		.byte	0x2
ARM GAS  C:\Users\Bryan.Lee\AppData\Local\Temp\cckuKrMJ.s 			page 28


 1125 0236 91       		.byte	0x91
 1126 0237 77       		.sleb128 -9
 1127 0238 00       		.byte	0x0
 1128 0239 10       		.uleb128 0x10
 1129 023a 50000000 		.4byte	.LASF31
 1130 023e 01       		.byte	0x1
 1131 023f 16       		.byte	0x16
 1132 0240 76000000 		.4byte	0x76
 1133 0244 01       		.byte	0x1
 1134 0245 05       		.byte	0x5
 1135 0246 03       		.byte	0x3
 1136 0247 00000000 		.4byte	Sender_initVar
 1137 024b 00       		.byte	0x0
 1138              		.section	.debug_abbrev
 1139 0000 01       		.uleb128 0x1
 1140 0001 11       		.uleb128 0x11
 1141 0002 01       		.byte	0x1
 1142 0003 25       		.uleb128 0x25
 1143 0004 0E       		.uleb128 0xe
 1144 0005 13       		.uleb128 0x13
 1145 0006 0B       		.uleb128 0xb
 1146 0007 03       		.uleb128 0x3
 1147 0008 0E       		.uleb128 0xe
 1148 0009 1B       		.uleb128 0x1b
 1149 000a 0E       		.uleb128 0xe
 1150 000b 11       		.uleb128 0x11
 1151 000c 01       		.uleb128 0x1
 1152 000d 52       		.uleb128 0x52
 1153 000e 01       		.uleb128 0x1
 1154 000f 55       		.uleb128 0x55
 1155 0010 06       		.uleb128 0x6
 1156 0011 10       		.uleb128 0x10
 1157 0012 06       		.uleb128 0x6
 1158 0013 00       		.byte	0x0
 1159 0014 00       		.byte	0x0
 1160 0015 02       		.uleb128 0x2
 1161 0016 24       		.uleb128 0x24
 1162 0017 00       		.byte	0x0
 1163 0018 0B       		.uleb128 0xb
 1164 0019 0B       		.uleb128 0xb
 1165 001a 3E       		.uleb128 0x3e
 1166 001b 0B       		.uleb128 0xb
 1167 001c 03       		.uleb128 0x3
 1168 001d 0E       		.uleb128 0xe
 1169 001e 00       		.byte	0x0
 1170 001f 00       		.byte	0x0
 1171 0020 03       		.uleb128 0x3
 1172 0021 24       		.uleb128 0x24
 1173 0022 00       		.byte	0x0
 1174 0023 0B       		.uleb128 0xb
 1175 0024 0B       		.uleb128 0xb
 1176 0025 3E       		.uleb128 0x3e
 1177 0026 0B       		.uleb128 0xb
 1178 0027 03       		.uleb128 0x3
 1179 0028 08       		.uleb128 0x8
 1180 0029 00       		.byte	0x0
 1181 002a 00       		.byte	0x0
ARM GAS  C:\Users\Bryan.Lee\AppData\Local\Temp\cckuKrMJ.s 			page 29


 1182 002b 04       		.uleb128 0x4
 1183 002c 16       		.uleb128 0x16
 1184 002d 00       		.byte	0x0
 1185 002e 03       		.uleb128 0x3
 1186 002f 0E       		.uleb128 0xe
 1187 0030 3A       		.uleb128 0x3a
 1188 0031 0B       		.uleb128 0xb
 1189 0032 3B       		.uleb128 0x3b
 1190 0033 0B       		.uleb128 0xb
 1191 0034 49       		.uleb128 0x49
 1192 0035 13       		.uleb128 0x13
 1193 0036 00       		.byte	0x0
 1194 0037 00       		.byte	0x0
 1195 0038 05       		.uleb128 0x5
 1196 0039 24       		.uleb128 0x24
 1197 003a 00       		.byte	0x0
 1198 003b 0B       		.uleb128 0xb
 1199 003c 0B       		.uleb128 0xb
 1200 003d 3E       		.uleb128 0x3e
 1201 003e 0B       		.uleb128 0xb
 1202 003f 00       		.byte	0x0
 1203 0040 00       		.byte	0x0
 1204 0041 06       		.uleb128 0x6
 1205 0042 2E       		.uleb128 0x2e
 1206 0043 00       		.byte	0x0
 1207 0044 3F       		.uleb128 0x3f
 1208 0045 0C       		.uleb128 0xc
 1209 0046 03       		.uleb128 0x3
 1210 0047 0E       		.uleb128 0xe
 1211 0048 3A       		.uleb128 0x3a
 1212 0049 0B       		.uleb128 0xb
 1213 004a 3B       		.uleb128 0x3b
 1214 004b 0B       		.uleb128 0xb
 1215 004c 27       		.uleb128 0x27
 1216 004d 0C       		.uleb128 0xc
 1217 004e 11       		.uleb128 0x11
 1218 004f 01       		.uleb128 0x1
 1219 0050 12       		.uleb128 0x12
 1220 0051 01       		.uleb128 0x1
 1221 0052 40       		.uleb128 0x40
 1222 0053 06       		.uleb128 0x6
 1223 0054 00       		.byte	0x0
 1224 0055 00       		.byte	0x0
 1225 0056 07       		.uleb128 0x7
 1226 0057 2E       		.uleb128 0x2e
 1227 0058 01       		.byte	0x1
 1228 0059 3F       		.uleb128 0x3f
 1229 005a 0C       		.uleb128 0xc
 1230 005b 03       		.uleb128 0x3
 1231 005c 0E       		.uleb128 0xe
 1232 005d 3A       		.uleb128 0x3a
 1233 005e 0B       		.uleb128 0xb
 1234 005f 3B       		.uleb128 0x3b
 1235 0060 0B       		.uleb128 0xb
 1236 0061 27       		.uleb128 0x27
 1237 0062 0C       		.uleb128 0xc
 1238 0063 11       		.uleb128 0x11
ARM GAS  C:\Users\Bryan.Lee\AppData\Local\Temp\cckuKrMJ.s 			page 30


 1239 0064 01       		.uleb128 0x1
 1240 0065 12       		.uleb128 0x12
 1241 0066 01       		.uleb128 0x1
 1242 0067 40       		.uleb128 0x40
 1243 0068 06       		.uleb128 0x6
 1244 0069 01       		.uleb128 0x1
 1245 006a 13       		.uleb128 0x13
 1246 006b 00       		.byte	0x0
 1247 006c 00       		.byte	0x0
 1248 006d 08       		.uleb128 0x8
 1249 006e 34       		.uleb128 0x34
 1250 006f 00       		.byte	0x0
 1251 0070 03       		.uleb128 0x3
 1252 0071 0E       		.uleb128 0xe
 1253 0072 3A       		.uleb128 0x3a
 1254 0073 0B       		.uleb128 0xb
 1255 0074 3B       		.uleb128 0x3b
 1256 0075 0B       		.uleb128 0xb
 1257 0076 49       		.uleb128 0x49
 1258 0077 13       		.uleb128 0x13
 1259 0078 02       		.uleb128 0x2
 1260 0079 0A       		.uleb128 0xa
 1261 007a 00       		.byte	0x0
 1262 007b 00       		.byte	0x0
 1263 007c 09       		.uleb128 0x9
 1264 007d 2E       		.uleb128 0x2e
 1265 007e 01       		.byte	0x1
 1266 007f 3F       		.uleb128 0x3f
 1267 0080 0C       		.uleb128 0xc
 1268 0081 03       		.uleb128 0x3
 1269 0082 0E       		.uleb128 0xe
 1270 0083 3A       		.uleb128 0x3a
 1271 0084 0B       		.uleb128 0xb
 1272 0085 3B       		.uleb128 0x3b
 1273 0086 0B       		.uleb128 0xb
 1274 0087 27       		.uleb128 0x27
 1275 0088 0C       		.uleb128 0xc
 1276 0089 49       		.uleb128 0x49
 1277 008a 13       		.uleb128 0x13
 1278 008b 11       		.uleb128 0x11
 1279 008c 01       		.uleb128 0x1
 1280 008d 12       		.uleb128 0x12
 1281 008e 01       		.uleb128 0x1
 1282 008f 40       		.uleb128 0x40
 1283 0090 06       		.uleb128 0x6
 1284 0091 01       		.uleb128 0x1
 1285 0092 13       		.uleb128 0x13
 1286 0093 00       		.byte	0x0
 1287 0094 00       		.byte	0x0
 1288 0095 0A       		.uleb128 0xa
 1289 0096 05       		.uleb128 0x5
 1290 0097 00       		.byte	0x0
 1291 0098 03       		.uleb128 0x3
 1292 0099 0E       		.uleb128 0xe
 1293 009a 3A       		.uleb128 0x3a
 1294 009b 0B       		.uleb128 0xb
 1295 009c 3B       		.uleb128 0x3b
ARM GAS  C:\Users\Bryan.Lee\AppData\Local\Temp\cckuKrMJ.s 			page 31


 1296 009d 0B       		.uleb128 0xb
 1297 009e 49       		.uleb128 0x49
 1298 009f 13       		.uleb128 0x13
 1299 00a0 02       		.uleb128 0x2
 1300 00a1 0A       		.uleb128 0xa
 1301 00a2 00       		.byte	0x0
 1302 00a3 00       		.byte	0x0
 1303 00a4 0B       		.uleb128 0xb
 1304 00a5 2E       		.uleb128 0x2e
 1305 00a6 00       		.byte	0x0
 1306 00a7 3F       		.uleb128 0x3f
 1307 00a8 0C       		.uleb128 0xc
 1308 00a9 03       		.uleb128 0x3
 1309 00aa 0E       		.uleb128 0xe
 1310 00ab 3A       		.uleb128 0x3a
 1311 00ac 0B       		.uleb128 0xb
 1312 00ad 3B       		.uleb128 0x3b
 1313 00ae 05       		.uleb128 0x5
 1314 00af 27       		.uleb128 0x27
 1315 00b0 0C       		.uleb128 0xc
 1316 00b1 49       		.uleb128 0x49
 1317 00b2 13       		.uleb128 0x13
 1318 00b3 11       		.uleb128 0x11
 1319 00b4 01       		.uleb128 0x1
 1320 00b5 12       		.uleb128 0x12
 1321 00b6 01       		.uleb128 0x1
 1322 00b7 40       		.uleb128 0x40
 1323 00b8 06       		.uleb128 0x6
 1324 00b9 00       		.byte	0x0
 1325 00ba 00       		.byte	0x0
 1326 00bb 0C       		.uleb128 0xc
 1327 00bc 2E       		.uleb128 0x2e
 1328 00bd 01       		.byte	0x1
 1329 00be 3F       		.uleb128 0x3f
 1330 00bf 0C       		.uleb128 0xc
 1331 00c0 03       		.uleb128 0x3
 1332 00c1 0E       		.uleb128 0xe
 1333 00c2 3A       		.uleb128 0x3a
 1334 00c3 0B       		.uleb128 0xb
 1335 00c4 3B       		.uleb128 0x3b
 1336 00c5 05       		.uleb128 0x5
 1337 00c6 27       		.uleb128 0x27
 1338 00c7 0C       		.uleb128 0xc
 1339 00c8 11       		.uleb128 0x11
 1340 00c9 01       		.uleb128 0x1
 1341 00ca 12       		.uleb128 0x12
 1342 00cb 01       		.uleb128 0x1
 1343 00cc 40       		.uleb128 0x40
 1344 00cd 06       		.uleb128 0x6
 1345 00ce 01       		.uleb128 0x1
 1346 00cf 13       		.uleb128 0x13
 1347 00d0 00       		.byte	0x0
 1348 00d1 00       		.byte	0x0
 1349 00d2 0D       		.uleb128 0xd
 1350 00d3 05       		.uleb128 0x5
 1351 00d4 00       		.byte	0x0
 1352 00d5 03       		.uleb128 0x3
ARM GAS  C:\Users\Bryan.Lee\AppData\Local\Temp\cckuKrMJ.s 			page 32


 1353 00d6 0E       		.uleb128 0xe
 1354 00d7 3A       		.uleb128 0x3a
 1355 00d8 0B       		.uleb128 0xb
 1356 00d9 3B       		.uleb128 0x3b
 1357 00da 05       		.uleb128 0x5
 1358 00db 49       		.uleb128 0x49
 1359 00dc 13       		.uleb128 0x13
 1360 00dd 02       		.uleb128 0x2
 1361 00de 0A       		.uleb128 0xa
 1362 00df 00       		.byte	0x0
 1363 00e0 00       		.byte	0x0
 1364 00e1 0E       		.uleb128 0xe
 1365 00e2 2E       		.uleb128 0x2e
 1366 00e3 01       		.byte	0x1
 1367 00e4 3F       		.uleb128 0x3f
 1368 00e5 0C       		.uleb128 0xc
 1369 00e6 03       		.uleb128 0x3
 1370 00e7 0E       		.uleb128 0xe
 1371 00e8 3A       		.uleb128 0x3a
 1372 00e9 0B       		.uleb128 0xb
 1373 00ea 3B       		.uleb128 0x3b
 1374 00eb 05       		.uleb128 0x5
 1375 00ec 27       		.uleb128 0x27
 1376 00ed 0C       		.uleb128 0xc
 1377 00ee 49       		.uleb128 0x49
 1378 00ef 13       		.uleb128 0x13
 1379 00f0 11       		.uleb128 0x11
 1380 00f1 01       		.uleb128 0x1
 1381 00f2 12       		.uleb128 0x12
 1382 00f3 01       		.uleb128 0x1
 1383 00f4 40       		.uleb128 0x40
 1384 00f5 06       		.uleb128 0x6
 1385 00f6 01       		.uleb128 0x1
 1386 00f7 13       		.uleb128 0x13
 1387 00f8 00       		.byte	0x0
 1388 00f9 00       		.byte	0x0
 1389 00fa 0F       		.uleb128 0xf
 1390 00fb 34       		.uleb128 0x34
 1391 00fc 00       		.byte	0x0
 1392 00fd 03       		.uleb128 0x3
 1393 00fe 0E       		.uleb128 0xe
 1394 00ff 3A       		.uleb128 0x3a
 1395 0100 0B       		.uleb128 0xb
 1396 0101 3B       		.uleb128 0x3b
 1397 0102 05       		.uleb128 0x5
 1398 0103 49       		.uleb128 0x49
 1399 0104 13       		.uleb128 0x13
 1400 0105 02       		.uleb128 0x2
 1401 0106 0A       		.uleb128 0xa
 1402 0107 00       		.byte	0x0
 1403 0108 00       		.byte	0x0
 1404 0109 10       		.uleb128 0x10
 1405 010a 34       		.uleb128 0x34
 1406 010b 00       		.byte	0x0
 1407 010c 03       		.uleb128 0x3
 1408 010d 0E       		.uleb128 0xe
 1409 010e 3A       		.uleb128 0x3a
ARM GAS  C:\Users\Bryan.Lee\AppData\Local\Temp\cckuKrMJ.s 			page 33


 1410 010f 0B       		.uleb128 0xb
 1411 0110 3B       		.uleb128 0x3b
 1412 0111 0B       		.uleb128 0xb
 1413 0112 49       		.uleb128 0x49
 1414 0113 13       		.uleb128 0x13
 1415 0114 3F       		.uleb128 0x3f
 1416 0115 0C       		.uleb128 0xc
 1417 0116 02       		.uleb128 0x2
 1418 0117 0A       		.uleb128 0xa
 1419 0118 00       		.byte	0x0
 1420 0119 00       		.byte	0x0
 1421 011a 00       		.byte	0x0
 1422              		.section	.debug_pubnames,"",%progbits
 1423 0000 1C010000 		.4byte	0x11c
 1424 0004 0200     		.2byte	0x2
 1425 0006 00000000 		.4byte	.Ldebug_info0
 1426 000a 4C020000 		.4byte	0x24c
 1427 000e 84000000 		.4byte	0x84
 1428 0012 53656E64 		.ascii	"Sender_Start\000"
 1428      65725F53 
 1428      74617274 
 1428      00
 1429 001f 99000000 		.4byte	0x99
 1430 0023 53656E64 		.ascii	"Sender_Enable\000"
 1430      65725F45 
 1430      6E61626C 
 1430      6500
 1431 0031 AE000000 		.4byte	0xae
 1432 0035 53656E64 		.ascii	"Sender_Init\000"
 1432      65725F49 
 1432      6E697400 
 1433 0041 C3000000 		.4byte	0xc3
 1434 0045 53656E64 		.ascii	"Sender_Stop\000"
 1434      65725F53 
 1434      746F7000 
 1435 0051 D8000000 		.4byte	0xd8
 1436 0055 53656E64 		.ascii	"Sender_EnableInt\000"
 1436      65725F45 
 1436      6E61626C 
 1436      65496E74 
 1436      00
 1437 0066 00010000 		.4byte	0x100
 1438 006a 53656E64 		.ascii	"Sender_DisableInt\000"
 1438      65725F44 
 1438      69736162 
 1438      6C65496E 
 1438      7400
 1439 007c 28010000 		.4byte	0x128
 1440 0080 53656E64 		.ascii	"Sender_GetFIFOStatus\000"
 1440      65725F47 
 1440      65744649 
 1440      464F5374 
 1440      61747573 
 1441 0095 62010000 		.4byte	0x162
 1442 0099 53656E64 		.ascii	"Sender_SetIntMode\000"
 1442      65725F53 
 1442      6574496E 
ARM GAS  C:\Users\Bryan.Lee\AppData\Local\Temp\cckuKrMJ.s 			page 34


 1442      744D6F64 
 1442      6500
 1443 00ab 8A010000 		.4byte	0x18a
 1444 00af 53656E64 		.ascii	"Sender_GetIntStatus\000"
 1444      65725F47 
 1444      6574496E 
 1444      74537461 
 1444      74757300 
 1445 00c3 A4010000 		.4byte	0x1a4
 1446 00c7 53656E64 		.ascii	"Sender_WriteRegValue\000"
 1446      65725F57 
 1446      72697465 
 1446      52656756 
 1446      616C7565 
 1447 00dc CE010000 		.4byte	0x1ce
 1448 00e0 53656E64 		.ascii	"Sender_WriteData\000"
 1448      65725F57 
 1448      72697465 
 1448      44617461 
 1448      00
 1449 00f1 0B020000 		.4byte	0x20b
 1450 00f5 53656E64 		.ascii	"Sender_ReadRegValue\000"
 1450      65725F52 
 1450      65616452 
 1450      65675661 
 1450      6C756500 
 1451 0109 39020000 		.4byte	0x239
 1452 010d 53656E64 		.ascii	"Sender_initVar\000"
 1452      65725F69 
 1452      6E697456 
 1452      617200
 1453 011c 00000000 		.4byte	0x0
 1454              		.section	.debug_aranges,"",%progbits
 1455 0000 74000000 		.4byte	0x74
 1456 0004 0200     		.2byte	0x2
 1457 0006 00000000 		.4byte	.Ldebug_info0
 1458 000a 04       		.byte	0x4
 1459 000b 00       		.byte	0x0
 1460 000c 0000     		.2byte	0x0
 1461 000e 0000     		.2byte	0x0
 1462 0010 00000000 		.4byte	.LFB0
 1463 0014 2A000000 		.4byte	.LFE0-.LFB0
 1464 0018 00000000 		.4byte	.LFB1
 1465 001c 26000000 		.4byte	.LFE1-.LFB1
 1466 0020 00000000 		.4byte	.LFB2
 1467 0024 0E000000 		.4byte	.LFE2-.LFB2
 1468 0028 00000000 		.4byte	.LFB3
 1469 002c 24000000 		.4byte	.LFE3-.LFB3
 1470 0030 00000000 		.4byte	.LFB4
 1471 0034 3A000000 		.4byte	.LFE4-.LFB4
 1472 0038 00000000 		.4byte	.LFB5
 1473 003c 38000000 		.4byte	.LFE5-.LFB5
 1474 0040 00000000 		.4byte	.LFB6
 1475 0044 AA000000 		.4byte	.LFE6-.LFB6
 1476 0048 00000000 		.4byte	.LFB7
 1477 004c 3C000000 		.4byte	.LFE7-.LFB7
 1478 0050 00000000 		.4byte	.LFB8
ARM GAS  C:\Users\Bryan.Lee\AppData\Local\Temp\cckuKrMJ.s 			page 35


 1479 0054 1C000000 		.4byte	.LFE8-.LFB8
 1480 0058 00000000 		.4byte	.LFB9
 1481 005c 20000000 		.4byte	.LFE9-.LFB9
 1482 0060 00000000 		.4byte	.LFB10
 1483 0064 3C000000 		.4byte	.LFE10-.LFB10
 1484 0068 00000000 		.4byte	.LFB11
 1485 006c 46000000 		.4byte	.LFE11-.LFB11
 1486 0070 00000000 		.4byte	0x0
 1487 0074 00000000 		.4byte	0x0
 1488              		.section	.debug_ranges,"",%progbits
 1489              	.Ldebug_ranges0:
 1490 0000 00000000 		.4byte	.Ltext0
 1491 0004 00000000 		.4byte	.Letext0
 1492 0008 00000000 		.4byte	.LFB0
 1493 000c 2A000000 		.4byte	.LFE0
 1494 0010 00000000 		.4byte	.LFB1
 1495 0014 26000000 		.4byte	.LFE1
 1496 0018 00000000 		.4byte	.LFB2
 1497 001c 0E000000 		.4byte	.LFE2
 1498 0020 00000000 		.4byte	.LFB3
 1499 0024 24000000 		.4byte	.LFE3
 1500 0028 00000000 		.4byte	.LFB4
 1501 002c 3A000000 		.4byte	.LFE4
 1502 0030 00000000 		.4byte	.LFB5
 1503 0034 38000000 		.4byte	.LFE5
 1504 0038 00000000 		.4byte	.LFB6
 1505 003c AA000000 		.4byte	.LFE6
 1506 0040 00000000 		.4byte	.LFB7
 1507 0044 3C000000 		.4byte	.LFE7
 1508 0048 00000000 		.4byte	.LFB8
 1509 004c 1C000000 		.4byte	.LFE8
 1510 0050 00000000 		.4byte	.LFB9
 1511 0054 20000000 		.4byte	.LFE9
 1512 0058 00000000 		.4byte	.LFB10
 1513 005c 3C000000 		.4byte	.LFE10
 1514 0060 00000000 		.4byte	.LFB11
 1515 0064 46000000 		.4byte	.LFE11
 1516 0068 00000000 		.4byte	0x0
 1517 006c 00000000 		.4byte	0x0
 1518              		.section	.debug_str,"MS",%progbits,1
 1519              	.LASF6:
 1520 0000 6C6F6E67 		.ascii	"long long int\000"
 1520      206C6F6E 
 1520      6720696E 
 1520      7400
 1521              	.LASF27:
 1522 000e 2E5C4765 		.ascii	".\\Generated_Source\\PSoC5\\Sender.c\000"
 1522      6E657261 
 1522      7465645F 
 1522      536F7572 
 1522      63655C50 
 1523              	.LASF3:
 1524 0030 73686F72 		.ascii	"short unsigned int\000"
 1524      7420756E 
 1524      7369676E 
 1524      65642069 
 1524      6E7400
ARM GAS  C:\Users\Bryan.Lee\AppData\Local\Temp\cckuKrMJ.s 			page 36


 1525              	.LASF10:
 1526 0043 53656E64 		.ascii	"Sender_Start\000"
 1526      65725F53 
 1526      74617274 
 1526      00
 1527              	.LASF31:
 1528 0050 53656E64 		.ascii	"Sender_initVar\000"
 1528      65725F69 
 1528      6E697456 
 1528      617200
 1529              	.LASF18:
 1530 005f 53656E64 		.ascii	"Sender_SetIntMode\000"
 1530      65725F53 
 1530      6574496E 
 1530      744D6F64 
 1530      6500
 1531              	.LASF14:
 1532 0071 53656E64 		.ascii	"Sender_EnableInt\000"
 1532      65725F45 
 1532      6E61626C 
 1532      65496E74 
 1532      00
 1533              	.LASF21:
 1534 0082 53656E64 		.ascii	"Sender_WriteRegValue\000"
 1534      65725F57 
 1534      72697465 
 1534      52656756 
 1534      616C7565 
 1535              	.LASF1:
 1536 0097 756E7369 		.ascii	"unsigned char\000"
 1536      676E6564 
 1536      20636861 
 1536      7200
 1537              	.LASF16:
 1538 00a5 696E7465 		.ascii	"interruptState\000"
 1538      72727570 
 1538      74537461 
 1538      746500
 1539              	.LASF5:
 1540 00b4 6C6F6E67 		.ascii	"long unsigned int\000"
 1540      20756E73 
 1540      69676E65 
 1540      6420696E 
 1540      7400
 1541              	.LASF29:
 1542 00c6 75696E74 		.ascii	"uint8\000"
 1542      3800
 1543              	.LASF12:
 1544 00cc 53656E64 		.ascii	"Sender_Init\000"
 1544      65725F49 
 1544      6E697400 
 1545              	.LASF19:
 1546 00d8 6669666F 		.ascii	"fifoId\000"
 1546      496400
 1547              	.LASF30:
 1548 00df 53656E64 		.ascii	"Sender_GetIntStatus\000"
 1548      65725F47 
ARM GAS  C:\Users\Bryan.Lee\AppData\Local\Temp\cckuKrMJ.s 			page 37


 1548      6574496E 
 1548      74537461 
 1548      74757300 
 1549              	.LASF25:
 1550 00f3 53656E64 		.ascii	"Sender_ReadRegValue\000"
 1550      65725F52 
 1550      65616452 
 1550      65675661 
 1550      6C756500 
 1551              	.LASF28:
 1552 0107 433A5C55 		.ascii	"C:\\Users\\Bryan.Lee\\OneDrive\\Cypress\\PSoC Creat"
 1552      73657273 
 1552      5C427279 
 1552      616E2E4C 
 1552      65655C4F 
 1553 0135 6F722032 		.ascii	"or 2.2\\Pulse_psoc5\\Shift Register\\Design01.cydsn"
 1553      2E325C50 
 1553      756C7365 
 1553      5F70736F 
 1553      63355C53 
 1554 0165 00       		.ascii	"\000"
 1555              	.LASF20:
 1556 0166 696E7465 		.ascii	"interruptSource\000"
 1556      72727570 
 1556      74536F75 
 1556      72636500 
 1557              	.LASF22:
 1558 0176 73686966 		.ascii	"shiftData\000"
 1558      74446174 
 1558      6100
 1559              	.LASF15:
 1560 0180 53656E64 		.ascii	"Sender_DisableInt\000"
 1560      65725F44 
 1560      69736162 
 1560      6C65496E 
 1560      7400
 1561              	.LASF8:
 1562 0192 756E7369 		.ascii	"unsigned int\000"
 1562      676E6564 
 1562      20696E74 
 1562      00
 1563              	.LASF7:
 1564 019f 6C6F6E67 		.ascii	"long long unsigned int\000"
 1564      206C6F6E 
 1564      6720756E 
 1564      7369676E 
 1564      65642069 
 1565              	.LASF17:
 1566 01b6 72657375 		.ascii	"result\000"
 1566      6C7400
 1567              	.LASF26:
 1568 01bd 474E5520 		.ascii	"GNU C 4.4.1\000"
 1568      4320342E 
 1568      342E3100 
 1569              	.LASF13:
 1570 01c9 53656E64 		.ascii	"Sender_Stop\000"
 1570      65725F53 
ARM GAS  C:\Users\Bryan.Lee\AppData\Local\Temp\cckuKrMJ.s 			page 38


 1570      746F7000 
 1571              	.LASF23:
 1572 01d5 53656E64 		.ascii	"Sender_GetFIFOStatus\000"
 1572      65725F47 
 1572      65744649 
 1572      464F5374 
 1572      61747573 
 1573              	.LASF11:
 1574 01ea 53656E64 		.ascii	"Sender_Enable\000"
 1574      65725F45 
 1574      6E61626C 
 1574      6500
 1575              	.LASF2:
 1576 01f8 73686F72 		.ascii	"short int\000"
 1576      7420696E 
 1576      7400
 1577              	.LASF24:
 1578 0202 53656E64 		.ascii	"Sender_WriteData\000"
 1578      65725F57 
 1578      72697465 
 1578      44617461 
 1578      00
 1579              	.LASF4:
 1580 0213 6C6F6E67 		.ascii	"long int\000"
 1580      20696E74 
 1580      00
 1581              	.LASF9:
 1582 021c 63686172 		.ascii	"char\000"
 1582      00
 1583              	.LASF0:
 1584 0221 7369676E 		.ascii	"signed char\000"
 1584      65642063 
 1584      68617200 
 1585              		.ident	"GCC: (Sourcery G++ Lite 2010q1-188) 4.4.1"
