ARM GAS  C:\Users\bryan.lee\AppData\Local\Temp\cc9MR7rm.s 			page 1


   1              		.syntax unified
   2              		.cpu cortex-m3
   3              		.fpu softvfp
   4              		.eabi_attribute 20, 1
   5              		.eabi_attribute 21, 1
   6              		.eabi_attribute 23, 3
   7              		.eabi_attribute 24, 1
   8              		.eabi_attribute 25, 1
   9              		.eabi_attribute 26, 1
  10              		.eabi_attribute 30, 1
  11              		.eabi_attribute 34, 1
  12              		.eabi_attribute 18, 4
  13              		.thumb
  14              		.syntax unified
  15              		.file	"cymetadata.c"
  16              		.text
  17              	.Ltext0:
  18              		.cfi_sections	.debug_frame
  19              		.global	cy_metadata
  20              		.global	cy_meta_flashprotect
  21              		.global	cy_meta_wonvl
  22              		.global	cy_meta_custnvl
  23              		.global	cy_meta_configecc
  24              		.section	.cyconfigecc,"a",%progbits
  25              		.align	2
  26              		.type	cy_meta_configecc, %object
  27              		.size	cy_meta_configecc, 992
  28              	cy_meta_configecc:
  29 0000 02       		.byte	2
  30 0001 52       		.byte	82
  31 0002 00       		.byte	0
  32 0003 40       		.byte	64
  33 0004 03       		.byte	3
  34 0005 64       		.byte	100
  35 0006 00       		.byte	0
  36 0007 40       		.byte	64
  37 0008 3F       		.byte	63
  38 0009 00       		.byte	0
  39 000a 01       		.byte	1
  40 000b 40       		.byte	64
  41 000c 34       		.byte	52
  42 000d 01       		.byte	1
  43 000e 01       		.byte	1
  44 000f 40       		.byte	64
  45 0010 18       		.byte	24
  46 0011 02       		.byte	2
  47 0012 01       		.byte	1
  48 0013 40       		.byte	64
  49 0014 43       		.byte	67
  50 0015 03       		.byte	3
  51 0016 01       		.byte	1
  52 0017 40       		.byte	64
  53 0018 56       		.byte	86
  54 0019 04       		.byte	4
  55 001a 01       		.byte	1
  56 001b 40       		.byte	64
  57 001c 45       		.byte	69
ARM GAS  C:\Users\bryan.lee\AppData\Local\Temp\cc9MR7rm.s 			page 2


  58 001d 05       		.byte	5
  59 001e 01       		.byte	1
  60 001f 40       		.byte	64
  61 0020 03       		.byte	3
  62 0021 07       		.byte	7
  63 0022 01       		.byte	1
  64 0023 40       		.byte	64
  65 0024 02       		.byte	2
  66 0025 40       		.byte	64
  67 0026 01       		.byte	1
  68 0027 40       		.byte	64
  69 0028 07       		.byte	7
  70 0029 41       		.byte	65
  71 002a 01       		.byte	1
  72 002b 40       		.byte	64
  73 002c 04       		.byte	4
  74 002d 42       		.byte	66
  75 002e 01       		.byte	1
  76 002f 40       		.byte	64
  77 0030 03       		.byte	3
  78 0031 50       		.byte	80
  79 0032 01       		.byte	1
  80 0033 40       		.byte	64
  81 0034 01       		.byte	1
  82 0035 51       		.byte	81
  83 0036 01       		.byte	1
  84 0037 40       		.byte	64
  85 0038 01       		.byte	1
  86 0039 10       		.byte	16
  87 003a 04       		.byte	4
  88 003b 20       		.byte	32
  89 003c 81       		.byte	-127
  90 003d 72       		.byte	114
  91 003e 82       		.byte	-126
  92 003f 38       		.byte	56
  93 0040 85       		.byte	-123
  94 0041 0F       		.byte	15
  95 0042 00       		.byte	0
  96 0043 06       		.byte	6
  97 0044 01       		.byte	1
  98 0045 06       		.byte	6
  99 0046 02       		.byte	2
 100 0047 01       		.byte	1
 101 0048 03       		.byte	3
 102 0049 01       		.byte	1
 103 004a 05       		.byte	5
 104 004b 02       		.byte	2
 105 004c 0C       		.byte	12
 106 004d 07       		.byte	7
 107 004e 0D       		.byte	13
 108 004f 07       		.byte	7
 109 0050 11       		.byte	17
 110 0051 06       		.byte	6
 111 0052 12       		.byte	18
 112 0053 01       		.byte	1
 113 0054 13       		.byte	19
 114 0055 01       		.byte	1
ARM GAS  C:\Users\bryan.lee\AppData\Local\Temp\cc9MR7rm.s 			page 3


 115 0056 15       		.byte	21
 116 0057 06       		.byte	6
 117 0058 18       		.byte	24
 118 0059 01       		.byte	1
 119 005a 19       		.byte	25
 120 005b 01       		.byte	1
 121 005c 1A       		.byte	26
 122 005d 06       		.byte	6
 123 005e 1B       		.byte	27
 124 005f 06       		.byte	6
 125 0060 20       		.byte	32
 126 0061 07       		.byte	7
 127 0062 21       		.byte	33
 128 0063 04       		.byte	4
 129 0064 24       		.byte	36
 130 0065 02       		.byte	2
 131 0066 28       		.byte	40
 132 0067 06       		.byte	6
 133 0068 2C       		.byte	44
 134 0069 04       		.byte	4
 135 006a 2F       		.byte	47
 136 006b 01       		.byte	1
 137 006c 36       		.byte	54
 138 006d 07       		.byte	7
 139 006e 37       		.byte	55
 140 006f 07       		.byte	7
 141 0070 3B       		.byte	59
 142 0071 80       		.byte	-128
 143 0072 58       		.byte	88
 144 0073 04       		.byte	4
 145 0074 59       		.byte	89
 146 0075 04       		.byte	4
 147 0076 5F       		.byte	95
 148 0077 01       		.byte	1
 149 0078 81       		.byte	-127
 150 0079 10       		.byte	16
 151 007a 85       		.byte	-123
 152 007b C7       		.byte	-57
 153 007c 87       		.byte	-121
 154 007d 18       		.byte	24
 155 007e 88       		.byte	-120
 156 007f 02       		.byte	2
 157 0080 89       		.byte	-119
 158 0081 C0       		.byte	-64
 159 0082 8C       		.byte	-116
 160 0083 01       		.byte	1
 161 0084 8D       		.byte	-115
 162 0085 DF       		.byte	-33
 163 0086 90       		.byte	-112
 164 0087 02       		.byte	2
 165 0088 91       		.byte	-111
 166 0089 80       		.byte	-128
 167 008a 95       		.byte	-107
 168 008b 18       		.byte	24
 169 008c 98       		.byte	-104
 170 008d 01       		.byte	1
 171 008e 9B       		.byte	-101
ARM GAS  C:\Users\bryan.lee\AppData\Local\Temp\cc9MR7rm.s 			page 4


 172 008f 04       		.byte	4
 173 0090 9C       		.byte	-100
 174 0091 01       		.byte	1
 175 0092 9D       		.byte	-99
 176 0093 1C       		.byte	28
 177 0094 9F       		.byte	-97
 178 0095 C2       		.byte	-62
 179 0096 A0       		.byte	-96
 180 0097 01       		.byte	1
 181 0098 A3       		.byte	-93
 182 0099 C3       		.byte	-61
 183 009a A4       		.byte	-92
 184 009b 02       		.byte	2
 185 009c A5       		.byte	-91
 186 009d 08       		.byte	8
 187 009e A9       		.byte	-87
 188 009f 44       		.byte	68
 189 00a0 AB       		.byte	-85
 190 00a1 20       		.byte	32
 191 00a2 AD       		.byte	-83
 192 00a3 DC       		.byte	-36
 193 00a4 AF       		.byte	-81
 194 00a5 01       		.byte	1
 195 00a6 B0       		.byte	-80
 196 00a7 02       		.byte	2
 197 00a8 B2       		.byte	-78
 198 00a9 01       		.byte	1
 199 00aa B3       		.byte	-77
 200 00ab 20       		.byte	32
 201 00ac B5       		.byte	-75
 202 00ad D8       		.byte	-40
 203 00ae B7       		.byte	-73
 204 00af 1F       		.byte	31
 205 00b0 BB       		.byte	-69
 206 00b1 A2       		.byte	-94
 207 00b2 BE       		.byte	-66
 208 00b3 04       		.byte	4
 209 00b4 D6       		.byte	-42
 210 00b5 02       		.byte	2
 211 00b6 D7       		.byte	-41
 212 00b7 11       		.byte	17
 213 00b8 D8       		.byte	-40
 214 00b9 04       		.byte	4
 215 00ba D9       		.byte	-39
 216 00bb 04       		.byte	4
 217 00bc DB       		.byte	-37
 218 00bd 04       		.byte	4
 219 00be DF       		.byte	-33
 220 00bf 01       		.byte	1
 221 00c0 00       		.byte	0
 222 00c1 01       		.byte	1
 223 00c2 03       		.byte	3
 224 00c3 01       		.byte	1
 225 00c4 04       		.byte	4
 226 00c5 20       		.byte	32
 227 00c6 07       		.byte	7
 228 00c7 01       		.byte	1
ARM GAS  C:\Users\bryan.lee\AppData\Local\Temp\cc9MR7rm.s 			page 5


 229 00c8 09       		.byte	9
 230 00c9 22       		.byte	34
 231 00ca 0D       		.byte	13
 232 00cb 20       		.byte	32
 233 00cc 0E       		.byte	14
 234 00cd 42       		.byte	66
 235 00ce 10       		.byte	16
 236 00cf 28       		.byte	40
 237 00d0 11       		.byte	17
 238 00d1 02       		.byte	2
 239 00d2 12       		.byte	18
 240 00d3 01       		.byte	1
 241 00d4 16       		.byte	22
 242 00d5 80       		.byte	-128
 243 00d6 17       		.byte	23
 244 00d7 06       		.byte	6
 245 00d8 1A       		.byte	26
 246 00d9 01       		.byte	1
 247 00da 1D       		.byte	29
 248 00db 02       		.byte	2
 249 00dc 1E       		.byte	30
 250 00dd 20       		.byte	32
 251 00de 1F       		.byte	31
 252 00df 02       		.byte	2
 253 00e0 20       		.byte	32
 254 00e1 01       		.byte	1
 255 00e2 23       		.byte	35
 256 00e3 02       		.byte	2
 257 00e4 24       		.byte	36
 258 00e5 44       		.byte	68
 259 00e6 25       		.byte	37
 260 00e7 21       		.byte	33
 261 00e8 26       		.byte	38
 262 00e9 83       		.byte	-125
 263 00ea 27       		.byte	39
 264 00eb 11       		.byte	17
 265 00ec 2A       		.byte	42
 266 00ed 01       		.byte	1
 267 00ee 2B       		.byte	43
 268 00ef 02       		.byte	2
 269 00f0 2C       		.byte	44
 270 00f1 60       		.byte	96
 271 00f2 2E       		.byte	46
 272 00f3 80       		.byte	-128
 273 00f4 2F       		.byte	47
 274 00f5 08       		.byte	8
 275 00f6 30       		.byte	48
 276 00f7 08       		.byte	8
 277 00f8 31       		.byte	49
 278 00f9 20       		.byte	32
 279 00fa 33       		.byte	51
 280 00fb 01       		.byte	1
 281 00fc 35       		.byte	53
 282 00fd 05       		.byte	5
 283 00fe 36       		.byte	54
 284 00ff 80       		.byte	-128
 285 0100 37       		.byte	55
ARM GAS  C:\Users\bryan.lee\AppData\Local\Temp\cc9MR7rm.s 			page 6


 286 0101 10       		.byte	16
 287 0102 38       		.byte	56
 288 0103 41       		.byte	65
 289 0104 3A       		.byte	58
 290 0105 04       		.byte	4
 291 0106 3C       		.byte	60
 292 0107 54       		.byte	84
 293 0108 3E       		.byte	62
 294 0109 02       		.byte	2
 295 010a 5E       		.byte	94
 296 010b 20       		.byte	32
 297 010c 6C       		.byte	108
 298 010d 10       		.byte	16
 299 010e 6D       		.byte	109
 300 010f 10       		.byte	16
 301 0110 6E       		.byte	110
 302 0111 44       		.byte	68
 303 0112 6F       		.byte	111
 304 0113 04       		.byte	4
 305 0114 74       		.byte	116
 306 0115 28       		.byte	40
 307 0116 75       		.byte	117
 308 0117 04       		.byte	4
 309 0118 76       		.byte	118
 310 0119 07       		.byte	7
 311 011a C0       		.byte	-64
 312 011b C9       		.byte	-55
 313 011c C2       		.byte	-62
 314 011d DA       		.byte	-38
 315 011e C4       		.byte	-60
 316 011f 3F       		.byte	63
 317 0120 CA       		.byte	-54
 318 0121 F9       		.byte	-7
 319 0122 CC       		.byte	-52
 320 0123 F7       		.byte	-9
 321 0124 CE       		.byte	-50
 322 0125 FB       		.byte	-5
 323 0126 D6       		.byte	-42
 324 0127 20       		.byte	32
 325 0128 8B       		.byte	-117
 326 0129 01       		.byte	1
 327 012a 8D       		.byte	-115
 328 012b 03       		.byte	3
 329 012c 95       		.byte	-107
 330 012d 02       		.byte	2
 331 012e 9D       		.byte	-99
 332 012f 03       		.byte	3
 333 0130 B7       		.byte	-73
 334 0131 03       		.byte	3
 335 0132 B9       		.byte	-71
 336 0133 80       		.byte	-128
 337 0134 BF       		.byte	-65
 338 0135 40       		.byte	64
 339 0136 C0       		.byte	-64
 340 0137 01       		.byte	1
 341 0138 C7       		.byte	-57
 342 0139 40       		.byte	64
ARM GAS  C:\Users\bryan.lee\AppData\Local\Temp\cc9MR7rm.s 			page 7


 343 013a C9       		.byte	-55
 344 013b FF       		.byte	-1
 345 013c CA       		.byte	-54
 346 013d 07       		.byte	7
 347 013e CB       		.byte	-53
 348 013f FF       		.byte	-1
 349 0140 CC       		.byte	-52
 350 0141 40       		.byte	64
 351 0142 CD       		.byte	-51
 352 0143 20       		.byte	32
 353 0144 CE       		.byte	-50
 354 0145 F0       		.byte	-16
 355 0146 CF       		.byte	-49
 356 0147 05       		.byte	5
 357 0148 D0       		.byte	-48
 358 0149 08       		.byte	8
 359 014a D9       		.byte	-39
 360 014b 04       		.byte	4
 361 014c DA       		.byte	-38
 362 014d 04       		.byte	4
 363 014e DF       		.byte	-33
 364 014f 01       		.byte	1
 365 0150 E0       		.byte	-32
 366 0151 40       		.byte	64
 367 0152 E1       		.byte	-31
 368 0153 A8       		.byte	-88
 369 0154 E2       		.byte	-30
 370 0155 40       		.byte	64
 371 0156 E3       		.byte	-29
 372 0157 20       		.byte	32
 373 0158 05       		.byte	5
 374 0159 01       		.byte	1
 375 015a 06       		.byte	6
 376 015b 08       		.byte	8
 377 015c 07       		.byte	7
 378 015d 11       		.byte	17
 379 015e 0C       		.byte	12
 380 015f 40       		.byte	64
 381 0160 0D       		.byte	13
 382 0161 08       		.byte	8
 383 0162 0F       		.byte	15
 384 0163 48       		.byte	72
 385 0164 15       		.byte	21
 386 0165 40       		.byte	64
 387 0166 17       		.byte	23
 388 0167 02       		.byte	2
 389 0168 1D       		.byte	29
 390 0169 90       		.byte	-112
 391 016a 1E       		.byte	30
 392 016b 80       		.byte	-128
 393 016c 1F       		.byte	31
 394 016d 04       		.byte	4
 395 016e 20       		.byte	32
 396 016f 01       		.byte	1
 397 0170 24       		.byte	36
 398 0171 18       		.byte	24
 399 0172 25       		.byte	37
ARM GAS  C:\Users\bryan.lee\AppData\Local\Temp\cc9MR7rm.s 			page 8


 400 0173 48       		.byte	72
 401 0174 2C       		.byte	44
 402 0175 91       		.byte	-111
 403 0176 2D       		.byte	45
 404 0177 10       		.byte	16
 405 0178 31       		.byte	49
 406 0179 04       		.byte	4
 407 017a 32       		.byte	50
 408 017b 80       		.byte	-128
 409 017c 35       		.byte	53
 410 017d 85       		.byte	-123
 411 017e 36       		.byte	54
 412 017f 20       		.byte	32
 413 0180 38       		.byte	56
 414 0181 40       		.byte	64
 415 0182 39       		.byte	57
 416 0183 20       		.byte	32
 417 0184 3C       		.byte	60
 418 0185 10       		.byte	16
 419 0186 3E       		.byte	62
 420 0187 05       		.byte	5
 421 0188 3F       		.byte	63
 422 0189 80       		.byte	-128
 423 018a 40       		.byte	64
 424 018b 01       		.byte	1
 425 018c 44       		.byte	68
 426 018d 40       		.byte	64
 427 018e 45       		.byte	69
 428 018f A2       		.byte	-94
 429 0190 46       		.byte	70
 430 0191 20       		.byte	32
 431 0192 47       		.byte	71
 432 0193 10       		.byte	16
 433 0194 4D       		.byte	77
 434 0195 40       		.byte	64
 435 0196 4E       		.byte	78
 436 0197 02       		.byte	2
 437 0198 4F       		.byte	79
 438 0199 08       		.byte	8
 439 019a 51       		.byte	81
 440 019b 11       		.byte	17
 441 019c 52       		.byte	82
 442 019d 30       		.byte	48
 443 019e 57       		.byte	87
 444 019f 40       		.byte	64
 445 01a0 5C       		.byte	92
 446 01a1 40       		.byte	64
 447 01a2 5D       		.byte	93
 448 01a3 82       		.byte	-126
 449 01a4 66       		.byte	102
 450 01a5 01       		.byte	1
 451 01a6 67       		.byte	103
 452 01a7 0A       		.byte	10
 453 01a8 78       		.byte	120
 454 01a9 01       		.byte	1
 455 01aa 7A       		.byte	122
 456 01ab 80       		.byte	-128
ARM GAS  C:\Users\bryan.lee\AppData\Local\Temp\cc9MR7rm.s 			page 9


 457 01ac 7D       		.byte	125
 458 01ad 80       		.byte	-128
 459 01ae 7F       		.byte	127
 460 01af 01       		.byte	1
 461 01b0 80       		.byte	-128
 462 01b1 84       		.byte	-124
 463 01b2 82       		.byte	-126
 464 01b3 01       		.byte	1
 465 01b4 86       		.byte	-122
 466 01b5 21       		.byte	33
 467 01b6 90       		.byte	-112
 468 01b7 20       		.byte	32
 469 01b8 91       		.byte	-111
 470 01b9 10       		.byte	16
 471 01ba 92       		.byte	-110
 472 01bb 05       		.byte	5
 473 01bc 94       		.byte	-108
 474 01bd 10       		.byte	16
 475 01be 9B       		.byte	-101
 476 01bf 03       		.byte	3
 477 01c0 9C       		.byte	-100
 478 01c1 40       		.byte	64
 479 01c2 9D       		.byte	-99
 480 01c3 01       		.byte	1
 481 01c4 A1       		.byte	-95
 482 01c5 22       		.byte	34
 483 01c6 A2       		.byte	-94
 484 01c7 02       		.byte	2
 485 01c8 A7       		.byte	-89
 486 01c9 08       		.byte	8
 487 01ca C0       		.byte	-64
 488 01cb F0       		.byte	-16
 489 01cc C2       		.byte	-62
 490 01cd F0       		.byte	-16
 491 01ce C4       		.byte	-60
 492 01cf 90       		.byte	-112
 493 01d0 CA       		.byte	-54
 494 01d1 F0       		.byte	-16
 495 01d2 CC       		.byte	-52
 496 01d3 FA       		.byte	-6
 497 01d4 CE       		.byte	-50
 498 01d5 FC       		.byte	-4
 499 01d6 D0       		.byte	-48
 500 01d7 F8       		.byte	-8
 501 01d8 D2       		.byte	-46
 502 01d9 10       		.byte	16
 503 01da D6       		.byte	-42
 504 01db 80       		.byte	-128
 505 01dc D8       		.byte	-40
 506 01dd B0       		.byte	-80
 507 01de 00       		.byte	0
 508 01df 09       		.byte	9
 509 01e0 02       		.byte	2
 510 01e1 10       		.byte	16
 511 01e2 03       		.byte	3
 512 01e3 08       		.byte	8
 513 01e4 09       		.byte	9
ARM GAS  C:\Users\bryan.lee\AppData\Local\Temp\cc9MR7rm.s 			page 10


 514 01e5 02       		.byte	2
 515 01e6 0A       		.byte	10
 516 01e7 03       		.byte	3
 517 01e8 0B       		.byte	11
 518 01e9 04       		.byte	4
 519 01ea 0C       		.byte	12
 520 01eb 10       		.byte	16
 521 01ec 0D       		.byte	13
 522 01ed 01       		.byte	1
 523 01ee 0E       		.byte	14
 524 01ef 0C       		.byte	12
 525 01f0 0F       		.byte	15
 526 01f1 0C       		.byte	12
 527 01f2 10       		.byte	16
 528 01f3 10       		.byte	16
 529 01f4 14       		.byte	20
 530 01f5 1C       		.byte	28
 531 01f6 15       		.byte	21
 532 01f7 18       		.byte	24
 533 01f8 16       		.byte	22
 534 01f9 02       		.byte	2
 535 01fa 17       		.byte	23
 536 01fb 05       		.byte	5
 537 01fc 1D       		.byte	29
 538 01fd 01       		.byte	1
 539 01fe 1F       		.byte	31
 540 01ff 14       		.byte	20
 541 0200 20       		.byte	32
 542 0201 14       		.byte	20
 543 0202 2C       		.byte	44
 544 0203 0C       		.byte	12
 545 0204 2E       		.byte	46
 546 0205 11       		.byte	17
 547 0206 2F       		.byte	47
 548 0207 18       		.byte	24
 549 0208 31       		.byte	49
 550 0209 1C       		.byte	28
 551 020a 32       		.byte	50
 552 020b 1F       		.byte	31
 553 020c 36       		.byte	54
 554 020d 1F       		.byte	31
 555 020e 37       		.byte	55
 556 020f 03       		.byte	3
 557 0210 39       		.byte	57
 558 0211 80       		.byte	-128
 559 0212 3B       		.byte	59
 560 0213 02       		.byte	2
 561 0214 58       		.byte	88
 562 0215 04       		.byte	4
 563 0216 59       		.byte	89
 564 0217 04       		.byte	4
 565 0218 5F       		.byte	95
 566 0219 01       		.byte	1
 567 021a 80       		.byte	-128
 568 021b 02       		.byte	2
 569 021c 82       		.byte	-126
 570 021d 01       		.byte	1
ARM GAS  C:\Users\bryan.lee\AppData\Local\Temp\cc9MR7rm.s 			page 11


 571 021e 83       		.byte	-125
 572 021f 08       		.byte	8
 573 0220 86       		.byte	-122
 574 0221 0C       		.byte	12
 575 0222 88       		.byte	-120
 576 0223 03       		.byte	3
 577 0224 8B       		.byte	-117
 578 0225 05       		.byte	5
 579 0226 8C       		.byte	-116
 580 0227 04       		.byte	4
 581 0228 8E       		.byte	-114
 582 0229 38       		.byte	56
 583 022a 91       		.byte	-111
 584 022b 03       		.byte	3
 585 022c 92       		.byte	-110
 586 022d 20       		.byte	32
 587 022e 93       		.byte	-109
 588 022f 04       		.byte	4
 589 0230 94       		.byte	-108
 590 0231 30       		.byte	48
 591 0232 95       		.byte	-107
 592 0233 0A       		.byte	10
 593 0234 96       		.byte	-106
 594 0235 0C       		.byte	12
 595 0236 97       		.byte	-105
 596 0237 04       		.byte	4
 597 0238 98       		.byte	-104
 598 0239 80       		.byte	-128
 599 023a 9C       		.byte	-100
 600 023b 40       		.byte	64
 601 023c 9D       		.byte	-99
 602 023d 03       		.byte	3
 603 023e 9F       		.byte	-97
 604 023f 0C       		.byte	12
 605 0240 A0       		.byte	-96
 606 0241 04       		.byte	4
 607 0242 A1       		.byte	-95
 608 0243 03       		.byte	3
 609 0244 A2       		.byte	-94
 610 0245 18       		.byte	24
 611 0246 A3       		.byte	-93
 612 0247 04       		.byte	4
 613 0248 A4       		.byte	-92
 614 0249 01       		.byte	1
 615 024a A6       		.byte	-90
 616 024b 02       		.byte	2
 617 024c A8       		.byte	-88
 618 024d 03       		.byte	3
 619 024e AE       		.byte	-82
 620 024f 30       		.byte	48
 621 0250 B0       		.byte	-80
 622 0251 03       		.byte	3
 623 0252 B2       		.byte	-78
 624 0253 3C       		.byte	60
 625 0254 B4       		.byte	-76
 626 0255 80       		.byte	-128
 627 0256 B6       		.byte	-74
ARM GAS  C:\Users\bryan.lee\AppData\Local\Temp\cc9MR7rm.s 			page 12


 628 0257 40       		.byte	64
 629 0258 B7       		.byte	-73
 630 0259 0F       		.byte	15
 631 025a BA       		.byte	-70
 632 025b 08       		.byte	8
 633 025c BB       		.byte	-69
 634 025d 80       		.byte	-128
 635 025e BE       		.byte	-66
 636 025f 50       		.byte	80
 637 0260 C0       		.byte	-64
 638 0261 43       		.byte	67
 639 0262 C1       		.byte	-63
 640 0263 05       		.byte	5
 641 0264 C5       		.byte	-59
 642 0265 0E       		.byte	14
 643 0266 C6       		.byte	-58
 644 0267 0C       		.byte	12
 645 0268 C7       		.byte	-57
 646 0269 B0       		.byte	-80
 647 026a C8       		.byte	-56
 648 026b 25       		.byte	37
 649 026c C9       		.byte	-55
 650 026d FF       		.byte	-1
 651 026e CA       		.byte	-54
 652 026f FF       		.byte	-1
 653 0270 CB       		.byte	-53
 654 0271 FF       		.byte	-1
 655 0272 CE       		.byte	-50
 656 0273 F0       		.byte	-16
 657 0274 CF       		.byte	-49
 658 0275 44       		.byte	68
 659 0276 D0       		.byte	-48
 660 0277 0C       		.byte	12
 661 0278 D4       		.byte	-44
 662 0279 01       		.byte	1
 663 027a D8       		.byte	-40
 664 027b 04       		.byte	4
 665 027c D9       		.byte	-39
 666 027d 04       		.byte	4
 667 027e DA       		.byte	-38
 668 027f 04       		.byte	4
 669 0280 DB       		.byte	-37
 670 0281 04       		.byte	4
 671 0282 DF       		.byte	-33
 672 0283 01       		.byte	1
 673 0284 E6       		.byte	-26
 674 0285 C0       		.byte	-64
 675 0286 EA       		.byte	-22
 676 0287 40       		.byte	64
 677 0288 EB       		.byte	-21
 678 0289 02       		.byte	2
 679 028a 00       		.byte	0
 680 028b 11       		.byte	17
 681 028c 03       		.byte	3
 682 028d 01       		.byte	1
 683 028e 04       		.byte	4
 684 028f 60       		.byte	96
ARM GAS  C:\Users\bryan.lee\AppData\Local\Temp\cc9MR7rm.s 			page 13


 685 0290 05       		.byte	5
 686 0291 01       		.byte	1
 687 0292 06       		.byte	6
 688 0293 10       		.byte	16
 689 0294 09       		.byte	9
 690 0295 08       		.byte	8
 691 0296 0A       		.byte	10
 692 0297 40       		.byte	64
 693 0298 0D       		.byte	13
 694 0299 09       		.byte	9
 695 029a 0E       		.byte	14
 696 029b 41       		.byte	65
 697 029c 0F       		.byte	15
 698 029d 08       		.byte	8
 699 029e 11       		.byte	17
 700 029f 02       		.byte	2
 701 02a0 13       		.byte	19
 702 02a1 40       		.byte	64
 703 02a2 14       		.byte	20
 704 02a3 11       		.byte	17
 705 02a4 15       		.byte	21
 706 02a5 90       		.byte	-112
 707 02a6 17       		.byte	23
 708 02a7 01       		.byte	1
 709 02a8 18       		.byte	24
 710 02a9 10       		.byte	16
 711 02aa 1A       		.byte	26
 712 02ab 01       		.byte	1
 713 02ac 1D       		.byte	29
 714 02ad 0D       		.byte	13
 715 02ae 1E       		.byte	30
 716 02af 04       		.byte	4
 717 02b0 1F       		.byte	31
 718 02b1 40       		.byte	64
 719 02b2 20       		.byte	32
 720 02b3 41       		.byte	65
 721 02b4 21       		.byte	33
 722 02b5 40       		.byte	64
 723 02b6 22       		.byte	34
 724 02b7 02       		.byte	2
 725 02b8 23       		.byte	35
 726 02b9 40       		.byte	64
 727 02ba 26       		.byte	38
 728 02bb 80       		.byte	-128
 729 02bc 27       		.byte	39
 730 02bd 01       		.byte	1
 731 02be 28       		.byte	40
 732 02bf 01       		.byte	1
 733 02c0 2C       		.byte	44
 734 02c1 80       		.byte	-128
 735 02c2 31       		.byte	49
 736 02c3 04       		.byte	4
 737 02c4 32       		.byte	50
 738 02c5 80       		.byte	-128
 739 02c6 35       		.byte	53
 740 02c7 04       		.byte	4
 741 02c8 36       		.byte	54
ARM GAS  C:\Users\bryan.lee\AppData\Local\Temp\cc9MR7rm.s 			page 14


 742 02c9 82       		.byte	-126
 743 02ca 38       		.byte	56
 744 02cb 40       		.byte	64
 745 02cc 39       		.byte	57
 746 02cd 02       		.byte	2
 747 02ce 3A       		.byte	58
 748 02cf 10       		.byte	16
 749 02d0 3C       		.byte	60
 750 02d1 01       		.byte	1
 751 02d2 3E       		.byte	62
 752 02d3 20       		.byte	32
 753 02d4 46       		.byte	70
 754 02d5 30       		.byte	48
 755 02d6 47       		.byte	71
 756 02d7 01       		.byte	1
 757 02d8 4D       		.byte	77
 758 02d9 04       		.byte	4
 759 02da 4F       		.byte	79
 760 02db 48       		.byte	72
 761 02dc 54       		.byte	84
 762 02dd 80       		.byte	-128
 763 02de 55       		.byte	85
 764 02df 01       		.byte	1
 765 02e0 5C       		.byte	92
 766 02e1 82       		.byte	-126
 767 02e2 5E       		.byte	94
 768 02e3 04       		.byte	4
 769 02e4 5F       		.byte	95
 770 02e5 10       		.byte	16
 771 02e6 8B       		.byte	-117
 772 02e7 40       		.byte	64
 773 02e8 90       		.byte	-112
 774 02e9 20       		.byte	32
 775 02ea 91       		.byte	-111
 776 02eb 12       		.byte	18
 777 02ec 94       		.byte	-108
 778 02ed 40       		.byte	64
 779 02ee 98       		.byte	-104
 780 02ef 90       		.byte	-112
 781 02f0 9A       		.byte	-102
 782 02f1 10       		.byte	16
 783 02f2 9D       		.byte	-99
 784 02f3 05       		.byte	5
 785 02f4 A4       		.byte	-92
 786 02f5 80       		.byte	-128
 787 02f6 A6       		.byte	-90
 788 02f7 80       		.byte	-128
 789 02f8 A9       		.byte	-87
 790 02f9 12       		.byte	18
 791 02fa AC       		.byte	-84
 792 02fb 10       		.byte	16
 793 02fc AF       		.byte	-81
 794 02fd 48       		.byte	72
 795 02fe B2       		.byte	-78
 796 02ff 48       		.byte	72
 797 0300 C0       		.byte	-64
 798 0301 FB       		.byte	-5
ARM GAS  C:\Users\bryan.lee\AppData\Local\Temp\cc9MR7rm.s 			page 15


 799 0302 C2       		.byte	-62
 800 0303 FC       		.byte	-4
 801 0304 C4       		.byte	-60
 802 0305 F9       		.byte	-7
 803 0306 CA       		.byte	-54
 804 0307 88       		.byte	-120
 805 0308 CC       		.byte	-52
 806 0309 DA       		.byte	-38
 807 030a CE       		.byte	-50
 808 030b AD       		.byte	-83
 809 030c D0       		.byte	-48
 810 030d C0       		.byte	-64
 811 030e D2       		.byte	-46
 812 030f 10       		.byte	16
 813 0310 D6       		.byte	-42
 814 0311 F0       		.byte	-16
 815 0312 E6       		.byte	-26
 816 0313 80       		.byte	-128
 817 0314 B0       		.byte	-80
 818 0315 82       		.byte	-126
 819 0316 B1       		.byte	-79
 820 0317 04       		.byte	4
 821 0318 B3       		.byte	-77
 822 0319 10       		.byte	16
 823 031a 33       		.byte	51
 824 031b 10       		.byte	16
 825 031c CC       		.byte	-52
 826 031d 10       		.byte	16
 827 031e 0E       		.byte	14
 828 031f 80       		.byte	-128
 829 0320 62       		.byte	98
 830 0321 08       		.byte	8
 831 0322 83       		.byte	-125
 832 0323 10       		.byte	16
 833 0324 9F       		.byte	-97
 834 0325 10       		.byte	16
 835 0326 C2       		.byte	-62
 836 0327 20       		.byte	32
 837 0328 D8       		.byte	-40
 838 0329 40       		.byte	64
 839 032a E2       		.byte	-30
 840 032b 20       		.byte	32
 841 032c 8A       		.byte	-118
 842 032d 08       		.byte	8
 843 032e A6       		.byte	-90
 844 032f 08       		.byte	8
 845 0330 AE       		.byte	-82
 846 0331 40       		.byte	64
 847 0332 EC       		.byte	-20
 848 0333 40       		.byte	64
 849 0334 00       		.byte	0
 850 0335 01       		.byte	1
 851 0336 08       		.byte	8
 852 0337 01       		.byte	1
 853 0338 0A       		.byte	10
 854 0339 01       		.byte	1
 855 033a 00       		.byte	0
ARM GAS  C:\Users\bryan.lee\AppData\Local\Temp\cc9MR7rm.s 			page 16


 856 033b 03       		.byte	3
 857 033c 02       		.byte	2
 858 033d 00       		.byte	0
 859 033e 20       		.byte	32
 860 033f 10       		.byte	16
 861 0340 07       		.byte	7
 862 0341 0E       		.byte	14
 863 0342 00       		.byte	0
 864 0343 00       		.byte	0
 865 0344 00       		.byte	0
 866 0345 02       		.byte	2
 867 0346 08       		.byte	8
 868 0347 0C       		.byte	12
 869 0348 00       		.byte	0
 870 0349 00       		.byte	0
 871 034a 07       		.byte	7
 872 034b 10       		.byte	16
 873 034c 01       		.byte	1
 874 034d 08       		.byte	8
 875 034e 20       		.byte	32
 876 034f 02       		.byte	2
 877 0350 03       		.byte	3
 878 0351 00       		.byte	0
 879 0352 10       		.byte	16
 880 0353 01       		.byte	1
 881 0354 00       		.byte	0
 882 0355 00       		.byte	0
 883 0356 08       		.byte	8
 884 0357 01       		.byte	1
 885 0358 00       		.byte	0
 886 0359 01       		.byte	1
 887 035a 03       		.byte	3
 888 035b 00       		.byte	0
 889 035c 00       		.byte	0
 890 035d 00       		.byte	0
 891 035e 07       		.byte	7
 892 035f 01       		.byte	1
 893 0360 00       		.byte	0
 894 0361 04       		.byte	4
 895 0362 00       		.byte	0
 896 0363 02       		.byte	2
 897 0364 00       		.byte	0
 898 0365 0E       		.byte	14
 899 0366 00       		.byte	0
 900 0367 00       		.byte	0
 901 0368 07       		.byte	7
 902 0369 01       		.byte	1
 903 036a 00       		.byte	0
 904 036b 00       		.byte	0
 905 036c 04       		.byte	4
 906 036d 00       		.byte	0
 907 036e 08       		.byte	8
 908 036f 0E       		.byte	14
 909 0370 03       		.byte	3
 910 0371 01       		.byte	1
 911 0372 30       		.byte	48
 912 0373 10       		.byte	16
ARM GAS  C:\Users\bryan.lee\AppData\Local\Temp\cc9MR7rm.s 			page 17


 913 0374 02       		.byte	2
 914 0375 00       		.byte	0
 915 0376 00       		.byte	0
 916 0377 00       		.byte	0
 917 0378 00       		.byte	0
 918 0379 00       		.byte	0
 919 037a 44       		.byte	68
 920 037b 50       		.byte	80
 921 037c 24       		.byte	36
 922 037d 05       		.byte	5
 923 037e 03       		.byte	3
 924 037f 00       		.byte	0
 925 0380 01       		.byte	1
 926 0381 0E       		.byte	14
 927 0382 0C       		.byte	12
 928 0383 00       		.byte	0
 929 0384 05       		.byte	5
 930 0385 FF       		.byte	-1
 931 0386 FF       		.byte	-1
 932 0387 FF       		.byte	-1
 933 0388 62       		.byte	98
 934 0389 A0       		.byte	-96
 935 038a F0       		.byte	-16
 936 038b 41       		.byte	65
 937 038c 0C       		.byte	12
 938 038d 00       		.byte	0
 939 038e 00       		.byte	0
 940 038f 00       		.byte	0
 941 0390 18       		.byte	24
 942 0391 00       		.byte	0
 943 0392 04       		.byte	4
 944 0393 00       		.byte	0
 945 0394 04       		.byte	4
 946 0395 04       		.byte	4
 947 0396 04       		.byte	4
 948 0397 04       		.byte	4
 949 0398 00       		.byte	0
 950 0399 00       		.byte	0
 951 039a 00       		.byte	0
 952 039b 01       		.byte	1
 953 039c 00       		.byte	0
 954 039d 00       		.byte	0
 955 039e 00       		.byte	0
 956 039f 00       		.byte	0
 957 03a0 00       		.byte	0
 958 03a1 00       		.byte	0
 959 03a2 40       		.byte	64
 960 03a3 02       		.byte	2
 961 03a4 00       		.byte	0
 962 03a5 10       		.byte	16
 963 03a6 30       		.byte	48
 964 03a7 10       		.byte	16
 965 03a8 00       		.byte	0
 966 03a9 10       		.byte	16
 967 03aa 10       		.byte	16
 968 03ab 12       		.byte	18
 969 03ac 00       		.byte	0
ARM GAS  C:\Users\bryan.lee\AppData\Local\Temp\cc9MR7rm.s 			page 18


 970 03ad 00       		.byte	0
 971 03ae 00       		.byte	0
 972 03af 00       		.byte	0
 973 03b0 00       		.byte	0
 974 03b1 00       		.byte	0
 975 03b2 00       		.byte	0
 976 03b3 00       		.byte	0
 977 03b4 00       		.byte	0
 978 03b5 00       		.byte	0
 979 03b6 00       		.byte	0
 980 03b7 00       		.byte	0
 981 03b8 00       		.byte	0
 982 03b9 00       		.byte	0
 983 03ba 00       		.byte	0
 984 03bb 00       		.byte	0
 985 03bc 10       		.byte	16
 986 03bd 00       		.byte	0
 987 03be 20       		.byte	32
 988 03bf 10       		.byte	16
 989 03c0 10       		.byte	16
 990 03c1 00       		.byte	0
 991 03c2 10       		.byte	16
 992 03c3 00       		.byte	0
 993 03c4 00       		.byte	0
 994 03c5 00       		.byte	0
 995 03c6 00       		.byte	0
 996 03c7 00       		.byte	0
 997 03c8 00       		.byte	0
 998 03c9 03       		.byte	3
 999 03ca 03       		.byte	3
 1000 03cb 00       		.byte	0
 1001 03cc 00       		.byte	0
 1002 03cd 00       		.byte	0
 1003 03ce 00       		.byte	0
 1004 03cf 00       		.byte	0
 1005 03d0 06       		.byte	6
 1006 03d1 00       		.byte	0
 1007 03d2 00       		.byte	0
 1008 03d3 06       		.byte	6
 1009 03d4 04       		.byte	4
 1010 03d5 00       		.byte	0
 1011 03d6 00       		.byte	0
 1012 03d7 00       		.byte	0
 1013 03d8 00       		.byte	0
 1014 03d9 00       		.byte	0
 1015 03da 00       		.byte	0
 1016 03db 00       		.byte	0
 1017 03dc 01       		.byte	1
 1018 03dd 00       		.byte	0
 1019 03de 14       		.byte	20
 1020 03df 01       		.byte	1
 1021              		.section	.cywolatch,"a",%progbits
 1022              		.align	2
 1023              		.type	cy_meta_wonvl, %object
 1024              		.size	cy_meta_wonvl, 4
 1025              	cy_meta_wonvl:
 1026 0000 BC       		.byte	-68
ARM GAS  C:\Users\bryan.lee\AppData\Local\Temp\cc9MR7rm.s 			page 19


 1027 0001 90       		.byte	-112
 1028 0002 AC       		.byte	-84
 1029 0003 AF       		.byte	-81
 1030              		.section	.cycustnvl,"a",%progbits
 1031              		.align	2
 1032              		.type	cy_meta_custnvl, %object
 1033              		.size	cy_meta_custnvl, 4
 1034              	cy_meta_custnvl:
 1035 0000 00       		.byte	0
 1036 0001 00       		.byte	0
 1037 0002 40       		.byte	64
 1038 0003 05       		.byte	5
 1039              		.section	.cymeta,"a",%progbits
 1040              		.align	2
 1041              		.type	cy_metadata, %object
 1042              		.size	cy_metadata, 12
 1043              	cy_metadata:
 1044 0000 00       		.byte	0
 1045 0001 01       		.byte	1
 1046 0002 2E       		.byte	46
 1047 0003 12       		.byte	18
 1048 0004 30       		.byte	48
 1049 0005 69       		.byte	105
 1050 0006 00       		.byte	0
 1051 0007 01       		.byte	1
 1052 0008 00       		.byte	0
 1053 0009 00       		.byte	0
 1054 000a 00       		.byte	0
 1055 000b 00       		.byte	0
 1056              		.section	.cyflashprotect,"a",%progbits
 1057              		.align	2
 1058              		.type	cy_meta_flashprotect, %object
 1059              		.size	cy_meta_flashprotect, 256
 1060              	cy_meta_flashprotect:
 1061 0000 00000000 		.space	256
 1061      00000000 
 1061      00000000 
 1061      00000000 
 1061      00000000 
 1062              		.text
 1063              	.Letext0:
 1064              		.file 1 "c:\\program files (x86)\\cypress\\psoc creator\\4.3\\psoc creator\\import\\gnu\\arm\\5.4.
 1065              		.file 2 "c:\\program files (x86)\\cypress\\psoc creator\\4.3\\psoc creator\\import\\gnu\\arm\\5.4.
 1066              		.file 3 "Generated_Source\\PSoC5\\cymetadata.c"
 1067              		.section	.debug_info,"",%progbits
 1068              	.Ldebug_info0:
 1069 0000 31010000 		.4byte	0x131
 1070 0004 0400     		.2byte	0x4
 1071 0006 00000000 		.4byte	.Ldebug_abbrev0
 1072 000a 04       		.byte	0x4
 1073 000b 01       		.uleb128 0x1
 1074 000c 24000000 		.4byte	.LASF17
 1075 0010 0C       		.byte	0xc
 1076 0011 DB010000 		.4byte	.LASF18
 1077 0015 7E010000 		.4byte	.LASF19
 1078 0019 00000000 		.4byte	.Ldebug_line0
 1079 001d 02       		.uleb128 0x2
ARM GAS  C:\Users\bryan.lee\AppData\Local\Temp\cc9MR7rm.s 			page 20


 1080 001e 01       		.byte	0x1
 1081 001f 06       		.byte	0x6
 1082 0020 72010000 		.4byte	.LASF0
 1083 0024 03       		.uleb128 0x3
 1084 0025 00000000 		.4byte	.LASF9
 1085 0029 01       		.byte	0x1
 1086 002a 1D       		.byte	0x1d
 1087 002b 2F000000 		.4byte	0x2f
 1088 002f 02       		.uleb128 0x2
 1089 0030 01       		.byte	0x1
 1090 0031 08       		.byte	0x8
 1091 0032 16000000 		.4byte	.LASF1
 1092 0036 02       		.uleb128 0x2
 1093 0037 02       		.byte	0x2
 1094 0038 05       		.byte	0x5
 1095 0039 5F010000 		.4byte	.LASF2
 1096 003d 02       		.uleb128 0x2
 1097 003e 02       		.byte	0x2
 1098 003f 07       		.byte	0x7
 1099 0040 C4000000 		.4byte	.LASF3
 1100 0044 02       		.uleb128 0x2
 1101 0045 04       		.byte	0x4
 1102 0046 05       		.byte	0x5
 1103 0047 69010000 		.4byte	.LASF4
 1104 004b 02       		.uleb128 0x2
 1105 004c 04       		.byte	0x4
 1106 004d 07       		.byte	0x7
 1107 004e B2000000 		.4byte	.LASF5
 1108 0052 02       		.uleb128 0x2
 1109 0053 08       		.byte	0x8
 1110 0054 05       		.byte	0x5
 1111 0055 51010000 		.4byte	.LASF6
 1112 0059 02       		.uleb128 0x2
 1113 005a 08       		.byte	0x8
 1114 005b 07       		.byte	0x7
 1115 005c 06010000 		.4byte	.LASF7
 1116 0060 04       		.uleb128 0x4
 1117 0061 04       		.byte	0x4
 1118 0062 05       		.byte	0x5
 1119 0063 696E7400 		.ascii	"int\000"
 1120 0067 02       		.uleb128 0x2
 1121 0068 04       		.byte	0x4
 1122 0069 07       		.byte	0x7
 1123 006a F9000000 		.4byte	.LASF8
 1124 006e 03       		.uleb128 0x3
 1125 006f 1D010000 		.4byte	.LASF10
 1126 0073 02       		.byte	0x2
 1127 0074 18       		.byte	0x18
 1128 0075 24000000 		.4byte	0x24
 1129 0079 05       		.uleb128 0x5
 1130 007a 91000000 		.4byte	0x91
 1131 007e 8A000000 		.4byte	0x8a
 1132 0082 06       		.uleb128 0x6
 1133 0083 8A000000 		.4byte	0x8a
 1134 0087 DF03     		.2byte	0x3df
 1135 0089 00       		.byte	0
 1136 008a 02       		.uleb128 0x2
ARM GAS  C:\Users\bryan.lee\AppData\Local\Temp\cc9MR7rm.s 			page 21


 1137 008b 04       		.byte	0x4
 1138 008c 07       		.byte	0x7
 1139 008d 48010000 		.4byte	.LASF11
 1140 0091 07       		.uleb128 0x7
 1141 0092 6E000000 		.4byte	0x6e
 1142 0096 08       		.uleb128 0x8
 1143 0097 E7000000 		.4byte	.LASF12
 1144 009b 03       		.byte	0x3
 1145 009c 1F       		.byte	0x1f
 1146 009d A7000000 		.4byte	0xa7
 1147 00a1 05       		.uleb128 0x5
 1148 00a2 03       		.byte	0x3
 1149 00a3 00000000 		.4byte	cy_meta_configecc
 1150 00a7 07       		.uleb128 0x7
 1151 00a8 79000000 		.4byte	0x79
 1152 00ac 05       		.uleb128 0x5
 1153 00ad 91000000 		.4byte	0x91
 1154 00b1 BC000000 		.4byte	0xbc
 1155 00b5 09       		.uleb128 0x9
 1156 00b6 8A000000 		.4byte	0x8a
 1157 00ba 03       		.byte	0x3
 1158 00bb 00       		.byte	0
 1159 00bc 08       		.uleb128 0x8
 1160 00bd D7000000 		.4byte	.LASF13
 1161 00c1 03       		.byte	0x3
 1162 00c2 A8       		.byte	0xa8
 1163 00c3 CD000000 		.4byte	0xcd
 1164 00c7 05       		.uleb128 0x5
 1165 00c8 03       		.byte	0x3
 1166 00c9 00000000 		.4byte	cy_meta_custnvl
 1167 00cd 07       		.uleb128 0x7
 1168 00ce AC000000 		.4byte	0xac
 1169 00d2 08       		.uleb128 0x8
 1170 00d3 3A010000 		.4byte	.LASF14
 1171 00d7 03       		.byte	0x3
 1172 00d8 B6       		.byte	0xb6
 1173 00d9 E3000000 		.4byte	0xe3
 1174 00dd 05       		.uleb128 0x5
 1175 00de 03       		.byte	0x3
 1176 00df 00000000 		.4byte	cy_meta_wonvl
 1177 00e3 07       		.uleb128 0x7
 1178 00e4 AC000000 		.4byte	0xac
 1179 00e8 05       		.uleb128 0x5
 1180 00e9 91000000 		.4byte	0x91
 1181 00ed F8000000 		.4byte	0xf8
 1182 00f1 09       		.uleb128 0x9
 1183 00f2 8A000000 		.4byte	0x8a
 1184 00f6 FF       		.byte	0xff
 1185 00f7 00       		.byte	0
 1186 00f8 08       		.uleb128 0x8
 1187 00f9 25010000 		.4byte	.LASF15
 1188 00fd 03       		.byte	0x3
 1189 00fe C4       		.byte	0xc4
 1190 00ff 09010000 		.4byte	0x109
 1191 0103 05       		.uleb128 0x5
 1192 0104 03       		.byte	0x3
 1193 0105 00000000 		.4byte	cy_meta_flashprotect
ARM GAS  C:\Users\bryan.lee\AppData\Local\Temp\cc9MR7rm.s 			page 22


 1194 0109 07       		.uleb128 0x7
 1195 010a E8000000 		.4byte	0xe8
 1196 010e 05       		.uleb128 0x5
 1197 010f 91000000 		.4byte	0x91
 1198 0113 1E010000 		.4byte	0x11e
 1199 0117 09       		.uleb128 0x9
 1200 0118 8A000000 		.4byte	0x8a
 1201 011c 0B       		.byte	0xb
 1202 011d 00       		.byte	0
 1203 011e 08       		.uleb128 0x8
 1204 011f 0A000000 		.4byte	.LASF16
 1205 0123 03       		.byte	0x3
 1206 0124 F1       		.byte	0xf1
 1207 0125 2F010000 		.4byte	0x12f
 1208 0129 05       		.uleb128 0x5
 1209 012a 03       		.byte	0x3
 1210 012b 00000000 		.4byte	cy_metadata
 1211 012f 07       		.uleb128 0x7
 1212 0130 0E010000 		.4byte	0x10e
 1213 0134 00       		.byte	0
 1214              		.section	.debug_abbrev,"",%progbits
 1215              	.Ldebug_abbrev0:
 1216 0000 01       		.uleb128 0x1
 1217 0001 11       		.uleb128 0x11
 1218 0002 01       		.byte	0x1
 1219 0003 25       		.uleb128 0x25
 1220 0004 0E       		.uleb128 0xe
 1221 0005 13       		.uleb128 0x13
 1222 0006 0B       		.uleb128 0xb
 1223 0007 03       		.uleb128 0x3
 1224 0008 0E       		.uleb128 0xe
 1225 0009 1B       		.uleb128 0x1b
 1226 000a 0E       		.uleb128 0xe
 1227 000b 10       		.uleb128 0x10
 1228 000c 17       		.uleb128 0x17
 1229 000d 00       		.byte	0
 1230 000e 00       		.byte	0
 1231 000f 02       		.uleb128 0x2
 1232 0010 24       		.uleb128 0x24
 1233 0011 00       		.byte	0
 1234 0012 0B       		.uleb128 0xb
 1235 0013 0B       		.uleb128 0xb
 1236 0014 3E       		.uleb128 0x3e
 1237 0015 0B       		.uleb128 0xb
 1238 0016 03       		.uleb128 0x3
 1239 0017 0E       		.uleb128 0xe
 1240 0018 00       		.byte	0
 1241 0019 00       		.byte	0
 1242 001a 03       		.uleb128 0x3
 1243 001b 16       		.uleb128 0x16
 1244 001c 00       		.byte	0
 1245 001d 03       		.uleb128 0x3
 1246 001e 0E       		.uleb128 0xe
 1247 001f 3A       		.uleb128 0x3a
 1248 0020 0B       		.uleb128 0xb
 1249 0021 3B       		.uleb128 0x3b
 1250 0022 0B       		.uleb128 0xb
ARM GAS  C:\Users\bryan.lee\AppData\Local\Temp\cc9MR7rm.s 			page 23


 1251 0023 49       		.uleb128 0x49
 1252 0024 13       		.uleb128 0x13
 1253 0025 00       		.byte	0
 1254 0026 00       		.byte	0
 1255 0027 04       		.uleb128 0x4
 1256 0028 24       		.uleb128 0x24
 1257 0029 00       		.byte	0
 1258 002a 0B       		.uleb128 0xb
 1259 002b 0B       		.uleb128 0xb
 1260 002c 3E       		.uleb128 0x3e
 1261 002d 0B       		.uleb128 0xb
 1262 002e 03       		.uleb128 0x3
 1263 002f 08       		.uleb128 0x8
 1264 0030 00       		.byte	0
 1265 0031 00       		.byte	0
 1266 0032 05       		.uleb128 0x5
 1267 0033 01       		.uleb128 0x1
 1268 0034 01       		.byte	0x1
 1269 0035 49       		.uleb128 0x49
 1270 0036 13       		.uleb128 0x13
 1271 0037 01       		.uleb128 0x1
 1272 0038 13       		.uleb128 0x13
 1273 0039 00       		.byte	0
 1274 003a 00       		.byte	0
 1275 003b 06       		.uleb128 0x6
 1276 003c 21       		.uleb128 0x21
 1277 003d 00       		.byte	0
 1278 003e 49       		.uleb128 0x49
 1279 003f 13       		.uleb128 0x13
 1280 0040 2F       		.uleb128 0x2f
 1281 0041 05       		.uleb128 0x5
 1282 0042 00       		.byte	0
 1283 0043 00       		.byte	0
 1284 0044 07       		.uleb128 0x7
 1285 0045 26       		.uleb128 0x26
 1286 0046 00       		.byte	0
 1287 0047 49       		.uleb128 0x49
 1288 0048 13       		.uleb128 0x13
 1289 0049 00       		.byte	0
 1290 004a 00       		.byte	0
 1291 004b 08       		.uleb128 0x8
 1292 004c 34       		.uleb128 0x34
 1293 004d 00       		.byte	0
 1294 004e 03       		.uleb128 0x3
 1295 004f 0E       		.uleb128 0xe
 1296 0050 3A       		.uleb128 0x3a
 1297 0051 0B       		.uleb128 0xb
 1298 0052 3B       		.uleb128 0x3b
 1299 0053 0B       		.uleb128 0xb
 1300 0054 49       		.uleb128 0x49
 1301 0055 13       		.uleb128 0x13
 1302 0056 3F       		.uleb128 0x3f
 1303 0057 19       		.uleb128 0x19
 1304 0058 02       		.uleb128 0x2
 1305 0059 18       		.uleb128 0x18
 1306 005a 00       		.byte	0
 1307 005b 00       		.byte	0
ARM GAS  C:\Users\bryan.lee\AppData\Local\Temp\cc9MR7rm.s 			page 24


 1308 005c 09       		.uleb128 0x9
 1309 005d 21       		.uleb128 0x21
 1310 005e 00       		.byte	0
 1311 005f 49       		.uleb128 0x49
 1312 0060 13       		.uleb128 0x13
 1313 0061 2F       		.uleb128 0x2f
 1314 0062 0B       		.uleb128 0xb
 1315 0063 00       		.byte	0
 1316 0064 00       		.byte	0
 1317 0065 00       		.byte	0
 1318              		.section	.debug_aranges,"",%progbits
 1319 0000 14000000 		.4byte	0x14
 1320 0004 0200     		.2byte	0x2
 1321 0006 00000000 		.4byte	.Ldebug_info0
 1322 000a 04       		.byte	0x4
 1323 000b 00       		.byte	0
 1324 000c 0000     		.2byte	0
 1325 000e 0000     		.2byte	0
 1326 0010 00000000 		.4byte	0
 1327 0014 00000000 		.4byte	0
 1328              		.section	.debug_line,"",%progbits
 1329              	.Ldebug_line0:
 1330 0000 3D010000 		.section	.debug_str,"MS",%progbits,1
 1330      02003701 
 1330      00000201 
 1330      FB0E0D00 
 1330      01010101 
 1331              	.LASF9:
 1332 0000 5F5F7569 		.ascii	"__uint8_t\000"
 1332      6E74385F 
 1332      7400
 1333              	.LASF16:
 1334 000a 63795F6D 		.ascii	"cy_metadata\000"
 1334      65746164 
 1334      61746100 
 1335              	.LASF1:
 1336 0016 756E7369 		.ascii	"unsigned char\000"
 1336      676E6564 
 1336      20636861 
 1336      7200
 1337              	.LASF17:
 1338 0024 474E5520 		.ascii	"GNU C11 5.4.1 20160609 (release) [ARM/embedded-5-br"
 1338      43313120 
 1338      352E342E 
 1338      31203230 
 1338      31363036 
 1339 0057 616E6368 		.ascii	"anch revision 237715] -mcpu=cortex-m3 -mthumb -g -O"
 1339      20726576 
 1339      6973696F 
 1339      6E203233 
 1339      37373135 
 1340 008a 67202D66 		.ascii	"g -ffunction-sections -ffat-lto-objects\000"
 1340      66756E63 
 1340      74696F6E 
 1340      2D736563 
 1340      74696F6E 
 1341              	.LASF5:
ARM GAS  C:\Users\bryan.lee\AppData\Local\Temp\cc9MR7rm.s 			page 25


 1342 00b2 6C6F6E67 		.ascii	"long unsigned int\000"
 1342      20756E73 
 1342      69676E65 
 1342      6420696E 
 1342      7400
 1343              	.LASF3:
 1344 00c4 73686F72 		.ascii	"short unsigned int\000"
 1344      7420756E 
 1344      7369676E 
 1344      65642069 
 1344      6E7400
 1345              	.LASF13:
 1346 00d7 63795F6D 		.ascii	"cy_meta_custnvl\000"
 1346      6574615F 
 1346      63757374 
 1346      6E766C00 
 1347              	.LASF12:
 1348 00e7 63795F6D 		.ascii	"cy_meta_configecc\000"
 1348      6574615F 
 1348      636F6E66 
 1348      69676563 
 1348      6300
 1349              	.LASF8:
 1350 00f9 756E7369 		.ascii	"unsigned int\000"
 1350      676E6564 
 1350      20696E74 
 1350      00
 1351              	.LASF7:
 1352 0106 6C6F6E67 		.ascii	"long long unsigned int\000"
 1352      206C6F6E 
 1352      6720756E 
 1352      7369676E 
 1352      65642069 
 1353              	.LASF10:
 1354 011d 75696E74 		.ascii	"uint8_t\000"
 1354      385F7400 
 1355              	.LASF15:
 1356 0125 63795F6D 		.ascii	"cy_meta_flashprotect\000"
 1356      6574615F 
 1356      666C6173 
 1356      6870726F 
 1356      74656374 
 1357              	.LASF14:
 1358 013a 63795F6D 		.ascii	"cy_meta_wonvl\000"
 1358      6574615F 
 1358      776F6E76 
 1358      6C00
 1359              	.LASF11:
 1360 0148 73697A65 		.ascii	"sizetype\000"
 1360      74797065 
 1360      00
 1361              	.LASF6:
 1362 0151 6C6F6E67 		.ascii	"long long int\000"
 1362      206C6F6E 
 1362      6720696E 
 1362      7400
 1363              	.LASF2:
ARM GAS  C:\Users\bryan.lee\AppData\Local\Temp\cc9MR7rm.s 			page 26


 1364 015f 73686F72 		.ascii	"short int\000"
 1364      7420696E 
 1364      7400
 1365              	.LASF4:
 1366 0169 6C6F6E67 		.ascii	"long int\000"
 1366      20696E74 
 1366      00
 1367              	.LASF0:
 1368 0172 7369676E 		.ascii	"signed char\000"
 1368      65642063 
 1368      68617200 
 1369              	.LASF19:
 1370 017e 433A5C55 		.ascii	"C:\\Users\\bryan.lee\\Documents\\GitHub\\hello-worl"
 1370      73657273 
 1370      5C627279 
 1370      616E2E6C 
 1370      65655C44 
 1371 01ac 645C4379 		.ascii	"d\\Cypress\\UART\\CE210741\\UART_Full_Duplex.cydsn\000"
 1371      70726573 
 1371      735C5541 
 1371      52545C43 
 1371      45323130 
 1372              	.LASF18:
 1373 01db 47656E65 		.ascii	"Generated_Source\\PSoC5\\cymetadata.c\000"
 1373      72617465 
 1373      645F536F 
 1373      75726365 
 1373      5C50536F 
 1374              		.ident	"GCC: (GNU Tools for ARM Embedded Processors) 5.4.1 20160609 (release) [ARM/embedded-5-bran
