ARM GAS  C:\Users\bryan.lee\AppData\Local\Temp\ccSCQbyw.s 			page 1


   1              		.syntax unified
   2              		.cpu cortex-m3
   3              		.fpu softvfp
   4              		.eabi_attribute 20, 1
   5              		.eabi_attribute 21, 1
   6              		.eabi_attribute 23, 3
   7              		.eabi_attribute 24, 1
   8              		.eabi_attribute 25, 1
   9              		.eabi_attribute 26, 1
  10              		.eabi_attribute 30, 1
  11              		.eabi_attribute 34, 1
  12              		.eabi_attribute 18, 4
  13              		.thumb
  14              		.syntax unified
  15              		.file	"main.c"
  16              		.text
  17              	.Ltext0:
  18              		.cfi_sections	.debug_frame
  19              		.syntax unified
  20              		.global _printf_float
  21              		.thumb
  22              		.syntax unified
  23              		.section	.text.RxIsr,"ax",%progbits
  24              		.align	2
  25              		.global	RxIsr
  26              		.thumb
  27              		.thumb_func
  28              		.type	RxIsr, %function
  29              	RxIsr:
  30              	.LFB64:
  31              		.file 1 "main.c"
   1:main.c        **** /*****************************************************************************
   2:main.c        **** * File Name: main.c
   3:main.c        **** *
   4:main.c        **** * Version: 1.10
   5:main.c        **** *
   6:main.c        **** * Description: 
   7:main.c        **** *  This code example project demonstrates how to communicate between 
   8:main.c        **** *  the PC and UART component in Full duplex mode. The UART has receiver(RX) and 
   9:main.c        **** *  transmitter(TX) part. The data received by RX is looped back to the TX.
  10:main.c        **** *
  11:main.c        **** * Related Document: 
  12:main.c        **** * CE210741_UART_Full_Duplex_and_printf_Support_with_PSoC_3_4_5LP.pdf
  13:main.c        **** *
  14:main.c        **** * Hardware Dependency: See 
  15:main.c        **** * CE210741_UART_Full_Duplex_and_printf_Support_with_PSoC_3_4_5LP.pdf
  16:main.c        **** *
  17:main.c        **** *******************************************************************************
  18:main.c        **** * Copyright (2017), Cypress Semiconductor Corporation. All rights reserved.
  19:main.c        **** *******************************************************************************
  20:main.c        **** * This software, including source code, documentation and related materials
  21:main.c        **** * (“Software”), is owned by Cypress Semiconductor Corporation or one of its
  22:main.c        **** * subsidiaries (“Cypress”) and is protected by and subject to worldwide patent
  23:main.c        **** * protection (United States and foreign), United States copyright laws and
  24:main.c        **** * international treaty provisions. Therefore, you may use this Software only
  25:main.c        **** * as provided in the license agreement accompanying the software package from
  26:main.c        **** * which you obtained this Software (“EULA”).
ARM GAS  C:\Users\bryan.lee\AppData\Local\Temp\ccSCQbyw.s 			page 2


  27:main.c        **** *
  28:main.c        **** * If no EULA applies, Cypress hereby grants you a personal, non-exclusive,
  29:main.c        **** * non-transferable license to copy, modify, and compile the Software source
  30:main.c        **** * code solely for use in connection with Cypress’s integrated circuit products.
  31:main.c        **** * Any reproduction, modification, translation, compilation, or representation
  32:main.c        **** * of this Software except as specified above is prohibited without the express
  33:main.c        **** * written permission of Cypress.
  34:main.c        **** *
  35:main.c        **** * Disclaimer: THIS SOFTWARE IS PROVIDED AS-IS, WITH NO WARRANTY OF ANY KIND, 
  36:main.c        **** * EXPRESS OR IMPLIED, INCLUDING, BUT NOT LIMITED TO, NONINFRINGEMENT, IMPLIED 
  37:main.c        **** * WARRANTIES OF MERCHANTABILITY AND FITNESS FOR A PARTICULAR PURPOSE. Cypress 
  38:main.c        **** * reserves the right to make changes to the Software without notice. Cypress 
  39:main.c        **** * does not assume any liability arising out of the application or use of the 
  40:main.c        **** * Software or any product or circuit described in the Software. Cypress does 
  41:main.c        **** * not authorize its products for use in any products where a malfunction or 
  42:main.c        **** * failure of the Cypress product may reasonably be expected to result in 
  43:main.c        **** * significant property damage, injury or death (“High Risk Product”). By 
  44:main.c        **** * including Cypress’s product in a High Risk Product, the manufacturer of such 
  45:main.c        **** * system or application assumes all risk of such use and in doing so agrees to 
  46:main.c        **** * indemnify Cypress against all liability. 
  47:main.c        **** *******************************************************************************/
  48:main.c        **** 
  49:main.c        **** #include <project.h>
  50:main.c        **** #include <stdio.h>
  51:main.c        **** #include "common.h"
  52:main.c        **** 
  53:main.c        **** 
  54:main.c        **** /* Add an explicit reference to the floating point printf library to allow
  55:main.c        **** the usage of floating point conversion specifier */
  56:main.c        **** #if defined (__GNUC__)
  57:main.c        ****     asm (".global _printf_float");
  58:main.c        **** #endif
  59:main.c        **** 
  60:main.c        **** uint8 errorStatus = 0u;
  61:main.c        **** 
  62:main.c        **** 
  63:main.c        **** /*******************************************************************************
  64:main.c        **** * Function Name: RxIsr
  65:main.c        **** ********************************************************************************
  66:main.c        **** *
  67:main.c        **** * Summary:
  68:main.c        **** *  Interrupt Service Routine for RX portion of the UART
  69:main.c        **** *
  70:main.c        **** * Parameters:
  71:main.c        **** *  None.
  72:main.c        **** *
  73:main.c        **** * Return:
  74:main.c        **** *  None.
  75:main.c        **** *
  76:main.c        **** *******************************************************************************/
  77:main.c        **** CY_ISR(RxIsr)
  78:main.c        **** {
  32              		.loc 1 78 0
  33              		.cfi_startproc
  34              		@ args = 0, pretend = 0, frame = 0
  35              		@ frame_needed = 0, uses_anonymous_args = 0
  36              		@ link register save eliminated.
ARM GAS  C:\Users\bryan.lee\AppData\Local\Temp\ccSCQbyw.s 			page 3


  37              	.L4:
  79:main.c        ****     uint8 rxStatus;         
  80:main.c        ****     uint8 rxData;           
  81:main.c        ****     
  82:main.c        ****     do
  83:main.c        ****     {
  84:main.c        ****         /* Read receiver status register */
  85:main.c        ****         rxStatus = UART_RXSTATUS_REG;
  38              		.loc 1 85 0
  39 0000 0D4B     		ldr	r3, .L5
  40 0002 1B78     		ldrb	r3, [r3]	@ zero_extendqisi2
  41 0004 DBB2     		uxtb	r3, r3
  42              	.LVL0:
  86:main.c        **** 
  87:main.c        ****         if((rxStatus & (UART_RX_STS_BREAK      | UART_RX_STS_PAR_ERROR |
  43              		.loc 1 87 0
  44 0006 13F01E0F 		tst	r3, #30
  45 000a 05D0     		beq	.L2
  88:main.c        ****                         UART_RX_STS_STOP_ERROR | UART_RX_STS_OVERRUN)) != 0u)
  89:main.c        ****         {
  90:main.c        ****             /* ERROR handling. */
  91:main.c        ****             errorStatus |= rxStatus & ( UART_RX_STS_BREAK      | UART_RX_STS_PAR_ERROR | 
  46              		.loc 1 91 0
  47 000c 0B48     		ldr	r0, .L5+4
  48 000e 03F01E02 		and	r2, r3, #30
  49 0012 0178     		ldrb	r1, [r0]	@ zero_extendqisi2
  50 0014 0A43     		orrs	r2, r2, r1
  51 0016 0270     		strb	r2, [r0]
  52              	.L2:
  53 0018 03F02003 		and	r3, r3, #32
  54              	.LVL1:
  92:main.c        ****                                         UART_RX_STS_STOP_ERROR | UART_RX_STS_OVERRUN);
  93:main.c        ****         }
  94:main.c        ****         
  95:main.c        ****         if((rxStatus & UART_RX_STS_FIFO_NOTEMPTY) != 0u)
  55              		.loc 1 95 0
  56 001c 03F0FF02 		and	r2, r3, #255
  57 0020 3BB1     		cbz	r3, .L3
  96:main.c        ****         {
  97:main.c        ****             /* Read data from the RX data register */
  98:main.c        ****             rxData = UART_RXDATA_REG;
  58              		.loc 1 98 0
  59 0022 074B     		ldr	r3, .L5+8
  60 0024 1B78     		ldrb	r3, [r3]	@ zero_extendqisi2
  61 0026 DBB2     		uxtb	r3, r3
  62              	.LVL2:
  99:main.c        ****             if(errorStatus == 0u)
  63              		.loc 1 99 0
  64 0028 0449     		ldr	r1, .L5+4
  65 002a 0978     		ldrb	r1, [r1]	@ zero_extendqisi2
  66 002c 09B9     		cbnz	r1, .L3
 100:main.c        ****             {
 101:main.c        ****                 /* Send data backward */
 102:main.c        ****                 UART_TXDATA_REG = rxData;
  67              		.loc 1 102 0
  68 002e 0549     		ldr	r1, .L5+12
  69 0030 0B70     		strb	r3, [r1]
ARM GAS  C:\Users\bryan.lee\AppData\Local\Temp\ccSCQbyw.s 			page 4


  70              	.LVL3:
  71              	.L3:
 103:main.c        ****             }
 104:main.c        ****         }
 105:main.c        ****     }while((rxStatus & UART_RX_STS_FIFO_NOTEMPTY) != 0u);
  72              		.loc 1 105 0
  73 0032 002A     		cmp	r2, #0
  74 0034 E4D1     		bne	.L4
 106:main.c        **** 
 107:main.c        **** }
  75              		.loc 1 107 0
  76 0036 7047     		bx	lr
  77              	.L6:
  78              		.align	2
  79              	.L5:
  80 0038 62640040 		.word	1073767522
  81 003c 00000000 		.word	.LANCHOR0
  82 0040 42640040 		.word	1073767490
  83 0044 45640040 		.word	1073767493
  84              		.cfi_endproc
  85              	.LFE64:
  86              		.size	RxIsr, .-RxIsr
  87              		.section	.text.main,"ax",%progbits
  88              		.align	2
  89              		.global	main
  90              		.thumb
  91              		.thumb_func
  92              		.type	main, %function
  93              	main:
  94              	.LFB65:
 108:main.c        ****     
 109:main.c        **** 
 110:main.c        **** /*******************************************************************************
 111:main.c        **** * Function Name: main()
 112:main.c        **** ********************************************************************************
 113:main.c        **** * Summary:
 114:main.c        **** *  Main function for the project.
 115:main.c        **** *
 116:main.c        **** * Theory:
 117:main.c        **** *  The function starts UART and interrupt components.
 118:main.c        **** *
 119:main.c        **** *******************************************************************************/
 120:main.c        **** int main()
 121:main.c        **** {
  95              		.loc 1 121 0
  96              		.cfi_startproc
  97              		@ args = 0, pretend = 0, frame = 0
  98              		@ frame_needed = 0, uses_anonymous_args = 0
  99 0000 38B5     		push	{r3, r4, r5, lr}
 100              		.cfi_def_cfa_offset 16
 101              		.cfi_offset 3, -16
 102              		.cfi_offset 4, -12
 103              		.cfi_offset 5, -8
 104              		.cfi_offset 14, -4
 105              	.LVL4:
 122:main.c        ****     uint8 button = 0u;
 123:main.c        ****     uint8 buttonPre = 0u;
ARM GAS  C:\Users\bryan.lee\AppData\Local\Temp\ccSCQbyw.s 			page 5


 124:main.c        ****     
 125:main.c        ****     LED_Write(LED_OFF);     /* Clear LED */
 106              		.loc 1 125 0
 107 0002 0020     		movs	r0, #0
 108 0004 FFF7FEFF 		bl	LED_Write
 109              	.LVL5:
 126:main.c        **** 
 127:main.c        ****     UART_Start();           /* Start communication component */
 110              		.loc 1 127 0
 111 0008 FFF7FEFF 		bl	UART_Start
 112              	.LVL6:
 128:main.c        ****     UART_PutString("UART Full Duplex and printf() support Code Example Project \r\n");
 113              		.loc 1 128 0
 114 000c 1648     		ldr	r0, .L12+8
 115 000e FFF7FEFF 		bl	UART_PutString
 116              	.LVL7:
 129:main.c        **** 
 130:main.c        **** #if(INTERRUPT_CODE_ENABLED == ENABLED)
 131:main.c        ****     isr_rx_StartEx(RxIsr);
 117              		.loc 1 131 0
 118 0012 1648     		ldr	r0, .L12+12
 119 0014 FFF7FEFF 		bl	isr_rx_StartEx
 120              	.LVL8:
 132:main.c        **** #endif /* INTERRUPT_CODE_ENABLED == ENABLED */
 133:main.c        ****     
 134:main.c        ****     CyGlobalIntEnable;      /* Enable global interrupts. */
 121              		.loc 1 134 0
 122              		.syntax unified
 123              	@ 134 "main.c" 1
 124 0018 62B6     		CPSIE   i
 125              	@ 0 "" 2
 126              	.LVL9:
 127              		.thumb
 128              		.syntax unified
 129              	.LBB2:
 135:main.c        ****     
 136:main.c        **** #if(UART_PRINTF_ENABLED == ENABLED)
 137:main.c        **** {
 138:main.c        ****     uint32 i = 444444444u;
 139:main.c        ****     float f = 55.55555f;
 140:main.c        ****     
 141:main.c        ****     /* Use printf() function which will send formatted data through "UART" */
 142:main.c        ****     printf("Test printf function. long:%ld, ", i);    
 130              		.loc 1 142 0
 131 001a 1549     		ldr	r1, .L12+16
 132 001c 1548     		ldr	r0, .L12+20
 133 001e FFF7FEFF 		bl	printf
 134              	.LVL10:
 143:main.c        ****     /* PSoC 3: The total number of bytes that may be passed to this function is limited
 144:main.c        ****        due to the memory restrictions imposed by the 8051. 
 145:main.c        ****        A maximum of 40 bytes may be passed in LARGE model. 
 146:main.c        ****     */
 147:main.c        ****     printf("float:%2.5f \r\n", f);    
 135              		.loc 1 147 0
 136 0022 0FA3     		adr	r3, .L12
 137 0024 D3E90023 		ldrd	r2, [r3]
 138 0028 1348     		ldr	r0, .L12+24
ARM GAS  C:\Users\bryan.lee\AppData\Local\Temp\ccSCQbyw.s 			page 6


 139 002a FFF7FEFF 		bl	printf
 140              	.LVL11:
 141              	.LBE2:
 148:main.c        **** }
 149:main.c        **** #endif /* UART_PRINTF_ENABLED == ENABLED */
 150:main.c        ****     UART_PutString("Enter the characters to transmit \r\n");
 142              		.loc 1 150 0
 143 002e 1348     		ldr	r0, .L12+28
 144 0030 FFF7FEFF 		bl	UART_PutString
 145              	.LVL12:
 123:main.c        ****     
 146              		.loc 1 123 0
 147 0034 0025     		movs	r5, #0
 148 0036 00E0     		b	.L8
 149              	.LVL13:
 150              	.L10:
 121:main.c        ****     uint8 button = 0u;
 151              		.loc 1 121 0
 152 0038 2546     		mov	r5, r4
 153              	.LVL14:
 154              	.L8:
 151:main.c        **** 
 152:main.c        ****     for(;;)
 153:main.c        ****     {
 154:main.c        ****         if(errorStatus != 0u)
 155              		.loc 1 154 0
 156 003a 114B     		ldr	r3, .L12+32
 157 003c 1B78     		ldrb	r3, [r3]	@ zero_extendqisi2
 158 003e 2BB1     		cbz	r3, .L9
 155:main.c        ****         {
 156:main.c        ****             /* Indicate an error on the LED */
 157:main.c        ****             LED_Write(LED_ON);
 159              		.loc 1 157 0
 160 0040 0120     		movs	r0, #1
 161 0042 FFF7FEFF 		bl	LED_Write
 162              	.LVL15:
 158:main.c        ****             /* Clear error status */
 159:main.c        ****             errorStatus = 0u;
 163              		.loc 1 159 0
 164 0046 0022     		movs	r2, #0
 165 0048 0D4B     		ldr	r3, .L12+32
 166 004a 1A70     		strb	r2, [r3]
 167              	.L9:
 160:main.c        ****         }
 161:main.c        ****         
 162:main.c        ****         /***********************************************************************
 163:main.c        ****         * Handle SW2 press. 
 164:main.c        ****         ***********************************************************************/
 165:main.c        ****         button = SW2_Read();
 168              		.loc 1 165 0
 169 004c FFF7FEFF 		bl	SW2_Read
 170              	.LVL16:
 166:main.c        ****         if((button == 0u) && (buttonPre != 0u))
 171              		.loc 1 166 0
 172 0050 0446     		mov	r4, r0
 173 0052 0028     		cmp	r0, #0
 174 0054 F0D1     		bne	.L10
ARM GAS  C:\Users\bryan.lee\AppData\Local\Temp\ccSCQbyw.s 			page 7


 175              		.loc 1 166 0 is_stmt 0 discriminator 1
 176 0056 002D     		cmp	r5, #0
 177 0058 EED0     		beq	.L10
 167:main.c        ****         {
 168:main.c        ****             LED_Write(LED_OFF);     /* Clear LED */
 178              		.loc 1 168 0 is_stmt 1
 179 005a FFF7FEFF 		bl	LED_Write
 180              	.LVL17:
 181 005e EBE7     		b	.L10
 182              	.L13:
 183              		.align	3
 184              	.L12:
 185 0060 00000040 		.word	1073741824
 186 0064 1CC74B40 		.word	1078707996
 187 0068 00000000 		.word	.LC0
 188 006c 00000000 		.word	RxIsr
 189 0070 1CAF7D1A 		.word	444444444
 190 0074 40000000 		.word	.LC1
 191 0078 64000000 		.word	.LC2
 192 007c 74000000 		.word	.LC3
 193 0080 00000000 		.word	.LANCHOR0
 194              		.cfi_endproc
 195              	.LFE65:
 196              		.size	main, .-main
 197              		.global	errorStatus
 198              		.section	.rodata.str1.4,"aMS",%progbits,1
 199              		.align	2
 200              	.LC0:
 201 0000 55415254 		.ascii	"UART Full Duplex and printf() support Code Example "
 201      2046756C 
 201      6C204475 
 201      706C6578 
 201      20616E64 
 202 0033 50726F6A 		.ascii	"Project \015\012\000"
 202      65637420 
 202      0D0A00
 203 003e 0000     		.space	2
 204              	.LC1:
 205 0040 54657374 		.ascii	"Test printf function. long:%ld, \000"
 205      20707269 
 205      6E746620 
 205      66756E63 
 205      74696F6E 
 206 0061 000000   		.space	3
 207              	.LC2:
 208 0064 666C6F61 		.ascii	"float:%2.5f \015\012\000"
 208      743A2532 
 208      2E356620 
 208      0D0A00
 209 0073 00       		.space	1
 210              	.LC3:
 211 0074 456E7465 		.ascii	"Enter the characters to transmit \015\012\000"
 211      72207468 
 211      65206368 
 211      61726163 
 211      74657273 
 212              		.bss
ARM GAS  C:\Users\bryan.lee\AppData\Local\Temp\ccSCQbyw.s 			page 8


 213              		.set	.LANCHOR0,. + 0
 214              		.type	errorStatus, %object
 215              		.size	errorStatus, 1
 216              	errorStatus:
 217 0000 00       		.space	1
 218              		.text
 219              	.Letext0:
 220              		.file 2 "c:\\program files (x86)\\cypress\\psoc creator\\4.3\\psoc creator\\import\\gnu\\arm\\5.4.
 221              		.file 3 "c:\\program files (x86)\\cypress\\psoc creator\\4.3\\psoc creator\\import\\gnu\\arm\\5.4.
 222              		.file 4 "Generated_Source\\PSoC5/cytypes.h"
 223              		.file 5 "Generated_Source\\PSoC5/core_cm3.h"
 224              		.file 6 "c:\\program files (x86)\\cypress\\psoc creator\\4.3\\psoc creator\\import\\gnu\\arm\\5.4.
 225              		.file 7 "Generated_Source\\PSoC5/LED.h"
 226              		.file 8 "Generated_Source\\PSoC5/UART.h"
 227              		.file 9 "Generated_Source\\PSoC5/isr_rx.h"
 228              		.file 10 "Generated_Source\\PSoC5/SW2.h"
 229              		.section	.debug_info,"",%progbits
 230              	.Ldebug_info0:
 231 0000 97020000 		.4byte	0x297
 232 0004 0400     		.2byte	0x4
 233 0006 00000000 		.4byte	.Ldebug_abbrev0
 234 000a 04       		.byte	0x4
 235 000b 01       		.uleb128 0x1
 236 000c 37000000 		.4byte	.LASF31
 237 0010 0C       		.byte	0xc
 238 0011 92010000 		.4byte	.LASF32
 239 0015 EC010000 		.4byte	.LASF33
 240 0019 00000000 		.4byte	.Ldebug_ranges0+0
 241 001d 00000000 		.4byte	0
 242 0021 00000000 		.4byte	.Ldebug_line0
 243 0025 02       		.uleb128 0x2
 244 0026 08       		.byte	0x8
 245 0027 04       		.byte	0x4
 246 0028 01010000 		.4byte	.LASF0
 247 002c 02       		.uleb128 0x2
 248 002d 01       		.byte	0x1
 249 002e 06       		.byte	0x6
 250 002f D1010000 		.4byte	.LASF1
 251 0033 02       		.uleb128 0x2
 252 0034 01       		.byte	0x1
 253 0035 08       		.byte	0x8
 254 0036 29000000 		.4byte	.LASF2
 255 003a 02       		.uleb128 0x2
 256 003b 02       		.byte	0x2
 257 003c 05       		.byte	0x5
 258 003d A5010000 		.4byte	.LASF3
 259 0041 02       		.uleb128 0x2
 260 0042 02       		.byte	0x2
 261 0043 07       		.byte	0x7
 262 0044 DC000000 		.4byte	.LASF4
 263 0048 03       		.uleb128 0x3
 264 0049 13000000 		.4byte	.LASF10
 265 004d 02       		.byte	0x2
 266 004e 3F       		.byte	0x3f
 267 004f 53000000 		.4byte	0x53
 268 0053 02       		.uleb128 0x2
 269 0054 04       		.byte	0x4
ARM GAS  C:\Users\bryan.lee\AppData\Local\Temp\ccSCQbyw.s 			page 9


 270 0055 05       		.byte	0x5
 271 0056 B5010000 		.4byte	.LASF5
 272 005a 02       		.uleb128 0x2
 273 005b 04       		.byte	0x4
 274 005c 07       		.byte	0x7
 275 005d CA000000 		.4byte	.LASF6
 276 0061 02       		.uleb128 0x2
 277 0062 08       		.byte	0x8
 278 0063 05       		.byte	0x5
 279 0064 84010000 		.4byte	.LASF7
 280 0068 02       		.uleb128 0x2
 281 0069 08       		.byte	0x8
 282 006a 07       		.byte	0x7
 283 006b 45010000 		.4byte	.LASF8
 284 006f 04       		.uleb128 0x4
 285 0070 04       		.byte	0x4
 286 0071 05       		.byte	0x5
 287 0072 696E7400 		.ascii	"int\000"
 288 0076 02       		.uleb128 0x2
 289 0077 04       		.byte	0x4
 290 0078 07       		.byte	0x7
 291 0079 38010000 		.4byte	.LASF9
 292 007d 03       		.uleb128 0x3
 293 007e 73010000 		.4byte	.LASF11
 294 0082 03       		.byte	0x3
 295 0083 2C       		.byte	0x2c
 296 0084 48000000 		.4byte	0x48
 297 0088 05       		.uleb128 0x5
 298 0089 AF010000 		.4byte	.LASF12
 299 008d 04       		.byte	0x4
 300 008e E401     		.2byte	0x1e4
 301 0090 33000000 		.4byte	0x33
 302 0094 05       		.uleb128 0x5
 303 0095 1D010000 		.4byte	.LASF13
 304 0099 04       		.byte	0x4
 305 009a E601     		.2byte	0x1e6
 306 009c 5A000000 		.4byte	0x5a
 307 00a0 02       		.uleb128 0x2
 308 00a1 04       		.byte	0x4
 309 00a2 04       		.byte	0x4
 310 00a3 23000000 		.4byte	.LASF14
 311 00a7 02       		.uleb128 0x2
 312 00a8 01       		.byte	0x1
 313 00a9 08       		.byte	0x8
 314 00aa 99010000 		.4byte	.LASF15
 315 00ae 05       		.uleb128 0x5
 316 00af C5000000 		.4byte	.LASF16
 317 00b3 04       		.byte	0x4
 318 00b4 8E02     		.2byte	0x28e
 319 00b6 BA000000 		.4byte	0xba
 320 00ba 06       		.uleb128 0x6
 321 00bb 88000000 		.4byte	0x88
 322 00bf 02       		.uleb128 0x2
 323 00c0 08       		.byte	0x8
 324 00c1 04       		.byte	0x4
 325 00c2 C5010000 		.4byte	.LASF17
 326 00c6 02       		.uleb128 0x2
ARM GAS  C:\Users\bryan.lee\AppData\Local\Temp\ccSCQbyw.s 			page 10


 327 00c7 04       		.byte	0x4
 328 00c8 07       		.byte	0x7
 329 00c9 7B010000 		.4byte	.LASF18
 330 00cd 07       		.uleb128 0x7
 331 00ce 1D000000 		.4byte	.LASF34
 332 00d2 01       		.byte	0x1
 333 00d3 4D       		.byte	0x4d
 334 00d4 00000000 		.4byte	.LFB64
 335 00d8 48000000 		.4byte	.LFE64-.LFB64
 336 00dc 01       		.uleb128 0x1
 337 00dd 9C       		.byte	0x9c
 338 00de 01010000 		.4byte	0x101
 339 00e2 08       		.uleb128 0x8
 340 00e3 08010000 		.4byte	.LASF19
 341 00e7 01       		.byte	0x1
 342 00e8 4F       		.byte	0x4f
 343 00e9 88000000 		.4byte	0x88
 344 00ed 00000000 		.4byte	.LLST0
 345 00f1 08       		.uleb128 0x8
 346 00f2 FA000000 		.4byte	.LASF20
 347 00f6 01       		.byte	0x1
 348 00f7 50       		.byte	0x50
 349 00f8 88000000 		.4byte	0x88
 350 00fc 13000000 		.4byte	.LLST1
 351 0100 00       		.byte	0
 352 0101 09       		.uleb128 0x9
 353 0102 24010000 		.4byte	.LASF35
 354 0106 01       		.byte	0x1
 355 0107 78       		.byte	0x78
 356 0108 6F000000 		.4byte	0x6f
 357 010c 00000000 		.4byte	.LFB65
 358 0110 84000000 		.4byte	.LFE65-.LFB65
 359 0114 01       		.uleb128 0x1
 360 0115 9C       		.byte	0x9c
 361 0116 36020000 		.4byte	0x236
 362 011a 08       		.uleb128 0x8
 363 011b BE010000 		.4byte	.LASF21
 364 011f 01       		.byte	0x1
 365 0120 7A       		.byte	0x7a
 366 0121 88000000 		.4byte	0x88
 367 0125 26000000 		.4byte	.LLST2
 368 0129 08       		.uleb128 0x8
 369 012a 5C010000 		.4byte	.LASF22
 370 012e 01       		.byte	0x1
 371 012f 7B       		.byte	0x7b
 372 0130 88000000 		.4byte	0x88
 373 0134 45000000 		.4byte	.LLST3
 374 0138 0A       		.uleb128 0xa
 375 0139 1A000000 		.4byte	.LBB2
 376 013d 14000000 		.4byte	.LBE2-.LBB2
 377 0141 A8010000 		.4byte	0x1a8
 378 0145 0B       		.uleb128 0xb
 379 0146 6900     		.ascii	"i\000"
 380 0148 01       		.byte	0x1
 381 0149 8A       		.byte	0x8a
 382 014a 94000000 		.4byte	0x94
 383 014e 1CAF7D1A 		.4byte	0x1a7daf1c
ARM GAS  C:\Users\bryan.lee\AppData\Local\Temp\ccSCQbyw.s 			page 11


 384 0152 0C       		.uleb128 0xc
 385 0153 6600     		.ascii	"f\000"
 386 0155 01       		.byte	0x1
 387 0156 8B       		.byte	0x8b
 388 0157 A0000000 		.4byte	0xa0
 389 015b 04       		.byte	0x4
 390 015c E2385E42 		.4byte	0x425e38e2
 391 0160 0D       		.uleb128 0xd
 392 0161 22000000 		.4byte	.LVL10
 393 0165 58020000 		.4byte	0x258
 394 0169 80010000 		.4byte	0x180
 395 016d 0E       		.uleb128 0xe
 396 016e 01       		.uleb128 0x1
 397 016f 50       		.byte	0x50
 398 0170 05       		.uleb128 0x5
 399 0171 03       		.byte	0x3
 400 0172 40000000 		.4byte	.LC1
 401 0176 0E       		.uleb128 0xe
 402 0177 01       		.uleb128 0x1
 403 0178 51       		.byte	0x51
 404 0179 05       		.uleb128 0x5
 405 017a 0C       		.byte	0xc
 406 017b 1CAF7D1A 		.4byte	0x1a7daf1c
 407 017f 00       		.byte	0
 408 0180 0F       		.uleb128 0xf
 409 0181 2E000000 		.4byte	.LVL11
 410 0185 58020000 		.4byte	0x258
 411 0189 0E       		.uleb128 0xe
 412 018a 01       		.uleb128 0x1
 413 018b 50       		.byte	0x50
 414 018c 05       		.uleb128 0x5
 415 018d 03       		.byte	0x3
 416 018e 64000000 		.4byte	.LC2
 417 0192 0E       		.uleb128 0xe
 418 0193 06       		.uleb128 0x6
 419 0194 52       		.byte	0x52
 420 0195 93       		.byte	0x93
 421 0196 04       		.uleb128 0x4
 422 0197 53       		.byte	0x53
 423 0198 93       		.byte	0x93
 424 0199 04       		.uleb128 0x4
 425 019a 0B       		.uleb128 0xb
 426 019b F4       		.byte	0xf4
 427 019c 25       		.uleb128 0x25
 428 019d 08       		.byte	0x8
 429 019e 00000040 		.4byte	0x40000000
 430 01a2 1CC74B40 		.4byte	0x404bc71c
 431 01a6 00       		.byte	0
 432 01a7 00       		.byte	0
 433 01a8 0D       		.uleb128 0xd
 434 01a9 08000000 		.4byte	.LVL5
 435 01ad 63020000 		.4byte	0x263
 436 01b1 BB010000 		.4byte	0x1bb
 437 01b5 0E       		.uleb128 0xe
 438 01b6 01       		.uleb128 0x1
 439 01b7 50       		.byte	0x50
 440 01b8 01       		.uleb128 0x1
ARM GAS  C:\Users\bryan.lee\AppData\Local\Temp\ccSCQbyw.s 			page 12


 441 01b9 30       		.byte	0x30
 442 01ba 00       		.byte	0
 443 01bb 10       		.uleb128 0x10
 444 01bc 0C000000 		.4byte	.LVL6
 445 01c0 6E020000 		.4byte	0x26e
 446 01c4 0D       		.uleb128 0xd
 447 01c5 12000000 		.4byte	.LVL7
 448 01c9 79020000 		.4byte	0x279
 449 01cd DB010000 		.4byte	0x1db
 450 01d1 0E       		.uleb128 0xe
 451 01d2 01       		.uleb128 0x1
 452 01d3 50       		.byte	0x50
 453 01d4 05       		.uleb128 0x5
 454 01d5 03       		.byte	0x3
 455 01d6 00000000 		.4byte	.LC0
 456 01da 00       		.byte	0
 457 01db 0D       		.uleb128 0xd
 458 01dc 18000000 		.4byte	.LVL8
 459 01e0 84020000 		.4byte	0x284
 460 01e4 F2010000 		.4byte	0x1f2
 461 01e8 0E       		.uleb128 0xe
 462 01e9 01       		.uleb128 0x1
 463 01ea 50       		.byte	0x50
 464 01eb 05       		.uleb128 0x5
 465 01ec 03       		.byte	0x3
 466 01ed 00000000 		.4byte	RxIsr
 467 01f1 00       		.byte	0
 468 01f2 0D       		.uleb128 0xd
 469 01f3 34000000 		.4byte	.LVL12
 470 01f7 79020000 		.4byte	0x279
 471 01fb 09020000 		.4byte	0x209
 472 01ff 0E       		.uleb128 0xe
 473 0200 01       		.uleb128 0x1
 474 0201 50       		.byte	0x50
 475 0202 05       		.uleb128 0x5
 476 0203 03       		.byte	0x3
 477 0204 74000000 		.4byte	.LC3
 478 0208 00       		.byte	0
 479 0209 0D       		.uleb128 0xd
 480 020a 46000000 		.4byte	.LVL15
 481 020e 63020000 		.4byte	0x263
 482 0212 1C020000 		.4byte	0x21c
 483 0216 0E       		.uleb128 0xe
 484 0217 01       		.uleb128 0x1
 485 0218 50       		.byte	0x50
 486 0219 01       		.uleb128 0x1
 487 021a 31       		.byte	0x31
 488 021b 00       		.byte	0
 489 021c 10       		.uleb128 0x10
 490 021d 50000000 		.4byte	.LVL16
 491 0221 8F020000 		.4byte	0x28f
 492 0225 0F       		.uleb128 0xf
 493 0226 5E000000 		.4byte	.LVL17
 494 022a 63020000 		.4byte	0x263
 495 022e 0E       		.uleb128 0xe
 496 022f 01       		.uleb128 0x1
 497 0230 50       		.byte	0x50
ARM GAS  C:\Users\bryan.lee\AppData\Local\Temp\ccSCQbyw.s 			page 13


 498 0231 02       		.uleb128 0x2
 499 0232 74       		.byte	0x74
 500 0233 00       		.sleb128 0
 501 0234 00       		.byte	0
 502 0235 00       		.byte	0
 503 0236 11       		.uleb128 0x11
 504 0237 66010000 		.4byte	.LASF23
 505 023b 05       		.byte	0x5
 506 023c 1207     		.2byte	0x712
 507 023e 42020000 		.4byte	0x242
 508 0242 06       		.uleb128 0x6
 509 0243 7D000000 		.4byte	0x7d
 510 0247 12       		.uleb128 0x12
 511 0248 11010000 		.4byte	.LASF24
 512 024c 01       		.byte	0x1
 513 024d 3C       		.byte	0x3c
 514 024e 88000000 		.4byte	0x88
 515 0252 05       		.uleb128 0x5
 516 0253 03       		.byte	0x3
 517 0254 00000000 		.4byte	errorStatus
 518 0258 13       		.uleb128 0x13
 519 0259 9E010000 		.4byte	.LASF25
 520 025d 9E010000 		.4byte	.LASF25
 521 0261 06       		.byte	0x6
 522 0262 BB       		.byte	0xbb
 523 0263 13       		.uleb128 0x13
 524 0264 09000000 		.4byte	.LASF26
 525 0268 09000000 		.4byte	.LASF26
 526 026c 07       		.byte	0x7
 527 026d 26       		.byte	0x26
 528 026e 13       		.uleb128 0x13
 529 026f EF000000 		.4byte	.LASF27
 530 0273 EF000000 		.4byte	.LASF27
 531 0277 08       		.byte	0x8
 532 0278 54       		.byte	0x54
 533 0279 13       		.uleb128 0x13
 534 027a DD010000 		.4byte	.LASF28
 535 027e DD010000 		.4byte	.LASF28
 536 0282 08       		.byte	0x8
 537 0283 8B       		.byte	0x8b
 538 0284 13       		.uleb128 0x13
 539 0285 29010000 		.4byte	.LASF29
 540 0289 29010000 		.4byte	.LASF29
 541 028d 09       		.byte	0x9
 542 028e 18       		.byte	0x18
 543 028f 13       		.uleb128 0x13
 544 0290 00000000 		.4byte	.LASF30
 545 0294 00000000 		.4byte	.LASF30
 546 0298 0A       		.byte	0xa
 547 0299 29       		.byte	0x29
 548 029a 00       		.byte	0
 549              		.section	.debug_abbrev,"",%progbits
 550              	.Ldebug_abbrev0:
 551 0000 01       		.uleb128 0x1
 552 0001 11       		.uleb128 0x11
 553 0002 01       		.byte	0x1
 554 0003 25       		.uleb128 0x25
ARM GAS  C:\Users\bryan.lee\AppData\Local\Temp\ccSCQbyw.s 			page 14


 555 0004 0E       		.uleb128 0xe
 556 0005 13       		.uleb128 0x13
 557 0006 0B       		.uleb128 0xb
 558 0007 03       		.uleb128 0x3
 559 0008 0E       		.uleb128 0xe
 560 0009 1B       		.uleb128 0x1b
 561 000a 0E       		.uleb128 0xe
 562 000b 55       		.uleb128 0x55
 563 000c 17       		.uleb128 0x17
 564 000d 11       		.uleb128 0x11
 565 000e 01       		.uleb128 0x1
 566 000f 10       		.uleb128 0x10
 567 0010 17       		.uleb128 0x17
 568 0011 00       		.byte	0
 569 0012 00       		.byte	0
 570 0013 02       		.uleb128 0x2
 571 0014 24       		.uleb128 0x24
 572 0015 00       		.byte	0
 573 0016 0B       		.uleb128 0xb
 574 0017 0B       		.uleb128 0xb
 575 0018 3E       		.uleb128 0x3e
 576 0019 0B       		.uleb128 0xb
 577 001a 03       		.uleb128 0x3
 578 001b 0E       		.uleb128 0xe
 579 001c 00       		.byte	0
 580 001d 00       		.byte	0
 581 001e 03       		.uleb128 0x3
 582 001f 16       		.uleb128 0x16
 583 0020 00       		.byte	0
 584 0021 03       		.uleb128 0x3
 585 0022 0E       		.uleb128 0xe
 586 0023 3A       		.uleb128 0x3a
 587 0024 0B       		.uleb128 0xb
 588 0025 3B       		.uleb128 0x3b
 589 0026 0B       		.uleb128 0xb
 590 0027 49       		.uleb128 0x49
 591 0028 13       		.uleb128 0x13
 592 0029 00       		.byte	0
 593 002a 00       		.byte	0
 594 002b 04       		.uleb128 0x4
 595 002c 24       		.uleb128 0x24
 596 002d 00       		.byte	0
 597 002e 0B       		.uleb128 0xb
 598 002f 0B       		.uleb128 0xb
 599 0030 3E       		.uleb128 0x3e
 600 0031 0B       		.uleb128 0xb
 601 0032 03       		.uleb128 0x3
 602 0033 08       		.uleb128 0x8
 603 0034 00       		.byte	0
 604 0035 00       		.byte	0
 605 0036 05       		.uleb128 0x5
 606 0037 16       		.uleb128 0x16
 607 0038 00       		.byte	0
 608 0039 03       		.uleb128 0x3
 609 003a 0E       		.uleb128 0xe
 610 003b 3A       		.uleb128 0x3a
 611 003c 0B       		.uleb128 0xb
ARM GAS  C:\Users\bryan.lee\AppData\Local\Temp\ccSCQbyw.s 			page 15


 612 003d 3B       		.uleb128 0x3b
 613 003e 05       		.uleb128 0x5
 614 003f 49       		.uleb128 0x49
 615 0040 13       		.uleb128 0x13
 616 0041 00       		.byte	0
 617 0042 00       		.byte	0
 618 0043 06       		.uleb128 0x6
 619 0044 35       		.uleb128 0x35
 620 0045 00       		.byte	0
 621 0046 49       		.uleb128 0x49
 622 0047 13       		.uleb128 0x13
 623 0048 00       		.byte	0
 624 0049 00       		.byte	0
 625 004a 07       		.uleb128 0x7
 626 004b 2E       		.uleb128 0x2e
 627 004c 01       		.byte	0x1
 628 004d 3F       		.uleb128 0x3f
 629 004e 19       		.uleb128 0x19
 630 004f 03       		.uleb128 0x3
 631 0050 0E       		.uleb128 0xe
 632 0051 3A       		.uleb128 0x3a
 633 0052 0B       		.uleb128 0xb
 634 0053 3B       		.uleb128 0x3b
 635 0054 0B       		.uleb128 0xb
 636 0055 27       		.uleb128 0x27
 637 0056 19       		.uleb128 0x19
 638 0057 11       		.uleb128 0x11
 639 0058 01       		.uleb128 0x1
 640 0059 12       		.uleb128 0x12
 641 005a 06       		.uleb128 0x6
 642 005b 40       		.uleb128 0x40
 643 005c 18       		.uleb128 0x18
 644 005d 9742     		.uleb128 0x2117
 645 005f 19       		.uleb128 0x19
 646 0060 01       		.uleb128 0x1
 647 0061 13       		.uleb128 0x13
 648 0062 00       		.byte	0
 649 0063 00       		.byte	0
 650 0064 08       		.uleb128 0x8
 651 0065 34       		.uleb128 0x34
 652 0066 00       		.byte	0
 653 0067 03       		.uleb128 0x3
 654 0068 0E       		.uleb128 0xe
 655 0069 3A       		.uleb128 0x3a
 656 006a 0B       		.uleb128 0xb
 657 006b 3B       		.uleb128 0x3b
 658 006c 0B       		.uleb128 0xb
 659 006d 49       		.uleb128 0x49
 660 006e 13       		.uleb128 0x13
 661 006f 02       		.uleb128 0x2
 662 0070 17       		.uleb128 0x17
 663 0071 00       		.byte	0
 664 0072 00       		.byte	0
 665 0073 09       		.uleb128 0x9
 666 0074 2E       		.uleb128 0x2e
 667 0075 01       		.byte	0x1
 668 0076 3F       		.uleb128 0x3f
ARM GAS  C:\Users\bryan.lee\AppData\Local\Temp\ccSCQbyw.s 			page 16


 669 0077 19       		.uleb128 0x19
 670 0078 03       		.uleb128 0x3
 671 0079 0E       		.uleb128 0xe
 672 007a 3A       		.uleb128 0x3a
 673 007b 0B       		.uleb128 0xb
 674 007c 3B       		.uleb128 0x3b
 675 007d 0B       		.uleb128 0xb
 676 007e 49       		.uleb128 0x49
 677 007f 13       		.uleb128 0x13
 678 0080 8701     		.uleb128 0x87
 679 0082 19       		.uleb128 0x19
 680 0083 11       		.uleb128 0x11
 681 0084 01       		.uleb128 0x1
 682 0085 12       		.uleb128 0x12
 683 0086 06       		.uleb128 0x6
 684 0087 40       		.uleb128 0x40
 685 0088 18       		.uleb128 0x18
 686 0089 9742     		.uleb128 0x2117
 687 008b 19       		.uleb128 0x19
 688 008c 01       		.uleb128 0x1
 689 008d 13       		.uleb128 0x13
 690 008e 00       		.byte	0
 691 008f 00       		.byte	0
 692 0090 0A       		.uleb128 0xa
 693 0091 0B       		.uleb128 0xb
 694 0092 01       		.byte	0x1
 695 0093 11       		.uleb128 0x11
 696 0094 01       		.uleb128 0x1
 697 0095 12       		.uleb128 0x12
 698 0096 06       		.uleb128 0x6
 699 0097 01       		.uleb128 0x1
 700 0098 13       		.uleb128 0x13
 701 0099 00       		.byte	0
 702 009a 00       		.byte	0
 703 009b 0B       		.uleb128 0xb
 704 009c 34       		.uleb128 0x34
 705 009d 00       		.byte	0
 706 009e 03       		.uleb128 0x3
 707 009f 08       		.uleb128 0x8
 708 00a0 3A       		.uleb128 0x3a
 709 00a1 0B       		.uleb128 0xb
 710 00a2 3B       		.uleb128 0x3b
 711 00a3 0B       		.uleb128 0xb
 712 00a4 49       		.uleb128 0x49
 713 00a5 13       		.uleb128 0x13
 714 00a6 1C       		.uleb128 0x1c
 715 00a7 06       		.uleb128 0x6
 716 00a8 00       		.byte	0
 717 00a9 00       		.byte	0
 718 00aa 0C       		.uleb128 0xc
 719 00ab 34       		.uleb128 0x34
 720 00ac 00       		.byte	0
 721 00ad 03       		.uleb128 0x3
 722 00ae 08       		.uleb128 0x8
 723 00af 3A       		.uleb128 0x3a
 724 00b0 0B       		.uleb128 0xb
 725 00b1 3B       		.uleb128 0x3b
ARM GAS  C:\Users\bryan.lee\AppData\Local\Temp\ccSCQbyw.s 			page 17


 726 00b2 0B       		.uleb128 0xb
 727 00b3 49       		.uleb128 0x49
 728 00b4 13       		.uleb128 0x13
 729 00b5 1C       		.uleb128 0x1c
 730 00b6 0A       		.uleb128 0xa
 731 00b7 00       		.byte	0
 732 00b8 00       		.byte	0
 733 00b9 0D       		.uleb128 0xd
 734 00ba 898201   		.uleb128 0x4109
 735 00bd 01       		.byte	0x1
 736 00be 11       		.uleb128 0x11
 737 00bf 01       		.uleb128 0x1
 738 00c0 31       		.uleb128 0x31
 739 00c1 13       		.uleb128 0x13
 740 00c2 01       		.uleb128 0x1
 741 00c3 13       		.uleb128 0x13
 742 00c4 00       		.byte	0
 743 00c5 00       		.byte	0
 744 00c6 0E       		.uleb128 0xe
 745 00c7 8A8201   		.uleb128 0x410a
 746 00ca 00       		.byte	0
 747 00cb 02       		.uleb128 0x2
 748 00cc 18       		.uleb128 0x18
 749 00cd 9142     		.uleb128 0x2111
 750 00cf 18       		.uleb128 0x18
 751 00d0 00       		.byte	0
 752 00d1 00       		.byte	0
 753 00d2 0F       		.uleb128 0xf
 754 00d3 898201   		.uleb128 0x4109
 755 00d6 01       		.byte	0x1
 756 00d7 11       		.uleb128 0x11
 757 00d8 01       		.uleb128 0x1
 758 00d9 31       		.uleb128 0x31
 759 00da 13       		.uleb128 0x13
 760 00db 00       		.byte	0
 761 00dc 00       		.byte	0
 762 00dd 10       		.uleb128 0x10
 763 00de 898201   		.uleb128 0x4109
 764 00e1 00       		.byte	0
 765 00e2 11       		.uleb128 0x11
 766 00e3 01       		.uleb128 0x1
 767 00e4 31       		.uleb128 0x31
 768 00e5 13       		.uleb128 0x13
 769 00e6 00       		.byte	0
 770 00e7 00       		.byte	0
 771 00e8 11       		.uleb128 0x11
 772 00e9 34       		.uleb128 0x34
 773 00ea 00       		.byte	0
 774 00eb 03       		.uleb128 0x3
 775 00ec 0E       		.uleb128 0xe
 776 00ed 3A       		.uleb128 0x3a
 777 00ee 0B       		.uleb128 0xb
 778 00ef 3B       		.uleb128 0x3b
 779 00f0 05       		.uleb128 0x5
 780 00f1 49       		.uleb128 0x49
 781 00f2 13       		.uleb128 0x13
 782 00f3 3F       		.uleb128 0x3f
ARM GAS  C:\Users\bryan.lee\AppData\Local\Temp\ccSCQbyw.s 			page 18


 783 00f4 19       		.uleb128 0x19
 784 00f5 3C       		.uleb128 0x3c
 785 00f6 19       		.uleb128 0x19
 786 00f7 00       		.byte	0
 787 00f8 00       		.byte	0
 788 00f9 12       		.uleb128 0x12
 789 00fa 34       		.uleb128 0x34
 790 00fb 00       		.byte	0
 791 00fc 03       		.uleb128 0x3
 792 00fd 0E       		.uleb128 0xe
 793 00fe 3A       		.uleb128 0x3a
 794 00ff 0B       		.uleb128 0xb
 795 0100 3B       		.uleb128 0x3b
 796 0101 0B       		.uleb128 0xb
 797 0102 49       		.uleb128 0x49
 798 0103 13       		.uleb128 0x13
 799 0104 3F       		.uleb128 0x3f
 800 0105 19       		.uleb128 0x19
 801 0106 02       		.uleb128 0x2
 802 0107 18       		.uleb128 0x18
 803 0108 00       		.byte	0
 804 0109 00       		.byte	0
 805 010a 13       		.uleb128 0x13
 806 010b 2E       		.uleb128 0x2e
 807 010c 00       		.byte	0
 808 010d 3F       		.uleb128 0x3f
 809 010e 19       		.uleb128 0x19
 810 010f 3C       		.uleb128 0x3c
 811 0110 19       		.uleb128 0x19
 812 0111 6E       		.uleb128 0x6e
 813 0112 0E       		.uleb128 0xe
 814 0113 03       		.uleb128 0x3
 815 0114 0E       		.uleb128 0xe
 816 0115 3A       		.uleb128 0x3a
 817 0116 0B       		.uleb128 0xb
 818 0117 3B       		.uleb128 0x3b
 819 0118 0B       		.uleb128 0xb
 820 0119 00       		.byte	0
 821 011a 00       		.byte	0
 822 011b 00       		.byte	0
 823              		.section	.debug_loc,"",%progbits
 824              	.Ldebug_loc0:
 825              	.LLST0:
 826 0000 06000000 		.4byte	.LVL0
 827 0004 1C000000 		.4byte	.LVL1
 828 0008 0100     		.2byte	0x1
 829 000a 53       		.byte	0x53
 830 000b 00000000 		.4byte	0
 831 000f 00000000 		.4byte	0
 832              	.LLST1:
 833 0013 28000000 		.4byte	.LVL2
 834 0017 32000000 		.4byte	.LVL3
 835 001b 0100     		.2byte	0x1
 836 001d 53       		.byte	0x53
 837 001e 00000000 		.4byte	0
 838 0022 00000000 		.4byte	0
 839              	.LLST2:
ARM GAS  C:\Users\bryan.lee\AppData\Local\Temp\ccSCQbyw.s 			page 19


 840 0026 02000000 		.4byte	.LVL4
 841 002a 38000000 		.4byte	.LVL13
 842 002e 0200     		.2byte	0x2
 843 0030 30       		.byte	0x30
 844 0031 9F       		.byte	0x9f
 845 0032 50000000 		.4byte	.LVL16
 846 0036 5D000000 		.4byte	.LVL17-1
 847 003a 0100     		.2byte	0x1
 848 003c 50       		.byte	0x50
 849 003d 00000000 		.4byte	0
 850 0041 00000000 		.4byte	0
 851              	.LLST3:
 852 0045 02000000 		.4byte	.LVL4
 853 0049 38000000 		.4byte	.LVL13
 854 004d 0200     		.2byte	0x2
 855 004f 30       		.byte	0x30
 856 0050 9F       		.byte	0x9f
 857 0051 38000000 		.4byte	.LVL13
 858 0055 84000000 		.4byte	.LFE65
 859 0059 0100     		.2byte	0x1
 860 005b 55       		.byte	0x55
 861 005c 00000000 		.4byte	0
 862 0060 00000000 		.4byte	0
 863              		.section	.debug_aranges,"",%progbits
 864 0000 24000000 		.4byte	0x24
 865 0004 0200     		.2byte	0x2
 866 0006 00000000 		.4byte	.Ldebug_info0
 867 000a 04       		.byte	0x4
 868 000b 00       		.byte	0
 869 000c 0000     		.2byte	0
 870 000e 0000     		.2byte	0
 871 0010 00000000 		.4byte	.LFB64
 872 0014 48000000 		.4byte	.LFE64-.LFB64
 873 0018 00000000 		.4byte	.LFB65
 874 001c 84000000 		.4byte	.LFE65-.LFB65
 875 0020 00000000 		.4byte	0
 876 0024 00000000 		.4byte	0
 877              		.section	.debug_ranges,"",%progbits
 878              	.Ldebug_ranges0:
 879 0000 00000000 		.4byte	.LFB64
 880 0004 48000000 		.4byte	.LFE64
 881 0008 00000000 		.4byte	.LFB65
 882 000c 84000000 		.4byte	.LFE65
 883 0010 00000000 		.4byte	0
 884 0014 00000000 		.4byte	0
 885              		.section	.debug_line,"",%progbits
 886              	.Ldebug_line0:
 887 0000 31020000 		.section	.debug_str,"MS",%progbits,1
 887      0200E701 
 887      00000201 
 887      FB0E0D00 
 887      01010101 
 888              	.LASF30:
 889 0000 5357325F 		.ascii	"SW2_Read\000"
 889      52656164 
 889      00
 890              	.LASF26:
ARM GAS  C:\Users\bryan.lee\AppData\Local\Temp\ccSCQbyw.s 			page 20


 891 0009 4C45445F 		.ascii	"LED_Write\000"
 891      57726974 
 891      6500
 892              	.LASF10:
 893 0013 5F5F696E 		.ascii	"__int32_t\000"
 893      7433325F 
 893      7400
 894              	.LASF34:
 895 001d 52784973 		.ascii	"RxIsr\000"
 895      7200
 896              	.LASF14:
 897 0023 666C6F61 		.ascii	"float\000"
 897      7400
 898              	.LASF2:
 899 0029 756E7369 		.ascii	"unsigned char\000"
 899      676E6564 
 899      20636861 
 899      7200
 900              	.LASF31:
 901 0037 474E5520 		.ascii	"GNU C11 5.4.1 20160609 (release) [ARM/embedded-5-br"
 901      43313120 
 901      352E342E 
 901      31203230 
 901      31363036 
 902 006a 616E6368 		.ascii	"anch revision 237715] -mcpu=cortex-m3 -mthumb -g -O"
 902      20726576 
 902      6973696F 
 902      6E203233 
 902      37373135 
 903 009d 67202D66 		.ascii	"g -ffunction-sections -ffat-lto-objects\000"
 903      66756E63 
 903      74696F6E 
 903      2D736563 
 903      74696F6E 
 904              	.LASF16:
 905 00c5 72656738 		.ascii	"reg8\000"
 905      00
 906              	.LASF6:
 907 00ca 6C6F6E67 		.ascii	"long unsigned int\000"
 907      20756E73 
 907      69676E65 
 907      6420696E 
 907      7400
 908              	.LASF4:
 909 00dc 73686F72 		.ascii	"short unsigned int\000"
 909      7420756E 
 909      7369676E 
 909      65642069 
 909      6E7400
 910              	.LASF27:
 911 00ef 55415254 		.ascii	"UART_Start\000"
 911      5F537461 
 911      727400
 912              	.LASF20:
 913 00fa 72784461 		.ascii	"rxData\000"
 913      746100
 914              	.LASF0:
ARM GAS  C:\Users\bryan.lee\AppData\Local\Temp\ccSCQbyw.s 			page 21


 915 0101 646F7562 		.ascii	"double\000"
 915      6C6500
 916              	.LASF19:
 917 0108 72785374 		.ascii	"rxStatus\000"
 917      61747573 
 917      00
 918              	.LASF24:
 919 0111 6572726F 		.ascii	"errorStatus\000"
 919      72537461 
 919      74757300 
 920              	.LASF13:
 921 011d 75696E74 		.ascii	"uint32\000"
 921      333200
 922              	.LASF35:
 923 0124 6D61696E 		.ascii	"main\000"
 923      00
 924              	.LASF29:
 925 0129 6973725F 		.ascii	"isr_rx_StartEx\000"
 925      72785F53 
 925      74617274 
 925      457800
 926              	.LASF9:
 927 0138 756E7369 		.ascii	"unsigned int\000"
 927      676E6564 
 927      20696E74 
 927      00
 928              	.LASF8:
 929 0145 6C6F6E67 		.ascii	"long long unsigned int\000"
 929      206C6F6E 
 929      6720756E 
 929      7369676E 
 929      65642069 
 930              	.LASF22:
 931 015c 62757474 		.ascii	"buttonPre\000"
 931      6F6E5072 
 931      6500
 932              	.LASF23:
 933 0166 49544D5F 		.ascii	"ITM_RxBuffer\000"
 933      52784275 
 933      66666572 
 933      00
 934              	.LASF11:
 935 0173 696E7433 		.ascii	"int32_t\000"
 935      325F7400 
 936              	.LASF18:
 937 017b 73697A65 		.ascii	"sizetype\000"
 937      74797065 
 937      00
 938              	.LASF7:
 939 0184 6C6F6E67 		.ascii	"long long int\000"
 939      206C6F6E 
 939      6720696E 
 939      7400
 940              	.LASF32:
 941 0192 6D61696E 		.ascii	"main.c\000"
 941      2E6300
 942              	.LASF15:
ARM GAS  C:\Users\bryan.lee\AppData\Local\Temp\ccSCQbyw.s 			page 22


 943 0199 63686172 		.ascii	"char\000"
 943      00
 944              	.LASF25:
 945 019e 7072696E 		.ascii	"printf\000"
 945      746600
 946              	.LASF3:
 947 01a5 73686F72 		.ascii	"short int\000"
 947      7420696E 
 947      7400
 948              	.LASF12:
 949 01af 75696E74 		.ascii	"uint8\000"
 949      3800
 950              	.LASF5:
 951 01b5 6C6F6E67 		.ascii	"long int\000"
 951      20696E74 
 951      00
 952              	.LASF21:
 953 01be 62757474 		.ascii	"button\000"
 953      6F6E00
 954              	.LASF17:
 955 01c5 6C6F6E67 		.ascii	"long double\000"
 955      20646F75 
 955      626C6500 
 956              	.LASF1:
 957 01d1 7369676E 		.ascii	"signed char\000"
 957      65642063 
 957      68617200 
 958              	.LASF28:
 959 01dd 55415254 		.ascii	"UART_PutString\000"
 959      5F507574 
 959      53747269 
 959      6E6700
 960              	.LASF33:
 961 01ec 433A5C55 		.ascii	"C:\\Users\\bryan.lee\\Documents\\GitHub\\hello-worl"
 961      73657273 
 961      5C627279 
 961      616E2E6C 
 961      65655C44 
 962 021a 645C4379 		.ascii	"d\\Cypress\\UART\\CE210741\\UART_Full_Duplex.cydsn\000"
 962      70726573 
 962      735C5541 
 962      52545C43 
 962      45323130 
 963              		.ident	"GCC: (GNU Tools for ARM Embedded Processors) 5.4.1 20160609 (release) [ARM/embedded-5-bran
