--------------- Build Started: 12/28/2016 17:01:28 Project: Combine, Configuration: ARM GCC 4.9-2015-q1-update Debug ---------------
cydsfit.exe -.appdatapath "C:\Users\bryan.lee\AppData\Local\Cypress Semiconductor\PSoC Creator\4.0" -.fdsnotice -.fdswarpdepfile=warp_dependencies.txt -.fdselabdepfile=elab_dependencies.txt -.fdsbldfile=generated_files.txt -.fdsreffile=referenced_files.txt -p "C:\Users\bryan.lee\Documents\PSoC Creator\Pulse_psoc5\Combine\Combine.cydsn\Combine.cyprj" -d CY8C5868AXI-LP032 -s "C:\Users\bryan.lee\Documents\PSoC Creator\Pulse_psoc5\Combine\Combine.cydsn\Generated_Source\PSoC5" -- -yv2 -q10 -ygs -o2 -v3 -.fftcfgtype=LE
Elaborating Design...
HDL Generation...
Synthesis...
Tech Mapping...
Analog Placement...
Log: apr.M0058: The analog placement iterative improvement is 38% done. (App=cydsfit)
Log: apr.M0058: The analog placement iterative improvement is 78% done. (App=cydsfit)
Analog Routing...
Analog Code Generation...
Digital Placement...
Digital Routing...
Bitstream Generation...
Bitstream Verification...
Static timing analysis...
Warning: sta.M0021: Combine_timing.html: Warning-1350: Asynchronous path(s) exist from "clockShift(fixed-function)" to "clockShift". See the timing report for details. (File=C:\Users\bryan.lee\Documents\PSoC Creator\Pulse_psoc5\Combine\Combine.cydsn\Combine_timing.html)
API Generation...
Dependency Generation...
Cleanup...
arm-none-eabi-gcc.exe -mcpu=cortex-m3 -mthumb -I. -IGenerated_Source\PSoC5 -Wa,-alh=.\CortexM3\ARM_GCC_493\Debug/main.lst -g -Wall -ffunction-sections -O0 -ffat-lto-objects -c main.c -o .\CortexM3\ARM_GCC_493\Debug\main.o
arm-none-eabi-gcc.exe -mcpu=cortex-m3 -mthumb -I. -IGenerated_Source\PSoC5 -Wa,-alh=.\CortexM3\ARM_GCC_493\Debug/cyfitter_cfg.lst -g -Wall -ffunction-sections -O0 -ffat-lto-objects -c Generated_Source\PSoC5\cyfitter_cfg.c -o .\CortexM3\ARM_GCC_493\Debug\cyfitter_cfg.o
arm-none-eabi-gcc.exe -mcpu=cortex-m3 -mthumb -I. -IGenerated_Source\PSoC5 -Wa,-alh=.\CortexM3\ARM_GCC_493\Debug/Cm3Start.lst -g -Wall -ffunction-sections -O0 -ffat-lto-objects -c Generated_Source\PSoC5\Cm3Start.c -o .\CortexM3\ARM_GCC_493\Debug\Cm3Start.o
arm-none-eabi-gcc.exe -mcpu=cortex-m3 -mthumb -I. -IGenerated_Source\PSoC5 -Wa,-alh=.\CortexM3\ARM_GCC_493\Debug/CyDmac.lst -g -Wall -ffunction-sections -O0 -ffat-lto-objects -c Generated_Source\PSoC5\CyDmac.c -o .\CortexM3\ARM_GCC_493\Debug\CyDmac.o
arm-none-eabi-gcc.exe -mcpu=cortex-m3 -mthumb -I. -IGenerated_Source\PSoC5 -Wa,-alh=.\CortexM3\ARM_GCC_493\Debug/CyFlash.lst -g -Wall -ffunction-sections -O0 -ffat-lto-objects -c Generated_Source\PSoC5\CyFlash.c -o .\CortexM3\ARM_GCC_493\Debug\CyFlash.o
arm-none-eabi-gcc.exe -mcpu=cortex-m3 -mthumb -I. -IGenerated_Source\PSoC5 -Wa,-alh=.\CortexM3\ARM_GCC_493\Debug/CyLib.lst -g -Wall -ffunction-sections -O0 -ffat-lto-objects -c Generated_Source\PSoC5\CyLib.c -o .\CortexM3\ARM_GCC_493\Debug\CyLib.o
arm-none-eabi-gcc.exe -mcpu=cortex-m3 -mthumb -I. -IGenerated_Source\PSoC5 -Wa,-alh=.\CortexM3\ARM_GCC_493\Debug/cyPm.lst -g -Wall -ffunction-sections -O0 -ffat-lto-objects -c Generated_Source\PSoC5\cyPm.c -o .\CortexM3\ARM_GCC_493\Debug\cyPm.o
arm-none-eabi-gcc.exe -mcpu=cortex-m3 -mthumb -I. -IGenerated_Source\PSoC5 -Wa,-alh=.\CortexM3\ARM_GCC_493\Debug/CySpc.lst -g -Wall -ffunction-sections -O0 -ffat-lto-objects -c Generated_Source\PSoC5\CySpc.c -o .\CortexM3\ARM_GCC_493\Debug\CySpc.o
arm-none-eabi-gcc.exe -mcpu=cortex-m3 -mthumb -I. -IGenerated_Source\PSoC5 -Wa,-alh=.\CortexM3\ARM_GCC_493\Debug/cyutils.lst -g -Wall -ffunction-sections -O0 -ffat-lto-objects -c Generated_Source\PSoC5\cyutils.c -o .\CortexM3\ARM_GCC_493\Debug\cyutils.o
arm-none-eabi-gcc.exe -mcpu=cortex-m3 -mthumb -I. -IGenerated_Source\PSoC5 -Wa,-alh=.\CortexM3\ARM_GCC_493\Debug/shiftregReceiver.lst -g -Wall -ffunction-sections -O0 -ffat-lto-objects -c Generated_Source\PSoC5\shiftregReceiver.c -o .\CortexM3\ARM_GCC_493\Debug\shiftregReceiver.o
arm-none-eabi-gcc.exe -mcpu=cortex-m3 -mthumb -I. -IGenerated_Source\PSoC5 -Wa,-alh=.\CortexM3\ARM_GCC_493\Debug/shiftregReceiver_PM.lst -g -Wall -ffunction-sections -O0 -ffat-lto-objects -c Generated_Source\PSoC5\shiftregReceiver_PM.c -o .\CortexM3\ARM_GCC_493\Debug\shiftregReceiver_PM.o
arm-none-eabi-gcc.exe -mcpu=cortex-m3 -mthumb -I. -IGenerated_Source\PSoC5 -Wa,-alh=.\CortexM3\ARM_GCC_493\Debug/shiftregSender.lst -g -Wall -ffunction-sections -O0 -ffat-lto-objects -c Generated_Source\PSoC5\shiftregSender.c -o .\CortexM3\ARM_GCC_493\Debug\shiftregSender.o
arm-none-eabi-gcc.exe -mcpu=cortex-m3 -mthumb -I. -IGenerated_Source\PSoC5 -Wa,-alh=.\CortexM3\ARM_GCC_493\Debug/shiftregSender_PM.lst -g -Wall -ffunction-sections -O0 -ffat-lto-objects -c Generated_Source\PSoC5\shiftregSender_PM.c -o .\CortexM3\ARM_GCC_493\Debug\shiftregSender_PM.o
arm-none-eabi-gcc.exe -mcpu=cortex-m3 -mthumb -I. -IGenerated_Source\PSoC5 -Wa,-alh=.\CortexM3\ARM_GCC_493\Debug/clockShift.lst -g -Wall -ffunction-sections -O0 -ffat-lto-objects -c Generated_Source\PSoC5\clockShift.c -o .\CortexM3\ARM_GCC_493\Debug\clockShift.o
arm-none-eabi-gcc.exe -mcpu=cortex-m3 -mthumb -I. -IGenerated_Source\PSoC5 -Wa,-alh=.\CortexM3\ARM_GCC_493\Debug/isrLoadInt.lst -g -Wall -ffunction-sections -O0 -ffat-lto-objects -c Generated_Source\PSoC5\isrLoadInt.c -o .\CortexM3\ARM_GCC_493\Debug\isrLoadInt.o
arm-none-eabi-gcc.exe -mcpu=cortex-m3 -mthumb -I. -IGenerated_Source\PSoC5 -Wa,-alh=.\CortexM3\ARM_GCC_493\Debug/counterShift.lst -g -Wall -ffunction-sections -O0 -ffat-lto-objects -c Generated_Source\PSoC5\counterShift.c -o .\CortexM3\ARM_GCC_493\Debug\counterShift.o
arm-none-eabi-gcc.exe -mcpu=cortex-m3 -mthumb -I. -IGenerated_Source\PSoC5 -Wa,-alh=.\CortexM3\ARM_GCC_493\Debug/counterShift_PM.lst -g -Wall -ffunction-sections -O0 -ffat-lto-objects -c Generated_Source\PSoC5\counterShift_PM.c -o .\CortexM3\ARM_GCC_493\Debug\counterShift_PM.o
arm-none-eabi-gcc.exe -mcpu=cortex-m3 -mthumb -I. -IGenerated_Source\PSoC5 -Wa,-alh=.\CortexM3\ARM_GCC_493\Debug/isrStoreInt.lst -g -Wall -ffunction-sections -O0 -ffat-lto-objects -c Generated_Source\PSoC5\isrStoreInt.c -o .\CortexM3\ARM_GCC_493\Debug\isrStoreInt.o
arm-none-eabi-gcc.exe -mcpu=cortex-m3 -mthumb -I. -IGenerated_Source\PSoC5 -Wa,-alh=.\CortexM3\ARM_GCC_493\Debug/pinCalibrateOut.lst -g -Wall -ffunction-sections -O0 -ffat-lto-objects -c Generated_Source\PSoC5\pinCalibrateOut.c -o .\CortexM3\ARM_GCC_493\Debug\pinCalibrateOut.o
arm-none-eabi-gcc.exe -mcpu=cortex-m3 -mthumb -I. -IGenerated_Source\PSoC5 -Wa,-alh=.\CortexM3\ARM_GCC_493\Debug/pinCalibrateIn.lst -g -Wall -ffunction-sections -O0 -ffat-lto-objects -c Generated_Source\PSoC5\pinCalibrateIn.c -o .\CortexM3\ARM_GCC_493\Debug\pinCalibrateIn.o
arm-none-eabi-gcc.exe -mcpu=cortex-m3 -mthumb -I. -IGenerated_Source\PSoC5 -Wa,-alh=.\CortexM3\ARM_GCC_493\Debug/pinClock.lst -g -Wall -ffunction-sections -O0 -ffat-lto-objects -c Generated_Source\PSoC5\pinClock.c -o .\CortexM3\ARM_GCC_493\Debug\pinClock.o
arm-none-eabi-gcc.exe -mcpu=cortex-m3 -mthumb -I. -IGenerated_Source\PSoC5 -Wa,-alh=.\CortexM3\ARM_GCC_493\Debug/pinShift_Load.lst -g -Wall -ffunction-sections -O0 -ffat-lto-objects -c Generated_Source\PSoC5\pinShift_Load.c -o .\CortexM3\ARM_GCC_493\Debug\pinShift_Load.o
arm-none-eabi-gcc.exe -mcpu=cortex-m3 -mthumb -I. -IGenerated_Source\PSoC5 -Wa,-alh=.\CortexM3\ARM_GCC_493\Debug/pinPolarC.lst -g -Wall -ffunction-sections -O0 -ffat-lto-objects -c Generated_Source\PSoC5\pinPolarC.c -o .\CortexM3\ARM_GCC_493\Debug\pinPolarC.o
arm-none-eabi-gcc.exe -mcpu=cortex-m3 -mthumb -I. -IGenerated_Source\PSoC5 -Wa,-alh=.\CortexM3\ARM_GCC_493\Debug/pinPolarS.lst -g -Wall -ffunction-sections -O0 -ffat-lto-objects -c Generated_Source\PSoC5\pinPolarS.c -o .\CortexM3\ARM_GCC_493\Debug\pinPolarS.o
arm-none-eabi-gcc.exe -mcpu=cortex-m3 -mthumb -I. -IGenerated_Source\PSoC5 -Wa,-alh=.\CortexM3\ARM_GCC_493\Debug/pinPolarCLED.lst -g -Wall -ffunction-sections -O0 -ffat-lto-objects -c Generated_Source\PSoC5\pinPolarCLED.c -o .\CortexM3\ARM_GCC_493\Debug\pinPolarCLED.o
arm-none-eabi-gcc.exe -mcpu=cortex-m3 -mthumb -I. -IGenerated_Source\PSoC5 -Wa,-alh=.\CortexM3\ARM_GCC_493\Debug/pinPolarSLED.lst -g -Wall -ffunction-sections -O0 -ffat-lto-objects -c Generated_Source\PSoC5\pinPolarSLED.c -o .\CortexM3\ARM_GCC_493\Debug\pinPolarSLED.o
arm-none-eabi-gcc.exe -mcpu=cortex-m3 -mthumb -I. -IGenerated_Source\PSoC5 -Wa,-alh=.\CortexM3\ARM_GCC_493\Debug/pinANTPlus.lst -g -Wall -ffunction-sections -O0 -ffat-lto-objects -c Generated_Source\PSoC5\pinANTPlus.c -o .\CortexM3\ARM_GCC_493\Debug\pinANTPlus.o
arm-none-eabi-gcc.exe -mcpu=cortex-m3 -mthumb -I. -IGenerated_Source\PSoC5 -Wa,-alh=.\CortexM3\ARM_GCC_493\Debug/pinANTPlusLED.lst -g -Wall -ffunction-sections -O0 -ffat-lto-objects -c Generated_Source\PSoC5\pinANTPlusLED.c -o .\CortexM3\ARM_GCC_493\Debug\pinANTPlusLED.o
arm-none-eabi-gcc.exe -mcpu=cortex-m3 -mthumb -I. -IGenerated_Source\PSoC5 -Wa,-alh=.\CortexM3\ARM_GCC_493\Debug/counterPolarC.lst -g -Wall -ffunction-sections -O0 -ffat-lto-objects -c Generated_Source\PSoC5\counterPolarC.c -o .\CortexM3\ARM_GCC_493\Debug\counterPolarC.o
arm-none-eabi-gcc.exe -mcpu=cortex-m3 -mthumb -I. -IGenerated_Source\PSoC5 -Wa,-alh=.\CortexM3\ARM_GCC_493\Debug/counterPolarC_PM.lst -g -Wall -ffunction-sections -O0 -ffat-lto-objects -c Generated_Source\PSoC5\counterPolarC_PM.c -o .\CortexM3\ARM_GCC_493\Debug\counterPolarC_PM.o
arm-none-eabi-gcc.exe -mcpu=cortex-m3 -mthumb -I. -IGenerated_Source\PSoC5 -Wa,-alh=.\CortexM3\ARM_GCC_493\Debug/clockPulseCount.lst -g -Wall -ffunction-sections -O0 -ffat-lto-objects -c Generated_Source\PSoC5\clockPulseCount.c -o .\CortexM3\ARM_GCC_493\Debug\clockPulseCount.o
arm-none-eabi-gcc.exe -mcpu=cortex-m3 -mthumb -I. -IGenerated_Source\PSoC5 -Wa,-alh=.\CortexM3\ARM_GCC_493\Debug/counterPolarS.lst -g -Wall -ffunction-sections -O0 -ffat-lto-objects -c Generated_Source\PSoC5\counterPolarS.c -o .\CortexM3\ARM_GCC_493\Debug\counterPolarS.o
arm-none-eabi-gcc.exe -mcpu=cortex-m3 -mthumb -I. -IGenerated_Source\PSoC5 -Wa,-alh=.\CortexM3\ARM_GCC_493\Debug/counterPolarS_PM.lst -g -Wall -ffunction-sections -O0 -ffat-lto-objects -c Generated_Source\PSoC5\counterPolarS_PM.c -o .\CortexM3\ARM_GCC_493\Debug\counterPolarS_PM.o
arm-none-eabi-gcc.exe -mcpu=cortex-m3 -mthumb -I. -IGenerated_Source\PSoC5 -Wa,-alh=.\CortexM3\ARM_GCC_493\Debug/counterANTPlus.lst -g -Wall -ffunction-sections -O0 -ffat-lto-objects -c Generated_Source\PSoC5\counterANTPlus.c -o .\CortexM3\ARM_GCC_493\Debug\counterANTPlus.o
arm-none-eabi-gcc.exe -mcpu=cortex-m3 -mthumb -I. -IGenerated_Source\PSoC5 -Wa,-alh=.\CortexM3\ARM_GCC_493\Debug/counterANTPlus_PM.lst -g -Wall -ffunction-sections -O0 -ffat-lto-objects -c Generated_Source\PSoC5\counterANTPlus_PM.c -o .\CortexM3\ARM_GCC_493\Debug\counterANTPlus_PM.o
arm-none-eabi-gcc.exe -mcpu=cortex-m3 -mthumb -I. -IGenerated_Source\PSoC5 -Wa,-alh=.\CortexM3\ARM_GCC_493\Debug/clockButtonRead.lst -g -Wall -ffunction-sections -O0 -ffat-lto-objects -c Generated_Source\PSoC5\clockButtonRead.c -o .\CortexM3\ARM_GCC_493\Debug\clockButtonRead.o
arm-none-eabi-gcc.exe -mcpu=cortex-m3 -mthumb -I. -IGenerated_Source\PSoC5 -Wa,-alh=.\CortexM3\ARM_GCC_493\Debug/pinDMK.lst -g -Wall -ffunction-sections -O0 -ffat-lto-objects -c Generated_Source\PSoC5\pinDMK.c -o .\CortexM3\ARM_GCC_493\Debug\pinDMK.o
arm-none-eabi-gcc.exe -mcpu=cortex-m3 -mthumb -I. -IGenerated_Source\PSoC5 -Wa,-alh=.\CortexM3\ARM_GCC_493\Debug/pgaPolarC.lst -g -Wall -ffunction-sections -O0 -ffat-lto-objects -c Generated_Source\PSoC5\pgaPolarC.c -o .\CortexM3\ARM_GCC_493\Debug\pgaPolarC.o
arm-none-eabi-gcc.exe -mcpu=cortex-m3 -mthumb -I. -IGenerated_Source\PSoC5 -Wa,-alh=.\CortexM3\ARM_GCC_493\Debug/pgaPolarC_PM.lst -g -Wall -ffunction-sections -O0 -ffat-lto-objects -c Generated_Source\PSoC5\pgaPolarC_PM.c -o .\CortexM3\ARM_GCC_493\Debug\pgaPolarC_PM.o
arm-none-eabi-gcc.exe -mcpu=cortex-m3 -mthumb -I. -IGenerated_Source\PSoC5 -Wa,-alh=.\CortexM3\ARM_GCC_493\Debug/pgaPolarS.lst -g -Wall -ffunction-sections -O0 -ffat-lto-objects -c Generated_Source\PSoC5\pgaPolarS.c -o .\CortexM3\ARM_GCC_493\Debug\pgaPolarS.o
arm-none-eabi-gcc.exe -mcpu=cortex-m3 -mthumb -I. -IGenerated_Source\PSoC5 -Wa,-alh=.\CortexM3\ARM_GCC_493\Debug/pgaPolarS_PM.lst -g -Wall -ffunction-sections -O0 -ffat-lto-objects -c Generated_Source\PSoC5\pgaPolarS_PM.c -o .\CortexM3\ARM_GCC_493\Debug\pgaPolarS_PM.o
arm-none-eabi-gcc.exe -mcpu=cortex-m3 -mthumb -I. -IGenerated_Source\PSoC5 -Wa,-alh=.\CortexM3\ARM_GCC_493\Debug/pgaANTPlus.lst -g -Wall -ffunction-sections -O0 -ffat-lto-objects -c Generated_Source\PSoC5\pgaANTPlus.c -o .\CortexM3\ARM_GCC_493\Debug\pgaANTPlus.o
arm-none-eabi-gcc.exe -mcpu=cortex-m3 -mthumb -I. -IGenerated_Source\PSoC5 -Wa,-alh=.\CortexM3\ARM_GCC_493\Debug/pgaANTPlus_PM.lst -g -Wall -ffunction-sections -O0 -ffat-lto-objects -c Generated_Source\PSoC5\pgaANTPlus_PM.c -o .\CortexM3\ARM_GCC_493\Debug\pgaANTPlus_PM.o
arm-none-eabi-gcc.exe -mcpu=cortex-m3 -mthumb -I. -IGenerated_Source\PSoC5 -Wa,-alh=.\CortexM3\ARM_GCC_493\Debug/statusButton.lst -g -Wall -ffunction-sections -O0 -ffat-lto-objects -c Generated_Source\PSoC5\statusButton.c -o .\CortexM3\ARM_GCC_493\Debug\statusButton.o
arm-none-eabi-gcc.exe -mcpu=cortex-m3 -mthumb -I. -IGenerated_Source\PSoC5 -Wa,-alh=.\CortexM3\ARM_GCC_493\Debug/pinButton1.lst -g -Wall -ffunction-sections -O0 -ffat-lto-objects -c Generated_Source\PSoC5\pinButton1.c -o .\CortexM3\ARM_GCC_493\Debug\pinButton1.o
arm-none-eabi-gcc.exe -mcpu=cortex-m3 -mthumb -I. -IGenerated_Source\PSoC5 -Wa,-alh=.\CortexM3\ARM_GCC_493\Debug/pinButton2.lst -g -Wall -ffunction-sections -O0 -ffat-lto-objects -c Generated_Source\PSoC5\pinButton2.c -o .\CortexM3\ARM_GCC_493\Debug\pinButton2.o
arm-none-eabi-gcc.exe -mcpu=cortex-m3 -mthumb -I. -IGenerated_Source\PSoC5 -Wa,-alh=.\CortexM3\ARM_GCC_493\Debug/pinButton3.lst -g -Wall -ffunction-sections -O0 -ffat-lto-objects -c Generated_Source\PSoC5\pinButton3.c -o .\CortexM3\ARM_GCC_493\Debug\pinButton3.o
arm-none-eabi-gcc.exe -mcpu=cortex-m3 -mthumb -I. -IGenerated_Source\PSoC5 -Wa,-alh=.\CortexM3\ARM_GCC_493\Debug/pinButton4.lst -g -Wall -ffunction-sections -O0 -ffat-lto-objects -c Generated_Source\PSoC5\pinButton4.c -o .\CortexM3\ARM_GCC_493\Debug\pinButton4.o
arm-none-eabi-gcc.exe -mcpu=cortex-m3 -mthumb -I. -IGenerated_Source\PSoC5 -Wa,-alh=.\CortexM3\ARM_GCC_493\Debug/pinButton5.lst -g -Wall -ffunction-sections -O0 -ffat-lto-objects -c Generated_Source\PSoC5\pinButton5.c -o .\CortexM3\ARM_GCC_493\Debug\pinButton5.o
arm-none-eabi-gcc.exe -mcpu=cortex-m3 -mthumb -I. -IGenerated_Source\PSoC5 -Wa,-alh=.\CortexM3\ARM_GCC_493\Debug/pinButton6.lst -g -Wall -ffunction-sections -O0 -ffat-lto-objects -c Generated_Source\PSoC5\pinButton6.c -o .\CortexM3\ARM_GCC_493\Debug\pinButton6.o
arm-none-eabi-gcc.exe -mcpu=cortex-m3 -mthumb -I. -IGenerated_Source\PSoC5 -Wa,-alh=.\CortexM3\ARM_GCC_493\Debug/pinButton7.lst -g -Wall -ffunction-sections -O0 -ffat-lto-objects -c Generated_Source\PSoC5\pinButton7.c -o .\CortexM3\ARM_GCC_493\Debug\pinButton7.o
arm-none-eabi-gcc.exe -mcpu=cortex-m3 -mthumb -I. -IGenerated_Source\PSoC5 -Wa,-alh=.\CortexM3\ARM_GCC_493\Debug/pinButton8.lst -g -Wall -ffunction-sections -O0 -ffat-lto-objects -c Generated_Source\PSoC5\pinButton8.c -o .\CortexM3\ARM_GCC_493\Debug\pinButton8.o
arm-none-eabi-gcc.exe -mcpu=cortex-m3 -mthumb -I. -IGenerated_Source\PSoC5 -Wa,-alh=.\CortexM3\ARM_GCC_493\Debug/lcdDisplay.lst -g -Wall -ffunction-sections -O0 -ffat-lto-objects -c Generated_Source\PSoC5\lcdDisplay.c -o .\CortexM3\ARM_GCC_493\Debug\lcdDisplay.o
arm-none-eabi-gcc.exe -mcpu=cortex-m3 -mthumb -I. -IGenerated_Source\PSoC5 -Wa,-alh=.\CortexM3\ARM_GCC_493\Debug/lcdDisplay_PM.lst -g -Wall -ffunction-sections -O0 -ffat-lto-objects -c Generated_Source\PSoC5\lcdDisplay_PM.c -o .\CortexM3\ARM_GCC_493\Debug\lcdDisplay_PM.o
arm-none-eabi-gcc.exe -mcpu=cortex-m3 -mthumb -I. -IGenerated_Source\PSoC5 -Wa,-alh=.\CortexM3\ARM_GCC_493\Debug/lcdDisplay_LCDPort.lst -g -Wall -ffunction-sections -O0 -ffat-lto-objects -c Generated_Source\PSoC5\lcdDisplay_LCDPort.c -o .\CortexM3\ARM_GCC_493\Debug\lcdDisplay_LCDPort.o
arm-none-eabi-gcc.exe -mcpu=cortex-m3 -mthumb -I. -IGenerated_Source\PSoC5 -Wa,-alh=.\CortexM3\ARM_GCC_493\Debug/PWMPulseCapture.lst -g -Wall -ffunction-sections -O0 -ffat-lto-objects -c Generated_Source\PSoC5\PWMPulseCapture.c -o .\CortexM3\ARM_GCC_493\Debug\PWMPulseCapture.o
arm-none-eabi-gcc.exe -mcpu=cortex-m3 -mthumb -I. -IGenerated_Source\PSoC5 -Wa,-alh=.\CortexM3\ARM_GCC_493\Debug/PWMPulseCapture_PM.lst -g -Wall -ffunction-sections -O0 -ffat-lto-objects -c Generated_Source\PSoC5\PWMPulseCapture_PM.c -o .\CortexM3\ARM_GCC_493\Debug\PWMPulseCapture_PM.o
arm-none-eabi-gcc.exe -mcpu=cortex-m3 -mthumb -I. -IGenerated_Source\PSoC5 -Wa,-alh=.\CortexM3\ARM_GCC_493\Debug/isrPulseCapture.lst -g -Wall -ffunction-sections -O0 -ffat-lto-objects -c Generated_Source\PSoC5\isrPulseCapture.c -o .\CortexM3\ARM_GCC_493\Debug\isrPulseCapture.o
arm-none-eabi-gcc.exe -mcpu=cortex-m3 -mthumb -I. -IGenerated_Source\PSoC5 -Wa,-alh=.\CortexM3\ARM_GCC_493\Debug/cymetadata.lst -g -Wall -ffunction-sections -O0 -ffat-lto-objects -c Generated_Source\PSoC5\cymetadata.c -o .\CortexM3\ARM_GCC_493\Debug\cymetadata.o
arm-none-eabi-as.exe -mcpu=cortex-m3 -mthumb -I. -IGenerated_Source\PSoC5 -alh=.\CortexM3\ARM_GCC_493\Debug/CyBootAsmGnu.lst -g -o .\CortexM3\ARM_GCC_493\Debug\CyBootAsmGnu.o Generated_Source\PSoC5\CyBootAsmGnu.s
arm-none-eabi-ar.exe -rs .\CortexM3\ARM_GCC_493\Debug\Combine.a .\CortexM3\ARM_GCC_493\Debug\cyfitter_cfg.o .\CortexM3\ARM_GCC_493\Debug\CyDmac.o .\CortexM3\ARM_GCC_493\Debug\CyFlash.o .\CortexM3\ARM_GCC_493\Debug\CyLib.o .\CortexM3\ARM_GCC_493\Debug\cyPm.o .\CortexM3\ARM_GCC_493\Debug\CySpc.o .\CortexM3\ARM_GCC_493\Debug\cyutils.o .\CortexM3\ARM_GCC_493\Debug\shiftregReceiver.o .\CortexM3\ARM_GCC_493\Debug\shiftregReceiver_PM.o .\CortexM3\ARM_GCC_493\Debug\shiftregSender.o .\CortexM3\ARM_GCC_493\Debug\shiftregSender_PM.o .\CortexM3\ARM_GCC_493\Debug\clockShift.o .\CortexM3\ARM_GCC_493\Debug\isrLoadInt.o .\CortexM3\ARM_GCC_493\Debug\counterShift.o .\CortexM3\ARM_GCC_493\Debug\counterShift_PM.o .\CortexM3\ARM_GCC_493\Debug\isrStoreInt.o .\CortexM3\ARM_GCC_493\Debug\pinCalibrateOut.o .\CortexM3\ARM_GCC_493\Debug\pinCalibrateIn.o .\CortexM3\ARM_GCC_493\Debug\pinClock.o .\CortexM3\ARM_GCC_493\Debug\pinShift_Load.o .\CortexM3\ARM_GCC_493\Debug\pinPolarC.o .\CortexM3\ARM_GCC_493\Debug\pinPolarS.o .\CortexM3\ARM_GCC_493\Debug\pinPolarCLED.o .\CortexM3\ARM_GCC_493\Debug\pinPolarSLED.o .\CortexM3\ARM_GCC_493\Debug\pinANTPlus.o .\CortexM3\ARM_GCC_493\Debug\pinANTPlusLED.o .\CortexM3\ARM_GCC_493\Debug\counterPolarC.o .\CortexM3\ARM_GCC_493\Debug\counterPolarC_PM.o .\CortexM3\ARM_GCC_493\Debug\clockPulseCount.o .\CortexM3\ARM_GCC_493\Debug\counterPolarS.o .\CortexM3\ARM_GCC_493\Debug\counterPolarS_PM.o .\CortexM3\ARM_GCC_493\Debug\counterANTPlus.o .\CortexM3\ARM_GCC_493\Debug\counterANTPlus_PM.o .\CortexM3\ARM_GCC_493\Debug\clockButtonRead.o .\CortexM3\ARM_GCC_493\Debug\pinDMK.o .\CortexM3\ARM_GCC_493\Debug\pgaPolarC.o .\CortexM3\ARM_GCC_493\Debug\pgaPolarC_PM.o .\CortexM3\ARM_GCC_493\Debug\pgaPolarS.o .\CortexM3\ARM_GCC_493\Debug\pgaPolarS_PM.o .\CortexM3\ARM_GCC_493\Debug\pgaANTPlus.o .\CortexM3\ARM_GCC_493\Debug\pgaANTPlus_PM.o .\CortexM3\ARM_GCC_493\Debug\statusButton.o .\CortexM3\ARM_GCC_493\Debug\pinButton1.o .\CortexM3\ARM_GCC_493\Debug\pinButton2.o .\CortexM3\ARM_GCC_493\Debug\pinButton3.o .\CortexM3\ARM_GCC_493\Debug\pinButton4.o .\CortexM3\ARM_GCC_493\Debug\pinButton5.o .\CortexM3\ARM_GCC_493\Debug\pinButton6.o .\CortexM3\ARM_GCC_493\Debug\pinButton7.o .\CortexM3\ARM_GCC_493\Debug\pinButton8.o .\CortexM3\ARM_GCC_493\Debug\lcdDisplay.o .\CortexM3\ARM_GCC_493\Debug\lcdDisplay_PM.o .\CortexM3\ARM_GCC_493\Debug\lcdDisplay_LCDPort.o .\CortexM3\ARM_GCC_493\Debug\PWMPulseCapture.o .\CortexM3\ARM_GCC_493\Debug\PWMPulseCapture_PM.o .\CortexM3\ARM_GCC_493\Debug\isrPulseCapture.o .\CortexM3\ARM_GCC_493\Debug\CyBootAsmGnu.o
arm-none-eabi-ar.exe: creating .\CortexM3\ARM_GCC_493\Debug\Combine.a
arm-none-eabi-gcc.exe -Wl,--start-group -o .\CortexM3\ARM_GCC_493\Debug\Combine.elf .\CortexM3\ARM_GCC_493\Debug\main.o .\CortexM3\ARM_GCC_493\Debug\Cm3Start.o .\CortexM3\ARM_GCC_493\Debug\cymetadata.o .\CortexM3\ARM_GCC_493\Debug\Combine.a "C:\Program Files (x86)\Cypress\PSoC Creator\4.0\PSoC Creator\psoc\content\cycomponentlibrary\CyComponentLibrary.cylib\CortexM3\ARM_GCC_493\Debug\CyComponentLibrary.a" -mcpu=cortex-m3 -mthumb -g -ffunction-sections -O0 -ffat-lto-objects -L Generated_Source\PSoC5 -Wl,-Map,.\CortexM3\ARM_GCC_493\Debug/Combine.map -T "C:\Users\bryan.lee\Documents\PSoC Creator\Pulse_psoc5\Combine\Combine.cydsn\Generated_Source\PSoC5\cm3gcc.ld" -specs=nano.specs -Wl,--gc-sections -Wl,--end-group
cyelftool.exe -C "C:\Users\bryan.lee\Documents\PSoC Creator\Pulse_psoc5\Combine\Combine.cydsn\CortexM3\ARM_GCC_493\Debug\Combine.elf" --flash_row_size 256 --flash_size 262144
cyelftool.exe -S "C:\Users\bryan.lee\Documents\PSoC Creator\Pulse_psoc5\Combine\Combine.cydsn\CortexM3\ARM_GCC_493\Debug\Combine.elf"
Flash used: 8318 of 262144 bytes (3.2 %).
SRAM used: 21077 of 65536 bytes (32.2 %). Stack: 16384 bytes. Heap: 4096 bytes.
--------------- Build Succeeded: 12/28/2016 17:02:03 ---------------
