ARM GAS  C:\Users\bryan.lee\AppData\Local\Temp\ccCi1IPt.s 			page 1


   1              		.syntax unified
   2              		.cpu cortex-m3
   3              		.fpu softvfp
   4              		.eabi_attribute 20, 1
   5              		.eabi_attribute 21, 1
   6              		.eabi_attribute 23, 3
   7              		.eabi_attribute 24, 1
   8              		.eabi_attribute 25, 1
   9              		.eabi_attribute 26, 1
  10              		.eabi_attribute 30, 6
  11              		.eabi_attribute 34, 1
  12              		.eabi_attribute 18, 4
  13              		.thumb
  14              		.file	"counterShift_PM.c"
  15              		.text
  16              	.Ltext0:
  17              		.cfi_sections	.debug_frame
  18              		.bss
  19              		.align	2
  20              	counterShift_backup:
  21 0000 000000   		.space	3
  22 0003 00       		.section	.text.counterShift_SaveConfig,"ax",%progbits
  23              		.align	2
  24              		.global	counterShift_SaveConfig
  25              		.thumb
  26              		.thumb_func
  27              		.type	counterShift_SaveConfig, %function
  28              	counterShift_SaveConfig:
  29              	.LFB0:
  30              		.file 1 "Generated_Source\\PSoC5\\counterShift_PM.c"
   1:Generated_Source\PSoC5/counterShift_PM.c **** /*******************************************************************************
   2:Generated_Source\PSoC5/counterShift_PM.c **** * File Name: counterShift_PM.c  
   3:Generated_Source\PSoC5/counterShift_PM.c **** * Version 3.0
   4:Generated_Source\PSoC5/counterShift_PM.c **** *
   5:Generated_Source\PSoC5/counterShift_PM.c **** *  Description:
   6:Generated_Source\PSoC5/counterShift_PM.c **** *    This file provides the power management source code to API for the
   7:Generated_Source\PSoC5/counterShift_PM.c **** *    Counter.  
   8:Generated_Source\PSoC5/counterShift_PM.c **** *
   9:Generated_Source\PSoC5/counterShift_PM.c **** *   Note:
  10:Generated_Source\PSoC5/counterShift_PM.c **** *     None
  11:Generated_Source\PSoC5/counterShift_PM.c **** *
  12:Generated_Source\PSoC5/counterShift_PM.c **** ********************************************************************************
  13:Generated_Source\PSoC5/counterShift_PM.c **** * Copyright 2008-2012, Cypress Semiconductor Corporation.  All rights reserved.
  14:Generated_Source\PSoC5/counterShift_PM.c **** * You may use this file only in accordance with the license, terms, conditions, 
  15:Generated_Source\PSoC5/counterShift_PM.c **** * disclaimers, and limitations in the end user license agreement accompanying 
  16:Generated_Source\PSoC5/counterShift_PM.c **** * the software package with which this file was provided.
  17:Generated_Source\PSoC5/counterShift_PM.c **** *******************************************************************************/
  18:Generated_Source\PSoC5/counterShift_PM.c **** 
  19:Generated_Source\PSoC5/counterShift_PM.c **** #include "counterShift.h"
  20:Generated_Source\PSoC5/counterShift_PM.c **** 
  21:Generated_Source\PSoC5/counterShift_PM.c **** static counterShift_backupStruct counterShift_backup;
  22:Generated_Source\PSoC5/counterShift_PM.c **** 
  23:Generated_Source\PSoC5/counterShift_PM.c **** 
  24:Generated_Source\PSoC5/counterShift_PM.c **** /*******************************************************************************
  25:Generated_Source\PSoC5/counterShift_PM.c **** * Function Name: counterShift_SaveConfig
  26:Generated_Source\PSoC5/counterShift_PM.c **** ********************************************************************************
  27:Generated_Source\PSoC5/counterShift_PM.c **** * Summary:
ARM GAS  C:\Users\bryan.lee\AppData\Local\Temp\ccCi1IPt.s 			page 2


  28:Generated_Source\PSoC5/counterShift_PM.c **** *     Save the current user configuration
  29:Generated_Source\PSoC5/counterShift_PM.c **** *
  30:Generated_Source\PSoC5/counterShift_PM.c **** * Parameters:  
  31:Generated_Source\PSoC5/counterShift_PM.c **** *  void
  32:Generated_Source\PSoC5/counterShift_PM.c **** *
  33:Generated_Source\PSoC5/counterShift_PM.c **** * Return: 
  34:Generated_Source\PSoC5/counterShift_PM.c **** *  void
  35:Generated_Source\PSoC5/counterShift_PM.c **** *
  36:Generated_Source\PSoC5/counterShift_PM.c **** * Global variables:
  37:Generated_Source\PSoC5/counterShift_PM.c **** *  counterShift_backup:  Variables of this global structure are modified to 
  38:Generated_Source\PSoC5/counterShift_PM.c **** *  store the values of non retention configuration registers when Sleep() API is 
  39:Generated_Source\PSoC5/counterShift_PM.c **** *  called.
  40:Generated_Source\PSoC5/counterShift_PM.c **** *
  41:Generated_Source\PSoC5/counterShift_PM.c **** *******************************************************************************/
  42:Generated_Source\PSoC5/counterShift_PM.c **** void counterShift_SaveConfig(void) 
  43:Generated_Source\PSoC5/counterShift_PM.c **** {
  31              		.loc 1 43 0
  32              		.cfi_startproc
  33              		@ args = 0, pretend = 0, frame = 0
  34              		@ frame_needed = 1, uses_anonymous_args = 0
  35              		@ link register save eliminated.
  36 0000 80B4     		push	{r7}
  37              		.cfi_def_cfa_offset 4
  38              		.cfi_offset 7, -4
  39 0002 00AF     		add	r7, sp, #0
  40              		.cfi_def_cfa_register 7
  44:Generated_Source\PSoC5/counterShift_PM.c ****     #if (!counterShift_UsingFixedFunction)
  45:Generated_Source\PSoC5/counterShift_PM.c **** 
  46:Generated_Source\PSoC5/counterShift_PM.c ****         counterShift_backup.CounterUdb = counterShift_ReadCounter();
  47:Generated_Source\PSoC5/counterShift_PM.c **** 
  48:Generated_Source\PSoC5/counterShift_PM.c ****         #if(!counterShift_ControlRegRemoved)
  49:Generated_Source\PSoC5/counterShift_PM.c ****             counterShift_backup.CounterControlRegister = counterShift_ReadControlRegister();
  50:Generated_Source\PSoC5/counterShift_PM.c ****         #endif /* (!counterShift_ControlRegRemoved) */
  51:Generated_Source\PSoC5/counterShift_PM.c **** 
  52:Generated_Source\PSoC5/counterShift_PM.c ****     #endif /* (!counterShift_UsingFixedFunction) */
  53:Generated_Source\PSoC5/counterShift_PM.c **** }
  41              		.loc 1 53 0
  42 0004 BD46     		mov	sp, r7
  43              		.cfi_def_cfa_register 13
  44              		@ sp needed
  45 0006 5DF8047B 		ldr	r7, [sp], #4
  46              		.cfi_restore 7
  47              		.cfi_def_cfa_offset 0
  48 000a 7047     		bx	lr
  49              		.cfi_endproc
  50              	.LFE0:
  51              		.size	counterShift_SaveConfig, .-counterShift_SaveConfig
  52              		.section	.text.counterShift_RestoreConfig,"ax",%progbits
  53              		.align	2
  54              		.global	counterShift_RestoreConfig
  55              		.thumb
  56              		.thumb_func
  57              		.type	counterShift_RestoreConfig, %function
  58              	counterShift_RestoreConfig:
  59              	.LFB1:
  54:Generated_Source\PSoC5/counterShift_PM.c **** 
  55:Generated_Source\PSoC5/counterShift_PM.c **** 
ARM GAS  C:\Users\bryan.lee\AppData\Local\Temp\ccCi1IPt.s 			page 3


  56:Generated_Source\PSoC5/counterShift_PM.c **** /*******************************************************************************
  57:Generated_Source\PSoC5/counterShift_PM.c **** * Function Name: counterShift_RestoreConfig
  58:Generated_Source\PSoC5/counterShift_PM.c **** ********************************************************************************
  59:Generated_Source\PSoC5/counterShift_PM.c **** *
  60:Generated_Source\PSoC5/counterShift_PM.c **** * Summary:
  61:Generated_Source\PSoC5/counterShift_PM.c **** *  Restores the current user configuration.
  62:Generated_Source\PSoC5/counterShift_PM.c **** *
  63:Generated_Source\PSoC5/counterShift_PM.c **** * Parameters:  
  64:Generated_Source\PSoC5/counterShift_PM.c **** *  void
  65:Generated_Source\PSoC5/counterShift_PM.c **** *
  66:Generated_Source\PSoC5/counterShift_PM.c **** * Return: 
  67:Generated_Source\PSoC5/counterShift_PM.c **** *  void
  68:Generated_Source\PSoC5/counterShift_PM.c **** *
  69:Generated_Source\PSoC5/counterShift_PM.c **** * Global variables:
  70:Generated_Source\PSoC5/counterShift_PM.c **** *  counterShift_backup:  Variables of this global structure are used to 
  71:Generated_Source\PSoC5/counterShift_PM.c **** *  restore the values of non retention registers on wakeup from sleep mode.
  72:Generated_Source\PSoC5/counterShift_PM.c **** *
  73:Generated_Source\PSoC5/counterShift_PM.c **** *******************************************************************************/
  74:Generated_Source\PSoC5/counterShift_PM.c **** void counterShift_RestoreConfig(void) 
  75:Generated_Source\PSoC5/counterShift_PM.c **** {      
  60              		.loc 1 75 0
  61              		.cfi_startproc
  62              		@ args = 0, pretend = 0, frame = 0
  63              		@ frame_needed = 1, uses_anonymous_args = 0
  64              		@ link register save eliminated.
  65 0000 80B4     		push	{r7}
  66              		.cfi_def_cfa_offset 4
  67              		.cfi_offset 7, -4
  68 0002 00AF     		add	r7, sp, #0
  69              		.cfi_def_cfa_register 7
  76:Generated_Source\PSoC5/counterShift_PM.c ****     #if (!counterShift_UsingFixedFunction)
  77:Generated_Source\PSoC5/counterShift_PM.c **** 
  78:Generated_Source\PSoC5/counterShift_PM.c ****        counterShift_WriteCounter(counterShift_backup.CounterUdb);
  79:Generated_Source\PSoC5/counterShift_PM.c **** 
  80:Generated_Source\PSoC5/counterShift_PM.c ****         #if(!counterShift_ControlRegRemoved)
  81:Generated_Source\PSoC5/counterShift_PM.c ****             counterShift_WriteControlRegister(counterShift_backup.CounterControlRegister);
  82:Generated_Source\PSoC5/counterShift_PM.c ****         #endif /* (!counterShift_ControlRegRemoved) */
  83:Generated_Source\PSoC5/counterShift_PM.c **** 
  84:Generated_Source\PSoC5/counterShift_PM.c ****     #endif /* (!counterShift_UsingFixedFunction) */
  85:Generated_Source\PSoC5/counterShift_PM.c **** }
  70              		.loc 1 85 0
  71 0004 BD46     		mov	sp, r7
  72              		.cfi_def_cfa_register 13
  73              		@ sp needed
  74 0006 5DF8047B 		ldr	r7, [sp], #4
  75              		.cfi_restore 7
  76              		.cfi_def_cfa_offset 0
  77 000a 7047     		bx	lr
  78              		.cfi_endproc
  79              	.LFE1:
  80              		.size	counterShift_RestoreConfig, .-counterShift_RestoreConfig
  81              		.section	.text.counterShift_Sleep,"ax",%progbits
  82              		.align	2
  83              		.global	counterShift_Sleep
  84              		.thumb
  85              		.thumb_func
  86              		.type	counterShift_Sleep, %function
ARM GAS  C:\Users\bryan.lee\AppData\Local\Temp\ccCi1IPt.s 			page 4


  87              	counterShift_Sleep:
  88              	.LFB2:
  86:Generated_Source\PSoC5/counterShift_PM.c **** 
  87:Generated_Source\PSoC5/counterShift_PM.c **** 
  88:Generated_Source\PSoC5/counterShift_PM.c **** /*******************************************************************************
  89:Generated_Source\PSoC5/counterShift_PM.c **** * Function Name: counterShift_Sleep
  90:Generated_Source\PSoC5/counterShift_PM.c **** ********************************************************************************
  91:Generated_Source\PSoC5/counterShift_PM.c **** * Summary:
  92:Generated_Source\PSoC5/counterShift_PM.c **** *     Stop and Save the user configuration
  93:Generated_Source\PSoC5/counterShift_PM.c **** *
  94:Generated_Source\PSoC5/counterShift_PM.c **** * Parameters:  
  95:Generated_Source\PSoC5/counterShift_PM.c **** *  void
  96:Generated_Source\PSoC5/counterShift_PM.c **** *
  97:Generated_Source\PSoC5/counterShift_PM.c **** * Return: 
  98:Generated_Source\PSoC5/counterShift_PM.c **** *  void
  99:Generated_Source\PSoC5/counterShift_PM.c **** *
 100:Generated_Source\PSoC5/counterShift_PM.c **** * Global variables:
 101:Generated_Source\PSoC5/counterShift_PM.c **** *  counterShift_backup.enableState:  Is modified depending on the enable 
 102:Generated_Source\PSoC5/counterShift_PM.c **** *  state of the block before entering sleep mode.
 103:Generated_Source\PSoC5/counterShift_PM.c **** *
 104:Generated_Source\PSoC5/counterShift_PM.c **** *******************************************************************************/
 105:Generated_Source\PSoC5/counterShift_PM.c **** void counterShift_Sleep(void) 
 106:Generated_Source\PSoC5/counterShift_PM.c **** {
  89              		.loc 1 106 0
  90              		.cfi_startproc
  91              		@ args = 0, pretend = 0, frame = 0
  92              		@ frame_needed = 1, uses_anonymous_args = 0
  93 0000 80B5     		push	{r7, lr}
  94              		.cfi_def_cfa_offset 8
  95              		.cfi_offset 7, -8
  96              		.cfi_offset 14, -4
  97 0002 00AF     		add	r7, sp, #0
  98              		.cfi_def_cfa_register 7
 107:Generated_Source\PSoC5/counterShift_PM.c ****     #if(!counterShift_ControlRegRemoved)
 108:Generated_Source\PSoC5/counterShift_PM.c ****         /* Save Counter's enable state */
 109:Generated_Source\PSoC5/counterShift_PM.c ****         if(counterShift_CTRL_ENABLE == (counterShift_CONTROL & counterShift_CTRL_ENABLE))
  99              		.loc 1 109 0
 100 0004 094B     		ldr	r3, .L6
 101 0006 1B78     		ldrb	r3, [r3]
 102 0008 DBB2     		uxtb	r3, r3
 103 000a 03F00103 		and	r3, r3, #1
 104 000e 002B     		cmp	r3, #0
 105 0010 03D0     		beq	.L4
 110:Generated_Source\PSoC5/counterShift_PM.c ****         {
 111:Generated_Source\PSoC5/counterShift_PM.c ****             /* Counter is enabled */
 112:Generated_Source\PSoC5/counterShift_PM.c ****             counterShift_backup.CounterEnableState = 1u;
 106              		.loc 1 112 0
 107 0012 074B     		ldr	r3, .L6+4
 108 0014 0122     		movs	r2, #1
 109 0016 1A70     		strb	r2, [r3]
 110 0018 02E0     		b	.L5
 111              	.L4:
 113:Generated_Source\PSoC5/counterShift_PM.c ****         }
 114:Generated_Source\PSoC5/counterShift_PM.c ****         else
 115:Generated_Source\PSoC5/counterShift_PM.c ****         {
 116:Generated_Source\PSoC5/counterShift_PM.c ****             /* Counter is disabled */
 117:Generated_Source\PSoC5/counterShift_PM.c ****             counterShift_backup.CounterEnableState = 0u;
ARM GAS  C:\Users\bryan.lee\AppData\Local\Temp\ccCi1IPt.s 			page 5


 112              		.loc 1 117 0
 113 001a 054B     		ldr	r3, .L6+4
 114 001c 0022     		movs	r2, #0
 115 001e 1A70     		strb	r2, [r3]
 116              	.L5:
 118:Generated_Source\PSoC5/counterShift_PM.c ****         }
 119:Generated_Source\PSoC5/counterShift_PM.c ****     #else
 120:Generated_Source\PSoC5/counterShift_PM.c ****         counterShift_backup.CounterEnableState = 1u;
 121:Generated_Source\PSoC5/counterShift_PM.c ****         if(counterShift_backup.CounterEnableState != 0u)
 122:Generated_Source\PSoC5/counterShift_PM.c ****         {
 123:Generated_Source\PSoC5/counterShift_PM.c ****             counterShift_backup.CounterEnableState = 0u;
 124:Generated_Source\PSoC5/counterShift_PM.c ****         }
 125:Generated_Source\PSoC5/counterShift_PM.c ****     #endif /* (!counterShift_ControlRegRemoved) */
 126:Generated_Source\PSoC5/counterShift_PM.c ****     
 127:Generated_Source\PSoC5/counterShift_PM.c ****     counterShift_Stop();
 117              		.loc 1 127 0
 118 0020 FFF7FEFF 		bl	counterShift_Stop
 128:Generated_Source\PSoC5/counterShift_PM.c ****     counterShift_SaveConfig();
 119              		.loc 1 128 0
 120 0024 FFF7FEFF 		bl	counterShift_SaveConfig
 129:Generated_Source\PSoC5/counterShift_PM.c **** }
 121              		.loc 1 129 0
 122 0028 80BD     		pop	{r7, pc}
 123              	.L7:
 124 002a 00BF     		.align	2
 125              	.L6:
 126 002c 004F0040 		.word	1073762048
 127 0030 00000000 		.word	counterShift_backup
 128              		.cfi_endproc
 129              	.LFE2:
 130              		.size	counterShift_Sleep, .-counterShift_Sleep
 131              		.section	.text.counterShift_Wakeup,"ax",%progbits
 132              		.align	2
 133              		.global	counterShift_Wakeup
 134              		.thumb
 135              		.thumb_func
 136              		.type	counterShift_Wakeup, %function
 137              	counterShift_Wakeup:
 138              	.LFB3:
 130:Generated_Source\PSoC5/counterShift_PM.c **** 
 131:Generated_Source\PSoC5/counterShift_PM.c **** 
 132:Generated_Source\PSoC5/counterShift_PM.c **** /*******************************************************************************
 133:Generated_Source\PSoC5/counterShift_PM.c **** * Function Name: counterShift_Wakeup
 134:Generated_Source\PSoC5/counterShift_PM.c **** ********************************************************************************
 135:Generated_Source\PSoC5/counterShift_PM.c **** *
 136:Generated_Source\PSoC5/counterShift_PM.c **** * Summary:
 137:Generated_Source\PSoC5/counterShift_PM.c **** *  Restores and enables the user configuration
 138:Generated_Source\PSoC5/counterShift_PM.c **** *  
 139:Generated_Source\PSoC5/counterShift_PM.c **** * Parameters:  
 140:Generated_Source\PSoC5/counterShift_PM.c **** *  void
 141:Generated_Source\PSoC5/counterShift_PM.c **** *
 142:Generated_Source\PSoC5/counterShift_PM.c **** * Return: 
 143:Generated_Source\PSoC5/counterShift_PM.c **** *  void
 144:Generated_Source\PSoC5/counterShift_PM.c **** *
 145:Generated_Source\PSoC5/counterShift_PM.c **** * Global variables:
 146:Generated_Source\PSoC5/counterShift_PM.c **** *  counterShift_backup.enableState:  Is used to restore the enable state of 
 147:Generated_Source\PSoC5/counterShift_PM.c **** *  block on wakeup from sleep mode.
ARM GAS  C:\Users\bryan.lee\AppData\Local\Temp\ccCi1IPt.s 			page 6


 148:Generated_Source\PSoC5/counterShift_PM.c **** *
 149:Generated_Source\PSoC5/counterShift_PM.c **** *******************************************************************************/
 150:Generated_Source\PSoC5/counterShift_PM.c **** void counterShift_Wakeup(void) 
 151:Generated_Source\PSoC5/counterShift_PM.c **** {
 139              		.loc 1 151 0
 140              		.cfi_startproc
 141              		@ args = 0, pretend = 0, frame = 0
 142              		@ frame_needed = 1, uses_anonymous_args = 0
 143 0000 80B5     		push	{r7, lr}
 144              		.cfi_def_cfa_offset 8
 145              		.cfi_offset 7, -8
 146              		.cfi_offset 14, -4
 147 0002 00AF     		add	r7, sp, #0
 148              		.cfi_def_cfa_register 7
 152:Generated_Source\PSoC5/counterShift_PM.c ****     counterShift_RestoreConfig();
 149              		.loc 1 152 0
 150 0004 FFF7FEFF 		bl	counterShift_RestoreConfig
 153:Generated_Source\PSoC5/counterShift_PM.c ****     #if(!counterShift_ControlRegRemoved)
 154:Generated_Source\PSoC5/counterShift_PM.c ****         if(counterShift_backup.CounterEnableState == 1u)
 151              		.loc 1 154 0
 152 0008 034B     		ldr	r3, .L10
 153 000a 1B78     		ldrb	r3, [r3]	@ zero_extendqisi2
 154 000c 012B     		cmp	r3, #1
 155 000e 01D1     		bne	.L8
 155:Generated_Source\PSoC5/counterShift_PM.c ****         {
 156:Generated_Source\PSoC5/counterShift_PM.c ****             /* Enable Counter's operation */
 157:Generated_Source\PSoC5/counterShift_PM.c ****             counterShift_Enable();
 156              		.loc 1 157 0
 157 0010 FFF7FEFF 		bl	counterShift_Enable
 158              	.L8:
 158:Generated_Source\PSoC5/counterShift_PM.c ****         } /* Do nothing if Counter was disabled before */    
 159:Generated_Source\PSoC5/counterShift_PM.c ****     #endif /* (!counterShift_ControlRegRemoved) */
 160:Generated_Source\PSoC5/counterShift_PM.c ****     
 161:Generated_Source\PSoC5/counterShift_PM.c **** }
 159              		.loc 1 161 0
 160 0014 80BD     		pop	{r7, pc}
 161              	.L11:
 162 0016 00BF     		.align	2
 163              	.L10:
 164 0018 00000000 		.word	counterShift_backup
 165              		.cfi_endproc
 166              	.LFE3:
 167              		.size	counterShift_Wakeup, .-counterShift_Wakeup
 168              		.text
 169              	.Letext0:
 170              		.file 2 "Generated_Source\\PSoC5\\cytypes.h"
 171              		.file 3 "Generated_Source\\PSoC5\\counterShift.h"
 172              		.section	.debug_info,"",%progbits
 173              	.Ldebug_info0:
 174 0000 2E010000 		.4byte	0x12e
 175 0004 0400     		.2byte	0x4
 176 0006 00000000 		.4byte	.Ldebug_abbrev0
 177 000a 04       		.byte	0x4
 178 000b 01       		.uleb128 0x1
 179 000c C1000000 		.4byte	.LASF23
 180 0010 01       		.byte	0x1
 181 0011 1B000000 		.4byte	.LASF24
ARM GAS  C:\Users\bryan.lee\AppData\Local\Temp\ccCi1IPt.s 			page 7


 182 0015 FB010000 		.4byte	.LASF25
 183 0019 00000000 		.4byte	.Ldebug_ranges0+0
 184 001d 00000000 		.4byte	0
 185 0021 00000000 		.4byte	.Ldebug_line0
 186 0025 02       		.uleb128 0x2
 187 0026 01       		.byte	0x1
 188 0027 06       		.byte	0x6
 189 0028 7C010000 		.4byte	.LASF0
 190 002c 02       		.uleb128 0x2
 191 002d 01       		.byte	0x1
 192 002e 08       		.byte	0x8
 193 002f A5000000 		.4byte	.LASF1
 194 0033 02       		.uleb128 0x2
 195 0034 02       		.byte	0x2
 196 0035 05       		.byte	0x5
 197 0036 CE010000 		.4byte	.LASF2
 198 003a 02       		.uleb128 0x2
 199 003b 02       		.byte	0x2
 200 003c 07       		.byte	0x7
 201 003d 69010000 		.4byte	.LASF3
 202 0041 02       		.uleb128 0x2
 203 0042 04       		.byte	0x4
 204 0043 05       		.byte	0x5
 205 0044 B8000000 		.4byte	.LASF4
 206 0048 02       		.uleb128 0x2
 207 0049 04       		.byte	0x4
 208 004a 07       		.byte	0x7
 209 004b 63000000 		.4byte	.LASF5
 210 004f 02       		.uleb128 0x2
 211 0050 08       		.byte	0x8
 212 0051 05       		.byte	0x5
 213 0052 00000000 		.4byte	.LASF6
 214 0056 02       		.uleb128 0x2
 215 0057 08       		.byte	0x8
 216 0058 07       		.byte	0x7
 217 0059 75000000 		.4byte	.LASF7
 218 005d 03       		.uleb128 0x3
 219 005e 04       		.byte	0x4
 220 005f 05       		.byte	0x5
 221 0060 696E7400 		.ascii	"int\000"
 222 0064 02       		.uleb128 0x2
 223 0065 04       		.byte	0x4
 224 0066 07       		.byte	0x7
 225 0067 0E000000 		.4byte	.LASF8
 226 006b 04       		.uleb128 0x4
 227 006c 5D000000 		.4byte	.LASF12
 228 0070 02       		.byte	0x2
 229 0071 9201     		.2byte	0x192
 230 0073 2C000000 		.4byte	0x2c
 231 0077 02       		.uleb128 0x2
 232 0078 04       		.byte	0x4
 233 0079 04       		.byte	0x4
 234 007a 8C000000 		.4byte	.LASF9
 235 007e 02       		.uleb128 0x2
 236 007f 08       		.byte	0x8
 237 0080 04       		.byte	0x4
 238 0081 62010000 		.4byte	.LASF10
ARM GAS  C:\Users\bryan.lee\AppData\Local\Temp\ccCi1IPt.s 			page 8


 239 0085 02       		.uleb128 0x2
 240 0086 01       		.byte	0x1
 241 0087 08       		.byte	0x8
 242 0088 B3000000 		.4byte	.LASF11
 243 008c 04       		.uleb128 0x4
 244 008d 58000000 		.4byte	.LASF13
 245 0091 02       		.byte	0x2
 246 0092 3C02     		.2byte	0x23c
 247 0094 98000000 		.4byte	0x98
 248 0098 05       		.uleb128 0x5
 249 0099 6B000000 		.4byte	0x6b
 250 009d 02       		.uleb128 0x2
 251 009e 04       		.byte	0x4
 252 009f 07       		.byte	0x7
 253 00a0 47020000 		.4byte	.LASF14
 254 00a4 06       		.uleb128 0x6
 255 00a5 03       		.byte	0x3
 256 00a6 03       		.byte	0x3
 257 00a7 40       		.byte	0x40
 258 00a8 D1000000 		.4byte	0xd1
 259 00ac 07       		.uleb128 0x7
 260 00ad 4F010000 		.4byte	.LASF15
 261 00b1 03       		.byte	0x3
 262 00b2 42       		.byte	0x42
 263 00b3 6B000000 		.4byte	0x6b
 264 00b7 00       		.byte	0
 265 00b8 07       		.uleb128 0x7
 266 00b9 F0010000 		.4byte	.LASF16
 267 00bd 03       		.byte	0x3
 268 00be 43       		.byte	0x43
 269 00bf 6B000000 		.4byte	0x6b
 270 00c3 01       		.byte	0x1
 271 00c4 07       		.uleb128 0x7
 272 00c5 A3010000 		.4byte	.LASF17
 273 00c9 03       		.byte	0x3
 274 00ca 46       		.byte	0x46
 275 00cb 6B000000 		.4byte	0x6b
 276 00cf 02       		.byte	0x2
 277 00d0 00       		.byte	0
 278 00d1 08       		.uleb128 0x8
 279 00d2 50020000 		.4byte	.LASF18
 280 00d6 03       		.byte	0x3
 281 00d7 49       		.byte	0x49
 282 00d8 A4000000 		.4byte	0xa4
 283 00dc 09       		.uleb128 0x9
 284 00dd D8010000 		.4byte	.LASF19
 285 00e1 01       		.byte	0x1
 286 00e2 2A       		.byte	0x2a
 287 00e3 00000000 		.4byte	.LFB0
 288 00e7 0C000000 		.4byte	.LFE0-.LFB0
 289 00eb 01       		.uleb128 0x1
 290 00ec 9C       		.byte	0x9c
 291 00ed 09       		.uleb128 0x9
 292 00ee 88010000 		.4byte	.LASF20
 293 00f2 01       		.byte	0x1
 294 00f3 4A       		.byte	0x4a
 295 00f4 00000000 		.4byte	.LFB1
ARM GAS  C:\Users\bryan.lee\AppData\Local\Temp\ccCi1IPt.s 			page 9


 296 00f8 0C000000 		.4byte	.LFE1-.LFB1
 297 00fc 01       		.uleb128 0x1
 298 00fd 9C       		.byte	0x9c
 299 00fe 0A       		.uleb128 0xa
 300 00ff 92000000 		.4byte	.LASF21
 301 0103 01       		.byte	0x1
 302 0104 69       		.byte	0x69
 303 0105 00000000 		.4byte	.LFB2
 304 0109 34000000 		.4byte	.LFE2-.LFB2
 305 010d 01       		.uleb128 0x1
 306 010e 9C       		.byte	0x9c
 307 010f 0A       		.uleb128 0xa
 308 0110 BA010000 		.4byte	.LASF22
 309 0114 01       		.byte	0x1
 310 0115 96       		.byte	0x96
 311 0116 00000000 		.4byte	.LFB3
 312 011a 1C000000 		.4byte	.LFE3-.LFB3
 313 011e 01       		.uleb128 0x1
 314 011f 9C       		.byte	0x9c
 315 0120 0B       		.uleb128 0xb
 316 0121 44000000 		.4byte	.LASF26
 317 0125 01       		.byte	0x1
 318 0126 15       		.byte	0x15
 319 0127 D1000000 		.4byte	0xd1
 320 012b 05       		.uleb128 0x5
 321 012c 03       		.byte	0x3
 322 012d 00000000 		.4byte	counterShift_backup
 323 0131 00       		.byte	0
 324              		.section	.debug_abbrev,"",%progbits
 325              	.Ldebug_abbrev0:
 326 0000 01       		.uleb128 0x1
 327 0001 11       		.uleb128 0x11
 328 0002 01       		.byte	0x1
 329 0003 25       		.uleb128 0x25
 330 0004 0E       		.uleb128 0xe
 331 0005 13       		.uleb128 0x13
 332 0006 0B       		.uleb128 0xb
 333 0007 03       		.uleb128 0x3
 334 0008 0E       		.uleb128 0xe
 335 0009 1B       		.uleb128 0x1b
 336 000a 0E       		.uleb128 0xe
 337 000b 55       		.uleb128 0x55
 338 000c 17       		.uleb128 0x17
 339 000d 11       		.uleb128 0x11
 340 000e 01       		.uleb128 0x1
 341 000f 10       		.uleb128 0x10
 342 0010 17       		.uleb128 0x17
 343 0011 00       		.byte	0
 344 0012 00       		.byte	0
 345 0013 02       		.uleb128 0x2
 346 0014 24       		.uleb128 0x24
 347 0015 00       		.byte	0
 348 0016 0B       		.uleb128 0xb
 349 0017 0B       		.uleb128 0xb
 350 0018 3E       		.uleb128 0x3e
 351 0019 0B       		.uleb128 0xb
 352 001a 03       		.uleb128 0x3
ARM GAS  C:\Users\bryan.lee\AppData\Local\Temp\ccCi1IPt.s 			page 10


 353 001b 0E       		.uleb128 0xe
 354 001c 00       		.byte	0
 355 001d 00       		.byte	0
 356 001e 03       		.uleb128 0x3
 357 001f 24       		.uleb128 0x24
 358 0020 00       		.byte	0
 359 0021 0B       		.uleb128 0xb
 360 0022 0B       		.uleb128 0xb
 361 0023 3E       		.uleb128 0x3e
 362 0024 0B       		.uleb128 0xb
 363 0025 03       		.uleb128 0x3
 364 0026 08       		.uleb128 0x8
 365 0027 00       		.byte	0
 366 0028 00       		.byte	0
 367 0029 04       		.uleb128 0x4
 368 002a 16       		.uleb128 0x16
 369 002b 00       		.byte	0
 370 002c 03       		.uleb128 0x3
 371 002d 0E       		.uleb128 0xe
 372 002e 3A       		.uleb128 0x3a
 373 002f 0B       		.uleb128 0xb
 374 0030 3B       		.uleb128 0x3b
 375 0031 05       		.uleb128 0x5
 376 0032 49       		.uleb128 0x49
 377 0033 13       		.uleb128 0x13
 378 0034 00       		.byte	0
 379 0035 00       		.byte	0
 380 0036 05       		.uleb128 0x5
 381 0037 35       		.uleb128 0x35
 382 0038 00       		.byte	0
 383 0039 49       		.uleb128 0x49
 384 003a 13       		.uleb128 0x13
 385 003b 00       		.byte	0
 386 003c 00       		.byte	0
 387 003d 06       		.uleb128 0x6
 388 003e 13       		.uleb128 0x13
 389 003f 01       		.byte	0x1
 390 0040 0B       		.uleb128 0xb
 391 0041 0B       		.uleb128 0xb
 392 0042 3A       		.uleb128 0x3a
 393 0043 0B       		.uleb128 0xb
 394 0044 3B       		.uleb128 0x3b
 395 0045 0B       		.uleb128 0xb
 396 0046 01       		.uleb128 0x1
 397 0047 13       		.uleb128 0x13
 398 0048 00       		.byte	0
 399 0049 00       		.byte	0
 400 004a 07       		.uleb128 0x7
 401 004b 0D       		.uleb128 0xd
 402 004c 00       		.byte	0
 403 004d 03       		.uleb128 0x3
 404 004e 0E       		.uleb128 0xe
 405 004f 3A       		.uleb128 0x3a
 406 0050 0B       		.uleb128 0xb
 407 0051 3B       		.uleb128 0x3b
 408 0052 0B       		.uleb128 0xb
 409 0053 49       		.uleb128 0x49
ARM GAS  C:\Users\bryan.lee\AppData\Local\Temp\ccCi1IPt.s 			page 11


 410 0054 13       		.uleb128 0x13
 411 0055 38       		.uleb128 0x38
 412 0056 0B       		.uleb128 0xb
 413 0057 00       		.byte	0
 414 0058 00       		.byte	0
 415 0059 08       		.uleb128 0x8
 416 005a 16       		.uleb128 0x16
 417 005b 00       		.byte	0
 418 005c 03       		.uleb128 0x3
 419 005d 0E       		.uleb128 0xe
 420 005e 3A       		.uleb128 0x3a
 421 005f 0B       		.uleb128 0xb
 422 0060 3B       		.uleb128 0x3b
 423 0061 0B       		.uleb128 0xb
 424 0062 49       		.uleb128 0x49
 425 0063 13       		.uleb128 0x13
 426 0064 00       		.byte	0
 427 0065 00       		.byte	0
 428 0066 09       		.uleb128 0x9
 429 0067 2E       		.uleb128 0x2e
 430 0068 00       		.byte	0
 431 0069 3F       		.uleb128 0x3f
 432 006a 19       		.uleb128 0x19
 433 006b 03       		.uleb128 0x3
 434 006c 0E       		.uleb128 0xe
 435 006d 3A       		.uleb128 0x3a
 436 006e 0B       		.uleb128 0xb
 437 006f 3B       		.uleb128 0x3b
 438 0070 0B       		.uleb128 0xb
 439 0071 27       		.uleb128 0x27
 440 0072 19       		.uleb128 0x19
 441 0073 11       		.uleb128 0x11
 442 0074 01       		.uleb128 0x1
 443 0075 12       		.uleb128 0x12
 444 0076 06       		.uleb128 0x6
 445 0077 40       		.uleb128 0x40
 446 0078 18       		.uleb128 0x18
 447 0079 9742     		.uleb128 0x2117
 448 007b 19       		.uleb128 0x19
 449 007c 00       		.byte	0
 450 007d 00       		.byte	0
 451 007e 0A       		.uleb128 0xa
 452 007f 2E       		.uleb128 0x2e
 453 0080 00       		.byte	0
 454 0081 3F       		.uleb128 0x3f
 455 0082 19       		.uleb128 0x19
 456 0083 03       		.uleb128 0x3
 457 0084 0E       		.uleb128 0xe
 458 0085 3A       		.uleb128 0x3a
 459 0086 0B       		.uleb128 0xb
 460 0087 3B       		.uleb128 0x3b
 461 0088 0B       		.uleb128 0xb
 462 0089 27       		.uleb128 0x27
 463 008a 19       		.uleb128 0x19
 464 008b 11       		.uleb128 0x11
 465 008c 01       		.uleb128 0x1
 466 008d 12       		.uleb128 0x12
ARM GAS  C:\Users\bryan.lee\AppData\Local\Temp\ccCi1IPt.s 			page 12


 467 008e 06       		.uleb128 0x6
 468 008f 40       		.uleb128 0x40
 469 0090 18       		.uleb128 0x18
 470 0091 9642     		.uleb128 0x2116
 471 0093 19       		.uleb128 0x19
 472 0094 00       		.byte	0
 473 0095 00       		.byte	0
 474 0096 0B       		.uleb128 0xb
 475 0097 34       		.uleb128 0x34
 476 0098 00       		.byte	0
 477 0099 03       		.uleb128 0x3
 478 009a 0E       		.uleb128 0xe
 479 009b 3A       		.uleb128 0x3a
 480 009c 0B       		.uleb128 0xb
 481 009d 3B       		.uleb128 0x3b
 482 009e 0B       		.uleb128 0xb
 483 009f 49       		.uleb128 0x49
 484 00a0 13       		.uleb128 0x13
 485 00a1 02       		.uleb128 0x2
 486 00a2 18       		.uleb128 0x18
 487 00a3 00       		.byte	0
 488 00a4 00       		.byte	0
 489 00a5 00       		.byte	0
 490              		.section	.debug_aranges,"",%progbits
 491 0000 34000000 		.4byte	0x34
 492 0004 0200     		.2byte	0x2
 493 0006 00000000 		.4byte	.Ldebug_info0
 494 000a 04       		.byte	0x4
 495 000b 00       		.byte	0
 496 000c 0000     		.2byte	0
 497 000e 0000     		.2byte	0
 498 0010 00000000 		.4byte	.LFB0
 499 0014 0C000000 		.4byte	.LFE0-.LFB0
 500 0018 00000000 		.4byte	.LFB1
 501 001c 0C000000 		.4byte	.LFE1-.LFB1
 502 0020 00000000 		.4byte	.LFB2
 503 0024 34000000 		.4byte	.LFE2-.LFB2
 504 0028 00000000 		.4byte	.LFB3
 505 002c 1C000000 		.4byte	.LFE3-.LFB3
 506 0030 00000000 		.4byte	0
 507 0034 00000000 		.4byte	0
 508              		.section	.debug_ranges,"",%progbits
 509              	.Ldebug_ranges0:
 510 0000 00000000 		.4byte	.LFB0
 511 0004 0C000000 		.4byte	.LFE0
 512 0008 00000000 		.4byte	.LFB1
 513 000c 0C000000 		.4byte	.LFE1
 514 0010 00000000 		.4byte	.LFB2
 515 0014 34000000 		.4byte	.LFE2
 516 0018 00000000 		.4byte	.LFB3
 517 001c 1C000000 		.4byte	.LFE3
 518 0020 00000000 		.4byte	0
 519 0024 00000000 		.4byte	0
 520              		.section	.debug_line,"",%progbits
 521              	.Ldebug_line0:
 522 0000 B5000000 		.section	.debug_str,"MS",%progbits,1
 522      02005E00 
ARM GAS  C:\Users\bryan.lee\AppData\Local\Temp\ccCi1IPt.s 			page 13


 522      00000201 
 522      FB0E0D00 
 522      01010101 
 523              	.LASF6:
 524 0000 6C6F6E67 		.ascii	"long long int\000"
 524      206C6F6E 
 524      6720696E 
 524      7400
 525              	.LASF8:
 526 000e 756E7369 		.ascii	"unsigned int\000"
 526      676E6564 
 526      20696E74 
 526      00
 527              	.LASF24:
 528 001b 47656E65 		.ascii	"Generated_Source\\PSoC5\\counterShift_PM.c\000"
 528      72617465 
 528      645F536F 
 528      75726365 
 528      5C50536F 
 529              	.LASF26:
 530 0044 636F756E 		.ascii	"counterShift_backup\000"
 530      74657253 
 530      68696674 
 530      5F626163 
 530      6B757000 
 531              	.LASF13:
 532 0058 72656738 		.ascii	"reg8\000"
 532      00
 533              	.LASF12:
 534 005d 75696E74 		.ascii	"uint8\000"
 534      3800
 535              	.LASF5:
 536 0063 6C6F6E67 		.ascii	"long unsigned int\000"
 536      20756E73 
 536      69676E65 
 536      6420696E 
 536      7400
 537              	.LASF7:
 538 0075 6C6F6E67 		.ascii	"long long unsigned int\000"
 538      206C6F6E 
 538      6720756E 
 538      7369676E 
 538      65642069 
 539              	.LASF9:
 540 008c 666C6F61 		.ascii	"float\000"
 540      7400
 541              	.LASF21:
 542 0092 636F756E 		.ascii	"counterShift_Sleep\000"
 542      74657253 
 542      68696674 
 542      5F536C65 
 542      657000
 543              	.LASF1:
 544 00a5 756E7369 		.ascii	"unsigned char\000"
 544      676E6564 
 544      20636861 
 544      7200
ARM GAS  C:\Users\bryan.lee\AppData\Local\Temp\ccCi1IPt.s 			page 14


 545              	.LASF11:
 546 00b3 63686172 		.ascii	"char\000"
 546      00
 547              	.LASF4:
 548 00b8 6C6F6E67 		.ascii	"long int\000"
 548      20696E74 
 548      00
 549              	.LASF23:
 550 00c1 474E5520 		.ascii	"GNU C 4.9.3 20150303 (release) [ARM/embedded-4_9-br"
 550      4320342E 
 550      392E3320 
 550      32303135 
 550      30333033 
 551 00f4 616E6368 		.ascii	"anch revision 221220] -mcpu=cortex-m3 -mthumb -g -O"
 551      20726576 
 551      6973696F 
 551      6E203232 
 551      31323230 
 552 0127 30202D66 		.ascii	"0 -ffunction-sections -ffat-lto-objects\000"
 552      66756E63 
 552      74696F6E 
 552      2D736563 
 552      74696F6E 
 553              	.LASF15:
 554 014f 436F756E 		.ascii	"CounterEnableState\000"
 554      74657245 
 554      6E61626C 
 554      65537461 
 554      746500
 555              	.LASF10:
 556 0162 646F7562 		.ascii	"double\000"
 556      6C6500
 557              	.LASF3:
 558 0169 73686F72 		.ascii	"short unsigned int\000"
 558      7420756E 
 558      7369676E 
 558      65642069 
 558      6E7400
 559              	.LASF0:
 560 017c 7369676E 		.ascii	"signed char\000"
 560      65642063 
 560      68617200 
 561              	.LASF20:
 562 0188 636F756E 		.ascii	"counterShift_RestoreConfig\000"
 562      74657253 
 562      68696674 
 562      5F526573 
 562      746F7265 
 563              	.LASF17:
 564 01a3 436F756E 		.ascii	"CounterControlRegister\000"
 564      74657243 
 564      6F6E7472 
 564      6F6C5265 
 564      67697374 
 565              	.LASF22:
 566 01ba 636F756E 		.ascii	"counterShift_Wakeup\000"
 566      74657253 
ARM GAS  C:\Users\bryan.lee\AppData\Local\Temp\ccCi1IPt.s 			page 15


 566      68696674 
 566      5F57616B 
 566      65757000 
 567              	.LASF2:
 568 01ce 73686F72 		.ascii	"short int\000"
 568      7420696E 
 568      7400
 569              	.LASF19:
 570 01d8 636F756E 		.ascii	"counterShift_SaveConfig\000"
 570      74657253 
 570      68696674 
 570      5F536176 
 570      65436F6E 
 571              	.LASF16:
 572 01f0 436F756E 		.ascii	"CounterUdb\000"
 572      74657255 
 572      646200
 573              	.LASF25:
 574 01fb 433A5C55 		.ascii	"C:\\Users\\bryan.lee\\Documents\\PSoC Creator\\Puls"
 574      73657273 
 574      5C627279 
 574      616E2E6C 
 574      65655C44 
 575 0229 655F7073 		.ascii	"e_psoc5\\Combine\\Combine.cydsn\000"
 575      6F63355C 
 575      436F6D62 
 575      696E655C 
 575      436F6D62 
 576              	.LASF14:
 577 0247 73697A65 		.ascii	"sizetype\000"
 577      74797065 
 577      00
 578              	.LASF18:
 579 0250 636F756E 		.ascii	"counterShift_backupStruct\000"
 579      74657253 
 579      68696674 
 579      5F626163 
 579      6B757053 
 580              		.ident	"GCC: (GNU Tools for ARM Embedded Processors) 4.9.3 20150303 (release) [ARM/embedded-4_9-br
