ARM GAS  C:\Users\bryan.lee\AppData\Local\Temp\cchi9JTH.s 			page 1


   1              		.syntax unified
   2              		.cpu cortex-m0plus
   3              		.fpu softvfp
   4              		.eabi_attribute 20, 1
   5              		.eabi_attribute 21, 1
   6              		.eabi_attribute 23, 3
   7              		.eabi_attribute 24, 1
   8              		.eabi_attribute 25, 1
   9              		.eabi_attribute 26, 1
  10              		.eabi_attribute 30, 1
  11              		.eabi_attribute 34, 0
  12              		.eabi_attribute 18, 4
  13              		.thumb
  14              		.syntax unified
  15              		.file	"cyfitter_sysint_cfg.c"
  16              		.text
  17              	.Ltext0:
  18              		.cfi_sections	.debug_frame
  19              		.global	CapSense_ISR_cfg
  20              		.global	CY_EINK_SPIM_SCB_IRQ_cfg
  21              		.section	.rodata
  22              		.align	2
  23              		.type	CapSense_ISR_cfg, %object
  24              		.size	CapSense_ISR_cfg, 8
  25              	CapSense_ISR_cfg:
  26 0000 0300     		.short	3
  27 0002 31       		.byte	49
  28 0003 00       		.space	1
  29 0004 02000000 		.word	2
  30              		.type	CY_EINK_SPIM_SCB_IRQ_cfg, %object
  31              		.size	CY_EINK_SPIM_SCB_IRQ_cfg, 8
  32              	CY_EINK_SPIM_SCB_IRQ_cfg:
  33 0008 0400     		.short	4
  34 000a 2F       		.byte	47
  35 000b 00       		.space	1
  36 000c 03000000 		.word	3
  37              		.text
  38              	.Letext0:
  39              		.file 1 "Generated_Source\\PSoC6\\pdl\\devices/psoc6/psoc63/include/cy8c6347bzi_bld53.h"
  40              		.file 2 "c:\\program files (x86)\\cypress\\psoc creator\\4.2\\psoc creator\\import\\gnu\\arm\\5.4.
  41              		.file 3 "c:\\program files (x86)\\cypress\\psoc creator\\4.2\\psoc creator\\import\\gnu\\arm\\5.4.
  42              		.file 4 "Generated_Source\\PSoC6\\pdl\\drivers/peripheral/sysint/cy_sysint.h"
  43              		.file 5 "Generated_Source\\PSoC6\\cyfitter_sysint_cfg.c"
  44              		.section	.debug_info,"",%progbits
  45              	.Ldebug_info0:
  46 0000 8B050000 		.4byte	0x58b
  47 0004 0400     		.2byte	0x4
  48 0006 00000000 		.4byte	.Ldebug_abbrev0
  49 000a 04       		.byte	0x4
  50 000b 01       		.uleb128 0x1
  51 000c 5A0E0000 		.4byte	.LASF211
  52 0010 0C       		.byte	0xc
  53 0011 180F0000 		.4byte	.LASF212
  54 0015 0B0B0000 		.4byte	.LASF213
  55 0019 00000000 		.4byte	.Ldebug_line0
  56 001d 02       		.uleb128 0x2
  57 001e 02       		.byte	0x2
ARM GAS  C:\Users\bryan.lee\AppData\Local\Temp\cchi9JTH.s 			page 2


  58 001f 14010000 		.4byte	0x114
  59 0023 01       		.byte	0x1
  60 0024 24       		.byte	0x24
  61 0025 14010000 		.4byte	0x114
  62 0029 03       		.uleb128 0x3
  63 002a 5C020000 		.4byte	.LASF0
  64 002e 71       		.sleb128 -15
  65 002f 03       		.uleb128 0x3
  66 0030 DC0F0000 		.4byte	.LASF1
  67 0034 72       		.sleb128 -14
  68 0035 03       		.uleb128 0x3
  69 0036 71100000 		.4byte	.LASF2
  70 003a 73       		.sleb128 -13
  71 003b 03       		.uleb128 0x3
  72 003c 3C090000 		.4byte	.LASF3
  73 0040 7B       		.sleb128 -5
  74 0041 03       		.uleb128 0x3
  75 0042 960F0000 		.4byte	.LASF4
  76 0046 7E       		.sleb128 -2
  77 0047 03       		.uleb128 0x3
  78 0048 42080000 		.4byte	.LASF5
  79 004c 7F       		.sleb128 -1
  80 004d 04       		.uleb128 0x4
  81 004e 04090000 		.4byte	.LASF6
  82 0052 00       		.byte	0
  83 0053 04       		.uleb128 0x4
  84 0054 45120000 		.4byte	.LASF7
  85 0058 01       		.byte	0x1
  86 0059 04       		.uleb128 0x4
  87 005a BA000000 		.4byte	.LASF8
  88 005e 02       		.byte	0x2
  89 005f 04       		.uleb128 0x4
  90 0060 1E030000 		.4byte	.LASF9
  91 0064 03       		.byte	0x3
  92 0065 04       		.uleb128 0x4
  93 0066 29050000 		.4byte	.LASF10
  94 006a 04       		.byte	0x4
  95 006b 04       		.uleb128 0x4
  96 006c AF0D0000 		.4byte	.LASF11
  97 0070 05       		.byte	0x5
  98 0071 04       		.uleb128 0x4
  99 0072 9C100000 		.4byte	.LASF12
 100 0076 06       		.byte	0x6
 101 0077 04       		.uleb128 0x4
 102 0078 3F0D0000 		.4byte	.LASF13
 103 007c 07       		.byte	0x7
 104 007d 04       		.uleb128 0x4
 105 007e FA060000 		.4byte	.LASF14
 106 0082 08       		.byte	0x8
 107 0083 04       		.uleb128 0x4
 108 0084 2E090000 		.4byte	.LASF15
 109 0088 09       		.byte	0x9
 110 0089 04       		.uleb128 0x4
 111 008a 20100000 		.4byte	.LASF16
 112 008e 0A       		.byte	0xa
 113 008f 04       		.uleb128 0x4
 114 0090 6B120000 		.4byte	.LASF17
ARM GAS  C:\Users\bryan.lee\AppData\Local\Temp\cchi9JTH.s 			page 3


 115 0094 0B       		.byte	0xb
 116 0095 04       		.uleb128 0x4
 117 0096 8D060000 		.4byte	.LASF18
 118 009a 0C       		.byte	0xc
 119 009b 04       		.uleb128 0x4
 120 009c 99080000 		.4byte	.LASF19
 121 00a0 0D       		.byte	0xd
 122 00a1 04       		.uleb128 0x4
 123 00a2 C70A0000 		.4byte	.LASF20
 124 00a6 0E       		.byte	0xe
 125 00a7 04       		.uleb128 0x4
 126 00a8 4C000000 		.4byte	.LASF21
 127 00ac 0F       		.byte	0xf
 128 00ad 04       		.uleb128 0x4
 129 00ae D1020000 		.4byte	.LASF22
 130 00b2 10       		.byte	0x10
 131 00b3 04       		.uleb128 0x4
 132 00b4 E0040000 		.4byte	.LASF23
 133 00b8 11       		.byte	0x11
 134 00b9 04       		.uleb128 0x4
 135 00ba 4D0D0000 		.4byte	.LASF24
 136 00be 12       		.byte	0x12
 137 00bf 04       		.uleb128 0x4
 138 00c0 2F100000 		.4byte	.LASF25
 139 00c4 13       		.byte	0x13
 140 00c5 04       		.uleb128 0x4
 141 00c6 ED050000 		.4byte	.LASF26
 142 00ca 14       		.byte	0x14
 143 00cb 04       		.uleb128 0x4
 144 00cc 1C080000 		.4byte	.LASF27
 145 00d0 15       		.byte	0x15
 146 00d1 04       		.uleb128 0x4
 147 00d2 6C110000 		.4byte	.LASF28
 148 00d6 16       		.byte	0x16
 149 00d7 04       		.uleb128 0x4
 150 00d8 D3130000 		.4byte	.LASF29
 151 00dc 17       		.byte	0x17
 152 00dd 04       		.uleb128 0x4
 153 00de 4D020000 		.4byte	.LASF30
 154 00e2 18       		.byte	0x18
 155 00e3 04       		.uleb128 0x4
 156 00e4 DD090000 		.4byte	.LASF31
 157 00e8 19       		.byte	0x19
 158 00e9 04       		.uleb128 0x4
 159 00ea B6060000 		.4byte	.LASF32
 160 00ee 1A       		.byte	0x1a
 161 00ef 04       		.uleb128 0x4
 162 00f0 CD0F0000 		.4byte	.LASF33
 163 00f4 1B       		.byte	0x1b
 164 00f5 04       		.uleb128 0x4
 165 00f6 F0030000 		.4byte	.LASF34
 166 00fa 1C       		.byte	0x1c
 167 00fb 04       		.uleb128 0x4
 168 00fc FC050000 		.4byte	.LASF35
 169 0100 1D       		.byte	0x1d
 170 0101 04       		.uleb128 0x4
 171 0102 BD100000 		.4byte	.LASF36
ARM GAS  C:\Users\bryan.lee\AppData\Local\Temp\cchi9JTH.s 			page 4


 172 0106 1E       		.byte	0x1e
 173 0107 04       		.uleb128 0x4
 174 0108 D1040000 		.4byte	.LASF37
 175 010c 1F       		.byte	0x1f
 176 010d 04       		.uleb128 0x4
 177 010e B60C0000 		.4byte	.LASF38
 178 0112 F0       		.byte	0xf0
 179 0113 00       		.byte	0
 180 0114 05       		.uleb128 0x5
 181 0115 02       		.byte	0x2
 182 0116 05       		.byte	0x5
 183 0117 C70C0000 		.4byte	.LASF187
 184 011b 06       		.uleb128 0x6
 185 011c BD0D0000 		.4byte	.LASF189
 186 0120 01       		.byte	0x1
 187 0121 F4       		.byte	0xf4
 188 0122 1D000000 		.4byte	0x1d
 189 0126 02       		.uleb128 0x2
 190 0127 01       		.byte	0x1
 191 0128 AB040000 		.4byte	0x4ab
 192 012c 01       		.byte	0x1
 193 012d FD       		.byte	0xfd
 194 012e AB040000 		.4byte	0x4ab
 195 0132 04       		.uleb128 0x4
 196 0133 B9010000 		.4byte	.LASF39
 197 0137 00       		.byte	0
 198 0138 04       		.uleb128 0x4
 199 0139 55100000 		.4byte	.LASF40
 200 013d 01       		.byte	0x1
 201 013e 04       		.uleb128 0x4
 202 013f 1B000000 		.4byte	.LASF41
 203 0143 02       		.byte	0x2
 204 0144 04       		.uleb128 0x4
 205 0145 620F0000 		.4byte	.LASF42
 206 0149 03       		.byte	0x3
 207 014a 04       		.uleb128 0x4
 208 014b AB110000 		.4byte	.LASF43
 209 014f 04       		.byte	0x4
 210 0150 04       		.uleb128 0x4
 211 0151 82050000 		.4byte	.LASF44
 212 0155 05       		.byte	0x5
 213 0156 04       		.uleb128 0x4
 214 0157 B9070000 		.4byte	.LASF45
 215 015b 06       		.byte	0x6
 216 015c 04       		.uleb128 0x4
 217 015d 1C0A0000 		.4byte	.LASF46
 218 0161 07       		.byte	0x7
 219 0162 04       		.uleb128 0x4
 220 0163 68130000 		.4byte	.LASF47
 221 0167 08       		.byte	0x8
 222 0168 04       		.uleb128 0x4
 223 0169 F5010000 		.4byte	.LASF48
 224 016d 09       		.byte	0x9
 225 016e 04       		.uleb128 0x4
 226 016f 830C0000 		.4byte	.LASF49
 227 0173 0A       		.byte	0xa
 228 0174 04       		.uleb128 0x4
ARM GAS  C:\Users\bryan.lee\AppData\Local\Temp\cchi9JTH.s 			page 5


 229 0175 AA0A0000 		.4byte	.LASF50
 230 0179 0B       		.byte	0xb
 231 017a 04       		.uleb128 0x4
 232 017b D8110000 		.4byte	.LASF51
 233 017f 0C       		.byte	0xc
 234 0180 04       		.uleb128 0x4
 235 0181 D0050000 		.4byte	.LASF52
 236 0185 0D       		.byte	0xd
 237 0186 04       		.uleb128 0x4
 238 0187 FF070000 		.4byte	.LASF53
 239 018b 0E       		.byte	0xe
 240 018c 04       		.uleb128 0x4
 241 018d 3E040000 		.4byte	.LASF54
 242 0191 0F       		.byte	0xf
 243 0192 04       		.uleb128 0x4
 244 0193 53120000 		.4byte	.LASF55
 245 0197 10       		.byte	0x10
 246 0198 04       		.uleb128 0x4
 247 0199 2C030000 		.4byte	.LASF56
 248 019d 11       		.byte	0x11
 249 019e 04       		.uleb128 0x4
 250 019f 89000000 		.4byte	.LASF57
 251 01a3 12       		.byte	0x12
 252 01a4 04       		.uleb128 0x4
 253 01a5 57040000 		.4byte	.LASF58
 254 01a9 13       		.byte	0x13
 255 01aa 04       		.uleb128 0x4
 256 01ab 55060000 		.4byte	.LASF59
 257 01af 14       		.byte	0x14
 258 01b0 04       		.uleb128 0x4
 259 01b1 B1120000 		.4byte	.LASF60
 260 01b5 15       		.byte	0x15
 261 01b6 04       		.uleb128 0x4
 262 01b7 75000000 		.4byte	.LASF61
 263 01bb 16       		.byte	0x16
 264 01bc 04       		.uleb128 0x4
 265 01bd 37050000 		.4byte	.LASF62
 266 01c1 17       		.byte	0x17
 267 01c2 04       		.uleb128 0x4
 268 01c3 C8000000 		.4byte	.LASF63
 269 01c7 18       		.byte	0x18
 270 01c8 04       		.uleb128 0x4
 271 01c9 760D0000 		.4byte	.LASF64
 272 01cd 19       		.byte	0x19
 273 01ce 04       		.uleb128 0x4
 274 01cf 35070000 		.4byte	.LASF65
 275 01d3 1A       		.byte	0x1a
 276 01d4 04       		.uleb128 0x4
 277 01d5 8F090000 		.4byte	.LASF66
 278 01d9 1B       		.byte	0x1b
 279 01da 04       		.uleb128 0x4
 280 01db 5A0C0000 		.4byte	.LASF67
 281 01df 1C       		.byte	0x1c
 282 01e0 04       		.uleb128 0x4
 283 01e1 22010000 		.4byte	.LASF68
 284 01e5 1D       		.byte	0x1d
 285 01e6 04       		.uleb128 0x4
ARM GAS  C:\Users\bryan.lee\AppData\Local\Temp\cchi9JTH.s 			page 6


 286 01e7 7F030000 		.4byte	.LASF69
 287 01eb 1E       		.byte	0x1e
 288 01ec 04       		.uleb128 0x4
 289 01ed 9E050000 		.4byte	.LASF70
 290 01f1 1F       		.byte	0x1f
 291 01f2 04       		.uleb128 0x4
 292 01f3 050E0000 		.4byte	.LASF71
 293 01f7 20       		.byte	0x20
 294 01f8 04       		.uleb128 0x4
 295 01f9 01110000 		.4byte	.LASF72
 296 01fd 21       		.byte	0x21
 297 01fe 04       		.uleb128 0x4
 298 01ff 84130000 		.4byte	.LASF73
 299 0203 22       		.byte	0x22
 300 0204 04       		.uleb128 0x4
 301 0205 CC120000 		.4byte	.LASF74
 302 0209 23       		.byte	0x23
 303 020a 04       		.uleb128 0x4
 304 020b 3E010000 		.4byte	.LASF75
 305 020f 24       		.byte	0x24
 306 0210 04       		.uleb128 0x4
 307 0211 B7030000 		.4byte	.LASF76
 308 0215 25       		.byte	0x25
 309 0216 04       		.uleb128 0x4
 310 0217 B6130000 		.4byte	.LASF77
 311 021b 26       		.byte	0x26
 312 021c 04       		.uleb128 0x4
 313 021d 3D0E0000 		.4byte	.LASF78
 314 0221 27       		.byte	0x27
 315 0222 04       		.uleb128 0x4
 316 0223 39110000 		.4byte	.LASF79
 317 0227 28       		.byte	0x28
 318 0228 04       		.uleb128 0x4
 319 0229 F3000000 		.4byte	.LASF80
 320 022d 29       		.byte	0x29
 321 022e 04       		.uleb128 0x4
 322 022f 14050000 		.4byte	.LASF81
 323 0233 2A       		.byte	0x2a
 324 0234 04       		.uleb128 0x4
 325 0235 50050000 		.4byte	.LASF82
 326 0239 2B       		.byte	0x2b
 327 023a 04       		.uleb128 0x4
 328 023b A20F0000 		.4byte	.LASF83
 329 023f 2C       		.byte	0x2c
 330 0240 04       		.uleb128 0x4
 331 0241 070A0000 		.4byte	.LASF84
 332 0245 2D       		.byte	0x2d
 333 0246 04       		.uleb128 0x4
 334 0247 37000000 		.4byte	.LASF85
 335 024b 2E       		.byte	0x2e
 336 024c 04       		.uleb128 0x4
 337 024d 0B100000 		.4byte	.LASF86
 338 0251 2F       		.byte	0x2f
 339 0252 04       		.uleb128 0x4
 340 0253 7B110000 		.4byte	.LASF87
 341 0257 30       		.byte	0x30
 342 0258 04       		.uleb128 0x4
ARM GAS  C:\Users\bryan.lee\AppData\Local\Temp\cchi9JTH.s 			page 7


 343 0259 AA100000 		.4byte	.LASF88
 344 025d 31       		.byte	0x31
 345 025e 04       		.uleb128 0x4
 346 025f 29120000 		.4byte	.LASF89
 347 0263 32       		.byte	0x32
 348 0264 04       		.uleb128 0x4
 349 0265 9E000000 		.4byte	.LASF90
 350 0269 33       		.byte	0x33
 351 026a 04       		.uleb128 0x4
 352 026b 71060000 		.4byte	.LASF91
 353 026f 34       		.byte	0x34
 354 0270 04       		.uleb128 0x4
 355 0271 8E0A0000 		.4byte	.LASF92
 356 0275 35       		.byte	0x35
 357 0276 04       		.uleb128 0x4
 358 0277 22040000 		.4byte	.LASF93
 359 027b 36       		.byte	0x36
 360 027c 04       		.uleb128 0x4
 361 027d 80100000 		.4byte	.LASF94
 362 0281 37       		.byte	0x37
 363 0282 04       		.uleb128 0x4
 364 0283 95040000 		.4byte	.LASF95
 365 0287 38       		.byte	0x38
 366 0288 04       		.uleb128 0x4
 367 0289 05130000 		.4byte	.LASF96
 368 028d 39       		.byte	0x39
 369 028e 04       		.uleb128 0x4
 370 028f 12090000 		.4byte	.LASF97
 371 0293 3A       		.byte	0x3a
 372 0294 04       		.uleb128 0x4
 373 0295 E20B0000 		.4byte	.LASF98
 374 0299 3B       		.byte	0x3b
 375 029a 04       		.uleb128 0x4
 376 029b 58090000 		.4byte	.LASF99
 377 029f 3C       		.byte	0x3c
 378 02a0 04       		.uleb128 0x4
 379 02a1 230C0000 		.4byte	.LASF100
 380 02a5 3D       		.byte	0x3d
 381 02a6 04       		.uleb128 0x4
 382 02a7 450F0000 		.4byte	.LASF101
 383 02ab 3E       		.byte	0x3e
 384 02ac 04       		.uleb128 0x4
 385 02ad 380A0000 		.4byte	.LASF102
 386 02b1 3F       		.byte	0x3f
 387 02b2 04       		.uleb128 0x4
 388 02b3 65050000 		.4byte	.LASF103
 389 02b7 40       		.byte	0x40
 390 02b8 04       		.uleb128 0x4
 391 02b9 9C070000 		.4byte	.LASF104
 392 02bd 41       		.byte	0x41
 393 02be 04       		.uleb128 0x4
 394 02bf AF0B0000 		.4byte	.LASF105
 395 02c3 42       		.byte	0x42
 396 02c4 04       		.uleb128 0x4
 397 02c5 210E0000 		.4byte	.LASF106
 398 02c9 43       		.byte	0x43
 399 02ca 04       		.uleb128 0x4
ARM GAS  C:\Users\bryan.lee\AppData\Local\Temp\cchi9JTH.s 			page 8


 400 02cb 1D110000 		.4byte	.LASF107
 401 02cf 44       		.byte	0x44
 402 02d0 04       		.uleb128 0x4
 403 02d1 230D0000 		.4byte	.LASF108
 404 02d5 45       		.byte	0x45
 405 02d6 04       		.uleb128 0x4
 406 02d7 51070000 		.4byte	.LASF109
 407 02db 46       		.byte	0x46
 408 02dc 04       		.uleb128 0x4
 409 02dd AB090000 		.4byte	.LASF110
 410 02e1 47       		.byte	0x47
 411 02e2 04       		.uleb128 0x4
 412 02e3 E9120000 		.4byte	.LASF111
 413 02e7 48       		.byte	0x48
 414 02e8 04       		.uleb128 0x4
 415 02e9 9B030000 		.4byte	.LASF112
 416 02ed 49       		.byte	0x49
 417 02ee 04       		.uleb128 0x4
 418 02ef D4030000 		.4byte	.LASF113
 419 02f3 4A       		.byte	0x4a
 420 02f4 04       		.uleb128 0x4
 421 02f5 FA020000 		.4byte	.LASF114
 422 02f9 4B       		.byte	0x4b
 423 02fa 04       		.uleb128 0x4
 424 02fb 94120000 		.4byte	.LASF115
 425 02ff 4C       		.byte	0x4c
 426 0300 04       		.uleb128 0x4
 427 0301 920D0000 		.4byte	.LASF116
 428 0305 4D       		.byte	0x4d
 429 0306 04       		.uleb128 0x4
 430 0307 0C120000 		.4byte	.LASF117
 431 030b 4E       		.byte	0x4e
 432 030c 04       		.uleb128 0x4
 433 030d 26060000 		.4byte	.LASF118
 434 0311 4F       		.byte	0x4f
 435 0312 04       		.uleb128 0x4
 436 0313 4F080000 		.4byte	.LASF119
 437 0317 50       		.byte	0x50
 438 0318 04       		.uleb128 0x4
 439 0319 550A0000 		.4byte	.LASF120
 440 031d 51       		.byte	0x51
 441 031e 04       		.uleb128 0x4
 442 031f DC060000 		.4byte	.LASF121
 443 0323 52       		.byte	0x52
 444 0324 04       		.uleb128 0x4
 445 0325 DD080000 		.4byte	.LASF122
 446 0329 53       		.byte	0x53
 447 032a 04       		.uleb128 0x4
 448 032b 9B020000 		.4byte	.LASF123
 449 032f 54       		.byte	0x54
 450 0330 04       		.uleb128 0x4
 451 0331 6D070000 		.4byte	.LASF124
 452 0335 55       		.byte	0x55
 453 0336 04       		.uleb128 0x4
 454 0337 48130000 		.4byte	.LASF125
 455 033b 56       		.byte	0x56
 456 033c 04       		.uleb128 0x4
ARM GAS  C:\Users\bryan.lee\AppData\Local\Temp\cchi9JTH.s 			page 9


 457 033d D5010000 		.4byte	.LASF126
 458 0341 57       		.byte	0x57
 459 0342 04       		.uleb128 0x4
 460 0343 D10C0000 		.4byte	.LASF127
 461 0347 58       		.byte	0x58
 462 0348 04       		.uleb128 0x4
 463 0349 B1040000 		.4byte	.LASF128
 464 034d 59       		.byte	0x59
 465 034e 04       		.uleb128 0x4
 466 034f 7A120000 		.4byte	.LASF129
 467 0353 5A       		.byte	0x5a
 468 0354 04       		.uleb128 0x4
 469 0355 9C060000 		.4byte	.LASF130
 470 0359 5B       		.byte	0x5b
 471 035a 04       		.uleb128 0x4
 472 035b A8080000 		.4byte	.LASF131
 473 035f 5C       		.byte	0x5c
 474 0360 04       		.uleb128 0x4
 475 0361 D60A0000 		.4byte	.LASF132
 476 0365 5D       		.byte	0x5d
 477 0366 04       		.uleb128 0x4
 478 0367 5B000000 		.4byte	.LASF133
 479 036b 5E       		.byte	0x5e
 480 036c 04       		.uleb128 0x4
 481 036d E0020000 		.4byte	.LASF134
 482 0371 5F       		.byte	0x5f
 483 0372 04       		.uleb128 0x4
 484 0373 EF040000 		.4byte	.LASF135
 485 0377 60       		.byte	0x60
 486 0378 04       		.uleb128 0x4
 487 0379 5C0D0000 		.4byte	.LASF136
 488 037d 61       		.byte	0x61
 489 037e 04       		.uleb128 0x4
 490 037f 42030000 		.4byte	.LASF137
 491 0383 62       		.byte	0x62
 492 0384 04       		.uleb128 0x4
 493 0385 950B0000 		.4byte	.LASF138
 494 0389 63       		.byte	0x63
 495 038a 04       		.uleb128 0x4
 496 038b EB0D0000 		.4byte	.LASF139
 497 038f 64       		.byte	0x64
 498 0390 04       		.uleb128 0x4
 499 0391 E7100000 		.4byte	.LASF140
 500 0395 65       		.byte	0x65
 501 0396 04       		.uleb128 0x4
 502 0397 2E130000 		.4byte	.LASF141
 503 039b 66       		.byte	0x66
 504 039c 04       		.uleb128 0x4
 505 039d 1B070000 		.4byte	.LASF142
 506 03a1 67       		.byte	0x67
 507 03a2 04       		.uleb128 0x4
 508 03a3 75090000 		.4byte	.LASF143
 509 03a7 68       		.byte	0x68
 510 03a8 04       		.uleb128 0x4
 511 03a9 400C0000 		.4byte	.LASF144
 512 03ad 69       		.byte	0x69
 513 03ae 04       		.uleb128 0x4
ARM GAS  C:\Users\bryan.lee\AppData\Local\Temp\cchi9JTH.s 			page 10


 514 03af 08010000 		.4byte	.LASF145
 515 03b3 6A       		.byte	0x6a
 516 03b4 04       		.uleb128 0x4
 517 03b5 65030000 		.4byte	.LASF146
 518 03b9 6B       		.byte	0x6b
 519 03ba 04       		.uleb128 0x4
 520 03bb 9E010000 		.4byte	.LASF147
 521 03bf 6C       		.byte	0x6c
 522 03c0 04       		.uleb128 0x4
 523 03c1 07040000 		.4byte	.LASF148
 524 03c5 6D       		.byte	0x6d
 525 03c6 04       		.uleb128 0x4
 526 03c7 0B060000 		.4byte	.LASF149
 527 03cb 6E       		.byte	0x6e
 528 03cc 04       		.uleb128 0x4
 529 03cd C2080000 		.4byte	.LASF150
 530 03d1 6F       		.byte	0x6f
 531 03d2 04       		.uleb128 0x4
 532 03d3 90110000 		.4byte	.LASF151
 533 03d7 70       		.byte	0x70
 534 03d8 04       		.uleb128 0x4
 535 03d9 00000000 		.4byte	.LASF152
 536 03dd 71       		.byte	0x71
 537 03de 04       		.uleb128 0x4
 538 03df 67020000 		.4byte	.LASF153
 539 03e3 72       		.byte	0x72
 540 03e4 04       		.uleb128 0x4
 541 03e5 EC090000 		.4byte	.LASF154
 542 03e9 73       		.byte	0x73
 543 03ea 04       		.uleb128 0x4
 544 03eb F10C0000 		.4byte	.LASF155
 545 03ef 74       		.byte	0x74
 546 03f0 04       		.uleb128 0x4
 547 03f1 F00F0000 		.4byte	.LASF156
 548 03f5 75       		.byte	0x75
 549 03f6 04       		.uleb128 0x4
 550 03f7 F00A0000 		.4byte	.LASF157
 551 03fb 76       		.byte	0x76
 552 03fc 04       		.uleb128 0x4
 553 03fd C70D0000 		.4byte	.LASF158
 554 0401 77       		.byte	0x77
 555 0402 04       		.uleb128 0x4
 556 0403 CC100000 		.4byte	.LASF159
 557 0407 78       		.byte	0x78
 558 0408 04       		.uleb128 0x4
 559 0409 7E080000 		.4byte	.LASF160
 560 040d 79       		.byte	0x79
 561 040e 04       		.uleb128 0x4
 562 040f 5B010000 		.4byte	.LASF161
 563 0413 7A       		.byte	0x7a
 564 0414 04       		.uleb128 0x4
 565 0415 DD000000 		.4byte	.LASF162
 566 0419 7B       		.byte	0x7b
 567 041a 04       		.uleb128 0x4
 568 041b BA050000 		.4byte	.LASF163
 569 041f 7C       		.byte	0x7c
 570 0420 04       		.uleb128 0x4
ARM GAS  C:\Users\bryan.lee\AppData\Local\Temp\cchi9JTH.s 			page 11


 571 0421 E9070000 		.4byte	.LASF164
 572 0425 7D       		.byte	0x7d
 573 0426 04       		.uleb128 0x4
 574 0427 56110000 		.4byte	.LASF165
 575 042b 7E       		.byte	0x7e
 576 042c 04       		.uleb128 0x4
 577 042d A0130000 		.4byte	.LASF166
 578 0431 7F       		.byte	0x7f
 579 0432 04       		.uleb128 0x4
 580 0433 2A020000 		.4byte	.LASF167
 581 0437 80       		.byte	0x80
 582 0438 04       		.uleb128 0x4
 583 0439 C7090000 		.4byte	.LASF168
 584 043d 81       		.byte	0x81
 585 043e 04       		.uleb128 0x4
 586 043f A00C0000 		.4byte	.LASF169
 587 0443 82       		.byte	0x82
 588 0444 04       		.uleb128 0x4
 589 0445 B70F0000 		.4byte	.LASF170
 590 0449 83       		.byte	0x83
 591 044a 04       		.uleb128 0x4
 592 044b 3E100000 		.4byte	.LASF171
 593 044f 84       		.byte	0x84
 594 0450 04       		.uleb128 0x4
 595 0451 CB0B0000 		.4byte	.LASF172
 596 0455 85       		.byte	0x85
 597 0456 04       		.uleb128 0x4
 598 0457 F5110000 		.4byte	.LASF173
 599 045b 86       		.byte	0x86
 600 045c 04       		.uleb128 0x4
 601 045d 0C0D0000 		.4byte	.LASF174
 602 0461 87       		.byte	0x87
 603 0462 04       		.uleb128 0x4
 604 0463 2B080000 		.4byte	.LASF175
 605 0467 88       		.byte	0x88
 606 0468 04       		.uleb128 0x4
 607 0469 FE0B0000 		.4byte	.LASF176
 608 046d 89       		.byte	0x89
 609 046e 04       		.uleb128 0x4
 610 046f 7E0F0000 		.4byte	.LASF177
 611 0473 8A       		.byte	0x8a
 612 0474 04       		.uleb128 0x4
 613 0475 7A040000 		.4byte	.LASF178
 614 0479 8B       		.byte	0x8b
 615 047a 04       		.uleb128 0x4
 616 047b EC0E0000 		.4byte	.LASF179
 617 047f 8C       		.byte	0x8c
 618 0480 04       		.uleb128 0x4
 619 0481 85070000 		.4byte	.LASF180
 620 0485 8D       		.byte	0x8d
 621 0486 04       		.uleb128 0x4
 622 0487 D5070000 		.4byte	.LASF181
 623 048b 8E       		.byte	0x8e
 624 048c 04       		.uleb128 0x4
 625 048d 720A0000 		.4byte	.LASF182
 626 0491 8F       		.byte	0x8f
 627 0492 04       		.uleb128 0x4
ARM GAS  C:\Users\bryan.lee\AppData\Local\Temp\cchi9JTH.s 			page 12


 628 0493 C5060000 		.4byte	.LASF183
 629 0497 90       		.byte	0x90
 630 0498 04       		.uleb128 0x4
 631 0499 88010000 		.4byte	.LASF184
 632 049d 91       		.byte	0x91
 633 049e 04       		.uleb128 0x4
 634 049f 11020000 		.4byte	.LASF185
 635 04a3 92       		.byte	0x92
 636 04a4 04       		.uleb128 0x4
 637 04a5 6C080000 		.4byte	.LASF186
 638 04a9 F0       		.byte	0xf0
 639 04aa 00       		.byte	0
 640 04ab 05       		.uleb128 0x5
 641 04ac 01       		.byte	0x1
 642 04ad 08       		.byte	0x8
 643 04ae 150C0000 		.4byte	.LASF188
 644 04b2 07       		.uleb128 0x7
 645 04b3 40020000 		.4byte	.LASF190
 646 04b7 01       		.byte	0x1
 647 04b8 9201     		.2byte	0x192
 648 04ba 26010000 		.4byte	0x126
 649 04be 05       		.uleb128 0x5
 650 04bf 01       		.byte	0x1
 651 04c0 06       		.byte	0x6
 652 04c1 C5020000 		.4byte	.LASF191
 653 04c5 05       		.uleb128 0x5
 654 04c6 02       		.byte	0x2
 655 04c7 07       		.byte	0x7
 656 04c8 08070000 		.4byte	.LASF192
 657 04cc 05       		.uleb128 0x5
 658 04cd 04       		.byte	0x4
 659 04ce 05       		.byte	0x5
 660 04cf 5C030000 		.4byte	.LASF193
 661 04d3 06       		.uleb128 0x6
 662 04d4 09050000 		.4byte	.LASF194
 663 04d8 02       		.byte	0x2
 664 04d9 41       		.byte	0x41
 665 04da DE040000 		.4byte	0x4de
 666 04de 05       		.uleb128 0x5
 667 04df 04       		.byte	0x4
 668 04e0 07       		.byte	0x7
 669 04e1 43060000 		.4byte	.LASF195
 670 04e5 05       		.uleb128 0x5
 671 04e6 08       		.byte	0x8
 672 04e7 05       		.byte	0x5
 673 04e8 B7020000 		.4byte	.LASF196
 674 04ec 05       		.uleb128 0x5
 675 04ed 08       		.byte	0x8
 676 04ee 07       		.byte	0x7
 677 04ef 71010000 		.4byte	.LASF197
 678 04f3 08       		.uleb128 0x8
 679 04f4 04       		.byte	0x4
 680 04f5 05       		.byte	0x5
 681 04f6 696E7400 		.ascii	"int\000"
 682 04fa 05       		.uleb128 0x5
 683 04fb 04       		.byte	0x4
 684 04fc 07       		.byte	0x7
ARM GAS  C:\Users\bryan.lee\AppData\Local\Temp\cchi9JTH.s 			page 13


 685 04fd 760C0000 		.4byte	.LASF198
 686 0501 06       		.uleb128 0x6
 687 0502 E20D0000 		.4byte	.LASF199
 688 0506 03       		.byte	0x3
 689 0507 30       		.byte	0x30
 690 0508 D3040000 		.4byte	0x4d3
 691 050c 05       		.uleb128 0x5
 692 050d 04       		.byte	0x4
 693 050e 07       		.byte	0x7
 694 050f FB080000 		.4byte	.LASF200
 695 0513 05       		.uleb128 0x5
 696 0514 08       		.byte	0x8
 697 0515 04       		.byte	0x4
 698 0516 070F0000 		.4byte	.LASF201
 699 051a 05       		.uleb128 0x5
 700 051b 01       		.byte	0x1
 701 051c 08       		.byte	0x8
 702 051d 130F0000 		.4byte	.LASF202
 703 0521 05       		.uleb128 0x5
 704 0522 04       		.byte	0x4
 705 0523 04       		.byte	0x4
 706 0524 880A0000 		.4byte	.LASF203
 707 0528 05       		.uleb128 0x5
 708 0529 08       		.byte	0x8
 709 052a 04       		.byte	0x4
 710 052b 73040000 		.4byte	.LASF204
 711 052f 09       		.uleb128 0x9
 712 0530 08       		.byte	0x8
 713 0531 04       		.byte	0x4
 714 0532 EB       		.byte	0xeb
 715 0533 5C050000 		.4byte	0x55c
 716 0537 0A       		.uleb128 0xa
 717 0538 FF030000 		.4byte	.LASF205
 718 053c 04       		.byte	0x4
 719 053d EC       		.byte	0xec
 720 053e 1B010000 		.4byte	0x11b
 721 0542 00       		.byte	0
 722 0543 0A       		.uleb128 0xa
 723 0544 16030000 		.4byte	.LASF206
 724 0548 04       		.byte	0x4
 725 0549 EE       		.byte	0xee
 726 054a B2040000 		.4byte	0x4b2
 727 054e 02       		.byte	0x2
 728 054f 0A       		.uleb128 0xa
 729 0550 21130000 		.4byte	.LASF207
 730 0554 04       		.byte	0x4
 731 0555 F0       		.byte	0xf0
 732 0556 01050000 		.4byte	0x501
 733 055a 04       		.byte	0x4
 734 055b 00       		.byte	0
 735 055c 06       		.uleb128 0x6
 736 055d 48090000 		.4byte	.LASF208
 737 0561 04       		.byte	0x4
 738 0562 F1       		.byte	0xf1
 739 0563 2F050000 		.4byte	0x52f
 740 0567 0B       		.uleb128 0xb
 741 0568 82020000 		.4byte	.LASF209
ARM GAS  C:\Users\bryan.lee\AppData\Local\Temp\cchi9JTH.s 			page 14


 742 056c 05       		.byte	0x5
 743 056d 18       		.byte	0x18
 744 056e 78050000 		.4byte	0x578
 745 0572 05       		.uleb128 0x5
 746 0573 03       		.byte	0x3
 747 0574 00000000 		.4byte	CY_EINK_SPIM_SCB_IRQ_cfg
 748 0578 0C       		.uleb128 0xc
 749 0579 5C050000 		.4byte	0x55c
 750 057d 0B       		.uleb128 0xb
 751 057e C7110000 		.4byte	.LASF210
 752 0582 05       		.byte	0x5
 753 0583 1F       		.byte	0x1f
 754 0584 78050000 		.4byte	0x578
 755 0588 05       		.uleb128 0x5
 756 0589 03       		.byte	0x3
 757 058a 00000000 		.4byte	CapSense_ISR_cfg
 758 058e 00       		.byte	0
 759              		.section	.debug_abbrev,"",%progbits
 760              	.Ldebug_abbrev0:
 761 0000 01       		.uleb128 0x1
 762 0001 11       		.uleb128 0x11
 763 0002 01       		.byte	0x1
 764 0003 25       		.uleb128 0x25
 765 0004 0E       		.uleb128 0xe
 766 0005 13       		.uleb128 0x13
 767 0006 0B       		.uleb128 0xb
 768 0007 03       		.uleb128 0x3
 769 0008 0E       		.uleb128 0xe
 770 0009 1B       		.uleb128 0x1b
 771 000a 0E       		.uleb128 0xe
 772 000b 10       		.uleb128 0x10
 773 000c 17       		.uleb128 0x17
 774 000d 00       		.byte	0
 775 000e 00       		.byte	0
 776 000f 02       		.uleb128 0x2
 777 0010 04       		.uleb128 0x4
 778 0011 01       		.byte	0x1
 779 0012 0B       		.uleb128 0xb
 780 0013 0B       		.uleb128 0xb
 781 0014 49       		.uleb128 0x49
 782 0015 13       		.uleb128 0x13
 783 0016 3A       		.uleb128 0x3a
 784 0017 0B       		.uleb128 0xb
 785 0018 3B       		.uleb128 0x3b
 786 0019 0B       		.uleb128 0xb
 787 001a 01       		.uleb128 0x1
 788 001b 13       		.uleb128 0x13
 789 001c 00       		.byte	0
 790 001d 00       		.byte	0
 791 001e 03       		.uleb128 0x3
 792 001f 28       		.uleb128 0x28
 793 0020 00       		.byte	0
 794 0021 03       		.uleb128 0x3
 795 0022 0E       		.uleb128 0xe
 796 0023 1C       		.uleb128 0x1c
 797 0024 0D       		.uleb128 0xd
 798 0025 00       		.byte	0
ARM GAS  C:\Users\bryan.lee\AppData\Local\Temp\cchi9JTH.s 			page 15


 799 0026 00       		.byte	0
 800 0027 04       		.uleb128 0x4
 801 0028 28       		.uleb128 0x28
 802 0029 00       		.byte	0
 803 002a 03       		.uleb128 0x3
 804 002b 0E       		.uleb128 0xe
 805 002c 1C       		.uleb128 0x1c
 806 002d 0B       		.uleb128 0xb
 807 002e 00       		.byte	0
 808 002f 00       		.byte	0
 809 0030 05       		.uleb128 0x5
 810 0031 24       		.uleb128 0x24
 811 0032 00       		.byte	0
 812 0033 0B       		.uleb128 0xb
 813 0034 0B       		.uleb128 0xb
 814 0035 3E       		.uleb128 0x3e
 815 0036 0B       		.uleb128 0xb
 816 0037 03       		.uleb128 0x3
 817 0038 0E       		.uleb128 0xe
 818 0039 00       		.byte	0
 819 003a 00       		.byte	0
 820 003b 06       		.uleb128 0x6
 821 003c 16       		.uleb128 0x16
 822 003d 00       		.byte	0
 823 003e 03       		.uleb128 0x3
 824 003f 0E       		.uleb128 0xe
 825 0040 3A       		.uleb128 0x3a
 826 0041 0B       		.uleb128 0xb
 827 0042 3B       		.uleb128 0x3b
 828 0043 0B       		.uleb128 0xb
 829 0044 49       		.uleb128 0x49
 830 0045 13       		.uleb128 0x13
 831 0046 00       		.byte	0
 832 0047 00       		.byte	0
 833 0048 07       		.uleb128 0x7
 834 0049 16       		.uleb128 0x16
 835 004a 00       		.byte	0
 836 004b 03       		.uleb128 0x3
 837 004c 0E       		.uleb128 0xe
 838 004d 3A       		.uleb128 0x3a
 839 004e 0B       		.uleb128 0xb
 840 004f 3B       		.uleb128 0x3b
 841 0050 05       		.uleb128 0x5
 842 0051 49       		.uleb128 0x49
 843 0052 13       		.uleb128 0x13
 844 0053 00       		.byte	0
 845 0054 00       		.byte	0
 846 0055 08       		.uleb128 0x8
 847 0056 24       		.uleb128 0x24
 848 0057 00       		.byte	0
 849 0058 0B       		.uleb128 0xb
 850 0059 0B       		.uleb128 0xb
 851 005a 3E       		.uleb128 0x3e
 852 005b 0B       		.uleb128 0xb
 853 005c 03       		.uleb128 0x3
 854 005d 08       		.uleb128 0x8
 855 005e 00       		.byte	0
ARM GAS  C:\Users\bryan.lee\AppData\Local\Temp\cchi9JTH.s 			page 16


 856 005f 00       		.byte	0
 857 0060 09       		.uleb128 0x9
 858 0061 13       		.uleb128 0x13
 859 0062 01       		.byte	0x1
 860 0063 0B       		.uleb128 0xb
 861 0064 0B       		.uleb128 0xb
 862 0065 3A       		.uleb128 0x3a
 863 0066 0B       		.uleb128 0xb
 864 0067 3B       		.uleb128 0x3b
 865 0068 0B       		.uleb128 0xb
 866 0069 01       		.uleb128 0x1
 867 006a 13       		.uleb128 0x13
 868 006b 00       		.byte	0
 869 006c 00       		.byte	0
 870 006d 0A       		.uleb128 0xa
 871 006e 0D       		.uleb128 0xd
 872 006f 00       		.byte	0
 873 0070 03       		.uleb128 0x3
 874 0071 0E       		.uleb128 0xe
 875 0072 3A       		.uleb128 0x3a
 876 0073 0B       		.uleb128 0xb
 877 0074 3B       		.uleb128 0x3b
 878 0075 0B       		.uleb128 0xb
 879 0076 49       		.uleb128 0x49
 880 0077 13       		.uleb128 0x13
 881 0078 38       		.uleb128 0x38
 882 0079 0B       		.uleb128 0xb
 883 007a 00       		.byte	0
 884 007b 00       		.byte	0
 885 007c 0B       		.uleb128 0xb
 886 007d 34       		.uleb128 0x34
 887 007e 00       		.byte	0
 888 007f 03       		.uleb128 0x3
 889 0080 0E       		.uleb128 0xe
 890 0081 3A       		.uleb128 0x3a
 891 0082 0B       		.uleb128 0xb
 892 0083 3B       		.uleb128 0x3b
 893 0084 0B       		.uleb128 0xb
 894 0085 49       		.uleb128 0x49
 895 0086 13       		.uleb128 0x13
 896 0087 3F       		.uleb128 0x3f
 897 0088 19       		.uleb128 0x19
 898 0089 02       		.uleb128 0x2
 899 008a 18       		.uleb128 0x18
 900 008b 00       		.byte	0
 901 008c 00       		.byte	0
 902 008d 0C       		.uleb128 0xc
 903 008e 26       		.uleb128 0x26
 904 008f 00       		.byte	0
 905 0090 49       		.uleb128 0x49
 906 0091 13       		.uleb128 0x13
 907 0092 00       		.byte	0
 908 0093 00       		.byte	0
 909 0094 00       		.byte	0
 910              		.section	.debug_aranges,"",%progbits
 911 0000 14000000 		.4byte	0x14
 912 0004 0200     		.2byte	0x2
ARM GAS  C:\Users\bryan.lee\AppData\Local\Temp\cchi9JTH.s 			page 17


 913 0006 00000000 		.4byte	.Ldebug_info0
 914 000a 04       		.byte	0x4
 915 000b 00       		.byte	0
 916 000c 0000     		.2byte	0
 917 000e 0000     		.2byte	0
 918 0010 00000000 		.4byte	0
 919 0014 00000000 		.4byte	0
 920              		.section	.debug_line,"",%progbits
 921              	.Ldebug_line0:
 922 0000 D9010000 		.section	.debug_str,"MS",%progbits,1
 922      0200D301 
 922      00000201 
 922      FB0E0D00 
 922      01010101 
 923              	.LASF152:
 924 0000 74637077 		.ascii	"tcpwm_1_interrupts_15_IRQn\000"
 924      6D5F315F 
 924      696E7465 
 924      72727570 
 924      74735F31 
 925              	.LASF41:
 926 001b 696F7373 		.ascii	"ioss_interrupts_gpio_2_IRQn\000"
 926      5F696E74 
 926      65727275 
 926      7074735F 
 926      6770696F 
 927              	.LASF85:
 928 0037 7363625F 		.ascii	"scb_5_interrupt_IRQn\000"
 928      355F696E 
 928      74657272 
 928      7570745F 
 928      4952516E 
 929              	.LASF21:
 930 004c 4E766963 		.ascii	"NvicMux15_IRQn\000"
 930      4D757831 
 930      355F4952 
 930      516E00
 931              	.LASF133:
 932 005b 74637077 		.ascii	"tcpwm_0_interrupts_4_IRQn\000"
 932      6D5F305F 
 932      696E7465 
 932      72727570 
 932      74735F34 
 933              	.LASF61:
 934 0075 73727373 		.ascii	"srss_interrupt_IRQn\000"
 934      5F696E74 
 934      65727275 
 934      70745F49 
 934      52516E00 
 935              	.LASF57:
 936 0089 7363625F 		.ascii	"scb_8_interrupt_IRQn\000"
 936      385F696E 
 936      74657272 
 936      7570745F 
 936      4952516E 
 937              	.LASF90:
 938 009e 63707573 		.ascii	"cpuss_interrupts_dw0_1_IRQn\000"
ARM GAS  C:\Users\bryan.lee\AppData\Local\Temp\cchi9JTH.s 			page 18


 938      735F696E 
 938      74657272 
 938      75707473 
 938      5F647730 
 939              	.LASF8:
 940 00ba 4E766963 		.ascii	"NvicMux2_IRQn\000"
 940      4D757832 
 940      5F495251 
 940      6E00
 941              	.LASF63:
 942 00c8 626C6573 		.ascii	"bless_interrupt_IRQn\000"
 942      735F696E 
 942      74657272 
 942      7570745F 
 942      4952516E 
 943              	.LASF162:
 944 00dd 7564625F 		.ascii	"udb_interrupts_1_IRQn\000"
 944      696E7465 
 944      72727570 
 944      74735F31 
 944      5F495251 
 945              	.LASF80:
 946 00f3 7363625F 		.ascii	"scb_0_interrupt_IRQn\000"
 946      305F696E 
 946      74657272 
 946      7570745F 
 946      4952516E 
 947              	.LASF145:
 948 0108 74637077 		.ascii	"tcpwm_1_interrupts_8_IRQn\000"
 948      6D5F315F 
 948      696E7465 
 948      72727570 
 948      74735F38 
 949              	.LASF68:
 950 0122 63707573 		.ascii	"cpuss_interrupts_ipc_4_IRQn\000"
 950      735F696E 
 950      74657272 
 950      75707473 
 950      5F697063 
 951              	.LASF75:
 952 013e 63707573 		.ascii	"cpuss_interrupts_ipc_11_IRQn\000"
 952      735F696E 
 952      74657272 
 952      75707473 
 952      5F697063 
 953              	.LASF161:
 954 015b 7564625F 		.ascii	"udb_interrupts_0_IRQn\000"
 954      696E7465 
 954      72727570 
 954      74735F30 
 954      5F495251 
 955              	.LASF197:
 956 0171 6C6F6E67 		.ascii	"long long unsigned int\000"
 956      206C6F6E 
 956      6720756E 
 956      7369676E 
 956      65642069 
ARM GAS  C:\Users\bryan.lee\AppData\Local\Temp\cchi9JTH.s 			page 19


 957              	.LASF184:
 958 0188 7573625F 		.ascii	"usb_interrupt_lo_IRQn\000"
 958      696E7465 
 958      72727570 
 958      745F6C6F 
 958      5F495251 
 959              	.LASF147:
 960 019e 74637077 		.ascii	"tcpwm_1_interrupts_10_IRQn\000"
 960      6D5F315F 
 960      696E7465 
 960      72727570 
 960      74735F31 
 961              	.LASF39:
 962 01b9 696F7373 		.ascii	"ioss_interrupts_gpio_0_IRQn\000"
 962      5F696E74 
 962      65727275 
 962      7074735F 
 962      6770696F 
 963              	.LASF126:
 964 01d5 63707573 		.ascii	"cpuss_interrupts_cm0_cti_1_IRQn\000"
 964      735F696E 
 964      74657272 
 964      75707473 
 964      5F636D30 
 965              	.LASF48:
 966 01f5 696F7373 		.ascii	"ioss_interrupts_gpio_9_IRQn\000"
 966      5F696E74 
 966      65727275 
 966      7074735F 
 966      6770696F 
 967              	.LASF185:
 968 0211 70617373 		.ascii	"pass_interrupt_dacs_IRQn\000"
 968      5F696E74 
 968      65727275 
 968      70745F64 
 968      6163735F 
 969              	.LASF167:
 970 022a 7564625F 		.ascii	"udb_interrupts_6_IRQn\000"
 970      696E7465 
 970      72727570 
 970      74735F36 
 970      5F495251 
 971              	.LASF190:
 972 0240 63795F65 		.ascii	"cy_en_intr_t\000"
 972      6E5F696E 
 972      74725F74 
 972      00
 973              	.LASF30:
 974 024d 4E766963 		.ascii	"NvicMux24_IRQn\000"
 974      4D757832 
 974      345F4952 
 974      516E00
 975              	.LASF0:
 976 025c 52657365 		.ascii	"Reset_IRQn\000"
 976      745F4952 
 976      516E00
 977              	.LASF153:
ARM GAS  C:\Users\bryan.lee\AppData\Local\Temp\cchi9JTH.s 			page 20


 978 0267 74637077 		.ascii	"tcpwm_1_interrupts_16_IRQn\000"
 978      6D5F315F 
 978      696E7465 
 978      72727570 
 978      74735F31 
 979              	.LASF209:
 980 0282 43595F45 		.ascii	"CY_EINK_SPIM_SCB_IRQ_cfg\000"
 980      494E4B5F 
 980      5350494D 
 980      5F534342 
 980      5F495251 
 981              	.LASF123:
 982 029b 63707573 		.ascii	"cpuss_interrupt_crypto_IRQn\000"
 982      735F696E 
 982      74657272 
 982      7570745F 
 982      63727970 
 983              	.LASF196:
 984 02b7 6C6F6E67 		.ascii	"long long int\000"
 984      206C6F6E 
 984      6720696E 
 984      7400
 985              	.LASF191:
 986 02c5 7369676E 		.ascii	"signed char\000"
 986      65642063 
 986      68617200 
 987              	.LASF22:
 988 02d1 4E766963 		.ascii	"NvicMux16_IRQn\000"
 988      4D757831 
 988      365F4952 
 988      516E00
 989              	.LASF134:
 990 02e0 74637077 		.ascii	"tcpwm_0_interrupts_5_IRQn\000"
 990      6D5F305F 
 990      696E7465 
 990      72727570 
 990      74735F35 
 991              	.LASF114:
 992 02fa 63707573 		.ascii	"cpuss_interrupts_dw1_9_IRQn\000"
 992      735F696E 
 992      74657272 
 992      75707473 
 992      5F647731 
 993              	.LASF206:
 994 0316 636D3070 		.ascii	"cm0pSrc\000"
 994      53726300 
 995              	.LASF9:
 996 031e 4E766963 		.ascii	"NvicMux3_IRQn\000"
 996      4D757833 
 996      5F495251 
 996      6E00
 997              	.LASF56:
 998 032c 6C70636F 		.ascii	"lpcomp_interrupt_IRQn\000"
 998      6D705F69 
 998      6E746572 
 998      72757074 
 998      5F495251 
ARM GAS  C:\Users\bryan.lee\AppData\Local\Temp\cchi9JTH.s 			page 21


 999              	.LASF137:
 1000 0342 74637077 		.ascii	"tcpwm_1_interrupts_0_IRQn\000"
 1000      6D5F315F 
 1000      696E7465 
 1000      72727570 
 1000      74735F30 
 1001              	.LASF193:
 1002 035c 6C6F6E67 		.ascii	"long int\000"
 1002      20696E74 
 1002      00
 1003              	.LASF146:
 1004 0365 74637077 		.ascii	"tcpwm_1_interrupts_9_IRQn\000"
 1004      6D5F315F 
 1004      696E7465 
 1004      72727570 
 1004      74735F39 
 1005              	.LASF69:
 1006 037f 63707573 		.ascii	"cpuss_interrupts_ipc_5_IRQn\000"
 1006      735F696E 
 1006      74657272 
 1006      75707473 
 1006      5F697063 
 1007              	.LASF112:
 1008 039b 63707573 		.ascii	"cpuss_interrupts_dw1_7_IRQn\000"
 1008      735F696E 
 1008      74657272 
 1008      75707473 
 1008      5F647731 
 1009              	.LASF76:
 1010 03b7 63707573 		.ascii	"cpuss_interrupts_ipc_12_IRQn\000"
 1010      735F696E 
 1010      74657272 
 1010      75707473 
 1010      5F697063 
 1011              	.LASF113:
 1012 03d4 63707573 		.ascii	"cpuss_interrupts_dw1_8_IRQn\000"
 1012      735F696E 
 1012      74657272 
 1012      75707473 
 1012      5F647731 
 1013              	.LASF34:
 1014 03f0 4E766963 		.ascii	"NvicMux28_IRQn\000"
 1014      4D757832 
 1014      385F4952 
 1014      516E00
 1015              	.LASF205:
 1016 03ff 696E7472 		.ascii	"intrSrc\000"
 1016      53726300 
 1017              	.LASF148:
 1018 0407 74637077 		.ascii	"tcpwm_1_interrupts_11_IRQn\000"
 1018      6D5F315F 
 1018      696E7465 
 1018      72727570 
 1018      74735F31 
 1019              	.LASF93:
 1020 0422 63707573 		.ascii	"cpuss_interrupts_dw0_4_IRQn\000"
 1020      735F696E 
ARM GAS  C:\Users\bryan.lee\AppData\Local\Temp\cchi9JTH.s 			page 22


 1020      74657272 
 1020      75707473 
 1020      5F647730 
 1021              	.LASF54:
 1022 043e 696F7373 		.ascii	"ioss_interrupt_gpio_IRQn\000"
 1022      5F696E74 
 1022      65727275 
 1022      70745F67 
 1022      70696F5F 
 1023              	.LASF58:
 1024 0457 73727373 		.ascii	"srss_interrupt_mcwdt_0_IRQn\000"
 1024      5F696E74 
 1024      65727275 
 1024      70745F6D 
 1024      63776474 
 1025              	.LASF204:
 1026 0473 646F7562 		.ascii	"double\000"
 1026      6C6500
 1027              	.LASF178:
 1028 047a 61756469 		.ascii	"audioss_interrupt_i2s_IRQn\000"
 1028      6F73735F 
 1028      696E7465 
 1028      72727570 
 1028      745F6932 
 1029              	.LASF95:
 1030 0495 63707573 		.ascii	"cpuss_interrupts_dw0_6_IRQn\000"
 1030      735F696E 
 1030      74657272 
 1030      75707473 
 1030      5F647730 
 1031              	.LASF128:
 1032 04b1 63707573 		.ascii	"cpuss_interrupts_cm4_cti_1_IRQn\000"
 1032      735F696E 
 1032      74657272 
 1032      75707473 
 1032      5F636D34 
 1033              	.LASF37:
 1034 04d1 4E766963 		.ascii	"NvicMux31_IRQn\000"
 1034      4D757833 
 1034      315F4952 
 1034      516E00
 1035              	.LASF23:
 1036 04e0 4E766963 		.ascii	"NvicMux17_IRQn\000"
 1036      4D757831 
 1036      375F4952 
 1036      516E00
 1037              	.LASF135:
 1038 04ef 74637077 		.ascii	"tcpwm_0_interrupts_6_IRQn\000"
 1038      6D5F305F 
 1038      696E7465 
 1038      72727570 
 1038      74735F36 
 1039              	.LASF194:
 1040 0509 5F5F7569 		.ascii	"__uint32_t\000"
 1040      6E743332 
 1040      5F7400
 1041              	.LASF81:
ARM GAS  C:\Users\bryan.lee\AppData\Local\Temp\cchi9JTH.s 			page 23


 1042 0514 7363625F 		.ascii	"scb_1_interrupt_IRQn\000"
 1042      315F696E 
 1042      74657272 
 1042      7570745F 
 1042      4952516E 
 1043              	.LASF10:
 1044 0529 4E766963 		.ascii	"NvicMux4_IRQn\000"
 1044      4D757834 
 1044      5F495251 
 1044      6E00
 1045              	.LASF62:
 1046 0537 70617373 		.ascii	"pass_interrupt_ctbs_IRQn\000"
 1046      5F696E74 
 1046      65727275 
 1046      70745F63 
 1046      7462735F 
 1047              	.LASF82:
 1048 0550 7363625F 		.ascii	"scb_2_interrupt_IRQn\000"
 1048      325F696E 
 1048      74657272 
 1048      7570745F 
 1048      4952516E 
 1049              	.LASF103:
 1050 0565 63707573 		.ascii	"cpuss_interrupts_dw0_14_IRQn\000"
 1050      735F696E 
 1050      74657272 
 1050      75707473 
 1050      5F647730 
 1051              	.LASF44:
 1052 0582 696F7373 		.ascii	"ioss_interrupts_gpio_5_IRQn\000"
 1052      5F696E74 
 1052      65727275 
 1052      7074735F 
 1052      6770696F 
 1053              	.LASF70:
 1054 059e 63707573 		.ascii	"cpuss_interrupts_ipc_6_IRQn\000"
 1054      735F696E 
 1054      74657272 
 1054      75707473 
 1054      5F697063 
 1055              	.LASF163:
 1056 05ba 7564625F 		.ascii	"udb_interrupts_2_IRQn\000"
 1056      696E7465 
 1056      72727570 
 1056      74735F32 
 1056      5F495251 
 1057              	.LASF52:
 1058 05d0 696F7373 		.ascii	"ioss_interrupts_gpio_13_IRQn\000"
 1058      5F696E74 
 1058      65727275 
 1058      7074735F 
 1058      6770696F 
 1059              	.LASF26:
 1060 05ed 4E766963 		.ascii	"NvicMux20_IRQn\000"
 1060      4D757832 
 1060      305F4952 
 1060      516E00
ARM GAS  C:\Users\bryan.lee\AppData\Local\Temp\cchi9JTH.s 			page 24


 1061              	.LASF35:
 1062 05fc 4E766963 		.ascii	"NvicMux29_IRQn\000"
 1062      4D757832 
 1062      395F4952 
 1062      516E00
 1063              	.LASF149:
 1064 060b 74637077 		.ascii	"tcpwm_1_interrupts_12_IRQn\000"
 1064      6D5F315F 
 1064      696E7465 
 1064      72727570 
 1064      74735F31 
 1065              	.LASF118:
 1066 0626 63707573 		.ascii	"cpuss_interrupts_dw1_13_IRQn\000"
 1066      735F696E 
 1066      74657272 
 1066      75707473 
 1066      5F647731 
 1067              	.LASF195:
 1068 0643 6C6F6E67 		.ascii	"long unsigned int\000"
 1068      20756E73 
 1068      69676E65 
 1068      6420696E 
 1068      7400
 1069              	.LASF59:
 1070 0655 73727373 		.ascii	"srss_interrupt_mcwdt_1_IRQn\000"
 1070      5F696E74 
 1070      65727275 
 1070      70745F6D 
 1070      63776474 
 1071              	.LASF91:
 1072 0671 63707573 		.ascii	"cpuss_interrupts_dw0_2_IRQn\000"
 1072      735F696E 
 1072      74657272 
 1072      75707473 
 1072      5F647730 
 1073              	.LASF18:
 1074 068d 4E766963 		.ascii	"NvicMux12_IRQn\000"
 1074      4D757831 
 1074      325F4952 
 1074      516E00
 1075              	.LASF130:
 1076 069c 74637077 		.ascii	"tcpwm_0_interrupts_1_IRQn\000"
 1076      6D5F305F 
 1076      696E7465 
 1076      72727570 
 1076      74735F31 
 1077              	.LASF32:
 1078 06b6 4E766963 		.ascii	"NvicMux26_IRQn\000"
 1078      4D757832 
 1078      365F4952 
 1078      516E00
 1079              	.LASF183:
 1080 06c5 7573625F 		.ascii	"usb_interrupt_med_IRQn\000"
 1080      696E7465 
 1080      72727570 
 1080      745F6D65 
 1080      645F4952 
ARM GAS  C:\Users\bryan.lee\AppData\Local\Temp\cchi9JTH.s 			page 25


 1081              	.LASF121:
 1082 06dc 63707573 		.ascii	"cpuss_interrupts_fault_0_IRQn\000"
 1082      735F696E 
 1082      74657272 
 1082      75707473 
 1082      5F666175 
 1083              	.LASF14:
 1084 06fa 4E766963 		.ascii	"NvicMux8_IRQn\000"
 1084      4D757838 
 1084      5F495251 
 1084      6E00
 1085              	.LASF192:
 1086 0708 73686F72 		.ascii	"short unsigned int\000"
 1086      7420756E 
 1086      7369676E 
 1086      65642069 
 1086      6E7400
 1087              	.LASF142:
 1088 071b 74637077 		.ascii	"tcpwm_1_interrupts_5_IRQn\000"
 1088      6D5F315F 
 1088      696E7465 
 1088      72727570 
 1088      74735F35 
 1089              	.LASF65:
 1090 0735 63707573 		.ascii	"cpuss_interrupts_ipc_1_IRQn\000"
 1090      735F696E 
 1090      74657272 
 1090      75707473 
 1090      5F697063 
 1091              	.LASF109:
 1092 0751 63707573 		.ascii	"cpuss_interrupts_dw1_4_IRQn\000"
 1092      735F696E 
 1092      74657272 
 1092      75707473 
 1092      5F647731 
 1093              	.LASF124:
 1094 076d 63707573 		.ascii	"cpuss_interrupt_fm_IRQn\000"
 1094      735F696E 
 1094      74657272 
 1094      7570745F 
 1094      666D5F49 
 1095              	.LASF180:
 1096 0785 70726F66 		.ascii	"profile_interrupt_IRQn\000"
 1096      696C655F 
 1096      696E7465 
 1096      72727570 
 1096      745F4952 
 1097              	.LASF104:
 1098 079c 63707573 		.ascii	"cpuss_interrupts_dw0_15_IRQn\000"
 1098      735F696E 
 1098      74657272 
 1098      75707473 
 1098      5F647730 
 1099              	.LASF45:
 1100 07b9 696F7373 		.ascii	"ioss_interrupts_gpio_6_IRQn\000"
 1100      5F696E74 
 1100      65727275 
ARM GAS  C:\Users\bryan.lee\AppData\Local\Temp\cchi9JTH.s 			page 26


 1100      7074735F 
 1100      6770696F 
 1101              	.LASF181:
 1102 07d5 736D6966 		.ascii	"smif_interrupt_IRQn\000"
 1102      5F696E74 
 1102      65727275 
 1102      70745F49 
 1102      52516E00 
 1103              	.LASF164:
 1104 07e9 7564625F 		.ascii	"udb_interrupts_3_IRQn\000"
 1104      696E7465 
 1104      72727570 
 1104      74735F33 
 1104      5F495251 
 1105              	.LASF53:
 1106 07ff 696F7373 		.ascii	"ioss_interrupts_gpio_14_IRQn\000"
 1106      5F696E74 
 1106      65727275 
 1106      7074735F 
 1106      6770696F 
 1107              	.LASF27:
 1108 081c 4E766963 		.ascii	"NvicMux21_IRQn\000"
 1108      4D757832 
 1108      315F4952 
 1108      516E00
 1109              	.LASF175:
 1110 082b 7564625F 		.ascii	"udb_interrupts_14_IRQn\000"
 1110      696E7465 
 1110      72727570 
 1110      74735F31 
 1110      345F4952 
 1111              	.LASF5:
 1112 0842 53797354 		.ascii	"SysTick_IRQn\000"
 1112      69636B5F 
 1112      4952516E 
 1112      00
 1113              	.LASF119:
 1114 084f 63707573 		.ascii	"cpuss_interrupts_dw1_14_IRQn\000"
 1114      735F696E 
 1114      74657272 
 1114      75707473 
 1114      5F647731 
 1115              	.LASF186:
 1116 086c 64697363 		.ascii	"disconnected_IRQn\000"
 1116      6F6E6E65 
 1116      63746564 
 1116      5F495251 
 1116      6E00
 1117              	.LASF160:
 1118 087e 74637077 		.ascii	"tcpwm_1_interrupts_23_IRQn\000"
 1118      6D5F315F 
 1118      696E7465 
 1118      72727570 
 1118      74735F32 
 1119              	.LASF19:
 1120 0899 4E766963 		.ascii	"NvicMux13_IRQn\000"
 1120      4D757831 
ARM GAS  C:\Users\bryan.lee\AppData\Local\Temp\cchi9JTH.s 			page 27


 1120      335F4952 
 1120      516E00
 1121              	.LASF131:
 1122 08a8 74637077 		.ascii	"tcpwm_0_interrupts_2_IRQn\000"
 1122      6D5F305F 
 1122      696E7465 
 1122      72727570 
 1122      74735F32 
 1123              	.LASF150:
 1124 08c2 74637077 		.ascii	"tcpwm_1_interrupts_13_IRQn\000"
 1124      6D5F315F 
 1124      696E7465 
 1124      72727570 
 1124      74735F31 
 1125              	.LASF122:
 1126 08dd 63707573 		.ascii	"cpuss_interrupts_fault_1_IRQn\000"
 1126      735F696E 
 1126      74657272 
 1126      75707473 
 1126      5F666175 
 1127              	.LASF200:
 1128 08fb 73697A65 		.ascii	"sizetype\000"
 1128      74797065 
 1128      00
 1129              	.LASF6:
 1130 0904 4E766963 		.ascii	"NvicMux0_IRQn\000"
 1130      4D757830 
 1130      5F495251 
 1130      6E00
 1131              	.LASF97:
 1132 0912 63707573 		.ascii	"cpuss_interrupts_dw0_8_IRQn\000"
 1132      735F696E 
 1132      74657272 
 1132      75707473 
 1132      5F647730 
 1133              	.LASF15:
 1134 092e 4E766963 		.ascii	"NvicMux9_IRQn\000"
 1134      4D757839 
 1134      5F495251 
 1134      6E00
 1135              	.LASF3:
 1136 093c 53564361 		.ascii	"SVCall_IRQn\000"
 1136      6C6C5F49 
 1136      52516E00 
 1137              	.LASF208:
 1138 0948 63795F73 		.ascii	"cy_stc_sysint_t\000"
 1138      74635F73 
 1138      7973696E 
 1138      745F7400 
 1139              	.LASF99:
 1140 0958 63707573 		.ascii	"cpuss_interrupts_dw0_10_IRQn\000"
 1140      735F696E 
 1140      74657272 
 1140      75707473 
 1140      5F647730 
 1141              	.LASF143:
 1142 0975 74637077 		.ascii	"tcpwm_1_interrupts_6_IRQn\000"
ARM GAS  C:\Users\bryan.lee\AppData\Local\Temp\cchi9JTH.s 			page 28


 1142      6D5F315F 
 1142      696E7465 
 1142      72727570 
 1142      74735F36 
 1143              	.LASF66:
 1144 098f 63707573 		.ascii	"cpuss_interrupts_ipc_2_IRQn\000"
 1144      735F696E 
 1144      74657272 
 1144      75707473 
 1144      5F697063 
 1145              	.LASF110:
 1146 09ab 63707573 		.ascii	"cpuss_interrupts_dw1_5_IRQn\000"
 1146      735F696E 
 1146      74657272 
 1146      75707473 
 1146      5F647731 
 1147              	.LASF168:
 1148 09c7 7564625F 		.ascii	"udb_interrupts_7_IRQn\000"
 1148      696E7465 
 1148      72727570 
 1148      74735F37 
 1148      5F495251 
 1149              	.LASF31:
 1150 09dd 4E766963 		.ascii	"NvicMux25_IRQn\000"
 1150      4D757832 
 1150      355F4952 
 1150      516E00
 1151              	.LASF154:
 1152 09ec 74637077 		.ascii	"tcpwm_1_interrupts_17_IRQn\000"
 1152      6D5F315F 
 1152      696E7465 
 1152      72727570 
 1152      74735F31 
 1153              	.LASF84:
 1154 0a07 7363625F 		.ascii	"scb_4_interrupt_IRQn\000"
 1154      345F696E 
 1154      74657272 
 1154      7570745F 
 1154      4952516E 
 1155              	.LASF46:
 1156 0a1c 696F7373 		.ascii	"ioss_interrupts_gpio_7_IRQn\000"
 1156      5F696E74 
 1156      65727275 
 1156      7074735F 
 1156      6770696F 
 1157              	.LASF102:
 1158 0a38 63707573 		.ascii	"cpuss_interrupts_dw0_13_IRQn\000"
 1158      735F696E 
 1158      74657272 
 1158      75707473 
 1158      5F647730 
 1159              	.LASF120:
 1160 0a55 63707573 		.ascii	"cpuss_interrupts_dw1_15_IRQn\000"
 1160      735F696E 
 1160      74657272 
 1160      75707473 
 1160      5F647731 
ARM GAS  C:\Users\bryan.lee\AppData\Local\Temp\cchi9JTH.s 			page 29


 1161              	.LASF182:
 1162 0a72 7573625F 		.ascii	"usb_interrupt_hi_IRQn\000"
 1162      696E7465 
 1162      72727570 
 1162      745F6869 
 1162      5F495251 
 1163              	.LASF203:
 1164 0a88 666C6F61 		.ascii	"float\000"
 1164      7400
 1165              	.LASF92:
 1166 0a8e 63707573 		.ascii	"cpuss_interrupts_dw0_3_IRQn\000"
 1166      735F696E 
 1166      74657272 
 1166      75707473 
 1166      5F647730 
 1167              	.LASF50:
 1168 0aaa 696F7373 		.ascii	"ioss_interrupts_gpio_11_IRQn\000"
 1168      5F696E74 
 1168      65727275 
 1168      7074735F 
 1168      6770696F 
 1169              	.LASF20:
 1170 0ac7 4E766963 		.ascii	"NvicMux14_IRQn\000"
 1170      4D757831 
 1170      345F4952 
 1170      516E00
 1171              	.LASF132:
 1172 0ad6 74637077 		.ascii	"tcpwm_0_interrupts_3_IRQn\000"
 1172      6D5F305F 
 1172      696E7465 
 1172      72727570 
 1172      74735F33 
 1173              	.LASF157:
 1174 0af0 74637077 		.ascii	"tcpwm_1_interrupts_20_IRQn\000"
 1174      6D5F315F 
 1174      696E7465 
 1174      72727570 
 1174      74735F32 
 1175              	.LASF213:
 1176 0b0b 433A5C55 		.ascii	"C:\\Users\\bryan.lee\\Desktop\\PSoC-6-MCU-Pioneer-K"
 1176      73657273 
 1176      5C627279 
 1176      616E2E6C 
 1176      65655C44 
 1177 0b3a 6974732D 		.ascii	"its-master\\CY8CKIT-062-BLE Pioneer Kit\\CE218133_E"
 1177      6D617374 
 1177      65725C43 
 1177      5938434B 
 1177      49542D30 
 1178 0b6b 494E4B5F 		.ascii	"INK_CapSense\\CE218133_EINK_CapSense.cydsn\000"
 1178      43617053 
 1178      656E7365 
 1178      5C434532 
 1178      31383133 
 1179              	.LASF138:
 1180 0b95 74637077 		.ascii	"tcpwm_1_interrupts_1_IRQn\000"
 1180      6D5F315F 
ARM GAS  C:\Users\bryan.lee\AppData\Local\Temp\cchi9JTH.s 			page 30


 1180      696E7465 
 1180      72727570 
 1180      74735F31 
 1181              	.LASF105:
 1182 0baf 63707573 		.ascii	"cpuss_interrupts_dw1_0_IRQn\000"
 1182      735F696E 
 1182      74657272 
 1182      75707473 
 1182      5F647731 
 1183              	.LASF172:
 1184 0bcb 7564625F 		.ascii	"udb_interrupts_11_IRQn\000"
 1184      696E7465 
 1184      72727570 
 1184      74735F31 
 1184      315F4952 
 1185              	.LASF98:
 1186 0be2 63707573 		.ascii	"cpuss_interrupts_dw0_9_IRQn\000"
 1186      735F696E 
 1186      74657272 
 1186      75707473 
 1186      5F647730 
 1187              	.LASF176:
 1188 0bfe 7564625F 		.ascii	"udb_interrupts_15_IRQn\000"
 1188      696E7465 
 1188      72727570 
 1188      74735F31 
 1188      355F4952 
 1189              	.LASF188:
 1190 0c15 756E7369 		.ascii	"unsigned char\000"
 1190      676E6564 
 1190      20636861 
 1190      7200
 1191              	.LASF100:
 1192 0c23 63707573 		.ascii	"cpuss_interrupts_dw0_11_IRQn\000"
 1192      735F696E 
 1192      74657272 
 1192      75707473 
 1192      5F647730 
 1193              	.LASF144:
 1194 0c40 74637077 		.ascii	"tcpwm_1_interrupts_7_IRQn\000"
 1194      6D5F315F 
 1194      696E7465 
 1194      72727570 
 1194      74735F37 
 1195              	.LASF67:
 1196 0c5a 63707573 		.ascii	"cpuss_interrupts_ipc_3_IRQn\000"
 1196      735F696E 
 1196      74657272 
 1196      75707473 
 1196      5F697063 
 1197              	.LASF198:
 1198 0c76 756E7369 		.ascii	"unsigned int\000"
 1198      676E6564 
 1198      20696E74 
 1198      00
 1199              	.LASF49:
 1200 0c83 696F7373 		.ascii	"ioss_interrupts_gpio_10_IRQn\000"
ARM GAS  C:\Users\bryan.lee\AppData\Local\Temp\cchi9JTH.s 			page 31


 1200      5F696E74 
 1200      65727275 
 1200      7074735F 
 1200      6770696F 
 1201              	.LASF169:
 1202 0ca0 7564625F 		.ascii	"udb_interrupts_8_IRQn\000"
 1202      696E7465 
 1202      72727570 
 1202      74735F38 
 1202      5F495251 
 1203              	.LASF38:
 1204 0cb6 756E636F 		.ascii	"unconnected_IRQn\000"
 1204      6E6E6563 
 1204      7465645F 
 1204      4952516E 
 1204      00
 1205              	.LASF187:
 1206 0cc7 73686F72 		.ascii	"short int\000"
 1206      7420696E 
 1206      7400
 1207              	.LASF127:
 1208 0cd1 63707573 		.ascii	"cpuss_interrupts_cm4_cti_0_IRQn\000"
 1208      735F696E 
 1208      74657272 
 1208      75707473 
 1208      5F636D34 
 1209              	.LASF155:
 1210 0cf1 74637077 		.ascii	"tcpwm_1_interrupts_18_IRQn\000"
 1210      6D5F315F 
 1210      696E7465 
 1210      72727570 
 1210      74735F31 
 1211              	.LASF174:
 1212 0d0c 7564625F 		.ascii	"udb_interrupts_13_IRQn\000"
 1212      696E7465 
 1212      72727570 
 1212      74735F31 
 1212      335F4952 
 1213              	.LASF108:
 1214 0d23 63707573 		.ascii	"cpuss_interrupts_dw1_3_IRQn\000"
 1214      735F696E 
 1214      74657272 
 1214      75707473 
 1214      5F647731 
 1215              	.LASF13:
 1216 0d3f 4E766963 		.ascii	"NvicMux7_IRQn\000"
 1216      4D757837 
 1216      5F495251 
 1216      6E00
 1217              	.LASF24:
 1218 0d4d 4E766963 		.ascii	"NvicMux18_IRQn\000"
 1218      4D757831 
 1218      385F4952 
 1218      516E00
 1219              	.LASF136:
 1220 0d5c 74637077 		.ascii	"tcpwm_0_interrupts_7_IRQn\000"
 1220      6D5F305F 
ARM GAS  C:\Users\bryan.lee\AppData\Local\Temp\cchi9JTH.s 			page 32


 1220      696E7465 
 1220      72727570 
 1220      74735F37 
 1221              	.LASF64:
 1222 0d76 63707573 		.ascii	"cpuss_interrupts_ipc_0_IRQn\000"
 1222      735F696E 
 1222      74657272 
 1222      75707473 
 1222      5F697063 
 1223              	.LASF116:
 1224 0d92 63707573 		.ascii	"cpuss_interrupts_dw1_11_IRQn\000"
 1224      735F696E 
 1224      74657272 
 1224      75707473 
 1224      5F647731 
 1225              	.LASF11:
 1226 0daf 4E766963 		.ascii	"NvicMux5_IRQn\000"
 1226      4D757835 
 1226      5F495251 
 1226      6E00
 1227              	.LASF189:
 1228 0dbd 4952516E 		.ascii	"IRQn_Type\000"
 1228      5F547970 
 1228      6500
 1229              	.LASF158:
 1230 0dc7 74637077 		.ascii	"tcpwm_1_interrupts_21_IRQn\000"
 1230      6D5F315F 
 1230      696E7465 
 1230      72727570 
 1230      74735F32 
 1231              	.LASF199:
 1232 0de2 75696E74 		.ascii	"uint32_t\000"
 1232      33325F74 
 1232      00
 1233              	.LASF139:
 1234 0deb 74637077 		.ascii	"tcpwm_1_interrupts_2_IRQn\000"
 1234      6D5F315F 
 1234      696E7465 
 1234      72727570 
 1234      74735F32 
 1235              	.LASF71:
 1236 0e05 63707573 		.ascii	"cpuss_interrupts_ipc_7_IRQn\000"
 1236      735F696E 
 1236      74657272 
 1236      75707473 
 1236      5F697063 
 1237              	.LASF106:
 1238 0e21 63707573 		.ascii	"cpuss_interrupts_dw1_1_IRQn\000"
 1238      735F696E 
 1238      74657272 
 1238      75707473 
 1238      5F647731 
 1239              	.LASF78:
 1240 0e3d 63707573 		.ascii	"cpuss_interrupts_ipc_14_IRQn\000"
 1240      735F696E 
 1240      74657272 
 1240      75707473 
ARM GAS  C:\Users\bryan.lee\AppData\Local\Temp\cchi9JTH.s 			page 33


 1240      5F697063 
 1241              	.LASF211:
 1242 0e5a 474E5520 		.ascii	"GNU C11 5.4.1 20160609 (release) [ARM/embedded-5-br"
 1242      43313120 
 1242      352E342E 
 1242      31203230 
 1242      31363036 
 1243 0e8d 616E6368 		.ascii	"anch revision 237715] -mcpu=cortex-m0plus -mthumb -"
 1243      20726576 
 1243      6973696F 
 1243      6E203233 
 1243      37373135 
 1244 0ec0 67202D4F 		.ascii	"g -Og -ffunction-sections -ffat-lto-objects\000"
 1244      67202D66 
 1244      66756E63 
 1244      74696F6E 
 1244      2D736563 
 1245              	.LASF179:
 1246 0eec 61756469 		.ascii	"audioss_interrupt_pdm_IRQn\000"
 1246      6F73735F 
 1246      696E7465 
 1246      72727570 
 1246      745F7064 
 1247              	.LASF201:
 1248 0f07 6C6F6E67 		.ascii	"long double\000"
 1248      20646F75 
 1248      626C6500 
 1249              	.LASF202:
 1250 0f13 63686172 		.ascii	"char\000"
 1250      00
 1251              	.LASF212:
 1252 0f18 47656E65 		.ascii	"Generated_Source\\PSoC6\\cyfitter_sysint_cfg.c\000"
 1252      72617465 
 1252      645F536F 
 1252      75726365 
 1252      5C50536F 
 1253              	.LASF101:
 1254 0f45 63707573 		.ascii	"cpuss_interrupts_dw0_12_IRQn\000"
 1254      735F696E 
 1254      74657272 
 1254      75707473 
 1254      5F647730 
 1255              	.LASF42:
 1256 0f62 696F7373 		.ascii	"ioss_interrupts_gpio_3_IRQn\000"
 1256      5F696E74 
 1256      65727275 
 1256      7074735F 
 1256      6770696F 
 1257              	.LASF177:
 1258 0f7e 70617373 		.ascii	"pass_interrupt_sar_IRQn\000"
 1258      5F696E74 
 1258      65727275 
 1258      70745F73 
 1258      61725F49 
 1259              	.LASF4:
 1260 0f96 50656E64 		.ascii	"PendSV_IRQn\000"
 1260      53565F49 
ARM GAS  C:\Users\bryan.lee\AppData\Local\Temp\cchi9JTH.s 			page 34


 1260      52516E00 
 1261              	.LASF83:
 1262 0fa2 7363625F 		.ascii	"scb_3_interrupt_IRQn\000"
 1262      335F696E 
 1262      74657272 
 1262      7570745F 
 1262      4952516E 
 1263              	.LASF170:
 1264 0fb7 7564625F 		.ascii	"udb_interrupts_9_IRQn\000"
 1264      696E7465 
 1264      72727570 
 1264      74735F39 
 1264      5F495251 
 1265              	.LASF33:
 1266 0fcd 4E766963 		.ascii	"NvicMux27_IRQn\000"
 1266      4D757832 
 1266      375F4952 
 1266      516E00
 1267              	.LASF1:
 1268 0fdc 4E6F6E4D 		.ascii	"NonMaskableInt_IRQn\000"
 1268      61736B61 
 1268      626C6549 
 1268      6E745F49 
 1268      52516E00 
 1269              	.LASF156:
 1270 0ff0 74637077 		.ascii	"tcpwm_1_interrupts_19_IRQn\000"
 1270      6D5F315F 
 1270      696E7465 
 1270      72727570 
 1270      74735F31 
 1271              	.LASF86:
 1272 100b 7363625F 		.ascii	"scb_6_interrupt_IRQn\000"
 1272      365F696E 
 1272      74657272 
 1272      7570745F 
 1272      4952516E 
 1273              	.LASF16:
 1274 1020 4E766963 		.ascii	"NvicMux10_IRQn\000"
 1274      4D757831 
 1274      305F4952 
 1274      516E00
 1275              	.LASF25:
 1276 102f 4E766963 		.ascii	"NvicMux19_IRQn\000"
 1276      4D757831 
 1276      395F4952 
 1276      516E00
 1277              	.LASF171:
 1278 103e 7564625F 		.ascii	"udb_interrupts_10_IRQn\000"
 1278      696E7465 
 1278      72727570 
 1278      74735F31 
 1278      305F4952 
 1279              	.LASF40:
 1280 1055 696F7373 		.ascii	"ioss_interrupts_gpio_1_IRQn\000"
 1280      5F696E74 
 1280      65727275 
 1280      7074735F 
ARM GAS  C:\Users\bryan.lee\AppData\Local\Temp\cchi9JTH.s 			page 35


 1280      6770696F 
 1281              	.LASF2:
 1282 1071 48617264 		.ascii	"HardFault_IRQn\000"
 1282      4661756C 
 1282      745F4952 
 1282      516E00
 1283              	.LASF94:
 1284 1080 63707573 		.ascii	"cpuss_interrupts_dw0_5_IRQn\000"
 1284      735F696E 
 1284      74657272 
 1284      75707473 
 1284      5F647730 
 1285              	.LASF12:
 1286 109c 4E766963 		.ascii	"NvicMux6_IRQn\000"
 1286      4D757836 
 1286      5F495251 
 1286      6E00
 1287              	.LASF88:
 1288 10aa 6373645F 		.ascii	"csd_interrupt_IRQn\000"
 1288      696E7465 
 1288      72727570 
 1288      745F4952 
 1288      516E00
 1289              	.LASF36:
 1290 10bd 4E766963 		.ascii	"NvicMux30_IRQn\000"
 1290      4D757833 
 1290      305F4952 
 1290      516E00
 1291              	.LASF159:
 1292 10cc 74637077 		.ascii	"tcpwm_1_interrupts_22_IRQn\000"
 1292      6D5F315F 
 1292      696E7465 
 1292      72727570 
 1292      74735F32 
 1293              	.LASF140:
 1294 10e7 74637077 		.ascii	"tcpwm_1_interrupts_3_IRQn\000"
 1294      6D5F315F 
 1294      696E7465 
 1294      72727570 
 1294      74735F33 
 1295              	.LASF72:
 1296 1101 63707573 		.ascii	"cpuss_interrupts_ipc_8_IRQn\000"
 1296      735F696E 
 1296      74657272 
 1296      75707473 
 1296      5F697063 
 1297              	.LASF107:
 1298 111d 63707573 		.ascii	"cpuss_interrupts_dw1_2_IRQn\000"
 1298      735F696E 
 1298      74657272 
 1298      75707473 
 1298      5F647731 
 1299              	.LASF79:
 1300 1139 63707573 		.ascii	"cpuss_interrupts_ipc_15_IRQn\000"
 1300      735F696E 
 1300      74657272 
 1300      75707473 
ARM GAS  C:\Users\bryan.lee\AppData\Local\Temp\cchi9JTH.s 			page 36


 1300      5F697063 
 1301              	.LASF165:
 1302 1156 7564625F 		.ascii	"udb_interrupts_4_IRQn\000"
 1302      696E7465 
 1302      72727570 
 1302      74735F34 
 1302      5F495251 
 1303              	.LASF28:
 1304 116c 4E766963 		.ascii	"NvicMux22_IRQn\000"
 1304      4D757832 
 1304      325F4952 
 1304      516E00
 1305              	.LASF87:
 1306 117b 7363625F 		.ascii	"scb_7_interrupt_IRQn\000"
 1306      375F696E 
 1306      74657272 
 1306      7570745F 
 1306      4952516E 
 1307              	.LASF151:
 1308 1190 74637077 		.ascii	"tcpwm_1_interrupts_14_IRQn\000"
 1308      6D5F315F 
 1308      696E7465 
 1308      72727570 
 1308      74735F31 
 1309              	.LASF43:
 1310 11ab 696F7373 		.ascii	"ioss_interrupts_gpio_4_IRQn\000"
 1310      5F696E74 
 1310      65727275 
 1310      7074735F 
 1310      6770696F 
 1311              	.LASF210:
 1312 11c7 43617053 		.ascii	"CapSense_ISR_cfg\000"
 1312      656E7365 
 1312      5F495352 
 1312      5F636667 
 1312      00
 1313              	.LASF51:
 1314 11d8 696F7373 		.ascii	"ioss_interrupts_gpio_12_IRQn\000"
 1314      5F696E74 
 1314      65727275 
 1314      7074735F 
 1314      6770696F 
 1315              	.LASF173:
 1316 11f5 7564625F 		.ascii	"udb_interrupts_12_IRQn\000"
 1316      696E7465 
 1316      72727570 
 1316      74735F31 
 1316      325F4952 
 1317              	.LASF117:
 1318 120c 63707573 		.ascii	"cpuss_interrupts_dw1_12_IRQn\000"
 1318      735F696E 
 1318      74657272 
 1318      75707473 
 1318      5F647731 
 1319              	.LASF89:
 1320 1229 63707573 		.ascii	"cpuss_interrupts_dw0_0_IRQn\000"
 1320      735F696E 
ARM GAS  C:\Users\bryan.lee\AppData\Local\Temp\cchi9JTH.s 			page 37


 1320      74657272 
 1320      75707473 
 1320      5F647730 
 1321              	.LASF7:
 1322 1245 4E766963 		.ascii	"NvicMux1_IRQn\000"
 1322      4D757831 
 1322      5F495251 
 1322      6E00
 1323              	.LASF55:
 1324 1253 696F7373 		.ascii	"ioss_interrupt_vdd_IRQn\000"
 1324      5F696E74 
 1324      65727275 
 1324      70745F76 
 1324      64645F49 
 1325              	.LASF17:
 1326 126b 4E766963 		.ascii	"NvicMux11_IRQn\000"
 1326      4D757831 
 1326      315F4952 
 1326      516E00
 1327              	.LASF129:
 1328 127a 74637077 		.ascii	"tcpwm_0_interrupts_0_IRQn\000"
 1328      6D5F305F 
 1328      696E7465 
 1328      72727570 
 1328      74735F30 
 1329              	.LASF115:
 1330 1294 63707573 		.ascii	"cpuss_interrupts_dw1_10_IRQn\000"
 1330      735F696E 
 1330      74657272 
 1330      75707473 
 1330      5F647731 
 1331              	.LASF60:
 1332 12b1 73727373 		.ascii	"srss_interrupt_backup_IRQn\000"
 1332      5F696E74 
 1332      65727275 
 1332      70745F62 
 1332      61636B75 
 1333              	.LASF74:
 1334 12cc 63707573 		.ascii	"cpuss_interrupts_ipc_10_IRQn\000"
 1334      735F696E 
 1334      74657272 
 1334      75707473 
 1334      5F697063 
 1335              	.LASF111:
 1336 12e9 63707573 		.ascii	"cpuss_interrupts_dw1_6_IRQn\000"
 1336      735F696E 
 1336      74657272 
 1336      75707473 
 1336      5F647731 
 1337              	.LASF96:
 1338 1305 63707573 		.ascii	"cpuss_interrupts_dw0_7_IRQn\000"
 1338      735F696E 
 1338      74657272 
 1338      75707473 
 1338      5F647730 
 1339              	.LASF207:
 1340 1321 696E7472 		.ascii	"intrPriority\000"
ARM GAS  C:\Users\bryan.lee\AppData\Local\Temp\cchi9JTH.s 			page 38


 1340      5072696F 
 1340      72697479 
 1340      00
 1341              	.LASF141:
 1342 132e 74637077 		.ascii	"tcpwm_1_interrupts_4_IRQn\000"
 1342      6D5F315F 
 1342      696E7465 
 1342      72727570 
 1342      74735F34 
 1343              	.LASF125:
 1344 1348 63707573 		.ascii	"cpuss_interrupts_cm0_cti_0_IRQn\000"
 1344      735F696E 
 1344      74657272 
 1344      75707473 
 1344      5F636D30 
 1345              	.LASF47:
 1346 1368 696F7373 		.ascii	"ioss_interrupts_gpio_8_IRQn\000"
 1346      5F696E74 
 1346      65727275 
 1346      7074735F 
 1346      6770696F 
 1347              	.LASF73:
 1348 1384 63707573 		.ascii	"cpuss_interrupts_ipc_9_IRQn\000"
 1348      735F696E 
 1348      74657272 
 1348      75707473 
 1348      5F697063 
 1349              	.LASF166:
 1350 13a0 7564625F 		.ascii	"udb_interrupts_5_IRQn\000"
 1350      696E7465 
 1350      72727570 
 1350      74735F35 
 1350      5F495251 
 1351              	.LASF77:
 1352 13b6 63707573 		.ascii	"cpuss_interrupts_ipc_13_IRQn\000"
 1352      735F696E 
 1352      74657272 
 1352      75707473 
 1352      5F697063 
 1353              	.LASF29:
 1354 13d3 4E766963 		.ascii	"NvicMux23_IRQn\000"
 1354      4D757832 
 1354      335F4952 
 1354      516E00
 1355              		.ident	"GCC: (GNU Tools for ARM Embedded Processors) 5.4.1 20160609 (release) [ARM/embedded-5-bran
