ARM GAS  C:\Users\bryan.lee\AppData\Local\Temp\cczppNg0.s 			page 1


   1              		.syntax unified
   2              		.cpu cortex-m0plus
   3              		.fpu softvfp
   4              		.eabi_attribute 20, 1
   5              		.eabi_attribute 21, 1
   6              		.eabi_attribute 23, 3
   7              		.eabi_attribute 24, 1
   8              		.eabi_attribute 25, 1
   9              		.eabi_attribute 26, 1
  10              		.eabi_attribute 30, 1
  11              		.eabi_attribute 34, 0
  12              		.eabi_attribute 18, 4
  13              		.thumb
  14              		.syntax unified
  15              		.file	"main_cm0p.c"
  16              		.text
  17              	.Ltext0:
  18              		.cfi_sections	.debug_frame
  19              		.section	.text.main,"ax",%progbits
  20              		.align	2
  21              		.global	main
  22              		.code	16
  23              		.thumb_func
  24              		.type	main, %function
  25              	main:
  26              	.LFB453:
  27              		.file 1 "main_cm0p.c"
   1:main_cm0p.c   **** /******************************************************************************
   2:main_cm0p.c   **** * File Name: main_cm0p.c
   3:main_cm0p.c   **** *
   4:main_cm0p.c   **** * Version: 1.10
   5:main_cm0p.c   **** *
   6:main_cm0p.c   **** * Description: This code example shows how to create a user-interface 
   7:main_cm0p.c   **** *              solution using an EINK display and CapSense.
   8:main_cm0p.c   **** *
   9:main_cm0p.c   **** * Related Document: CE218133_EINK_CapSense.pdf
  10:main_cm0p.c   **** *
  11:main_cm0p.c   **** * Hardware Dependency: CY8CKIT-062-BLE PSoC 6 BLE Pioneer Kit
  12:main_cm0p.c   **** *                      CY8CKIT-028-EPD E-INK Display Shield
  13:main_cm0p.c   **** *
  14:main_cm0p.c   **** *******************************************************************************
  15:main_cm0p.c   **** * Copyright (2017), Cypress Semiconductor Corporation. All rights reserved.
  16:main_cm0p.c   **** *******************************************************************************
  17:main_cm0p.c   **** * This software, including source code, documentation and related materials
  18:main_cm0p.c   **** * (“Software”), is owned by Cypress Semiconductor Corporation or one of its
  19:main_cm0p.c   **** * subsidiaries (“Cypress”) and is protected by and subject to worldwide patent
  20:main_cm0p.c   **** * protection (United States and foreign), United States copyright laws and
  21:main_cm0p.c   **** * international treaty provisions. Therefore, you may use this Software only
  22:main_cm0p.c   **** * as provided in the license agreement accompanying the software package from
  23:main_cm0p.c   **** * which you obtained this Software (“EULA”).
  24:main_cm0p.c   **** *
  25:main_cm0p.c   **** * If no EULA applies, Cypress hereby grants you a personal, nonexclusive,
  26:main_cm0p.c   **** * non-transferable license to copy, modify, and compile the Software source
  27:main_cm0p.c   **** * code solely for use in connection with Cypress’s integrated circuit products.
  28:main_cm0p.c   **** * Any reproduction, modification, translation, compilation, or representation
  29:main_cm0p.c   **** * of this Software except as specified above is prohibited without the express
  30:main_cm0p.c   **** * written permission of Cypress.
ARM GAS  C:\Users\bryan.lee\AppData\Local\Temp\cczppNg0.s 			page 2


  31:main_cm0p.c   **** *
  32:main_cm0p.c   **** * Disclaimer: THIS SOFTWARE IS PROVIDED AS-IS, WITH NO WARRANTY OF ANY KIND, 
  33:main_cm0p.c   **** * EXPRESS OR IMPLIED, INCLUDING, BUT NOT LIMITED TO, NONINFRINGEMENT, IMPLIED 
  34:main_cm0p.c   **** * WARRANTIES OF MERCHANTABILITY AND FITNESS FOR A PARTICULAR PURPOSE. Cypress 
  35:main_cm0p.c   **** * reserves the right to make changes to the Software without notice. Cypress 
  36:main_cm0p.c   **** * does not assume any liability arising out of the application or use of the 
  37:main_cm0p.c   **** * Software or any product or circuit described in the Software. Cypress does 
  38:main_cm0p.c   **** * not authorize its products for use in any products where a malfunction or 
  39:main_cm0p.c   **** * failure of the Cypress product may reasonably be expected to result in 
  40:main_cm0p.c   **** * significant property damage, injury or death (“High Risk Product”). By 
  41:main_cm0p.c   **** * including Cypress’s product in a High Risk Product, the manufacturer of such 
  42:main_cm0p.c   **** * system or application assumes all risk of such use and in doing so agrees to 
  43:main_cm0p.c   **** * indemnify Cypress against all liability.
  44:main_cm0p.c   **** *******************************************************************************/
  45:main_cm0p.c   **** /******************************************************************************
  46:main_cm0p.c   **** * This code example demonstrates how to create a user-interface solution
  47:main_cm0p.c   **** * using EINK display and CapSense sliders and buttons. EINK displays consume 
  48:main_cm0p.c   **** * no power for image retention. However, during display update, the CPU has to 
  49:main_cm0p.c   **** * be active for as many as two seconds, which consumes CPU cycles and increases 
  50:main_cm0p.c   **** * the average power  consumption. PSoC 6 BLE has an ARM Cortex-M0+ companion core 
  51:main_cm0p.c   **** * that can rectify these issues as it consumes very low power and takes processing 
  52:main_cm0p.c   **** * overhead away from the main ARM Cortex-M4 CPU. Together with PSoC 6 BLE’s 
  53:main_cm0p.c   **** * CapSense touch sensing, EINK display can create user interfaces that have 
  54:main_cm0p.c   **** * “always-on” functionality.
  55:main_cm0p.c   **** *******************************************************************************/
  56:main_cm0p.c   **** 
  57:main_cm0p.c   **** /* Header file includes */
  58:main_cm0p.c   **** #include <project.h>
  59:main_cm0p.c   **** #include "touch.h"
  60:main_cm0p.c   **** #include "screen.h"
  61:main_cm0p.c   **** 
  62:main_cm0p.c   **** /*******************************************************************************
  63:main_cm0p.c   **** * Function Name: int main()
  64:main_cm0p.c   **** ********************************************************************************
  65:main_cm0p.c   **** *
  66:main_cm0p.c   **** * Summary: 
  67:main_cm0p.c   **** *  Main function that continuously reads touch information and updates the screen
  68:main_cm0p.c   **** *  accordingly
  69:main_cm0p.c   **** *
  70:main_cm0p.c   **** * Parameters:
  71:main_cm0p.c   **** *  None
  72:main_cm0p.c   **** *
  73:main_cm0p.c   **** * Return:
  74:main_cm0p.c   **** *  int
  75:main_cm0p.c   **** *
  76:main_cm0p.c   **** * Side Effects:
  77:main_cm0p.c   **** *  None  
  78:main_cm0p.c   **** *
  79:main_cm0p.c   **** *******************************************************************************/
  80:main_cm0p.c   **** int main(void)
  81:main_cm0p.c   **** {
  28              		.loc 1 81 0
  29              		.cfi_startproc
  30              		@ args = 0, pretend = 0, frame = 8
  31              		@ frame_needed = 0, uses_anonymous_args = 0
  32 0000 00B5     		push	{lr}
  33              		.cfi_def_cfa_offset 4
ARM GAS  C:\Users\bryan.lee\AppData\Local\Temp\cczppNg0.s 			page 3


  34              		.cfi_offset 14, -4
  35 0002 83B0     		sub	sp, sp, #12
  36              		.cfi_def_cfa_offset 16
  37              	.LBB4:
  38              	.LBB5:
  39              		.file 2 "Generated_Source\\PSoC6\\pdl\\cmsis/include/cmsis_gcc.h"
   1:Generated_Source\PSoC6\pdl\cmsis/include/cmsis_gcc.h **** /**************************************************************************//**
   2:Generated_Source\PSoC6\pdl\cmsis/include/cmsis_gcc.h ****  * @file     cmsis_gcc.h
   3:Generated_Source\PSoC6\pdl\cmsis/include/cmsis_gcc.h ****  * @brief    CMSIS compiler GCC header file
   4:Generated_Source\PSoC6\pdl\cmsis/include/cmsis_gcc.h ****  * @version  V5.0.1
   5:Generated_Source\PSoC6\pdl\cmsis/include/cmsis_gcc.h ****  * @date     02. February 2017
   6:Generated_Source\PSoC6\pdl\cmsis/include/cmsis_gcc.h ****  ******************************************************************************/
   7:Generated_Source\PSoC6\pdl\cmsis/include/cmsis_gcc.h **** /*
   8:Generated_Source\PSoC6\pdl\cmsis/include/cmsis_gcc.h ****  * Copyright (c) 2009-2017 ARM Limited. All rights reserved.
   9:Generated_Source\PSoC6\pdl\cmsis/include/cmsis_gcc.h ****  *
  10:Generated_Source\PSoC6\pdl\cmsis/include/cmsis_gcc.h ****  * SPDX-License-Identifier: Apache-2.0
  11:Generated_Source\PSoC6\pdl\cmsis/include/cmsis_gcc.h ****  *
  12:Generated_Source\PSoC6\pdl\cmsis/include/cmsis_gcc.h ****  * Licensed under the Apache License, Version 2.0 (the License); you may
  13:Generated_Source\PSoC6\pdl\cmsis/include/cmsis_gcc.h ****  * not use this file except in compliance with the License.
  14:Generated_Source\PSoC6\pdl\cmsis/include/cmsis_gcc.h ****  * You may obtain a copy of the License at
  15:Generated_Source\PSoC6\pdl\cmsis/include/cmsis_gcc.h ****  *
  16:Generated_Source\PSoC6\pdl\cmsis/include/cmsis_gcc.h ****  * www.apache.org/licenses/LICENSE-2.0
  17:Generated_Source\PSoC6\pdl\cmsis/include/cmsis_gcc.h ****  *
  18:Generated_Source\PSoC6\pdl\cmsis/include/cmsis_gcc.h ****  * Unless required by applicable law or agreed to in writing, software
  19:Generated_Source\PSoC6\pdl\cmsis/include/cmsis_gcc.h ****  * distributed under the License is distributed on an AS IS BASIS, WITHOUT
  20:Generated_Source\PSoC6\pdl\cmsis/include/cmsis_gcc.h ****  * WARRANTIES OR CONDITIONS OF ANY KIND, either express or implied.
  21:Generated_Source\PSoC6\pdl\cmsis/include/cmsis_gcc.h ****  * See the License for the specific language governing permissions and
  22:Generated_Source\PSoC6\pdl\cmsis/include/cmsis_gcc.h ****  * limitations under the License.
  23:Generated_Source\PSoC6\pdl\cmsis/include/cmsis_gcc.h ****  */
  24:Generated_Source\PSoC6\pdl\cmsis/include/cmsis_gcc.h **** 
  25:Generated_Source\PSoC6\pdl\cmsis/include/cmsis_gcc.h **** #ifndef __CMSIS_GCC_H
  26:Generated_Source\PSoC6\pdl\cmsis/include/cmsis_gcc.h **** #define __CMSIS_GCC_H
  27:Generated_Source\PSoC6\pdl\cmsis/include/cmsis_gcc.h **** 
  28:Generated_Source\PSoC6\pdl\cmsis/include/cmsis_gcc.h **** /* ignore some GCC warnings */
  29:Generated_Source\PSoC6\pdl\cmsis/include/cmsis_gcc.h **** #pragma GCC diagnostic push
  30:Generated_Source\PSoC6\pdl\cmsis/include/cmsis_gcc.h **** #pragma GCC diagnostic ignored "-Wsign-conversion"
  31:Generated_Source\PSoC6\pdl\cmsis/include/cmsis_gcc.h **** #pragma GCC diagnostic ignored "-Wconversion"
  32:Generated_Source\PSoC6\pdl\cmsis/include/cmsis_gcc.h **** #pragma GCC diagnostic ignored "-Wunused-parameter"
  33:Generated_Source\PSoC6\pdl\cmsis/include/cmsis_gcc.h **** 
  34:Generated_Source\PSoC6\pdl\cmsis/include/cmsis_gcc.h **** /* CMSIS compiler specific defines */
  35:Generated_Source\PSoC6\pdl\cmsis/include/cmsis_gcc.h **** #ifndef   __ASM
  36:Generated_Source\PSoC6\pdl\cmsis/include/cmsis_gcc.h ****   #define __ASM                     __asm
  37:Generated_Source\PSoC6\pdl\cmsis/include/cmsis_gcc.h **** #endif
  38:Generated_Source\PSoC6\pdl\cmsis/include/cmsis_gcc.h **** #ifndef   __INLINE
  39:Generated_Source\PSoC6\pdl\cmsis/include/cmsis_gcc.h ****   #define __INLINE                  inline
  40:Generated_Source\PSoC6\pdl\cmsis/include/cmsis_gcc.h **** #endif
  41:Generated_Source\PSoC6\pdl\cmsis/include/cmsis_gcc.h **** #ifndef   __STATIC_INLINE
  42:Generated_Source\PSoC6\pdl\cmsis/include/cmsis_gcc.h ****   #define __STATIC_INLINE           static inline
  43:Generated_Source\PSoC6\pdl\cmsis/include/cmsis_gcc.h **** #endif
  44:Generated_Source\PSoC6\pdl\cmsis/include/cmsis_gcc.h **** #ifndef   __NO_RETURN
  45:Generated_Source\PSoC6\pdl\cmsis/include/cmsis_gcc.h ****   #define __NO_RETURN               __attribute__((noreturn))
  46:Generated_Source\PSoC6\pdl\cmsis/include/cmsis_gcc.h **** #endif
  47:Generated_Source\PSoC6\pdl\cmsis/include/cmsis_gcc.h **** #ifndef   __USED
  48:Generated_Source\PSoC6\pdl\cmsis/include/cmsis_gcc.h ****   #define __USED                    __attribute__((used))
  49:Generated_Source\PSoC6\pdl\cmsis/include/cmsis_gcc.h **** #endif
  50:Generated_Source\PSoC6\pdl\cmsis/include/cmsis_gcc.h **** #ifndef   __WEAK
  51:Generated_Source\PSoC6\pdl\cmsis/include/cmsis_gcc.h ****   #define __WEAK                    __attribute__((weak))
ARM GAS  C:\Users\bryan.lee\AppData\Local\Temp\cczppNg0.s 			page 4


  52:Generated_Source\PSoC6\pdl\cmsis/include/cmsis_gcc.h **** #endif
  53:Generated_Source\PSoC6\pdl\cmsis/include/cmsis_gcc.h **** #ifndef   __UNALIGNED_UINT32
  54:Generated_Source\PSoC6\pdl\cmsis/include/cmsis_gcc.h **** #pragma GCC diagnostic push
  55:Generated_Source\PSoC6\pdl\cmsis/include/cmsis_gcc.h **** #pragma GCC diagnostic ignored "-Wpacked"
  56:Generated_Source\PSoC6\pdl\cmsis/include/cmsis_gcc.h **** #pragma GCC diagnostic ignored "-Wattributes"
  57:Generated_Source\PSoC6\pdl\cmsis/include/cmsis_gcc.h ****   struct __attribute__((packed)) T_UINT32 { uint32_t v; };
  58:Generated_Source\PSoC6\pdl\cmsis/include/cmsis_gcc.h **** #pragma GCC diagnostic pop
  59:Generated_Source\PSoC6\pdl\cmsis/include/cmsis_gcc.h ****   #define __UNALIGNED_UINT32(x)     (((struct T_UINT32 *)(x))->v)
  60:Generated_Source\PSoC6\pdl\cmsis/include/cmsis_gcc.h **** #endif
  61:Generated_Source\PSoC6\pdl\cmsis/include/cmsis_gcc.h **** #ifndef   __ALIGNED
  62:Generated_Source\PSoC6\pdl\cmsis/include/cmsis_gcc.h ****   #define __ALIGNED(x)              __attribute__((aligned(x)))
  63:Generated_Source\PSoC6\pdl\cmsis/include/cmsis_gcc.h **** #endif
  64:Generated_Source\PSoC6\pdl\cmsis/include/cmsis_gcc.h **** #ifndef   __PACKED
  65:Generated_Source\PSoC6\pdl\cmsis/include/cmsis_gcc.h ****   #define __PACKED                  __attribute__((packed, aligned(1)))
  66:Generated_Source\PSoC6\pdl\cmsis/include/cmsis_gcc.h **** #endif
  67:Generated_Source\PSoC6\pdl\cmsis/include/cmsis_gcc.h **** #ifndef   __PACKED_STRUCT
  68:Generated_Source\PSoC6\pdl\cmsis/include/cmsis_gcc.h ****   #define __PACKED_STRUCT           struct __attribute__((packed, aligned(1)))
  69:Generated_Source\PSoC6\pdl\cmsis/include/cmsis_gcc.h **** #endif
  70:Generated_Source\PSoC6\pdl\cmsis/include/cmsis_gcc.h **** 
  71:Generated_Source\PSoC6\pdl\cmsis/include/cmsis_gcc.h **** 
  72:Generated_Source\PSoC6\pdl\cmsis/include/cmsis_gcc.h **** /* ###########################  Core Function Access  ########################### */
  73:Generated_Source\PSoC6\pdl\cmsis/include/cmsis_gcc.h **** /** \ingroup  CMSIS_Core_FunctionInterface
  74:Generated_Source\PSoC6\pdl\cmsis/include/cmsis_gcc.h ****     \defgroup CMSIS_Core_RegAccFunctions CMSIS Core Register Access Functions
  75:Generated_Source\PSoC6\pdl\cmsis/include/cmsis_gcc.h ****   @{
  76:Generated_Source\PSoC6\pdl\cmsis/include/cmsis_gcc.h ****  */
  77:Generated_Source\PSoC6\pdl\cmsis/include/cmsis_gcc.h **** 
  78:Generated_Source\PSoC6\pdl\cmsis/include/cmsis_gcc.h **** /**
  79:Generated_Source\PSoC6\pdl\cmsis/include/cmsis_gcc.h ****   \brief   Enable IRQ Interrupts
  80:Generated_Source\PSoC6\pdl\cmsis/include/cmsis_gcc.h ****   \details Enables IRQ interrupts by clearing the I-bit in the CPSR.
  81:Generated_Source\PSoC6\pdl\cmsis/include/cmsis_gcc.h ****            Can only be executed in Privileged modes.
  82:Generated_Source\PSoC6\pdl\cmsis/include/cmsis_gcc.h ****  */
  83:Generated_Source\PSoC6\pdl\cmsis/include/cmsis_gcc.h **** __attribute__((always_inline)) __STATIC_INLINE void __enable_irq(void)
  84:Generated_Source\PSoC6\pdl\cmsis/include/cmsis_gcc.h **** {
  85:Generated_Source\PSoC6\pdl\cmsis/include/cmsis_gcc.h ****   __ASM volatile ("cpsie i" : : : "memory");
  40              		.loc 2 85 0
  41              		.syntax divided
  42              	@ 85 "Generated_Source\PSoC6\pdl\cmsis/include/cmsis_gcc.h" 1
  43 0004 62B6     		cpsie i
  44              	@ 0 "" 2
  45              		.thumb
  46              		.syntax unified
  47              	.LBE5:
  48              	.LBE4:
  82:main_cm0p.c   ****     /* Variable used to store the touch information */
  83:main_cm0p.c   ****     touch_data_t touchData;
  84:main_cm0p.c   **** 
  85:main_cm0p.c   ****     /* Enable global interrupts */
  86:main_cm0p.c   ****     __enable_irq();
  87:main_cm0p.c   **** 
  88:main_cm0p.c   ****     /* Initialize the display, touch detection and low power modules */
  89:main_cm0p.c   ****     InitScreen();
  49              		.loc 1 89 0
  50 0006 FFF7FEFF 		bl	InitScreen
  51              	.LVL0:
  90:main_cm0p.c   ****     InitTouch();
  52              		.loc 1 90 0
  53 000a FFF7FEFF 		bl	InitTouch
ARM GAS  C:\Users\bryan.lee\AppData\Local\Temp\cczppNg0.s 			page 5


  54              	.LVL1:
  55              	.L2:
  91:main_cm0p.c   **** 
  92:main_cm0p.c   ****     for (;;)
  93:main_cm0p.c   ****     {
  94:main_cm0p.c   ****         /* Read the touch information from the CapSense buttons and the slider */
  95:main_cm0p.c   ****         touchData = GetTouch();
  56              		.loc 1 95 0 discriminator 1
  57 000e FFF7FEFF 		bl	GetTouch
  58              	.LVL2:
  59 0012 01AB     		add	r3, sp, #4
  60 0014 1880     		strh	r0, [r3]
  96:main_cm0p.c   **** 
  97:main_cm0p.c   ****         /* Update the screen according to the touch input */
  98:main_cm0p.c   ****         UpdateScreen(touchData);
  61              		.loc 1 98 0 discriminator 1
  62 0016 0198     		ldr	r0, [sp, #4]
  63 0018 FFF7FEFF 		bl	UpdateScreen
  64              	.LVL3:
  65 001c F7E7     		b	.L2
  66              		.cfi_endproc
  67              	.LFE453:
  68              		.size	main, .-main
  69 001e C046     		.text
  70              	.Letext0:
  71              		.file 3 "c:\\program files (x86)\\cypress\\psoc creator\\4.2\\psoc creator\\import\\gnu\\arm\\5.4.
  72              		.file 4 "c:\\program files (x86)\\cypress\\psoc creator\\4.2\\psoc creator\\import\\gnu\\arm\\5.4.
  73              		.file 5 "Generated_Source\\PSoC6\\pdl\\drivers/peripheral/tcpwm/cy_tcpwm_counter.h"
  74              		.file 6 "Generated_Source\\PSoC6\\pdl\\drivers/peripheral/scb/cy_scb_spi.h"
  75              		.file 7 "touch.h"
  76              		.file 8 "Generated_Source\\PSoC6/CY_EINK_Timer.h"
  77              		.file 9 "Generated_Source\\PSoC6/CY_EINK_SPIM.h"
  78              		.file 10 "screen.h"
  79              		.section	.debug_info,"",%progbits
  80              	.Ldebug_info0:
  81 0000 63030000 		.4byte	0x363
  82 0004 0400     		.2byte	0x4
  83 0006 00000000 		.4byte	.Ldebug_abbrev0
  84 000a 04       		.byte	0x4
  85 000b 01       		.uleb128 0x1
  86 000c B0000000 		.4byte	.LASF65
  87 0010 0C       		.byte	0xc
  88 0011 60040000 		.4byte	.LASF66
  89 0015 2D030000 		.4byte	.LASF67
  90 0019 00000000 		.4byte	.Ldebug_ranges0+0
  91 001d 00000000 		.4byte	0
  92 0021 00000000 		.4byte	.Ldebug_line0
  93 0025 02       		.uleb128 0x2
  94 0026 02       		.byte	0x2
  95 0027 05       		.byte	0x5
  96 0028 70000000 		.4byte	.LASF0
  97 002c 02       		.uleb128 0x2
  98 002d 01       		.byte	0x1
  99 002e 08       		.byte	0x8
 100 002f 67020000 		.4byte	.LASF1
 101 0033 02       		.uleb128 0x2
 102 0034 01       		.byte	0x1
ARM GAS  C:\Users\bryan.lee\AppData\Local\Temp\cczppNg0.s 			page 6


 103 0035 06       		.byte	0x6
 104 0036 99020000 		.4byte	.LASF2
 105 003a 02       		.uleb128 0x2
 106 003b 02       		.byte	0x2
 107 003c 07       		.byte	0x7
 108 003d 13030000 		.4byte	.LASF3
 109 0041 02       		.uleb128 0x2
 110 0042 04       		.byte	0x4
 111 0043 05       		.byte	0x5
 112 0044 10020000 		.4byte	.LASF4
 113 0048 03       		.uleb128 0x3
 114 0049 6A010000 		.4byte	.LASF9
 115 004d 03       		.byte	0x3
 116 004e 41       		.byte	0x41
 117 004f 53000000 		.4byte	0x53
 118 0053 02       		.uleb128 0x2
 119 0054 04       		.byte	0x4
 120 0055 07       		.byte	0x7
 121 0056 00040000 		.4byte	.LASF5
 122 005a 02       		.uleb128 0x2
 123 005b 08       		.byte	0x8
 124 005c 05       		.byte	0x5
 125 005d F5010000 		.4byte	.LASF6
 126 0061 02       		.uleb128 0x2
 127 0062 08       		.byte	0x8
 128 0063 07       		.byte	0x7
 129 0064 A5020000 		.4byte	.LASF7
 130 0068 04       		.uleb128 0x4
 131 0069 04       		.byte	0x4
 132 006a 05       		.byte	0x5
 133 006b 696E7400 		.ascii	"int\000"
 134 006f 02       		.uleb128 0x2
 135 0070 04       		.byte	0x4
 136 0071 07       		.byte	0x7
 137 0072 82040000 		.4byte	.LASF8
 138 0076 03       		.uleb128 0x3
 139 0077 BC020000 		.4byte	.LASF10
 140 007b 04       		.byte	0x4
 141 007c 30       		.byte	0x30
 142 007d 48000000 		.4byte	0x48
 143 0081 02       		.uleb128 0x2
 144 0082 04       		.byte	0x4
 145 0083 07       		.byte	0x7
 146 0084 83000000 		.4byte	.LASF11
 147 0088 05       		.uleb128 0x5
 148 0089 76000000 		.4byte	0x76
 149 008d 02       		.uleb128 0x2
 150 008e 08       		.byte	0x8
 151 008f 04       		.byte	0x4
 152 0090 4C020000 		.4byte	.LASF12
 153 0094 02       		.uleb128 0x2
 154 0095 01       		.byte	0x1
 155 0096 08       		.byte	0x8
 156 0097 B7030000 		.4byte	.LASF13
 157 009b 02       		.uleb128 0x2
 158 009c 04       		.byte	0x4
 159 009d 04       		.byte	0x4
ARM GAS  C:\Users\bryan.lee\AppData\Local\Temp\cczppNg0.s 			page 7


 160 009e CF010000 		.4byte	.LASF14
 161 00a2 02       		.uleb128 0x2
 162 00a3 08       		.byte	0x8
 163 00a4 04       		.byte	0x4
 164 00a5 12040000 		.4byte	.LASF15
 165 00a9 06       		.uleb128 0x6
 166 00aa 04       		.byte	0x4
 167 00ab 02       		.uleb128 0x2
 168 00ac 01       		.byte	0x1
 169 00ad 02       		.byte	0x2
 170 00ae C5030000 		.4byte	.LASF16
 171 00b2 07       		.uleb128 0x7
 172 00b3 23040000 		.4byte	.LASF38
 173 00b7 4C       		.byte	0x4c
 174 00b8 05       		.byte	0x5
 175 00b9 2B       		.byte	0x2b
 176 00ba A3010000 		.4byte	0x1a3
 177 00be 08       		.uleb128 0x8
 178 00bf 22020000 		.4byte	.LASF17
 179 00c3 05       		.byte	0x5
 180 00c4 2D       		.byte	0x2d
 181 00c5 76000000 		.4byte	0x76
 182 00c9 00       		.byte	0
 183 00ca 08       		.uleb128 0x8
 184 00cb 21000000 		.4byte	.LASF18
 185 00cf 05       		.byte	0x5
 186 00d0 2F       		.byte	0x2f
 187 00d1 76000000 		.4byte	0x76
 188 00d5 04       		.byte	0x4
 189 00d6 08       		.uleb128 0x8
 190 00d7 C7010000 		.4byte	.LASF19
 191 00db 05       		.byte	0x5
 192 00dc 30       		.byte	0x30
 193 00dd 76000000 		.4byte	0x76
 194 00e1 08       		.byte	0x8
 195 00e2 08       		.uleb128 0x8
 196 00e3 75020000 		.4byte	.LASF20
 197 00e7 05       		.byte	0x5
 198 00e8 31       		.byte	0x31
 199 00e9 76000000 		.4byte	0x76
 200 00ed 0C       		.byte	0xc
 201 00ee 08       		.uleb128 0x8
 202 00ef C5020000 		.4byte	.LASF21
 203 00f3 05       		.byte	0x5
 204 00f4 33       		.byte	0x33
 205 00f5 76000000 		.4byte	0x76
 206 00f9 10       		.byte	0x10
 207 00fa 08       		.uleb128 0x8
 208 00fb 3F000000 		.4byte	.LASF22
 209 00ff 05       		.byte	0x5
 210 0100 34       		.byte	0x34
 211 0101 76000000 		.4byte	0x76
 212 0105 14       		.byte	0x14
 213 0106 08       		.uleb128 0x8
 214 0107 48000000 		.4byte	.LASF23
 215 010b 05       		.byte	0x5
 216 010c 35       		.byte	0x35
ARM GAS  C:\Users\bryan.lee\AppData\Local\Temp\cczppNg0.s 			page 8


 217 010d 76000000 		.4byte	0x76
 218 0111 18       		.byte	0x18
 219 0112 08       		.uleb128 0x8
 220 0113 D6020000 		.4byte	.LASF24
 221 0117 05       		.byte	0x5
 222 0118 36       		.byte	0x36
 223 0119 AB000000 		.4byte	0xab
 224 011d 1C       		.byte	0x1c
 225 011e 08       		.uleb128 0x8
 226 011f EF030000 		.4byte	.LASF25
 227 0123 05       		.byte	0x5
 228 0124 38       		.byte	0x38
 229 0125 76000000 		.4byte	0x76
 230 0129 20       		.byte	0x20
 231 012a 08       		.uleb128 0x8
 232 012b DE030000 		.4byte	.LASF26
 233 012f 05       		.byte	0x5
 234 0130 39       		.byte	0x39
 235 0131 76000000 		.4byte	0x76
 236 0135 24       		.byte	0x24
 237 0136 08       		.uleb128 0x8
 238 0137 CB030000 		.4byte	.LASF27
 239 013b 05       		.byte	0x5
 240 013c 3B       		.byte	0x3b
 241 013d 76000000 		.4byte	0x76
 242 0141 28       		.byte	0x28
 243 0142 08       		.uleb128 0x8
 244 0143 E5010000 		.4byte	.LASF28
 245 0147 05       		.byte	0x5
 246 0148 3C       		.byte	0x3c
 247 0149 76000000 		.4byte	0x76
 248 014d 2C       		.byte	0x2c
 249 014e 08       		.uleb128 0x8
 250 014f 00000000 		.4byte	.LASF29
 251 0153 05       		.byte	0x5
 252 0154 3E       		.byte	0x3e
 253 0155 76000000 		.4byte	0x76
 254 0159 30       		.byte	0x30
 255 015a 08       		.uleb128 0x8
 256 015b 58020000 		.4byte	.LASF30
 257 015f 05       		.byte	0x5
 258 0160 3F       		.byte	0x3f
 259 0161 76000000 		.4byte	0x76
 260 0165 34       		.byte	0x34
 261 0166 08       		.uleb128 0x8
 262 0167 3F040000 		.4byte	.LASF31
 263 016b 05       		.byte	0x5
 264 016c 41       		.byte	0x41
 265 016d 76000000 		.4byte	0x76
 266 0171 38       		.byte	0x38
 267 0172 08       		.uleb128 0x8
 268 0173 4A040000 		.4byte	.LASF32
 269 0177 05       		.byte	0x5
 270 0178 42       		.byte	0x42
 271 0179 76000000 		.4byte	0x76
 272 017d 3C       		.byte	0x3c
 273 017e 08       		.uleb128 0x8
ARM GAS  C:\Users\bryan.lee\AppData\Local\Temp\cczppNg0.s 			page 9


 274 017f 35020000 		.4byte	.LASF33
 275 0183 05       		.byte	0x5
 276 0184 44       		.byte	0x44
 277 0185 76000000 		.4byte	0x76
 278 0189 40       		.byte	0x40
 279 018a 08       		.uleb128 0x8
 280 018b 30000000 		.4byte	.LASF34
 281 018f 05       		.byte	0x5
 282 0190 45       		.byte	0x45
 283 0191 76000000 		.4byte	0x76
 284 0195 44       		.byte	0x44
 285 0196 08       		.uleb128 0x8
 286 0197 6C040000 		.4byte	.LASF35
 287 019b 05       		.byte	0x5
 288 019c 47       		.byte	0x47
 289 019d 76000000 		.4byte	0x76
 290 01a1 48       		.byte	0x48
 291 01a2 00       		.byte	0
 292 01a3 03       		.uleb128 0x3
 293 01a4 E8020000 		.4byte	.LASF36
 294 01a8 05       		.byte	0x5
 295 01a9 48       		.byte	0x48
 296 01aa B2000000 		.4byte	0xb2
 297 01ae 09       		.uleb128 0x9
 298 01af 04       		.byte	0x4
 299 01b0 B4010000 		.4byte	0x1b4
 300 01b4 0A       		.uleb128 0xa
 301 01b5 BF010000 		.4byte	0x1bf
 302 01b9 0B       		.uleb128 0xb
 303 01ba 76000000 		.4byte	0x76
 304 01be 00       		.byte	0
 305 01bf 0C       		.uleb128 0xc
 306 01c0 A9010000 		.4byte	.LASF37
 307 01c4 06       		.byte	0x6
 308 01c5 BF01     		.2byte	0x1bf
 309 01c7 AE010000 		.4byte	0x1ae
 310 01cb 0D       		.uleb128 0xd
 311 01cc 99000000 		.4byte	.LASF39
 312 01d0 24       		.byte	0x24
 313 01d1 06       		.byte	0x6
 314 01d2 4102     		.2byte	0x241
 315 01d4 4E020000 		.4byte	0x24e
 316 01d8 0E       		.uleb128 0xe
 317 01d9 26030000 		.4byte	.LASF40
 318 01dd 06       		.byte	0x6
 319 01de 4402     		.2byte	0x244
 320 01e0 88000000 		.4byte	0x88
 321 01e4 00       		.byte	0
 322 01e5 0E       		.uleb128 0xe
 323 01e6 D8030000 		.4byte	.LASF41
 324 01ea 06       		.byte	0x6
 325 01eb 4602     		.2byte	0x246
 326 01ed A9000000 		.4byte	0xa9
 327 01f1 04       		.byte	0x4
 328 01f2 0E       		.uleb128 0xe
 329 01f3 5D000000 		.4byte	.LASF42
 330 01f7 06       		.byte	0x6
ARM GAS  C:\Users\bryan.lee\AppData\Local\Temp\cczppNg0.s 			page 10


 331 01f8 4702     		.2byte	0x247
 332 01fa 76000000 		.4byte	0x76
 333 01fe 08       		.byte	0x8
 334 01ff 0E       		.uleb128 0xe
 335 0200 83010000 		.4byte	.LASF43
 336 0204 06       		.byte	0x6
 337 0205 4802     		.2byte	0x248
 338 0207 88000000 		.4byte	0x88
 339 020b 0C       		.byte	0xc
 340 020c 0E       		.uleb128 0xe
 341 020d DF010000 		.4byte	.LASF44
 342 0211 06       		.byte	0x6
 343 0212 4A02     		.2byte	0x24a
 344 0214 A9000000 		.4byte	0xa9
 345 0218 10       		.byte	0x10
 346 0219 0E       		.uleb128 0xe
 347 021a 5B010000 		.4byte	.LASF45
 348 021e 06       		.byte	0x6
 349 021f 4B02     		.2byte	0x24b
 350 0221 76000000 		.4byte	0x76
 351 0225 14       		.byte	0x14
 352 0226 0E       		.uleb128 0xe
 353 0227 19020000 		.4byte	.LASF46
 354 022b 06       		.byte	0x6
 355 022c 4C02     		.2byte	0x24c
 356 022e 88000000 		.4byte	0x88
 357 0232 18       		.byte	0x18
 358 0233 0E       		.uleb128 0xe
 359 0234 BC030000 		.4byte	.LASF47
 360 0238 06       		.byte	0x6
 361 0239 5202     		.2byte	0x252
 362 023b BF010000 		.4byte	0x1bf
 363 023f 1C       		.byte	0x1c
 364 0240 0E       		.uleb128 0xe
 365 0241 58040000 		.4byte	.LASF48
 366 0245 06       		.byte	0x6
 367 0246 5502     		.2byte	0x255
 368 0248 76000000 		.4byte	0x76
 369 024c 20       		.byte	0x20
 370 024d 00       		.byte	0
 371 024e 0C       		.uleb128 0xc
 372 024f 42010000 		.4byte	.LASF49
 373 0253 06       		.byte	0x6
 374 0254 5802     		.2byte	0x258
 375 0256 CB010000 		.4byte	0x1cb
 376 025a 0F       		.uleb128 0xf
 377 025b 01       		.byte	0x1
 378 025c 2C000000 		.4byte	0x2c
 379 0260 07       		.byte	0x7
 380 0261 3E       		.byte	0x3e
 381 0262 85020000 		.4byte	0x285
 382 0266 10       		.uleb128 0x10
 383 0267 8F040000 		.4byte	.LASF50
 384 026b 00       		.byte	0
 385 026c 10       		.uleb128 0x10
 386 026d 75010000 		.4byte	.LASF51
 387 0271 01       		.byte	0x1
ARM GAS  C:\Users\bryan.lee\AppData\Local\Temp\cczppNg0.s 			page 11


 388 0272 10       		.uleb128 0x10
 389 0273 29020000 		.4byte	.LASF52
 390 0277 02       		.byte	0x2
 391 0278 10       		.uleb128 0x10
 392 0279 51000000 		.4byte	.LASF53
 393 027d 03       		.byte	0x3
 394 027e 10       		.uleb128 0x10
 395 027f 8C000000 		.4byte	.LASF54
 396 0283 04       		.byte	0x4
 397 0284 00       		.byte	0
 398 0285 03       		.uleb128 0x3
 399 0286 8C010000 		.4byte	.LASF55
 400 028a 07       		.byte	0x7
 401 028b 44       		.byte	0x44
 402 028c 5A020000 		.4byte	0x25a
 403 0290 11       		.uleb128 0x11
 404 0291 02       		.byte	0x2
 405 0292 07       		.byte	0x7
 406 0293 47       		.byte	0x47
 407 0294 B1020000 		.4byte	0x2b1
 408 0298 08       		.uleb128 0x8
 409 0299 9F010000 		.4byte	.LASF56
 410 029d 07       		.byte	0x7
 411 029e 49       		.byte	0x49
 412 029f 85020000 		.4byte	0x285
 413 02a3 00       		.byte	0
 414 02a4 08       		.uleb128 0x8
 415 02a5 67000000 		.4byte	.LASF57
 416 02a9 07       		.byte	0x7
 417 02aa 4A       		.byte	0x4a
 418 02ab AB000000 		.4byte	0xab
 419 02af 01       		.byte	0x1
 420 02b0 00       		.byte	0
 421 02b1 03       		.uleb128 0x3
 422 02b2 03020000 		.4byte	.LASF58
 423 02b6 07       		.byte	0x7
 424 02b7 4B       		.byte	0x4b
 425 02b8 90020000 		.4byte	0x290
 426 02bc 12       		.uleb128 0x12
 427 02bd 3F020000 		.4byte	.LASF68
 428 02c1 02       		.byte	0x2
 429 02c2 53       		.byte	0x53
 430 02c3 03       		.byte	0x3
 431 02c4 13       		.uleb128 0x13
 432 02c5 65010000 		.4byte	.LASF69
 433 02c9 01       		.byte	0x1
 434 02ca 50       		.byte	0x50
 435 02cb 68000000 		.4byte	0x68
 436 02cf 00000000 		.4byte	.LFB453
 437 02d3 1E000000 		.4byte	.LFE453-.LFB453
 438 02d7 01       		.uleb128 0x1
 439 02d8 9C       		.byte	0x9c
 440 02d9 1F030000 		.4byte	0x31f
 441 02dd 14       		.uleb128 0x14
 442 02de D5010000 		.4byte	.LASF70
 443 02e2 01       		.byte	0x1
 444 02e3 53       		.byte	0x53
ARM GAS  C:\Users\bryan.lee\AppData\Local\Temp\cczppNg0.s 			page 12


 445 02e4 B1020000 		.4byte	0x2b1
 446 02e8 02       		.uleb128 0x2
 447 02e9 91       		.byte	0x91
 448 02ea 74       		.sleb128 -12
 449 02eb 15       		.uleb128 0x15
 450 02ec BC020000 		.4byte	0x2bc
 451 02f0 04000000 		.4byte	.LBB4
 452 02f4 02000000 		.4byte	.LBE4-.LBB4
 453 02f8 01       		.byte	0x1
 454 02f9 56       		.byte	0x56
 455 02fa 16       		.uleb128 0x16
 456 02fb 0A000000 		.4byte	.LVL0
 457 02ff 3A030000 		.4byte	0x33a
 458 0303 16       		.uleb128 0x16
 459 0304 0E000000 		.4byte	.LVL1
 460 0308 45030000 		.4byte	0x345
 461 030c 16       		.uleb128 0x16
 462 030d 12000000 		.4byte	.LVL2
 463 0311 50030000 		.4byte	0x350
 464 0315 16       		.uleb128 0x16
 465 0316 1C000000 		.4byte	.LVL3
 466 031a 5B030000 		.4byte	0x35b
 467 031e 00       		.byte	0
 468 031f 17       		.uleb128 0x17
 469 0320 0C000000 		.4byte	.LASF59
 470 0324 08       		.byte	0x8
 471 0325 1F       		.byte	0x1f
 472 0326 2A030000 		.4byte	0x32a
 473 032a 18       		.uleb128 0x18
 474 032b A3010000 		.4byte	0x1a3
 475 032f 17       		.uleb128 0x17
 476 0330 84020000 		.4byte	.LASF60
 477 0334 09       		.byte	0x9
 478 0335 5E       		.byte	0x5e
 479 0336 4E020000 		.4byte	0x24e
 480 033a 19       		.uleb128 0x19
 481 033b 77040000 		.4byte	.LASF61
 482 033f 77040000 		.4byte	.LASF61
 483 0343 0A       		.byte	0xa
 484 0344 39       		.byte	0x39
 485 0345 19       		.uleb128 0x19
 486 0346 19040000 		.4byte	.LASF62
 487 034a 19040000 		.4byte	.LASF62
 488 034e 07       		.byte	0x7
 489 034f 4E       		.byte	0x4e
 490 0350 19       		.uleb128 0x19
 491 0351 7A000000 		.4byte	.LASF63
 492 0355 7A000000 		.4byte	.LASF63
 493 0359 07       		.byte	0x7
 494 035a 51       		.byte	0x51
 495 035b 19       		.uleb128 0x19
 496 035c 06030000 		.4byte	.LASF64
 497 0360 06030000 		.4byte	.LASF64
 498 0364 0A       		.byte	0xa
 499 0365 3C       		.byte	0x3c
 500 0366 00       		.byte	0
 501              		.section	.debug_abbrev,"",%progbits
ARM GAS  C:\Users\bryan.lee\AppData\Local\Temp\cczppNg0.s 			page 13


 502              	.Ldebug_abbrev0:
 503 0000 01       		.uleb128 0x1
 504 0001 11       		.uleb128 0x11
 505 0002 01       		.byte	0x1
 506 0003 25       		.uleb128 0x25
 507 0004 0E       		.uleb128 0xe
 508 0005 13       		.uleb128 0x13
 509 0006 0B       		.uleb128 0xb
 510 0007 03       		.uleb128 0x3
 511 0008 0E       		.uleb128 0xe
 512 0009 1B       		.uleb128 0x1b
 513 000a 0E       		.uleb128 0xe
 514 000b 55       		.uleb128 0x55
 515 000c 17       		.uleb128 0x17
 516 000d 11       		.uleb128 0x11
 517 000e 01       		.uleb128 0x1
 518 000f 10       		.uleb128 0x10
 519 0010 17       		.uleb128 0x17
 520 0011 00       		.byte	0
 521 0012 00       		.byte	0
 522 0013 02       		.uleb128 0x2
 523 0014 24       		.uleb128 0x24
 524 0015 00       		.byte	0
 525 0016 0B       		.uleb128 0xb
 526 0017 0B       		.uleb128 0xb
 527 0018 3E       		.uleb128 0x3e
 528 0019 0B       		.uleb128 0xb
 529 001a 03       		.uleb128 0x3
 530 001b 0E       		.uleb128 0xe
 531 001c 00       		.byte	0
 532 001d 00       		.byte	0
 533 001e 03       		.uleb128 0x3
 534 001f 16       		.uleb128 0x16
 535 0020 00       		.byte	0
 536 0021 03       		.uleb128 0x3
 537 0022 0E       		.uleb128 0xe
 538 0023 3A       		.uleb128 0x3a
 539 0024 0B       		.uleb128 0xb
 540 0025 3B       		.uleb128 0x3b
 541 0026 0B       		.uleb128 0xb
 542 0027 49       		.uleb128 0x49
 543 0028 13       		.uleb128 0x13
 544 0029 00       		.byte	0
 545 002a 00       		.byte	0
 546 002b 04       		.uleb128 0x4
 547 002c 24       		.uleb128 0x24
 548 002d 00       		.byte	0
 549 002e 0B       		.uleb128 0xb
 550 002f 0B       		.uleb128 0xb
 551 0030 3E       		.uleb128 0x3e
 552 0031 0B       		.uleb128 0xb
 553 0032 03       		.uleb128 0x3
 554 0033 08       		.uleb128 0x8
 555 0034 00       		.byte	0
 556 0035 00       		.byte	0
 557 0036 05       		.uleb128 0x5
 558 0037 35       		.uleb128 0x35
ARM GAS  C:\Users\bryan.lee\AppData\Local\Temp\cczppNg0.s 			page 14


 559 0038 00       		.byte	0
 560 0039 49       		.uleb128 0x49
 561 003a 13       		.uleb128 0x13
 562 003b 00       		.byte	0
 563 003c 00       		.byte	0
 564 003d 06       		.uleb128 0x6
 565 003e 0F       		.uleb128 0xf
 566 003f 00       		.byte	0
 567 0040 0B       		.uleb128 0xb
 568 0041 0B       		.uleb128 0xb
 569 0042 00       		.byte	0
 570 0043 00       		.byte	0
 571 0044 07       		.uleb128 0x7
 572 0045 13       		.uleb128 0x13
 573 0046 01       		.byte	0x1
 574 0047 03       		.uleb128 0x3
 575 0048 0E       		.uleb128 0xe
 576 0049 0B       		.uleb128 0xb
 577 004a 0B       		.uleb128 0xb
 578 004b 3A       		.uleb128 0x3a
 579 004c 0B       		.uleb128 0xb
 580 004d 3B       		.uleb128 0x3b
 581 004e 0B       		.uleb128 0xb
 582 004f 01       		.uleb128 0x1
 583 0050 13       		.uleb128 0x13
 584 0051 00       		.byte	0
 585 0052 00       		.byte	0
 586 0053 08       		.uleb128 0x8
 587 0054 0D       		.uleb128 0xd
 588 0055 00       		.byte	0
 589 0056 03       		.uleb128 0x3
 590 0057 0E       		.uleb128 0xe
 591 0058 3A       		.uleb128 0x3a
 592 0059 0B       		.uleb128 0xb
 593 005a 3B       		.uleb128 0x3b
 594 005b 0B       		.uleb128 0xb
 595 005c 49       		.uleb128 0x49
 596 005d 13       		.uleb128 0x13
 597 005e 38       		.uleb128 0x38
 598 005f 0B       		.uleb128 0xb
 599 0060 00       		.byte	0
 600 0061 00       		.byte	0
 601 0062 09       		.uleb128 0x9
 602 0063 0F       		.uleb128 0xf
 603 0064 00       		.byte	0
 604 0065 0B       		.uleb128 0xb
 605 0066 0B       		.uleb128 0xb
 606 0067 49       		.uleb128 0x49
 607 0068 13       		.uleb128 0x13
 608 0069 00       		.byte	0
 609 006a 00       		.byte	0
 610 006b 0A       		.uleb128 0xa
 611 006c 15       		.uleb128 0x15
 612 006d 01       		.byte	0x1
 613 006e 27       		.uleb128 0x27
 614 006f 19       		.uleb128 0x19
 615 0070 01       		.uleb128 0x1
ARM GAS  C:\Users\bryan.lee\AppData\Local\Temp\cczppNg0.s 			page 15


 616 0071 13       		.uleb128 0x13
 617 0072 00       		.byte	0
 618 0073 00       		.byte	0
 619 0074 0B       		.uleb128 0xb
 620 0075 05       		.uleb128 0x5
 621 0076 00       		.byte	0
 622 0077 49       		.uleb128 0x49
 623 0078 13       		.uleb128 0x13
 624 0079 00       		.byte	0
 625 007a 00       		.byte	0
 626 007b 0C       		.uleb128 0xc
 627 007c 16       		.uleb128 0x16
 628 007d 00       		.byte	0
 629 007e 03       		.uleb128 0x3
 630 007f 0E       		.uleb128 0xe
 631 0080 3A       		.uleb128 0x3a
 632 0081 0B       		.uleb128 0xb
 633 0082 3B       		.uleb128 0x3b
 634 0083 05       		.uleb128 0x5
 635 0084 49       		.uleb128 0x49
 636 0085 13       		.uleb128 0x13
 637 0086 00       		.byte	0
 638 0087 00       		.byte	0
 639 0088 0D       		.uleb128 0xd
 640 0089 13       		.uleb128 0x13
 641 008a 01       		.byte	0x1
 642 008b 03       		.uleb128 0x3
 643 008c 0E       		.uleb128 0xe
 644 008d 0B       		.uleb128 0xb
 645 008e 0B       		.uleb128 0xb
 646 008f 3A       		.uleb128 0x3a
 647 0090 0B       		.uleb128 0xb
 648 0091 3B       		.uleb128 0x3b
 649 0092 05       		.uleb128 0x5
 650 0093 01       		.uleb128 0x1
 651 0094 13       		.uleb128 0x13
 652 0095 00       		.byte	0
 653 0096 00       		.byte	0
 654 0097 0E       		.uleb128 0xe
 655 0098 0D       		.uleb128 0xd
 656 0099 00       		.byte	0
 657 009a 03       		.uleb128 0x3
 658 009b 0E       		.uleb128 0xe
 659 009c 3A       		.uleb128 0x3a
 660 009d 0B       		.uleb128 0xb
 661 009e 3B       		.uleb128 0x3b
 662 009f 05       		.uleb128 0x5
 663 00a0 49       		.uleb128 0x49
 664 00a1 13       		.uleb128 0x13
 665 00a2 38       		.uleb128 0x38
 666 00a3 0B       		.uleb128 0xb
 667 00a4 00       		.byte	0
 668 00a5 00       		.byte	0
 669 00a6 0F       		.uleb128 0xf
 670 00a7 04       		.uleb128 0x4
 671 00a8 01       		.byte	0x1
 672 00a9 0B       		.uleb128 0xb
ARM GAS  C:\Users\bryan.lee\AppData\Local\Temp\cczppNg0.s 			page 16


 673 00aa 0B       		.uleb128 0xb
 674 00ab 49       		.uleb128 0x49
 675 00ac 13       		.uleb128 0x13
 676 00ad 3A       		.uleb128 0x3a
 677 00ae 0B       		.uleb128 0xb
 678 00af 3B       		.uleb128 0x3b
 679 00b0 0B       		.uleb128 0xb
 680 00b1 01       		.uleb128 0x1
 681 00b2 13       		.uleb128 0x13
 682 00b3 00       		.byte	0
 683 00b4 00       		.byte	0
 684 00b5 10       		.uleb128 0x10
 685 00b6 28       		.uleb128 0x28
 686 00b7 00       		.byte	0
 687 00b8 03       		.uleb128 0x3
 688 00b9 0E       		.uleb128 0xe
 689 00ba 1C       		.uleb128 0x1c
 690 00bb 0B       		.uleb128 0xb
 691 00bc 00       		.byte	0
 692 00bd 00       		.byte	0
 693 00be 11       		.uleb128 0x11
 694 00bf 13       		.uleb128 0x13
 695 00c0 01       		.byte	0x1
 696 00c1 0B       		.uleb128 0xb
 697 00c2 0B       		.uleb128 0xb
 698 00c3 3A       		.uleb128 0x3a
 699 00c4 0B       		.uleb128 0xb
 700 00c5 3B       		.uleb128 0x3b
 701 00c6 0B       		.uleb128 0xb
 702 00c7 01       		.uleb128 0x1
 703 00c8 13       		.uleb128 0x13
 704 00c9 00       		.byte	0
 705 00ca 00       		.byte	0
 706 00cb 12       		.uleb128 0x12
 707 00cc 2E       		.uleb128 0x2e
 708 00cd 00       		.byte	0
 709 00ce 03       		.uleb128 0x3
 710 00cf 0E       		.uleb128 0xe
 711 00d0 3A       		.uleb128 0x3a
 712 00d1 0B       		.uleb128 0xb
 713 00d2 3B       		.uleb128 0x3b
 714 00d3 0B       		.uleb128 0xb
 715 00d4 27       		.uleb128 0x27
 716 00d5 19       		.uleb128 0x19
 717 00d6 20       		.uleb128 0x20
 718 00d7 0B       		.uleb128 0xb
 719 00d8 00       		.byte	0
 720 00d9 00       		.byte	0
 721 00da 13       		.uleb128 0x13
 722 00db 2E       		.uleb128 0x2e
 723 00dc 01       		.byte	0x1
 724 00dd 3F       		.uleb128 0x3f
 725 00de 19       		.uleb128 0x19
 726 00df 03       		.uleb128 0x3
 727 00e0 0E       		.uleb128 0xe
 728 00e1 3A       		.uleb128 0x3a
 729 00e2 0B       		.uleb128 0xb
ARM GAS  C:\Users\bryan.lee\AppData\Local\Temp\cczppNg0.s 			page 17


 730 00e3 3B       		.uleb128 0x3b
 731 00e4 0B       		.uleb128 0xb
 732 00e5 27       		.uleb128 0x27
 733 00e6 19       		.uleb128 0x19
 734 00e7 49       		.uleb128 0x49
 735 00e8 13       		.uleb128 0x13
 736 00e9 8701     		.uleb128 0x87
 737 00eb 19       		.uleb128 0x19
 738 00ec 11       		.uleb128 0x11
 739 00ed 01       		.uleb128 0x1
 740 00ee 12       		.uleb128 0x12
 741 00ef 06       		.uleb128 0x6
 742 00f0 40       		.uleb128 0x40
 743 00f1 18       		.uleb128 0x18
 744 00f2 9742     		.uleb128 0x2117
 745 00f4 19       		.uleb128 0x19
 746 00f5 01       		.uleb128 0x1
 747 00f6 13       		.uleb128 0x13
 748 00f7 00       		.byte	0
 749 00f8 00       		.byte	0
 750 00f9 14       		.uleb128 0x14
 751 00fa 34       		.uleb128 0x34
 752 00fb 00       		.byte	0
 753 00fc 03       		.uleb128 0x3
 754 00fd 0E       		.uleb128 0xe
 755 00fe 3A       		.uleb128 0x3a
 756 00ff 0B       		.uleb128 0xb
 757 0100 3B       		.uleb128 0x3b
 758 0101 0B       		.uleb128 0xb
 759 0102 49       		.uleb128 0x49
 760 0103 13       		.uleb128 0x13
 761 0104 02       		.uleb128 0x2
 762 0105 18       		.uleb128 0x18
 763 0106 00       		.byte	0
 764 0107 00       		.byte	0
 765 0108 15       		.uleb128 0x15
 766 0109 1D       		.uleb128 0x1d
 767 010a 00       		.byte	0
 768 010b 31       		.uleb128 0x31
 769 010c 13       		.uleb128 0x13
 770 010d 11       		.uleb128 0x11
 771 010e 01       		.uleb128 0x1
 772 010f 12       		.uleb128 0x12
 773 0110 06       		.uleb128 0x6
 774 0111 58       		.uleb128 0x58
 775 0112 0B       		.uleb128 0xb
 776 0113 59       		.uleb128 0x59
 777 0114 0B       		.uleb128 0xb
 778 0115 00       		.byte	0
 779 0116 00       		.byte	0
 780 0117 16       		.uleb128 0x16
 781 0118 898201   		.uleb128 0x4109
 782 011b 00       		.byte	0
 783 011c 11       		.uleb128 0x11
 784 011d 01       		.uleb128 0x1
 785 011e 31       		.uleb128 0x31
 786 011f 13       		.uleb128 0x13
ARM GAS  C:\Users\bryan.lee\AppData\Local\Temp\cczppNg0.s 			page 18


 787 0120 00       		.byte	0
 788 0121 00       		.byte	0
 789 0122 17       		.uleb128 0x17
 790 0123 34       		.uleb128 0x34
 791 0124 00       		.byte	0
 792 0125 03       		.uleb128 0x3
 793 0126 0E       		.uleb128 0xe
 794 0127 3A       		.uleb128 0x3a
 795 0128 0B       		.uleb128 0xb
 796 0129 3B       		.uleb128 0x3b
 797 012a 0B       		.uleb128 0xb
 798 012b 49       		.uleb128 0x49
 799 012c 13       		.uleb128 0x13
 800 012d 3F       		.uleb128 0x3f
 801 012e 19       		.uleb128 0x19
 802 012f 3C       		.uleb128 0x3c
 803 0130 19       		.uleb128 0x19
 804 0131 00       		.byte	0
 805 0132 00       		.byte	0
 806 0133 18       		.uleb128 0x18
 807 0134 26       		.uleb128 0x26
 808 0135 00       		.byte	0
 809 0136 49       		.uleb128 0x49
 810 0137 13       		.uleb128 0x13
 811 0138 00       		.byte	0
 812 0139 00       		.byte	0
 813 013a 19       		.uleb128 0x19
 814 013b 2E       		.uleb128 0x2e
 815 013c 00       		.byte	0
 816 013d 3F       		.uleb128 0x3f
 817 013e 19       		.uleb128 0x19
 818 013f 3C       		.uleb128 0x3c
 819 0140 19       		.uleb128 0x19
 820 0141 6E       		.uleb128 0x6e
 821 0142 0E       		.uleb128 0xe
 822 0143 03       		.uleb128 0x3
 823 0144 0E       		.uleb128 0xe
 824 0145 3A       		.uleb128 0x3a
 825 0146 0B       		.uleb128 0xb
 826 0147 3B       		.uleb128 0x3b
 827 0148 0B       		.uleb128 0xb
 828 0149 00       		.byte	0
 829 014a 00       		.byte	0
 830 014b 00       		.byte	0
 831              		.section	.debug_aranges,"",%progbits
 832 0000 1C000000 		.4byte	0x1c
 833 0004 0200     		.2byte	0x2
 834 0006 00000000 		.4byte	.Ldebug_info0
 835 000a 04       		.byte	0x4
 836 000b 00       		.byte	0
 837 000c 0000     		.2byte	0
 838 000e 0000     		.2byte	0
 839 0010 00000000 		.4byte	.LFB453
 840 0014 1E000000 		.4byte	.LFE453-.LFB453
 841 0018 00000000 		.4byte	0
 842 001c 00000000 		.4byte	0
 843              		.section	.debug_ranges,"",%progbits
ARM GAS  C:\Users\bryan.lee\AppData\Local\Temp\cczppNg0.s 			page 19


 844              	.Ldebug_ranges0:
 845 0000 00000000 		.4byte	.LFB453
 846 0004 1E000000 		.4byte	.LFE453
 847 0008 00000000 		.4byte	0
 848 000c 00000000 		.4byte	0
 849              		.section	.debug_line,"",%progbits
 850              	.Ldebug_line0:
 851 0000 5D020000 		.section	.debug_str,"MS",%progbits,1
 851      02003602 
 851      00000201 
 851      FB0E0D00 
 851      01010101 
 852              	.LASF29:
 853 0000 72656C6F 		.ascii	"reloadInput\000"
 853      6164496E 
 853      70757400 
 854              	.LASF59:
 855 000c 43595F45 		.ascii	"CY_EINK_Timer_config\000"
 855      494E4B5F 
 855      54696D65 
 855      725F636F 
 855      6E666967 
 856              	.LASF18:
 857 0021 636C6F63 		.ascii	"clockPrescaler\000"
 857      6B507265 
 857      7363616C 
 857      657200
 858              	.LASF34:
 859 0030 636F756E 		.ascii	"countInputMode\000"
 859      74496E70 
 859      75744D6F 
 859      646500
 860              	.LASF22:
 861 003f 636F6D70 		.ascii	"compare0\000"
 861      61726530 
 861      00
 862              	.LASF23:
 863 0048 636F6D70 		.ascii	"compare1\000"
 863      61726531 
 863      00
 864              	.LASF53:
 865 0051 534C4944 		.ascii	"SLIDER_LEFT\000"
 865      45525F4C 
 865      45465400 
 866              	.LASF42:
 867 005d 72784275 		.ascii	"rxBufSize\000"
 867      6653697A 
 867      6500
 868              	.LASF57:
 869 0067 7363616E 		.ascii	"scanBusy\000"
 869      42757379 
 869      00
 870              	.LASF0:
 871 0070 73686F72 		.ascii	"short int\000"
 871      7420696E 
 871      7400
 872              	.LASF63:
ARM GAS  C:\Users\bryan.lee\AppData\Local\Temp\cczppNg0.s 			page 20


 873 007a 47657454 		.ascii	"GetTouch\000"
 873      6F756368 
 873      00
 874              	.LASF11:
 875 0083 73697A65 		.ascii	"sizetype\000"
 875      74797065 
 875      00
 876              	.LASF54:
 877 008c 534C4944 		.ascii	"SLIDER_RIGHT\000"
 877      45525F52 
 877      49474854 
 877      00
 878              	.LASF39:
 879 0099 63795F73 		.ascii	"cy_stc_scb_spi_context\000"
 879      74635F73 
 879      63625F73 
 879      70695F63 
 879      6F6E7465 
 880              	.LASF65:
 881 00b0 474E5520 		.ascii	"GNU C11 5.4.1 20160609 (release) [ARM/embedded-5-br"
 881      43313120 
 881      352E342E 
 881      31203230 
 881      31363036 
 882 00e3 616E6368 		.ascii	"anch revision 237715] -mcpu=cortex-m0plus -mthumb -"
 882      20726576 
 882      6973696F 
 882      6E203233 
 882      37373135 
 883 0116 67202D4F 		.ascii	"g -Og -ffunction-sections -ffat-lto-objects\000"
 883      67202D66 
 883      66756E63 
 883      74696F6E 
 883      2D736563 
 884              	.LASF49:
 885 0142 63795F73 		.ascii	"cy_stc_scb_spi_context_t\000"
 885      74635F73 
 885      63625F73 
 885      70695F63 
 885      6F6E7465 
 886              	.LASF45:
 887 015b 74784275 		.ascii	"txBufSize\000"
 887      6653697A 
 887      6500
 888              	.LASF69:
 889 0165 6D61696E 		.ascii	"main\000"
 889      00
 890              	.LASF9:
 891 016a 5F5F7569 		.ascii	"__uint32_t\000"
 891      6E743332 
 891      5F7400
 892              	.LASF51:
 893 0175 53454C45 		.ascii	"SELECT_BUTTON\000"
 893      43545F42 
 893      5554544F 
 893      4E00
 894              	.LASF43:
ARM GAS  C:\Users\bryan.lee\AppData\Local\Temp\cczppNg0.s 			page 21


 895 0183 72784275 		.ascii	"rxBufIdx\000"
 895      66496478 
 895      00
 896              	.LASF55:
 897 018c 746F7563 		.ascii	"touch_data_types_t\000"
 897      685F6461 
 897      74615F74 
 897      79706573 
 897      5F7400
 898              	.LASF56:
 899 019f 746F7563 		.ascii	"touchType\000"
 899      68547970 
 899      6500
 900              	.LASF37:
 901 01a9 63795F63 		.ascii	"cy_cb_scb_spi_handle_events_t\000"
 901      625F7363 
 901      625F7370 
 901      695F6861 
 901      6E646C65 
 902              	.LASF19:
 903 01c7 72756E4D 		.ascii	"runMode\000"
 903      6F646500 
 904              	.LASF14:
 905 01cf 666C6F61 		.ascii	"float\000"
 905      7400
 906              	.LASF70:
 907 01d5 746F7563 		.ascii	"touchData\000"
 907      68446174 
 907      6100
 908              	.LASF44:
 909 01df 74784275 		.ascii	"txBuf\000"
 909      6600
 910              	.LASF28:
 911 01e5 72656C6F 		.ascii	"reloadInputMode\000"
 911      6164496E 
 911      7075744D 
 911      6F646500 
 912              	.LASF6:
 913 01f5 6C6F6E67 		.ascii	"long long int\000"
 913      206C6F6E 
 913      6720696E 
 913      7400
 914              	.LASF58:
 915 0203 746F7563 		.ascii	"touch_data_t\000"
 915      685F6461 
 915      74615F74 
 915      00
 916              	.LASF4:
 917 0210 6C6F6E67 		.ascii	"long int\000"
 917      20696E74 
 917      00
 918              	.LASF46:
 919 0219 74784275 		.ascii	"txBufIdx\000"
 919      66496478 
 919      00
 920              	.LASF17:
 921 0222 70657269 		.ascii	"period\000"
ARM GAS  C:\Users\bryan.lee\AppData\Local\Temp\cczppNg0.s 			page 22


 921      6F6400
 922              	.LASF52:
 923 0229 4241434B 		.ascii	"BACK_BUTTON\000"
 923      5F425554 
 923      544F4E00 
 924              	.LASF33:
 925 0235 73746F70 		.ascii	"stopInput\000"
 925      496E7075 
 925      7400
 926              	.LASF68:
 927 023f 5F5F656E 		.ascii	"__enable_irq\000"
 927      61626C65 
 927      5F697271 
 927      00
 928              	.LASF12:
 929 024c 6C6F6E67 		.ascii	"long double\000"
 929      20646F75 
 929      626C6500 
 930              	.LASF30:
 931 0258 73746172 		.ascii	"startInputMode\000"
 931      74496E70 
 931      75744D6F 
 931      646500
 932              	.LASF1:
 933 0267 756E7369 		.ascii	"unsigned char\000"
 933      676E6564 
 933      20636861 
 933      7200
 934              	.LASF20:
 935 0275 636F756E 		.ascii	"countDirection\000"
 935      74446972 
 935      65637469 
 935      6F6E00
 936              	.LASF60:
 937 0284 43595F45 		.ascii	"CY_EINK_SPIM_context\000"
 937      494E4B5F 
 937      5350494D 
 937      5F636F6E 
 937      74657874 
 938              	.LASF2:
 939 0299 7369676E 		.ascii	"signed char\000"
 939      65642063 
 939      68617200 
 940              	.LASF7:
 941 02a5 6C6F6E67 		.ascii	"long long unsigned int\000"
 941      206C6F6E 
 941      6720756E 
 941      7369676E 
 941      65642069 
 942              	.LASF10:
 943 02bc 75696E74 		.ascii	"uint32_t\000"
 943      33325F74 
 943      00
 944              	.LASF21:
 945 02c5 636F6D70 		.ascii	"compareOrCapture\000"
 945      6172654F 
 945      72436170 
ARM GAS  C:\Users\bryan.lee\AppData\Local\Temp\cczppNg0.s 			page 23


 945      74757265 
 945      00
 946              	.LASF24:
 947 02d6 656E6162 		.ascii	"enableCompareSwap\000"
 947      6C65436F 
 947      6D706172 
 947      65537761 
 947      7000
 948              	.LASF36:
 949 02e8 63795F73 		.ascii	"cy_stc_tcpwm_counter_config_t\000"
 949      74635F74 
 949      6370776D 
 949      5F636F75 
 949      6E746572 
 950              	.LASF64:
 951 0306 55706461 		.ascii	"UpdateScreen\000"
 951      74655363 
 951      7265656E 
 951      00
 952              	.LASF3:
 953 0313 73686F72 		.ascii	"short unsigned int\000"
 953      7420756E 
 953      7369676E 
 953      65642069 
 953      6E7400
 954              	.LASF40:
 955 0326 73746174 		.ascii	"status\000"
 955      757300
 956              	.LASF67:
 957 032d 433A5C55 		.ascii	"C:\\Users\\bryan.lee\\Desktop\\PSoC-6-MCU-Pioneer-K"
 957      73657273 
 957      5C627279 
 957      616E2E6C 
 957      65655C44 
 958 035c 6974732D 		.ascii	"its-master\\CY8CKIT-062-BLE Pioneer Kit\\CE218133_E"
 958      6D617374 
 958      65725C43 
 958      5938434B 
 958      49542D30 
 959 038d 494E4B5F 		.ascii	"INK_CapSense\\CE218133_EINK_CapSense.cydsn\000"
 959      43617053 
 959      656E7365 
 959      5C434532 
 959      31383133 
 960              	.LASF13:
 961 03b7 63686172 		.ascii	"char\000"
 961      00
 962              	.LASF47:
 963 03bc 63624576 		.ascii	"cbEvents\000"
 963      656E7473 
 963      00
 964              	.LASF16:
 965 03c5 5F426F6F 		.ascii	"_Bool\000"
 965      6C00
 966              	.LASF27:
 967 03cb 63617074 		.ascii	"captureInput\000"
 967      75726549 
ARM GAS  C:\Users\bryan.lee\AppData\Local\Temp\cczppNg0.s 			page 24


 967      6E707574 
 967      00
 968              	.LASF41:
 969 03d8 72784275 		.ascii	"rxBuf\000"
 969      6600
 970              	.LASF26:
 971 03de 63617074 		.ascii	"captureInputMode\000"
 971      75726549 
 971      6E707574 
 971      4D6F6465 
 971      00
 972              	.LASF25:
 973 03ef 696E7465 		.ascii	"interruptSources\000"
 973      72727570 
 973      74536F75 
 973      72636573 
 973      00
 974              	.LASF5:
 975 0400 6C6F6E67 		.ascii	"long unsigned int\000"
 975      20756E73 
 975      69676E65 
 975      6420696E 
 975      7400
 976              	.LASF15:
 977 0412 646F7562 		.ascii	"double\000"
 977      6C6500
 978              	.LASF62:
 979 0419 496E6974 		.ascii	"InitTouch\000"
 979      546F7563 
 979      6800
 980              	.LASF38:
 981 0423 63795F73 		.ascii	"cy_stc_tcpwm_counter_config\000"
 981      74635F74 
 981      6370776D 
 981      5F636F75 
 981      6E746572 
 982              	.LASF31:
 983 043f 73746172 		.ascii	"startInput\000"
 983      74496E70 
 983      757400
 984              	.LASF32:
 985 044a 73746F70 		.ascii	"stopInputMode\000"
 985      496E7075 
 985      744D6F64 
 985      6500
 986              	.LASF48:
 987 0458 696E6974 		.ascii	"initKey\000"
 987      4B657900 
 988              	.LASF66:
 989 0460 6D61696E 		.ascii	"main_cm0p.c\000"
 989      5F636D30 
 989      702E6300 
 990              	.LASF35:
 991 046c 636F756E 		.ascii	"countInput\000"
 991      74496E70 
 991      757400
 992              	.LASF61:
ARM GAS  C:\Users\bryan.lee\AppData\Local\Temp\cczppNg0.s 			page 25


 993 0477 496E6974 		.ascii	"InitScreen\000"
 993      53637265 
 993      656E00
 994              	.LASF8:
 995 0482 756E7369 		.ascii	"unsigned int\000"
 995      676E6564 
 995      20696E74 
 995      00
 996              	.LASF50:
 997 048f 4E4F5F54 		.ascii	"NO_TOUCH\000"
 997      4F554348 
 997      00
 998              		.ident	"GCC: (GNU Tools for ARM Embedded Processors) 5.4.1 20160609 (release) [ARM/embedded-5-bran
