ARM GAS  C:\Users\bryan.lee\AppData\Local\Temp\cc4yH9Hg.s 			page 1


   1              		.syntax unified
   2              		.cpu cortex-m0plus
   3              		.fpu softvfp
   4              		.eabi_attribute 20, 1
   5              		.eabi_attribute 21, 1
   6              		.eabi_attribute 23, 3
   7              		.eabi_attribute 24, 1
   8              		.eabi_attribute 25, 1
   9              		.eabi_attribute 26, 1
  10              		.eabi_attribute 30, 1
  11              		.eabi_attribute 34, 0
  12              		.eabi_attribute 18, 4
  13              		.thumb
  14              		.syntax unified
  15              		.file	"touch.c"
  16              		.text
  17              	.Ltext0:
  18              		.cfi_sections	.debug_frame
  19              		.section	.text.InitTouch,"ax",%progbits
  20              		.align	2
  21              		.global	InitTouch
  22              		.code	16
  23              		.thumb_func
  24              		.type	InitTouch, %function
  25              	InitTouch:
  26              	.LFB453:
  27              		.file 1 "touch.c"
   1:touch.c       **** /******************************************************************************
   2:touch.c       **** * File Name: touch.c
   3:touch.c       **** *
   4:touch.c       **** * Version: 1.10
   5:touch.c       **** *
   6:touch.c       **** * Description: This file contains the functions used to initialize and read touch
   7:touch.c       **** *              information from the CapSense sensors 
   8:touch.c       **** *
   9:touch.c       **** * Related Document: CE218133_EINK_CapSense.pdf
  10:touch.c       **** *
  11:touch.c       **** * Hardware Dependency: CY8CKIT-062-BLE PSoC 6 BLE Pioneer Kit
  12:touch.c       **** *                      CY8CKIT-028-EPD E-INK Display Shield
  13:touch.c       **** *
  14:touch.c       **** *******************************************************************************
  15:touch.c       **** * Copyright (2017), Cypress Semiconductor Corporation. All rights reserved.
  16:touch.c       **** *******************************************************************************
  17:touch.c       **** * This software, including source code, documentation and related materials
  18:touch.c       **** * (“Software”), is owned by Cypress Semiconductor Corporation or one of its
  19:touch.c       **** * subsidiaries (“Cypress”) and is protected by and subject to worldwide patent
  20:touch.c       **** * protection (United States and foreign), United States copyright laws and
  21:touch.c       **** * international treaty provisions. Therefore, you may use this Software only
  22:touch.c       **** * as provided in the license agreement accompanying the software package from
  23:touch.c       **** * which you obtained this Software (“EULA”).
  24:touch.c       **** *
  25:touch.c       **** * If no EULA applies, Cypress hereby grants you a personal, nonexclusive,
  26:touch.c       **** * non-transferable license to copy, modify, and compile the Software source
  27:touch.c       **** * code solely for use in connection with Cypress’s integrated circuit products.
  28:touch.c       **** * Any reproduction, modification, translation, compilation, or representation
  29:touch.c       **** * of this Software except as specified above is prohibited without the express
  30:touch.c       **** * written permission of Cypress.
ARM GAS  C:\Users\bryan.lee\AppData\Local\Temp\cc4yH9Hg.s 			page 2


  31:touch.c       **** *
  32:touch.c       **** * Disclaimer: THIS SOFTWARE IS PROVIDED AS-IS, WITH NO WARRANTY OF ANY KIND, 
  33:touch.c       **** * EXPRESS OR IMPLIED, INCLUDING, BUT NOT LIMITED TO, NONINFRINGEMENT, IMPLIED 
  34:touch.c       **** * WARRANTIES OF MERCHANTABILITY AND FITNESS FOR A PARTICULAR PURPOSE. Cypress 
  35:touch.c       **** * reserves the right to make changes to the Software without notice. Cypress 
  36:touch.c       **** * does not assume any liability arising out of the application or use of the 
  37:touch.c       **** * Software or any product or circuit described in the Software. Cypress does 
  38:touch.c       **** * not authorize its products for use in any products where a malfunction or 
  39:touch.c       **** * failure of the Cypress product may reasonably be expected to result in 
  40:touch.c       **** * significant property damage, injury or death (“High Risk Product”). By 
  41:touch.c       **** * including Cypress’s product in a High Risk Product, the manufacturer of such 
  42:touch.c       **** * system or application assumes all risk of such use and in doing so agrees to 
  43:touch.c       **** * indemnify Cypress against all liability.
  44:touch.c       **** *******************************************************************************/
  45:touch.c       **** /******************************************************************************
  46:touch.c       **** * This file contains the functions used to initialize and read touch
  47:touch.c       **** * information from the CapSense sensors 
  48:touch.c       **** *******************************************************************************/
  49:touch.c       **** 
  50:touch.c       **** /* Header file includes */
  51:touch.c       **** #include <project.h>
  52:touch.c       **** #include "touch.h"
  53:touch.c       **** 
  54:touch.c       **** /* Threshold used for detecting swipes on the slider */
  55:touch.c       **** #define SLIDER_SWIPE_THRESHOLD  (uint8_t)(20u)
  56:touch.c       **** 
  57:touch.c       **** /* Macro used to clear the variables that track finger position on the slider */
  58:touch.c       **** #define CLEAR_POSITION          (uint8_t)(0x00u)
  59:touch.c       **** 
  60:touch.c       **** /*******************************************************************************
  61:touch.c       **** * Function Name: void InitTouch(void)
  62:touch.c       **** ********************************************************************************
  63:touch.c       **** *
  64:touch.c       **** * Summary:
  65:touch.c       **** *  Initializes the CapSense touch sensing 
  66:touch.c       **** *
  67:touch.c       **** * Parameters:
  68:touch.c       **** *  None
  69:touch.c       **** *
  70:touch.c       **** * Return:
  71:touch.c       **** *  None
  72:touch.c       **** *
  73:touch.c       **** * Side Effects:
  74:touch.c       **** *  None
  75:touch.c       **** *
  76:touch.c       **** *******************************************************************************/
  77:touch.c       **** void InitTouch(void)
  78:touch.c       **** {
  28              		.loc 1 78 0
  29              		.cfi_startproc
  30              		@ args = 0, pretend = 0, frame = 0
  31              		@ frame_needed = 0, uses_anonymous_args = 0
  32 0000 10B5     		push	{r4, lr}
  33              		.cfi_def_cfa_offset 8
  34              		.cfi_offset 4, -8
  35              		.cfi_offset 14, -4
  79:touch.c       ****     /* Start and initialize the CapSense touch sensing */
ARM GAS  C:\Users\bryan.lee\AppData\Local\Temp\cc4yH9Hg.s 			page 3


  80:touch.c       ****     CapSense_Start();
  36              		.loc 1 80 0
  37 0002 FFF7FEFF 		bl	CapSense_Start
  38              	.LVL0:
  81:touch.c       **** }
  39              		.loc 1 81 0
  40              		@ sp needed
  41 0006 10BD     		pop	{r4, pc}
  42              		.cfi_endproc
  43              	.LFE453:
  44              		.size	InitTouch, .-InitTouch
  45              		.section	.text.GetTouch,"ax",%progbits
  46              		.align	2
  47              		.global	GetTouch
  48              		.code	16
  49              		.thumb_func
  50              		.type	GetTouch, %function
  51              	GetTouch:
  52              	.LFB454:
  82:touch.c       **** 
  83:touch.c       **** /*******************************************************************************
  84:touch.c       **** * Function Name: touch_data_t GetTouch(void)
  85:touch.c       **** ********************************************************************************
  86:touch.c       **** *
  87:touch.c       **** * Summary:
  88:touch.c       **** * Scans the CapSense widgets, performs analysis and returns the touch information
  89:touch.c       **** *
  90:touch.c       **** * Parameters:
  91:touch.c       **** *  None
  92:touch.c       **** *
  93:touch.c       **** * Return:
  94:touch.c       **** *  touch_data_t :  slider swipe / button touched / no touch
  95:touch.c       **** *
  96:touch.c       **** * Side Effects :
  97:touch.c       **** *  None
  98:touch.c       **** *
  99:touch.c       **** *******************************************************************************/
 100:touch.c       **** touch_data_t GetTouch(void)
 101:touch.c       **** {
  53              		.loc 1 101 0
  54              		.cfi_startproc
  55              		@ args = 0, pretend = 0, frame = 8
  56              		@ frame_needed = 0, uses_anonymous_args = 0
  57 0000 10B5     		push	{r4, lr}
  58              		.cfi_def_cfa_offset 8
  59              		.cfi_offset 4, -8
  60              		.cfi_offset 14, -4
  61 0002 82B0     		sub	sp, sp, #8
  62              		.cfi_def_cfa_offset 16
 102:touch.c       ****     /* Variables that store the current and the previous slider positions
 103:touch.c       ****        and the incremental values of slider position */
 104:touch.c       ****     uint8_t static      currSliderPos    = CLEAR_POSITION;
 105:touch.c       ****     uint8_t static      prevSliderPos    = CLEAR_POSITION;
 106:touch.c       ****     uint8_t static      leftSliderValue  = CLEAR_POSITION;
 107:touch.c       ****     uint8_t static      rightSliderValue = CLEAR_POSITION;
 108:touch.c       ****     
 109:touch.c       ****     /* Variable that stores the status of touch on the slider */
ARM GAS  C:\Users\bryan.lee\AppData\Local\Temp\cc4yH9Hg.s 			page 4


 110:touch.c       ****     bool    static      sliderTouched       = false;
 111:touch.c       ****     
 112:touch.c       ****     /* Flags used to initiate swipe detection */
 113:touch.c       ****     bool    static      checkRightSwipe     = false;
 114:touch.c       ****     bool    static      checkLeftSwipe      = false;
 115:touch.c       ****     
 116:touch.c       ****     /* Variable that stores the return data */
 117:touch.c       ****     touch_data_t        touchInformation =
  63              		.loc 1 117 0
  64 0004 0023     		movs	r3, #0
  65 0006 6A46     		mov	r2, sp
  66 0008 1370     		strb	r3, [r2]
  67 000a 5370     		strb	r3, [r2, #1]
 118:touch.c       ****     {
 119:touch.c       ****         .touchType =    NO_TOUCH,
 120:touch.c       ****         .scanBusy  =    false
 121:touch.c       ****     };
 122:touch.c       **** 
 123:touch.c       ****     /* Do this only when the CapSense isn't busy with a previous operation*/
 124:touch.c       ****     if (CapSense_NOT_BUSY == CapSense_IsBusy())
  68              		.loc 1 124 0
  69 000c FFF7FEFF 		bl	CapSense_IsBusy
  70              	.LVL1:
  71 0010 0028     		cmp	r0, #0
  72 0012 77D1     		bne	.L3
 125:touch.c       ****     {
 126:touch.c       ****         /* Process data from all the sensors and find out the touch 
 127:touch.c       ****            information */
 128:touch.c       ****         CapSense_ProcessAllWidgets();
  73              		.loc 1 128 0
  74 0014 FFF7FEFF 		bl	CapSense_ProcessAllWidgets
  75              	.LVL2:
 129:touch.c       ****         
 130:touch.c       ****         /* Check if the select button (button 0) is touched */
 131:touch.c       ****         if (CapSense_IsWidgetActive(CapSense_BUTTON0_WDGT_ID))
  76              		.loc 1 131 0
  77 0018 0020     		movs	r0, #0
  78 001a FFF7FEFF 		bl	CapSense_IsWidgetActive
  79              	.LVL3:
  80 001e 0028     		cmp	r0, #0
  81 0020 03D0     		beq	.L4
 132:touch.c       ****         {
 133:touch.c       ****             /* Send the select button (button 0)touch detection */
 134:touch.c       ****             touchInformation.touchType = SELECT_BUTTON;
  82              		.loc 1 134 0
  83 0022 0123     		movs	r3, #1
  84 0024 6A46     		mov	r2, sp
  85 0026 1370     		strb	r3, [r2]
  86 0028 69E0     		b	.L5
  87              	.L4:
 135:touch.c       ****         }
 136:touch.c       ****         /* Check if the back button (button 1) is touched */
 137:touch.c       ****         else if (CapSense_IsWidgetActive(CapSense_BUTTON1_WDGT_ID))
  88              		.loc 1 137 0
  89 002a 0120     		movs	r0, #1
  90 002c FFF7FEFF 		bl	CapSense_IsWidgetActive
  91              	.LVL4:
ARM GAS  C:\Users\bryan.lee\AppData\Local\Temp\cc4yH9Hg.s 			page 5


  92 0030 0028     		cmp	r0, #0
  93 0032 03D0     		beq	.L6
 138:touch.c       ****         {
 139:touch.c       ****             /* Send the back button (button 1) touch detection */
 140:touch.c       ****              touchInformation.touchType = BACK_BUTTON;
  94              		.loc 1 140 0
  95 0034 0223     		movs	r3, #2
  96 0036 6A46     		mov	r2, sp
  97 0038 1370     		strb	r3, [r2]
  98 003a 60E0     		b	.L5
  99              	.L6:
 141:touch.c       ****         }
 142:touch.c       ****         /* Check if the slider is touched */
 143:touch.c       ****         else if (CapSense_IsWidgetActive(CapSense_LINEARSLIDER0_WDGT_ID))
 100              		.loc 1 143 0
 101 003c 0220     		movs	r0, #2
 102 003e FFF7FEFF 		bl	CapSense_IsWidgetActive
 103              	.LVL5:
 104 0042 0028     		cmp	r0, #0
 105 0044 56D0     		beq	.L7
 144:touch.c       ****         {
 145:touch.c       ****             /* If the slider was touched during the previous scan, 
 146:touch.c       ****                find out the direction of finger swipe */
 147:touch.c       ****             if (sliderTouched)
 106              		.loc 1 147 0
 107 0046 364B     		ldr	r3, .L14
 108 0048 1B78     		ldrb	r3, [r3]
 109 004a 002B     		cmp	r3, #0
 110 004c 45D0     		beq	.L8
 148:touch.c       ****             {
 149:touch.c       ****                 /* Backup the slider position from the previous scan and 
 150:touch.c       ****                    read the new slider position */
 151:touch.c       ****                 prevSliderPos = currSliderPos;
 111              		.loc 1 151 0
 112 004e 344C     		ldr	r4, .L14
 113 0050 A378     		ldrb	r3, [r4, #2]
 114 0052 6370     		strb	r3, [r4, #1]
 152:touch.c       ****                 currSliderPos = CapSense_GetCentroidPos
 115              		.loc 1 152 0
 116 0054 0220     		movs	r0, #2
 117 0056 FFF7FEFF 		bl	CapSense_GetCentroidPos
 118              	.LVL6:
 119 005a C0B2     		uxtb	r0, r0
 120 005c A070     		strb	r0, [r4, #2]
 153:touch.c       ****                                 (CapSense_LINEARSLIDER0_WDGT_ID);
 154:touch.c       ****                 
 155:touch.c       ****                 /* Right swipe detected */
 156:touch.c       ****                 if ((currSliderPos > prevSliderPos))
 121              		.loc 1 156 0
 122 005e 6378     		ldrb	r3, [r4, #1]
 123 0060 9842     		cmp	r0, r3
 124 0062 1AD9     		bls	.L9
 157:touch.c       ****                 {
 158:touch.c       ****                     /* Accumulate the finger travel distance */
 159:touch.c       ****                     leftSliderValue += (currSliderPos - prevSliderPos);
 125              		.loc 1 159 0
 126 0064 C01A     		subs	r0, r0, r3
ARM GAS  C:\Users\bryan.lee\AppData\Local\Temp\cc4yH9Hg.s 			page 6


 127 0066 2E4A     		ldr	r2, .L14
 128 0068 D378     		ldrb	r3, [r2, #3]
 129 006a C018     		adds	r0, r0, r3
 130 006c C0B2     		uxtb	r0, r0
 131 006e D070     		strb	r0, [r2, #3]
 160:touch.c       ****                     rightSliderValue = CLEAR_POSITION;
 132              		.loc 1 160 0
 133 0070 0023     		movs	r3, #0
 134 0072 1371     		strb	r3, [r2, #4]
 161:touch.c       ****                     
 162:touch.c       ****                     /* Report the swipe if the finger travel distance is 
 163:touch.c       ****                        above the threshold */
 164:touch.c       ****                     if (leftSliderValue > SLIDER_SWIPE_THRESHOLD)
 135              		.loc 1 164 0
 136 0074 1428     		cmp	r0, #20
 137 0076 2CD9     		bls	.L10
 165:touch.c       ****                     {
 166:touch.c       ****                         /* Clear the accumulated slider value */
 167:touch.c       ****                         leftSliderValue = CLEAR_POSITION;
 138              		.loc 1 167 0
 139 0078 1300     		movs	r3, r2
 140 007a 0022     		movs	r2, #0
 141 007c DA70     		strb	r2, [r3, #3]
 168:touch.c       ****                         
 169:touch.c       ****                         /* If the swipe detection is enabled, store the 
 170:touch.c       ****                            detected swipe */
 171:touch.c       ****                         if(checkLeftSwipe)
 142              		.loc 1 171 0
 143 007e 5B79     		ldrb	r3, [r3, #5]
 144 0080 002B     		cmp	r3, #0
 145 0082 06D0     		beq	.L11
 172:touch.c       ****                         {
 173:touch.c       ****                             touchInformation.touchType = SLIDER_RIGHT;
 146              		.loc 1 173 0
 147 0084 0423     		movs	r3, #4
 148 0086 6A46     		mov	r2, sp
 149 0088 1370     		strb	r3, [r2]
 174:touch.c       ****                             checkLeftSwipe  = false;
 150              		.loc 1 174 0
 151 008a 0022     		movs	r2, #0
 152 008c 244B     		ldr	r3, .L14
 153 008e 5A71     		strb	r2, [r3, #5]
 154 0090 1FE0     		b	.L10
 155              	.L11:
 175:touch.c       ****                         }
 176:touch.c       ****                         /* Report a "no touch" otherwise */
 177:touch.c       ****                         else
 178:touch.c       ****                         {
 179:touch.c       ****                             touchInformation.touchType = NO_TOUCH;
 180:touch.c       ****                             checkRightSwipe  = true;
 156              		.loc 1 180 0
 157 0092 0122     		movs	r2, #1
 158 0094 224B     		ldr	r3, .L14
 159 0096 9A71     		strb	r2, [r3, #6]
 160 0098 1BE0     		b	.L10
 161              	.L9:
 181:touch.c       ****                         }
ARM GAS  C:\Users\bryan.lee\AppData\Local\Temp\cc4yH9Hg.s 			page 7


 182:touch.c       ****                     }
 183:touch.c       ****                 }
 184:touch.c       ****                 /* Left swipe detected*/
 185:touch.c       ****                 else if ((currSliderPos < prevSliderPos))
 162              		.loc 1 185 0
 163 009a 9842     		cmp	r0, r3
 164 009c 19D2     		bcs	.L10
 186:touch.c       ****                 {
 187:touch.c       ****                     /* Accumulate the finger travel distance */
 188:touch.c       ****                     rightSliderValue += (prevSliderPos - currSliderPos);
 165              		.loc 1 188 0
 166 009e 181A     		subs	r0, r3, r0
 167 00a0 1F4A     		ldr	r2, .L14
 168 00a2 1379     		ldrb	r3, [r2, #4]
 169 00a4 C018     		adds	r0, r0, r3
 170 00a6 C0B2     		uxtb	r0, r0
 171 00a8 1071     		strb	r0, [r2, #4]
 189:touch.c       ****                     leftSliderValue   = CLEAR_POSITION;
 172              		.loc 1 189 0
 173 00aa 0023     		movs	r3, #0
 174 00ac D370     		strb	r3, [r2, #3]
 190:touch.c       ****                     
 191:touch.c       ****                     /* Report the swipe if the finger travel distance is 
 192:touch.c       ****                        above the threshold */
 193:touch.c       ****                     if (rightSliderValue > SLIDER_SWIPE_THRESHOLD)
 175              		.loc 1 193 0
 176 00ae 1428     		cmp	r0, #20
 177 00b0 0FD9     		bls	.L10
 194:touch.c       ****                     {
 195:touch.c       ****                         /* Clear the accumulated slider value */
 196:touch.c       ****                         rightSliderValue = CLEAR_POSITION;
 178              		.loc 1 196 0
 179 00b2 1300     		movs	r3, r2
 180 00b4 0022     		movs	r2, #0
 181 00b6 1A71     		strb	r2, [r3, #4]
 197:touch.c       ****                         
 198:touch.c       ****                         /* If the swipe detection is enabled, store the 
 199:touch.c       ****                            detected swipe */
 200:touch.c       ****                         if(checkRightSwipe)
 182              		.loc 1 200 0
 183 00b8 9B79     		ldrb	r3, [r3, #6]
 184 00ba 9342     		cmp	r3, r2
 185 00bc 06D0     		beq	.L12
 201:touch.c       ****                         {
 202:touch.c       ****                             touchInformation.touchType = SLIDER_LEFT;
 186              		.loc 1 202 0
 187 00be 0323     		movs	r3, #3
 188 00c0 6A46     		mov	r2, sp
 189 00c2 1370     		strb	r3, [r2]
 203:touch.c       ****                             checkRightSwipe = false;
 190              		.loc 1 203 0
 191 00c4 0022     		movs	r2, #0
 192 00c6 164B     		ldr	r3, .L14
 193 00c8 9A71     		strb	r2, [r3, #6]
 194 00ca 02E0     		b	.L10
 195              	.L12:
 204:touch.c       ****                         }
ARM GAS  C:\Users\bryan.lee\AppData\Local\Temp\cc4yH9Hg.s 			page 8


 205:touch.c       ****                         /* Report a "no touch" otherwise */
 206:touch.c       ****                         else
 207:touch.c       ****                         {
 208:touch.c       ****                             touchInformation.touchType = NO_TOUCH;
 209:touch.c       ****                             checkLeftSwipe  = true;
 196              		.loc 1 209 0
 197 00cc 0122     		movs	r2, #1
 198 00ce 144B     		ldr	r3, .L14
 199 00d0 5A71     		strb	r2, [r3, #5]
 200              	.L10:
 210:touch.c       ****                         }
 211:touch.c       ****                     }
 212:touch.c       ****                 }
 213:touch.c       ****                 /* Report that slider is touched */
 214:touch.c       ****                 sliderTouched = true;
 201              		.loc 1 214 0
 202 00d2 0122     		movs	r2, #1
 203 00d4 124B     		ldr	r3, .L14
 204 00d6 1A70     		strb	r2, [r3]
 205 00d8 11E0     		b	.L5
 206              	.L8:
 215:touch.c       ****             }
 216:touch.c       ****             /* If no previous touch */
 217:touch.c       ****             else
 218:touch.c       ****             {
 219:touch.c       ****                 /* Get the current slider position and update the slider touch
 220:touch.c       ****                    flag */
 221:touch.c       ****                 currSliderPos       = CapSense_GetCentroidPos
 207              		.loc 1 221 0
 208 00da 0220     		movs	r0, #2
 209 00dc FFF7FEFF 		bl	CapSense_GetCentroidPos
 210              	.LVL7:
 211 00e0 0F4B     		ldr	r3, .L14
 212 00e2 9870     		strb	r0, [r3, #2]
 222:touch.c       ****                                      (CapSense_LINEARSLIDER0_WDGT_ID);
 223:touch.c       ****                 leftSliderValue     = CLEAR_POSITION;
 213              		.loc 1 223 0
 214 00e4 0022     		movs	r2, #0
 215 00e6 DA70     		strb	r2, [r3, #3]
 224:touch.c       ****                 rightSliderValue    = CLEAR_POSITION;
 216              		.loc 1 224 0
 217 00e8 1A71     		strb	r2, [r3, #4]
 225:touch.c       ****                                 
 226:touch.c       ****                 /* Report that slider is touched */
 227:touch.c       ****                 sliderTouched       = true;
 218              		.loc 1 227 0
 219 00ea 0132     		adds	r2, r2, #1
 220 00ec 1A70     		strb	r2, [r3]
 228:touch.c       ****                                 
 229:touch.c       ****                 /* Set the flag to check swipe for the next scan */
 230:touch.c       ****                 checkLeftSwipe      = true;                
 221              		.loc 1 230 0
 222 00ee 5A71     		strb	r2, [r3, #5]
 231:touch.c       ****                 checkRightSwipe     = true;  
 223              		.loc 1 231 0
 224 00f0 9A71     		strb	r2, [r3, #6]
 225 00f2 04E0     		b	.L5
ARM GAS  C:\Users\bryan.lee\AppData\Local\Temp\cc4yH9Hg.s 			page 9


 226              	.L7:
 232:touch.c       ****                                 
 233:touch.c       ****                 /* Send a "no touch" for this scan */
 234:touch.c       ****                 touchInformation.touchType = NO_TOUCH;
 235:touch.c       ****             }
 236:touch.c       ****         }
 237:touch.c       ****         /* No widgets are active */
 238:touch.c       ****         else
 239:touch.c       ****         {
 240:touch.c       ****             /* Clear the slider touch flag and the variables that store the 
 241:touch.c       ****                finger position */
 242:touch.c       ****             sliderTouched       = false;
 227              		.loc 1 242 0
 228 00f4 0A4B     		ldr	r3, .L14
 229 00f6 0022     		movs	r2, #0
 230 00f8 1A70     		strb	r2, [r3]
 243:touch.c       ****             leftSliderValue     = CLEAR_POSITION;
 231              		.loc 1 243 0
 232 00fa DA70     		strb	r2, [r3, #3]
 244:touch.c       ****             rightSliderValue    = CLEAR_POSITION;
 233              		.loc 1 244 0
 234 00fc 1A71     		strb	r2, [r3, #4]
 235              	.L5:
 245:touch.c       ****             
 246:touch.c       ****             /* Send a "no touch" for this scan */
 247:touch.c       ****             touchInformation.touchType = NO_TOUCH;
 248:touch.c       ****         }
 249:touch.c       ****         /* Start CapSense scan */
 250:touch.c       ****         CapSense_ScanAllWidgets();
 236              		.loc 1 250 0
 237 00fe FFF7FEFF 		bl	CapSense_ScanAllWidgets
 238              	.LVL8:
 239 0102 02E0     		b	.L13
 240              	.L3:
 251:touch.c       ****     }
 252:touch.c       ****     else
 253:touch.c       ****     {
 254:touch.c       ****         /* Send a "no touch" as CapSense is busy with a previous operation */
 255:touch.c       ****          touchInformation.touchType = NO_TOUCH;
 256:touch.c       ****          touchInformation.scanBusy  = true;
 241              		.loc 1 256 0
 242 0104 0123     		movs	r3, #1
 243 0106 6A46     		mov	r2, sp
 244 0108 5370     		strb	r3, [r2, #1]
 245              	.L13:
 257:touch.c       ****     }
 258:touch.c       ****     
 259:touch.c       ****     /* Return the detected touch information */
 260:touch.c       ****     return(touchInformation);
 246              		.loc 1 260 0
 247 010a 6B46     		mov	r3, sp
 248 010c 1988     		ldrh	r1, [r3]
 249 010e 080A     		lsrs	r0, r1, #8
 250 0110 0302     		lsls	r3, r0, #8
 251 0112 FF22     		movs	r2, #255
 252 0114 1140     		ands	r1, r2
 253 0116 0800     		movs	r0, r1
ARM GAS  C:\Users\bryan.lee\AppData\Local\Temp\cc4yH9Hg.s 			page 10


 254 0118 1843     		orrs	r0, r3
 261:touch.c       **** }
 255              		.loc 1 261 0
 256 011a 02B0     		add	sp, sp, #8
 257              		@ sp needed
 258 011c 10BD     		pop	{r4, pc}
 259              	.L15:
 260 011e C046     		.align	2
 261              	.L14:
 262 0120 00000000 		.word	.LANCHOR0
 263              		.cfi_endproc
 264              	.LFE454:
 265              		.size	GetTouch, .-GetTouch
 266              		.bss
 267              		.set	.LANCHOR0,. + 0
 268              		.type	sliderTouched.14205, %object
 269              		.size	sliderTouched.14205, 1
 270              	sliderTouched.14205:
 271 0000 00       		.space	1
 272              		.type	prevSliderPos.14202, %object
 273              		.size	prevSliderPos.14202, 1
 274              	prevSliderPos.14202:
 275 0001 00       		.space	1
 276              		.type	currSliderPos.14201, %object
 277              		.size	currSliderPos.14201, 1
 278              	currSliderPos.14201:
 279 0002 00       		.space	1
 280              		.type	leftSliderValue.14203, %object
 281              		.size	leftSliderValue.14203, 1
 282              	leftSliderValue.14203:
 283 0003 00       		.space	1
 284              		.type	rightSliderValue.14204, %object
 285              		.size	rightSliderValue.14204, 1
 286              	rightSliderValue.14204:
 287 0004 00       		.space	1
 288              		.type	checkLeftSwipe.14207, %object
 289              		.size	checkLeftSwipe.14207, 1
 290              	checkLeftSwipe.14207:
 291 0005 00       		.space	1
 292              		.type	checkRightSwipe.14206, %object
 293              		.size	checkRightSwipe.14206, 1
 294              	checkRightSwipe.14206:
 295 0006 00       		.space	1
 296              		.text
 297              	.Letext0:
 298              		.file 2 "c:\\program files (x86)\\cypress\\psoc creator\\4.2\\psoc creator\\import\\gnu\\arm\\5.4.
 299              		.file 3 "c:\\program files (x86)\\cypress\\psoc creator\\4.2\\psoc creator\\import\\gnu\\arm\\5.4.
 300              		.file 4 "Generated_Source\\PSoC6\\pdl\\drivers/peripheral/tcpwm/cy_tcpwm_counter.h"
 301              		.file 5 "Generated_Source\\PSoC6\\pdl\\drivers/peripheral/scb/cy_scb_spi.h"
 302              		.file 6 "touch.h"
 303              		.file 7 "Generated_Source\\PSoC6/CY_EINK_Timer.h"
 304              		.file 8 "Generated_Source\\PSoC6/CY_EINK_SPIM.h"
 305              		.file 9 "Generated_Source\\PSoC6/CapSense_Control.h"
 306              		.file 10 "Generated_Source\\PSoC6/CapSense_Sensing.h"
 307              		.file 11 "Generated_Source\\PSoC6/CapSense_Structure.h"
 308              		.section	.debug_info,"",%progbits
 309              	.Ldebug_info0:
ARM GAS  C:\Users\bryan.lee\AppData\Local\Temp\cc4yH9Hg.s 			page 11


 310 0000 66040000 		.4byte	0x466
 311 0004 0400     		.2byte	0x4
 312 0006 00000000 		.4byte	.Ldebug_abbrev0
 313 000a 04       		.byte	0x4
 314 000b 01       		.uleb128 0x1
 315 000c BA000000 		.4byte	.LASF77
 316 0010 0C       		.byte	0xc
 317 0011 0E000000 		.4byte	.LASF78
 318 0015 6A030000 		.4byte	.LASF79
 319 0019 00000000 		.4byte	.Ldebug_ranges0+0
 320 001d 00000000 		.4byte	0
 321 0021 00000000 		.4byte	.Ldebug_line0
 322 0025 02       		.uleb128 0x2
 323 0026 02       		.byte	0x2
 324 0027 05       		.byte	0x5
 325 0028 7A000000 		.4byte	.LASF0
 326 002c 02       		.uleb128 0x2
 327 002d 01       		.byte	0x1
 328 002e 08       		.byte	0x8
 329 002f 8A020000 		.4byte	.LASF1
 330 0033 02       		.uleb128 0x2
 331 0034 01       		.byte	0x1
 332 0035 06       		.byte	0x6
 333 0036 BC020000 		.4byte	.LASF2
 334 003a 03       		.uleb128 0x3
 335 003b 65050000 		.4byte	.LASF5
 336 003f 02       		.byte	0x2
 337 0040 1D       		.byte	0x1d
 338 0041 2C000000 		.4byte	0x2c
 339 0045 02       		.uleb128 0x2
 340 0046 02       		.byte	0x2
 341 0047 07       		.byte	0x7
 342 0048 50030000 		.4byte	.LASF3
 343 004c 02       		.uleb128 0x2
 344 004d 04       		.byte	0x4
 345 004e 05       		.byte	0x5
 346 004f A4010000 		.4byte	.LASF4
 347 0053 03       		.uleb128 0x3
 348 0054 6F010000 		.4byte	.LASF6
 349 0058 02       		.byte	0x2
 350 0059 41       		.byte	0x41
 351 005a 5E000000 		.4byte	0x5e
 352 005e 02       		.uleb128 0x2
 353 005f 04       		.byte	0x4
 354 0060 07       		.byte	0x7
 355 0061 80040000 		.4byte	.LASF7
 356 0065 02       		.uleb128 0x2
 357 0066 08       		.byte	0x8
 358 0067 05       		.byte	0x5
 359 0068 23020000 		.4byte	.LASF8
 360 006c 02       		.uleb128 0x2
 361 006d 08       		.byte	0x8
 362 006e 07       		.byte	0x7
 363 006f C8020000 		.4byte	.LASF9
 364 0073 04       		.uleb128 0x4
 365 0074 04       		.byte	0x4
 366 0075 05       		.byte	0x5
ARM GAS  C:\Users\bryan.lee\AppData\Local\Temp\cc4yH9Hg.s 			page 12


 367 0076 696E7400 		.ascii	"int\000"
 368 007a 02       		.uleb128 0x2
 369 007b 04       		.byte	0x4
 370 007c 07       		.byte	0x7
 371 007d 37050000 		.4byte	.LASF10
 372 0081 03       		.uleb128 0x3
 373 0082 AD010000 		.4byte	.LASF11
 374 0086 03       		.byte	0x3
 375 0087 18       		.byte	0x18
 376 0088 3A000000 		.4byte	0x3a
 377 008c 03       		.uleb128 0x3
 378 008d DF020000 		.4byte	.LASF12
 379 0091 03       		.byte	0x3
 380 0092 30       		.byte	0x30
 381 0093 53000000 		.4byte	0x53
 382 0097 02       		.uleb128 0x2
 383 0098 04       		.byte	0x4
 384 0099 07       		.byte	0x7
 385 009a 8D000000 		.4byte	.LASF13
 386 009e 05       		.uleb128 0x5
 387 009f 8C000000 		.4byte	0x8c
 388 00a3 02       		.uleb128 0x2
 389 00a4 08       		.byte	0x8
 390 00a5 04       		.byte	0x4
 391 00a6 6F020000 		.4byte	.LASF14
 392 00aa 02       		.uleb128 0x2
 393 00ab 01       		.byte	0x1
 394 00ac 08       		.byte	0x8
 395 00ad 0C040000 		.4byte	.LASF15
 396 00b1 02       		.uleb128 0x2
 397 00b2 04       		.byte	0x4
 398 00b3 04       		.byte	0x4
 399 00b4 F6010000 		.4byte	.LASF16
 400 00b8 02       		.uleb128 0x2
 401 00b9 08       		.byte	0x8
 402 00ba 04       		.byte	0x4
 403 00bb 92040000 		.4byte	.LASF17
 404 00bf 06       		.uleb128 0x6
 405 00c0 04       		.byte	0x4
 406 00c1 02       		.uleb128 0x2
 407 00c2 01       		.byte	0x1
 408 00c3 02       		.byte	0x2
 409 00c4 28040000 		.4byte	.LASF18
 410 00c8 07       		.uleb128 0x7
 411 00c9 A3040000 		.4byte	.LASF40
 412 00cd 4C       		.byte	0x4c
 413 00ce 04       		.byte	0x4
 414 00cf 2B       		.byte	0x2b
 415 00d0 B9010000 		.4byte	0x1b9
 416 00d4 08       		.uleb128 0x8
 417 00d5 52020000 		.4byte	.LASF19
 418 00d9 04       		.byte	0x4
 419 00da 2D       		.byte	0x2d
 420 00db 8C000000 		.4byte	0x8c
 421 00df 00       		.byte	0
 422 00e0 08       		.uleb128 0x8
 423 00e1 2B000000 		.4byte	.LASF20
ARM GAS  C:\Users\bryan.lee\AppData\Local\Temp\cc4yH9Hg.s 			page 13


 424 00e5 04       		.byte	0x4
 425 00e6 2F       		.byte	0x2f
 426 00e7 8C000000 		.4byte	0x8c
 427 00eb 04       		.byte	0x4
 428 00ec 08       		.uleb128 0x8
 429 00ed EE010000 		.4byte	.LASF21
 430 00f1 04       		.byte	0x4
 431 00f2 30       		.byte	0x30
 432 00f3 8C000000 		.4byte	0x8c
 433 00f7 08       		.byte	0x8
 434 00f8 08       		.uleb128 0x8
 435 00f9 98020000 		.4byte	.LASF22
 436 00fd 04       		.byte	0x4
 437 00fe 31       		.byte	0x31
 438 00ff 8C000000 		.4byte	0x8c
 439 0103 0C       		.byte	0xc
 440 0104 08       		.uleb128 0x8
 441 0105 F7020000 		.4byte	.LASF23
 442 0109 04       		.byte	0x4
 443 010a 33       		.byte	0x33
 444 010b 8C000000 		.4byte	0x8c
 445 010f 10       		.byte	0x10
 446 0110 08       		.uleb128 0x8
 447 0111 49000000 		.4byte	.LASF24
 448 0115 04       		.byte	0x4
 449 0116 34       		.byte	0x34
 450 0117 8C000000 		.4byte	0x8c
 451 011b 14       		.byte	0x14
 452 011c 08       		.uleb128 0x8
 453 011d 52000000 		.4byte	.LASF25
 454 0121 04       		.byte	0x4
 455 0122 35       		.byte	0x35
 456 0123 8C000000 		.4byte	0x8c
 457 0127 18       		.byte	0x18
 458 0128 08       		.uleb128 0x8
 459 0129 08030000 		.4byte	.LASF26
 460 012d 04       		.byte	0x4
 461 012e 36       		.byte	0x36
 462 012f C1000000 		.4byte	0xc1
 463 0133 1C       		.byte	0x1c
 464 0134 08       		.uleb128 0x8
 465 0135 B5010000 		.4byte	.LASF27
 466 0139 04       		.byte	0x4
 467 013a 38       		.byte	0x38
 468 013b 8C000000 		.4byte	0x8c
 469 013f 20       		.byte	0x20
 470 0140 08       		.uleb128 0x8
 471 0141 51040000 		.4byte	.LASF28
 472 0145 04       		.byte	0x4
 473 0146 39       		.byte	0x39
 474 0147 8C000000 		.4byte	0x8c
 475 014b 24       		.byte	0x24
 476 014c 08       		.uleb128 0x8
 477 014d 2E040000 		.4byte	.LASF29
 478 0151 04       		.byte	0x4
 479 0152 3B       		.byte	0x3b
 480 0153 8C000000 		.4byte	0x8c
ARM GAS  C:\Users\bryan.lee\AppData\Local\Temp\cc4yH9Hg.s 			page 14


 481 0157 28       		.byte	0x28
 482 0158 08       		.uleb128 0x8
 483 0159 13020000 		.4byte	.LASF30
 484 015d 04       		.byte	0x4
 485 015e 3C       		.byte	0x3c
 486 015f 8C000000 		.4byte	0x8c
 487 0163 2C       		.byte	0x2c
 488 0164 08       		.uleb128 0x8
 489 0165 10050000 		.4byte	.LASF31
 490 0169 04       		.byte	0x4
 491 016a 3E       		.byte	0x3e
 492 016b 8C000000 		.4byte	0x8c
 493 016f 30       		.byte	0x30
 494 0170 08       		.uleb128 0x8
 495 0171 7B020000 		.4byte	.LASF32
 496 0175 04       		.byte	0x4
 497 0176 3F       		.byte	0x3f
 498 0177 8C000000 		.4byte	0x8c
 499 017b 34       		.byte	0x34
 500 017c 08       		.uleb128 0x8
 501 017d D0040000 		.4byte	.LASF33
 502 0181 04       		.byte	0x4
 503 0182 41       		.byte	0x41
 504 0183 8C000000 		.4byte	0x8c
 505 0187 38       		.byte	0x38
 506 0188 08       		.uleb128 0x8
 507 0189 DB040000 		.4byte	.LASF34
 508 018d 04       		.byte	0x4
 509 018e 42       		.byte	0x42
 510 018f 8C000000 		.4byte	0x8c
 511 0193 3C       		.byte	0x3c
 512 0194 08       		.uleb128 0x8
 513 0195 65020000 		.4byte	.LASF35
 514 0199 04       		.byte	0x4
 515 019a 44       		.byte	0x44
 516 019b 8C000000 		.4byte	0x8c
 517 019f 40       		.byte	0x40
 518 01a0 08       		.uleb128 0x8
 519 01a1 3A000000 		.4byte	.LASF36
 520 01a5 04       		.byte	0x4
 521 01a6 45       		.byte	0x45
 522 01a7 8C000000 		.4byte	0x8c
 523 01ab 44       		.byte	0x44
 524 01ac 08       		.uleb128 0x8
 525 01ad 3E020000 		.4byte	.LASF37
 526 01b1 04       		.byte	0x4
 527 01b2 47       		.byte	0x47
 528 01b3 8C000000 		.4byte	0x8c
 529 01b7 48       		.byte	0x48
 530 01b8 00       		.byte	0
 531 01b9 03       		.uleb128 0x3
 532 01ba 1A030000 		.4byte	.LASF38
 533 01be 04       		.byte	0x4
 534 01bf 48       		.byte	0x48
 535 01c0 C8000000 		.4byte	0xc8
 536 01c4 09       		.uleb128 0x9
 537 01c5 04       		.byte	0x4
ARM GAS  C:\Users\bryan.lee\AppData\Local\Temp\cc4yH9Hg.s 			page 15


 538 01c6 CA010000 		.4byte	0x1ca
 539 01ca 0A       		.uleb128 0xa
 540 01cb D5010000 		.4byte	0x1d5
 541 01cf 0B       		.uleb128 0xb
 542 01d0 8C000000 		.4byte	0x8c
 543 01d4 00       		.byte	0
 544 01d5 0C       		.uleb128 0xc
 545 01d6 D0010000 		.4byte	.LASF39
 546 01da 05       		.byte	0x5
 547 01db BF01     		.2byte	0x1bf
 548 01dd C4010000 		.4byte	0x1c4
 549 01e1 0D       		.uleb128 0xd
 550 01e2 A3000000 		.4byte	.LASF41
 551 01e6 24       		.byte	0x24
 552 01e7 05       		.byte	0x5
 553 01e8 4102     		.2byte	0x241
 554 01ea 64020000 		.4byte	0x264
 555 01ee 0E       		.uleb128 0xe
 556 01ef 63030000 		.4byte	.LASF42
 557 01f3 05       		.byte	0x5
 558 01f4 4402     		.2byte	0x244
 559 01f6 9E000000 		.4byte	0x9e
 560 01fa 00       		.byte	0
 561 01fb 0E       		.uleb128 0xe
 562 01fc 4B040000 		.4byte	.LASF43
 563 0200 05       		.byte	0x5
 564 0201 4602     		.2byte	0x246
 565 0203 BF000000 		.4byte	0xbf
 566 0207 04       		.byte	0x4
 567 0208 0E       		.uleb128 0xe
 568 0209 67000000 		.4byte	.LASF44
 569 020d 05       		.byte	0x5
 570 020e 4702     		.2byte	0x247
 571 0210 8C000000 		.4byte	0x8c
 572 0214 08       		.byte	0x8
 573 0215 0E       		.uleb128 0xe
 574 0216 88010000 		.4byte	.LASF45
 575 021a 05       		.byte	0x5
 576 021b 4802     		.2byte	0x248
 577 021d 9E000000 		.4byte	0x9e
 578 0221 0C       		.byte	0xc
 579 0222 0E       		.uleb128 0xe
 580 0223 FC010000 		.4byte	.LASF46
 581 0227 05       		.byte	0x5
 582 0228 4A02     		.2byte	0x24a
 583 022a BF000000 		.4byte	0xbf
 584 022e 10       		.byte	0x10
 585 022f 0E       		.uleb128 0xe
 586 0230 65010000 		.4byte	.LASF47
 587 0234 05       		.byte	0x5
 588 0235 4B02     		.2byte	0x24b
 589 0237 8C000000 		.4byte	0x8c
 590 023b 14       		.byte	0x14
 591 023c 0E       		.uleb128 0xe
 592 023d 49020000 		.4byte	.LASF48
 593 0241 05       		.byte	0x5
 594 0242 4C02     		.2byte	0x24c
ARM GAS  C:\Users\bryan.lee\AppData\Local\Temp\cc4yH9Hg.s 			page 16


 595 0244 9E000000 		.4byte	0x9e
 596 0248 18       		.byte	0x18
 597 0249 0E       		.uleb128 0xe
 598 024a 11040000 		.4byte	.LASF49
 599 024e 05       		.byte	0x5
 600 024f 5202     		.2byte	0x252
 601 0251 D5010000 		.4byte	0x1d5
 602 0255 1C       		.byte	0x1c
 603 0256 0E       		.uleb128 0xe
 604 0257 E9040000 		.4byte	.LASF50
 605 025b 05       		.byte	0x5
 606 025c 5502     		.2byte	0x255
 607 025e 8C000000 		.4byte	0x8c
 608 0262 20       		.byte	0x20
 609 0263 00       		.byte	0
 610 0264 0C       		.uleb128 0xc
 611 0265 4C010000 		.4byte	.LASF51
 612 0269 05       		.byte	0x5
 613 026a 5802     		.2byte	0x258
 614 026c E1010000 		.4byte	0x1e1
 615 0270 0F       		.uleb128 0xf
 616 0271 01       		.byte	0x1
 617 0272 2C000000 		.4byte	0x2c
 618 0276 06       		.byte	0x6
 619 0277 3E       		.byte	0x3e
 620 0278 9B020000 		.4byte	0x29b
 621 027c 10       		.uleb128 0x10
 622 027d 44050000 		.4byte	.LASF52
 623 0281 00       		.byte	0
 624 0282 10       		.uleb128 0x10
 625 0283 7A010000 		.4byte	.LASF53
 626 0287 01       		.byte	0x1
 627 0288 10       		.uleb128 0x10
 628 0289 59020000 		.4byte	.LASF54
 629 028d 02       		.byte	0x2
 630 028e 10       		.uleb128 0x10
 631 028f 5B000000 		.4byte	.LASF55
 632 0293 03       		.byte	0x3
 633 0294 10       		.uleb128 0x10
 634 0295 96000000 		.4byte	.LASF56
 635 0299 04       		.byte	0x4
 636 029a 00       		.byte	0
 637 029b 03       		.uleb128 0x3
 638 029c 91010000 		.4byte	.LASF57
 639 02a0 06       		.byte	0x6
 640 02a1 44       		.byte	0x44
 641 02a2 70020000 		.4byte	0x270
 642 02a6 11       		.uleb128 0x11
 643 02a7 02       		.byte	0x2
 644 02a8 06       		.byte	0x6
 645 02a9 47       		.byte	0x47
 646 02aa C7020000 		.4byte	0x2c7
 647 02ae 08       		.uleb128 0x8
 648 02af C6010000 		.4byte	.LASF58
 649 02b3 06       		.byte	0x6
 650 02b4 49       		.byte	0x49
 651 02b5 9B020000 		.4byte	0x29b
ARM GAS  C:\Users\bryan.lee\AppData\Local\Temp\cc4yH9Hg.s 			page 17


 652 02b9 00       		.byte	0
 653 02ba 08       		.uleb128 0x8
 654 02bb 71000000 		.4byte	.LASF59
 655 02bf 06       		.byte	0x6
 656 02c0 4A       		.byte	0x4a
 657 02c1 C1000000 		.4byte	0xc1
 658 02c5 01       		.byte	0x1
 659 02c6 00       		.byte	0
 660 02c7 03       		.uleb128 0x3
 661 02c8 31020000 		.4byte	.LASF60
 662 02cc 06       		.byte	0x6
 663 02cd 4B       		.byte	0x4b
 664 02ce A6020000 		.4byte	0x2a6
 665 02d2 12       		.uleb128 0x12
 666 02d3 99040000 		.4byte	.LASF80
 667 02d7 01       		.byte	0x1
 668 02d8 4D       		.byte	0x4d
 669 02d9 00000000 		.4byte	.LFB453
 670 02dd 08000000 		.4byte	.LFE453-.LFB453
 671 02e1 01       		.uleb128 0x1
 672 02e2 9C       		.byte	0x9c
 673 02e3 F1020000 		.4byte	0x2f1
 674 02e7 13       		.uleb128 0x13
 675 02e8 06000000 		.4byte	.LVL0
 676 02ec 25040000 		.4byte	0x425
 677 02f0 00       		.byte	0
 678 02f1 14       		.uleb128 0x14
 679 02f2 84000000 		.4byte	.LASF81
 680 02f6 01       		.byte	0x1
 681 02f7 64       		.byte	0x64
 682 02f8 C7020000 		.4byte	0x2c7
 683 02fc 00000000 		.4byte	.LFB454
 684 0300 24010000 		.4byte	.LFE454-.LFB454
 685 0304 01       		.uleb128 0x1
 686 0305 9C       		.byte	0x9c
 687 0306 0A040000 		.4byte	0x40a
 688 030a 15       		.uleb128 0x15
 689 030b 00000000 		.4byte	.LASF61
 690 030f 01       		.byte	0x1
 691 0310 68       		.byte	0x68
 692 0311 81000000 		.4byte	0x81
 693 0315 05       		.uleb128 0x5
 694 0316 03       		.byte	0x3
 695 0317 02000000 		.4byte	currSliderPos.14201
 696 031b 15       		.uleb128 0x15
 697 031c 62040000 		.4byte	.LASF62
 698 0320 01       		.byte	0x1
 699 0321 69       		.byte	0x69
 700 0322 81000000 		.4byte	0x81
 701 0326 05       		.uleb128 0x5
 702 0327 03       		.byte	0x3
 703 0328 01000000 		.4byte	prevSliderPos.14202
 704 032c 15       		.uleb128 0x15
 705 032d 70040000 		.4byte	.LASF63
 706 0331 01       		.byte	0x1
 707 0332 6A       		.byte	0x6a
 708 0333 81000000 		.4byte	0x81
ARM GAS  C:\Users\bryan.lee\AppData\Local\Temp\cc4yH9Hg.s 			page 18


 709 0337 05       		.uleb128 0x5
 710 0338 03       		.byte	0x3
 711 0339 03000000 		.4byte	leftSliderValue.14203
 712 033d 15       		.uleb128 0x15
 713 033e BF040000 		.4byte	.LASF64
 714 0342 01       		.byte	0x1
 715 0343 6B       		.byte	0x6b
 716 0344 81000000 		.4byte	0x81
 717 0348 05       		.uleb128 0x5
 718 0349 03       		.byte	0x3
 719 034a 04000000 		.4byte	rightSliderValue.14204
 720 034e 15       		.uleb128 0x15
 721 034f 1A040000 		.4byte	.LASF65
 722 0353 01       		.byte	0x1
 723 0354 6E       		.byte	0x6e
 724 0355 C1000000 		.4byte	0xc1
 725 0359 05       		.uleb128 0x5
 726 035a 03       		.byte	0x3
 727 035b 00000000 		.4byte	sliderTouched.14205
 728 035f 15       		.uleb128 0x15
 729 0360 3B040000 		.4byte	.LASF66
 730 0364 01       		.byte	0x1
 731 0365 71       		.byte	0x71
 732 0366 C1000000 		.4byte	0xc1
 733 036a 05       		.uleb128 0x5
 734 036b 03       		.byte	0x3
 735 036c 06000000 		.4byte	checkRightSwipe.14206
 736 0370 15       		.uleb128 0x15
 737 0371 01050000 		.4byte	.LASF67
 738 0375 01       		.byte	0x1
 739 0376 72       		.byte	0x72
 740 0377 C1000000 		.4byte	0xc1
 741 037b 05       		.uleb128 0x5
 742 037c 03       		.byte	0x3
 743 037d 05000000 		.4byte	checkLeftSwipe.14207
 744 0381 15       		.uleb128 0x15
 745 0382 02020000 		.4byte	.LASF68
 746 0386 01       		.byte	0x1
 747 0387 75       		.byte	0x75
 748 0388 C7020000 		.4byte	0x2c7
 749 038c 02       		.uleb128 0x2
 750 038d 91       		.byte	0x91
 751 038e 70       		.sleb128 -16
 752 038f 13       		.uleb128 0x13
 753 0390 10000000 		.4byte	.LVL1
 754 0394 30040000 		.4byte	0x430
 755 0398 13       		.uleb128 0x13
 756 0399 18000000 		.4byte	.LVL2
 757 039d 3B040000 		.4byte	0x43b
 758 03a1 16       		.uleb128 0x16
 759 03a2 1E000000 		.4byte	.LVL3
 760 03a6 46040000 		.4byte	0x446
 761 03aa B4030000 		.4byte	0x3b4
 762 03ae 17       		.uleb128 0x17
 763 03af 01       		.uleb128 0x1
 764 03b0 50       		.byte	0x50
 765 03b1 01       		.uleb128 0x1
ARM GAS  C:\Users\bryan.lee\AppData\Local\Temp\cc4yH9Hg.s 			page 19


 766 03b2 30       		.byte	0x30
 767 03b3 00       		.byte	0
 768 03b4 16       		.uleb128 0x16
 769 03b5 30000000 		.4byte	.LVL4
 770 03b9 46040000 		.4byte	0x446
 771 03bd C7030000 		.4byte	0x3c7
 772 03c1 17       		.uleb128 0x17
 773 03c2 01       		.uleb128 0x1
 774 03c3 50       		.byte	0x50
 775 03c4 01       		.uleb128 0x1
 776 03c5 31       		.byte	0x31
 777 03c6 00       		.byte	0
 778 03c7 16       		.uleb128 0x16
 779 03c8 42000000 		.4byte	.LVL5
 780 03cc 46040000 		.4byte	0x446
 781 03d0 DA030000 		.4byte	0x3da
 782 03d4 17       		.uleb128 0x17
 783 03d5 01       		.uleb128 0x1
 784 03d6 50       		.byte	0x50
 785 03d7 01       		.uleb128 0x1
 786 03d8 32       		.byte	0x32
 787 03d9 00       		.byte	0
 788 03da 16       		.uleb128 0x16
 789 03db 5A000000 		.4byte	.LVL6
 790 03df 52040000 		.4byte	0x452
 791 03e3 ED030000 		.4byte	0x3ed
 792 03e7 17       		.uleb128 0x17
 793 03e8 01       		.uleb128 0x1
 794 03e9 50       		.byte	0x50
 795 03ea 01       		.uleb128 0x1
 796 03eb 32       		.byte	0x32
 797 03ec 00       		.byte	0
 798 03ed 16       		.uleb128 0x16
 799 03ee E0000000 		.4byte	.LVL7
 800 03f2 52040000 		.4byte	0x452
 801 03f6 00040000 		.4byte	0x400
 802 03fa 17       		.uleb128 0x17
 803 03fb 01       		.uleb128 0x1
 804 03fc 50       		.byte	0x50
 805 03fd 01       		.uleb128 0x1
 806 03fe 32       		.byte	0x32
 807 03ff 00       		.byte	0
 808 0400 13       		.uleb128 0x13
 809 0401 02010000 		.4byte	.LVL8
 810 0405 5E040000 		.4byte	0x45e
 811 0409 00       		.byte	0
 812 040a 18       		.uleb128 0x18
 813 040b 16000000 		.4byte	.LASF69
 814 040f 07       		.byte	0x7
 815 0410 1F       		.byte	0x1f
 816 0411 15040000 		.4byte	0x415
 817 0415 19       		.uleb128 0x19
 818 0416 B9010000 		.4byte	0x1b9
 819 041a 18       		.uleb128 0x18
 820 041b A7020000 		.4byte	.LASF70
 821 041f 08       		.byte	0x8
 822 0420 5E       		.byte	0x5e
ARM GAS  C:\Users\bryan.lee\AppData\Local\Temp\cc4yH9Hg.s 			page 20


 823 0421 64020000 		.4byte	0x264
 824 0425 1A       		.uleb128 0x1a
 825 0426 E8020000 		.4byte	.LASF71
 826 042a E8020000 		.4byte	.LASF71
 827 042e 09       		.byte	0x9
 828 042f 3A       		.byte	0x3a
 829 0430 1A       		.uleb128 0x1a
 830 0431 F1040000 		.4byte	.LASF72
 831 0435 F1040000 		.4byte	.LASF72
 832 0439 0A       		.byte	0xa
 833 043a 56       		.byte	0x56
 834 043b 1A       		.uleb128 0x1a
 835 043c 1C050000 		.4byte	.LASF73
 836 0440 1C050000 		.4byte	.LASF73
 837 0444 09       		.byte	0x9
 838 0445 3E       		.byte	0x3e
 839 0446 1B       		.uleb128 0x1b
 840 0447 4D050000 		.4byte	.LASF74
 841 044b 4D050000 		.4byte	.LASF74
 842 044f 0B       		.byte	0xb
 843 0450 A704     		.2byte	0x4a7
 844 0452 1B       		.uleb128 0x1b
 845 0453 F4030000 		.4byte	.LASF75
 846 0457 F4030000 		.4byte	.LASF75
 847 045b 0B       		.byte	0xb
 848 045c B304     		.2byte	0x4b3
 849 045e 1A       		.uleb128 0x1a
 850 045f 38030000 		.4byte	.LASF76
 851 0463 38030000 		.4byte	.LASF76
 852 0467 0A       		.byte	0xa
 853 0468 55       		.byte	0x55
 854 0469 00       		.byte	0
 855              		.section	.debug_abbrev,"",%progbits
 856              	.Ldebug_abbrev0:
 857 0000 01       		.uleb128 0x1
 858 0001 11       		.uleb128 0x11
 859 0002 01       		.byte	0x1
 860 0003 25       		.uleb128 0x25
 861 0004 0E       		.uleb128 0xe
 862 0005 13       		.uleb128 0x13
 863 0006 0B       		.uleb128 0xb
 864 0007 03       		.uleb128 0x3
 865 0008 0E       		.uleb128 0xe
 866 0009 1B       		.uleb128 0x1b
 867 000a 0E       		.uleb128 0xe
 868 000b 55       		.uleb128 0x55
 869 000c 17       		.uleb128 0x17
 870 000d 11       		.uleb128 0x11
 871 000e 01       		.uleb128 0x1
 872 000f 10       		.uleb128 0x10
 873 0010 17       		.uleb128 0x17
 874 0011 00       		.byte	0
 875 0012 00       		.byte	0
 876 0013 02       		.uleb128 0x2
 877 0014 24       		.uleb128 0x24
 878 0015 00       		.byte	0
 879 0016 0B       		.uleb128 0xb
ARM GAS  C:\Users\bryan.lee\AppData\Local\Temp\cc4yH9Hg.s 			page 21


 880 0017 0B       		.uleb128 0xb
 881 0018 3E       		.uleb128 0x3e
 882 0019 0B       		.uleb128 0xb
 883 001a 03       		.uleb128 0x3
 884 001b 0E       		.uleb128 0xe
 885 001c 00       		.byte	0
 886 001d 00       		.byte	0
 887 001e 03       		.uleb128 0x3
 888 001f 16       		.uleb128 0x16
 889 0020 00       		.byte	0
 890 0021 03       		.uleb128 0x3
 891 0022 0E       		.uleb128 0xe
 892 0023 3A       		.uleb128 0x3a
 893 0024 0B       		.uleb128 0xb
 894 0025 3B       		.uleb128 0x3b
 895 0026 0B       		.uleb128 0xb
 896 0027 49       		.uleb128 0x49
 897 0028 13       		.uleb128 0x13
 898 0029 00       		.byte	0
 899 002a 00       		.byte	0
 900 002b 04       		.uleb128 0x4
 901 002c 24       		.uleb128 0x24
 902 002d 00       		.byte	0
 903 002e 0B       		.uleb128 0xb
 904 002f 0B       		.uleb128 0xb
 905 0030 3E       		.uleb128 0x3e
 906 0031 0B       		.uleb128 0xb
 907 0032 03       		.uleb128 0x3
 908 0033 08       		.uleb128 0x8
 909 0034 00       		.byte	0
 910 0035 00       		.byte	0
 911 0036 05       		.uleb128 0x5
 912 0037 35       		.uleb128 0x35
 913 0038 00       		.byte	0
 914 0039 49       		.uleb128 0x49
 915 003a 13       		.uleb128 0x13
 916 003b 00       		.byte	0
 917 003c 00       		.byte	0
 918 003d 06       		.uleb128 0x6
 919 003e 0F       		.uleb128 0xf
 920 003f 00       		.byte	0
 921 0040 0B       		.uleb128 0xb
 922 0041 0B       		.uleb128 0xb
 923 0042 00       		.byte	0
 924 0043 00       		.byte	0
 925 0044 07       		.uleb128 0x7
 926 0045 13       		.uleb128 0x13
 927 0046 01       		.byte	0x1
 928 0047 03       		.uleb128 0x3
 929 0048 0E       		.uleb128 0xe
 930 0049 0B       		.uleb128 0xb
 931 004a 0B       		.uleb128 0xb
 932 004b 3A       		.uleb128 0x3a
 933 004c 0B       		.uleb128 0xb
 934 004d 3B       		.uleb128 0x3b
 935 004e 0B       		.uleb128 0xb
 936 004f 01       		.uleb128 0x1
ARM GAS  C:\Users\bryan.lee\AppData\Local\Temp\cc4yH9Hg.s 			page 22


 937 0050 13       		.uleb128 0x13
 938 0051 00       		.byte	0
 939 0052 00       		.byte	0
 940 0053 08       		.uleb128 0x8
 941 0054 0D       		.uleb128 0xd
 942 0055 00       		.byte	0
 943 0056 03       		.uleb128 0x3
 944 0057 0E       		.uleb128 0xe
 945 0058 3A       		.uleb128 0x3a
 946 0059 0B       		.uleb128 0xb
 947 005a 3B       		.uleb128 0x3b
 948 005b 0B       		.uleb128 0xb
 949 005c 49       		.uleb128 0x49
 950 005d 13       		.uleb128 0x13
 951 005e 38       		.uleb128 0x38
 952 005f 0B       		.uleb128 0xb
 953 0060 00       		.byte	0
 954 0061 00       		.byte	0
 955 0062 09       		.uleb128 0x9
 956 0063 0F       		.uleb128 0xf
 957 0064 00       		.byte	0
 958 0065 0B       		.uleb128 0xb
 959 0066 0B       		.uleb128 0xb
 960 0067 49       		.uleb128 0x49
 961 0068 13       		.uleb128 0x13
 962 0069 00       		.byte	0
 963 006a 00       		.byte	0
 964 006b 0A       		.uleb128 0xa
 965 006c 15       		.uleb128 0x15
 966 006d 01       		.byte	0x1
 967 006e 27       		.uleb128 0x27
 968 006f 19       		.uleb128 0x19
 969 0070 01       		.uleb128 0x1
 970 0071 13       		.uleb128 0x13
 971 0072 00       		.byte	0
 972 0073 00       		.byte	0
 973 0074 0B       		.uleb128 0xb
 974 0075 05       		.uleb128 0x5
 975 0076 00       		.byte	0
 976 0077 49       		.uleb128 0x49
 977 0078 13       		.uleb128 0x13
 978 0079 00       		.byte	0
 979 007a 00       		.byte	0
 980 007b 0C       		.uleb128 0xc
 981 007c 16       		.uleb128 0x16
 982 007d 00       		.byte	0
 983 007e 03       		.uleb128 0x3
 984 007f 0E       		.uleb128 0xe
 985 0080 3A       		.uleb128 0x3a
 986 0081 0B       		.uleb128 0xb
 987 0082 3B       		.uleb128 0x3b
 988 0083 05       		.uleb128 0x5
 989 0084 49       		.uleb128 0x49
 990 0085 13       		.uleb128 0x13
 991 0086 00       		.byte	0
 992 0087 00       		.byte	0
 993 0088 0D       		.uleb128 0xd
ARM GAS  C:\Users\bryan.lee\AppData\Local\Temp\cc4yH9Hg.s 			page 23


 994 0089 13       		.uleb128 0x13
 995 008a 01       		.byte	0x1
 996 008b 03       		.uleb128 0x3
 997 008c 0E       		.uleb128 0xe
 998 008d 0B       		.uleb128 0xb
 999 008e 0B       		.uleb128 0xb
 1000 008f 3A       		.uleb128 0x3a
 1001 0090 0B       		.uleb128 0xb
 1002 0091 3B       		.uleb128 0x3b
 1003 0092 05       		.uleb128 0x5
 1004 0093 01       		.uleb128 0x1
 1005 0094 13       		.uleb128 0x13
 1006 0095 00       		.byte	0
 1007 0096 00       		.byte	0
 1008 0097 0E       		.uleb128 0xe
 1009 0098 0D       		.uleb128 0xd
 1010 0099 00       		.byte	0
 1011 009a 03       		.uleb128 0x3
 1012 009b 0E       		.uleb128 0xe
 1013 009c 3A       		.uleb128 0x3a
 1014 009d 0B       		.uleb128 0xb
 1015 009e 3B       		.uleb128 0x3b
 1016 009f 05       		.uleb128 0x5
 1017 00a0 49       		.uleb128 0x49
 1018 00a1 13       		.uleb128 0x13
 1019 00a2 38       		.uleb128 0x38
 1020 00a3 0B       		.uleb128 0xb
 1021 00a4 00       		.byte	0
 1022 00a5 00       		.byte	0
 1023 00a6 0F       		.uleb128 0xf
 1024 00a7 04       		.uleb128 0x4
 1025 00a8 01       		.byte	0x1
 1026 00a9 0B       		.uleb128 0xb
 1027 00aa 0B       		.uleb128 0xb
 1028 00ab 49       		.uleb128 0x49
 1029 00ac 13       		.uleb128 0x13
 1030 00ad 3A       		.uleb128 0x3a
 1031 00ae 0B       		.uleb128 0xb
 1032 00af 3B       		.uleb128 0x3b
 1033 00b0 0B       		.uleb128 0xb
 1034 00b1 01       		.uleb128 0x1
 1035 00b2 13       		.uleb128 0x13
 1036 00b3 00       		.byte	0
 1037 00b4 00       		.byte	0
 1038 00b5 10       		.uleb128 0x10
 1039 00b6 28       		.uleb128 0x28
 1040 00b7 00       		.byte	0
 1041 00b8 03       		.uleb128 0x3
 1042 00b9 0E       		.uleb128 0xe
 1043 00ba 1C       		.uleb128 0x1c
 1044 00bb 0B       		.uleb128 0xb
 1045 00bc 00       		.byte	0
 1046 00bd 00       		.byte	0
 1047 00be 11       		.uleb128 0x11
 1048 00bf 13       		.uleb128 0x13
 1049 00c0 01       		.byte	0x1
 1050 00c1 0B       		.uleb128 0xb
ARM GAS  C:\Users\bryan.lee\AppData\Local\Temp\cc4yH9Hg.s 			page 24


 1051 00c2 0B       		.uleb128 0xb
 1052 00c3 3A       		.uleb128 0x3a
 1053 00c4 0B       		.uleb128 0xb
 1054 00c5 3B       		.uleb128 0x3b
 1055 00c6 0B       		.uleb128 0xb
 1056 00c7 01       		.uleb128 0x1
 1057 00c8 13       		.uleb128 0x13
 1058 00c9 00       		.byte	0
 1059 00ca 00       		.byte	0
 1060 00cb 12       		.uleb128 0x12
 1061 00cc 2E       		.uleb128 0x2e
 1062 00cd 01       		.byte	0x1
 1063 00ce 3F       		.uleb128 0x3f
 1064 00cf 19       		.uleb128 0x19
 1065 00d0 03       		.uleb128 0x3
 1066 00d1 0E       		.uleb128 0xe
 1067 00d2 3A       		.uleb128 0x3a
 1068 00d3 0B       		.uleb128 0xb
 1069 00d4 3B       		.uleb128 0x3b
 1070 00d5 0B       		.uleb128 0xb
 1071 00d6 27       		.uleb128 0x27
 1072 00d7 19       		.uleb128 0x19
 1073 00d8 11       		.uleb128 0x11
 1074 00d9 01       		.uleb128 0x1
 1075 00da 12       		.uleb128 0x12
 1076 00db 06       		.uleb128 0x6
 1077 00dc 40       		.uleb128 0x40
 1078 00dd 18       		.uleb128 0x18
 1079 00de 9742     		.uleb128 0x2117
 1080 00e0 19       		.uleb128 0x19
 1081 00e1 01       		.uleb128 0x1
 1082 00e2 13       		.uleb128 0x13
 1083 00e3 00       		.byte	0
 1084 00e4 00       		.byte	0
 1085 00e5 13       		.uleb128 0x13
 1086 00e6 898201   		.uleb128 0x4109
 1087 00e9 00       		.byte	0
 1088 00ea 11       		.uleb128 0x11
 1089 00eb 01       		.uleb128 0x1
 1090 00ec 31       		.uleb128 0x31
 1091 00ed 13       		.uleb128 0x13
 1092 00ee 00       		.byte	0
 1093 00ef 00       		.byte	0
 1094 00f0 14       		.uleb128 0x14
 1095 00f1 2E       		.uleb128 0x2e
 1096 00f2 01       		.byte	0x1
 1097 00f3 3F       		.uleb128 0x3f
 1098 00f4 19       		.uleb128 0x19
 1099 00f5 03       		.uleb128 0x3
 1100 00f6 0E       		.uleb128 0xe
 1101 00f7 3A       		.uleb128 0x3a
 1102 00f8 0B       		.uleb128 0xb
 1103 00f9 3B       		.uleb128 0x3b
 1104 00fa 0B       		.uleb128 0xb
 1105 00fb 27       		.uleb128 0x27
 1106 00fc 19       		.uleb128 0x19
 1107 00fd 49       		.uleb128 0x49
ARM GAS  C:\Users\bryan.lee\AppData\Local\Temp\cc4yH9Hg.s 			page 25


 1108 00fe 13       		.uleb128 0x13
 1109 00ff 11       		.uleb128 0x11
 1110 0100 01       		.uleb128 0x1
 1111 0101 12       		.uleb128 0x12
 1112 0102 06       		.uleb128 0x6
 1113 0103 40       		.uleb128 0x40
 1114 0104 18       		.uleb128 0x18
 1115 0105 9742     		.uleb128 0x2117
 1116 0107 19       		.uleb128 0x19
 1117 0108 01       		.uleb128 0x1
 1118 0109 13       		.uleb128 0x13
 1119 010a 00       		.byte	0
 1120 010b 00       		.byte	0
 1121 010c 15       		.uleb128 0x15
 1122 010d 34       		.uleb128 0x34
 1123 010e 00       		.byte	0
 1124 010f 03       		.uleb128 0x3
 1125 0110 0E       		.uleb128 0xe
 1126 0111 3A       		.uleb128 0x3a
 1127 0112 0B       		.uleb128 0xb
 1128 0113 3B       		.uleb128 0x3b
 1129 0114 0B       		.uleb128 0xb
 1130 0115 49       		.uleb128 0x49
 1131 0116 13       		.uleb128 0x13
 1132 0117 02       		.uleb128 0x2
 1133 0118 18       		.uleb128 0x18
 1134 0119 00       		.byte	0
 1135 011a 00       		.byte	0
 1136 011b 16       		.uleb128 0x16
 1137 011c 898201   		.uleb128 0x4109
 1138 011f 01       		.byte	0x1
 1139 0120 11       		.uleb128 0x11
 1140 0121 01       		.uleb128 0x1
 1141 0122 31       		.uleb128 0x31
 1142 0123 13       		.uleb128 0x13
 1143 0124 01       		.uleb128 0x1
 1144 0125 13       		.uleb128 0x13
 1145 0126 00       		.byte	0
 1146 0127 00       		.byte	0
 1147 0128 17       		.uleb128 0x17
 1148 0129 8A8201   		.uleb128 0x410a
 1149 012c 00       		.byte	0
 1150 012d 02       		.uleb128 0x2
 1151 012e 18       		.uleb128 0x18
 1152 012f 9142     		.uleb128 0x2111
 1153 0131 18       		.uleb128 0x18
 1154 0132 00       		.byte	0
 1155 0133 00       		.byte	0
 1156 0134 18       		.uleb128 0x18
 1157 0135 34       		.uleb128 0x34
 1158 0136 00       		.byte	0
 1159 0137 03       		.uleb128 0x3
 1160 0138 0E       		.uleb128 0xe
 1161 0139 3A       		.uleb128 0x3a
 1162 013a 0B       		.uleb128 0xb
 1163 013b 3B       		.uleb128 0x3b
 1164 013c 0B       		.uleb128 0xb
ARM GAS  C:\Users\bryan.lee\AppData\Local\Temp\cc4yH9Hg.s 			page 26


 1165 013d 49       		.uleb128 0x49
 1166 013e 13       		.uleb128 0x13
 1167 013f 3F       		.uleb128 0x3f
 1168 0140 19       		.uleb128 0x19
 1169 0141 3C       		.uleb128 0x3c
 1170 0142 19       		.uleb128 0x19
 1171 0143 00       		.byte	0
 1172 0144 00       		.byte	0
 1173 0145 19       		.uleb128 0x19
 1174 0146 26       		.uleb128 0x26
 1175 0147 00       		.byte	0
 1176 0148 49       		.uleb128 0x49
 1177 0149 13       		.uleb128 0x13
 1178 014a 00       		.byte	0
 1179 014b 00       		.byte	0
 1180 014c 1A       		.uleb128 0x1a
 1181 014d 2E       		.uleb128 0x2e
 1182 014e 00       		.byte	0
 1183 014f 3F       		.uleb128 0x3f
 1184 0150 19       		.uleb128 0x19
 1185 0151 3C       		.uleb128 0x3c
 1186 0152 19       		.uleb128 0x19
 1187 0153 6E       		.uleb128 0x6e
 1188 0154 0E       		.uleb128 0xe
 1189 0155 03       		.uleb128 0x3
 1190 0156 0E       		.uleb128 0xe
 1191 0157 3A       		.uleb128 0x3a
 1192 0158 0B       		.uleb128 0xb
 1193 0159 3B       		.uleb128 0x3b
 1194 015a 0B       		.uleb128 0xb
 1195 015b 00       		.byte	0
 1196 015c 00       		.byte	0
 1197 015d 1B       		.uleb128 0x1b
 1198 015e 2E       		.uleb128 0x2e
 1199 015f 00       		.byte	0
 1200 0160 3F       		.uleb128 0x3f
 1201 0161 19       		.uleb128 0x19
 1202 0162 3C       		.uleb128 0x3c
 1203 0163 19       		.uleb128 0x19
 1204 0164 6E       		.uleb128 0x6e
 1205 0165 0E       		.uleb128 0xe
 1206 0166 03       		.uleb128 0x3
 1207 0167 0E       		.uleb128 0xe
 1208 0168 3A       		.uleb128 0x3a
 1209 0169 0B       		.uleb128 0xb
 1210 016a 3B       		.uleb128 0x3b
 1211 016b 05       		.uleb128 0x5
 1212 016c 00       		.byte	0
 1213 016d 00       		.byte	0
 1214 016e 00       		.byte	0
 1215              		.section	.debug_aranges,"",%progbits
 1216 0000 24000000 		.4byte	0x24
 1217 0004 0200     		.2byte	0x2
 1218 0006 00000000 		.4byte	.Ldebug_info0
 1219 000a 04       		.byte	0x4
 1220 000b 00       		.byte	0
 1221 000c 0000     		.2byte	0
ARM GAS  C:\Users\bryan.lee\AppData\Local\Temp\cc4yH9Hg.s 			page 27


 1222 000e 0000     		.2byte	0
 1223 0010 00000000 		.4byte	.LFB453
 1224 0014 08000000 		.4byte	.LFE453-.LFB453
 1225 0018 00000000 		.4byte	.LFB454
 1226 001c 24010000 		.4byte	.LFE454-.LFB454
 1227 0020 00000000 		.4byte	0
 1228 0024 00000000 		.4byte	0
 1229              		.section	.debug_ranges,"",%progbits
 1230              	.Ldebug_ranges0:
 1231 0000 00000000 		.4byte	.LFB453
 1232 0004 08000000 		.4byte	.LFE453
 1233 0008 00000000 		.4byte	.LFB454
 1234 000c 24010000 		.4byte	.LFE454
 1235 0010 00000000 		.4byte	0
 1236 0014 00000000 		.4byte	0
 1237              		.section	.debug_line,"",%progbits
 1238              	.Ldebug_line0:
 1239 0000 89020000 		.section	.debug_str,"MS",%progbits,1
 1239      02003202 
 1239      00000201 
 1239      FB0E0D00 
 1239      01010101 
 1240              	.LASF61:
 1241 0000 63757272 		.ascii	"currSliderPos\000"
 1241      536C6964 
 1241      6572506F 
 1241      7300
 1242              	.LASF78:
 1243 000e 746F7563 		.ascii	"touch.c\000"
 1243      682E6300 
 1244              	.LASF69:
 1245 0016 43595F45 		.ascii	"CY_EINK_Timer_config\000"
 1245      494E4B5F 
 1245      54696D65 
 1245      725F636F 
 1245      6E666967 
 1246              	.LASF20:
 1247 002b 636C6F63 		.ascii	"clockPrescaler\000"
 1247      6B507265 
 1247      7363616C 
 1247      657200
 1248              	.LASF36:
 1249 003a 636F756E 		.ascii	"countInputMode\000"
 1249      74496E70 
 1249      75744D6F 
 1249      646500
 1250              	.LASF24:
 1251 0049 636F6D70 		.ascii	"compare0\000"
 1251      61726530 
 1251      00
 1252              	.LASF25:
 1253 0052 636F6D70 		.ascii	"compare1\000"
 1253      61726531 
 1253      00
 1254              	.LASF55:
 1255 005b 534C4944 		.ascii	"SLIDER_LEFT\000"
 1255      45525F4C 
ARM GAS  C:\Users\bryan.lee\AppData\Local\Temp\cc4yH9Hg.s 			page 28


 1255      45465400 
 1256              	.LASF44:
 1257 0067 72784275 		.ascii	"rxBufSize\000"
 1257      6653697A 
 1257      6500
 1258              	.LASF59:
 1259 0071 7363616E 		.ascii	"scanBusy\000"
 1259      42757379 
 1259      00
 1260              	.LASF0:
 1261 007a 73686F72 		.ascii	"short int\000"
 1261      7420696E 
 1261      7400
 1262              	.LASF81:
 1263 0084 47657454 		.ascii	"GetTouch\000"
 1263      6F756368 
 1263      00
 1264              	.LASF13:
 1265 008d 73697A65 		.ascii	"sizetype\000"
 1265      74797065 
 1265      00
 1266              	.LASF56:
 1267 0096 534C4944 		.ascii	"SLIDER_RIGHT\000"
 1267      45525F52 
 1267      49474854 
 1267      00
 1268              	.LASF41:
 1269 00a3 63795F73 		.ascii	"cy_stc_scb_spi_context\000"
 1269      74635F73 
 1269      63625F73 
 1269      70695F63 
 1269      6F6E7465 
 1270              	.LASF77:
 1271 00ba 474E5520 		.ascii	"GNU C11 5.4.1 20160609 (release) [ARM/embedded-5-br"
 1271      43313120 
 1271      352E342E 
 1271      31203230 
 1271      31363036 
 1272 00ed 616E6368 		.ascii	"anch revision 237715] -mcpu=cortex-m0plus -mthumb -"
 1272      20726576 
 1272      6973696F 
 1272      6E203233 
 1272      37373135 
 1273 0120 67202D4F 		.ascii	"g -Og -ffunction-sections -ffat-lto-objects\000"
 1273      67202D66 
 1273      66756E63 
 1273      74696F6E 
 1273      2D736563 
 1274              	.LASF51:
 1275 014c 63795F73 		.ascii	"cy_stc_scb_spi_context_t\000"
 1275      74635F73 
 1275      63625F73 
 1275      70695F63 
 1275      6F6E7465 
 1276              	.LASF47:
 1277 0165 74784275 		.ascii	"txBufSize\000"
 1277      6653697A 
ARM GAS  C:\Users\bryan.lee\AppData\Local\Temp\cc4yH9Hg.s 			page 29


 1277      6500
 1278              	.LASF6:
 1279 016f 5F5F7569 		.ascii	"__uint32_t\000"
 1279      6E743332 
 1279      5F7400
 1280              	.LASF53:
 1281 017a 53454C45 		.ascii	"SELECT_BUTTON\000"
 1281      43545F42 
 1281      5554544F 
 1281      4E00
 1282              	.LASF45:
 1283 0188 72784275 		.ascii	"rxBufIdx\000"
 1283      66496478 
 1283      00
 1284              	.LASF57:
 1285 0191 746F7563 		.ascii	"touch_data_types_t\000"
 1285      685F6461 
 1285      74615F74 
 1285      79706573 
 1285      5F7400
 1286              	.LASF4:
 1287 01a4 6C6F6E67 		.ascii	"long int\000"
 1287      20696E74 
 1287      00
 1288              	.LASF11:
 1289 01ad 75696E74 		.ascii	"uint8_t\000"
 1289      385F7400 
 1290              	.LASF27:
 1291 01b5 696E7465 		.ascii	"interruptSources\000"
 1291      72727570 
 1291      74536F75 
 1291      72636573 
 1291      00
 1292              	.LASF58:
 1293 01c6 746F7563 		.ascii	"touchType\000"
 1293      68547970 
 1293      6500
 1294              	.LASF39:
 1295 01d0 63795F63 		.ascii	"cy_cb_scb_spi_handle_events_t\000"
 1295      625F7363 
 1295      625F7370 
 1295      695F6861 
 1295      6E646C65 
 1296              	.LASF21:
 1297 01ee 72756E4D 		.ascii	"runMode\000"
 1297      6F646500 
 1298              	.LASF16:
 1299 01f6 666C6F61 		.ascii	"float\000"
 1299      7400
 1300              	.LASF46:
 1301 01fc 74784275 		.ascii	"txBuf\000"
 1301      6600
 1302              	.LASF68:
 1303 0202 746F7563 		.ascii	"touchInformation\000"
 1303      68496E66 
 1303      6F726D61 
 1303      74696F6E 
ARM GAS  C:\Users\bryan.lee\AppData\Local\Temp\cc4yH9Hg.s 			page 30


 1303      00
 1304              	.LASF30:
 1305 0213 72656C6F 		.ascii	"reloadInputMode\000"
 1305      6164496E 
 1305      7075744D 
 1305      6F646500 
 1306              	.LASF8:
 1307 0223 6C6F6E67 		.ascii	"long long int\000"
 1307      206C6F6E 
 1307      6720696E 
 1307      7400
 1308              	.LASF60:
 1309 0231 746F7563 		.ascii	"touch_data_t\000"
 1309      685F6461 
 1309      74615F74 
 1309      00
 1310              	.LASF37:
 1311 023e 636F756E 		.ascii	"countInput\000"
 1311      74496E70 
 1311      757400
 1312              	.LASF48:
 1313 0249 74784275 		.ascii	"txBufIdx\000"
 1313      66496478 
 1313      00
 1314              	.LASF19:
 1315 0252 70657269 		.ascii	"period\000"
 1315      6F6400
 1316              	.LASF54:
 1317 0259 4241434B 		.ascii	"BACK_BUTTON\000"
 1317      5F425554 
 1317      544F4E00 
 1318              	.LASF35:
 1319 0265 73746F70 		.ascii	"stopInput\000"
 1319      496E7075 
 1319      7400
 1320              	.LASF14:
 1321 026f 6C6F6E67 		.ascii	"long double\000"
 1321      20646F75 
 1321      626C6500 
 1322              	.LASF32:
 1323 027b 73746172 		.ascii	"startInputMode\000"
 1323      74496E70 
 1323      75744D6F 
 1323      646500
 1324              	.LASF1:
 1325 028a 756E7369 		.ascii	"unsigned char\000"
 1325      676E6564 
 1325      20636861 
 1325      7200
 1326              	.LASF22:
 1327 0298 636F756E 		.ascii	"countDirection\000"
 1327      74446972 
 1327      65637469 
 1327      6F6E00
 1328              	.LASF70:
 1329 02a7 43595F45 		.ascii	"CY_EINK_SPIM_context\000"
 1329      494E4B5F 
ARM GAS  C:\Users\bryan.lee\AppData\Local\Temp\cc4yH9Hg.s 			page 31


 1329      5350494D 
 1329      5F636F6E 
 1329      74657874 
 1330              	.LASF2:
 1331 02bc 7369676E 		.ascii	"signed char\000"
 1331      65642063 
 1331      68617200 
 1332              	.LASF9:
 1333 02c8 6C6F6E67 		.ascii	"long long unsigned int\000"
 1333      206C6F6E 
 1333      6720756E 
 1333      7369676E 
 1333      65642069 
 1334              	.LASF12:
 1335 02df 75696E74 		.ascii	"uint32_t\000"
 1335      33325F74 
 1335      00
 1336              	.LASF71:
 1337 02e8 43617053 		.ascii	"CapSense_Start\000"
 1337      656E7365 
 1337      5F537461 
 1337      727400
 1338              	.LASF23:
 1339 02f7 636F6D70 		.ascii	"compareOrCapture\000"
 1339      6172654F 
 1339      72436170 
 1339      74757265 
 1339      00
 1340              	.LASF26:
 1341 0308 656E6162 		.ascii	"enableCompareSwap\000"
 1341      6C65436F 
 1341      6D706172 
 1341      65537761 
 1341      7000
 1342              	.LASF38:
 1343 031a 63795F73 		.ascii	"cy_stc_tcpwm_counter_config_t\000"
 1343      74635F74 
 1343      6370776D 
 1343      5F636F75 
 1343      6E746572 
 1344              	.LASF76:
 1345 0338 43617053 		.ascii	"CapSense_ScanAllWidgets\000"
 1345      656E7365 
 1345      5F536361 
 1345      6E416C6C 
 1345      57696467 
 1346              	.LASF3:
 1347 0350 73686F72 		.ascii	"short unsigned int\000"
 1347      7420756E 
 1347      7369676E 
 1347      65642069 
 1347      6E7400
 1348              	.LASF42:
 1349 0363 73746174 		.ascii	"status\000"
 1349      757300
 1350              	.LASF79:
 1351 036a 433A5C55 		.ascii	"C:\\Users\\bryan.lee\\Desktop\\PSoC-6-MCU-Pioneer-K"
ARM GAS  C:\Users\bryan.lee\AppData\Local\Temp\cc4yH9Hg.s 			page 32


 1351      73657273 
 1351      5C627279 
 1351      616E2E6C 
 1351      65655C44 
 1352 0399 6974732D 		.ascii	"its-master\\CY8CKIT-062-BLE Pioneer Kit\\CE218133_E"
 1352      6D617374 
 1352      65725C43 
 1352      5938434B 
 1352      49542D30 
 1353 03ca 494E4B5F 		.ascii	"INK_CapSense\\CE218133_EINK_CapSense.cydsn\000"
 1353      43617053 
 1353      656E7365 
 1353      5C434532 
 1353      31383133 
 1354              	.LASF75:
 1355 03f4 43617053 		.ascii	"CapSense_GetCentroidPos\000"
 1355      656E7365 
 1355      5F476574 
 1355      43656E74 
 1355      726F6964 
 1356              	.LASF15:
 1357 040c 63686172 		.ascii	"char\000"
 1357      00
 1358              	.LASF49:
 1359 0411 63624576 		.ascii	"cbEvents\000"
 1359      656E7473 
 1359      00
 1360              	.LASF65:
 1361 041a 736C6964 		.ascii	"sliderTouched\000"
 1361      6572546F 
 1361      75636865 
 1361      6400
 1362              	.LASF18:
 1363 0428 5F426F6F 		.ascii	"_Bool\000"
 1363      6C00
 1364              	.LASF29:
 1365 042e 63617074 		.ascii	"captureInput\000"
 1365      75726549 
 1365      6E707574 
 1365      00
 1366              	.LASF66:
 1367 043b 63686563 		.ascii	"checkRightSwipe\000"
 1367      6B526967 
 1367      68745377 
 1367      69706500 
 1368              	.LASF43:
 1369 044b 72784275 		.ascii	"rxBuf\000"
 1369      6600
 1370              	.LASF28:
 1371 0451 63617074 		.ascii	"captureInputMode\000"
 1371      75726549 
 1371      6E707574 
 1371      4D6F6465 
 1371      00
 1372              	.LASF62:
 1373 0462 70726576 		.ascii	"prevSliderPos\000"
 1373      536C6964 
ARM GAS  C:\Users\bryan.lee\AppData\Local\Temp\cc4yH9Hg.s 			page 33


 1373      6572506F 
 1373      7300
 1374              	.LASF63:
 1375 0470 6C656674 		.ascii	"leftSliderValue\000"
 1375      536C6964 
 1375      65725661 
 1375      6C756500 
 1376              	.LASF7:
 1377 0480 6C6F6E67 		.ascii	"long unsigned int\000"
 1377      20756E73 
 1377      69676E65 
 1377      6420696E 
 1377      7400
 1378              	.LASF17:
 1379 0492 646F7562 		.ascii	"double\000"
 1379      6C6500
 1380              	.LASF80:
 1381 0499 496E6974 		.ascii	"InitTouch\000"
 1381      546F7563 
 1381      6800
 1382              	.LASF40:
 1383 04a3 63795F73 		.ascii	"cy_stc_tcpwm_counter_config\000"
 1383      74635F74 
 1383      6370776D 
 1383      5F636F75 
 1383      6E746572 
 1384              	.LASF64:
 1385 04bf 72696768 		.ascii	"rightSliderValue\000"
 1385      74536C69 
 1385      64657256 
 1385      616C7565 
 1385      00
 1386              	.LASF33:
 1387 04d0 73746172 		.ascii	"startInput\000"
 1387      74496E70 
 1387      757400
 1388              	.LASF34:
 1389 04db 73746F70 		.ascii	"stopInputMode\000"
 1389      496E7075 
 1389      744D6F64 
 1389      6500
 1390              	.LASF50:
 1391 04e9 696E6974 		.ascii	"initKey\000"
 1391      4B657900 
 1392              	.LASF72:
 1393 04f1 43617053 		.ascii	"CapSense_IsBusy\000"
 1393      656E7365 
 1393      5F497342 
 1393      75737900 
 1394              	.LASF67:
 1395 0501 63686563 		.ascii	"checkLeftSwipe\000"
 1395      6B4C6566 
 1395      74537769 
 1395      706500
 1396              	.LASF31:
 1397 0510 72656C6F 		.ascii	"reloadInput\000"
 1397      6164496E 
ARM GAS  C:\Users\bryan.lee\AppData\Local\Temp\cc4yH9Hg.s 			page 34


 1397      70757400 
 1398              	.LASF73:
 1399 051c 43617053 		.ascii	"CapSense_ProcessAllWidgets\000"
 1399      656E7365 
 1399      5F50726F 
 1399      63657373 
 1399      416C6C57 
 1400              	.LASF10:
 1401 0537 756E7369 		.ascii	"unsigned int\000"
 1401      676E6564 
 1401      20696E74 
 1401      00
 1402              	.LASF52:
 1403 0544 4E4F5F54 		.ascii	"NO_TOUCH\000"
 1403      4F554348 
 1403      00
 1404              	.LASF74:
 1405 054d 43617053 		.ascii	"CapSense_IsWidgetActive\000"
 1405      656E7365 
 1405      5F497357 
 1405      69646765 
 1405      74416374 
 1406              	.LASF5:
 1407 0565 5F5F7569 		.ascii	"__uint8_t\000"
 1407      6E74385F 
 1407      7400
 1408              		.ident	"GCC: (GNU Tools for ARM Embedded Processors) 5.4.1 20160609 (release) [ARM/embedded-5-bran
