ARM GAS  C:\Users\bryan.lee\AppData\Local\Temp\ccxoJJf5.s 			page 1


   1              		.syntax unified
   2              		.cpu cortex-m0
   3              		.fpu softvfp
   4              		.eabi_attribute 20, 1
   5              		.eabi_attribute 21, 1
   6              		.eabi_attribute 23, 3
   7              		.eabi_attribute 24, 1
   8              		.eabi_attribute 25, 1
   9              		.eabi_attribute 26, 1
  10              		.eabi_attribute 30, 1
  11              		.eabi_attribute 34, 0
  12              		.eabi_attribute 18, 4
  13              		.thumb
  14              		.syntax unified
  15              		.file	"cyfitter_cfg.c"
  16              		.text
  17              	.Ltext0:
  18              		.cfi_sections	.debug_frame
  19              		.section	.text.cfg_write_bytes32,"ax",%progbits
  20              		.align	2
  21              		.code	16
  22              		.thumb_func
  23              		.type	cfg_write_bytes32, %function
  24              	cfg_write_bytes32:
  25              	.LFB5:
  26              		.file 1 "Generated_Source\\PSoC4\\cyfitter_cfg.c"
   1:Generated_Source\PSoC4/cyfitter_cfg.c **** 
   2:Generated_Source\PSoC4/cyfitter_cfg.c **** /*******************************************************************************
   3:Generated_Source\PSoC4/cyfitter_cfg.c **** * File Name: cyfitter_cfg.c
   4:Generated_Source\PSoC4/cyfitter_cfg.c **** * 
   5:Generated_Source\PSoC4/cyfitter_cfg.c **** * PSoC Creator  4.2
   6:Generated_Source\PSoC4/cyfitter_cfg.c **** *
   7:Generated_Source\PSoC4/cyfitter_cfg.c **** * Description:
   8:Generated_Source\PSoC4/cyfitter_cfg.c **** * This file contains device initialization code.
   9:Generated_Source\PSoC4/cyfitter_cfg.c **** * Except for the user defined sections in CyClockStartupError(), this file should not be modified.
  10:Generated_Source\PSoC4/cyfitter_cfg.c **** * This file is automatically generated by PSoC Creator.
  11:Generated_Source\PSoC4/cyfitter_cfg.c **** *
  12:Generated_Source\PSoC4/cyfitter_cfg.c **** ********************************************************************************
  13:Generated_Source\PSoC4/cyfitter_cfg.c **** * Copyright (c) 2007-2018 Cypress Semiconductor.  All rights reserved.
  14:Generated_Source\PSoC4/cyfitter_cfg.c **** * You may use this file only in accordance with the license, terms, conditions, 
  15:Generated_Source\PSoC4/cyfitter_cfg.c **** * disclaimers, and limitations in the end user license agreement accompanying 
  16:Generated_Source\PSoC4/cyfitter_cfg.c **** * the software package with which this file was provided.
  17:Generated_Source\PSoC4/cyfitter_cfg.c **** ********************************************************************************/
  18:Generated_Source\PSoC4/cyfitter_cfg.c **** 
  19:Generated_Source\PSoC4/cyfitter_cfg.c **** #include <string.h>
  20:Generated_Source\PSoC4/cyfitter_cfg.c **** #include "cytypes.h"
  21:Generated_Source\PSoC4/cyfitter_cfg.c **** #include "cydevice_trm.h"
  22:Generated_Source\PSoC4/cyfitter_cfg.c **** #include "cyfitter.h"
  23:Generated_Source\PSoC4/cyfitter_cfg.c **** #include "CyLib.h"
  24:Generated_Source\PSoC4/cyfitter_cfg.c **** #include "CyLFClk.h"
  25:Generated_Source\PSoC4/cyfitter_cfg.c **** #include "cyfitter_cfg.h"
  26:Generated_Source\PSoC4/cyfitter_cfg.c **** #include "cyapicallbacks.h"
  27:Generated_Source\PSoC4/cyfitter_cfg.c **** 
  28:Generated_Source\PSoC4/cyfitter_cfg.c **** 
  29:Generated_Source\PSoC4/cyfitter_cfg.c **** #if defined(__GNUC__) || defined(__ARMCC_VERSION)
  30:Generated_Source\PSoC4/cyfitter_cfg.c ****     #define CYPACKED 
  31:Generated_Source\PSoC4/cyfitter_cfg.c ****     #define CYPACKED_ATTR __attribute__ ((packed))
ARM GAS  C:\Users\bryan.lee\AppData\Local\Temp\ccxoJJf5.s 			page 2


  32:Generated_Source\PSoC4/cyfitter_cfg.c ****     #define CYALIGNED __attribute__ ((aligned))
  33:Generated_Source\PSoC4/cyfitter_cfg.c ****     #define CY_CFG_UNUSED __attribute__ ((unused))
  34:Generated_Source\PSoC4/cyfitter_cfg.c ****     #ifndef CY_CFG_SECTION
  35:Generated_Source\PSoC4/cyfitter_cfg.c ****         #define CY_CFG_SECTION __attribute__ ((section(".psocinit")))
  36:Generated_Source\PSoC4/cyfitter_cfg.c ****     #endif
  37:Generated_Source\PSoC4/cyfitter_cfg.c ****     
  38:Generated_Source\PSoC4/cyfitter_cfg.c ****     #if defined(__ARMCC_VERSION)
  39:Generated_Source\PSoC4/cyfitter_cfg.c ****         #define CY_CFG_MEMORY_BARRIER() __memory_changed()
  40:Generated_Source\PSoC4/cyfitter_cfg.c ****     #else
  41:Generated_Source\PSoC4/cyfitter_cfg.c ****         #define CY_CFG_MEMORY_BARRIER() __sync_synchronize()
  42:Generated_Source\PSoC4/cyfitter_cfg.c ****     #endif
  43:Generated_Source\PSoC4/cyfitter_cfg.c ****     
  44:Generated_Source\PSoC4/cyfitter_cfg.c **** #elif defined(__ICCARM__)
  45:Generated_Source\PSoC4/cyfitter_cfg.c ****     #include <intrinsics.h>
  46:Generated_Source\PSoC4/cyfitter_cfg.c **** 
  47:Generated_Source\PSoC4/cyfitter_cfg.c ****     #define CYPACKED __packed
  48:Generated_Source\PSoC4/cyfitter_cfg.c ****     #define CYPACKED_ATTR 
  49:Generated_Source\PSoC4/cyfitter_cfg.c ****     #define CYALIGNED _Pragma("data_alignment=4")
  50:Generated_Source\PSoC4/cyfitter_cfg.c ****     #define CY_CFG_UNUSED _Pragma("diag_suppress=Pe177")
  51:Generated_Source\PSoC4/cyfitter_cfg.c ****     #define CY_CFG_SECTION _Pragma("location=\".psocinit\"")
  52:Generated_Source\PSoC4/cyfitter_cfg.c ****     
  53:Generated_Source\PSoC4/cyfitter_cfg.c ****     #define CY_CFG_MEMORY_BARRIER() __DMB()
  54:Generated_Source\PSoC4/cyfitter_cfg.c ****     
  55:Generated_Source\PSoC4/cyfitter_cfg.c **** #else
  56:Generated_Source\PSoC4/cyfitter_cfg.c ****     #error Unsupported toolchain
  57:Generated_Source\PSoC4/cyfitter_cfg.c **** #endif
  58:Generated_Source\PSoC4/cyfitter_cfg.c **** 
  59:Generated_Source\PSoC4/cyfitter_cfg.c **** #ifndef CYCODE
  60:Generated_Source\PSoC4/cyfitter_cfg.c ****     #define CYCODE
  61:Generated_Source\PSoC4/cyfitter_cfg.c **** #endif
  62:Generated_Source\PSoC4/cyfitter_cfg.c **** #ifndef CYDATA
  63:Generated_Source\PSoC4/cyfitter_cfg.c ****     #define CYDATA
  64:Generated_Source\PSoC4/cyfitter_cfg.c **** #endif
  65:Generated_Source\PSoC4/cyfitter_cfg.c **** #ifndef CYFAR
  66:Generated_Source\PSoC4/cyfitter_cfg.c ****     #define CYFAR
  67:Generated_Source\PSoC4/cyfitter_cfg.c **** #endif
  68:Generated_Source\PSoC4/cyfitter_cfg.c **** #ifndef CYXDATA
  69:Generated_Source\PSoC4/cyfitter_cfg.c ****     #define CYXDATA
  70:Generated_Source\PSoC4/cyfitter_cfg.c **** #endif
  71:Generated_Source\PSoC4/cyfitter_cfg.c **** 
  72:Generated_Source\PSoC4/cyfitter_cfg.c **** 
  73:Generated_Source\PSoC4/cyfitter_cfg.c **** CY_CFG_UNUSED
  74:Generated_Source\PSoC4/cyfitter_cfg.c **** static void CYMEMZERO(void *s, size_t n);
  75:Generated_Source\PSoC4/cyfitter_cfg.c **** CY_CFG_UNUSED
  76:Generated_Source\PSoC4/cyfitter_cfg.c **** static void CYMEMZERO(void *s, size_t n)
  77:Generated_Source\PSoC4/cyfitter_cfg.c **** {
  78:Generated_Source\PSoC4/cyfitter_cfg.c **** 	(void)memset(s, 0, n);
  79:Generated_Source\PSoC4/cyfitter_cfg.c **** }
  80:Generated_Source\PSoC4/cyfitter_cfg.c **** CY_CFG_UNUSED
  81:Generated_Source\PSoC4/cyfitter_cfg.c **** static void CYCONFIGCPY(void *dest, const void *src, size_t n);
  82:Generated_Source\PSoC4/cyfitter_cfg.c **** CY_CFG_UNUSED
  83:Generated_Source\PSoC4/cyfitter_cfg.c **** static void CYCONFIGCPY(void *dest, const void *src, size_t n)
  84:Generated_Source\PSoC4/cyfitter_cfg.c **** {
  85:Generated_Source\PSoC4/cyfitter_cfg.c **** 	(void)memcpy(dest, src, n);
  86:Generated_Source\PSoC4/cyfitter_cfg.c **** }
  87:Generated_Source\PSoC4/cyfitter_cfg.c **** CY_CFG_UNUSED
  88:Generated_Source\PSoC4/cyfitter_cfg.c **** static void CYCONFIGCPYCODE(void *dest, const void *src, size_t n);
ARM GAS  C:\Users\bryan.lee\AppData\Local\Temp\ccxoJJf5.s 			page 3


  89:Generated_Source\PSoC4/cyfitter_cfg.c **** CY_CFG_UNUSED
  90:Generated_Source\PSoC4/cyfitter_cfg.c **** static void CYCONFIGCPYCODE(void *dest, const void *src, size_t n)
  91:Generated_Source\PSoC4/cyfitter_cfg.c **** {
  92:Generated_Source\PSoC4/cyfitter_cfg.c **** 	(void)memcpy(dest, src, n);
  93:Generated_Source\PSoC4/cyfitter_cfg.c **** }
  94:Generated_Source\PSoC4/cyfitter_cfg.c **** 
  95:Generated_Source\PSoC4/cyfitter_cfg.c **** 
  96:Generated_Source\PSoC4/cyfitter_cfg.c **** 
  97:Generated_Source\PSoC4/cyfitter_cfg.c **** 
  98:Generated_Source\PSoC4/cyfitter_cfg.c **** /* Clock startup error codes                                                   */
  99:Generated_Source\PSoC4/cyfitter_cfg.c **** #define CYCLOCKSTART_NO_ERROR    0u
 100:Generated_Source\PSoC4/cyfitter_cfg.c **** #define CYCLOCKSTART_XTAL_ERROR  1u
 101:Generated_Source\PSoC4/cyfitter_cfg.c **** #define CYCLOCKSTART_32KHZ_ERROR 2u
 102:Generated_Source\PSoC4/cyfitter_cfg.c **** #define CYCLOCKSTART_PLL_ERROR   3u
 103:Generated_Source\PSoC4/cyfitter_cfg.c **** #define CYCLOCKSTART_FLL_ERROR   4u
 104:Generated_Source\PSoC4/cyfitter_cfg.c **** #define CYCLOCKSTART_WCO_ERROR   5u
 105:Generated_Source\PSoC4/cyfitter_cfg.c **** 
 106:Generated_Source\PSoC4/cyfitter_cfg.c **** 
 107:Generated_Source\PSoC4/cyfitter_cfg.c **** #ifdef CY_NEED_CYCLOCKSTARTUPERROR
 108:Generated_Source\PSoC4/cyfitter_cfg.c **** /*******************************************************************************
 109:Generated_Source\PSoC4/cyfitter_cfg.c **** * Function Name: CyClockStartupError
 110:Generated_Source\PSoC4/cyfitter_cfg.c **** ********************************************************************************
 111:Generated_Source\PSoC4/cyfitter_cfg.c **** * Summary:
 112:Generated_Source\PSoC4/cyfitter_cfg.c **** *  If an error is encountered during clock configuration (crystal startup error,
 113:Generated_Source\PSoC4/cyfitter_cfg.c **** *  PLL lock error, etc.), the system will end up here.  Unless reimplemented by
 114:Generated_Source\PSoC4/cyfitter_cfg.c **** *  the customer, this function will stop in an infinite loop.
 115:Generated_Source\PSoC4/cyfitter_cfg.c **** *
 116:Generated_Source\PSoC4/cyfitter_cfg.c **** * Parameters:
 117:Generated_Source\PSoC4/cyfitter_cfg.c **** *   void
 118:Generated_Source\PSoC4/cyfitter_cfg.c **** *
 119:Generated_Source\PSoC4/cyfitter_cfg.c **** * Return:
 120:Generated_Source\PSoC4/cyfitter_cfg.c **** *   void
 121:Generated_Source\PSoC4/cyfitter_cfg.c **** *
 122:Generated_Source\PSoC4/cyfitter_cfg.c **** *******************************************************************************/
 123:Generated_Source\PSoC4/cyfitter_cfg.c **** CY_CFG_UNUSED
 124:Generated_Source\PSoC4/cyfitter_cfg.c **** static void CyClockStartupError(uint8 errorCode);
 125:Generated_Source\PSoC4/cyfitter_cfg.c **** CY_CFG_UNUSED
 126:Generated_Source\PSoC4/cyfitter_cfg.c **** static void CyClockStartupError(uint8 errorCode)
 127:Generated_Source\PSoC4/cyfitter_cfg.c **** {
 128:Generated_Source\PSoC4/cyfitter_cfg.c ****     /* To remove the compiler warning if errorCode not used.                */
 129:Generated_Source\PSoC4/cyfitter_cfg.c ****     errorCode = errorCode;
 130:Generated_Source\PSoC4/cyfitter_cfg.c **** 
 131:Generated_Source\PSoC4/cyfitter_cfg.c ****     /* If we have a clock startup error (bad MHz crystal, PLL lock, etc.),  */
 132:Generated_Source\PSoC4/cyfitter_cfg.c ****     /* we will end up here to allow the customer to implement something to  */
 133:Generated_Source\PSoC4/cyfitter_cfg.c ****     /* deal with the clock condition.                                       */
 134:Generated_Source\PSoC4/cyfitter_cfg.c **** 
 135:Generated_Source\PSoC4/cyfitter_cfg.c **** #ifdef CY_CFG_CLOCK_STARTUP_ERROR_CALLBACK
 136:Generated_Source\PSoC4/cyfitter_cfg.c ****     CY_CFG_Clock_Startup_ErrorCallback();
 137:Generated_Source\PSoC4/cyfitter_cfg.c **** #else
 138:Generated_Source\PSoC4/cyfitter_cfg.c ****     /*  If not using CY_CFG_CLOCK_STARTUP_ERROR_CALLBACK, place your clock startup code here. */
 139:Generated_Source\PSoC4/cyfitter_cfg.c ****     /* `#START CyClockStartupError` */
 140:Generated_Source\PSoC4/cyfitter_cfg.c **** 
 141:Generated_Source\PSoC4/cyfitter_cfg.c **** 
 142:Generated_Source\PSoC4/cyfitter_cfg.c **** 
 143:Generated_Source\PSoC4/cyfitter_cfg.c ****     /* `#END` */
 144:Generated_Source\PSoC4/cyfitter_cfg.c **** 
 145:Generated_Source\PSoC4/cyfitter_cfg.c ****     while(1) {}
ARM GAS  C:\Users\bryan.lee\AppData\Local\Temp\ccxoJJf5.s 			page 4


 146:Generated_Source\PSoC4/cyfitter_cfg.c **** #endif /* CY_CFG_CLOCK_STARTUP_ERROR_CALLBACK */
 147:Generated_Source\PSoC4/cyfitter_cfg.c **** }
 148:Generated_Source\PSoC4/cyfitter_cfg.c **** #endif
 149:Generated_Source\PSoC4/cyfitter_cfg.c **** 
 150:Generated_Source\PSoC4/cyfitter_cfg.c **** #define CY_CFG_BASE_ADDR_COUNT 1u
 151:Generated_Source\PSoC4/cyfitter_cfg.c **** CYPACKED typedef struct
 152:Generated_Source\PSoC4/cyfitter_cfg.c **** {
 153:Generated_Source\PSoC4/cyfitter_cfg.c **** 	uint8 offset;
 154:Generated_Source\PSoC4/cyfitter_cfg.c **** 	uint8 value;
 155:Generated_Source\PSoC4/cyfitter_cfg.c **** } CYPACKED_ATTR cy_cfg_addrvalue_t;
 156:Generated_Source\PSoC4/cyfitter_cfg.c **** 
 157:Generated_Source\PSoC4/cyfitter_cfg.c **** 
 158:Generated_Source\PSoC4/cyfitter_cfg.c **** 
 159:Generated_Source\PSoC4/cyfitter_cfg.c **** /*******************************************************************************
 160:Generated_Source\PSoC4/cyfitter_cfg.c **** * Function Name: cfg_write_bytes32
 161:Generated_Source\PSoC4/cyfitter_cfg.c **** ********************************************************************************
 162:Generated_Source\PSoC4/cyfitter_cfg.c **** * Summary:
 163:Generated_Source\PSoC4/cyfitter_cfg.c **** *  This function is used for setting up the chip configuration areas that
 164:Generated_Source\PSoC4/cyfitter_cfg.c **** *  contain relatively sparse data.
 165:Generated_Source\PSoC4/cyfitter_cfg.c **** *
 166:Generated_Source\PSoC4/cyfitter_cfg.c **** * Parameters:
 167:Generated_Source\PSoC4/cyfitter_cfg.c **** *   void
 168:Generated_Source\PSoC4/cyfitter_cfg.c **** *
 169:Generated_Source\PSoC4/cyfitter_cfg.c **** * Return:
 170:Generated_Source\PSoC4/cyfitter_cfg.c **** *   void
 171:Generated_Source\PSoC4/cyfitter_cfg.c **** *
 172:Generated_Source\PSoC4/cyfitter_cfg.c **** *******************************************************************************/
 173:Generated_Source\PSoC4/cyfitter_cfg.c **** static void cfg_write_bytes32(const uint32 addr_table[], const cy_cfg_addrvalue_t data_table[]);
 174:Generated_Source\PSoC4/cyfitter_cfg.c **** static void cfg_write_bytes32(const uint32 addr_table[], const cy_cfg_addrvalue_t data_table[])
 175:Generated_Source\PSoC4/cyfitter_cfg.c **** {
  27              		.loc 1 175 0
  28              		.cfi_startproc
  29              		@ args = 0, pretend = 0, frame = 0
  30              		@ frame_needed = 0, uses_anonymous_args = 0
  31              	.LVL0:
  32 0000 F0B5     		push	{r4, r5, r6, r7, lr}
  33              		.cfi_def_cfa_offset 20
  34              		.cfi_offset 4, -20
  35              		.cfi_offset 5, -16
  36              		.cfi_offset 6, -12
  37              		.cfi_offset 7, -8
  38              		.cfi_offset 14, -4
  39              	.LVL1:
 176:Generated_Source\PSoC4/cyfitter_cfg.c **** 	/* For 32-bit little-endian architectures */
 177:Generated_Source\PSoC4/cyfitter_cfg.c **** 	uint32 i, j = 0u;
  40              		.loc 1 177 0
  41 0002 0025     		movs	r5, #0
 178:Generated_Source\PSoC4/cyfitter_cfg.c **** 	for (i = 0u; i < CY_CFG_BASE_ADDR_COUNT; i++)
  42              		.loc 1 178 0
  43 0004 0027     		movs	r7, #0
  44 0006 11E0     		b	.L2
  45              	.LVL2:
  46              	.L5:
  47              	.LBB2:
 179:Generated_Source\PSoC4/cyfitter_cfg.c **** 	{
 180:Generated_Source\PSoC4/cyfitter_cfg.c **** 		uint32 baseAddr = addr_table[i];
  48              		.loc 1 180 0
ARM GAS  C:\Users\bryan.lee\AppData\Local\Temp\ccxoJJf5.s 			page 5


  49 0008 BB00     		lsls	r3, r7, #2
  50 000a C658     		ldr	r6, [r0, r3]
  51              	.LVL3:
 181:Generated_Source\PSoC4/cyfitter_cfg.c **** 		uint8 count = (uint8)baseAddr;
  52              		.loc 1 181 0
  53 000c F3B2     		uxtb	r3, r6
  54              	.LVL4:
 182:Generated_Source\PSoC4/cyfitter_cfg.c **** 		baseAddr &= 0xFFFFFF00u;
  55              		.loc 1 182 0
  56 000e FF22     		movs	r2, #255
  57 0010 9643     		bics	r6, r2
  58              	.LVL5:
 183:Generated_Source\PSoC4/cyfitter_cfg.c **** 		while (count != 0u)
  59              		.loc 1 183 0
  60 0012 08E0     		b	.L3
  61              	.L4:
 184:Generated_Source\PSoC4/cyfitter_cfg.c **** 		{
 185:Generated_Source\PSoC4/cyfitter_cfg.c **** 			CY_SET_REG8((void *)(baseAddr + data_table[j].offset), data_table[j].value);
  62              		.loc 1 185 0
  63 0014 6A00     		lsls	r2, r5, #1
  64 0016 8A18     		adds	r2, r1, r2
  65 0018 1478     		ldrb	r4, [r2]
  66 001a A419     		adds	r4, r4, r6
  67 001c 5278     		ldrb	r2, [r2, #1]
  68 001e 2270     		strb	r2, [r4]
 186:Generated_Source\PSoC4/cyfitter_cfg.c **** 			j++;
  69              		.loc 1 186 0
  70 0020 0135     		adds	r5, r5, #1
  71              	.LVL6:
 187:Generated_Source\PSoC4/cyfitter_cfg.c **** 			count--;
  72              		.loc 1 187 0
  73 0022 013B     		subs	r3, r3, #1
  74              	.LVL7:
  75 0024 DBB2     		uxtb	r3, r3
  76              	.LVL8:
  77              	.L3:
 183:Generated_Source\PSoC4/cyfitter_cfg.c **** 		{
  78              		.loc 1 183 0
  79 0026 002B     		cmp	r3, #0
  80 0028 F4D1     		bne	.L4
  81              	.LBE2:
 178:Generated_Source\PSoC4/cyfitter_cfg.c **** 	{
  82              		.loc 1 178 0 discriminator 2
  83 002a 0137     		adds	r7, r7, #1
  84              	.LVL9:
  85              	.L2:
 178:Generated_Source\PSoC4/cyfitter_cfg.c **** 	{
  86              		.loc 1 178 0 is_stmt 0 discriminator 1
  87 002c 002F     		cmp	r7, #0
  88 002e EBD0     		beq	.L5
 188:Generated_Source\PSoC4/cyfitter_cfg.c **** 		}
 189:Generated_Source\PSoC4/cyfitter_cfg.c **** 	}
 190:Generated_Source\PSoC4/cyfitter_cfg.c **** }
  89              		.loc 1 190 0 is_stmt 1
  90              		@ sp needed
  91              	.LVL10:
  92              	.LVL11:
ARM GAS  C:\Users\bryan.lee\AppData\Local\Temp\ccxoJJf5.s 			page 6


  93 0030 F0BD     		pop	{r4, r5, r6, r7, pc}
  94              		.cfi_endproc
  95              	.LFE5:
  96              		.size	cfg_write_bytes32, .-cfg_write_bytes32
  97 0032 C046     		.section	.text.AnalogSetDefault,"ax",%progbits
  98              		.align	2
  99              		.code	16
 100              		.thumb_func
 101              		.type	AnalogSetDefault, %function
 102              	AnalogSetDefault:
 103              	.LFB7:
 191:Generated_Source\PSoC4/cyfitter_cfg.c **** 
 192:Generated_Source\PSoC4/cyfitter_cfg.c **** 
 193:Generated_Source\PSoC4/cyfitter_cfg.c **** /*******************************************************************************
 194:Generated_Source\PSoC4/cyfitter_cfg.c **** * Function Name: ClockSetup
 195:Generated_Source\PSoC4/cyfitter_cfg.c **** ********************************************************************************
 196:Generated_Source\PSoC4/cyfitter_cfg.c **** *
 197:Generated_Source\PSoC4/cyfitter_cfg.c **** * Summary:
 198:Generated_Source\PSoC4/cyfitter_cfg.c **** *   Performs the initialization of all of the clocks in the device based on the
 199:Generated_Source\PSoC4/cyfitter_cfg.c **** *   settings in the Clock tab of the DWR.  This includes enabling the requested
 200:Generated_Source\PSoC4/cyfitter_cfg.c **** *   clocks and setting the necessary dividers to produce the desired frequency. 
 201:Generated_Source\PSoC4/cyfitter_cfg.c **** *
 202:Generated_Source\PSoC4/cyfitter_cfg.c **** * Parameters:
 203:Generated_Source\PSoC4/cyfitter_cfg.c **** *   void
 204:Generated_Source\PSoC4/cyfitter_cfg.c **** *
 205:Generated_Source\PSoC4/cyfitter_cfg.c **** * Return:
 206:Generated_Source\PSoC4/cyfitter_cfg.c **** *   void
 207:Generated_Source\PSoC4/cyfitter_cfg.c **** *
 208:Generated_Source\PSoC4/cyfitter_cfg.c **** *******************************************************************************/
 209:Generated_Source\PSoC4/cyfitter_cfg.c **** static void ClockSetup(void);
 210:Generated_Source\PSoC4/cyfitter_cfg.c **** CY_CFG_SECTION
 211:Generated_Source\PSoC4/cyfitter_cfg.c **** static void ClockSetup(void)
 212:Generated_Source\PSoC4/cyfitter_cfg.c **** {
 213:Generated_Source\PSoC4/cyfitter_cfg.c **** 
 214:Generated_Source\PSoC4/cyfitter_cfg.c **** 	/* Set Flash Cycles based on max possible frequency in case a glitch occurs during ClockSetup(). *
 215:Generated_Source\PSoC4/cyfitter_cfg.c **** 	CY_SET_REG32((void CYXDATA *)(CYREG_CPUSS_FLASH_CTL), (0x0012u));
 216:Generated_Source\PSoC4/cyfitter_cfg.c **** 
 217:Generated_Source\PSoC4/cyfitter_cfg.c **** 	/* Start the WCO */
 218:Generated_Source\PSoC4/cyfitter_cfg.c **** 	CySysClkWcoStart();
 219:Generated_Source\PSoC4/cyfitter_cfg.c **** 	CyDelayCycles(12000000u); /* WCO may take up to 500ms to start */
 220:Generated_Source\PSoC4/cyfitter_cfg.c **** 	(void)CySysClkWcoSetPowerMode(CY_SYS_CLK_WCO_LPM);    /* Switch to the low power mode */
 221:Generated_Source\PSoC4/cyfitter_cfg.c **** 
 222:Generated_Source\PSoC4/cyfitter_cfg.c **** 	/* Setup and trim IMO based on desired frequency. */
 223:Generated_Source\PSoC4/cyfitter_cfg.c **** 	CySysClkWriteImoFreq(48u);
 224:Generated_Source\PSoC4/cyfitter_cfg.c **** 	/* CYDEV_CLK_ILO_CONFIG Starting address: CYDEV_CLK_ILO_CONFIG */
 225:Generated_Source\PSoC4/cyfitter_cfg.c **** 	CY_SET_REG32((void *)(CYREG_CLK_ILO_CONFIG), 0x80000006u);
 226:Generated_Source\PSoC4/cyfitter_cfg.c **** 
 227:Generated_Source\PSoC4/cyfitter_cfg.c **** 	/* CYDEV_WDT_CONFIG Starting address: CYDEV_WDT_CONFIG */
 228:Generated_Source\PSoC4/cyfitter_cfg.c **** 	CY_SET_REG32((void *)(CYREG_WDT_CONFIG), 0x40000000u);
 229:Generated_Source\PSoC4/cyfitter_cfg.c **** 
 230:Generated_Source\PSoC4/cyfitter_cfg.c **** 
 231:Generated_Source\PSoC4/cyfitter_cfg.c **** 	/* Enable fast start mode for XO */
 232:Generated_Source\PSoC4/cyfitter_cfg.c **** 	CY_SET_REG32((void*)CYREG_BLE_BLERD_BB_XO, CY_GET_REG32((void*)CYREG_BLE_BLERD_BB_XO) | (uint32)0x
 233:Generated_Source\PSoC4/cyfitter_cfg.c **** 	CY_SET_REG32((void *)(CYREG_BLE_BLERD_BB_XO_CAPTRIM), 0x00003E2Du);
 234:Generated_Source\PSoC4/cyfitter_cfg.c **** 	/*Set XTAL(ECO) divider*/
 235:Generated_Source\PSoC4/cyfitter_cfg.c **** 	CY_SET_REG32((void *)(CYREG_BLE_BLESS_XTAL_CLK_DIV_CONFIG), 0x00000000u);
 236:Generated_Source\PSoC4/cyfitter_cfg.c **** 	/* Disable Crystal Stable Interrupt before enabling ECO */
ARM GAS  C:\Users\bryan.lee\AppData\Local\Temp\ccxoJJf5.s 			page 7


 237:Generated_Source\PSoC4/cyfitter_cfg.c **** 	CY_SET_REG32((void*)CYREG_BLE_BLESS_LL_DSM_CTRL, CY_GET_REG32((void*)CYREG_BLE_BLESS_LL_DSM_CTRL) 
 238:Generated_Source\PSoC4/cyfitter_cfg.c **** 	/* Start the ECO and do not check status since it is not needed for HFCLK */
 239:Generated_Source\PSoC4/cyfitter_cfg.c **** 	(void)CySysClkEcoStart(2000u);
 240:Generated_Source\PSoC4/cyfitter_cfg.c **** 	CyDelayUs(1500u); /* Wait to stabilize */
 241:Generated_Source\PSoC4/cyfitter_cfg.c **** 
 242:Generated_Source\PSoC4/cyfitter_cfg.c **** 	/* Setup phase aligned clocks */
 243:Generated_Source\PSoC4/cyfitter_cfg.c **** 	CY_SET_REG32((void *)CYREG_PERI_DIV_16_CTL1, 0x00BB7F00u);
 244:Generated_Source\PSoC4/cyfitter_cfg.c **** 	CY_SET_REG32((void *)CYREG_PERI_DIV_CMD, 0x8000FF41u);
 245:Generated_Source\PSoC4/cyfitter_cfg.c **** 	CY_SET_REG32((void *)CYREG_PERI_DIV_16_CTL0, 0x000F9F00u);
 246:Generated_Source\PSoC4/cyfitter_cfg.c **** 	CY_SET_REG32((void *)CYREG_PERI_DIV_CMD, 0x8000FF40u);
 247:Generated_Source\PSoC4/cyfitter_cfg.c **** 
 248:Generated_Source\PSoC4/cyfitter_cfg.c **** 	/* CYDEV_CLK_IMO_CONFIG Starting address: CYDEV_CLK_IMO_CONFIG */
 249:Generated_Source\PSoC4/cyfitter_cfg.c **** 	CY_SET_REG32((void *)(CYREG_CLK_IMO_CONFIG), 0x80000000u);
 250:Generated_Source\PSoC4/cyfitter_cfg.c **** 
 251:Generated_Source\PSoC4/cyfitter_cfg.c **** 	/* CYDEV_CLK_SELECT Starting address: CYDEV_CLK_SELECT */
 252:Generated_Source\PSoC4/cyfitter_cfg.c **** 	CY_SET_REG32((void *)(CYREG_CLK_SELECT), 0x00040000u);
 253:Generated_Source\PSoC4/cyfitter_cfg.c **** 
 254:Generated_Source\PSoC4/cyfitter_cfg.c **** 	/* CYDEV_PERI_PCLK_CTL8 Starting address: CYDEV_PERI_PCLK_CTL8 */
 255:Generated_Source\PSoC4/cyfitter_cfg.c **** 	CY_SET_REG32((void *)(CYREG_PERI_PCLK_CTL8), 0x00000041u);
 256:Generated_Source\PSoC4/cyfitter_cfg.c **** 
 257:Generated_Source\PSoC4/cyfitter_cfg.c **** 	/* CYDEV_PERI_PCLK_CTL7 Starting address: CYDEV_PERI_PCLK_CTL7 */
 258:Generated_Source\PSoC4/cyfitter_cfg.c **** 	CY_SET_REG32((void *)(CYREG_PERI_PCLK_CTL7), 0x00000040u);
 259:Generated_Source\PSoC4/cyfitter_cfg.c **** 
 260:Generated_Source\PSoC4/cyfitter_cfg.c **** 	(void)CyIntSetVector(8u, &CySysWdtIsr);
 261:Generated_Source\PSoC4/cyfitter_cfg.c **** 	CyIntEnable(8u);
 262:Generated_Source\PSoC4/cyfitter_cfg.c **** 	CY_SET_REG32((void *)(CYREG_WDT_CONFIG), 0x40000000u);
 263:Generated_Source\PSoC4/cyfitter_cfg.c **** }
 264:Generated_Source\PSoC4/cyfitter_cfg.c **** 
 265:Generated_Source\PSoC4/cyfitter_cfg.c **** 
 266:Generated_Source\PSoC4/cyfitter_cfg.c **** /* Analog API Functions */
 267:Generated_Source\PSoC4/cyfitter_cfg.c **** 
 268:Generated_Source\PSoC4/cyfitter_cfg.c **** 
 269:Generated_Source\PSoC4/cyfitter_cfg.c **** /*******************************************************************************
 270:Generated_Source\PSoC4/cyfitter_cfg.c **** * Function Name: AnalogSetDefault
 271:Generated_Source\PSoC4/cyfitter_cfg.c **** ********************************************************************************
 272:Generated_Source\PSoC4/cyfitter_cfg.c **** *
 273:Generated_Source\PSoC4/cyfitter_cfg.c **** * Summary:
 274:Generated_Source\PSoC4/cyfitter_cfg.c **** *  Sets up the analog portions of the chip to default values based on chip
 275:Generated_Source\PSoC4/cyfitter_cfg.c **** *  configuration options from the project.
 276:Generated_Source\PSoC4/cyfitter_cfg.c **** *
 277:Generated_Source\PSoC4/cyfitter_cfg.c **** * Parameters:
 278:Generated_Source\PSoC4/cyfitter_cfg.c **** *  void
 279:Generated_Source\PSoC4/cyfitter_cfg.c **** *
 280:Generated_Source\PSoC4/cyfitter_cfg.c **** * Return:
 281:Generated_Source\PSoC4/cyfitter_cfg.c **** *  void
 282:Generated_Source\PSoC4/cyfitter_cfg.c **** *
 283:Generated_Source\PSoC4/cyfitter_cfg.c **** *******************************************************************************/
 284:Generated_Source\PSoC4/cyfitter_cfg.c **** static void AnalogSetDefault(void);
 285:Generated_Source\PSoC4/cyfitter_cfg.c **** static void AnalogSetDefault(void)
 286:Generated_Source\PSoC4/cyfitter_cfg.c **** {
 104              		.loc 1 286 0
 105              		.cfi_startproc
 106              		@ args = 0, pretend = 0, frame = 0
 107              		@ frame_needed = 0, uses_anonymous_args = 0
 108              		@ link register save eliminated.
 287:Generated_Source\PSoC4/cyfitter_cfg.c **** 	CY_SET_XTND_REG32((void CYFAR *)CYREG_CTBM0_DFT_CTRL, 0x00000003u);
 109              		.loc 1 287 0
ARM GAS  C:\Users\bryan.lee\AppData\Local\Temp\ccxoJJf5.s 			page 8


 110 0000 0323     		movs	r3, #3
 111 0002 044A     		ldr	r2, .L7
 112 0004 1360     		str	r3, [r2]
 288:Generated_Source\PSoC4/cyfitter_cfg.c **** 	CY_SET_XTND_REG32((void CYFAR *)CYREG_CTBM1_DFT_CTRL, 0x00000003u);
 113              		.loc 1 288 0
 114 0006 044A     		ldr	r2, .L7+4
 115 0008 1360     		str	r3, [r2]
 289:Generated_Source\PSoC4/cyfitter_cfg.c **** 	CY_SET_XTND_REG32((void CYFAR *)CYREG_PASS_DSAB_DSAB_CTRL, 0x00000000u);
 116              		.loc 1 289 0
 117 000a 0022     		movs	r2, #0
 118 000c 034B     		ldr	r3, .L7+8
 119 000e 1A60     		str	r2, [r3]
 290:Generated_Source\PSoC4/cyfitter_cfg.c **** }
 120              		.loc 1 290 0
 121              		@ sp needed
 122 0010 7047     		bx	lr
 123              	.L8:
 124 0012 C046     		.align	2
 125              	.L7:
 126 0014 30003040 		.word	1076887600
 127 0018 30003140 		.word	1076953136
 128 001c 000E3F40 		.word	1077874176
 129              		.cfi_endproc
 130              	.LFE7:
 131              		.size	AnalogSetDefault, .-AnalogSetDefault
 132              		.section	.text.CYMEMZERO,"ax",%progbits
 133              		.align	2
 134              		.code	16
 135              		.thumb_func
 136              		.type	CYMEMZERO, %function
 137              	CYMEMZERO:
 138              	.LFB2:
  77:Generated_Source\PSoC4/cyfitter_cfg.c **** 	(void)memset(s, 0, n);
 139              		.loc 1 77 0
 140              		.cfi_startproc
 141              		@ args = 0, pretend = 0, frame = 0
 142              		@ frame_needed = 0, uses_anonymous_args = 0
 143              	.LVL12:
 144 0000 10B5     		push	{r4, lr}
 145              		.cfi_def_cfa_offset 8
 146              		.cfi_offset 4, -8
 147              		.cfi_offset 14, -4
 148 0002 0A00     		movs	r2, r1
  78:Generated_Source\PSoC4/cyfitter_cfg.c **** }
 149              		.loc 1 78 0
 150 0004 0021     		movs	r1, #0
 151              	.LVL13:
 152 0006 FFF7FEFF 		bl	memset
 153              	.LVL14:
  79:Generated_Source\PSoC4/cyfitter_cfg.c **** CY_CFG_UNUSED
 154              		.loc 1 79 0
 155              		@ sp needed
 156 000a 10BD     		pop	{r4, pc}
 157              		.cfi_endproc
 158              	.LFE2:
 159              		.size	CYMEMZERO, .-CYMEMZERO
 160              		.section	.psocinit,"ax",%progbits
ARM GAS  C:\Users\bryan.lee\AppData\Local\Temp\ccxoJJf5.s 			page 9


 161              		.align	2
 162              		.code	16
 163              		.thumb_func
 164              		.type	ClockSetup, %function
 165              	ClockSetup:
 166              	.LFB6:
 212:Generated_Source\PSoC4/cyfitter_cfg.c **** 
 167              		.loc 1 212 0
 168              		.cfi_startproc
 169              		@ args = 0, pretend = 0, frame = 0
 170              		@ frame_needed = 0, uses_anonymous_args = 0
 171 0000 70B5     		push	{r4, r5, r6, lr}
 172              		.cfi_def_cfa_offset 16
 173              		.cfi_offset 4, -16
 174              		.cfi_offset 5, -12
 175              		.cfi_offset 6, -8
 176              		.cfi_offset 14, -4
 215:Generated_Source\PSoC4/cyfitter_cfg.c **** 
 177              		.loc 1 215 0
 178 0002 1222     		movs	r2, #18
 179 0004 264B     		ldr	r3, .L11
 180 0006 1A60     		str	r2, [r3]
 218:Generated_Source\PSoC4/cyfitter_cfg.c **** 	CyDelayCycles(12000000u); /* WCO may take up to 500ms to start */
 181              		.loc 1 218 0
 182 0008 FFF7FEFF 		bl	CySysClkWcoStart
 183              	.LVL15:
 219:Generated_Source\PSoC4/cyfitter_cfg.c **** 	(void)CySysClkWcoSetPowerMode(CY_SYS_CLK_WCO_LPM);    /* Switch to the low power mode */
 184              		.loc 1 219 0
 185 000c 2548     		ldr	r0, .L11+4
 186 000e FFF7FEFF 		bl	CyDelayCycles
 187              	.LVL16:
 220:Generated_Source\PSoC4/cyfitter_cfg.c **** 
 188              		.loc 1 220 0
 189 0012 0120     		movs	r0, #1
 190 0014 FFF7FEFF 		bl	CySysClkWcoSetPowerMode
 191              	.LVL17:
 223:Generated_Source\PSoC4/cyfitter_cfg.c **** 	/* CYDEV_CLK_ILO_CONFIG Starting address: CYDEV_CLK_ILO_CONFIG */
 192              		.loc 1 223 0
 193 0018 3020     		movs	r0, #48
 194 001a FFF7FEFF 		bl	CySysClkWriteImoFreq
 195              	.LVL18:
 225:Generated_Source\PSoC4/cyfitter_cfg.c **** 
 196              		.loc 1 225 0
 197 001e 224A     		ldr	r2, .L11+8
 198 0020 224B     		ldr	r3, .L11+12
 199 0022 1A60     		str	r2, [r3]
 228:Generated_Source\PSoC4/cyfitter_cfg.c **** 
 200              		.loc 1 228 0
 201 0024 224C     		ldr	r4, .L11+16
 202 0026 8025     		movs	r5, #128
 203 0028 ED05     		lsls	r5, r5, #23
 204 002a 2560     		str	r5, [r4]
 232:Generated_Source\PSoC4/cyfitter_cfg.c **** 	CY_SET_REG32((void *)(CYREG_BLE_BLERD_BB_XO_CAPTRIM), 0x00003E2Du);
 205              		.loc 1 232 0
 206 002c 214A     		ldr	r2, .L11+20
 207 002e 1168     		ldr	r1, [r2]
 208 0030 0223     		movs	r3, #2
ARM GAS  C:\Users\bryan.lee\AppData\Local\Temp\ccxoJJf5.s 			page 10


 209 0032 0B43     		orrs	r3, r1
 210 0034 1360     		str	r3, [r2]
 233:Generated_Source\PSoC4/cyfitter_cfg.c **** 	/*Set XTAL(ECO) divider*/
 211              		.loc 1 233 0
 212 0036 204A     		ldr	r2, .L11+24
 213 0038 204B     		ldr	r3, .L11+28
 214 003a 1A60     		str	r2, [r3]
 235:Generated_Source\PSoC4/cyfitter_cfg.c **** 	/* Disable Crystal Stable Interrupt before enabling ECO */
 215              		.loc 1 235 0
 216 003c 0022     		movs	r2, #0
 217 003e 204B     		ldr	r3, .L11+32
 218 0040 1A60     		str	r2, [r3]
 237:Generated_Source\PSoC4/cyfitter_cfg.c **** 	/* Start the ECO and do not check status since it is not needed for HFCLK */
 219              		.loc 1 237 0
 220 0042 204A     		ldr	r2, .L11+36
 221 0044 1368     		ldr	r3, [r2]
 222 0046 0821     		movs	r1, #8
 223 0048 8B43     		bics	r3, r1
 224 004a 1360     		str	r3, [r2]
 239:Generated_Source\PSoC4/cyfitter_cfg.c **** 	CyDelayUs(1500u); /* Wait to stabilize */
 225              		.loc 1 239 0
 226 004c FA20     		movs	r0, #250
 227 004e C000     		lsls	r0, r0, #3
 228 0050 FFF7FEFF 		bl	CySysClkEcoStart
 229              	.LVL19:
 240:Generated_Source\PSoC4/cyfitter_cfg.c **** 
 230              		.loc 1 240 0
 231 0054 1C48     		ldr	r0, .L11+40
 232 0056 FFF7FEFF 		bl	CyDelayUs
 233              	.LVL20:
 243:Generated_Source\PSoC4/cyfitter_cfg.c **** 	CY_SET_REG32((void *)CYREG_PERI_DIV_CMD, 0x8000FF41u);
 234              		.loc 1 243 0
 235 005a 1C4A     		ldr	r2, .L11+44
 236 005c 1C4B     		ldr	r3, .L11+48
 237 005e 1A60     		str	r2, [r3]
 244:Generated_Source\PSoC4/cyfitter_cfg.c **** 	CY_SET_REG32((void *)CYREG_PERI_DIV_16_CTL0, 0x000F9F00u);
 238              		.loc 1 244 0
 239 0060 1C4B     		ldr	r3, .L11+52
 240 0062 1D4A     		ldr	r2, .L11+56
 241 0064 1A60     		str	r2, [r3]
 245:Generated_Source\PSoC4/cyfitter_cfg.c **** 	CY_SET_REG32((void *)CYREG_PERI_DIV_CMD, 0x8000FF40u);
 242              		.loc 1 245 0
 243 0066 1D49     		ldr	r1, .L11+60
 244 0068 1D4A     		ldr	r2, .L11+64
 245 006a 1160     		str	r1, [r2]
 246:Generated_Source\PSoC4/cyfitter_cfg.c **** 
 246              		.loc 1 246 0
 247 006c 1D4A     		ldr	r2, .L11+68
 248 006e 1A60     		str	r2, [r3]
 249:Generated_Source\PSoC4/cyfitter_cfg.c **** 
 249              		.loc 1 249 0
 250 0070 8022     		movs	r2, #128
 251 0072 1206     		lsls	r2, r2, #24
 252 0074 1C4B     		ldr	r3, .L11+72
 253 0076 1A60     		str	r2, [r3]
 252:Generated_Source\PSoC4/cyfitter_cfg.c **** 
 254              		.loc 1 252 0
ARM GAS  C:\Users\bryan.lee\AppData\Local\Temp\ccxoJJf5.s 			page 11


 255 0078 8022     		movs	r2, #128
 256 007a D202     		lsls	r2, r2, #11
 257 007c 1B4B     		ldr	r3, .L11+76
 258 007e 1A60     		str	r2, [r3]
 255:Generated_Source\PSoC4/cyfitter_cfg.c **** 
 259              		.loc 1 255 0
 260 0080 4122     		movs	r2, #65
 261 0082 1B4B     		ldr	r3, .L11+80
 262 0084 1A60     		str	r2, [r3]
 258:Generated_Source\PSoC4/cyfitter_cfg.c **** 
 263              		.loc 1 258 0
 264 0086 013A     		subs	r2, r2, #1
 265 0088 1A4B     		ldr	r3, .L11+84
 266 008a 1A60     		str	r2, [r3]
 260:Generated_Source\PSoC4/cyfitter_cfg.c **** 	CyIntEnable(8u);
 267              		.loc 1 260 0
 268 008c 1A49     		ldr	r1, .L11+88
 269 008e 0820     		movs	r0, #8
 270 0090 FFF7FEFF 		bl	CyIntSetVector
 271              	.LVL21:
 261:Generated_Source\PSoC4/cyfitter_cfg.c **** 	CY_SET_REG32((void *)(CYREG_WDT_CONFIG), 0x40000000u);
 272              		.loc 1 261 0
 273 0094 0820     		movs	r0, #8
 274 0096 FFF7FEFF 		bl	CyIntEnable
 275              	.LVL22:
 262:Generated_Source\PSoC4/cyfitter_cfg.c **** }
 276              		.loc 1 262 0
 277 009a 2560     		str	r5, [r4]
 263:Generated_Source\PSoC4/cyfitter_cfg.c **** 
 278              		.loc 1 263 0
 279              		@ sp needed
 280 009c 70BD     		pop	{r4, r5, r6, pc}
 281              	.L12:
 282 009e C046     		.align	2
 283              	.L11:
 284 00a0 30001040 		.word	1074790448
 285 00a4 001BB700 		.word	12000000
 286 00a8 06000080 		.word	-2147483642
 287 00ac 04010B40 		.word	1074462980
 288 00b0 0C020B40 		.word	1074463244
 289 00b4 78002E40 		.word	1076756600
 290 00b8 2D3E0000 		.word	15917
 291 00bc 7C002E40 		.word	1076756604
 292 00c0 64F02E40 		.word	1076818020
 293 00c4 6CF02E40 		.word	1076818028
 294 00c8 DC050000 		.word	1500
 295 00cc 007FBB00 		.word	12287744
 296 00d0 04030140 		.word	1073808132
 297 00d4 00000140 		.word	1073807360
 298 00d8 41FF0080 		.word	-2147418303
 299 00dc 009F0F00 		.word	1023744
 300 00e0 00030140 		.word	1073808128
 301 00e4 40FF0080 		.word	-2147418304
 302 00e8 08010B40 		.word	1074462984
 303 00ec 00010B40 		.word	1074462976
 304 00f0 20010140 		.word	1073807648
 305 00f4 1C010140 		.word	1073807644
ARM GAS  C:\Users\bryan.lee\AppData\Local\Temp\ccxoJJf5.s 			page 12


 306 00f8 00000000 		.word	CySysWdtIsr
 307              		.cfi_endproc
 308              	.LFE6:
 309              		.size	ClockSetup, .-ClockSetup
 310              		.align	2
 311              		.global	cyfitter_cfg
 312              		.code	16
 313              		.thumb_func
 314              		.type	cyfitter_cfg, %function
 315              	cyfitter_cfg:
 316              	.LFB8:
 291:Generated_Source\PSoC4/cyfitter_cfg.c **** 
 292:Generated_Source\PSoC4/cyfitter_cfg.c **** 
 293:Generated_Source\PSoC4/cyfitter_cfg.c **** 
 294:Generated_Source\PSoC4/cyfitter_cfg.c **** 
 295:Generated_Source\PSoC4/cyfitter_cfg.c **** /*******************************************************************************
 296:Generated_Source\PSoC4/cyfitter_cfg.c **** * Function Name: cyfitter_cfg
 297:Generated_Source\PSoC4/cyfitter_cfg.c **** ********************************************************************************
 298:Generated_Source\PSoC4/cyfitter_cfg.c **** * Summary:
 299:Generated_Source\PSoC4/cyfitter_cfg.c **** *  This function is called by the start-up code for the selected device. It
 300:Generated_Source\PSoC4/cyfitter_cfg.c **** *  performs all of the necessary device configuration based on the design
 301:Generated_Source\PSoC4/cyfitter_cfg.c **** *  settings.  This includes settings from the Design Wide Resources (DWR) such
 302:Generated_Source\PSoC4/cyfitter_cfg.c **** *  as Clocks and Pins as well as any component configuration that is necessary.
 303:Generated_Source\PSoC4/cyfitter_cfg.c **** *
 304:Generated_Source\PSoC4/cyfitter_cfg.c **** * Parameters:
 305:Generated_Source\PSoC4/cyfitter_cfg.c **** *   void
 306:Generated_Source\PSoC4/cyfitter_cfg.c **** *
 307:Generated_Source\PSoC4/cyfitter_cfg.c **** * Return:
 308:Generated_Source\PSoC4/cyfitter_cfg.c **** *   void
 309:Generated_Source\PSoC4/cyfitter_cfg.c **** *
 310:Generated_Source\PSoC4/cyfitter_cfg.c **** *******************************************************************************/
 311:Generated_Source\PSoC4/cyfitter_cfg.c **** CY_CFG_SECTION
 312:Generated_Source\PSoC4/cyfitter_cfg.c **** void cyfitter_cfg(void)
 313:Generated_Source\PSoC4/cyfitter_cfg.c **** {
 317              		.loc 1 313 0
 318              		.cfi_startproc
 319              		@ args = 0, pretend = 0, frame = 0
 320              		@ frame_needed = 0, uses_anonymous_args = 0
 321 00fc 10B5     		push	{r4, lr}
 322              		.cfi_def_cfa_offset 8
 323              		.cfi_offset 4, -8
 324              		.cfi_offset 14, -4
 314:Generated_Source\PSoC4/cyfitter_cfg.c **** 	/* Disable interrupts by default. Let user enable if/when they want. */
 315:Generated_Source\PSoC4/cyfitter_cfg.c **** 	CyGlobalIntDisable;
 325              		.loc 1 315 0
 326              		.syntax divided
 327              	@ 315 "Generated_Source\PSoC4\cyfitter_cfg.c" 1
 328 00fe 72B6     		CPSID   i
 329              	@ 0 "" 2
 316:Generated_Source\PSoC4/cyfitter_cfg.c **** 
 317:Generated_Source\PSoC4/cyfitter_cfg.c **** 	CY_SET_REG32((void *)(CYREG_BLE_BLESS_LL_DSM_CTRL), 0x00000000u);
 330              		.loc 1 317 0
 331              		.thumb
 332              		.syntax unified
 333 0100 0022     		movs	r2, #0
 334 0102 224B     		ldr	r3, .L16
 335 0104 1A60     		str	r2, [r3]
ARM GAS  C:\Users\bryan.lee\AppData\Local\Temp\ccxoJJf5.s 			page 13


 336              	.LVL23:
 337              	.LBB3:
 318:Generated_Source\PSoC4/cyfitter_cfg.c **** 
 319:Generated_Source\PSoC4/cyfitter_cfg.c **** 	{
 320:Generated_Source\PSoC4/cyfitter_cfg.c **** 		static const uint32 CYCODE cy_cfg_addr_table[] = {
 321:Generated_Source\PSoC4/cyfitter_cfg.c **** 			0x400F4204u, /* Base address: 0x400F4200 Count: 4 */
 322:Generated_Source\PSoC4/cyfitter_cfg.c **** 		};
 323:Generated_Source\PSoC4/cyfitter_cfg.c **** 
 324:Generated_Source\PSoC4/cyfitter_cfg.c **** 		static const cy_cfg_addrvalue_t CYCODE cy_cfg_data_table[] = {
 325:Generated_Source\PSoC4/cyfitter_cfg.c **** 			{0x1Cu, 0x10u},
 326:Generated_Source\PSoC4/cyfitter_cfg.c **** 			{0x60u, 0x10u},
 327:Generated_Source\PSoC4/cyfitter_cfg.c **** 			{0xC6u, 0x04u},
 328:Generated_Source\PSoC4/cyfitter_cfg.c **** 			{0xD8u, 0x02u},
 329:Generated_Source\PSoC4/cyfitter_cfg.c **** 		};
 330:Generated_Source\PSoC4/cyfitter_cfg.c **** 
 331:Generated_Source\PSoC4/cyfitter_cfg.c **** 
 332:Generated_Source\PSoC4/cyfitter_cfg.c **** 
 333:Generated_Source\PSoC4/cyfitter_cfg.c **** 		CYPACKED typedef struct {
 334:Generated_Source\PSoC4/cyfitter_cfg.c **** 			void CYFAR *address;
 335:Generated_Source\PSoC4/cyfitter_cfg.c **** 			uint16 size;
 336:Generated_Source\PSoC4/cyfitter_cfg.c **** 		} CYPACKED_ATTR cfg_memset_t;
 337:Generated_Source\PSoC4/cyfitter_cfg.c **** 
 338:Generated_Source\PSoC4/cyfitter_cfg.c **** 		static const cfg_memset_t CYCODE cfg_memset_list[] = {
 339:Generated_Source\PSoC4/cyfitter_cfg.c **** 			/* address, size */
 340:Generated_Source\PSoC4/cyfitter_cfg.c **** 			{(void CYFAR *)(CYDEV_UDB_P0_U0_BASE), 1024u},
 341:Generated_Source\PSoC4/cyfitter_cfg.c **** 			{(void CYFAR *)(CYDEV_UDB_DSI0_BASE), 1024u},
 342:Generated_Source\PSoC4/cyfitter_cfg.c **** 		};
 343:Generated_Source\PSoC4/cyfitter_cfg.c **** 
 344:Generated_Source\PSoC4/cyfitter_cfg.c **** 		uint8 CYDATA i;
 345:Generated_Source\PSoC4/cyfitter_cfg.c **** 
 346:Generated_Source\PSoC4/cyfitter_cfg.c **** 		/* Zero out critical memory blocks before beginning configuration */
 347:Generated_Source\PSoC4/cyfitter_cfg.c **** 		for (i = 0u; i < (sizeof(cfg_memset_list)/sizeof(cfg_memset_list[0])); i++)
 338              		.loc 1 347 0
 339 0106 0024     		movs	r4, #0
 340 0108 0FE0     		b	.L14
 341              	.LVL24:
 342              	.L15:
 343              	.LBB4:
 348:Generated_Source\PSoC4/cyfitter_cfg.c **** 		{
 349:Generated_Source\PSoC4/cyfitter_cfg.c **** 			const cfg_memset_t CYCODE * CYDATA ms = &cfg_memset_list[i];
 350:Generated_Source\PSoC4/cyfitter_cfg.c **** 			CYMEMZERO(ms->address, (size_t)(uint32)(ms->size));
 344              		.loc 1 350 0 discriminator 3
 345 010a 2148     		ldr	r0, .L16+4
 346 010c 6200     		lsls	r2, r4, #1
 347 010e 1319     		adds	r3, r2, r4
 348 0110 5900     		lsls	r1, r3, #1
 349 0112 0B00     		movs	r3, r1
 350 0114 4118     		adds	r1, r0, r1
 351 0116 8988     		ldrh	r1, [r1, #4]
 352 0118 1A5A     		ldrh	r2, [r3, r0]
 353 011a C318     		adds	r3, r0, r3
 354 011c 5888     		ldrh	r0, [r3, #2]
 355 011e 0004     		lsls	r0, r0, #16
 356 0120 1043     		orrs	r0, r2
 357 0122 FFF7FEFF 		bl	CYMEMZERO
 358              	.LVL25:
 359              	.LBE4:
ARM GAS  C:\Users\bryan.lee\AppData\Local\Temp\ccxoJJf5.s 			page 14


 347:Generated_Source\PSoC4/cyfitter_cfg.c **** 		{
 360              		.loc 1 347 0 discriminator 3
 361 0126 0134     		adds	r4, r4, #1
 362              	.LVL26:
 363 0128 E4B2     		uxtb	r4, r4
 364              	.LVL27:
 365              	.L14:
 347:Generated_Source\PSoC4/cyfitter_cfg.c **** 		{
 366              		.loc 1 347 0 is_stmt 0 discriminator 1
 367 012a 012C     		cmp	r4, #1
 368 012c EDD9     		bls	.L15
 351:Generated_Source\PSoC4/cyfitter_cfg.c **** 		}
 352:Generated_Source\PSoC4/cyfitter_cfg.c **** 
 353:Generated_Source\PSoC4/cyfitter_cfg.c **** 		cfg_write_bytes32(cy_cfg_addr_table, cy_cfg_data_table);
 369              		.loc 1 353 0 is_stmt 1
 370 012e 1848     		ldr	r0, .L16+4
 371 0130 0100     		movs	r1, r0
 372 0132 0C31     		adds	r1, r1, #12
 373 0134 1430     		adds	r0, r0, #20
 374 0136 FFF7FEFF 		bl	cfg_write_bytes32
 375              	.LVL28:
 354:Generated_Source\PSoC4/cyfitter_cfg.c **** 
 355:Generated_Source\PSoC4/cyfitter_cfg.c **** 		/* HSIOM Starting address: CYDEV_HSIOM_BASE */
 356:Generated_Source\PSoC4/cyfitter_cfg.c **** 		CY_SET_REG32((void *)(CYDEV_HSIOM_BASE), 0xEE000000u);
 376              		.loc 1 356 0
 377 013a EE22     		movs	r2, #238
 378 013c 1206     		lsls	r2, r2, #24
 379 013e 154B     		ldr	r3, .L16+8
 380 0140 1A60     		str	r2, [r3]
 357:Generated_Source\PSoC4/cyfitter_cfg.c **** 		CY_SET_REG32((void *)(CYREG_HSIOM_PORT_SEL2), 0x03000000u);
 381              		.loc 1 357 0
 382 0142 C022     		movs	r2, #192
 383 0144 9204     		lsls	r2, r2, #18
 384 0146 144B     		ldr	r3, .L16+12
 385 0148 1A60     		str	r2, [r3]
 358:Generated_Source\PSoC4/cyfitter_cfg.c **** 
 359:Generated_Source\PSoC4/cyfitter_cfg.c **** 		/* UDB_PA_0 Starting address: CYDEV_UDB_PA0_BASE */
 360:Generated_Source\PSoC4/cyfitter_cfg.c **** 		CY_SET_REG32((void *)(CYDEV_UDB_PA0_BASE), 0x00990000u);
 386              		.loc 1 360 0
 387 014a 9923     		movs	r3, #153
 388 014c 1B04     		lsls	r3, r3, #16
 389 014e 134A     		ldr	r2, .L16+16
 390 0150 1360     		str	r3, [r2]
 361:Generated_Source\PSoC4/cyfitter_cfg.c **** 
 362:Generated_Source\PSoC4/cyfitter_cfg.c **** 		/* UDB_PA_2 Starting address: CYDEV_UDB_PA2_BASE */
 363:Generated_Source\PSoC4/cyfitter_cfg.c **** 		CY_SET_REG32((void *)(CYDEV_UDB_PA2_BASE), 0x00990000u);
 391              		.loc 1 363 0
 392 0152 134A     		ldr	r2, .L16+20
 393 0154 1360     		str	r3, [r2]
 364:Generated_Source\PSoC4/cyfitter_cfg.c **** 		CY_SET_REG32((void *)(CYREG_UDB_PA2_CFG8), 0x20000000u);
 394              		.loc 1 364 0
 395 0156 8022     		movs	r2, #128
 396 0158 9205     		lsls	r2, r2, #22
 397 015a 124B     		ldr	r3, .L16+24
 398 015c 1A60     		str	r2, [r3]
 365:Generated_Source\PSoC4/cyfitter_cfg.c **** 
 366:Generated_Source\PSoC4/cyfitter_cfg.c **** 		/* Enable digital routing */
ARM GAS  C:\Users\bryan.lee\AppData\Local\Temp\ccxoJJf5.s 			page 15


 367:Generated_Source\PSoC4/cyfitter_cfg.c **** 		CY_SET_XTND_REG8((void *)CYREG_UDB_UDBIF_BANK_CTL, (uint8)(CY_GET_XTND_REG8((void *)CYREG_UDB_UDB
 399              		.loc 1 367 0
 400 015e 124A     		ldr	r2, .L16+28
 401 0160 1178     		ldrb	r1, [r2]
 402 0162 0623     		movs	r3, #6
 403 0164 0B43     		orrs	r3, r1
 404 0166 DBB2     		uxtb	r3, r3
 405 0168 1370     		strb	r3, [r2]
 406              	.LBE3:
 368:Generated_Source\PSoC4/cyfitter_cfg.c **** 	}
 369:Generated_Source\PSoC4/cyfitter_cfg.c **** 
 370:Generated_Source\PSoC4/cyfitter_cfg.c **** 	/* Perform second pass device configuration. These items must be configured in specific order afte
 371:Generated_Source\PSoC4/cyfitter_cfg.c **** 	/* IOPINS0_0 Starting address: CYDEV_GPIO_PRT0_BASE */
 372:Generated_Source\PSoC4/cyfitter_cfg.c **** 	CY_SET_REG32((void *)(CYREG_GPIO_PRT0_PC), 0x00D80000u);
 407              		.loc 1 372 0
 408 016a D822     		movs	r2, #216
 409 016c 1204     		lsls	r2, r2, #16
 410 016e 0F4B     		ldr	r3, .L16+32
 411 0170 1A60     		str	r2, [r3]
 373:Generated_Source\PSoC4/cyfitter_cfg.c **** 
 374:Generated_Source\PSoC4/cyfitter_cfg.c **** 	/* IOPINS0_2 Starting address: CYDEV_GPIO_PRT2_BASE */
 375:Generated_Source\PSoC4/cyfitter_cfg.c **** 	CY_SET_REG32((void *)(CYDEV_GPIO_PRT2_BASE), 0x00000040u);
 412              		.loc 1 375 0
 413 0172 4022     		movs	r2, #64
 414 0174 0E4B     		ldr	r3, .L16+36
 415 0176 1A60     		str	r2, [r3]
 376:Generated_Source\PSoC4/cyfitter_cfg.c **** 	CY_SET_REG32((void *)(CYREG_GPIO_PRT2_PC), 0x00180000u);
 416              		.loc 1 376 0
 417 0178 C022     		movs	r2, #192
 418 017a 5203     		lsls	r2, r2, #13
 419 017c 0D4B     		ldr	r3, .L16+40
 420 017e 1A60     		str	r2, [r3]
 377:Generated_Source\PSoC4/cyfitter_cfg.c **** 
 378:Generated_Source\PSoC4/cyfitter_cfg.c **** 
 379:Generated_Source\PSoC4/cyfitter_cfg.c **** 	/* Setup clocks based on selections from Clock DWR */
 380:Generated_Source\PSoC4/cyfitter_cfg.c **** 	ClockSetup();
 421              		.loc 1 380 0
 422 0180 FFF73EFF 		bl	ClockSetup
 423              	.LVL29:
 381:Generated_Source\PSoC4/cyfitter_cfg.c **** 
 382:Generated_Source\PSoC4/cyfitter_cfg.c **** 	/* Perform basic analog initialization to defaults */
 383:Generated_Source\PSoC4/cyfitter_cfg.c **** 	AnalogSetDefault();
 424              		.loc 1 383 0
 425 0184 FFF7FEFF 		bl	AnalogSetDefault
 426              	.LVL30:
 384:Generated_Source\PSoC4/cyfitter_cfg.c **** 
 385:Generated_Source\PSoC4/cyfitter_cfg.c **** }
 427              		.loc 1 385 0
 428              		@ sp needed
 429              	.LVL31:
 430 0188 10BD     		pop	{r4, pc}
 431              	.L17:
 432 018a C046     		.align	2
 433              	.L16:
 434 018c 6CF02E40 		.word	1076818028
 435 0190 00000000 		.word	.LANCHOR0
 436 0194 00000240 		.word	1073872896
ARM GAS  C:\Users\bryan.lee\AppData\Local\Temp\ccxoJJf5.s 			page 16


 437 0198 00020240 		.word	1073873408
 438 019c 00500F40 		.word	1074745344
 439 01a0 20500F40 		.word	1074745376
 440 01a4 28500F40 		.word	1074745384
 441 01a8 00700F40 		.word	1074753536
 442 01ac 08000440 		.word	1074003976
 443 01b0 00020440 		.word	1074004480
 444 01b4 08020440 		.word	1074004488
 445              		.cfi_endproc
 446              	.LFE8:
 447              		.size	cyfitter_cfg, .-cyfitter_cfg
 448              		.section	.rodata
 449              		.align	2
 450              		.set	.LANCHOR0,. + 0
 451              		.type	cfg_memset_list.4907, %object
 452              		.size	cfg_memset_list.4907, 12
 453              	cfg_memset_list.4907:
 454 0000 00300F40 		.word	1074737152
 455 0004 0004     		.short	1024
 456 0006 00400F40 		.4byte	1074741248
 457 000a 0004     		.short	1024
 458              		.type	cy_cfg_data_table.4902, %object
 459              		.size	cy_cfg_data_table.4902, 8
 460              	cy_cfg_data_table.4902:
 461 000c 1C       		.byte	28
 462 000d 10       		.byte	16
 463 000e 60       		.byte	96
 464 000f 10       		.byte	16
 465 0010 C6       		.byte	-58
 466 0011 04       		.byte	4
 467 0012 D8       		.byte	-40
 468 0013 02       		.byte	2
 469              		.type	cy_cfg_addr_table.4901, %object
 470              		.size	cy_cfg_addr_table.4901, 4
 471              	cy_cfg_addr_table.4901:
 472 0014 04420F40 		.word	1074741764
 473              		.text
 474              	.Letext0:
 475              		.file 2 "c:\\program files (x86)\\cypress\\psoc creator\\4.2\\psoc creator\\import\\gnu\\arm\\5.4.
 476              		.file 3 "Generated_Source\\PSoC4\\cytypes.h"
 477              		.file 4 "Generated_Source\\PSoC4\\CyLFClk.h"
 478              		.file 5 "Generated_Source\\PSoC4\\CyLib.h"
 479              		.section	.debug_info,"",%progbits
 480              	.Ldebug_info0:
 481 0000 4C040000 		.4byte	0x44c
 482 0004 0400     		.2byte	0x4
 483 0006 00000000 		.4byte	.Ldebug_abbrev0
 484 000a 04       		.byte	0x4
 485 000b 01       		.uleb128 0x1
 486 000c 78010000 		.4byte	.LASF44
 487 0010 0C       		.byte	0xc
 488 0011 16030000 		.4byte	.LASF45
 489 0015 9F020000 		.4byte	.LASF46
 490 0019 00000000 		.4byte	.Ldebug_ranges0+0
 491 001d 00000000 		.4byte	0
 492 0021 00000000 		.4byte	.Ldebug_line0
 493 0025 02       		.uleb128 0x2
ARM GAS  C:\Users\bryan.lee\AppData\Local\Temp\ccxoJJf5.s 			page 17


 494 0026 04       		.byte	0x4
 495 0027 05       		.byte	0x5
 496 0028 696E7400 		.ascii	"int\000"
 497 002c 03       		.uleb128 0x3
 498 002d 14000000 		.4byte	.LASF12
 499 0031 02       		.byte	0x2
 500 0032 D8       		.byte	0xd8
 501 0033 37000000 		.4byte	0x37
 502 0037 04       		.uleb128 0x4
 503 0038 04       		.byte	0x4
 504 0039 07       		.byte	0x7
 505 003a 3F010000 		.4byte	.LASF0
 506 003e 04       		.uleb128 0x4
 507 003f 08       		.byte	0x8
 508 0040 05       		.byte	0x5
 509 0041 38020000 		.4byte	.LASF1
 510 0045 04       		.uleb128 0x4
 511 0046 08       		.byte	0x8
 512 0047 04       		.byte	0x4
 513 0048 FE020000 		.4byte	.LASF2
 514 004c 04       		.uleb128 0x4
 515 004d 01       		.byte	0x1
 516 004e 06       		.byte	0x6
 517 004f 0A030000 		.4byte	.LASF3
 518 0053 04       		.uleb128 0x4
 519 0054 01       		.byte	0x1
 520 0055 08       		.byte	0x8
 521 0056 E1000000 		.4byte	.LASF4
 522 005a 04       		.uleb128 0x4
 523 005b 02       		.byte	0x2
 524 005c 05       		.byte	0x5
 525 005d 80020000 		.4byte	.LASF5
 526 0061 04       		.uleb128 0x4
 527 0062 02       		.byte	0x2
 528 0063 07       		.byte	0x7
 529 0064 25020000 		.4byte	.LASF6
 530 0068 04       		.uleb128 0x4
 531 0069 04       		.byte	0x4
 532 006a 05       		.byte	0x5
 533 006b F5020000 		.4byte	.LASF7
 534 006f 04       		.uleb128 0x4
 535 0070 04       		.byte	0x4
 536 0071 07       		.byte	0x7
 537 0072 AE000000 		.4byte	.LASF8
 538 0076 04       		.uleb128 0x4
 539 0077 08       		.byte	0x8
 540 0078 07       		.byte	0x7
 541 0079 61010000 		.4byte	.LASF9
 542 007d 04       		.uleb128 0x4
 543 007e 04       		.byte	0x4
 544 007f 07       		.byte	0x7
 545 0080 1C020000 		.4byte	.LASF10
 546 0084 05       		.uleb128 0x5
 547 0085 04       		.byte	0x4
 548 0086 04       		.uleb128 0x4
 549 0087 01       		.byte	0x1
 550 0088 08       		.byte	0x8
ARM GAS  C:\Users\bryan.lee\AppData\Local\Temp\ccxoJJf5.s 			page 18


 551 0089 50020000 		.4byte	.LASF11
 552 008d 06       		.uleb128 0x6
 553 008e C0000000 		.4byte	.LASF13
 554 0092 03       		.byte	0x3
 555 0093 E401     		.2byte	0x1e4
 556 0095 53000000 		.4byte	0x53
 557 0099 06       		.uleb128 0x6
 558 009a 26010000 		.4byte	.LASF14
 559 009e 03       		.byte	0x3
 560 009f E501     		.2byte	0x1e5
 561 00a1 61000000 		.4byte	0x61
 562 00a5 06       		.uleb128 0x6
 563 00a6 38010000 		.4byte	.LASF15
 564 00aa 03       		.byte	0x3
 565 00ab E601     		.2byte	0x1e6
 566 00ad 6F000000 		.4byte	0x6f
 567 00b1 04       		.uleb128 0x4
 568 00b2 04       		.byte	0x4
 569 00b3 04       		.byte	0x4
 570 00b4 76000000 		.4byte	.LASF16
 571 00b8 04       		.uleb128 0x4
 572 00b9 08       		.byte	0x8
 573 00ba 04       		.byte	0x4
 574 00bb F6000000 		.4byte	.LASF17
 575 00bf 06       		.uleb128 0x6
 576 00c0 A9000000 		.4byte	.LASF18
 577 00c4 03       		.byte	0x3
 578 00c5 8E02     		.2byte	0x28e
 579 00c7 CB000000 		.4byte	0xcb
 580 00cb 07       		.uleb128 0x7
 581 00cc 8D000000 		.4byte	0x8d
 582 00d0 06       		.uleb128 0x6
 583 00d1 0E000000 		.4byte	.LASF19
 584 00d5 03       		.byte	0x3
 585 00d6 9002     		.2byte	0x290
 586 00d8 DC000000 		.4byte	0xdc
 587 00dc 07       		.uleb128 0x7
 588 00dd A5000000 		.4byte	0xa5
 589 00e1 08       		.uleb128 0x8
 590 00e2 02       		.byte	0x2
 591 00e3 01       		.byte	0x1
 592 00e4 97       		.byte	0x97
 593 00e5 02010000 		.4byte	0x102
 594 00e9 09       		.uleb128 0x9
 595 00ea 79020000 		.4byte	.LASF20
 596 00ee 01       		.byte	0x1
 597 00ef 99       		.byte	0x99
 598 00f0 8D000000 		.4byte	0x8d
 599 00f4 00       		.byte	0
 600 00f5 09       		.uleb128 0x9
 601 00f6 3B000000 		.4byte	.LASF21
 602 00fa 01       		.byte	0x1
 603 00fb 9A       		.byte	0x9a
 604 00fc 8D000000 		.4byte	0x8d
 605 0100 01       		.byte	0x1
 606 0101 00       		.byte	0
 607 0102 03       		.uleb128 0x3
ARM GAS  C:\Users\bryan.lee\AppData\Local\Temp\ccxoJJf5.s 			page 19


 608 0103 66020000 		.4byte	.LASF22
 609 0107 01       		.byte	0x1
 610 0108 9B       		.byte	0x9b
 611 0109 E1000000 		.4byte	0xe1
 612 010d 0A       		.uleb128 0xa
 613 010e FD000000 		.4byte	.LASF27
 614 0112 01       		.byte	0x1
 615 0113 AE       		.byte	0xae
 616 0114 00000000 		.4byte	.LFB5
 617 0118 32000000 		.4byte	.LFE5-.LFB5
 618 011c 01       		.uleb128 0x1
 619 011d 9C       		.byte	0x9c
 620 011e 7F010000 		.4byte	0x17f
 621 0122 0B       		.uleb128 0xb
 622 0123 1B010000 		.4byte	.LASF23
 623 0127 01       		.byte	0x1
 624 0128 AE       		.byte	0xae
 625 0129 7F010000 		.4byte	0x17f
 626 012d 01       		.uleb128 0x1
 627 012e 50       		.byte	0x50
 628 012f 0B       		.uleb128 0xb
 629 0130 2D010000 		.4byte	.LASF24
 630 0134 01       		.byte	0x1
 631 0135 AE       		.byte	0xae
 632 0136 8A010000 		.4byte	0x18a
 633 013a 01       		.uleb128 0x1
 634 013b 51       		.byte	0x51
 635 013c 0C       		.uleb128 0xc
 636 013d 6900     		.ascii	"i\000"
 637 013f 01       		.byte	0x1
 638 0140 B1       		.byte	0xb1
 639 0141 A5000000 		.4byte	0xa5
 640 0145 00000000 		.4byte	.LLST0
 641 0149 0C       		.uleb128 0xc
 642 014a 6A00     		.ascii	"j\000"
 643 014c 01       		.byte	0x1
 644 014d B1       		.byte	0xb1
 645 014e A5000000 		.4byte	0xa5
 646 0152 1F000000 		.4byte	.LLST1
 647 0156 0D       		.uleb128 0xd
 648 0157 08000000 		.4byte	.LBB2
 649 015b 22000000 		.4byte	.LBE2-.LBB2
 650 015f 0E       		.uleb128 0xe
 651 0160 13020000 		.4byte	.LASF25
 652 0164 01       		.byte	0x1
 653 0165 B4       		.byte	0xb4
 654 0166 A5000000 		.4byte	0xa5
 655 016a 3E000000 		.4byte	.LLST2
 656 016e 0E       		.uleb128 0xe
 657 016f 41000000 		.4byte	.LASF26
 658 0173 01       		.byte	0x1
 659 0174 B5       		.byte	0xb5
 660 0175 8D000000 		.4byte	0x8d
 661 0179 51000000 		.4byte	.LLST3
 662 017d 00       		.byte	0
 663 017e 00       		.byte	0
 664 017f 0F       		.uleb128 0xf
ARM GAS  C:\Users\bryan.lee\AppData\Local\Temp\ccxoJJf5.s 			page 20


 665 0180 04       		.byte	0x4
 666 0181 85010000 		.4byte	0x185
 667 0185 10       		.uleb128 0x10
 668 0186 A5000000 		.4byte	0xa5
 669 018a 0F       		.uleb128 0xf
 670 018b 04       		.byte	0x4
 671 018c 90010000 		.4byte	0x190
 672 0190 10       		.uleb128 0x10
 673 0191 02010000 		.4byte	0x102
 674 0195 11       		.uleb128 0x11
 675 0196 1B000000 		.4byte	.LASF47
 676 019a 01       		.byte	0x1
 677 019b 1D01     		.2byte	0x11d
 678 019d 00000000 		.4byte	.LFB7
 679 01a1 20000000 		.4byte	.LFE7-.LFB7
 680 01a5 01       		.uleb128 0x1
 681 01a6 9C       		.byte	0x9c
 682 01a7 0A       		.uleb128 0xa
 683 01a8 D7000000 		.4byte	.LASF28
 684 01ac 01       		.byte	0x1
 685 01ad 4C       		.byte	0x4c
 686 01ae 00000000 		.4byte	.LFB2
 687 01b2 0C000000 		.4byte	.LFE2-.LFB2
 688 01b6 01       		.uleb128 0x1
 689 01b7 9C       		.byte	0x9c
 690 01b8 F4010000 		.4byte	0x1f4
 691 01bc 12       		.uleb128 0x12
 692 01bd 7300     		.ascii	"s\000"
 693 01bf 01       		.byte	0x1
 694 01c0 4C       		.byte	0x4c
 695 01c1 84000000 		.4byte	0x84
 696 01c5 6F000000 		.4byte	.LLST4
 697 01c9 12       		.uleb128 0x12
 698 01ca 6E00     		.ascii	"n\000"
 699 01cc 01       		.byte	0x1
 700 01cd 4C       		.byte	0x4c
 701 01ce 2C000000 		.4byte	0x2c
 702 01d2 90000000 		.4byte	.LLST5
 703 01d6 13       		.uleb128 0x13
 704 01d7 0A000000 		.4byte	.LVL14
 705 01db EE030000 		.4byte	0x3ee
 706 01df 14       		.uleb128 0x14
 707 01e0 01       		.uleb128 0x1
 708 01e1 50       		.byte	0x50
 709 01e2 03       		.uleb128 0x3
 710 01e3 F3       		.byte	0xf3
 711 01e4 01       		.uleb128 0x1
 712 01e5 50       		.byte	0x50
 713 01e6 14       		.uleb128 0x14
 714 01e7 01       		.uleb128 0x1
 715 01e8 51       		.byte	0x51
 716 01e9 01       		.uleb128 0x1
 717 01ea 30       		.byte	0x30
 718 01eb 14       		.uleb128 0x14
 719 01ec 01       		.uleb128 0x1
 720 01ed 52       		.byte	0x52
 721 01ee 03       		.uleb128 0x3
ARM GAS  C:\Users\bryan.lee\AppData\Local\Temp\ccxoJJf5.s 			page 21


 722 01ef F3       		.byte	0xf3
 723 01f0 01       		.uleb128 0x1
 724 01f1 51       		.byte	0x51
 725 01f2 00       		.byte	0
 726 01f3 00       		.byte	0
 727 01f4 0A       		.uleb128 0xa
 728 01f5 47000000 		.4byte	.LASF29
 729 01f9 01       		.byte	0x1
 730 01fa D3       		.byte	0xd3
 731 01fb 00000000 		.4byte	.LFB6
 732 01ff FC000000 		.4byte	.LFE6-.LFB6
 733 0203 01       		.uleb128 0x1
 734 0204 9C       		.byte	0x9c
 735 0205 9D020000 		.4byte	0x29d
 736 0209 15       		.uleb128 0x15
 737 020a 0C000000 		.4byte	.LVL15
 738 020e F7030000 		.4byte	0x3f7
 739 0212 16       		.uleb128 0x16
 740 0213 12000000 		.4byte	.LVL16
 741 0217 02040000 		.4byte	0x402
 742 021b 29020000 		.4byte	0x229
 743 021f 14       		.uleb128 0x14
 744 0220 01       		.uleb128 0x1
 745 0221 50       		.byte	0x50
 746 0222 05       		.uleb128 0x5
 747 0223 0C       		.byte	0xc
 748 0224 001BB700 		.4byte	0xb71b00
 749 0228 00       		.byte	0
 750 0229 16       		.uleb128 0x16
 751 022a 18000000 		.4byte	.LVL17
 752 022e 0D040000 		.4byte	0x40d
 753 0232 3C020000 		.4byte	0x23c
 754 0236 14       		.uleb128 0x14
 755 0237 01       		.uleb128 0x1
 756 0238 50       		.byte	0x50
 757 0239 01       		.uleb128 0x1
 758 023a 31       		.byte	0x31
 759 023b 00       		.byte	0
 760 023c 16       		.uleb128 0x16
 761 023d 1E000000 		.4byte	.LVL18
 762 0241 18040000 		.4byte	0x418
 763 0245 50020000 		.4byte	0x250
 764 0249 14       		.uleb128 0x14
 765 024a 01       		.uleb128 0x1
 766 024b 50       		.byte	0x50
 767 024c 02       		.uleb128 0x2
 768 024d 08       		.byte	0x8
 769 024e 30       		.byte	0x30
 770 024f 00       		.byte	0
 771 0250 16       		.uleb128 0x16
 772 0251 54000000 		.4byte	.LVL19
 773 0255 23040000 		.4byte	0x423
 774 0259 65020000 		.4byte	0x265
 775 025d 14       		.uleb128 0x14
 776 025e 01       		.uleb128 0x1
 777 025f 50       		.byte	0x50
 778 0260 03       		.uleb128 0x3
ARM GAS  C:\Users\bryan.lee\AppData\Local\Temp\ccxoJJf5.s 			page 22


 779 0261 0A       		.byte	0xa
 780 0262 D007     		.2byte	0x7d0
 781 0264 00       		.byte	0
 782 0265 16       		.uleb128 0x16
 783 0266 5A000000 		.4byte	.LVL20
 784 026a 2E040000 		.4byte	0x42e
 785 026e 7A020000 		.4byte	0x27a
 786 0272 14       		.uleb128 0x14
 787 0273 01       		.uleb128 0x1
 788 0274 50       		.byte	0x50
 789 0275 03       		.uleb128 0x3
 790 0276 0A       		.byte	0xa
 791 0277 DC05     		.2byte	0x5dc
 792 0279 00       		.byte	0
 793 027a 16       		.uleb128 0x16
 794 027b 94000000 		.4byte	.LVL21
 795 027f 39040000 		.4byte	0x439
 796 0283 8D020000 		.4byte	0x28d
 797 0287 14       		.uleb128 0x14
 798 0288 01       		.uleb128 0x1
 799 0289 50       		.byte	0x50
 800 028a 01       		.uleb128 0x1
 801 028b 38       		.byte	0x38
 802 028c 00       		.byte	0
 803 028d 13       		.uleb128 0x13
 804 028e 9A000000 		.4byte	.LVL22
 805 0292 44040000 		.4byte	0x444
 806 0296 14       		.uleb128 0x14
 807 0297 01       		.uleb128 0x1
 808 0298 50       		.byte	0x50
 809 0299 01       		.uleb128 0x1
 810 029a 38       		.byte	0x38
 811 029b 00       		.byte	0
 812 029c 00       		.byte	0
 813 029d 17       		.uleb128 0x17
 814 029e 4C010000 		.4byte	.LASF48
 815 02a2 01       		.byte	0x1
 816 02a3 3801     		.2byte	0x138
 817 02a5 FC000000 		.4byte	.LFB8
 818 02a9 BC000000 		.4byte	.LFE8-.LFB8
 819 02ad 01       		.uleb128 0x1
 820 02ae 9C       		.byte	0x9c
 821 02af C4030000 		.4byte	0x3c4
 822 02b3 18       		.uleb128 0x18
 823 02b4 06010000 		.4byte	.LBB3
 824 02b8 64000000 		.4byte	.LBE3-.LBB3
 825 02bc B1030000 		.4byte	0x3b1
 826 02c0 19       		.uleb128 0x19
 827 02c1 52000000 		.4byte	.LASF30
 828 02c5 01       		.byte	0x1
 829 02c6 4001     		.2byte	0x140
 830 02c8 D4030000 		.4byte	0x3d4
 831 02cc 05       		.uleb128 0x5
 832 02cd 03       		.byte	0x3
 833 02ce 14000000 		.4byte	cy_cfg_addr_table.4901
 834 02d2 19       		.uleb128 0x19
 835 02d3 64000000 		.4byte	.LASF31
ARM GAS  C:\Users\bryan.lee\AppData\Local\Temp\ccxoJJf5.s 			page 23


 836 02d7 01       		.byte	0x1
 837 02d8 4401     		.2byte	0x144
 838 02da E9030000 		.4byte	0x3e9
 839 02de 05       		.uleb128 0x5
 840 02df 03       		.byte	0x3
 841 02e0 0C000000 		.4byte	cy_cfg_data_table.4902
 842 02e4 1A       		.uleb128 0x1a
 843 02e5 06       		.byte	0x6
 844 02e6 01       		.byte	0x1
 845 02e7 4D01     		.2byte	0x14d
 846 02e9 08030000 		.4byte	0x308
 847 02ed 1B       		.uleb128 0x1b
 848 02ee 59010000 		.4byte	.LASF32
 849 02f2 01       		.byte	0x1
 850 02f3 4E01     		.2byte	0x14e
 851 02f5 84000000 		.4byte	0x84
 852 02f9 00       		.byte	0
 853 02fa 1B       		.uleb128 0x1b
 854 02fb 8C000000 		.4byte	.LASF33
 855 02ff 01       		.byte	0x1
 856 0300 4F01     		.2byte	0x14f
 857 0302 99000000 		.4byte	0x99
 858 0306 04       		.byte	0x4
 859 0307 00       		.byte	0
 860 0308 06       		.uleb128 0x6
 861 0309 06020000 		.4byte	.LASF34
 862 030d 01       		.byte	0x1
 863 030e 5001     		.2byte	0x150
 864 0310 E4020000 		.4byte	0x2e4
 865 0314 1C       		.uleb128 0x1c
 866 0315 24030000 		.4byte	0x324
 867 0319 24030000 		.4byte	0x324
 868 031d 1D       		.uleb128 0x1d
 869 031e 7D000000 		.4byte	0x7d
 870 0322 01       		.byte	0x1
 871 0323 00       		.byte	0
 872 0324 10       		.uleb128 0x10
 873 0325 08030000 		.4byte	0x308
 874 0329 19       		.uleb128 0x19
 875 032a 7C000000 		.4byte	.LASF35
 876 032e 01       		.byte	0x1
 877 032f 5201     		.2byte	0x152
 878 0331 3B030000 		.4byte	0x33b
 879 0335 05       		.uleb128 0x5
 880 0336 03       		.byte	0x3
 881 0337 00000000 		.4byte	cfg_memset_list.4907
 882 033b 10       		.uleb128 0x10
 883 033c 14030000 		.4byte	0x314
 884 0340 1E       		.uleb128 0x1e
 885 0341 6900     		.ascii	"i\000"
 886 0343 01       		.byte	0x1
 887 0344 5801     		.2byte	0x158
 888 0346 8D000000 		.4byte	0x8d
 889 034a BC000000 		.4byte	.LLST6
 890 034e 18       		.uleb128 0x18
 891 034f 0A010000 		.4byte	.LBB4
 892 0353 1C000000 		.4byte	.LBE4-.LBB4
ARM GAS  C:\Users\bryan.lee\AppData\Local\Temp\ccxoJJf5.s 			page 24


 893 0357 94030000 		.4byte	0x394
 894 035b 1E       		.uleb128 0x1e
 895 035c 6D7300   		.ascii	"ms\000"
 896 035f 01       		.byte	0x1
 897 0360 5D01     		.2byte	0x15d
 898 0362 6A030000 		.4byte	0x36a
 899 0366 E6000000 		.4byte	.LLST7
 900 036a 0F       		.uleb128 0xf
 901 036b 04       		.byte	0x4
 902 036c 24030000 		.4byte	0x324
 903 0370 13       		.uleb128 0x13
 904 0371 26010000 		.4byte	.LVL25
 905 0375 A7010000 		.4byte	0x1a7
 906 0379 14       		.uleb128 0x14
 907 037a 01       		.uleb128 0x1
 908 037b 51       		.byte	0x51
 909 037c 15       		.uleb128 0x15
 910 037d 74       		.byte	0x74
 911 037e 00       		.sleb128 0
 912 037f 31       		.byte	0x31
 913 0380 24       		.byte	0x24
 914 0381 74       		.byte	0x74
 915 0382 00       		.sleb128 0
 916 0383 22       		.byte	0x22
 917 0384 31       		.byte	0x31
 918 0385 24       		.byte	0x24
 919 0386 03       		.byte	0x3
 920 0387 04000000 		.4byte	.LANCHOR0+4
 921 038b 22       		.byte	0x22
 922 038c 94       		.byte	0x94
 923 038d 02       		.byte	0x2
 924 038e 0A       		.byte	0xa
 925 038f FFFF     		.2byte	0xffff
 926 0391 1A       		.byte	0x1a
 927 0392 00       		.byte	0
 928 0393 00       		.byte	0
 929 0394 13       		.uleb128 0x13
 930 0395 3A010000 		.4byte	.LVL28
 931 0399 0D010000 		.4byte	0x10d
 932 039d 14       		.uleb128 0x14
 933 039e 01       		.uleb128 0x1
 934 039f 50       		.byte	0x50
 935 03a0 05       		.uleb128 0x5
 936 03a1 03       		.byte	0x3
 937 03a2 14000000 		.4byte	.LANCHOR0+20
 938 03a6 14       		.uleb128 0x14
 939 03a7 01       		.uleb128 0x1
 940 03a8 51       		.byte	0x51
 941 03a9 05       		.uleb128 0x5
 942 03aa 03       		.byte	0x3
 943 03ab 0C000000 		.4byte	.LANCHOR0+12
 944 03af 00       		.byte	0
 945 03b0 00       		.byte	0
 946 03b1 15       		.uleb128 0x15
 947 03b2 84010000 		.4byte	.LVL29
 948 03b6 F4010000 		.4byte	0x1f4
 949 03ba 15       		.uleb128 0x15
ARM GAS  C:\Users\bryan.lee\AppData\Local\Temp\ccxoJJf5.s 			page 25


 950 03bb 88010000 		.4byte	.LVL30
 951 03bf 95010000 		.4byte	0x195
 952 03c3 00       		.byte	0
 953 03c4 1C       		.uleb128 0x1c
 954 03c5 85010000 		.4byte	0x185
 955 03c9 D4030000 		.4byte	0x3d4
 956 03cd 1D       		.uleb128 0x1d
 957 03ce 7D000000 		.4byte	0x7d
 958 03d2 00       		.byte	0
 959 03d3 00       		.byte	0
 960 03d4 10       		.uleb128 0x10
 961 03d5 C4030000 		.4byte	0x3c4
 962 03d9 1C       		.uleb128 0x1c
 963 03da 90010000 		.4byte	0x190
 964 03de E9030000 		.4byte	0x3e9
 965 03e2 1D       		.uleb128 0x1d
 966 03e3 7D000000 		.4byte	0x7d
 967 03e7 03       		.byte	0x3
 968 03e8 00       		.byte	0
 969 03e9 10       		.uleb128 0x10
 970 03ea D9030000 		.4byte	0x3d9
 971 03ee 1F       		.uleb128 0x1f
 972 03ef EF000000 		.4byte	.LASF49
 973 03f3 EF000000 		.4byte	.LASF49
 974 03f7 20       		.uleb128 0x20
 975 03f8 C6000000 		.4byte	.LASF36
 976 03fc C6000000 		.4byte	.LASF36
 977 0400 04       		.byte	0x4
 978 0401 4E       		.byte	0x4e
 979 0402 20       		.uleb128 0x20
 980 0403 00000000 		.4byte	.LASF37
 981 0407 00000000 		.4byte	.LASF37
 982 040b 05       		.byte	0x5
 983 040c DC       		.byte	0xdc
 984 040d 20       		.uleb128 0x20
 985 040e 91000000 		.4byte	.LASF38
 986 0412 91000000 		.4byte	.LASF38
 987 0416 04       		.byte	0x4
 988 0417 50       		.byte	0x50
 989 0418 20       		.uleb128 0x20
 990 0419 8A020000 		.4byte	.LASF39
 991 041d 8A020000 		.4byte	.LASF39
 992 0421 05       		.byte	0x5
 993 0422 6C       		.byte	0x6c
 994 0423 20       		.uleb128 0x20
 995 0424 55020000 		.4byte	.LASF40
 996 0428 55020000 		.4byte	.LASF40
 997 042c 05       		.byte	0x5
 998 042d 84       		.byte	0x84
 999 042e 20       		.uleb128 0x20
 1000 042f 46020000 		.4byte	.LASF41
 1001 0433 46020000 		.4byte	.LASF41
 1002 0437 05       		.byte	0x5
 1003 0438 DA       		.byte	0xda
 1004 0439 20       		.uleb128 0x20
 1005 043a 2C000000 		.4byte	.LASF42
 1006 043e 2C000000 		.4byte	.LASF42
ARM GAS  C:\Users\bryan.lee\AppData\Local\Temp\ccxoJJf5.s 			page 26


 1007 0442 05       		.byte	0x5
 1008 0443 BD       		.byte	0xbd
 1009 0444 20       		.uleb128 0x20
 1010 0445 0F010000 		.4byte	.LASF43
 1011 0449 0F010000 		.4byte	.LASF43
 1012 044d 05       		.byte	0x5
 1013 044e C3       		.byte	0xc3
 1014 044f 00       		.byte	0
 1015              		.section	.debug_abbrev,"",%progbits
 1016              	.Ldebug_abbrev0:
 1017 0000 01       		.uleb128 0x1
 1018 0001 11       		.uleb128 0x11
 1019 0002 01       		.byte	0x1
 1020 0003 25       		.uleb128 0x25
 1021 0004 0E       		.uleb128 0xe
 1022 0005 13       		.uleb128 0x13
 1023 0006 0B       		.uleb128 0xb
 1024 0007 03       		.uleb128 0x3
 1025 0008 0E       		.uleb128 0xe
 1026 0009 1B       		.uleb128 0x1b
 1027 000a 0E       		.uleb128 0xe
 1028 000b 55       		.uleb128 0x55
 1029 000c 17       		.uleb128 0x17
 1030 000d 11       		.uleb128 0x11
 1031 000e 01       		.uleb128 0x1
 1032 000f 10       		.uleb128 0x10
 1033 0010 17       		.uleb128 0x17
 1034 0011 00       		.byte	0
 1035 0012 00       		.byte	0
 1036 0013 02       		.uleb128 0x2
 1037 0014 24       		.uleb128 0x24
 1038 0015 00       		.byte	0
 1039 0016 0B       		.uleb128 0xb
 1040 0017 0B       		.uleb128 0xb
 1041 0018 3E       		.uleb128 0x3e
 1042 0019 0B       		.uleb128 0xb
 1043 001a 03       		.uleb128 0x3
 1044 001b 08       		.uleb128 0x8
 1045 001c 00       		.byte	0
 1046 001d 00       		.byte	0
 1047 001e 03       		.uleb128 0x3
 1048 001f 16       		.uleb128 0x16
 1049 0020 00       		.byte	0
 1050 0021 03       		.uleb128 0x3
 1051 0022 0E       		.uleb128 0xe
 1052 0023 3A       		.uleb128 0x3a
 1053 0024 0B       		.uleb128 0xb
 1054 0025 3B       		.uleb128 0x3b
 1055 0026 0B       		.uleb128 0xb
 1056 0027 49       		.uleb128 0x49
 1057 0028 13       		.uleb128 0x13
 1058 0029 00       		.byte	0
 1059 002a 00       		.byte	0
 1060 002b 04       		.uleb128 0x4
 1061 002c 24       		.uleb128 0x24
 1062 002d 00       		.byte	0
 1063 002e 0B       		.uleb128 0xb
ARM GAS  C:\Users\bryan.lee\AppData\Local\Temp\ccxoJJf5.s 			page 27


 1064 002f 0B       		.uleb128 0xb
 1065 0030 3E       		.uleb128 0x3e
 1066 0031 0B       		.uleb128 0xb
 1067 0032 03       		.uleb128 0x3
 1068 0033 0E       		.uleb128 0xe
 1069 0034 00       		.byte	0
 1070 0035 00       		.byte	0
 1071 0036 05       		.uleb128 0x5
 1072 0037 0F       		.uleb128 0xf
 1073 0038 00       		.byte	0
 1074 0039 0B       		.uleb128 0xb
 1075 003a 0B       		.uleb128 0xb
 1076 003b 00       		.byte	0
 1077 003c 00       		.byte	0
 1078 003d 06       		.uleb128 0x6
 1079 003e 16       		.uleb128 0x16
 1080 003f 00       		.byte	0
 1081 0040 03       		.uleb128 0x3
 1082 0041 0E       		.uleb128 0xe
 1083 0042 3A       		.uleb128 0x3a
 1084 0043 0B       		.uleb128 0xb
 1085 0044 3B       		.uleb128 0x3b
 1086 0045 05       		.uleb128 0x5
 1087 0046 49       		.uleb128 0x49
 1088 0047 13       		.uleb128 0x13
 1089 0048 00       		.byte	0
 1090 0049 00       		.byte	0
 1091 004a 07       		.uleb128 0x7
 1092 004b 35       		.uleb128 0x35
 1093 004c 00       		.byte	0
 1094 004d 49       		.uleb128 0x49
 1095 004e 13       		.uleb128 0x13
 1096 004f 00       		.byte	0
 1097 0050 00       		.byte	0
 1098 0051 08       		.uleb128 0x8
 1099 0052 13       		.uleb128 0x13
 1100 0053 01       		.byte	0x1
 1101 0054 0B       		.uleb128 0xb
 1102 0055 0B       		.uleb128 0xb
 1103 0056 3A       		.uleb128 0x3a
 1104 0057 0B       		.uleb128 0xb
 1105 0058 3B       		.uleb128 0x3b
 1106 0059 0B       		.uleb128 0xb
 1107 005a 01       		.uleb128 0x1
 1108 005b 13       		.uleb128 0x13
 1109 005c 00       		.byte	0
 1110 005d 00       		.byte	0
 1111 005e 09       		.uleb128 0x9
 1112 005f 0D       		.uleb128 0xd
 1113 0060 00       		.byte	0
 1114 0061 03       		.uleb128 0x3
 1115 0062 0E       		.uleb128 0xe
 1116 0063 3A       		.uleb128 0x3a
 1117 0064 0B       		.uleb128 0xb
 1118 0065 3B       		.uleb128 0x3b
 1119 0066 0B       		.uleb128 0xb
 1120 0067 49       		.uleb128 0x49
ARM GAS  C:\Users\bryan.lee\AppData\Local\Temp\ccxoJJf5.s 			page 28


 1121 0068 13       		.uleb128 0x13
 1122 0069 38       		.uleb128 0x38
 1123 006a 0B       		.uleb128 0xb
 1124 006b 00       		.byte	0
 1125 006c 00       		.byte	0
 1126 006d 0A       		.uleb128 0xa
 1127 006e 2E       		.uleb128 0x2e
 1128 006f 01       		.byte	0x1
 1129 0070 03       		.uleb128 0x3
 1130 0071 0E       		.uleb128 0xe
 1131 0072 3A       		.uleb128 0x3a
 1132 0073 0B       		.uleb128 0xb
 1133 0074 3B       		.uleb128 0x3b
 1134 0075 0B       		.uleb128 0xb
 1135 0076 27       		.uleb128 0x27
 1136 0077 19       		.uleb128 0x19
 1137 0078 11       		.uleb128 0x11
 1138 0079 01       		.uleb128 0x1
 1139 007a 12       		.uleb128 0x12
 1140 007b 06       		.uleb128 0x6
 1141 007c 40       		.uleb128 0x40
 1142 007d 18       		.uleb128 0x18
 1143 007e 9742     		.uleb128 0x2117
 1144 0080 19       		.uleb128 0x19
 1145 0081 01       		.uleb128 0x1
 1146 0082 13       		.uleb128 0x13
 1147 0083 00       		.byte	0
 1148 0084 00       		.byte	0
 1149 0085 0B       		.uleb128 0xb
 1150 0086 05       		.uleb128 0x5
 1151 0087 00       		.byte	0
 1152 0088 03       		.uleb128 0x3
 1153 0089 0E       		.uleb128 0xe
 1154 008a 3A       		.uleb128 0x3a
 1155 008b 0B       		.uleb128 0xb
 1156 008c 3B       		.uleb128 0x3b
 1157 008d 0B       		.uleb128 0xb
 1158 008e 49       		.uleb128 0x49
 1159 008f 13       		.uleb128 0x13
 1160 0090 02       		.uleb128 0x2
 1161 0091 18       		.uleb128 0x18
 1162 0092 00       		.byte	0
 1163 0093 00       		.byte	0
 1164 0094 0C       		.uleb128 0xc
 1165 0095 34       		.uleb128 0x34
 1166 0096 00       		.byte	0
 1167 0097 03       		.uleb128 0x3
 1168 0098 08       		.uleb128 0x8
 1169 0099 3A       		.uleb128 0x3a
 1170 009a 0B       		.uleb128 0xb
 1171 009b 3B       		.uleb128 0x3b
 1172 009c 0B       		.uleb128 0xb
 1173 009d 49       		.uleb128 0x49
 1174 009e 13       		.uleb128 0x13
 1175 009f 02       		.uleb128 0x2
 1176 00a0 17       		.uleb128 0x17
 1177 00a1 00       		.byte	0
ARM GAS  C:\Users\bryan.lee\AppData\Local\Temp\ccxoJJf5.s 			page 29


 1178 00a2 00       		.byte	0
 1179 00a3 0D       		.uleb128 0xd
 1180 00a4 0B       		.uleb128 0xb
 1181 00a5 01       		.byte	0x1
 1182 00a6 11       		.uleb128 0x11
 1183 00a7 01       		.uleb128 0x1
 1184 00a8 12       		.uleb128 0x12
 1185 00a9 06       		.uleb128 0x6
 1186 00aa 00       		.byte	0
 1187 00ab 00       		.byte	0
 1188 00ac 0E       		.uleb128 0xe
 1189 00ad 34       		.uleb128 0x34
 1190 00ae 00       		.byte	0
 1191 00af 03       		.uleb128 0x3
 1192 00b0 0E       		.uleb128 0xe
 1193 00b1 3A       		.uleb128 0x3a
 1194 00b2 0B       		.uleb128 0xb
 1195 00b3 3B       		.uleb128 0x3b
 1196 00b4 0B       		.uleb128 0xb
 1197 00b5 49       		.uleb128 0x49
 1198 00b6 13       		.uleb128 0x13
 1199 00b7 02       		.uleb128 0x2
 1200 00b8 17       		.uleb128 0x17
 1201 00b9 00       		.byte	0
 1202 00ba 00       		.byte	0
 1203 00bb 0F       		.uleb128 0xf
 1204 00bc 0F       		.uleb128 0xf
 1205 00bd 00       		.byte	0
 1206 00be 0B       		.uleb128 0xb
 1207 00bf 0B       		.uleb128 0xb
 1208 00c0 49       		.uleb128 0x49
 1209 00c1 13       		.uleb128 0x13
 1210 00c2 00       		.byte	0
 1211 00c3 00       		.byte	0
 1212 00c4 10       		.uleb128 0x10
 1213 00c5 26       		.uleb128 0x26
 1214 00c6 00       		.byte	0
 1215 00c7 49       		.uleb128 0x49
 1216 00c8 13       		.uleb128 0x13
 1217 00c9 00       		.byte	0
 1218 00ca 00       		.byte	0
 1219 00cb 11       		.uleb128 0x11
 1220 00cc 2E       		.uleb128 0x2e
 1221 00cd 00       		.byte	0
 1222 00ce 03       		.uleb128 0x3
 1223 00cf 0E       		.uleb128 0xe
 1224 00d0 3A       		.uleb128 0x3a
 1225 00d1 0B       		.uleb128 0xb
 1226 00d2 3B       		.uleb128 0x3b
 1227 00d3 05       		.uleb128 0x5
 1228 00d4 27       		.uleb128 0x27
 1229 00d5 19       		.uleb128 0x19
 1230 00d6 11       		.uleb128 0x11
 1231 00d7 01       		.uleb128 0x1
 1232 00d8 12       		.uleb128 0x12
 1233 00d9 06       		.uleb128 0x6
 1234 00da 40       		.uleb128 0x40
ARM GAS  C:\Users\bryan.lee\AppData\Local\Temp\ccxoJJf5.s 			page 30


 1235 00db 18       		.uleb128 0x18
 1236 00dc 9742     		.uleb128 0x2117
 1237 00de 19       		.uleb128 0x19
 1238 00df 00       		.byte	0
 1239 00e0 00       		.byte	0
 1240 00e1 12       		.uleb128 0x12
 1241 00e2 05       		.uleb128 0x5
 1242 00e3 00       		.byte	0
 1243 00e4 03       		.uleb128 0x3
 1244 00e5 08       		.uleb128 0x8
 1245 00e6 3A       		.uleb128 0x3a
 1246 00e7 0B       		.uleb128 0xb
 1247 00e8 3B       		.uleb128 0x3b
 1248 00e9 0B       		.uleb128 0xb
 1249 00ea 49       		.uleb128 0x49
 1250 00eb 13       		.uleb128 0x13
 1251 00ec 02       		.uleb128 0x2
 1252 00ed 17       		.uleb128 0x17
 1253 00ee 00       		.byte	0
 1254 00ef 00       		.byte	0
 1255 00f0 13       		.uleb128 0x13
 1256 00f1 898201   		.uleb128 0x4109
 1257 00f4 01       		.byte	0x1
 1258 00f5 11       		.uleb128 0x11
 1259 00f6 01       		.uleb128 0x1
 1260 00f7 31       		.uleb128 0x31
 1261 00f8 13       		.uleb128 0x13
 1262 00f9 00       		.byte	0
 1263 00fa 00       		.byte	0
 1264 00fb 14       		.uleb128 0x14
 1265 00fc 8A8201   		.uleb128 0x410a
 1266 00ff 00       		.byte	0
 1267 0100 02       		.uleb128 0x2
 1268 0101 18       		.uleb128 0x18
 1269 0102 9142     		.uleb128 0x2111
 1270 0104 18       		.uleb128 0x18
 1271 0105 00       		.byte	0
 1272 0106 00       		.byte	0
 1273 0107 15       		.uleb128 0x15
 1274 0108 898201   		.uleb128 0x4109
 1275 010b 00       		.byte	0
 1276 010c 11       		.uleb128 0x11
 1277 010d 01       		.uleb128 0x1
 1278 010e 31       		.uleb128 0x31
 1279 010f 13       		.uleb128 0x13
 1280 0110 00       		.byte	0
 1281 0111 00       		.byte	0
 1282 0112 16       		.uleb128 0x16
 1283 0113 898201   		.uleb128 0x4109
 1284 0116 01       		.byte	0x1
 1285 0117 11       		.uleb128 0x11
 1286 0118 01       		.uleb128 0x1
 1287 0119 31       		.uleb128 0x31
 1288 011a 13       		.uleb128 0x13
 1289 011b 01       		.uleb128 0x1
 1290 011c 13       		.uleb128 0x13
 1291 011d 00       		.byte	0
ARM GAS  C:\Users\bryan.lee\AppData\Local\Temp\ccxoJJf5.s 			page 31


 1292 011e 00       		.byte	0
 1293 011f 17       		.uleb128 0x17
 1294 0120 2E       		.uleb128 0x2e
 1295 0121 01       		.byte	0x1
 1296 0122 3F       		.uleb128 0x3f
 1297 0123 19       		.uleb128 0x19
 1298 0124 03       		.uleb128 0x3
 1299 0125 0E       		.uleb128 0xe
 1300 0126 3A       		.uleb128 0x3a
 1301 0127 0B       		.uleb128 0xb
 1302 0128 3B       		.uleb128 0x3b
 1303 0129 05       		.uleb128 0x5
 1304 012a 27       		.uleb128 0x27
 1305 012b 19       		.uleb128 0x19
 1306 012c 11       		.uleb128 0x11
 1307 012d 01       		.uleb128 0x1
 1308 012e 12       		.uleb128 0x12
 1309 012f 06       		.uleb128 0x6
 1310 0130 40       		.uleb128 0x40
 1311 0131 18       		.uleb128 0x18
 1312 0132 9742     		.uleb128 0x2117
 1313 0134 19       		.uleb128 0x19
 1314 0135 01       		.uleb128 0x1
 1315 0136 13       		.uleb128 0x13
 1316 0137 00       		.byte	0
 1317 0138 00       		.byte	0
 1318 0139 18       		.uleb128 0x18
 1319 013a 0B       		.uleb128 0xb
 1320 013b 01       		.byte	0x1
 1321 013c 11       		.uleb128 0x11
 1322 013d 01       		.uleb128 0x1
 1323 013e 12       		.uleb128 0x12
 1324 013f 06       		.uleb128 0x6
 1325 0140 01       		.uleb128 0x1
 1326 0141 13       		.uleb128 0x13
 1327 0142 00       		.byte	0
 1328 0143 00       		.byte	0
 1329 0144 19       		.uleb128 0x19
 1330 0145 34       		.uleb128 0x34
 1331 0146 00       		.byte	0
 1332 0147 03       		.uleb128 0x3
 1333 0148 0E       		.uleb128 0xe
 1334 0149 3A       		.uleb128 0x3a
 1335 014a 0B       		.uleb128 0xb
 1336 014b 3B       		.uleb128 0x3b
 1337 014c 05       		.uleb128 0x5
 1338 014d 49       		.uleb128 0x49
 1339 014e 13       		.uleb128 0x13
 1340 014f 02       		.uleb128 0x2
 1341 0150 18       		.uleb128 0x18
 1342 0151 00       		.byte	0
 1343 0152 00       		.byte	0
 1344 0153 1A       		.uleb128 0x1a
 1345 0154 13       		.uleb128 0x13
 1346 0155 01       		.byte	0x1
 1347 0156 0B       		.uleb128 0xb
 1348 0157 0B       		.uleb128 0xb
ARM GAS  C:\Users\bryan.lee\AppData\Local\Temp\ccxoJJf5.s 			page 32


 1349 0158 3A       		.uleb128 0x3a
 1350 0159 0B       		.uleb128 0xb
 1351 015a 3B       		.uleb128 0x3b
 1352 015b 05       		.uleb128 0x5
 1353 015c 01       		.uleb128 0x1
 1354 015d 13       		.uleb128 0x13
 1355 015e 00       		.byte	0
 1356 015f 00       		.byte	0
 1357 0160 1B       		.uleb128 0x1b
 1358 0161 0D       		.uleb128 0xd
 1359 0162 00       		.byte	0
 1360 0163 03       		.uleb128 0x3
 1361 0164 0E       		.uleb128 0xe
 1362 0165 3A       		.uleb128 0x3a
 1363 0166 0B       		.uleb128 0xb
 1364 0167 3B       		.uleb128 0x3b
 1365 0168 05       		.uleb128 0x5
 1366 0169 49       		.uleb128 0x49
 1367 016a 13       		.uleb128 0x13
 1368 016b 38       		.uleb128 0x38
 1369 016c 0B       		.uleb128 0xb
 1370 016d 00       		.byte	0
 1371 016e 00       		.byte	0
 1372 016f 1C       		.uleb128 0x1c
 1373 0170 01       		.uleb128 0x1
 1374 0171 01       		.byte	0x1
 1375 0172 49       		.uleb128 0x49
 1376 0173 13       		.uleb128 0x13
 1377 0174 01       		.uleb128 0x1
 1378 0175 13       		.uleb128 0x13
 1379 0176 00       		.byte	0
 1380 0177 00       		.byte	0
 1381 0178 1D       		.uleb128 0x1d
 1382 0179 21       		.uleb128 0x21
 1383 017a 00       		.byte	0
 1384 017b 49       		.uleb128 0x49
 1385 017c 13       		.uleb128 0x13
 1386 017d 2F       		.uleb128 0x2f
 1387 017e 0B       		.uleb128 0xb
 1388 017f 00       		.byte	0
 1389 0180 00       		.byte	0
 1390 0181 1E       		.uleb128 0x1e
 1391 0182 34       		.uleb128 0x34
 1392 0183 00       		.byte	0
 1393 0184 03       		.uleb128 0x3
 1394 0185 08       		.uleb128 0x8
 1395 0186 3A       		.uleb128 0x3a
 1396 0187 0B       		.uleb128 0xb
 1397 0188 3B       		.uleb128 0x3b
 1398 0189 05       		.uleb128 0x5
 1399 018a 49       		.uleb128 0x49
 1400 018b 13       		.uleb128 0x13
 1401 018c 02       		.uleb128 0x2
 1402 018d 17       		.uleb128 0x17
 1403 018e 00       		.byte	0
 1404 018f 00       		.byte	0
 1405 0190 1F       		.uleb128 0x1f
ARM GAS  C:\Users\bryan.lee\AppData\Local\Temp\ccxoJJf5.s 			page 33


 1406 0191 2E       		.uleb128 0x2e
 1407 0192 00       		.byte	0
 1408 0193 3F       		.uleb128 0x3f
 1409 0194 19       		.uleb128 0x19
 1410 0195 3C       		.uleb128 0x3c
 1411 0196 19       		.uleb128 0x19
 1412 0197 6E       		.uleb128 0x6e
 1413 0198 0E       		.uleb128 0xe
 1414 0199 03       		.uleb128 0x3
 1415 019a 0E       		.uleb128 0xe
 1416 019b 00       		.byte	0
 1417 019c 00       		.byte	0
 1418 019d 20       		.uleb128 0x20
 1419 019e 2E       		.uleb128 0x2e
 1420 019f 00       		.byte	0
 1421 01a0 3F       		.uleb128 0x3f
 1422 01a1 19       		.uleb128 0x19
 1423 01a2 3C       		.uleb128 0x3c
 1424 01a3 19       		.uleb128 0x19
 1425 01a4 6E       		.uleb128 0x6e
 1426 01a5 0E       		.uleb128 0xe
 1427 01a6 03       		.uleb128 0x3
 1428 01a7 0E       		.uleb128 0xe
 1429 01a8 3A       		.uleb128 0x3a
 1430 01a9 0B       		.uleb128 0xb
 1431 01aa 3B       		.uleb128 0x3b
 1432 01ab 0B       		.uleb128 0xb
 1433 01ac 00       		.byte	0
 1434 01ad 00       		.byte	0
 1435 01ae 00       		.byte	0
 1436              		.section	.debug_loc,"",%progbits
 1437              	.Ldebug_loc0:
 1438              	.LLST0:
 1439 0000 02000000 		.4byte	.LVL1
 1440 0004 08000000 		.4byte	.LVL2
 1441 0008 0200     		.2byte	0x2
 1442 000a 30       		.byte	0x30
 1443 000b 9F       		.byte	0x9f
 1444 000c 08000000 		.4byte	.LVL2
 1445 0010 30000000 		.4byte	.LVL11
 1446 0014 0100     		.2byte	0x1
 1447 0016 57       		.byte	0x57
 1448 0017 00000000 		.4byte	0
 1449 001b 00000000 		.4byte	0
 1450              	.LLST1:
 1451 001f 02000000 		.4byte	.LVL1
 1452 0023 08000000 		.4byte	.LVL2
 1453 0027 0200     		.2byte	0x2
 1454 0029 30       		.byte	0x30
 1455 002a 9F       		.byte	0x9f
 1456 002b 08000000 		.4byte	.LVL2
 1457 002f 30000000 		.4byte	.LVL10
 1458 0033 0100     		.2byte	0x1
 1459 0035 55       		.byte	0x55
 1460 0036 00000000 		.4byte	0
 1461 003a 00000000 		.4byte	0
 1462              	.LLST2:
ARM GAS  C:\Users\bryan.lee\AppData\Local\Temp\ccxoJJf5.s 			page 34


 1463 003e 0C000000 		.4byte	.LVL3
 1464 0042 2C000000 		.4byte	.LVL9
 1465 0046 0100     		.2byte	0x1
 1466 0048 56       		.byte	0x56
 1467 0049 00000000 		.4byte	0
 1468 004d 00000000 		.4byte	0
 1469              	.LLST3:
 1470 0051 0E000000 		.4byte	.LVL4
 1471 0055 24000000 		.4byte	.LVL7
 1472 0059 0100     		.2byte	0x1
 1473 005b 53       		.byte	0x53
 1474 005c 26000000 		.4byte	.LVL8
 1475 0060 2C000000 		.4byte	.LVL9
 1476 0064 0100     		.2byte	0x1
 1477 0066 53       		.byte	0x53
 1478 0067 00000000 		.4byte	0
 1479 006b 00000000 		.4byte	0
 1480              	.LLST4:
 1481 006f 00000000 		.4byte	.LVL12
 1482 0073 09000000 		.4byte	.LVL14-1
 1483 0077 0100     		.2byte	0x1
 1484 0079 50       		.byte	0x50
 1485 007a 09000000 		.4byte	.LVL14-1
 1486 007e 0C000000 		.4byte	.LFE2
 1487 0082 0400     		.2byte	0x4
 1488 0084 F3       		.byte	0xf3
 1489 0085 01       		.uleb128 0x1
 1490 0086 50       		.byte	0x50
 1491 0087 9F       		.byte	0x9f
 1492 0088 00000000 		.4byte	0
 1493 008c 00000000 		.4byte	0
 1494              	.LLST5:
 1495 0090 00000000 		.4byte	.LVL12
 1496 0094 06000000 		.4byte	.LVL13
 1497 0098 0100     		.2byte	0x1
 1498 009a 51       		.byte	0x51
 1499 009b 06000000 		.4byte	.LVL13
 1500 009f 09000000 		.4byte	.LVL14-1
 1501 00a3 0100     		.2byte	0x1
 1502 00a5 52       		.byte	0x52
 1503 00a6 09000000 		.4byte	.LVL14-1
 1504 00aa 0C000000 		.4byte	.LFE2
 1505 00ae 0400     		.2byte	0x4
 1506 00b0 F3       		.byte	0xf3
 1507 00b1 01       		.uleb128 0x1
 1508 00b2 51       		.byte	0x51
 1509 00b3 9F       		.byte	0x9f
 1510 00b4 00000000 		.4byte	0
 1511 00b8 00000000 		.4byte	0
 1512              	.LLST6:
 1513 00bc 06010000 		.4byte	.LVL23
 1514 00c0 0A010000 		.4byte	.LVL24
 1515 00c4 0200     		.2byte	0x2
 1516 00c6 30       		.byte	0x30
 1517 00c7 9F       		.byte	0x9f
 1518 00c8 0A010000 		.4byte	.LVL24
 1519 00cc 28010000 		.4byte	.LVL26
ARM GAS  C:\Users\bryan.lee\AppData\Local\Temp\ccxoJJf5.s 			page 35


 1520 00d0 0100     		.2byte	0x1
 1521 00d2 54       		.byte	0x54
 1522 00d3 2A010000 		.4byte	.LVL27
 1523 00d7 88010000 		.4byte	.LVL31
 1524 00db 0100     		.2byte	0x1
 1525 00dd 54       		.byte	0x54
 1526 00de 00000000 		.4byte	0
 1527 00e2 00000000 		.4byte	0
 1528              	.LLST7:
 1529 00e6 0A010000 		.4byte	.LVL24
 1530 00ea 28010000 		.4byte	.LVL26
 1531 00ee 0B00     		.2byte	0xb
 1532 00f0 74       		.byte	0x74
 1533 00f1 00       		.sleb128 0
 1534 00f2 36       		.byte	0x36
 1535 00f3 1E       		.byte	0x1e
 1536 00f4 03       		.byte	0x3
 1537 00f5 00000000 		.4byte	cfg_memset_list.4907
 1538 00f9 22       		.byte	0x22
 1539 00fa 9F       		.byte	0x9f
 1540 00fb 28010000 		.4byte	.LVL26
 1541 00ff 2A010000 		.4byte	.LVL27
 1542 0103 0B00     		.2byte	0xb
 1543 0105 74       		.byte	0x74
 1544 0106 7F       		.sleb128 -1
 1545 0107 36       		.byte	0x36
 1546 0108 1E       		.byte	0x1e
 1547 0109 03       		.byte	0x3
 1548 010a 00000000 		.4byte	cfg_memset_list.4907
 1549 010e 22       		.byte	0x22
 1550 010f 9F       		.byte	0x9f
 1551 0110 00000000 		.4byte	0
 1552 0114 00000000 		.4byte	0
 1553              		.section	.debug_aranges,"",%progbits
 1554 0000 3C000000 		.4byte	0x3c
 1555 0004 0200     		.2byte	0x2
 1556 0006 00000000 		.4byte	.Ldebug_info0
 1557 000a 04       		.byte	0x4
 1558 000b 00       		.byte	0
 1559 000c 0000     		.2byte	0
 1560 000e 0000     		.2byte	0
 1561 0010 00000000 		.4byte	.LFB5
 1562 0014 32000000 		.4byte	.LFE5-.LFB5
 1563 0018 00000000 		.4byte	.LFB7
 1564 001c 20000000 		.4byte	.LFE7-.LFB7
 1565 0020 00000000 		.4byte	.LFB2
 1566 0024 0C000000 		.4byte	.LFE2-.LFB2
 1567 0028 00000000 		.4byte	.LFB6
 1568 002c FC000000 		.4byte	.LFE6-.LFB6
 1569 0030 FC000000 		.4byte	.LFB8
 1570 0034 BC000000 		.4byte	.LFE8-.LFB8
 1571 0038 00000000 		.4byte	0
 1572 003c 00000000 		.4byte	0
 1573              		.section	.debug_ranges,"",%progbits
 1574              	.Ldebug_ranges0:
 1575 0000 00000000 		.4byte	.LFB5
 1576 0004 32000000 		.4byte	.LFE5
ARM GAS  C:\Users\bryan.lee\AppData\Local\Temp\ccxoJJf5.s 			page 36


 1577 0008 00000000 		.4byte	.LFB7
 1578 000c 20000000 		.4byte	.LFE7
 1579 0010 00000000 		.4byte	.LFB2
 1580 0014 0C000000 		.4byte	.LFE2
 1581 0018 00000000 		.4byte	.LFB6
 1582 001c FC000000 		.4byte	.LFE6
 1583 0020 FC000000 		.4byte	.LFB8
 1584 0024 B8010000 		.4byte	.LFE8
 1585 0028 00000000 		.4byte	0
 1586 002c 00000000 		.4byte	0
 1587              		.section	.debug_line,"",%progbits
 1588              	.Ldebug_line0:
 1589 0000 89010000 		.section	.debug_str,"MS",%progbits,1
 1589      0200E300 
 1589      00000201 
 1589      FB0E0D00 
 1589      01010101 
 1590              	.LASF37:
 1591 0000 43794465 		.ascii	"CyDelayCycles\000"
 1591      6C617943 
 1591      79636C65 
 1591      7300
 1592              	.LASF19:
 1593 000e 72656733 		.ascii	"reg32\000"
 1593      3200
 1594              	.LASF12:
 1595 0014 73697A65 		.ascii	"size_t\000"
 1595      5F7400
 1596              	.LASF47:
 1597 001b 416E616C 		.ascii	"AnalogSetDefault\000"
 1597      6F675365 
 1597      74446566 
 1597      61756C74 
 1597      00
 1598              	.LASF42:
 1599 002c 4379496E 		.ascii	"CyIntSetVector\000"
 1599      74536574 
 1599      56656374 
 1599      6F7200
 1600              	.LASF21:
 1601 003b 76616C75 		.ascii	"value\000"
 1601      6500
 1602              	.LASF26:
 1603 0041 636F756E 		.ascii	"count\000"
 1603      7400
 1604              	.LASF29:
 1605 0047 436C6F63 		.ascii	"ClockSetup\000"
 1605      6B536574 
 1605      757000
 1606              	.LASF30:
 1607 0052 63795F63 		.ascii	"cy_cfg_addr_table\000"
 1607      66675F61 
 1607      6464725F 
 1607      7461626C 
 1607      6500
 1608              	.LASF31:
 1609 0064 63795F63 		.ascii	"cy_cfg_data_table\000"
ARM GAS  C:\Users\bryan.lee\AppData\Local\Temp\ccxoJJf5.s 			page 37


 1609      66675F64 
 1609      6174615F 
 1609      7461626C 
 1609      6500
 1610              	.LASF16:
 1611 0076 666C6F61 		.ascii	"float\000"
 1611      7400
 1612              	.LASF35:
 1613 007c 6366675F 		.ascii	"cfg_memset_list\000"
 1613      6D656D73 
 1613      65745F6C 
 1613      69737400 
 1614              	.LASF33:
 1615 008c 73697A65 		.ascii	"size\000"
 1615      00
 1616              	.LASF38:
 1617 0091 43795379 		.ascii	"CySysClkWcoSetPowerMode\000"
 1617      73436C6B 
 1617      57636F53 
 1617      6574506F 
 1617      7765724D 
 1618              	.LASF18:
 1619 00a9 72656738 		.ascii	"reg8\000"
 1619      00
 1620              	.LASF8:
 1621 00ae 6C6F6E67 		.ascii	"long unsigned int\000"
 1621      20756E73 
 1621      69676E65 
 1621      6420696E 
 1621      7400
 1622              	.LASF13:
 1623 00c0 75696E74 		.ascii	"uint8\000"
 1623      3800
 1624              	.LASF36:
 1625 00c6 43795379 		.ascii	"CySysClkWcoStart\000"
 1625      73436C6B 
 1625      57636F53 
 1625      74617274 
 1625      00
 1626              	.LASF28:
 1627 00d7 43594D45 		.ascii	"CYMEMZERO\000"
 1627      4D5A4552 
 1627      4F00
 1628              	.LASF4:
 1629 00e1 756E7369 		.ascii	"unsigned char\000"
 1629      676E6564 
 1629      20636861 
 1629      7200
 1630              	.LASF49:
 1631 00ef 6D656D73 		.ascii	"memset\000"
 1631      657400
 1632              	.LASF17:
 1633 00f6 646F7562 		.ascii	"double\000"
 1633      6C6500
 1634              	.LASF27:
 1635 00fd 6366675F 		.ascii	"cfg_write_bytes32\000"
 1635      77726974 
ARM GAS  C:\Users\bryan.lee\AppData\Local\Temp\ccxoJJf5.s 			page 38


 1635      655F6279 
 1635      74657333 
 1635      3200
 1636              	.LASF43:
 1637 010f 4379496E 		.ascii	"CyIntEnable\000"
 1637      74456E61 
 1637      626C6500 
 1638              	.LASF23:
 1639 011b 61646472 		.ascii	"addr_table\000"
 1639      5F746162 
 1639      6C6500
 1640              	.LASF14:
 1641 0126 75696E74 		.ascii	"uint16\000"
 1641      313600
 1642              	.LASF24:
 1643 012d 64617461 		.ascii	"data_table\000"
 1643      5F746162 
 1643      6C6500
 1644              	.LASF15:
 1645 0138 75696E74 		.ascii	"uint32\000"
 1645      333200
 1646              	.LASF0:
 1647 013f 756E7369 		.ascii	"unsigned int\000"
 1647      676E6564 
 1647      20696E74 
 1647      00
 1648              	.LASF48:
 1649 014c 63796669 		.ascii	"cyfitter_cfg\000"
 1649      74746572 
 1649      5F636667 
 1649      00
 1650              	.LASF32:
 1651 0159 61646472 		.ascii	"address\000"
 1651      65737300 
 1652              	.LASF9:
 1653 0161 6C6F6E67 		.ascii	"long long unsigned int\000"
 1653      206C6F6E 
 1653      6720756E 
 1653      7369676E 
 1653      65642069 
 1654              	.LASF44:
 1655 0178 474E5520 		.ascii	"GNU C11 5.4.1 20160609 (release) [ARM/embedded-5-br"
 1655      43313120 
 1655      352E342E 
 1655      31203230 
 1655      31363036 
 1656 01ab 616E6368 		.ascii	"anch revision 237715] -mcpu=cortex-m0 -mthumb -g -O"
 1656      20726576 
 1656      6973696F 
 1656      6E203233 
 1656      37373135 
 1657 01de 67202D66 		.ascii	"g -ffunction-sections -ffat-lto-objects\000"
 1657      66756E63 
 1657      74696F6E 
 1657      2D736563 
 1657      74696F6E 
 1658              	.LASF34:
ARM GAS  C:\Users\bryan.lee\AppData\Local\Temp\ccxoJJf5.s 			page 39


 1659 0206 6366675F 		.ascii	"cfg_memset_t\000"
 1659      6D656D73 
 1659      65745F74 
 1659      00
 1660              	.LASF25:
 1661 0213 62617365 		.ascii	"baseAddr\000"
 1661      41646472 
 1661      00
 1662              	.LASF10:
 1663 021c 73697A65 		.ascii	"sizetype\000"
 1663      74797065 
 1663      00
 1664              	.LASF6:
 1665 0225 73686F72 		.ascii	"short unsigned int\000"
 1665      7420756E 
 1665      7369676E 
 1665      65642069 
 1665      6E7400
 1666              	.LASF1:
 1667 0238 6C6F6E67 		.ascii	"long long int\000"
 1667      206C6F6E 
 1667      6720696E 
 1667      7400
 1668              	.LASF41:
 1669 0246 43794465 		.ascii	"CyDelayUs\000"
 1669      6C617955 
 1669      7300
 1670              	.LASF11:
 1671 0250 63686172 		.ascii	"char\000"
 1671      00
 1672              	.LASF40:
 1673 0255 43795379 		.ascii	"CySysClkEcoStart\000"
 1673      73436C6B 
 1673      45636F53 
 1673      74617274 
 1673      00
 1674              	.LASF22:
 1675 0266 63795F63 		.ascii	"cy_cfg_addrvalue_t\000"
 1675      66675F61 
 1675      64647276 
 1675      616C7565 
 1675      5F7400
 1676              	.LASF20:
 1677 0279 6F666673 		.ascii	"offset\000"
 1677      657400
 1678              	.LASF5:
 1679 0280 73686F72 		.ascii	"short int\000"
 1679      7420696E 
 1679      7400
 1680              	.LASF39:
 1681 028a 43795379 		.ascii	"CySysClkWriteImoFreq\000"
 1681      73436C6B 
 1681      57726974 
 1681      65496D6F 
 1681      46726571 
 1682              	.LASF46:
 1683 029f 433A5C55 		.ascii	"C:\\Users\\bryan.lee\\Documents\\GitHub\\hello-worl"
ARM GAS  C:\Users\bryan.lee\AppData\Local\Temp\ccxoJJf5.s 			page 40


 1683      73657273 
 1683      5C627279 
 1683      616E2E6C 
 1683      65655C44 
 1684 02cd 645C5073 		.ascii	"d\\Psoc_102_4BLE\\PSoC_101\\Design01.cydsn\000"
 1684      6F635F31 
 1684      30325F34 
 1684      424C455C 
 1684      50536F43 
 1685              	.LASF7:
 1686 02f5 6C6F6E67 		.ascii	"long int\000"
 1686      20696E74 
 1686      00
 1687              	.LASF2:
 1688 02fe 6C6F6E67 		.ascii	"long double\000"
 1688      20646F75 
 1688      626C6500 
 1689              	.LASF3:
 1690 030a 7369676E 		.ascii	"signed char\000"
 1690      65642063 
 1690      68617200 
 1691              	.LASF45:
 1692 0316 47656E65 		.ascii	"Generated_Source\\PSoC4\\cyfitter_cfg.c\000"
 1692      72617465 
 1692      645F536F 
 1692      75726365 
 1692      5C50536F 
 1693              		.ident	"GCC: (GNU Tools for ARM Embedded Processors) 5.4.1 20160609 (release) [ARM/embedded-5-bran
