ARM GAS  C:\Users\bryan.lee\AppData\Local\Temp\ccQDroBg.s 			page 1


   1              		.syntax unified
   2              		.cpu cortex-m0
   3              		.fpu softvfp
   4              		.eabi_attribute 20, 1
   5              		.eabi_attribute 21, 1
   6              		.eabi_attribute 23, 3
   7              		.eabi_attribute 24, 1
   8              		.eabi_attribute 25, 1
   9              		.eabi_attribute 26, 1
  10              		.eabi_attribute 30, 1
  11              		.eabi_attribute 34, 0
  12              		.eabi_attribute 18, 4
  13              		.thumb
  14              		.syntax unified
  15              		.file	"main.c"
  16              		.text
  17              	.Ltext0:
  18              		.cfi_sections	.debug_frame
  19              		.section	.text.Stack_Handler,"ax",%progbits
  20              		.align	2
  21              		.global	Stack_Handler
  22              		.code	16
  23              		.thumb_func
  24              		.type	Stack_Handler, %function
  25              	Stack_Handler:
  26              	.LFB35:
  27              		.file 1 "main.c"
   1:main.c        **** /* ========================================
   2:main.c        ****  *
   3:main.c        ****  * Copyright YOUR COMPANY, THE YEAR
   4:main.c        ****  * All Rights Reserved
   5:main.c        ****  * UNPUBLISHED, LICENSED SOFTWARE.
   6:main.c        ****  *
   7:main.c        ****  * CONFIDENTIAL AND PROPRIETARY INFORMATION
   8:main.c        ****  * WHICH IS THE PROPERTY OF your company.
   9:main.c        ****  *
  10:main.c        ****  * ========================================
  11:main.c        **** */
  12:main.c        **** #include "project.h"
  13:main.c        **** 
  14:main.c        **** void Stack_Handler(uint32 eventCode, void *eventParam)
  15:main.c        **** {
  28              		.loc 1 15 0
  29              		.cfi_startproc
  30              		@ args = 0, pretend = 0, frame = 0
  31              		@ frame_needed = 0, uses_anonymous_args = 0
  32              	.LVL0:
  33 0000 10B5     		push	{r4, lr}
  34              		.cfi_def_cfa_offset 8
  35              		.cfi_offset 4, -8
  36              		.cfi_offset 14, -4
  16:main.c        ****     switch(eventCode)
  37              		.loc 1 16 0
  38 0002 0128     		cmp	r0, #1
  39 0004 01D0     		beq	.L3
  40 0006 2828     		cmp	r0, #40
  41 0008 02D1     		bne	.L1
ARM GAS  C:\Users\bryan.lee\AppData\Local\Temp\ccQDroBg.s 			page 2


  42              	.L3:
  17:main.c        ****     {
  18:main.c        ****         case CYBLE_EVT_STACK_ON:
  19:main.c        ****         case CYBLE_EVT_GAP_DEVICE_DISCONNECTED:
  20:main.c        ****             CyBle_GappStartAdvertisement(CYBLE_ADVERTISING_FAST);
  43              		.loc 1 20 0
  44 000a 0020     		movs	r0, #0
  45              	.LVL1:
  46 000c FFF7FEFF 		bl	CyBle_GappStartAdvertisement
  47              	.LVL2:
  48              	.L1:
  21:main.c        ****             break;
  22:main.c        ****     }
  23:main.c        **** }
  49              		.loc 1 23 0
  50              		@ sp needed
  51 0010 10BD     		pop	{r4, pc}
  52              		.cfi_endproc
  53              	.LFE35:
  54              		.size	Stack_Handler, .-Stack_Handler
  55 0012 C046     		.section	.text.Ias_Handler,"ax",%progbits
  56              		.align	2
  57              		.global	Ias_Handler
  58              		.code	16
  59              		.thumb_func
  60              		.type	Ias_Handler, %function
  61              	Ias_Handler:
  62              	.LFB36:
  24:main.c        **** 
  25:main.c        **** void Ias_Handler(uint32 eventCode, void *eventParam)
  26:main.c        **** {
  63              		.loc 1 26 0
  64              		.cfi_startproc
  65              		@ args = 0, pretend = 0, frame = 0
  66              		@ frame_needed = 0, uses_anonymous_args = 0
  67              	.LVL3:
  68 0000 10B5     		push	{r4, lr}
  69              		.cfi_def_cfa_offset 8
  70              		.cfi_offset 4, -8
  71              		.cfi_offset 14, -4
  72              	.LVL4:
  27:main.c        ****     CYBLE_IAS_CHAR_VALUE_T *param = (CYBLE_IAS_CHAR_VALUE_T *)eventParam;
  28:main.c        ****     
  29:main.c        ****     if(*param->value->val == 0)
  73              		.loc 1 29 0
  74 0002 4B68     		ldr	r3, [r1, #4]
  75 0004 1B68     		ldr	r3, [r3]
  76 0006 1B78     		ldrb	r3, [r3]
  77 0008 002B     		cmp	r3, #0
  78 000a 03D1     		bne	.L5
  30:main.c        ****         PWM_WriteCompare(0);
  79              		.loc 1 30 0
  80 000c 0020     		movs	r0, #0
  81              	.LVL5:
  82 000e FFF7FEFF 		bl	PWM_WriteCompare
  83              	.LVL6:
  84 0012 0AE0     		b	.L4
ARM GAS  C:\Users\bryan.lee\AppData\Local\Temp\ccQDroBg.s 			page 3


  85              	.LVL7:
  86              	.L5:
  31:main.c        ****     else if(*param->value->val == 1)
  87              		.loc 1 31 0
  88 0014 012B     		cmp	r3, #1
  89 0016 04D1     		bne	.L7
  32:main.c        ****         PWM_WriteCompare(500);
  90              		.loc 1 32 0
  91 0018 FA20     		movs	r0, #250
  92              	.LVL8:
  93 001a 4000     		lsls	r0, r0, #1
  94 001c FFF7FEFF 		bl	PWM_WriteCompare
  95              	.LVL9:
  96 0020 03E0     		b	.L4
  97              	.LVL10:
  98              	.L7:
  33:main.c        ****     else
  34:main.c        ****         PWM_WriteCompare(1000);
  99              		.loc 1 34 0
 100 0022 FA20     		movs	r0, #250
 101              	.LVL11:
 102 0024 8000     		lsls	r0, r0, #2
 103 0026 FFF7FEFF 		bl	PWM_WriteCompare
 104              	.LVL12:
 105              	.L4:
  35:main.c        **** }
 106              		.loc 1 35 0
 107              		@ sp needed
 108 002a 10BD     		pop	{r4, pc}
 109              		.cfi_endproc
 110              	.LFE36:
 111              		.size	Ias_Handler, .-Ias_Handler
 112              		.section	.text.Timer_ISR_Handler,"ax",%progbits
 113              		.align	2
 114              		.global	Timer_ISR_Handler
 115              		.code	16
 116              		.thumb_func
 117              		.type	Timer_ISR_Handler, %function
 118              	Timer_ISR_Handler:
 119              	.LFB37:
  36:main.c        **** 
  37:main.c        **** CY_ISR(Timer_ISR_Handler)
  38:main.c        **** {
 120              		.loc 1 38 0
 121              		.cfi_startproc
 122              		@ args = 0, pretend = 0, frame = 0
 123              		@ frame_needed = 0, uses_anonymous_args = 0
 124 0000 10B5     		push	{r4, lr}
 125              		.cfi_def_cfa_offset 8
 126              		.cfi_offset 4, -8
 127              		.cfi_offset 14, -4
  39:main.c        ****     CYBLE_GATT_HANDLE_VALUE_PAIR_T locHandleValuePair;
  40:main.c        ****     uint8 bval;
  41:main.c        ****     
  42:main.c        ****     locHandleValuePair.attrHandle = cyBle_bass[0].batteryLevelHandle;
  43:main.c        ****     locHandleValuePair.value.len = 1;
  44:main.c        ****     locHandleValuePair.value.val = &bval;
ARM GAS  C:\Users\bryan.lee\AppData\Local\Temp\ccQDroBg.s 			page 4


  45:main.c        ****     
  46:main.c        ****     Timer_ClearInterrupt(Timer_INTR_MASK_TC );
 128              		.loc 1 46 0
 129 0002 0120     		movs	r0, #1
 130 0004 FFF7FEFF 		bl	Timer_ClearInterrupt
 131              	.LVL13:
  47:main.c        **** }
 132              		.loc 1 47 0
 133              		@ sp needed
 134 0008 10BD     		pop	{r4, pc}
 135              		.cfi_endproc
 136              	.LFE37:
 137              		.size	Timer_ISR_Handler, .-Timer_ISR_Handler
 138 000a C046     		.section	.text.main,"ax",%progbits
 139              		.align	2
 140              		.global	main
 141              		.code	16
 142              		.thumb_func
 143              		.type	main, %function
 144              	main:
 145              	.LFB38:
  48:main.c        **** int main(void)
  49:main.c        **** {
 146              		.loc 1 49 0
 147              		.cfi_startproc
 148              		@ Volatile: function does not return.
 149              		@ args = 0, pretend = 0, frame = 0
 150              		@ frame_needed = 0, uses_anonymous_args = 0
 151 0000 10B5     		push	{r4, lr}
 152              		.cfi_def_cfa_offset 8
 153              		.cfi_offset 4, -8
 154              		.cfi_offset 14, -4
  50:main.c        ****     CyGlobalIntEnable; /* Enable global interrupts. */
 155              		.loc 1 50 0
 156              		.syntax divided
 157              	@ 50 "main.c" 1
 158 0002 62B6     		CPSIE   i
 159              	@ 0 "" 2
  51:main.c        ****     CyBle_Start(Stack_Handler);
 160              		.loc 1 51 0
 161              		.thumb
 162              		.syntax unified
 163 0004 0748     		ldr	r0, .L11
 164 0006 FFF7FEFF 		bl	CyBle_Start
 165              	.LVL14:
  52:main.c        ****     CyBle_IasRegisterAttrCallback(Ias_Handler);
 166              		.loc 1 52 0
 167 000a 0748     		ldr	r0, .L11+4
 168 000c FFF7FEFF 		bl	CyBle_IasRegisterAttrCallback
 169              	.LVL15:
  53:main.c        ****     PWM_Start();
 170              		.loc 1 53 0
 171 0010 FFF7FEFF 		bl	PWM_Start
 172              	.LVL16:
  54:main.c        ****     Timer_Start();
 173              		.loc 1 54 0
 174 0014 FFF7FEFF 		bl	Timer_Start
ARM GAS  C:\Users\bryan.lee\AppData\Local\Temp\ccQDroBg.s 			page 5


 175              	.LVL17:
  55:main.c        ****     Timer_ISR_StartEx(Timer_ISR_Handler);
 176              		.loc 1 55 0
 177 0018 0448     		ldr	r0, .L11+8
 178 001a FFF7FEFF 		bl	Timer_ISR_StartEx
 179              	.LVL18:
 180              	.L10:
  56:main.c        ****     
  57:main.c        **** 
  58:main.c        ****     /* Place your initialization/startup code here (e.g. MyInst_Start()) */
  59:main.c        **** 
  60:main.c        ****     for(;;)
  61:main.c        ****     {
  62:main.c        ****         CyBle_ProcessEvents();
 181              		.loc 1 62 0 discriminator 1
 182 001e FFF7FEFF 		bl	CyBle_ProcessEvents
 183              	.LVL19:
 184 0022 FCE7     		b	.L10
 185              	.L12:
 186              		.align	2
 187              	.L11:
 188 0024 00000000 		.word	Stack_Handler
 189 0028 00000000 		.word	Ias_Handler
 190 002c 00000000 		.word	Timer_ISR_Handler
 191              		.cfi_endproc
 192              	.LFE38:
 193              		.size	main, .-main
 194              		.text
 195              	.Letext0:
 196              		.file 2 "Generated_Source\\PSoC4/cytypes.h"
 197              		.file 3 "Generated_Source\\PSoC4/BLE_1_StackGatt.h"
 198              		.file 4 "Generated_Source\\PSoC4/BLE_1_bas.h"
 199              		.file 5 "Generated_Source\\PSoC4/BLE_1_Stack.h"
 200              		.file 6 "Generated_Source\\PSoC4/BLE_1_ias.h"
 201              		.file 7 "Generated_Source\\PSoC4/BLE_1.h"
 202              		.file 8 "Generated_Source\\PSoC4/PWM.h"
 203              		.file 9 "Generated_Source\\PSoC4/Timer.h"
 204              		.file 10 "Generated_Source\\PSoC4/Timer_ISR.h"
 205              		.section	.debug_info,"",%progbits
 206              	.Ldebug_info0:
 207 0000 CD050000 		.4byte	0x5cd
 208 0004 0400     		.2byte	0x4
 209 0006 00000000 		.4byte	.Ldebug_abbrev0
 210 000a 04       		.byte	0x4
 211 000b 01       		.uleb128 0x1
 212 000c 50010000 		.4byte	.LASF125
 213 0010 0C       		.byte	0xc
 214 0011 5E080000 		.4byte	.LASF126
 215 0015 020C0000 		.4byte	.LASF127
 216 0019 00000000 		.4byte	.Ldebug_ranges0+0
 217 001d 00000000 		.4byte	0
 218 0021 00000000 		.4byte	.Ldebug_line0
 219 0025 02       		.uleb128 0x2
 220 0026 01       		.byte	0x1
 221 0027 06       		.byte	0x6
 222 0028 F3020000 		.4byte	.LASF0
 223 002c 02       		.uleb128 0x2
ARM GAS  C:\Users\bryan.lee\AppData\Local\Temp\ccQDroBg.s 			page 6


 224 002d 01       		.byte	0x1
 225 002e 08       		.byte	0x8
 226 002f 05090000 		.4byte	.LASF1
 227 0033 02       		.uleb128 0x2
 228 0034 02       		.byte	0x2
 229 0035 05       		.byte	0x5
 230 0036 37090000 		.4byte	.LASF2
 231 003a 02       		.uleb128 0x2
 232 003b 02       		.byte	0x2
 233 003c 07       		.byte	0x7
 234 003d 81050000 		.4byte	.LASF3
 235 0041 02       		.uleb128 0x2
 236 0042 04       		.byte	0x4
 237 0043 05       		.byte	0x5
 238 0044 47010000 		.4byte	.LASF4
 239 0048 02       		.uleb128 0x2
 240 0049 04       		.byte	0x4
 241 004a 07       		.byte	0x7
 242 004b D8040000 		.4byte	.LASF5
 243 004f 02       		.uleb128 0x2
 244 0050 08       		.byte	0x8
 245 0051 05       		.byte	0x5
 246 0052 E5020000 		.4byte	.LASF6
 247 0056 02       		.uleb128 0x2
 248 0057 08       		.byte	0x8
 249 0058 07       		.byte	0x7
 250 0059 DE010000 		.4byte	.LASF7
 251 005d 03       		.uleb128 0x3
 252 005e 04       		.byte	0x4
 253 005f 05       		.byte	0x5
 254 0060 696E7400 		.ascii	"int\000"
 255 0064 02       		.uleb128 0x2
 256 0065 04       		.byte	0x4
 257 0066 07       		.byte	0x7
 258 0067 9A040000 		.4byte	.LASF8
 259 006b 04       		.uleb128 0x4
 260 006c C7030000 		.4byte	.LASF9
 261 0070 02       		.byte	0x2
 262 0071 E401     		.2byte	0x1e4
 263 0073 2C000000 		.4byte	0x2c
 264 0077 04       		.uleb128 0x4
 265 0078 3F000000 		.4byte	.LASF10
 266 007c 02       		.byte	0x2
 267 007d E501     		.2byte	0x1e5
 268 007f 3A000000 		.4byte	0x3a
 269 0083 04       		.uleb128 0x4
 270 0084 2E040000 		.4byte	.LASF11
 271 0088 02       		.byte	0x2
 272 0089 E601     		.2byte	0x1e6
 273 008b 48000000 		.4byte	0x48
 274 008f 02       		.uleb128 0x2
 275 0090 04       		.byte	0x4
 276 0091 04       		.byte	0x4
 277 0092 AA080000 		.4byte	.LASF12
 278 0096 02       		.uleb128 0x2
 279 0097 08       		.byte	0x8
 280 0098 04       		.byte	0x4
ARM GAS  C:\Users\bryan.lee\AppData\Local\Temp\ccQDroBg.s 			page 7


 281 0099 F8030000 		.4byte	.LASF13
 282 009d 02       		.uleb128 0x2
 283 009e 01       		.byte	0x1
 284 009f 08       		.byte	0x8
 285 00a0 450A0000 		.4byte	.LASF14
 286 00a4 02       		.uleb128 0x2
 287 00a5 08       		.byte	0x8
 288 00a6 04       		.byte	0x4
 289 00a7 210A0000 		.4byte	.LASF15
 290 00ab 02       		.uleb128 0x2
 291 00ac 04       		.byte	0x4
 292 00ad 07       		.byte	0x7
 293 00ae 65070000 		.4byte	.LASF16
 294 00b2 05       		.uleb128 0x5
 295 00b3 04       		.byte	0x4
 296 00b4 06       		.uleb128 0x6
 297 00b5 01       		.byte	0x1
 298 00b6 2C000000 		.4byte	0x2c
 299 00ba 05       		.byte	0x5
 300 00bb 3201     		.2byte	0x132
 301 00bd 72020000 		.4byte	0x272
 302 00c1 07       		.uleb128 0x7
 303 00c2 94050000 		.4byte	.LASF17
 304 00c6 00       		.byte	0
 305 00c7 07       		.uleb128 0x7
 306 00c8 FF020000 		.4byte	.LASF18
 307 00cc 01       		.byte	0x1
 308 00cd 07       		.uleb128 0x7
 309 00ce 35010000 		.4byte	.LASF19
 310 00d2 02       		.byte	0x2
 311 00d3 07       		.uleb128 0x7
 312 00d4 F20A0000 		.4byte	.LASF20
 313 00d8 03       		.byte	0x3
 314 00d9 07       		.uleb128 0x7
 315 00da 13020000 		.4byte	.LASF21
 316 00de 04       		.byte	0x4
 317 00df 07       		.uleb128 0x7
 318 00e0 23000000 		.4byte	.LASF22
 319 00e4 05       		.byte	0x5
 320 00e5 07       		.uleb128 0x7
 321 00e6 C9050000 		.4byte	.LASF23
 322 00ea 06       		.byte	0x6
 323 00eb 07       		.uleb128 0x7
 324 00ec C7060000 		.4byte	.LASF24
 325 00f0 20       		.byte	0x20
 326 00f1 07       		.uleb128 0x7
 327 00f2 3B030000 		.4byte	.LASF25
 328 00f6 21       		.byte	0x21
 329 00f7 07       		.uleb128 0x7
 330 00f8 E2050000 		.4byte	.LASF26
 331 00fc 22       		.byte	0x22
 332 00fd 07       		.uleb128 0x7
 333 00fe 5C060000 		.4byte	.LASF27
 334 0102 23       		.byte	0x23
 335 0103 07       		.uleb128 0x7
 336 0104 02080000 		.4byte	.LASF28
 337 0108 24       		.byte	0x24
ARM GAS  C:\Users\bryan.lee\AppData\Local\Temp\ccQDroBg.s 			page 8


 338 0109 07       		.uleb128 0x7
 339 010a CD080000 		.4byte	.LASF29
 340 010e 25       		.byte	0x25
 341 010f 07       		.uleb128 0x7
 342 0110 9F030000 		.4byte	.LASF30
 343 0114 26       		.byte	0x26
 344 0115 07       		.uleb128 0x7
 345 0116 06060000 		.4byte	.LASF31
 346 011a 27       		.byte	0x27
 347 011b 07       		.uleb128 0x7
 348 011c 670A0000 		.4byte	.LASF32
 349 0120 28       		.byte	0x28
 350 0121 07       		.uleb128 0x7
 351 0122 94020000 		.4byte	.LASF33
 352 0126 29       		.byte	0x29
 353 0127 07       		.uleb128 0x7
 354 0128 84000000 		.4byte	.LASF34
 355 012c 2A       		.byte	0x2a
 356 012d 07       		.uleb128 0x7
 357 012e 12030000 		.4byte	.LASF35
 358 0132 2B       		.byte	0x2b
 359 0133 07       		.uleb128 0x7
 360 0134 C20B0000 		.4byte	.LASF36
 361 0138 2C       		.byte	0x2c
 362 0139 07       		.uleb128 0x7
 363 013a B1020000 		.4byte	.LASF37
 364 013e 2D       		.byte	0x2d
 365 013f 07       		.uleb128 0x7
 366 0140 13090000 		.4byte	.LASF38
 367 0144 2E       		.byte	0x2e
 368 0145 07       		.uleb128 0x7
 369 0146 CE000000 		.4byte	.LASF39
 370 014a 2F       		.byte	0x2f
 371 014b 07       		.uleb128 0x7
 372 014c C7070000 		.4byte	.LASF40
 373 0150 30       		.byte	0x30
 374 0151 07       		.uleb128 0x7
 375 0152 830C0000 		.4byte	.LASF41
 376 0156 31       		.byte	0x31
 377 0157 07       		.uleb128 0x7
 378 0158 A6070000 		.4byte	.LASF42
 379 015c 32       		.byte	0x32
 380 015d 07       		.uleb128 0x7
 381 015e E3090000 		.4byte	.LASF43
 382 0162 33       		.byte	0x33
 383 0163 07       		.uleb128 0x7
 384 0164 EA040000 		.4byte	.LASF44
 385 0168 34       		.byte	0x34
 386 0169 07       		.uleb128 0x7
 387 016a 4A0A0000 		.4byte	.LASF45
 388 016e 35       		.byte	0x35
 389 016f 07       		.uleb128 0x7
 390 0170 2F060000 		.4byte	.LASF46
 391 0174 36       		.byte	0x36
 392 0175 07       		.uleb128 0x7
 393 0176 F1060000 		.4byte	.LASF47
 394 017a 37       		.byte	0x37
ARM GAS  C:\Users\bryan.lee\AppData\Local\Temp\ccQDroBg.s 			page 9


 395 017b 07       		.uleb128 0x7
 396 017c C9090000 		.4byte	.LASF48
 397 0180 40       		.byte	0x40
 398 0181 07       		.uleb128 0x7
 399 0182 90060000 		.4byte	.LASF49
 400 0186 41       		.byte	0x41
 401 0187 07       		.uleb128 0x7
 402 0188 E7080000 		.4byte	.LASF50
 403 018c 42       		.byte	0x42
 404 018d 07       		.uleb128 0x7
 405 018e 220B0000 		.4byte	.LASF51
 406 0192 43       		.byte	0x43
 407 0193 07       		.uleb128 0x7
 408 0194 1C050000 		.4byte	.LASF52
 409 0198 44       		.byte	0x44
 410 0199 07       		.uleb128 0x7
 411 019a 83080000 		.4byte	.LASF53
 412 019e 45       		.byte	0x45
 413 019f 07       		.uleb128 0x7
 414 01a0 44070000 		.4byte	.LASF54
 415 01a4 46       		.byte	0x46
 416 01a5 07       		.uleb128 0x7
 417 01a6 AB050000 		.4byte	.LASF55
 418 01aa 47       		.byte	0x47
 419 01ab 07       		.uleb128 0x7
 420 01ac 9B0B0000 		.4byte	.LASF56
 421 01b0 48       		.byte	0x48
 422 01b1 07       		.uleb128 0x7
 423 01b2 52030000 		.4byte	.LASF57
 424 01b6 49       		.byte	0x49
 425 01b7 07       		.uleb128 0x7
 426 01b8 680B0000 		.4byte	.LASF58
 427 01bc 4A       		.byte	0x4a
 428 01bd 07       		.uleb128 0x7
 429 01be F7000000 		.4byte	.LASF59
 430 01c2 4B       		.byte	0x4b
 431 01c3 07       		.uleb128 0x7
 432 01c4 02050000 		.4byte	.LASF60
 433 01c8 4C       		.byte	0x4c
 434 01c9 07       		.uleb128 0x7
 435 01ca 8C070000 		.4byte	.LASF61
 436 01ce 4D       		.byte	0x4d
 437 01cf 07       		.uleb128 0x7
 438 01d0 81030000 		.4byte	.LASF62
 439 01d4 4E       		.byte	0x4e
 440 01d5 07       		.uleb128 0x7
 441 01d6 89090000 		.4byte	.LASF63
 442 01da 4F       		.byte	0x4f
 443 01db 07       		.uleb128 0x7
 444 01dc 16010000 		.4byte	.LASF64
 445 01e0 50       		.byte	0x50
 446 01e1 07       		.uleb128 0x7
 447 01e2 D9030000 		.4byte	.LASF65
 448 01e6 51       		.byte	0x51
 449 01e7 07       		.uleb128 0x7
 450 01e8 1E080000 		.4byte	.LASF66
 451 01ec 52       		.byte	0x52
ARM GAS  C:\Users\bryan.lee\AppData\Local\Temp\ccQDroBg.s 			page 10


 452 01ed 07       		.uleb128 0x7
 453 01ee 41090000 		.4byte	.LASF67
 454 01f2 53       		.byte	0x53
 455 01f3 07       		.uleb128 0x7
 456 01f4 A8090000 		.4byte	.LASF68
 457 01f8 54       		.byte	0x54
 458 01f9 07       		.uleb128 0x7
 459 01fa 3A050000 		.4byte	.LASF69
 460 01fe 55       		.byte	0x55
 461 01ff 07       		.uleb128 0x7
 462 0200 78040000 		.4byte	.LASF70
 463 0204 56       		.byte	0x56
 464 0205 07       		.uleb128 0x7
 465 0206 890A0000 		.4byte	.LASF71
 466 020a 57       		.byte	0x57
 467 020b 07       		.uleb128 0x7
 468 020c 5E050000 		.4byte	.LASF72
 469 0210 58       		.byte	0x58
 470 0211 07       		.uleb128 0x7
 471 0212 6E020000 		.4byte	.LASF73
 472 0216 70       		.byte	0x70
 473 0217 07       		.uleb128 0x7
 474 0218 580C0000 		.4byte	.LASF74
 475 021c 71       		.byte	0x71
 476 021d 07       		.uleb128 0x7
 477 021e AB060000 		.4byte	.LASF75
 478 0222 72       		.byte	0x72
 479 0223 07       		.uleb128 0x7
 480 0224 26070000 		.4byte	.LASF76
 481 0228 73       		.byte	0x73
 482 0229 07       		.uleb128 0x7
 483 022a 65080000 		.4byte	.LASF77
 484 022e 74       		.byte	0x74
 485 022f 07       		.uleb128 0x7
 486 0230 FF030000 		.4byte	.LASF78
 487 0234 75       		.byte	0x75
 488 0235 07       		.uleb128 0x7
 489 0236 AD000000 		.4byte	.LASF79
 490 023a 76       		.byte	0x76
 491 023b 07       		.uleb128 0x7
 492 023c 46000000 		.4byte	.LASF80
 493 0240 77       		.byte	0x77
 494 0241 07       		.uleb128 0x7
 495 0242 00000000 		.4byte	.LASF81
 496 0246 78       		.byte	0x78
 497 0247 07       		.uleb128 0x7
 498 0248 C40A0000 		.4byte	.LASF82
 499 024c 79       		.byte	0x79
 500 024d 07       		.uleb128 0x7
 501 024e 43040000 		.4byte	.LASF83
 502 0252 7A       		.byte	0x7a
 503 0253 07       		.uleb128 0x7
 504 0254 46020000 		.4byte	.LASF84
 505 0258 FA       		.byte	0xfa
 506 0259 07       		.uleb128 0x7
 507 025a AC040000 		.4byte	.LASF85
 508 025e FB       		.byte	0xfb
ARM GAS  C:\Users\bryan.lee\AppData\Local\Temp\ccQDroBg.s 			page 11


 509 025f 07       		.uleb128 0x7
 510 0260 62090000 		.4byte	.LASF86
 511 0264 FC       		.byte	0xfc
 512 0265 07       		.uleb128 0x7
 513 0266 2D0A0000 		.4byte	.LASF87
 514 026a FD       		.byte	0xfd
 515 026b 07       		.uleb128 0x7
 516 026c 35040000 		.4byte	.LASF88
 517 0270 FF       		.byte	0xff
 518 0271 00       		.byte	0
 519 0272 08       		.uleb128 0x8
 520 0273 04       		.byte	0x4
 521 0274 6B000000 		.4byte	0x6b
 522 0278 04       		.uleb128 0x4
 523 0279 A70C0000 		.4byte	.LASF89
 524 027d 03       		.byte	0x3
 525 027e 8901     		.2byte	0x189
 526 0280 77000000 		.4byte	0x77
 527 0284 09       		.uleb128 0x9
 528 0285 02       		.byte	0x2
 529 0286 03       		.byte	0x3
 530 0287 9301     		.2byte	0x193
 531 0289 A8020000 		.4byte	0x2a8
 532 028d 0A       		.uleb128 0xa
 533 028e F90B0000 		.4byte	.LASF90
 534 0292 03       		.byte	0x3
 535 0293 9A01     		.2byte	0x19a
 536 0295 6B000000 		.4byte	0x6b
 537 0299 00       		.byte	0
 538 029a 0A       		.uleb128 0xa
 539 029b EB060000 		.4byte	.LASF91
 540 029f 03       		.byte	0x3
 541 02a0 A001     		.2byte	0x1a0
 542 02a2 6B000000 		.4byte	0x6b
 543 02a6 01       		.byte	0x1
 544 02a7 00       		.byte	0
 545 02a8 04       		.uleb128 0x4
 546 02a9 65000000 		.4byte	.LASF92
 547 02ad 03       		.byte	0x3
 548 02ae A201     		.2byte	0x1a2
 549 02b0 84020000 		.4byte	0x284
 550 02b4 09       		.uleb128 0x9
 551 02b5 08       		.byte	0x8
 552 02b6 03       		.byte	0x3
 553 02b7 BE01     		.2byte	0x1be
 554 02b9 E5020000 		.4byte	0x2e5
 555 02bd 0B       		.uleb128 0xb
 556 02be 76616C00 		.ascii	"val\000"
 557 02c2 03       		.byte	0x3
 558 02c3 C101     		.2byte	0x1c1
 559 02c5 72020000 		.4byte	0x272
 560 02c9 00       		.byte	0
 561 02ca 0B       		.uleb128 0xb
 562 02cb 6C656E00 		.ascii	"len\000"
 563 02cf 03       		.byte	0x3
 564 02d0 C401     		.2byte	0x1c4
 565 02d2 77000000 		.4byte	0x77
ARM GAS  C:\Users\bryan.lee\AppData\Local\Temp\ccQDroBg.s 			page 12


 566 02d6 04       		.byte	0x4
 567 02d7 0A       		.uleb128 0xa
 568 02d8 31030000 		.4byte	.LASF93
 569 02dc 03       		.byte	0x3
 570 02dd CB01     		.2byte	0x1cb
 571 02df 77000000 		.4byte	0x77
 572 02e3 06       		.byte	0x6
 573 02e4 00       		.byte	0
 574 02e5 04       		.uleb128 0x4
 575 02e6 F5010000 		.4byte	.LASF94
 576 02ea 03       		.byte	0x3
 577 02eb CD01     		.2byte	0x1cd
 578 02ed B4020000 		.4byte	0x2b4
 579 02f1 09       		.uleb128 0x9
 580 02f2 0C       		.byte	0xc
 581 02f3 03       		.byte	0x3
 582 02f4 D001     		.2byte	0x1d0
 583 02f6 15030000 		.4byte	0x315
 584 02fa 0A       		.uleb128 0xa
 585 02fb 72040000 		.4byte	.LASF95
 586 02ff 03       		.byte	0x3
 587 0300 D301     		.2byte	0x1d3
 588 0302 E5020000 		.4byte	0x2e5
 589 0306 00       		.byte	0
 590 0307 0A       		.uleb128 0xa
 591 0308 67040000 		.4byte	.LASF96
 592 030c 03       		.byte	0x3
 593 030d D601     		.2byte	0x1d6
 594 030f 78020000 		.4byte	0x278
 595 0313 08       		.byte	0x8
 596 0314 00       		.byte	0
 597 0315 04       		.uleb128 0x4
 598 0316 3F080000 		.4byte	.LASF97
 599 031a 03       		.byte	0x3
 600 031b D801     		.2byte	0x1d8
 601 031d F1020000 		.4byte	0x2f1
 602 0321 0C       		.uleb128 0xc
 603 0322 08       		.byte	0x8
 604 0323 04       		.byte	0x4
 605 0324 4A       		.byte	0x4a
 606 0325 5A030000 		.4byte	0x35a
 607 0329 0D       		.uleb128 0xd
 608 032a 82060000 		.4byte	.LASF98
 609 032e 04       		.byte	0x4
 610 032f 4C       		.byte	0x4c
 611 0330 78020000 		.4byte	0x278
 612 0334 00       		.byte	0
 613 0335 0D       		.uleb128 0xd
 614 0336 400B0000 		.4byte	.LASF99
 615 033a 04       		.byte	0x4
 616 033b 4D       		.byte	0x4d
 617 033c 78020000 		.4byte	0x278
 618 0340 02       		.byte	0x2
 619 0341 0D       		.uleb128 0xd
 620 0342 DA020000 		.4byte	.LASF100
 621 0346 04       		.byte	0x4
 622 0347 4E       		.byte	0x4e
ARM GAS  C:\Users\bryan.lee\AppData\Local\Temp\ccQDroBg.s 			page 13


 623 0348 78020000 		.4byte	0x278
 624 034c 04       		.byte	0x4
 625 034d 0D       		.uleb128 0xd
 626 034e E70A0000 		.4byte	.LASF101
 627 0352 04       		.byte	0x4
 628 0353 4F       		.byte	0x4f
 629 0354 78020000 		.4byte	0x278
 630 0358 06       		.byte	0x6
 631 0359 00       		.byte	0
 632 035a 0E       		.uleb128 0xe
 633 035b CB040000 		.4byte	.LASF102
 634 035f 04       		.byte	0x4
 635 0360 50       		.byte	0x50
 636 0361 21030000 		.4byte	0x321
 637 0365 08       		.uleb128 0x8
 638 0366 04       		.byte	0x4
 639 0367 E5020000 		.4byte	0x2e5
 640 036b 0F       		.uleb128 0xf
 641 036c 01       		.byte	0x1
 642 036d 2C000000 		.4byte	0x2c
 643 0371 06       		.byte	0x6
 644 0372 22       		.byte	0x22
 645 0373 84030000 		.4byte	0x384
 646 0377 07       		.uleb128 0x7
 647 0378 6B030000 		.4byte	.LASF103
 648 037c 00       		.byte	0
 649 037d 07       		.uleb128 0x7
 650 037e 74090000 		.4byte	.LASF104
 651 0382 01       		.byte	0x1
 652 0383 00       		.byte	0
 653 0384 0E       		.uleb128 0xe
 654 0385 0B0B0000 		.4byte	.LASF105
 655 0389 06       		.byte	0x6
 656 038a 25       		.byte	0x25
 657 038b 6B030000 		.4byte	0x36b
 658 038f 0C       		.uleb128 0xc
 659 0390 08       		.byte	0x8
 660 0391 06       		.byte	0x6
 661 0392 31       		.byte	0x31
 662 0393 BC030000 		.4byte	0x3bc
 663 0397 0D       		.uleb128 0xd
 664 0398 79000000 		.4byte	.LASF106
 665 039c 06       		.byte	0x6
 666 039d 33       		.byte	0x33
 667 039e A8020000 		.4byte	0x2a8
 668 03a2 00       		.byte	0
 669 03a3 0D       		.uleb128 0xd
 670 03a4 5E0B0000 		.4byte	.LASF107
 671 03a8 06       		.byte	0x6
 672 03a9 34       		.byte	0x34
 673 03aa 84030000 		.4byte	0x384
 674 03ae 02       		.byte	0x2
 675 03af 0D       		.uleb128 0xd
 676 03b0 72040000 		.4byte	.LASF95
 677 03b4 06       		.byte	0x6
 678 03b5 35       		.byte	0x35
 679 03b6 65030000 		.4byte	0x365
ARM GAS  C:\Users\bryan.lee\AppData\Local\Temp\ccQDroBg.s 			page 14


 680 03ba 04       		.byte	0x4
 681 03bb 00       		.byte	0
 682 03bc 0E       		.uleb128 0xe
 683 03bd 0A0A0000 		.4byte	.LASF108
 684 03c1 06       		.byte	0x6
 685 03c2 36       		.byte	0x36
 686 03c3 8F030000 		.4byte	0x38f
 687 03c7 10       		.uleb128 0x10
 688 03c8 20040000 		.4byte	.LASF111
 689 03cc 01       		.byte	0x1
 690 03cd 0E       		.byte	0xe
 691 03ce 00000000 		.4byte	.LFB35
 692 03d2 12000000 		.4byte	.LFE35-.LFB35
 693 03d6 01       		.uleb128 0x1
 694 03d7 9C       		.byte	0x9c
 695 03d8 0A040000 		.4byte	0x40a
 696 03dc 11       		.uleb128 0x11
 697 03dd 64020000 		.4byte	.LASF109
 698 03e1 01       		.byte	0x1
 699 03e2 0E       		.byte	0xe
 700 03e3 83000000 		.4byte	0x83
 701 03e7 00000000 		.4byte	.LLST0
 702 03eb 11       		.uleb128 0x11
 703 03ec 530B0000 		.4byte	.LASF110
 704 03f0 01       		.byte	0x1
 705 03f1 0E       		.byte	0xe
 706 03f2 B2000000 		.4byte	0xb2
 707 03f6 21000000 		.4byte	.LLST1
 708 03fa 12       		.uleb128 0x12
 709 03fb 10000000 		.4byte	.LVL2
 710 03ff 66050000 		.4byte	0x566
 711 0403 13       		.uleb128 0x13
 712 0404 01       		.uleb128 0x1
 713 0405 50       		.byte	0x50
 714 0406 01       		.uleb128 0x1
 715 0407 30       		.byte	0x30
 716 0408 00       		.byte	0
 717 0409 00       		.byte	0
 718 040a 10       		.uleb128 0x10
 719 040b CD030000 		.4byte	.LASF112
 720 040f 01       		.byte	0x1
 721 0410 19       		.byte	0x19
 722 0411 00000000 		.4byte	.LFB36
 723 0415 2C000000 		.4byte	.LFE36-.LFB36
 724 0419 01       		.uleb128 0x1
 725 041a 9C       		.byte	0x9c
 726 041b 86040000 		.4byte	0x486
 727 041f 11       		.uleb128 0x11
 728 0420 64020000 		.4byte	.LASF109
 729 0424 01       		.byte	0x1
 730 0425 19       		.byte	0x19
 731 0426 83000000 		.4byte	0x83
 732 042a 42000000 		.4byte	.LLST2
 733 042e 11       		.uleb128 0x11
 734 042f 530B0000 		.4byte	.LASF110
 735 0433 01       		.byte	0x1
 736 0434 19       		.byte	0x19
ARM GAS  C:\Users\bryan.lee\AppData\Local\Temp\ccQDroBg.s 			page 15


 737 0435 B2000000 		.4byte	0xb2
 738 0439 95000000 		.4byte	.LLST3
 739 043d 14       		.uleb128 0x14
 740 043e E8070000 		.4byte	.LASF128
 741 0442 01       		.byte	0x1
 742 0443 1B       		.byte	0x1b
 743 0444 86040000 		.4byte	0x486
 744 0448 E8000000 		.4byte	.LLST4
 745 044c 15       		.uleb128 0x15
 746 044d 12000000 		.4byte	.LVL6
 747 0451 72050000 		.4byte	0x572
 748 0455 5F040000 		.4byte	0x45f
 749 0459 13       		.uleb128 0x13
 750 045a 01       		.uleb128 0x1
 751 045b 50       		.byte	0x50
 752 045c 01       		.uleb128 0x1
 753 045d 30       		.byte	0x30
 754 045e 00       		.byte	0
 755 045f 15       		.uleb128 0x15
 756 0460 20000000 		.4byte	.LVL9
 757 0464 72050000 		.4byte	0x572
 758 0468 74040000 		.4byte	0x474
 759 046c 13       		.uleb128 0x13
 760 046d 01       		.uleb128 0x1
 761 046e 50       		.byte	0x50
 762 046f 03       		.uleb128 0x3
 763 0470 0A       		.byte	0xa
 764 0471 F401     		.2byte	0x1f4
 765 0473 00       		.byte	0
 766 0474 12       		.uleb128 0x12
 767 0475 2A000000 		.4byte	.LVL12
 768 0479 72050000 		.4byte	0x572
 769 047d 13       		.uleb128 0x13
 770 047e 01       		.uleb128 0x1
 771 047f 50       		.byte	0x50
 772 0480 03       		.uleb128 0x3
 773 0481 0A       		.byte	0xa
 774 0482 E803     		.2byte	0x3e8
 775 0484 00       		.byte	0
 776 0485 00       		.byte	0
 777 0486 08       		.uleb128 0x8
 778 0487 04       		.byte	0x4
 779 0488 BC030000 		.4byte	0x3bc
 780 048c 10       		.uleb128 0x10
 781 048d B20A0000 		.4byte	.LASF113
 782 0491 01       		.byte	0x1
 783 0492 25       		.byte	0x25
 784 0493 00000000 		.4byte	.LFB37
 785 0497 0A000000 		.4byte	.LFE37-.LFB37
 786 049b 01       		.uleb128 0x1
 787 049c 9C       		.byte	0x9c
 788 049d C7040000 		.4byte	0x4c7
 789 04a1 16       		.uleb128 0x16
 790 04a2 E60B0000 		.4byte	.LASF114
 791 04a6 01       		.byte	0x1
 792 04a7 27       		.byte	0x27
 793 04a8 15030000 		.4byte	0x315
ARM GAS  C:\Users\bryan.lee\AppData\Local\Temp\ccQDroBg.s 			page 16


 794 04ac 16       		.uleb128 0x16
 795 04ad A7040000 		.4byte	.LASF115
 796 04b1 01       		.byte	0x1
 797 04b2 28       		.byte	0x28
 798 04b3 6B000000 		.4byte	0x6b
 799 04b7 12       		.uleb128 0x12
 800 04b8 08000000 		.4byte	.LVL13
 801 04bc 7E050000 		.4byte	0x57e
 802 04c0 13       		.uleb128 0x13
 803 04c1 01       		.uleb128 0x1
 804 04c2 50       		.byte	0x50
 805 04c3 01       		.uleb128 0x1
 806 04c4 31       		.byte	0x31
 807 04c5 00       		.byte	0
 808 04c6 00       		.byte	0
 809 04c7 17       		.uleb128 0x17
 810 04c8 7E0C0000 		.4byte	.LASF129
 811 04cc 01       		.byte	0x1
 812 04cd 30       		.byte	0x30
 813 04ce 5D000000 		.4byte	0x5d
 814 04d2 00000000 		.4byte	.LFB38
 815 04d6 30000000 		.4byte	.LFE38-.LFB38
 816 04da 01       		.uleb128 0x1
 817 04db 9C       		.byte	0x9c
 818 04dc 41050000 		.4byte	0x541
 819 04e0 15       		.uleb128 0x15
 820 04e1 0A000000 		.4byte	.LVL14
 821 04e5 8A050000 		.4byte	0x58a
 822 04e9 F7040000 		.4byte	0x4f7
 823 04ed 13       		.uleb128 0x13
 824 04ee 01       		.uleb128 0x1
 825 04ef 50       		.byte	0x50
 826 04f0 05       		.uleb128 0x5
 827 04f1 03       		.byte	0x3
 828 04f2 00000000 		.4byte	Stack_Handler
 829 04f6 00       		.byte	0
 830 04f7 15       		.uleb128 0x15
 831 04f8 10000000 		.4byte	.LVL15
 832 04fc 96050000 		.4byte	0x596
 833 0500 0E050000 		.4byte	0x50e
 834 0504 13       		.uleb128 0x13
 835 0505 01       		.uleb128 0x1
 836 0506 50       		.byte	0x50
 837 0507 05       		.uleb128 0x5
 838 0508 03       		.byte	0x3
 839 0509 00000000 		.4byte	Ias_Handler
 840 050d 00       		.byte	0
 841 050e 18       		.uleb128 0x18
 842 050f 14000000 		.4byte	.LVL16
 843 0513 A1050000 		.4byte	0x5a1
 844 0517 18       		.uleb128 0x18
 845 0518 18000000 		.4byte	.LVL17
 846 051c AD050000 		.4byte	0x5ad
 847 0520 15       		.uleb128 0x15
 848 0521 1E000000 		.4byte	.LVL18
 849 0525 B9050000 		.4byte	0x5b9
 850 0529 37050000 		.4byte	0x537
ARM GAS  C:\Users\bryan.lee\AppData\Local\Temp\ccQDroBg.s 			page 17


 851 052d 13       		.uleb128 0x13
 852 052e 01       		.uleb128 0x1
 853 052f 50       		.byte	0x50
 854 0530 05       		.uleb128 0x5
 855 0531 03       		.byte	0x3
 856 0532 00000000 		.4byte	Timer_ISR_Handler
 857 0536 00       		.byte	0
 858 0537 18       		.uleb128 0x18
 859 0538 22000000 		.4byte	.LVL19
 860 053c C4050000 		.4byte	0x5c4
 861 0540 00       		.byte	0
 862 0541 19       		.uleb128 0x19
 863 0542 51050000 		.4byte	0x551
 864 0546 51050000 		.4byte	0x551
 865 054a 1A       		.uleb128 0x1a
 866 054b AB000000 		.4byte	0xab
 867 054f 00       		.byte	0
 868 0550 00       		.byte	0
 869 0551 1B       		.uleb128 0x1b
 870 0552 5A030000 		.4byte	0x35a
 871 0556 1C       		.uleb128 0x1c
 872 0557 08020000 		.4byte	.LASF130
 873 055b 04       		.byte	0x4
 874 055c EC       		.byte	0xec
 875 055d 61050000 		.4byte	0x561
 876 0561 1B       		.uleb128 0x1b
 877 0562 41050000 		.4byte	0x541
 878 0566 1D       		.uleb128 0x1d
 879 0567 B0080000 		.4byte	.LASF116
 880 056b B0080000 		.4byte	.LASF116
 881 056f 07       		.byte	0x7
 882 0570 8002     		.2byte	0x280
 883 0572 1D       		.uleb128 0x1d
 884 0573 C30C0000 		.4byte	.LASF117
 885 0577 C30C0000 		.4byte	.LASF117
 886 057b 08       		.byte	0x8
 887 057c 5501     		.2byte	0x155
 888 057e 1D       		.uleb128 0x1d
 889 057f 860B0000 		.4byte	.LASF118
 890 0583 860B0000 		.4byte	.LASF118
 891 0587 09       		.byte	0x9
 892 0588 4701     		.2byte	0x147
 893 058a 1D       		.uleb128 0x1d
 894 058b 50060000 		.4byte	.LASF119
 895 058f 50060000 		.4byte	.LASF119
 896 0593 07       		.byte	0x7
 897 0594 7002     		.2byte	0x270
 898 0596 1E       		.uleb128 0x1e
 899 0597 28020000 		.4byte	.LASF120
 900 059b 28020000 		.4byte	.LASF120
 901 059f 06       		.byte	0x6
 902 05a0 50       		.byte	0x50
 903 05a1 1D       		.uleb128 0x1d
 904 05a2 25060000 		.4byte	.LASF121
 905 05a6 25060000 		.4byte	.LASF121
 906 05aa 08       		.byte	0x8
 907 05ab 3201     		.2byte	0x132
ARM GAS  C:\Users\bryan.lee\AppData\Local\Temp\ccQDroBg.s 			page 18


 908 05ad 1D       		.uleb128 0x1d
 909 05ae 6E070000 		.4byte	.LASF122
 910 05b2 6E070000 		.4byte	.LASF122
 911 05b6 09       		.byte	0x9
 912 05b7 3201     		.2byte	0x132
 913 05b9 1E       		.uleb128 0x1e
 914 05ba 7A070000 		.4byte	.LASF123
 915 05be 7A070000 		.4byte	.LASF123
 916 05c2 0A       		.byte	0xa
 917 05c3 18       		.byte	0x18
 918 05c4 1D       		.uleb128 0x1d
 919 05c5 EE070000 		.4byte	.LASF124
 920 05c9 EE070000 		.4byte	.LASF124
 921 05cd 05       		.byte	0x5
 922 05ce CC07     		.2byte	0x7cc
 923 05d0 00       		.byte	0
 924              		.section	.debug_abbrev,"",%progbits
 925              	.Ldebug_abbrev0:
 926 0000 01       		.uleb128 0x1
 927 0001 11       		.uleb128 0x11
 928 0002 01       		.byte	0x1
 929 0003 25       		.uleb128 0x25
 930 0004 0E       		.uleb128 0xe
 931 0005 13       		.uleb128 0x13
 932 0006 0B       		.uleb128 0xb
 933 0007 03       		.uleb128 0x3
 934 0008 0E       		.uleb128 0xe
 935 0009 1B       		.uleb128 0x1b
 936 000a 0E       		.uleb128 0xe
 937 000b 55       		.uleb128 0x55
 938 000c 17       		.uleb128 0x17
 939 000d 11       		.uleb128 0x11
 940 000e 01       		.uleb128 0x1
 941 000f 10       		.uleb128 0x10
 942 0010 17       		.uleb128 0x17
 943 0011 00       		.byte	0
 944 0012 00       		.byte	0
 945 0013 02       		.uleb128 0x2
 946 0014 24       		.uleb128 0x24
 947 0015 00       		.byte	0
 948 0016 0B       		.uleb128 0xb
 949 0017 0B       		.uleb128 0xb
 950 0018 3E       		.uleb128 0x3e
 951 0019 0B       		.uleb128 0xb
 952 001a 03       		.uleb128 0x3
 953 001b 0E       		.uleb128 0xe
 954 001c 00       		.byte	0
 955 001d 00       		.byte	0
 956 001e 03       		.uleb128 0x3
 957 001f 24       		.uleb128 0x24
 958 0020 00       		.byte	0
 959 0021 0B       		.uleb128 0xb
 960 0022 0B       		.uleb128 0xb
 961 0023 3E       		.uleb128 0x3e
 962 0024 0B       		.uleb128 0xb
 963 0025 03       		.uleb128 0x3
 964 0026 08       		.uleb128 0x8
ARM GAS  C:\Users\bryan.lee\AppData\Local\Temp\ccQDroBg.s 			page 19


 965 0027 00       		.byte	0
 966 0028 00       		.byte	0
 967 0029 04       		.uleb128 0x4
 968 002a 16       		.uleb128 0x16
 969 002b 00       		.byte	0
 970 002c 03       		.uleb128 0x3
 971 002d 0E       		.uleb128 0xe
 972 002e 3A       		.uleb128 0x3a
 973 002f 0B       		.uleb128 0xb
 974 0030 3B       		.uleb128 0x3b
 975 0031 05       		.uleb128 0x5
 976 0032 49       		.uleb128 0x49
 977 0033 13       		.uleb128 0x13
 978 0034 00       		.byte	0
 979 0035 00       		.byte	0
 980 0036 05       		.uleb128 0x5
 981 0037 0F       		.uleb128 0xf
 982 0038 00       		.byte	0
 983 0039 0B       		.uleb128 0xb
 984 003a 0B       		.uleb128 0xb
 985 003b 00       		.byte	0
 986 003c 00       		.byte	0
 987 003d 06       		.uleb128 0x6
 988 003e 04       		.uleb128 0x4
 989 003f 01       		.byte	0x1
 990 0040 0B       		.uleb128 0xb
 991 0041 0B       		.uleb128 0xb
 992 0042 49       		.uleb128 0x49
 993 0043 13       		.uleb128 0x13
 994 0044 3A       		.uleb128 0x3a
 995 0045 0B       		.uleb128 0xb
 996 0046 3B       		.uleb128 0x3b
 997 0047 05       		.uleb128 0x5
 998 0048 01       		.uleb128 0x1
 999 0049 13       		.uleb128 0x13
 1000 004a 00       		.byte	0
 1001 004b 00       		.byte	0
 1002 004c 07       		.uleb128 0x7
 1003 004d 28       		.uleb128 0x28
 1004 004e 00       		.byte	0
 1005 004f 03       		.uleb128 0x3
 1006 0050 0E       		.uleb128 0xe
 1007 0051 1C       		.uleb128 0x1c
 1008 0052 0B       		.uleb128 0xb
 1009 0053 00       		.byte	0
 1010 0054 00       		.byte	0
 1011 0055 08       		.uleb128 0x8
 1012 0056 0F       		.uleb128 0xf
 1013 0057 00       		.byte	0
 1014 0058 0B       		.uleb128 0xb
 1015 0059 0B       		.uleb128 0xb
 1016 005a 49       		.uleb128 0x49
 1017 005b 13       		.uleb128 0x13
 1018 005c 00       		.byte	0
 1019 005d 00       		.byte	0
 1020 005e 09       		.uleb128 0x9
 1021 005f 13       		.uleb128 0x13
ARM GAS  C:\Users\bryan.lee\AppData\Local\Temp\ccQDroBg.s 			page 20


 1022 0060 01       		.byte	0x1
 1023 0061 0B       		.uleb128 0xb
 1024 0062 0B       		.uleb128 0xb
 1025 0063 3A       		.uleb128 0x3a
 1026 0064 0B       		.uleb128 0xb
 1027 0065 3B       		.uleb128 0x3b
 1028 0066 05       		.uleb128 0x5
 1029 0067 01       		.uleb128 0x1
 1030 0068 13       		.uleb128 0x13
 1031 0069 00       		.byte	0
 1032 006a 00       		.byte	0
 1033 006b 0A       		.uleb128 0xa
 1034 006c 0D       		.uleb128 0xd
 1035 006d 00       		.byte	0
 1036 006e 03       		.uleb128 0x3
 1037 006f 0E       		.uleb128 0xe
 1038 0070 3A       		.uleb128 0x3a
 1039 0071 0B       		.uleb128 0xb
 1040 0072 3B       		.uleb128 0x3b
 1041 0073 05       		.uleb128 0x5
 1042 0074 49       		.uleb128 0x49
 1043 0075 13       		.uleb128 0x13
 1044 0076 38       		.uleb128 0x38
 1045 0077 0B       		.uleb128 0xb
 1046 0078 00       		.byte	0
 1047 0079 00       		.byte	0
 1048 007a 0B       		.uleb128 0xb
 1049 007b 0D       		.uleb128 0xd
 1050 007c 00       		.byte	0
 1051 007d 03       		.uleb128 0x3
 1052 007e 08       		.uleb128 0x8
 1053 007f 3A       		.uleb128 0x3a
 1054 0080 0B       		.uleb128 0xb
 1055 0081 3B       		.uleb128 0x3b
 1056 0082 05       		.uleb128 0x5
 1057 0083 49       		.uleb128 0x49
 1058 0084 13       		.uleb128 0x13
 1059 0085 38       		.uleb128 0x38
 1060 0086 0B       		.uleb128 0xb
 1061 0087 00       		.byte	0
 1062 0088 00       		.byte	0
 1063 0089 0C       		.uleb128 0xc
 1064 008a 13       		.uleb128 0x13
 1065 008b 01       		.byte	0x1
 1066 008c 0B       		.uleb128 0xb
 1067 008d 0B       		.uleb128 0xb
 1068 008e 3A       		.uleb128 0x3a
 1069 008f 0B       		.uleb128 0xb
 1070 0090 3B       		.uleb128 0x3b
 1071 0091 0B       		.uleb128 0xb
 1072 0092 01       		.uleb128 0x1
 1073 0093 13       		.uleb128 0x13
 1074 0094 00       		.byte	0
 1075 0095 00       		.byte	0
 1076 0096 0D       		.uleb128 0xd
 1077 0097 0D       		.uleb128 0xd
 1078 0098 00       		.byte	0
ARM GAS  C:\Users\bryan.lee\AppData\Local\Temp\ccQDroBg.s 			page 21


 1079 0099 03       		.uleb128 0x3
 1080 009a 0E       		.uleb128 0xe
 1081 009b 3A       		.uleb128 0x3a
 1082 009c 0B       		.uleb128 0xb
 1083 009d 3B       		.uleb128 0x3b
 1084 009e 0B       		.uleb128 0xb
 1085 009f 49       		.uleb128 0x49
 1086 00a0 13       		.uleb128 0x13
 1087 00a1 38       		.uleb128 0x38
 1088 00a2 0B       		.uleb128 0xb
 1089 00a3 00       		.byte	0
 1090 00a4 00       		.byte	0
 1091 00a5 0E       		.uleb128 0xe
 1092 00a6 16       		.uleb128 0x16
 1093 00a7 00       		.byte	0
 1094 00a8 03       		.uleb128 0x3
 1095 00a9 0E       		.uleb128 0xe
 1096 00aa 3A       		.uleb128 0x3a
 1097 00ab 0B       		.uleb128 0xb
 1098 00ac 3B       		.uleb128 0x3b
 1099 00ad 0B       		.uleb128 0xb
 1100 00ae 49       		.uleb128 0x49
 1101 00af 13       		.uleb128 0x13
 1102 00b0 00       		.byte	0
 1103 00b1 00       		.byte	0
 1104 00b2 0F       		.uleb128 0xf
 1105 00b3 04       		.uleb128 0x4
 1106 00b4 01       		.byte	0x1
 1107 00b5 0B       		.uleb128 0xb
 1108 00b6 0B       		.uleb128 0xb
 1109 00b7 49       		.uleb128 0x49
 1110 00b8 13       		.uleb128 0x13
 1111 00b9 3A       		.uleb128 0x3a
 1112 00ba 0B       		.uleb128 0xb
 1113 00bb 3B       		.uleb128 0x3b
 1114 00bc 0B       		.uleb128 0xb
 1115 00bd 01       		.uleb128 0x1
 1116 00be 13       		.uleb128 0x13
 1117 00bf 00       		.byte	0
 1118 00c0 00       		.byte	0
 1119 00c1 10       		.uleb128 0x10
 1120 00c2 2E       		.uleb128 0x2e
 1121 00c3 01       		.byte	0x1
 1122 00c4 3F       		.uleb128 0x3f
 1123 00c5 19       		.uleb128 0x19
 1124 00c6 03       		.uleb128 0x3
 1125 00c7 0E       		.uleb128 0xe
 1126 00c8 3A       		.uleb128 0x3a
 1127 00c9 0B       		.uleb128 0xb
 1128 00ca 3B       		.uleb128 0x3b
 1129 00cb 0B       		.uleb128 0xb
 1130 00cc 27       		.uleb128 0x27
 1131 00cd 19       		.uleb128 0x19
 1132 00ce 11       		.uleb128 0x11
 1133 00cf 01       		.uleb128 0x1
 1134 00d0 12       		.uleb128 0x12
 1135 00d1 06       		.uleb128 0x6
ARM GAS  C:\Users\bryan.lee\AppData\Local\Temp\ccQDroBg.s 			page 22


 1136 00d2 40       		.uleb128 0x40
 1137 00d3 18       		.uleb128 0x18
 1138 00d4 9742     		.uleb128 0x2117
 1139 00d6 19       		.uleb128 0x19
 1140 00d7 01       		.uleb128 0x1
 1141 00d8 13       		.uleb128 0x13
 1142 00d9 00       		.byte	0
 1143 00da 00       		.byte	0
 1144 00db 11       		.uleb128 0x11
 1145 00dc 05       		.uleb128 0x5
 1146 00dd 00       		.byte	0
 1147 00de 03       		.uleb128 0x3
 1148 00df 0E       		.uleb128 0xe
 1149 00e0 3A       		.uleb128 0x3a
 1150 00e1 0B       		.uleb128 0xb
 1151 00e2 3B       		.uleb128 0x3b
 1152 00e3 0B       		.uleb128 0xb
 1153 00e4 49       		.uleb128 0x49
 1154 00e5 13       		.uleb128 0x13
 1155 00e6 02       		.uleb128 0x2
 1156 00e7 17       		.uleb128 0x17
 1157 00e8 00       		.byte	0
 1158 00e9 00       		.byte	0
 1159 00ea 12       		.uleb128 0x12
 1160 00eb 898201   		.uleb128 0x4109
 1161 00ee 01       		.byte	0x1
 1162 00ef 11       		.uleb128 0x11
 1163 00f0 01       		.uleb128 0x1
 1164 00f1 31       		.uleb128 0x31
 1165 00f2 13       		.uleb128 0x13
 1166 00f3 00       		.byte	0
 1167 00f4 00       		.byte	0
 1168 00f5 13       		.uleb128 0x13
 1169 00f6 8A8201   		.uleb128 0x410a
 1170 00f9 00       		.byte	0
 1171 00fa 02       		.uleb128 0x2
 1172 00fb 18       		.uleb128 0x18
 1173 00fc 9142     		.uleb128 0x2111
 1174 00fe 18       		.uleb128 0x18
 1175 00ff 00       		.byte	0
 1176 0100 00       		.byte	0
 1177 0101 14       		.uleb128 0x14
 1178 0102 34       		.uleb128 0x34
 1179 0103 00       		.byte	0
 1180 0104 03       		.uleb128 0x3
 1181 0105 0E       		.uleb128 0xe
 1182 0106 3A       		.uleb128 0x3a
 1183 0107 0B       		.uleb128 0xb
 1184 0108 3B       		.uleb128 0x3b
 1185 0109 0B       		.uleb128 0xb
 1186 010a 49       		.uleb128 0x49
 1187 010b 13       		.uleb128 0x13
 1188 010c 02       		.uleb128 0x2
 1189 010d 17       		.uleb128 0x17
 1190 010e 00       		.byte	0
 1191 010f 00       		.byte	0
 1192 0110 15       		.uleb128 0x15
ARM GAS  C:\Users\bryan.lee\AppData\Local\Temp\ccQDroBg.s 			page 23


 1193 0111 898201   		.uleb128 0x4109
 1194 0114 01       		.byte	0x1
 1195 0115 11       		.uleb128 0x11
 1196 0116 01       		.uleb128 0x1
 1197 0117 31       		.uleb128 0x31
 1198 0118 13       		.uleb128 0x13
 1199 0119 01       		.uleb128 0x1
 1200 011a 13       		.uleb128 0x13
 1201 011b 00       		.byte	0
 1202 011c 00       		.byte	0
 1203 011d 16       		.uleb128 0x16
 1204 011e 34       		.uleb128 0x34
 1205 011f 00       		.byte	0
 1206 0120 03       		.uleb128 0x3
 1207 0121 0E       		.uleb128 0xe
 1208 0122 3A       		.uleb128 0x3a
 1209 0123 0B       		.uleb128 0xb
 1210 0124 3B       		.uleb128 0x3b
 1211 0125 0B       		.uleb128 0xb
 1212 0126 49       		.uleb128 0x49
 1213 0127 13       		.uleb128 0x13
 1214 0128 00       		.byte	0
 1215 0129 00       		.byte	0
 1216 012a 17       		.uleb128 0x17
 1217 012b 2E       		.uleb128 0x2e
 1218 012c 01       		.byte	0x1
 1219 012d 3F       		.uleb128 0x3f
 1220 012e 19       		.uleb128 0x19
 1221 012f 03       		.uleb128 0x3
 1222 0130 0E       		.uleb128 0xe
 1223 0131 3A       		.uleb128 0x3a
 1224 0132 0B       		.uleb128 0xb
 1225 0133 3B       		.uleb128 0x3b
 1226 0134 0B       		.uleb128 0xb
 1227 0135 27       		.uleb128 0x27
 1228 0136 19       		.uleb128 0x19
 1229 0137 49       		.uleb128 0x49
 1230 0138 13       		.uleb128 0x13
 1231 0139 8701     		.uleb128 0x87
 1232 013b 19       		.uleb128 0x19
 1233 013c 11       		.uleb128 0x11
 1234 013d 01       		.uleb128 0x1
 1235 013e 12       		.uleb128 0x12
 1236 013f 06       		.uleb128 0x6
 1237 0140 40       		.uleb128 0x40
 1238 0141 18       		.uleb128 0x18
 1239 0142 9742     		.uleb128 0x2117
 1240 0144 19       		.uleb128 0x19
 1241 0145 01       		.uleb128 0x1
 1242 0146 13       		.uleb128 0x13
 1243 0147 00       		.byte	0
 1244 0148 00       		.byte	0
 1245 0149 18       		.uleb128 0x18
 1246 014a 898201   		.uleb128 0x4109
 1247 014d 00       		.byte	0
 1248 014e 11       		.uleb128 0x11
 1249 014f 01       		.uleb128 0x1
ARM GAS  C:\Users\bryan.lee\AppData\Local\Temp\ccQDroBg.s 			page 24


 1250 0150 31       		.uleb128 0x31
 1251 0151 13       		.uleb128 0x13
 1252 0152 00       		.byte	0
 1253 0153 00       		.byte	0
 1254 0154 19       		.uleb128 0x19
 1255 0155 01       		.uleb128 0x1
 1256 0156 01       		.byte	0x1
 1257 0157 49       		.uleb128 0x49
 1258 0158 13       		.uleb128 0x13
 1259 0159 01       		.uleb128 0x1
 1260 015a 13       		.uleb128 0x13
 1261 015b 00       		.byte	0
 1262 015c 00       		.byte	0
 1263 015d 1A       		.uleb128 0x1a
 1264 015e 21       		.uleb128 0x21
 1265 015f 00       		.byte	0
 1266 0160 49       		.uleb128 0x49
 1267 0161 13       		.uleb128 0x13
 1268 0162 2F       		.uleb128 0x2f
 1269 0163 0B       		.uleb128 0xb
 1270 0164 00       		.byte	0
 1271 0165 00       		.byte	0
 1272 0166 1B       		.uleb128 0x1b
 1273 0167 26       		.uleb128 0x26
 1274 0168 00       		.byte	0
 1275 0169 49       		.uleb128 0x49
 1276 016a 13       		.uleb128 0x13
 1277 016b 00       		.byte	0
 1278 016c 00       		.byte	0
 1279 016d 1C       		.uleb128 0x1c
 1280 016e 34       		.uleb128 0x34
 1281 016f 00       		.byte	0
 1282 0170 03       		.uleb128 0x3
 1283 0171 0E       		.uleb128 0xe
 1284 0172 3A       		.uleb128 0x3a
 1285 0173 0B       		.uleb128 0xb
 1286 0174 3B       		.uleb128 0x3b
 1287 0175 0B       		.uleb128 0xb
 1288 0176 49       		.uleb128 0x49
 1289 0177 13       		.uleb128 0x13
 1290 0178 3F       		.uleb128 0x3f
 1291 0179 19       		.uleb128 0x19
 1292 017a 3C       		.uleb128 0x3c
 1293 017b 19       		.uleb128 0x19
 1294 017c 00       		.byte	0
 1295 017d 00       		.byte	0
 1296 017e 1D       		.uleb128 0x1d
 1297 017f 2E       		.uleb128 0x2e
 1298 0180 00       		.byte	0
 1299 0181 3F       		.uleb128 0x3f
 1300 0182 19       		.uleb128 0x19
 1301 0183 3C       		.uleb128 0x3c
 1302 0184 19       		.uleb128 0x19
 1303 0185 6E       		.uleb128 0x6e
 1304 0186 0E       		.uleb128 0xe
 1305 0187 03       		.uleb128 0x3
 1306 0188 0E       		.uleb128 0xe
ARM GAS  C:\Users\bryan.lee\AppData\Local\Temp\ccQDroBg.s 			page 25


 1307 0189 3A       		.uleb128 0x3a
 1308 018a 0B       		.uleb128 0xb
 1309 018b 3B       		.uleb128 0x3b
 1310 018c 05       		.uleb128 0x5
 1311 018d 00       		.byte	0
 1312 018e 00       		.byte	0
 1313 018f 1E       		.uleb128 0x1e
 1314 0190 2E       		.uleb128 0x2e
 1315 0191 00       		.byte	0
 1316 0192 3F       		.uleb128 0x3f
 1317 0193 19       		.uleb128 0x19
 1318 0194 3C       		.uleb128 0x3c
 1319 0195 19       		.uleb128 0x19
 1320 0196 6E       		.uleb128 0x6e
 1321 0197 0E       		.uleb128 0xe
 1322 0198 03       		.uleb128 0x3
 1323 0199 0E       		.uleb128 0xe
 1324 019a 3A       		.uleb128 0x3a
 1325 019b 0B       		.uleb128 0xb
 1326 019c 3B       		.uleb128 0x3b
 1327 019d 0B       		.uleb128 0xb
 1328 019e 00       		.byte	0
 1329 019f 00       		.byte	0
 1330 01a0 00       		.byte	0
 1331              		.section	.debug_loc,"",%progbits
 1332              	.Ldebug_loc0:
 1333              	.LLST0:
 1334 0000 00000000 		.4byte	.LVL0
 1335 0004 0C000000 		.4byte	.LVL1
 1336 0008 0100     		.2byte	0x1
 1337 000a 50       		.byte	0x50
 1338 000b 0C000000 		.4byte	.LVL1
 1339 000f 12000000 		.4byte	.LFE35
 1340 0013 0400     		.2byte	0x4
 1341 0015 F3       		.byte	0xf3
 1342 0016 01       		.uleb128 0x1
 1343 0017 50       		.byte	0x50
 1344 0018 9F       		.byte	0x9f
 1345 0019 00000000 		.4byte	0
 1346 001d 00000000 		.4byte	0
 1347              	.LLST1:
 1348 0021 00000000 		.4byte	.LVL0
 1349 0025 0F000000 		.4byte	.LVL2-1
 1350 0029 0100     		.2byte	0x1
 1351 002b 51       		.byte	0x51
 1352 002c 0F000000 		.4byte	.LVL2-1
 1353 0030 12000000 		.4byte	.LFE35
 1354 0034 0400     		.2byte	0x4
 1355 0036 F3       		.byte	0xf3
 1356 0037 01       		.uleb128 0x1
 1357 0038 51       		.byte	0x51
 1358 0039 9F       		.byte	0x9f
 1359 003a 00000000 		.4byte	0
 1360 003e 00000000 		.4byte	0
 1361              	.LLST2:
 1362 0042 00000000 		.4byte	.LVL3
 1363 0046 0E000000 		.4byte	.LVL5
ARM GAS  C:\Users\bryan.lee\AppData\Local\Temp\ccQDroBg.s 			page 26


 1364 004a 0100     		.2byte	0x1
 1365 004c 50       		.byte	0x50
 1366 004d 0E000000 		.4byte	.LVL5
 1367 0051 14000000 		.4byte	.LVL7
 1368 0055 0400     		.2byte	0x4
 1369 0057 F3       		.byte	0xf3
 1370 0058 01       		.uleb128 0x1
 1371 0059 50       		.byte	0x50
 1372 005a 9F       		.byte	0x9f
 1373 005b 14000000 		.4byte	.LVL7
 1374 005f 1A000000 		.4byte	.LVL8
 1375 0063 0100     		.2byte	0x1
 1376 0065 50       		.byte	0x50
 1377 0066 1A000000 		.4byte	.LVL8
 1378 006a 22000000 		.4byte	.LVL10
 1379 006e 0400     		.2byte	0x4
 1380 0070 F3       		.byte	0xf3
 1381 0071 01       		.uleb128 0x1
 1382 0072 50       		.byte	0x50
 1383 0073 9F       		.byte	0x9f
 1384 0074 22000000 		.4byte	.LVL10
 1385 0078 24000000 		.4byte	.LVL11
 1386 007c 0100     		.2byte	0x1
 1387 007e 50       		.byte	0x50
 1388 007f 24000000 		.4byte	.LVL11
 1389 0083 2C000000 		.4byte	.LFE36
 1390 0087 0400     		.2byte	0x4
 1391 0089 F3       		.byte	0xf3
 1392 008a 01       		.uleb128 0x1
 1393 008b 50       		.byte	0x50
 1394 008c 9F       		.byte	0x9f
 1395 008d 00000000 		.4byte	0
 1396 0091 00000000 		.4byte	0
 1397              	.LLST3:
 1398 0095 00000000 		.4byte	.LVL3
 1399 0099 11000000 		.4byte	.LVL6-1
 1400 009d 0100     		.2byte	0x1
 1401 009f 51       		.byte	0x51
 1402 00a0 11000000 		.4byte	.LVL6-1
 1403 00a4 14000000 		.4byte	.LVL7
 1404 00a8 0400     		.2byte	0x4
 1405 00aa F3       		.byte	0xf3
 1406 00ab 01       		.uleb128 0x1
 1407 00ac 51       		.byte	0x51
 1408 00ad 9F       		.byte	0x9f
 1409 00ae 14000000 		.4byte	.LVL7
 1410 00b2 1F000000 		.4byte	.LVL9-1
 1411 00b6 0100     		.2byte	0x1
 1412 00b8 51       		.byte	0x51
 1413 00b9 1F000000 		.4byte	.LVL9-1
 1414 00bd 22000000 		.4byte	.LVL10
 1415 00c1 0400     		.2byte	0x4
 1416 00c3 F3       		.byte	0xf3
 1417 00c4 01       		.uleb128 0x1
 1418 00c5 51       		.byte	0x51
 1419 00c6 9F       		.byte	0x9f
 1420 00c7 22000000 		.4byte	.LVL10
ARM GAS  C:\Users\bryan.lee\AppData\Local\Temp\ccQDroBg.s 			page 27


 1421 00cb 29000000 		.4byte	.LVL12-1
 1422 00cf 0100     		.2byte	0x1
 1423 00d1 51       		.byte	0x51
 1424 00d2 29000000 		.4byte	.LVL12-1
 1425 00d6 2C000000 		.4byte	.LFE36
 1426 00da 0400     		.2byte	0x4
 1427 00dc F3       		.byte	0xf3
 1428 00dd 01       		.uleb128 0x1
 1429 00de 51       		.byte	0x51
 1430 00df 9F       		.byte	0x9f
 1431 00e0 00000000 		.4byte	0
 1432 00e4 00000000 		.4byte	0
 1433              	.LLST4:
 1434 00e8 02000000 		.4byte	.LVL4
 1435 00ec 11000000 		.4byte	.LVL6-1
 1436 00f0 0100     		.2byte	0x1
 1437 00f2 51       		.byte	0x51
 1438 00f3 11000000 		.4byte	.LVL6-1
 1439 00f7 14000000 		.4byte	.LVL7
 1440 00fb 0400     		.2byte	0x4
 1441 00fd F3       		.byte	0xf3
 1442 00fe 01       		.uleb128 0x1
 1443 00ff 51       		.byte	0x51
 1444 0100 9F       		.byte	0x9f
 1445 0101 14000000 		.4byte	.LVL7
 1446 0105 1F000000 		.4byte	.LVL9-1
 1447 0109 0100     		.2byte	0x1
 1448 010b 51       		.byte	0x51
 1449 010c 1F000000 		.4byte	.LVL9-1
 1450 0110 22000000 		.4byte	.LVL10
 1451 0114 0400     		.2byte	0x4
 1452 0116 F3       		.byte	0xf3
 1453 0117 01       		.uleb128 0x1
 1454 0118 51       		.byte	0x51
 1455 0119 9F       		.byte	0x9f
 1456 011a 22000000 		.4byte	.LVL10
 1457 011e 29000000 		.4byte	.LVL12-1
 1458 0122 0100     		.2byte	0x1
 1459 0124 51       		.byte	0x51
 1460 0125 29000000 		.4byte	.LVL12-1
 1461 0129 2C000000 		.4byte	.LFE36
 1462 012d 0400     		.2byte	0x4
 1463 012f F3       		.byte	0xf3
 1464 0130 01       		.uleb128 0x1
 1465 0131 51       		.byte	0x51
 1466 0132 9F       		.byte	0x9f
 1467 0133 00000000 		.4byte	0
 1468 0137 00000000 		.4byte	0
 1469              		.section	.debug_aranges,"",%progbits
 1470 0000 34000000 		.4byte	0x34
 1471 0004 0200     		.2byte	0x2
 1472 0006 00000000 		.4byte	.Ldebug_info0
 1473 000a 04       		.byte	0x4
 1474 000b 00       		.byte	0
 1475 000c 0000     		.2byte	0
 1476 000e 0000     		.2byte	0
 1477 0010 00000000 		.4byte	.LFB35
ARM GAS  C:\Users\bryan.lee\AppData\Local\Temp\ccQDroBg.s 			page 28


 1478 0014 12000000 		.4byte	.LFE35-.LFB35
 1479 0018 00000000 		.4byte	.LFB36
 1480 001c 2C000000 		.4byte	.LFE36-.LFB36
 1481 0020 00000000 		.4byte	.LFB37
 1482 0024 0A000000 		.4byte	.LFE37-.LFB37
 1483 0028 00000000 		.4byte	.LFB38
 1484 002c 30000000 		.4byte	.LFE38-.LFB38
 1485 0030 00000000 		.4byte	0
 1486 0034 00000000 		.4byte	0
 1487              		.section	.debug_ranges,"",%progbits
 1488              	.Ldebug_ranges0:
 1489 0000 00000000 		.4byte	.LFB35
 1490 0004 12000000 		.4byte	.LFE35
 1491 0008 00000000 		.4byte	.LFB36
 1492 000c 2C000000 		.4byte	.LFE36
 1493 0010 00000000 		.4byte	.LFB37
 1494 0014 0A000000 		.4byte	.LFE37
 1495 0018 00000000 		.4byte	.LFB38
 1496 001c 30000000 		.4byte	.LFE38
 1497 0020 00000000 		.4byte	0
 1498 0024 00000000 		.4byte	0
 1499              		.section	.debug_line,"",%progbits
 1500              	.Ldebug_line0:
 1501 0000 0B010000 		.section	.debug_str,"MS",%progbits,1
 1501      0200B300 
 1501      00000201 
 1501      FB0E0D00 
 1501      01010101 
 1502              	.LASF81:
 1503 0000 4359424C 		.ascii	"CYBLE_EVT_L2CAP_CBFC_RX_CREDIT_IND\000"
 1503      455F4556 
 1503      545F4C32 
 1503      4341505F 
 1503      43424643 
 1504              	.LASF22:
 1505 0023 4359424C 		.ascii	"CYBLE_EVT_STACK_BUSY_STATUS\000"
 1505      455F4556 
 1505      545F5354 
 1505      41434B5F 
 1505      42555359 
 1506              	.LASF10:
 1507 003f 75696E74 		.ascii	"uint16\000"
 1507      313600
 1508              	.LASF80:
 1509 0046 4359424C 		.ascii	"CYBLE_EVT_L2CAP_CBFC_DATA_READ\000"
 1509      455F4556 
 1509      545F4C32 
 1509      4341505F 
 1509      43424643 
 1510              	.LASF92:
 1511 0065 4359424C 		.ascii	"CYBLE_CONN_HANDLE_T\000"
 1511      455F434F 
 1511      4E4E5F48 
 1511      414E444C 
 1511      455F5400 
 1512              	.LASF106:
 1513 0079 636F6E6E 		.ascii	"connHandle\000"
ARM GAS  C:\Users\bryan.lee\AppData\Local\Temp\ccQDroBg.s 			page 29


 1513      48616E64 
 1513      6C6500
 1514              	.LASF34:
 1515 0084 4359424C 		.ascii	"CYBLE_EVT_GAP_CONNECTION_UPDATE_COMPLETE\000"
 1515      455F4556 
 1515      545F4741 
 1515      505F434F 
 1515      4E4E4543 
 1516              	.LASF79:
 1517 00ad 4359424C 		.ascii	"CYBLE_EVT_L2CAP_CBFC_DISCONN_CNF\000"
 1517      455F4556 
 1517      545F4C32 
 1517      4341505F 
 1517      43424643 
 1518              	.LASF39:
 1519 00ce 4359424C 		.ascii	"CYBLE_EVT_GAP_OOB_GENERATED_NOTIFICATION\000"
 1519      455F4556 
 1519      545F4741 
 1519      505F4F4F 
 1519      425F4745 
 1520              	.LASF59:
 1521 00f7 4359424C 		.ascii	"CYBLE_EVT_GATTC_READ_MULTI_RSP\000"
 1521      455F4556 
 1521      545F4741 
 1521      5454435F 
 1521      52454144 
 1522              	.LASF64:
 1523 0116 4359424C 		.ascii	"CYBLE_EVT_GATTS_EXEC_WRITE_REQ\000"
 1523      455F4556 
 1523      545F4741 
 1523      5454535F 
 1523      45584543 
 1524              	.LASF19:
 1525 0135 4359424C 		.ascii	"CYBLE_EVT_TIMEOUT\000"
 1525      455F4556 
 1525      545F5449 
 1525      4D454F55 
 1525      5400
 1526              	.LASF4:
 1527 0147 6C6F6E67 		.ascii	"long int\000"
 1527      20696E74 
 1527      00
 1528              	.LASF125:
 1529 0150 474E5520 		.ascii	"GNU C11 5.4.1 20160609 (release) [ARM/embedded-5-br"
 1529      43313120 
 1529      352E342E 
 1529      31203230 
 1529      31363036 
 1530 0183 616E6368 		.ascii	"anch revision 237715] -mcpu=cortex-m0 -mthumb -g -O"
 1530      20726576 
 1530      6973696F 
 1530      6E203233 
 1530      37373135 
 1531 01b6 67202D66 		.ascii	"g -ffunction-sections -ffat-lto-objects\000"
 1531      66756E63 
 1531      74696F6E 
 1531      2D736563 
ARM GAS  C:\Users\bryan.lee\AppData\Local\Temp\ccQDroBg.s 			page 30


 1531      74696F6E 
 1532              	.LASF7:
 1533 01de 6C6F6E67 		.ascii	"long long unsigned int\000"
 1533      206C6F6E 
 1533      6720756E 
 1533      7369676E 
 1533      65642069 
 1534              	.LASF94:
 1535 01f5 4359424C 		.ascii	"CYBLE_GATT_VALUE_T\000"
 1535      455F4741 
 1535      54545F56 
 1535      414C5545 
 1535      5F5400
 1536              	.LASF130:
 1537 0208 6379426C 		.ascii	"cyBle_bass\000"
 1537      655F6261 
 1537      737300
 1538              	.LASF21:
 1539 0213 4359424C 		.ascii	"CYBLE_EVT_HCI_STATUS\000"
 1539      455F4556 
 1539      545F4843 
 1539      495F5354 
 1539      41545553 
 1540              	.LASF120:
 1541 0228 4379426C 		.ascii	"CyBle_IasRegisterAttrCallback\000"
 1541      655F4961 
 1541      73526567 
 1541      69737465 
 1541      72417474 
 1542              	.LASF84:
 1543 0246 4359424C 		.ascii	"CYBLE_EVT_PENDING_FLASH_WRITE\000"
 1543      455F4556 
 1543      545F5045 
 1543      4E44494E 
 1543      475F464C 
 1544              	.LASF109:
 1545 0264 6576656E 		.ascii	"eventCode\000"
 1545      74436F64 
 1545      6500
 1546              	.LASF73:
 1547 026e 4359424C 		.ascii	"CYBLE_EVT_L2CAP_CONN_PARAM_UPDATE_REQ\000"
 1547      455F4556 
 1547      545F4C32 
 1547      4341505F 
 1547      434F4E4E 
 1548              	.LASF33:
 1549 0294 4359424C 		.ascii	"CYBLE_EVT_GAP_ENCRYPT_CHANGE\000"
 1549      455F4556 
 1549      545F4741 
 1549      505F454E 
 1549      43525950 
 1550              	.LASF37:
 1551 02b1 4359424C 		.ascii	"CYBLE_EVT_GAP_NUMERIC_COMPARISON_REQUEST\000"
 1551      455F4556 
 1551      545F4741 
 1551      505F4E55 
 1551      4D455249 
ARM GAS  C:\Users\bryan.lee\AppData\Local\Temp\ccQDroBg.s 			page 31


 1552              	.LASF100:
 1553 02da 63706664 		.ascii	"cpfdHandle\000"
 1553      48616E64 
 1553      6C6500
 1554              	.LASF6:
 1555 02e5 6C6F6E67 		.ascii	"long long int\000"
 1555      206C6F6E 
 1555      6720696E 
 1555      7400
 1556              	.LASF0:
 1557 02f3 7369676E 		.ascii	"signed char\000"
 1557      65642063 
 1557      68617200 
 1558              	.LASF18:
 1559 02ff 4359424C 		.ascii	"CYBLE_EVT_STACK_ON\000"
 1559      455F4556 
 1559      545F5354 
 1559      41434B5F 
 1559      4F4E00
 1560              	.LASF35:
 1561 0312 4359424C 		.ascii	"CYBLE_EVT_GAPC_SCAN_START_STOP\000"
 1561      455F4556 
 1561      545F4741 
 1561      50435F53 
 1561      43414E5F 
 1562              	.LASF93:
 1563 0331 61637475 		.ascii	"actualLen\000"
 1563      616C4C65 
 1563      6E00
 1564              	.LASF25:
 1565 033b 4359424C 		.ascii	"CYBLE_EVT_GAP_AUTH_REQ\000"
 1565      455F4556 
 1565      545F4741 
 1565      505F4155 
 1565      54485F52 
 1566              	.LASF57:
 1567 0352 4359424C 		.ascii	"CYBLE_EVT_GATTC_READ_RSP\000"
 1567      455F4556 
 1567      545F4741 
 1567      5454435F 
 1567      52454144 
 1568              	.LASF103:
 1569 036b 4359424C 		.ascii	"CYBLE_IAS_ALERT_LEVEL\000"
 1569      455F4941 
 1569      535F414C 
 1569      4552545F 
 1569      4C455645 
 1570              	.LASF62:
 1571 0381 4359424C 		.ascii	"CYBLE_EVT_GATTS_WRITE_CMD_REQ\000"
 1571      455F4556 
 1571      545F4741 
 1571      5454535F 
 1571      57524954 
 1572              	.LASF30:
 1573 039f 4359424C 		.ascii	"CYBLE_EVT_GAPP_ADVERTISEMENT_START_STOP\000"
 1573      455F4556 
 1573      545F4741 
ARM GAS  C:\Users\bryan.lee\AppData\Local\Temp\ccQDroBg.s 			page 32


 1573      50505F41 
 1573      44564552 
 1574              	.LASF9:
 1575 03c7 75696E74 		.ascii	"uint8\000"
 1575      3800
 1576              	.LASF112:
 1577 03cd 4961735F 		.ascii	"Ias_Handler\000"
 1577      48616E64 
 1577      6C657200 
 1578              	.LASF65:
 1579 03d9 4359424C 		.ascii	"CYBLE_EVT_GATTC_EXEC_WRITE_RSP\000"
 1579      455F4556 
 1579      545F4741 
 1579      5454435F 
 1579      45584543 
 1580              	.LASF13:
 1581 03f8 646F7562 		.ascii	"double\000"
 1581      6C6500
 1582              	.LASF78:
 1583 03ff 4359424C 		.ascii	"CYBLE_EVT_L2CAP_CBFC_DISCONN_IND\000"
 1583      455F4556 
 1583      545F4C32 
 1583      4341505F 
 1583      43424643 
 1584              	.LASF111:
 1585 0420 53746163 		.ascii	"Stack_Handler\000"
 1585      6B5F4861 
 1585      6E646C65 
 1585      7200
 1586              	.LASF11:
 1587 042e 75696E74 		.ascii	"uint32\000"
 1587      333200
 1588              	.LASF88:
 1589 0435 4359424C 		.ascii	"CYBLE_EVT_MAX\000"
 1589      455F4556 
 1589      545F4D41 
 1589      5800
 1590              	.LASF83:
 1591 0443 4359424C 		.ascii	"CYBLE_EVT_L2CAP_CBFC_DATA_WRITE_IND\000"
 1591      455F4556 
 1591      545F4C32 
 1591      4341505F 
 1591      43424643 
 1592              	.LASF96:
 1593 0467 61747472 		.ascii	"attrHandle\000"
 1593      48616E64 
 1593      6C6500
 1594              	.LASF95:
 1595 0472 76616C75 		.ascii	"value\000"
 1595      6500
 1596              	.LASF70:
 1597 0478 4359424C 		.ascii	"CYBLE_EVT_GATTC_STOP_CMD_COMPLETE\000"
 1597      455F4556 
 1597      545F4741 
 1597      5454435F 
 1597      53544F50 
 1598              	.LASF8:
ARM GAS  C:\Users\bryan.lee\AppData\Local\Temp\ccQDroBg.s 			page 33


 1599 049a 756E7369 		.ascii	"unsigned int\000"
 1599      676E6564 
 1599      20696E74 
 1599      00
 1600              	.LASF115:
 1601 04a7 6276616C 		.ascii	"bval\000"
 1601      00
 1602              	.LASF85:
 1603 04ac 4359424C 		.ascii	"CYBLE_EVT_LE_PING_AUTH_TIMEOUT\000"
 1603      455F4556 
 1603      545F4C45 
 1603      5F50494E 
 1603      475F4155 
 1604              	.LASF102:
 1605 04cb 4359424C 		.ascii	"CYBLE_BASS_T\000"
 1605      455F4241 
 1605      53535F54 
 1605      00
 1606              	.LASF5:
 1607 04d8 6C6F6E67 		.ascii	"long unsigned int\000"
 1607      20756E73 
 1607      69676E65 
 1607      6420696E 
 1607      7400
 1608              	.LASF44:
 1609 04ea 4359424C 		.ascii	"CYBLE_EVT_GAP_CONN_ESTB\000"
 1609      455F4556 
 1609      545F4741 
 1609      505F434F 
 1609      4E4E5F45 
 1610              	.LASF60:
 1611 0502 4359424C 		.ascii	"CYBLE_EVT_GATTS_WRITE_REQ\000"
 1611      455F4556 
 1611      545F4741 
 1611      5454535F 
 1611      57524954 
 1612              	.LASF52:
 1613 051c 4359424C 		.ascii	"CYBLE_EVT_GATTC_XCHNG_MTU_RSP\000"
 1613      455F4556 
 1613      545F4741 
 1613      5454435F 
 1613      5843484E 
 1614              	.LASF69:
 1615 053a 4359424C 		.ascii	"CYBLE_EVT_GATTS_DATA_SIGNED_CMD_REQ\000"
 1615      455F4556 
 1615      545F4741 
 1615      5454535F 
 1615      44415441 
 1616              	.LASF72:
 1617 055e 4359424C 		.ascii	"CYBLE_EVT_GATTC_LONG_PROCEDURE_END\000"
 1617      455F4556 
 1617      545F4741 
 1617      5454435F 
 1617      4C4F4E47 
 1618              	.LASF3:
 1619 0581 73686F72 		.ascii	"short unsigned int\000"
 1619      7420756E 
ARM GAS  C:\Users\bryan.lee\AppData\Local\Temp\ccQDroBg.s 			page 34


 1619      7369676E 
 1619      65642069 
 1619      6E7400
 1620              	.LASF17:
 1621 0594 4359424C 		.ascii	"CYBLE_EVT_HOST_INVALID\000"
 1621      455F4556 
 1621      545F484F 
 1621      53545F49 
 1621      4E56414C 
 1622              	.LASF55:
 1623 05ab 4359424C 		.ascii	"CYBLE_EVT_GATTC_FIND_INFO_RSP\000"
 1623      455F4556 
 1623      545F4741 
 1623      5454435F 
 1623      46494E44 
 1624              	.LASF23:
 1625 05c9 4359424C 		.ascii	"CYBLE_EVT_MEMORY_REQUEST\000"
 1625      455F4556 
 1625      545F4D45 
 1625      4D4F5259 
 1625      5F524551 
 1626              	.LASF26:
 1627 05e2 4359424C 		.ascii	"CYBLE_EVT_GAP_PASSKEY_ENTRY_REQUEST\000"
 1627      455F4556 
 1627      545F4741 
 1627      505F5041 
 1627      53534B45 
 1628              	.LASF31:
 1629 0606 4359424C 		.ascii	"CYBLE_EVT_GAP_DEVICE_CONNECTED\000"
 1629      455F4556 
 1629      545F4741 
 1629      505F4445 
 1629      56494345 
 1630              	.LASF121:
 1631 0625 50574D5F 		.ascii	"PWM_Start\000"
 1631      53746172 
 1631      7400
 1632              	.LASF46:
 1633 062f 4359424C 		.ascii	"CYBLE_EVT_GAP_AUTH_REQ_REPLY_ERR\000"
 1633      455F4556 
 1633      545F4741 
 1633      505F4155 
 1633      54485F52 
 1634              	.LASF119:
 1635 0650 4379426C 		.ascii	"CyBle_Start\000"
 1635      655F5374 
 1635      61727400 
 1636              	.LASF27:
 1637 065c 4359424C 		.ascii	"CYBLE_EVT_GAP_PASSKEY_DISPLAY_REQUEST\000"
 1637      455F4556 
 1637      545F4741 
 1637      505F5041 
 1637      53534B45 
 1638              	.LASF98:
 1639 0682 73657276 		.ascii	"serviceHandle\000"
 1639      69636548 
 1639      616E646C 
ARM GAS  C:\Users\bryan.lee\AppData\Local\Temp\ccQDroBg.s 			page 35


 1639      6500
 1640              	.LASF49:
 1641 0690 4359424C 		.ascii	"CYBLE_EVT_GATT_CONNECT_IND\000"
 1641      455F4556 
 1641      545F4741 
 1641      54545F43 
 1641      4F4E4E45 
 1642              	.LASF75:
 1643 06ab 4359424C 		.ascii	"CYBLE_EVT_L2CAP_COMMAND_REJ\000"
 1643      455F4556 
 1643      545F4C32 
 1643      4341505F 
 1643      434F4D4D 
 1644              	.LASF24:
 1645 06c7 4359424C 		.ascii	"CYBLE_EVT_GAPC_SCAN_PROGRESS_RESULT\000"
 1645      455F4556 
 1645      545F4741 
 1645      50435F53 
 1645      43414E5F 
 1646              	.LASF91:
 1647 06eb 61747449 		.ascii	"attId\000"
 1647      6400
 1648              	.LASF47:
 1649 06f1 4359424C 		.ascii	"CYBLE_EVT_GAP_SMP_LOC_P256_KEYS_GEN_AND_SET_COMPLET"
 1649      455F4556 
 1649      545F4741 
 1649      505F534D 
 1649      505F4C4F 
 1650 0724 4500     		.ascii	"E\000"
 1651              	.LASF76:
 1652 0726 4359424C 		.ascii	"CYBLE_EVT_L2CAP_CBFC_CONN_IND\000"
 1652      455F4556 
 1652      545F4C32 
 1652      4341505F 
 1652      43424643 
 1653              	.LASF54:
 1654 0744 4359424C 		.ascii	"CYBLE_EVT_GATTC_READ_BY_TYPE_RSP\000"
 1654      455F4556 
 1654      545F4741 
 1654      5454435F 
 1654      52454144 
 1655              	.LASF16:
 1656 0765 73697A65 		.ascii	"sizetype\000"
 1656      74797065 
 1656      00
 1657              	.LASF122:
 1658 076e 54696D65 		.ascii	"Timer_Start\000"
 1658      725F5374 
 1658      61727400 
 1659              	.LASF123:
 1660 077a 54696D65 		.ascii	"Timer_ISR_StartEx\000"
 1660      725F4953 
 1660      525F5374 
 1660      61727445 
 1660      7800
 1661              	.LASF61:
 1662 078c 4359424C 		.ascii	"CYBLE_EVT_GATTC_WRITE_RSP\000"
ARM GAS  C:\Users\bryan.lee\AppData\Local\Temp\ccQDroBg.s 			page 36


 1662      455F4556 
 1662      545F4741 
 1662      5454435F 
 1662      57524954 
 1663              	.LASF42:
 1664 07a6 4359424C 		.ascii	"CYBLE_EVT_GAPC_DIRECT_ADV_REPORT\000"
 1664      455F4556 
 1664      545F4741 
 1664      50435F44 
 1664      49524543 
 1665              	.LASF40:
 1666 07c7 4359424C 		.ascii	"CYBLE_EVT_GAP_DATA_LENGTH_CHANGE\000"
 1666      455F4556 
 1666      545F4741 
 1666      505F4441 
 1666      54415F4C 
 1667              	.LASF128:
 1668 07e8 70617261 		.ascii	"param\000"
 1668      6D00
 1669              	.LASF124:
 1670 07ee 4379426C 		.ascii	"CyBle_ProcessEvents\000"
 1670      655F5072 
 1670      6F636573 
 1670      73457665 
 1670      6E747300 
 1671              	.LASF28:
 1672 0802 4359424C 		.ascii	"CYBLE_EVT_GAP_AUTH_COMPLETE\000"
 1672      455F4556 
 1672      545F4741 
 1672      505F4155 
 1672      54485F43 
 1673              	.LASF66:
 1674 081e 4359424C 		.ascii	"CYBLE_EVT_GATTC_HANDLE_VALUE_NTF\000"
 1674      455F4556 
 1674      545F4741 
 1674      5454435F 
 1674      48414E44 
 1675              	.LASF97:
 1676 083f 4359424C 		.ascii	"CYBLE_GATT_HANDLE_VALUE_PAIR_T\000"
 1676      455F4741 
 1676      54545F48 
 1676      414E444C 
 1676      455F5641 
 1677              	.LASF126:
 1678 085e 6D61696E 		.ascii	"main.c\000"
 1678      2E6300
 1679              	.LASF77:
 1680 0865 4359424C 		.ascii	"CYBLE_EVT_L2CAP_CBFC_CONN_CNF\000"
 1680      455F4556 
 1680      545F4C32 
 1680      4341505F 
 1680      43424643 
 1681              	.LASF53:
 1682 0883 4359424C 		.ascii	"CYBLE_EVT_GATTC_READ_BY_GROUP_TYPE_RSP\000"
 1682      455F4556 
 1682      545F4741 
 1682      5454435F 
ARM GAS  C:\Users\bryan.lee\AppData\Local\Temp\ccQDroBg.s 			page 37


 1682      52454144 
 1683              	.LASF12:
 1684 08aa 666C6F61 		.ascii	"float\000"
 1684      7400
 1685              	.LASF116:
 1686 08b0 4379426C 		.ascii	"CyBle_GappStartAdvertisement\000"
 1686      655F4761 
 1686      70705374 
 1686      61727441 
 1686      64766572 
 1687              	.LASF29:
 1688 08cd 4359424C 		.ascii	"CYBLE_EVT_GAP_AUTH_FAILED\000"
 1688      455F4556 
 1688      545F4741 
 1688      505F4155 
 1688      54485F46 
 1689              	.LASF50:
 1690 08e7 4359424C 		.ascii	"CYBLE_EVT_GATT_DISCONNECT_IND\000"
 1690      455F4556 
 1690      545F4741 
 1690      54545F44 
 1690      4953434F 
 1691              	.LASF1:
 1692 0905 756E7369 		.ascii	"unsigned char\000"
 1692      676E6564 
 1692      20636861 
 1692      7200
 1693              	.LASF38:
 1694 0913 4359424C 		.ascii	"CYBLE_EVT_GAP_KEYPRESS_NOTIFICATION\000"
 1694      455F4556 
 1694      545F4741 
 1694      505F4B45 
 1694      59505245 
 1695              	.LASF2:
 1696 0937 73686F72 		.ascii	"short int\000"
 1696      7420696E 
 1696      7400
 1697              	.LASF67:
 1698 0941 4359424C 		.ascii	"CYBLE_EVT_GATTC_HANDLE_VALUE_IND\000"
 1698      455F4556 
 1698      545F4741 
 1698      5454435F 
 1698      48414E44 
 1699              	.LASF86:
 1700 0962 4359424C 		.ascii	"CYBLE_EVT_HCI_PKT\000"
 1700      455F4556 
 1700      545F4843 
 1700      495F504B 
 1700      5400
 1701              	.LASF104:
 1702 0974 4359424C 		.ascii	"CYBLE_IAS_CHAR_COUNT\000"
 1702      455F4941 
 1702      535F4348 
 1702      41525F43 
 1702      4F554E54 
 1703              	.LASF63:
 1704 0989 4359424C 		.ascii	"CYBLE_EVT_GATTS_PREP_WRITE_REQ\000"
ARM GAS  C:\Users\bryan.lee\AppData\Local\Temp\ccQDroBg.s 			page 38


 1704      455F4556 
 1704      545F4741 
 1704      5454535F 
 1704      50524550 
 1705              	.LASF68:
 1706 09a8 4359424C 		.ascii	"CYBLE_EVT_GATTS_HANDLE_VALUE_CNF\000"
 1706      455F4556 
 1706      545F4741 
 1706      5454535F 
 1706      48414E44 
 1707              	.LASF48:
 1708 09c9 4359424C 		.ascii	"CYBLE_EVT_GATTC_ERROR_RSP\000"
 1708      455F4556 
 1708      545F4741 
 1708      5454435F 
 1708      4552524F 
 1709              	.LASF43:
 1710 09e3 4359424C 		.ascii	"CYBLE_EVT_GAP_SMP_NEGOTIATED_AUTH_INFO\000"
 1710      455F4556 
 1710      545F4741 
 1710      505F534D 
 1710      505F4E45 
 1711              	.LASF108:
 1712 0a0a 4359424C 		.ascii	"CYBLE_IAS_CHAR_VALUE_T\000"
 1712      455F4941 
 1712      535F4348 
 1712      41525F56 
 1712      414C5545 
 1713              	.LASF15:
 1714 0a21 6C6F6E67 		.ascii	"long double\000"
 1714      20646F75 
 1714      626C6500 
 1715              	.LASF87:
 1716 0a2d 4359424C 		.ascii	"CYBLE_EVT_FLASH_CORRUPT\000"
 1716      455F4556 
 1716      545F464C 
 1716      4153485F 
 1716      434F5252 
 1717              	.LASF14:
 1718 0a45 63686172 		.ascii	"char\000"
 1718      00
 1719              	.LASF45:
 1720 0a4a 4359424C 		.ascii	"CYBLE_EVT_GAP_SCAN_REQ_RECVD\000"
 1720      455F4556 
 1720      545F4741 
 1720      505F5343 
 1720      414E5F52 
 1721              	.LASF32:
 1722 0a67 4359424C 		.ascii	"CYBLE_EVT_GAP_DEVICE_DISCONNECTED\000"
 1722      455F4556 
 1722      545F4741 
 1722      505F4445 
 1722      56494345 
 1723              	.LASF71:
 1724 0a89 4359424C 		.ascii	"CYBLE_EVT_GATTS_READ_CHAR_VAL_ACCESS_REQ\000"
 1724      455F4556 
 1724      545F4741 
ARM GAS  C:\Users\bryan.lee\AppData\Local\Temp\ccQDroBg.s 			page 39


 1724      5454535F 
 1724      52454144 
 1725              	.LASF113:
 1726 0ab2 54696D65 		.ascii	"Timer_ISR_Handler\000"
 1726      725F4953 
 1726      525F4861 
 1726      6E646C65 
 1726      7200
 1727              	.LASF82:
 1728 0ac4 4359424C 		.ascii	"CYBLE_EVT_L2CAP_CBFC_TX_CREDIT_IND\000"
 1728      455F4556 
 1728      545F4C32 
 1728      4341505F 
 1728      43424643 
 1729              	.LASF101:
 1730 0ae7 63636364 		.ascii	"cccdHandle\000"
 1730      48616E64 
 1730      6C6500
 1731              	.LASF20:
 1732 0af2 4359424C 		.ascii	"CYBLE_EVT_HARDWARE_ERROR\000"
 1732      455F4556 
 1732      545F4841 
 1732      52445741 
 1732      52455F45 
 1733              	.LASF105:
 1734 0b0b 4359424C 		.ascii	"CYBLE_IAS_CHAR_INDEX_T\000"
 1734      455F4941 
 1734      535F4348 
 1734      41525F49 
 1734      4E444558 
 1735              	.LASF51:
 1736 0b22 4359424C 		.ascii	"CYBLE_EVT_GATTS_XCNHG_MTU_REQ\000"
 1736      455F4556 
 1736      545F4741 
 1736      5454535F 
 1736      58434E48 
 1737              	.LASF99:
 1738 0b40 62617474 		.ascii	"batteryLevelHandle\000"
 1738      6572794C 
 1738      6576656C 
 1738      48616E64 
 1738      6C6500
 1739              	.LASF110:
 1740 0b53 6576656E 		.ascii	"eventParam\000"
 1740      74506172 
 1740      616D00
 1741              	.LASF107:
 1742 0b5e 63686172 		.ascii	"charIndex\000"
 1742      496E6465 
 1742      7800
 1743              	.LASF58:
 1744 0b68 4359424C 		.ascii	"CYBLE_EVT_GATTC_READ_BLOB_RSP\000"
 1744      455F4556 
 1744      545F4741 
 1744      5454435F 
 1744      52454144 
 1745              	.LASF118:
ARM GAS  C:\Users\bryan.lee\AppData\Local\Temp\ccQDroBg.s 			page 40


 1746 0b86 54696D65 		.ascii	"Timer_ClearInterrupt\000"
 1746      725F436C 
 1746      65617249 
 1746      6E746572 
 1746      72757074 
 1747              	.LASF56:
 1748 0b9b 4359424C 		.ascii	"CYBLE_EVT_GATTC_FIND_BY_TYPE_VALUE_RSP\000"
 1748      455F4556 
 1748      545F4741 
 1748      5454435F 
 1748      46494E44 
 1749              	.LASF36:
 1750 0bc2 4359424C 		.ascii	"CYBLE_EVT_GAP_KEYINFO_EXCHNGE_CMPLT\000"
 1750      455F4556 
 1750      545F4741 
 1750      505F4B45 
 1750      59494E46 
 1751              	.LASF114:
 1752 0be6 6C6F6348 		.ascii	"locHandleValuePair\000"
 1752      616E646C 
 1752      6556616C 
 1752      75655061 
 1752      697200
 1753              	.LASF90:
 1754 0bf9 62644861 		.ascii	"bdHandle\000"
 1754      6E646C65 
 1754      00
 1755              	.LASF127:
 1756 0c02 433A5C55 		.ascii	"C:\\Users\\bryan.lee\\Documents\\GitHub\\hello-worl"
 1756      73657273 
 1756      5C627279 
 1756      616E2E6C 
 1756      65655C44 
 1757 0c30 645C5073 		.ascii	"d\\Psoc_102_4BLE\\PSoC_101\\Design01.cydsn\000"
 1757      6F635F31 
 1757      30325F34 
 1757      424C455C 
 1757      50536F43 
 1758              	.LASF74:
 1759 0c58 4359424C 		.ascii	"CYBLE_EVT_L2CAP_CONN_PARAM_UPDATE_RSP\000"
 1759      455F4556 
 1759      545F4C32 
 1759      4341505F 
 1759      434F4E4E 
 1760              	.LASF129:
 1761 0c7e 6D61696E 		.ascii	"main\000"
 1761      00
 1762              	.LASF41:
 1763 0c83 4359424C 		.ascii	"CYBLE_EVT_GAP_ENHANCE_CONN_COMPLETE\000"
 1763      455F4556 
 1763      545F4741 
 1763      505F454E 
 1763      48414E43 
 1764              	.LASF89:
 1765 0ca7 4359424C 		.ascii	"CYBLE_GATT_DB_ATTR_HANDLE_T\000"
 1765      455F4741 
 1765      54545F44 
ARM GAS  C:\Users\bryan.lee\AppData\Local\Temp\ccQDroBg.s 			page 41


 1765      425F4154 
 1765      54525F48 
 1766              	.LASF117:
 1767 0cc3 50574D5F 		.ascii	"PWM_WriteCompare\000"
 1767      57726974 
 1767      65436F6D 
 1767      70617265 
 1767      00
 1768              		.ident	"GCC: (GNU Tools for ARM Embedded Processors) 5.4.1 20160609 (release) [ARM/embedded-5-bran
