ARM GAS  C:\Users\bryan.lee\AppData\Local\Temp\ccAsRluV.s 			page 1


   1              		.syntax unified
   2              		.cpu cortex-m0
   3              		.fpu softvfp
   4              		.eabi_attribute 20, 1
   5              		.eabi_attribute 21, 1
   6              		.eabi_attribute 23, 3
   7              		.eabi_attribute 24, 1
   8              		.eabi_attribute 25, 1
   9              		.eabi_attribute 26, 1
  10              		.eabi_attribute 30, 6
  11              		.eabi_attribute 34, 0
  12              		.eabi_attribute 18, 4
  13              		.thumb
  14              		.syntax unified
  15              		.file	"server.c"
  16              		.text
  17              	.Ltext0:
  18              		.cfi_sections	.debug_frame
  19              		.section	.rodata
  20              		.align	2
  21              	.LC1:
  22 0000 53746172 		.ascii	"StartAdvertisement API Error: %x \015\012\000"
  22      74416476 
  22      65727469 
  22      73656D65 
  22      6E742041 
  23              		.align	2
  24              	.LC3:
  25 0024 53746172 		.ascii	"Start Advertisement with addr: \000"
  25      74204164 
  25      76657274 
  25      6973656D 
  25      656E7420 
  26              		.align	2
  27              	.LC5:
  28 0044 25322E32 		.ascii	"%2.2x\000"
  28      7800
  29 004a 0000     		.align	2
  30              	.LC7:
  31 004c 0D00     		.ascii	"\015\000"
  32              		.section	.text.StartAdvertisement,"ax",%progbits
  33              		.align	2
  34              		.global	StartAdvertisement
  35              		.code	16
  36              		.thumb_func
  37              		.type	StartAdvertisement, %function
  38              	StartAdvertisement:
  39              	.LFB36:
  40              		.file 1 "server.c"
   1:server.c      **** /*******************************************************************************
   2:server.c      **** * File Name: server.c
   3:server.c      **** *
   4:server.c      **** * Version 1.0
   5:server.c      **** *
   6:server.c      **** * Description:
   7:server.c      **** *  Common BLE application code for server devices.
   8:server.c      **** *
ARM GAS  C:\Users\bryan.lee\AppData\Local\Temp\ccAsRluV.s 			page 2


   9:server.c      **** *******************************************************************************
  10:server.c      **** * Copyright 2014, Cypress Semiconductor Corporation.  All rights reserved.
  11:server.c      **** * You may use this file only in accordance with the license, terms, conditions,
  12:server.c      **** * disclaimers, and limitations in the end user license agreement accompanying
  13:server.c      **** * the software package with which this file was provided.
  14:server.c      **** *******************************************************************************/
  15:server.c      **** 
  16:server.c      **** #include <project.h>
  17:server.c      **** #include <stdio.h>
  18:server.c      **** #include "common.h"
  19:server.c      **** 
  20:server.c      **** 
  21:server.c      **** /*******************************************************************************
  22:server.c      **** * Function Name: StartAdvertisement
  23:server.c      **** ********************************************************************************
  24:server.c      **** *
  25:server.c      **** * Summary:
  26:server.c      **** *   Initiates the advertisement procedure.
  27:server.c      **** *   Prints the Device Address.
  28:server.c      **** *
  29:server.c      **** * Parameters:
  30:server.c      **** *   None.
  31:server.c      **** *
  32:server.c      **** * Return:
  33:server.c      **** *   None.
  34:server.c      **** *
  35:server.c      **** *******************************************************************************/
  36:server.c      **** void StartAdvertisement(void)
  37:server.c      **** {
  41              		.loc 1 37 0
  42              		.cfi_startproc
  43              		@ args = 0, pretend = 0, frame = 16
  44              		@ frame_needed = 1, uses_anonymous_args = 0
  45 0000 80B5     		push	{r7, lr}
  46              		.cfi_def_cfa_offset 8
  47              		.cfi_offset 7, -8
  48              		.cfi_offset 14, -4
  49 0002 84B0     		sub	sp, sp, #16
  50              		.cfi_def_cfa_offset 24
  51 0004 00AF     		add	r7, sp, #0
  52              		.cfi_def_cfa_register 7
  38:server.c      ****     uint16 i;
  39:server.c      ****     CYBLE_GAP_BD_ADDR_T localAddr;
  40:server.c      ****     apiResult = CyBle_GappStartAdvertisement(CYBLE_ADVERTISING_FAST);
  53              		.loc 1 40 0
  54 0006 0020     		movs	r0, #0
  55 0008 FFF7FEFF 		bl	CyBle_GappStartAdvertisement
  56 000c 0300     		movs	r3, r0
  57 000e 1A00     		movs	r2, r3
  58 0010 1D4B     		ldr	r3, .L7
  59 0012 1A80     		strh	r2, [r3]
  41:server.c      ****     if(apiResult != CYBLE_ERROR_OK)
  60              		.loc 1 41 0
  61 0014 1C4B     		ldr	r3, .L7
  62 0016 1B88     		ldrh	r3, [r3]
  63 0018 002B     		cmp	r3, #0
  64 001a 08D0     		beq	.L2
ARM GAS  C:\Users\bryan.lee\AppData\Local\Temp\ccAsRluV.s 			page 3


  42:server.c      ****     {
  43:server.c      ****         printf("StartAdvertisement API Error: %x \r\n", (int) apiResult);
  65              		.loc 1 43 0
  66 001c 1A4B     		ldr	r3, .L7
  67 001e 1B88     		ldrh	r3, [r3]
  68 0020 1A00     		movs	r2, r3
  69 0022 1A4B     		ldr	r3, .L7+4
  70 0024 1100     		movs	r1, r2
  71 0026 1800     		movs	r0, r3
  72 0028 FFF7FEFF 		bl	printf
  44:server.c      ****     }
  45:server.c      ****     else
  46:server.c      ****     {
  47:server.c      ****         printf("Start Advertisement with addr: ");
  48:server.c      ****         CyBle_GetDeviceAddress(&localAddr);
  49:server.c      ****         for(i = CYBLE_GAP_BD_ADDR_SIZE; i > 0u; i--)
  50:server.c      ****         {
  51:server.c      ****             printf("%2.2x", localAddr.bdAddr[i-1]);
  52:server.c      ****         }
  53:server.c      ****         printf("\r\n");
  54:server.c      ****     }
  55:server.c      **** }
  73              		.loc 1 55 0
  74 002c 28E0     		b	.L6
  75              	.L2:
  47:server.c      ****         CyBle_GetDeviceAddress(&localAddr);
  76              		.loc 1 47 0
  77 002e 184B     		ldr	r3, .L7+8
  78 0030 1800     		movs	r0, r3
  79 0032 FFF7FEFF 		bl	printf
  48:server.c      ****         for(i = CYBLE_GAP_BD_ADDR_SIZE; i > 0u; i--)
  80              		.loc 1 48 0
  81 0036 3B1D     		adds	r3, r7, #4
  82 0038 1800     		movs	r0, r3
  83 003a FFF7FEFF 		bl	CyBle_GetDeviceAddress
  49:server.c      ****         {
  84              		.loc 1 49 0
  85 003e 0E23     		movs	r3, #14
  86 0040 FB18     		adds	r3, r7, r3
  87 0042 0622     		movs	r2, #6
  88 0044 1A80     		strh	r2, [r3]
  89 0046 12E0     		b	.L4
  90              	.L5:
  51:server.c      ****         }
  91              		.loc 1 51 0 discriminator 3
  92 0048 0E23     		movs	r3, #14
  93 004a FB18     		adds	r3, r7, r3
  94 004c 1B88     		ldrh	r3, [r3]
  95 004e 013B     		subs	r3, r3, #1
  96 0050 3A1D     		adds	r2, r7, #4
  97 0052 D35C     		ldrb	r3, [r2, r3]
  98 0054 1A00     		movs	r2, r3
  99 0056 0F4B     		ldr	r3, .L7+12
 100 0058 1100     		movs	r1, r2
 101 005a 1800     		movs	r0, r3
 102 005c FFF7FEFF 		bl	printf
  49:server.c      ****         {
ARM GAS  C:\Users\bryan.lee\AppData\Local\Temp\ccAsRluV.s 			page 4


 103              		.loc 1 49 0 discriminator 3
 104 0060 0E23     		movs	r3, #14
 105 0062 FB18     		adds	r3, r7, r3
 106 0064 1A88     		ldrh	r2, [r3]
 107 0066 0E23     		movs	r3, #14
 108 0068 FB18     		adds	r3, r7, r3
 109 006a 013A     		subs	r2, r2, #1
 110 006c 1A80     		strh	r2, [r3]
 111              	.L4:
  49:server.c      ****         {
 112              		.loc 1 49 0 is_stmt 0 discriminator 1
 113 006e 0E23     		movs	r3, #14
 114 0070 FB18     		adds	r3, r7, r3
 115 0072 1B88     		ldrh	r3, [r3]
 116 0074 002B     		cmp	r3, #0
 117 0076 E7D1     		bne	.L5
  53:server.c      ****     }
 118              		.loc 1 53 0 is_stmt 1
 119 0078 074B     		ldr	r3, .L7+16
 120 007a 1800     		movs	r0, r3
 121 007c FFF7FEFF 		bl	puts
 122              	.L6:
 123              		.loc 1 55 0
 124 0080 C046     		nop
 125 0082 BD46     		mov	sp, r7
 126 0084 04B0     		add	sp, sp, #16
 127              		@ sp needed
 128 0086 80BD     		pop	{r7, pc}
 129              	.L8:
 130              		.align	2
 131              	.L7:
 132 0088 00000000 		.word	apiResult
 133 008c 00000000 		.word	.LC1
 134 0090 24000000 		.word	.LC3
 135 0094 44000000 		.word	.LC5
 136 0098 4C000000 		.word	.LC7
 137              		.cfi_endproc
 138              	.LFE36:
 139              		.size	StartAdvertisement, .-StartAdvertisement
 140              		.section	.rodata
 141 004e 0000     		.align	2
 142              	.LC10:
 143 0050 4359424C 		.ascii	"CYBLE_EVT_GAPP_ADVERTISEMENT_START_STOP, state: %x\015"
 143      455F4556 
 143      545F4741 
 143      50505F41 
 143      44564552 
 144 0083 0A00     		.ascii	"\012\000"
 145 0085 000000   		.align	2
 146              	.LC12:
 147 0088 48696265 		.ascii	"Hibernate \015\000"
 147      726E6174 
 147      65200D00 
 148              		.align	2
 149              	.LC14:
 150 0094 4556545F 		.ascii	"EVT_GATT_WRITE_REQ: %x = \000"
 150      47415454 
ARM GAS  C:\Users\bryan.lee\AppData\Local\Temp\ccAsRluV.s 			page 5


 150      5F575249 
 150      54455F52 
 150      45513A20 
 151 00ae 0000     		.align	2
 152              	.LC16:
 153 00b0 25322E32 		.ascii	"%2.2x \000"
 153      782000
 154 00b7 00       		.align	2
 155              	.LC19:
 156 00b8 4556545F 		.ascii	"EVT_GATTS_XCNHG_MTU_REQ \015\000"
 156      47415454 
 156      535F5843 
 156      4E48475F 
 156      4D54555F 
 157 00d2 0000     		.align	2
 158              	.LC21:
 159 00d4 4556545F 		.ascii	"EVT_GATTS_HANDLE_VALUE_CNF \015\000"
 159      47415454 
 159      535F4841 
 159      4E444C45 
 159      5F56414C 
 160              		.section	.text.ServerDebugOut,"ax",%progbits
 161              		.align	2
 162              		.global	ServerDebugOut
 163              		.code	16
 164              		.thumb_func
 165              		.type	ServerDebugOut, %function
 166              	ServerDebugOut:
 167              	.LFB37:
  56:server.c      **** 
  57:server.c      **** /*******************************************************************************
  58:server.c      **** * Function Name: ServerDebugOut
  59:server.c      **** ********************************************************************************
  60:server.c      **** *
  61:server.c      **** * Summary:
  62:server.c      **** *   GATT server specific event handler.
  63:server.c      **** *
  64:server.c      **** * Parameters:
  65:server.c      **** *  event - the event code.
  66:server.c      **** *  *eventParam - the event parameters.
  67:server.c      **** *
  68:server.c      **** * Return:
  69:server.c      **** *   None.
  70:server.c      **** *
  71:server.c      **** *******************************************************************************/
  72:server.c      **** void ServerDebugOut(uint32 event, void* eventParam)
  73:server.c      **** {
 168              		.loc 1 73 0
 169              		.cfi_startproc
 170              		@ args = 0, pretend = 0, frame = 16
 171              		@ frame_needed = 1, uses_anonymous_args = 0
 172 0000 80B5     		push	{r7, lr}
 173              		.cfi_def_cfa_offset 8
 174              		.cfi_offset 7, -8
 175              		.cfi_offset 14, -4
 176 0002 84B0     		sub	sp, sp, #16
 177              		.cfi_def_cfa_offset 24
ARM GAS  C:\Users\bryan.lee\AppData\Local\Temp\ccAsRluV.s 			page 6


 178 0004 00AF     		add	r7, sp, #0
 179              		.cfi_def_cfa_register 7
 180 0006 7860     		str	r0, [r7, #4]
 181 0008 3960     		str	r1, [r7]
  74:server.c      ****     uint16 i;
  75:server.c      ****     switch(event)
 182              		.loc 1 75 0
 183 000a 7B68     		ldr	r3, [r7, #4]
 184 000c 432B     		cmp	r3, #67
 185 000e 00D1     		bne	.LCB113
 186 0010 64E0     		b	.L11	@long jump
 187              	.LCB113:
 188 0012 02D8     		bhi	.L12
 189 0014 262B     		cmp	r3, #38
 190 0016 05D0     		beq	.L13
  76:server.c      ****     {
  77:server.c      ****         case CYBLE_EVT_GAPP_ADVERTISEMENT_START_STOP:
  78:server.c      ****             printf("CYBLE_EVT_GAPP_ADVERTISEMENT_START_STOP, state: %x\r\n", CyBle_GetState());
  79:server.c      ****             if(CYBLE_STATE_DISCONNECTED == CyBle_GetState())
  80:server.c      ****             {   
  81:server.c      ****                 /* Fast and slow advertising period complete, go to low power  
  82:server.c      ****                  * mode (Hibernate mode) and wait for an external
  83:server.c      ****                  * user event to wake up the device again */
  84:server.c      ****                 printf("Hibernate \r\n");
  85:server.c      ****                 Advertising_LED_Write(LED_OFF);
  86:server.c      ****                 Disconnect_LED_Write(LED_ON);
  87:server.c      ****                 while((UART_DEB_SpiUartGetTxBufferSize() + UART_DEB_GET_TX_FIFO_SR_VALID) != 0);
  88:server.c      ****                 SW2_ClearInterrupt();
  89:server.c      ****                 Wakeup_Interrupt_ClearPending();
  90:server.c      ****                 Wakeup_Interrupt_Start();
  91:server.c      ****                 CySysPmHibernate();
  92:server.c      ****             }
  93:server.c      ****             break;
  94:server.c      **** 
  95:server.c      ****         case CYBLE_EVT_GATTS_WRITE_REQ:
  96:server.c      ****             printf("EVT_GATT_WRITE_REQ: %x = ",((CYBLE_GATTS_WRITE_REQ_PARAM_T *)eventParam)->handl
  97:server.c      ****             for(i = 0; i < ((CYBLE_GATTS_WRITE_REQ_PARAM_T *)eventParam)->handleValPair.value.len; 
  98:server.c      ****             {
  99:server.c      ****                 printf("%2.2x ", ((CYBLE_GATTS_WRITE_REQ_PARAM_T *)eventParam)->handleValPair.value
 100:server.c      ****             }
 101:server.c      ****             printf("\r\n");
 102:server.c      ****             break;
 103:server.c      **** 
 104:server.c      ****         case CYBLE_EVT_GATTS_XCNHG_MTU_REQ:
 105:server.c      ****             printf("EVT_GATTS_XCNHG_MTU_REQ \r\n");
 106:server.c      ****             break;
 107:server.c      **** 
 108:server.c      ****         case CYBLE_EVT_GATTS_HANDLE_VALUE_CNF:
 109:server.c      ****             printf("EVT_GATTS_HANDLE_VALUE_CNF \r\n");
 110:server.c      ****             break;
 111:server.c      **** 
 112:server.c      ****         default:
 113:server.c      ****         #if (0)
 114:server.c      ****             printf("unknown event: %lx \r\n", event);
 115:server.c      ****         #endif
 116:server.c      ****             break;
 191              		.loc 1 116 0
ARM GAS  C:\Users\bryan.lee\AppData\Local\Temp\ccAsRluV.s 			page 7


 192 0018 6BE0     		b	.L20
 193              	.L12:
  75:server.c      ****     {
 194              		.loc 1 75 0
 195 001a 4C2B     		cmp	r3, #76
 196 001c 31D0     		beq	.L14
 197 001e 542B     		cmp	r3, #84
 198 0020 61D0     		beq	.L15
 199              		.loc 1 116 0
 200 0022 66E0     		b	.L20
 201              	.L13:
  78:server.c      ****             if(CYBLE_STATE_DISCONNECTED == CyBle_GetState())
 202              		.loc 1 78 0
 203 0024 354B     		ldr	r3, .L24
 204 0026 1B78     		ldrb	r3, [r3]
 205 0028 1A00     		movs	r2, r3
 206 002a 354B     		ldr	r3, .L24+4
 207 002c 1100     		movs	r1, r2
 208 002e 1800     		movs	r0, r3
 209 0030 FFF7FEFF 		bl	printf
  79:server.c      ****             {   
 210              		.loc 1 79 0
 211 0034 314B     		ldr	r3, .L24
 212 0036 1B78     		ldrb	r3, [r3]
 213 0038 042B     		cmp	r3, #4
 214 003a 59D1     		bne	.L23
  84:server.c      ****                 Advertising_LED_Write(LED_OFF);
 215              		.loc 1 84 0
 216 003c 314B     		ldr	r3, .L24+8
 217 003e 1800     		movs	r0, r3
 218 0040 FFF7FEFF 		bl	puts
  85:server.c      ****                 Disconnect_LED_Write(LED_ON);
 219              		.loc 1 85 0
 220 0044 0120     		movs	r0, #1
 221 0046 FFF7FEFF 		bl	Advertising_LED_Write
  86:server.c      ****                 while((UART_DEB_SpiUartGetTxBufferSize() + UART_DEB_GET_TX_FIFO_SR_VALID) != 0);
 222              		.loc 1 86 0
 223 004a 0020     		movs	r0, #0
 224 004c FFF7FEFF 		bl	Disconnect_LED_Write
  87:server.c      ****                 SW2_ClearInterrupt();
 225              		.loc 1 87 0
 226 0050 C046     		nop
 227              	.L19:
  87:server.c      ****                 SW2_ClearInterrupt();
 228              		.loc 1 87 0 is_stmt 0 discriminator 5
 229 0052 FFF7FEFF 		bl	UART_DEB_SpiUartGetTxBufferSize
 230 0056 0100     		movs	r1, r0
 231 0058 2B4B     		ldr	r3, .L24+12
 232 005a 1A68     		ldr	r2, [r3]
 233 005c 8023     		movs	r3, #128
 234 005e 1B02     		lsls	r3, r3, #8
 235 0060 1340     		ands	r3, r2
 236 0062 01D0     		beq	.L17
  87:server.c      ****                 SW2_ClearInterrupt();
 237              		.loc 1 87 0 discriminator 1
 238 0064 0123     		movs	r3, #1
 239 0066 00E0     		b	.L18
ARM GAS  C:\Users\bryan.lee\AppData\Local\Temp\ccAsRluV.s 			page 8


 240              	.L17:
  87:server.c      ****                 SW2_ClearInterrupt();
 241              		.loc 1 87 0 discriminator 2
 242 0068 0023     		movs	r3, #0
 243              	.L18:
  87:server.c      ****                 SW2_ClearInterrupt();
 244              		.loc 1 87 0 discriminator 4
 245 006a CB18     		adds	r3, r1, r3
 246 006c 002B     		cmp	r3, #0
 247 006e F0D1     		bne	.L19
  88:server.c      ****                 Wakeup_Interrupt_ClearPending();
 248              		.loc 1 88 0 is_stmt 1
 249 0070 FFF7FEFF 		bl	SW2_ClearInterrupt
  89:server.c      ****                 Wakeup_Interrupt_Start();
 250              		.loc 1 89 0
 251 0074 FFF7FEFF 		bl	Wakeup_Interrupt_ClearPending
  90:server.c      ****                 CySysPmHibernate();
 252              		.loc 1 90 0
 253 0078 FFF7FEFF 		bl	Wakeup_Interrupt_Start
  91:server.c      ****             }
 254              		.loc 1 91 0
 255 007c FFF7FEFF 		bl	CySysPmHibernate
  93:server.c      **** 
 256              		.loc 1 93 0
 257 0080 36E0     		b	.L23
 258              	.L14:
  96:server.c      ****             for(i = 0; i < ((CYBLE_GATTS_WRITE_REQ_PARAM_T *)eventParam)->handleValPair.value.len; 
 259              		.loc 1 96 0
 260 0082 3B68     		ldr	r3, [r7]
 261 0084 9B89     		ldrh	r3, [r3, #12]
 262 0086 1A00     		movs	r2, r3
 263 0088 204B     		ldr	r3, .L24+16
 264 008a 1100     		movs	r1, r2
 265 008c 1800     		movs	r0, r3
 266 008e FFF7FEFF 		bl	printf
  97:server.c      ****             {
 267              		.loc 1 97 0
 268 0092 0E23     		movs	r3, #14
 269 0094 FB18     		adds	r3, r7, r3
 270 0096 0022     		movs	r2, #0
 271 0098 1A80     		strh	r2, [r3]
 272 009a 13E0     		b	.L21
 273              	.L22:
  99:server.c      ****             }
 274              		.loc 1 99 0 discriminator 3
 275 009c 3B68     		ldr	r3, [r7]
 276 009e 5A68     		ldr	r2, [r3, #4]
 277 00a0 0E23     		movs	r3, #14
 278 00a2 FB18     		adds	r3, r7, r3
 279 00a4 1B88     		ldrh	r3, [r3]
 280 00a6 D318     		adds	r3, r2, r3
 281 00a8 1B78     		ldrb	r3, [r3]
 282 00aa 1A00     		movs	r2, r3
 283 00ac 184B     		ldr	r3, .L24+20
 284 00ae 1100     		movs	r1, r2
 285 00b0 1800     		movs	r0, r3
 286 00b2 FFF7FEFF 		bl	printf
ARM GAS  C:\Users\bryan.lee\AppData\Local\Temp\ccAsRluV.s 			page 9


  97:server.c      ****             {
 287              		.loc 1 97 0 discriminator 3
 288 00b6 0E23     		movs	r3, #14
 289 00b8 FB18     		adds	r3, r7, r3
 290 00ba 1A88     		ldrh	r2, [r3]
 291 00bc 0E23     		movs	r3, #14
 292 00be FB18     		adds	r3, r7, r3
 293 00c0 0132     		adds	r2, r2, #1
 294 00c2 1A80     		strh	r2, [r3]
 295              	.L21:
  97:server.c      ****             {
 296              		.loc 1 97 0 is_stmt 0 discriminator 1
 297 00c4 3B68     		ldr	r3, [r7]
 298 00c6 1B89     		ldrh	r3, [r3, #8]
 299 00c8 0E22     		movs	r2, #14
 300 00ca BA18     		adds	r2, r7, r2
 301 00cc 1288     		ldrh	r2, [r2]
 302 00ce 9A42     		cmp	r2, r3
 303 00d0 E4D3     		bcc	.L22
 101:server.c      ****             break;
 304              		.loc 1 101 0 is_stmt 1
 305 00d2 104B     		ldr	r3, .L24+24
 306 00d4 1800     		movs	r0, r3
 307 00d6 FFF7FEFF 		bl	puts
 102:server.c      **** 
 308              		.loc 1 102 0
 309 00da 0AE0     		b	.L20
 310              	.L11:
 105:server.c      ****             break;
 311              		.loc 1 105 0
 312 00dc 0E4B     		ldr	r3, .L24+28
 313 00de 1800     		movs	r0, r3
 314 00e0 FFF7FEFF 		bl	puts
 106:server.c      **** 
 315              		.loc 1 106 0
 316 00e4 05E0     		b	.L20
 317              	.L15:
 109:server.c      ****             break;
 318              		.loc 1 109 0
 319 00e6 0D4B     		ldr	r3, .L24+32
 320 00e8 1800     		movs	r0, r3
 321 00ea FFF7FEFF 		bl	puts
 110:server.c      **** 
 322              		.loc 1 110 0
 323 00ee 00E0     		b	.L20
 324              	.L23:
  93:server.c      **** 
 325              		.loc 1 93 0
 326 00f0 C046     		nop
 327              	.L20:
 117:server.c      ****     }
 118:server.c      **** }
 328              		.loc 1 118 0
 329 00f2 C046     		nop
 330 00f4 BD46     		mov	sp, r7
 331 00f6 04B0     		add	sp, sp, #16
 332              		@ sp needed
ARM GAS  C:\Users\bryan.lee\AppData\Local\Temp\ccAsRluV.s 			page 10


 333 00f8 80BD     		pop	{r7, pc}
 334              	.L25:
 335 00fa C046     		.align	2
 336              	.L24:
 337 00fc 00000000 		.word	cyBle_state
 338 0100 50000000 		.word	.LC10
 339 0104 88000000 		.word	.LC12
 340 0108 08022440 		.word	1076101640
 341 010c 94000000 		.word	.LC14
 342 0110 B0000000 		.word	.LC16
 343 0114 4C000000 		.word	.LC7
 344 0118 B8000000 		.word	.LC19
 345 011c D4000000 		.word	.LC21
 346              		.cfi_endproc
 347              	.LFE37:
 348              		.size	ServerDebugOut, .-ServerDebugOut
 349              		.text
 350              	.Letext0:
 351              		.file 2 "Generated_Source\\PSoC4/cytypes.h"
 352              		.file 3 "Generated_Source\\PSoC4/CYBLE_Stack.h"
 353              		.file 4 "Generated_Source\\PSoC4/CYBLE_StackGatt.h"
 354              		.file 5 "Generated_Source\\PSoC4/CYBLE_StackGattServer.h"
 355              		.file 6 "Generated_Source\\PSoC4/CYBLE_eventHandler.h"
 356              		.file 7 "common.h"
 357              		.section	.debug_info,"",%progbits
 358              	.Ldebug_info0:
 359 0000 43050000 		.4byte	0x543
 360 0004 0400     		.2byte	0x4
 361 0006 00000000 		.4byte	.Ldebug_abbrev0
 362 000a 04       		.byte	0x4
 363 000b 01       		.uleb128 0x1
 364 000c C0070000 		.4byte	.LASF153
 365 0010 0C       		.byte	0xc
 366 0011 91080000 		.4byte	.LASF154
 367 0015 BA0D0000 		.4byte	.LASF155
 368 0019 00000000 		.4byte	.Ldebug_ranges0+0
 369 001d 00000000 		.4byte	0
 370 0021 00000000 		.4byte	.Ldebug_line0
 371 0025 02       		.uleb128 0x2
 372 0026 01       		.byte	0x1
 373 0027 06       		.byte	0x6
 374 0028 25030000 		.4byte	.LASF0
 375 002c 02       		.uleb128 0x2
 376 002d 01       		.byte	0x1
 377 002e 08       		.byte	0x8
 378 002f 130B0000 		.4byte	.LASF1
 379 0033 02       		.uleb128 0x2
 380 0034 02       		.byte	0x2
 381 0035 05       		.byte	0x5
 382 0036 4C0B0000 		.4byte	.LASF2
 383 003a 02       		.uleb128 0x2
 384 003b 02       		.byte	0x2
 385 003c 07       		.byte	0x7
 386 003d A70D0000 		.4byte	.LASF3
 387 0041 02       		.uleb128 0x2
 388 0042 04       		.byte	0x4
 389 0043 05       		.byte	0x5
ARM GAS  C:\Users\bryan.lee\AppData\Local\Temp\ccAsRluV.s 			page 11


 390 0044 EE010000 		.4byte	.LASF4
 391 0048 02       		.uleb128 0x2
 392 0049 04       		.byte	0x4
 393 004a 07       		.byte	0x7
 394 004b 0F060000 		.4byte	.LASF5
 395 004f 02       		.uleb128 0x2
 396 0050 08       		.byte	0x8
 397 0051 05       		.byte	0x5
 398 0052 17030000 		.4byte	.LASF6
 399 0056 02       		.uleb128 0x2
 400 0057 08       		.byte	0x8
 401 0058 07       		.byte	0x7
 402 0059 57050000 		.4byte	.LASF7
 403 005d 03       		.uleb128 0x3
 404 005e 04       		.byte	0x4
 405 005f 05       		.byte	0x5
 406 0060 696E7400 		.ascii	"int\000"
 407 0064 02       		.uleb128 0x2
 408 0065 04       		.byte	0x4
 409 0066 07       		.byte	0x7
 410 0067 BC0C0000 		.4byte	.LASF8
 411 006b 04       		.uleb128 0x4
 412 006c 59040000 		.4byte	.LASF9
 413 0070 02       		.byte	0x2
 414 0071 E401     		.2byte	0x1e4
 415 0073 2C000000 		.4byte	0x2c
 416 0077 04       		.uleb128 0x4
 417 0078 210B0000 		.4byte	.LASF10
 418 007c 02       		.byte	0x2
 419 007d E501     		.2byte	0x1e5
 420 007f 3A000000 		.4byte	0x3a
 421 0083 04       		.uleb128 0x4
 422 0084 C4040000 		.4byte	.LASF11
 423 0088 02       		.byte	0x2
 424 0089 E601     		.2byte	0x1e6
 425 008b 48000000 		.4byte	0x48
 426 008f 02       		.uleb128 0x2
 427 0090 04       		.byte	0x4
 428 0091 04       		.byte	0x4
 429 0092 D00A0000 		.4byte	.LASF12
 430 0096 02       		.uleb128 0x2
 431 0097 08       		.byte	0x8
 432 0098 04       		.byte	0x4
 433 0099 7E040000 		.4byte	.LASF13
 434 009d 02       		.uleb128 0x2
 435 009e 01       		.byte	0x1
 436 009f 08       		.byte	0x8
 437 00a0 750C0000 		.4byte	.LASF14
 438 00a4 04       		.uleb128 0x4
 439 00a5 8B080000 		.4byte	.LASF15
 440 00a9 02       		.byte	0x2
 441 00aa 9002     		.2byte	0x290
 442 00ac B0000000 		.4byte	0xb0
 443 00b0 05       		.uleb128 0x5
 444 00b1 83000000 		.4byte	0x83
 445 00b5 02       		.uleb128 0x2
 446 00b6 08       		.byte	0x8
ARM GAS  C:\Users\bryan.lee\AppData\Local\Temp\ccAsRluV.s 			page 12


 447 00b7 04       		.byte	0x4
 448 00b8 690C0000 		.4byte	.LASF16
 449 00bc 02       		.uleb128 0x2
 450 00bd 04       		.byte	0x4
 451 00be 07       		.byte	0x7
 452 00bf 26090000 		.4byte	.LASF17
 453 00c3 06       		.uleb128 0x6
 454 00c4 04       		.byte	0x4
 455 00c5 07       		.uleb128 0x7
 456 00c6 01       		.byte	0x1
 457 00c7 2C000000 		.4byte	0x2c
 458 00cb 03       		.byte	0x3
 459 00cc 3501     		.2byte	0x135
 460 00ce 83020000 		.4byte	0x283
 461 00d2 08       		.uleb128 0x8
 462 00d3 FB060000 		.4byte	.LASF18
 463 00d7 00       		.byte	0
 464 00d8 08       		.uleb128 0x8
 465 00d9 31030000 		.4byte	.LASF19
 466 00dd 01       		.byte	0x1
 467 00de 08       		.uleb128 0x8
 468 00df DC010000 		.4byte	.LASF20
 469 00e3 02       		.byte	0x2
 470 00e4 08       		.uleb128 0x8
 471 00e5 8E0D0000 		.4byte	.LASF21
 472 00e9 03       		.byte	0x3
 473 00ea 08       		.uleb128 0x8
 474 00eb 4C020000 		.4byte	.LASF22
 475 00ef 04       		.byte	0x4
 476 00f0 08       		.uleb128 0x8
 477 00f1 23000000 		.4byte	.LASF23
 478 00f5 05       		.byte	0x5
 479 00f6 08       		.uleb128 0x8
 480 00f7 30070000 		.4byte	.LASF24
 481 00fb 06       		.byte	0x6
 482 00fc 08       		.uleb128 0x8
 483 00fd 0C100000 		.4byte	.LASF25
 484 0101 20       		.byte	0x20
 485 0102 08       		.uleb128 0x8
 486 0103 8D030000 		.4byte	.LASF26
 487 0107 21       		.byte	0x21
 488 0108 08       		.uleb128 0x8
 489 0109 50070000 		.4byte	.LASF27
 490 010d 22       		.byte	0x22
 491 010e 08       		.uleb128 0x8
 492 010f 680D0000 		.4byte	.LASF28
 493 0113 23       		.byte	0x23
 494 0114 08       		.uleb128 0x8
 495 0115 F9090000 		.4byte	.LASF29
 496 0119 24       		.byte	0x24
 497 011a 08       		.uleb128 0x8
 498 011b 66090000 		.4byte	.LASF30
 499 011f 25       		.byte	0x25
 500 0120 08       		.uleb128 0x8
 501 0121 0E040000 		.4byte	.LASF31
 502 0125 26       		.byte	0x26
 503 0126 08       		.uleb128 0x8
ARM GAS  C:\Users\bryan.lee\AppData\Local\Temp\ccAsRluV.s 			page 13


 504 0127 74070000 		.4byte	.LASF32
 505 012b 27       		.byte	0x27
 506 012c 08       		.uleb128 0x8
 507 012d 9A0C0000 		.4byte	.LASF33
 508 0131 28       		.byte	0x28
 509 0132 08       		.uleb128 0x8
 510 0133 B9020000 		.4byte	.LASF34
 511 0137 29       		.byte	0x29
 512 0138 08       		.uleb128 0x8
 513 0139 B6000000 		.4byte	.LASF35
 514 013d 2A       		.byte	0x2a
 515 013e 08       		.uleb128 0x8
 516 013f 33010000 		.4byte	.LASF36
 517 0143 2B       		.byte	0x2b
 518 0144 08       		.uleb128 0x8
 519 0145 790F0000 		.4byte	.LASF37
 520 0149 2C       		.byte	0x2c
 521 014a 08       		.uleb128 0x8
 522 014b D6020000 		.4byte	.LASF38
 523 014f 2D       		.byte	0x2d
 524 0150 08       		.uleb128 0x8
 525 0151 280B0000 		.4byte	.LASF39
 526 0155 2E       		.byte	0x2e
 527 0156 08       		.uleb128 0x8
 528 0157 52010000 		.4byte	.LASF40
 529 015b 2F       		.byte	0x2f
 530 015c 08       		.uleb128 0x8
 531 015d BB090000 		.4byte	.LASF41
 532 0161 30       		.byte	0x30
 533 0162 08       		.uleb128 0x8
 534 0163 CC0F0000 		.4byte	.LASF42
 535 0167 31       		.byte	0x31
 536 0168 08       		.uleb128 0x8
 537 0169 9A090000 		.4byte	.LASF43
 538 016d 32       		.byte	0x32
 539 016e 08       		.uleb128 0x8
 540 016f 2B0C0000 		.4byte	.LASF44
 541 0173 33       		.byte	0x33
 542 0174 08       		.uleb128 0x8
 543 0175 21060000 		.4byte	.LASF45
 544 0179 34       		.byte	0x34
 545 017a 08       		.uleb128 0x8
 546 017b DC090000 		.4byte	.LASF46
 547 017f 35       		.byte	0x35
 548 0180 08       		.uleb128 0x8
 549 0181 93070000 		.4byte	.LASF47
 550 0185 36       		.byte	0x36
 551 0186 08       		.uleb128 0x8
 552 0187 A8080000 		.4byte	.LASF48
 553 018b 37       		.byte	0x37
 554 018c 08       		.uleb128 0x8
 555 018d E8040000 		.4byte	.LASF49
 556 0191 40       		.byte	0x40
 557 0192 08       		.uleb128 0x8
 558 0193 4E080000 		.4byte	.LASF50
 559 0197 41       		.byte	0x41
 560 0198 08       		.uleb128 0x8
ARM GAS  C:\Users\bryan.lee\AppData\Local\Temp\ccAsRluV.s 			page 14


 561 0199 3A100000 		.4byte	.LASF51
 562 019d 42       		.byte	0x42
 563 019e 08       		.uleb128 0x8
 564 019f 520E0000 		.4byte	.LASF52
 565 01a3 43       		.byte	0x43
 566 01a4 08       		.uleb128 0x8
 567 01a5 53060000 		.4byte	.LASF53
 568 01a9 44       		.byte	0x44
 569 01aa 08       		.uleb128 0x8
 570 01ab A90A0000 		.4byte	.LASF54
 571 01af 45       		.byte	0x45
 572 01b0 08       		.uleb128 0x8
 573 01b1 05090000 		.4byte	.LASF55
 574 01b5 46       		.byte	0x46
 575 01b6 08       		.uleb128 0x8
 576 01b7 12070000 		.4byte	.LASF56
 577 01bb 47       		.byte	0x47
 578 01bc 08       		.uleb128 0x8
 579 01bd 3D0F0000 		.4byte	.LASF57
 580 01c1 48       		.byte	0x48
 581 01c2 08       		.uleb128 0x8
 582 01c3 A4030000 		.4byte	.LASF58
 583 01c7 49       		.byte	0x49
 584 01c8 08       		.uleb128 0x8
 585 01c9 AC0E0000 		.4byte	.LASF59
 586 01cd 4A       		.byte	0x4a
 587 01ce 08       		.uleb128 0x8
 588 01cf 7B010000 		.4byte	.LASF60
 589 01d3 4B       		.byte	0x4b
 590 01d4 08       		.uleb128 0x8
 591 01d5 39060000 		.4byte	.LASF61
 592 01d9 4C       		.byte	0x4c
 593 01da 08       		.uleb128 0x8
 594 01db 80090000 		.4byte	.LASF62
 595 01df 4D       		.byte	0x4d
 596 01e0 08       		.uleb128 0x8
 597 01e1 D7030000 		.4byte	.LASF63
 598 01e5 4E       		.byte	0x4e
 599 01e6 08       		.uleb128 0x8
 600 01e7 A30B0000 		.4byte	.LASF64
 601 01eb 4F       		.byte	0x4f
 602 01ec 08       		.uleb128 0x8
 603 01ed 9A010000 		.4byte	.LASF65
 604 01f1 50       		.byte	0x50
 605 01f2 08       		.uleb128 0x8
 606 01f3 5F040000 		.4byte	.LASF66
 607 01f7 51       		.byte	0x51
 608 01f8 08       		.uleb128 0x8
 609 01f9 320A0000 		.4byte	.LASF67
 610 01fd 52       		.byte	0x52
 611 01fe 08       		.uleb128 0x8
 612 01ff 560B0000 		.4byte	.LASF68
 613 0203 53       		.byte	0x53
 614 0204 08       		.uleb128 0x8
 615 0205 EC0B0000 		.4byte	.LASF69
 616 0209 54       		.byte	0x54
 617 020a 08       		.uleb128 0x8
ARM GAS  C:\Users\bryan.lee\AppData\Local\Temp\ccAsRluV.s 			page 15


 618 020b 71060000 		.4byte	.LASF70
 619 020f 55       		.byte	0x55
 620 0210 08       		.uleb128 0x8
 621 0211 74050000 		.4byte	.LASF71
 622 0215 56       		.byte	0x56
 623 0216 08       		.uleb128 0x8
 624 0217 C90C0000 		.4byte	.LASF72
 625 021b 57       		.byte	0x57
 626 021c 08       		.uleb128 0x8
 627 021d 95060000 		.4byte	.LASF73
 628 0221 58       		.byte	0x58
 629 0222 08       		.uleb128 0x8
 630 0223 02050000 		.4byte	.LASF74
 631 0227 70       		.byte	0x70
 632 0228 08       		.uleb128 0x8
 633 0229 A60F0000 		.4byte	.LASF75
 634 022d 71       		.byte	0x71
 635 022e 08       		.uleb128 0x8
 636 022f 6F080000 		.4byte	.LASF76
 637 0233 72       		.byte	0x72
 638 0234 08       		.uleb128 0x8
 639 0235 B9010000 		.4byte	.LASF77
 640 0239 73       		.byte	0x73
 641 023a 08       		.uleb128 0x8
 642 023b 8B0A0000 		.4byte	.LASF78
 643 023f 74       		.byte	0x74
 644 0240 08       		.uleb128 0x8
 645 0241 85040000 		.4byte	.LASF79
 646 0245 75       		.byte	0x75
 647 0246 08       		.uleb128 0x8
 648 0247 DF000000 		.4byte	.LASF80
 649 024b 76       		.byte	0x76
 650 024c 08       		.uleb128 0x8
 651 024d 53000000 		.4byte	.LASF81
 652 0251 77       		.byte	0x77
 653 0252 08       		.uleb128 0x8
 654 0253 00000000 		.4byte	.LASF82
 655 0257 78       		.byte	0x78
 656 0258 08       		.uleb128 0x8
 657 0259 F20C0000 		.4byte	.LASF83
 658 025d 79       		.byte	0x79
 659 025e 08       		.uleb128 0x8
 660 025f 28050000 		.4byte	.LASF84
 661 0263 7A       		.byte	0x7a
 662 0264 08       		.uleb128 0x8
 663 0265 61020000 		.4byte	.LASF85
 664 0269 FA       		.byte	0xfa
 665 026a 08       		.uleb128 0x8
 666 026b B4050000 		.4byte	.LASF86
 667 026f FB       		.byte	0xfb
 668 0270 08       		.uleb128 0x8
 669 0271 770B0000 		.4byte	.LASF87
 670 0275 FC       		.byte	0xfc
 671 0276 08       		.uleb128 0x8
 672 0277 80100000 		.4byte	.LASF88
 673 027b FD       		.byte	0xfd
 674 027c 08       		.uleb128 0x8
ARM GAS  C:\Users\bryan.lee\AppData\Local\Temp\ccAsRluV.s 			page 16


 675 027d CB040000 		.4byte	.LASF89
 676 0281 FF       		.byte	0xff
 677 0282 00       		.byte	0
 678 0283 07       		.uleb128 0x7
 679 0284 02       		.byte	0x2
 680 0285 3A000000 		.4byte	0x3a
 681 0289 03       		.byte	0x3
 682 028a EA03     		.2byte	0x3ea
 683 028c 62030000 		.4byte	0x362
 684 0290 08       		.uleb128 0x8
 685 0291 D9040000 		.4byte	.LASF90
 686 0295 00       		.byte	0
 687 0296 08       		.uleb128 0x8
 688 0297 A6040000 		.4byte	.LASF91
 689 029b 01       		.byte	0x1
 690 029c 08       		.uleb128 0x8
 691 029d 340E0000 		.4byte	.LASF92
 692 02a1 02       		.byte	0x2
 693 02a2 08       		.uleb128 0x8
 694 02a3 91000000 		.4byte	.LASF93
 695 02a7 03       		.byte	0x3
 696 02a8 08       		.uleb128 0x8
 697 02a9 7B0E0000 		.4byte	.LASF94
 698 02ad 04       		.byte	0x4
 699 02ae 08       		.uleb128 0x8
 700 02af 96050000 		.4byte	.LASF95
 701 02b3 05       		.byte	0x5
 702 02b4 08       		.uleb128 0x8
 703 02b5 890B0000 		.4byte	.LASF96
 704 02b9 06       		.byte	0x6
 705 02ba 08       		.uleb128 0x8
 706 02bb 66030000 		.4byte	.LASF97
 707 02bf 07       		.byte	0x7
 708 02c0 08       		.uleb128 0x8
 709 02c1 0D0C0000 		.4byte	.LASF98
 710 02c5 08       		.byte	0x8
 711 02c6 08       		.uleb128 0x8
 712 02c7 640F0000 		.4byte	.LASF99
 713 02cb 09       		.byte	0x9
 714 02cc 08       		.uleb128 0x8
 715 02cd D60A0000 		.4byte	.LASF100
 716 02d1 0A       		.byte	0xa
 717 02d2 08       		.uleb128 0x8
 718 02d3 7A0C0000 		.4byte	.LASF101
 719 02d7 0B       		.byte	0xb
 720 02d8 08       		.uleb128 0x8
 721 02d9 A2020000 		.4byte	.LASF102
 722 02dd 0C       		.byte	0xc
 723 02de 08       		.uleb128 0x8
 724 02df 14020000 		.4byte	.LASF103
 725 02e3 0D       		.byte	0xd
 726 02e4 08       		.uleb128 0x8
 727 02e5 E6050000 		.4byte	.LASF104
 728 02e9 0E       		.byte	0xe
 729 02ea 08       		.uleb128 0x8
 730 02eb 020F0000 		.4byte	.LASF105
 731 02ef 0F       		.byte	0xf
ARM GAS  C:\Users\bryan.lee\AppData\Local\Temp\ccAsRluV.s 			page 17


 732 02f0 08       		.uleb128 0x8
 733 02f1 3A0D0000 		.4byte	.LASF106
 734 02f5 10       		.byte	0x10
 735 02f6 08       		.uleb128 0x8
 736 02f7 B8060000 		.4byte	.LASF107
 737 02fb 11       		.byte	0x11
 738 02fc 08       		.uleb128 0x8
 739 02fd 36040000 		.4byte	.LASF108
 740 0301 12       		.byte	0x12
 741 0302 08       		.uleb128 0x8
 742 0303 58100000 		.4byte	.LASF109
 743 0307 13       		.byte	0x13
 744 0308 08       		.uleb128 0x8
 745 0309 44030000 		.4byte	.LASF110
 746 030d 27       		.byte	0x27
 747 030e 08       		.uleb128 0x8
 748 030f 150D0000 		.4byte	.LASF111
 749 0313 28       		.byte	0x28
 750 0314 08       		.uleb128 0x8
 751 0315 E60E0000 		.4byte	.LASF112
 752 0319 29       		.byte	0x29
 753 031a 08       		.uleb128 0x8
 754 031b F7010000 		.4byte	.LASF113
 755 031f 2A       		.byte	0x2a
 756 0320 08       		.uleb128 0x8
 757 0321 00010000 		.4byte	.LASF114
 758 0325 2B       		.byte	0x2b
 759 0326 08       		.uleb128 0x8
 760 0327 ED080000 		.4byte	.LASF115
 761 032b 2C       		.byte	0x2c
 762 032c 08       		.uleb128 0x8
 763 032d C20B0000 		.4byte	.LASF116
 764 0331 2D       		.byte	0x2d
 765 0332 08       		.uleb128 0x8
 766 0333 CA0E0000 		.4byte	.LASF117
 767 0337 FE       		.byte	0xfe
 768 0338 08       		.uleb128 0x8
 769 0339 DD080000 		.4byte	.LASF118
 770 033d FF       		.byte	0xff
 771 033e 09       		.uleb128 0x9
 772 033f E2060000 		.4byte	.LASF119
 773 0343 0001     		.2byte	0x100
 774 0345 09       		.uleb128 0x9
 775 0346 530A0000 		.4byte	.LASF120
 776 034a 0101     		.2byte	0x101
 777 034c 09       		.uleb128 0x9
 778 034d F00A0000 		.4byte	.LASF121
 779 0351 0201     		.2byte	0x102
 780 0353 09       		.uleb128 0x9
 781 0354 BD030000 		.4byte	.LASF122
 782 0358 0301     		.2byte	0x103
 783 035a 09       		.uleb128 0x9
 784 035b 520C0000 		.4byte	.LASF123
 785 035f 0401     		.2byte	0x104
 786 0361 00       		.byte	0
 787 0362 04       		.uleb128 0x4
 788 0363 1F0A0000 		.4byte	.LASF124
ARM GAS  C:\Users\bryan.lee\AppData\Local\Temp\ccAsRluV.s 			page 18


 789 0367 03       		.byte	0x3
 790 0368 5C04     		.2byte	0x45c
 791 036a 83020000 		.4byte	0x283
 792 036e 0A       		.uleb128 0xa
 793 036f 07       		.byte	0x7
 794 0370 03       		.byte	0x3
 795 0371 2A05     		.2byte	0x52a
 796 0373 92030000 		.4byte	0x392
 797 0377 0B       		.uleb128 0xb
 798 0378 49070000 		.4byte	.LASF125
 799 037c 03       		.byte	0x3
 800 037d 2D05     		.2byte	0x52d
 801 037f 92030000 		.4byte	0x392
 802 0383 00       		.byte	0
 803 0384 0B       		.uleb128 0xb
 804 0385 D7010000 		.4byte	.LASF126
 805 0389 03       		.byte	0x3
 806 038a 2F05     		.2byte	0x52f
 807 038c 6B000000 		.4byte	0x6b
 808 0390 06       		.byte	0x6
 809 0391 00       		.byte	0
 810 0392 0C       		.uleb128 0xc
 811 0393 6B000000 		.4byte	0x6b
 812 0397 A2030000 		.4byte	0x3a2
 813 039b 0D       		.uleb128 0xd
 814 039c BC000000 		.4byte	0xbc
 815 03a0 05       		.byte	0x5
 816 03a1 00       		.byte	0
 817 03a2 04       		.uleb128 0x4
 818 03a3 8E020000 		.4byte	.LASF127
 819 03a7 03       		.byte	0x3
 820 03a8 3005     		.2byte	0x530
 821 03aa 6E030000 		.4byte	0x36e
 822 03ae 0E       		.uleb128 0xe
 823 03af 04       		.byte	0x4
 824 03b0 6B000000 		.4byte	0x6b
 825 03b4 04       		.uleb128 0x4
 826 03b5 F00F0000 		.4byte	.LASF128
 827 03b9 04       		.byte	0x4
 828 03ba 8901     		.2byte	0x189
 829 03bc 77000000 		.4byte	0x77
 830 03c0 0A       		.uleb128 0xa
 831 03c1 02       		.byte	0x2
 832 03c2 04       		.byte	0x4
 833 03c3 9301     		.2byte	0x193
 834 03c5 E4030000 		.4byte	0x3e4
 835 03c9 0B       		.uleb128 0xb
 836 03ca 9D0F0000 		.4byte	.LASF129
 837 03ce 04       		.byte	0x4
 838 03cf 9A01     		.2byte	0x19a
 839 03d1 6B000000 		.4byte	0x6b
 840 03d5 00       		.byte	0
 841 03d6 0B       		.uleb128 0xb
 842 03d7 69080000 		.4byte	.LASF130
 843 03db 04       		.byte	0x4
 844 03dc A001     		.2byte	0x1a0
 845 03de 6B000000 		.4byte	0x6b
ARM GAS  C:\Users\bryan.lee\AppData\Local\Temp\ccAsRluV.s 			page 19


 846 03e2 01       		.byte	0x1
 847 03e3 00       		.byte	0
 848 03e4 04       		.uleb128 0x4
 849 03e5 72000000 		.4byte	.LASF131
 850 03e9 04       		.byte	0x4
 851 03ea A201     		.2byte	0x1a2
 852 03ec C0030000 		.4byte	0x3c0
 853 03f0 0A       		.uleb128 0xa
 854 03f1 08       		.byte	0x8
 855 03f2 04       		.byte	0x4
 856 03f3 BE01     		.2byte	0x1be
 857 03f5 21040000 		.4byte	0x421
 858 03f9 0F       		.uleb128 0xf
 859 03fa 76616C00 		.ascii	"val\000"
 860 03fe 04       		.byte	0x4
 861 03ff C101     		.2byte	0x1c1
 862 0401 AE030000 		.4byte	0x3ae
 863 0405 00       		.byte	0
 864 0406 0F       		.uleb128 0xf
 865 0407 6C656E00 		.ascii	"len\000"
 866 040b 04       		.byte	0x4
 867 040c C401     		.2byte	0x1c4
 868 040e 77000000 		.4byte	0x77
 869 0412 04       		.byte	0x4
 870 0413 0B       		.uleb128 0xb
 871 0414 83030000 		.4byte	.LASF132
 872 0418 04       		.byte	0x4
 873 0419 CB01     		.2byte	0x1cb
 874 041b 77000000 		.4byte	0x77
 875 041f 06       		.byte	0x6
 876 0420 00       		.byte	0
 877 0421 04       		.uleb128 0x4
 878 0422 39020000 		.4byte	.LASF133
 879 0426 04       		.byte	0x4
 880 0427 CD01     		.2byte	0x1cd
 881 0429 F0030000 		.4byte	0x3f0
 882 042d 0A       		.uleb128 0xa
 883 042e 0C       		.byte	0xc
 884 042f 04       		.byte	0x4
 885 0430 D001     		.2byte	0x1d0
 886 0432 51040000 		.4byte	0x451
 887 0436 0B       		.uleb128 0xb
 888 0437 6E050000 		.4byte	.LASF134
 889 043b 04       		.byte	0x4
 890 043c D301     		.2byte	0x1d3
 891 043e 21040000 		.4byte	0x421
 892 0442 00       		.byte	0
 893 0443 0B       		.uleb128 0xb
 894 0444 4C050000 		.4byte	.LASF135
 895 0448 04       		.byte	0x4
 896 0449 D601     		.2byte	0x1d6
 897 044b B4030000 		.4byte	0x3b4
 898 044f 08       		.byte	0x8
 899 0450 00       		.byte	0
 900 0451 04       		.uleb128 0x4
 901 0452 6C0A0000 		.4byte	.LASF136
 902 0456 04       		.byte	0x4
ARM GAS  C:\Users\bryan.lee\AppData\Local\Temp\ccAsRluV.s 			page 20


 903 0457 D801     		.2byte	0x1d8
 904 0459 2D040000 		.4byte	0x42d
 905 045d 10       		.uleb128 0x10
 906 045e 10       		.byte	0x10
 907 045f 05       		.byte	0x5
 908 0460 8A       		.byte	0x8a
 909 0461 7E040000 		.4byte	0x47e
 910 0465 11       		.uleb128 0x11
 911 0466 86000000 		.4byte	.LASF137
 912 046a 05       		.byte	0x5
 913 046b 8D       		.byte	0x8d
 914 046c E4030000 		.4byte	0x3e4
 915 0470 00       		.byte	0
 916 0471 11       		.uleb128 0x11
 917 0472 9A080000 		.4byte	.LASF138
 918 0476 05       		.byte	0x5
 919 0477 90       		.byte	0x90
 920 0478 51040000 		.4byte	0x451
 921 047c 04       		.byte	0x4
 922 047d 00       		.byte	0
 923 047e 12       		.uleb128 0x12
 924 047f 2F090000 		.4byte	.LASF139
 925 0483 05       		.byte	0x5
 926 0484 92       		.byte	0x92
 927 0485 5D040000 		.4byte	0x45d
 928 0489 07       		.uleb128 0x7
 929 048a 01       		.byte	0x1
 930 048b 2C000000 		.4byte	0x2c
 931 048f 06       		.byte	0x6
 932 0490 5A08     		.2byte	0x85a
 933 0492 B5040000 		.4byte	0x4b5
 934 0496 08       		.uleb128 0x8
 935 0497 3F000000 		.4byte	.LASF140
 936 049b 00       		.byte	0
 937 049c 08       		.uleb128 0x8
 938 049d 4D090000 		.4byte	.LASF141
 939 04a1 01       		.byte	0x1
 940 04a2 08       		.uleb128 0x8
 941 04a3 270F0000 		.4byte	.LASF142
 942 04a7 02       		.byte	0x2
 943 04a8 08       		.uleb128 0x8
 944 04a9 FF020000 		.4byte	.LASF143
 945 04ad 03       		.byte	0x3
 946 04ae 08       		.uleb128 0x8
 947 04af F5030000 		.4byte	.LASF144
 948 04b3 04       		.byte	0x4
 949 04b4 00       		.byte	0
 950 04b5 04       		.uleb128 0x4
 951 04b6 9E0E0000 		.4byte	.LASF145
 952 04ba 06       		.byte	0x6
 953 04bb 6808     		.2byte	0x868
 954 04bd 89040000 		.4byte	0x489
 955 04c1 13       		.uleb128 0x13
 956 04c2 D3050000 		.4byte	.LASF147
 957 04c6 01       		.byte	0x1
 958 04c7 24       		.byte	0x24
 959 04c8 00000000 		.4byte	.LFB36
ARM GAS  C:\Users\bryan.lee\AppData\Local\Temp\ccAsRluV.s 			page 21


 960 04cc 9C000000 		.4byte	.LFE36-.LFB36
 961 04d0 01       		.uleb128 0x1
 962 04d1 9C       		.byte	0x9c
 963 04d2 F1040000 		.4byte	0x4f1
 964 04d6 14       		.uleb128 0x14
 965 04d7 6900     		.ascii	"i\000"
 966 04d9 01       		.byte	0x1
 967 04da 26       		.byte	0x26
 968 04db 77000000 		.4byte	0x77
 969 04df 02       		.uleb128 0x2
 970 04e0 91       		.byte	0x91
 971 04e1 76       		.sleb128 -10
 972 04e2 15       		.uleb128 0x15
 973 04e3 30100000 		.4byte	.LASF146
 974 04e7 01       		.byte	0x1
 975 04e8 27       		.byte	0x27
 976 04e9 A2030000 		.4byte	0x3a2
 977 04ed 02       		.uleb128 0x2
 978 04ee 91       		.byte	0x91
 979 04ef 6C       		.sleb128 -20
 980 04f0 00       		.byte	0
 981 04f1 13       		.uleb128 0x13
 982 04f2 7F020000 		.4byte	.LASF148
 983 04f6 01       		.byte	0x1
 984 04f7 48       		.byte	0x48
 985 04f8 00000000 		.4byte	.LFB37
 986 04fc 20010000 		.4byte	.LFE37-.LFB37
 987 0500 01       		.uleb128 0x1
 988 0501 9C       		.byte	0x9c
 989 0502 2F050000 		.4byte	0x52f
 990 0506 16       		.uleb128 0x16
 991 0507 DC060000 		.4byte	.LASF149
 992 050b 01       		.byte	0x1
 993 050c 48       		.byte	0x48
 994 050d 83000000 		.4byte	0x83
 995 0511 02       		.uleb128 0x2
 996 0512 91       		.byte	0x91
 997 0513 6C       		.sleb128 -20
 998 0514 16       		.uleb128 0x16
 999 0515 700E0000 		.4byte	.LASF150
 1000 0519 01       		.byte	0x1
 1001 051a 48       		.byte	0x48
 1002 051b C3000000 		.4byte	0xc3
 1003 051f 02       		.uleb128 0x2
 1004 0520 91       		.byte	0x91
 1005 0521 68       		.sleb128 -24
 1006 0522 14       		.uleb128 0x14
 1007 0523 6900     		.ascii	"i\000"
 1008 0525 01       		.byte	0x1
 1009 0526 4A       		.byte	0x4a
 1010 0527 77000000 		.4byte	0x77
 1011 052b 02       		.uleb128 0x2
 1012 052c 91       		.byte	0x91
 1013 052d 76       		.sleb128 -10
 1014 052e 00       		.byte	0
 1015 052f 17       		.uleb128 0x17
 1016 0530 B4070000 		.4byte	.LASF151
ARM GAS  C:\Users\bryan.lee\AppData\Local\Temp\ccAsRluV.s 			page 22


 1017 0534 06       		.byte	0x6
 1018 0535 B30A     		.2byte	0xab3
 1019 0537 B5040000 		.4byte	0x4b5
 1020 053b 18       		.uleb128 0x18
 1021 053c 150A0000 		.4byte	.LASF152
 1022 0540 07       		.byte	0x7
 1023 0541 39       		.byte	0x39
 1024 0542 62030000 		.4byte	0x362
 1025 0546 00       		.byte	0
 1026              		.section	.debug_abbrev,"",%progbits
 1027              	.Ldebug_abbrev0:
 1028 0000 01       		.uleb128 0x1
 1029 0001 11       		.uleb128 0x11
 1030 0002 01       		.byte	0x1
 1031 0003 25       		.uleb128 0x25
 1032 0004 0E       		.uleb128 0xe
 1033 0005 13       		.uleb128 0x13
 1034 0006 0B       		.uleb128 0xb
 1035 0007 03       		.uleb128 0x3
 1036 0008 0E       		.uleb128 0xe
 1037 0009 1B       		.uleb128 0x1b
 1038 000a 0E       		.uleb128 0xe
 1039 000b 55       		.uleb128 0x55
 1040 000c 17       		.uleb128 0x17
 1041 000d 11       		.uleb128 0x11
 1042 000e 01       		.uleb128 0x1
 1043 000f 10       		.uleb128 0x10
 1044 0010 17       		.uleb128 0x17
 1045 0011 00       		.byte	0
 1046 0012 00       		.byte	0
 1047 0013 02       		.uleb128 0x2
 1048 0014 24       		.uleb128 0x24
 1049 0015 00       		.byte	0
 1050 0016 0B       		.uleb128 0xb
 1051 0017 0B       		.uleb128 0xb
 1052 0018 3E       		.uleb128 0x3e
 1053 0019 0B       		.uleb128 0xb
 1054 001a 03       		.uleb128 0x3
 1055 001b 0E       		.uleb128 0xe
 1056 001c 00       		.byte	0
 1057 001d 00       		.byte	0
 1058 001e 03       		.uleb128 0x3
 1059 001f 24       		.uleb128 0x24
 1060 0020 00       		.byte	0
 1061 0021 0B       		.uleb128 0xb
 1062 0022 0B       		.uleb128 0xb
 1063 0023 3E       		.uleb128 0x3e
 1064 0024 0B       		.uleb128 0xb
 1065 0025 03       		.uleb128 0x3
 1066 0026 08       		.uleb128 0x8
 1067 0027 00       		.byte	0
 1068 0028 00       		.byte	0
 1069 0029 04       		.uleb128 0x4
 1070 002a 16       		.uleb128 0x16
 1071 002b 00       		.byte	0
 1072 002c 03       		.uleb128 0x3
 1073 002d 0E       		.uleb128 0xe
ARM GAS  C:\Users\bryan.lee\AppData\Local\Temp\ccAsRluV.s 			page 23


 1074 002e 3A       		.uleb128 0x3a
 1075 002f 0B       		.uleb128 0xb
 1076 0030 3B       		.uleb128 0x3b
 1077 0031 05       		.uleb128 0x5
 1078 0032 49       		.uleb128 0x49
 1079 0033 13       		.uleb128 0x13
 1080 0034 00       		.byte	0
 1081 0035 00       		.byte	0
 1082 0036 05       		.uleb128 0x5
 1083 0037 35       		.uleb128 0x35
 1084 0038 00       		.byte	0
 1085 0039 49       		.uleb128 0x49
 1086 003a 13       		.uleb128 0x13
 1087 003b 00       		.byte	0
 1088 003c 00       		.byte	0
 1089 003d 06       		.uleb128 0x6
 1090 003e 0F       		.uleb128 0xf
 1091 003f 00       		.byte	0
 1092 0040 0B       		.uleb128 0xb
 1093 0041 0B       		.uleb128 0xb
 1094 0042 00       		.byte	0
 1095 0043 00       		.byte	0
 1096 0044 07       		.uleb128 0x7
 1097 0045 04       		.uleb128 0x4
 1098 0046 01       		.byte	0x1
 1099 0047 0B       		.uleb128 0xb
 1100 0048 0B       		.uleb128 0xb
 1101 0049 49       		.uleb128 0x49
 1102 004a 13       		.uleb128 0x13
 1103 004b 3A       		.uleb128 0x3a
 1104 004c 0B       		.uleb128 0xb
 1105 004d 3B       		.uleb128 0x3b
 1106 004e 05       		.uleb128 0x5
 1107 004f 01       		.uleb128 0x1
 1108 0050 13       		.uleb128 0x13
 1109 0051 00       		.byte	0
 1110 0052 00       		.byte	0
 1111 0053 08       		.uleb128 0x8
 1112 0054 28       		.uleb128 0x28
 1113 0055 00       		.byte	0
 1114 0056 03       		.uleb128 0x3
 1115 0057 0E       		.uleb128 0xe
 1116 0058 1C       		.uleb128 0x1c
 1117 0059 0B       		.uleb128 0xb
 1118 005a 00       		.byte	0
 1119 005b 00       		.byte	0
 1120 005c 09       		.uleb128 0x9
 1121 005d 28       		.uleb128 0x28
 1122 005e 00       		.byte	0
 1123 005f 03       		.uleb128 0x3
 1124 0060 0E       		.uleb128 0xe
 1125 0061 1C       		.uleb128 0x1c
 1126 0062 05       		.uleb128 0x5
 1127 0063 00       		.byte	0
 1128 0064 00       		.byte	0
 1129 0065 0A       		.uleb128 0xa
 1130 0066 13       		.uleb128 0x13
ARM GAS  C:\Users\bryan.lee\AppData\Local\Temp\ccAsRluV.s 			page 24


 1131 0067 01       		.byte	0x1
 1132 0068 0B       		.uleb128 0xb
 1133 0069 0B       		.uleb128 0xb
 1134 006a 3A       		.uleb128 0x3a
 1135 006b 0B       		.uleb128 0xb
 1136 006c 3B       		.uleb128 0x3b
 1137 006d 05       		.uleb128 0x5
 1138 006e 01       		.uleb128 0x1
 1139 006f 13       		.uleb128 0x13
 1140 0070 00       		.byte	0
 1141 0071 00       		.byte	0
 1142 0072 0B       		.uleb128 0xb
 1143 0073 0D       		.uleb128 0xd
 1144 0074 00       		.byte	0
 1145 0075 03       		.uleb128 0x3
 1146 0076 0E       		.uleb128 0xe
 1147 0077 3A       		.uleb128 0x3a
 1148 0078 0B       		.uleb128 0xb
 1149 0079 3B       		.uleb128 0x3b
 1150 007a 05       		.uleb128 0x5
 1151 007b 49       		.uleb128 0x49
 1152 007c 13       		.uleb128 0x13
 1153 007d 38       		.uleb128 0x38
 1154 007e 0B       		.uleb128 0xb
 1155 007f 00       		.byte	0
 1156 0080 00       		.byte	0
 1157 0081 0C       		.uleb128 0xc
 1158 0082 01       		.uleb128 0x1
 1159 0083 01       		.byte	0x1
 1160 0084 49       		.uleb128 0x49
 1161 0085 13       		.uleb128 0x13
 1162 0086 01       		.uleb128 0x1
 1163 0087 13       		.uleb128 0x13
 1164 0088 00       		.byte	0
 1165 0089 00       		.byte	0
 1166 008a 0D       		.uleb128 0xd
 1167 008b 21       		.uleb128 0x21
 1168 008c 00       		.byte	0
 1169 008d 49       		.uleb128 0x49
 1170 008e 13       		.uleb128 0x13
 1171 008f 2F       		.uleb128 0x2f
 1172 0090 0B       		.uleb128 0xb
 1173 0091 00       		.byte	0
 1174 0092 00       		.byte	0
 1175 0093 0E       		.uleb128 0xe
 1176 0094 0F       		.uleb128 0xf
 1177 0095 00       		.byte	0
 1178 0096 0B       		.uleb128 0xb
 1179 0097 0B       		.uleb128 0xb
 1180 0098 49       		.uleb128 0x49
 1181 0099 13       		.uleb128 0x13
 1182 009a 00       		.byte	0
 1183 009b 00       		.byte	0
 1184 009c 0F       		.uleb128 0xf
 1185 009d 0D       		.uleb128 0xd
 1186 009e 00       		.byte	0
 1187 009f 03       		.uleb128 0x3
ARM GAS  C:\Users\bryan.lee\AppData\Local\Temp\ccAsRluV.s 			page 25


 1188 00a0 08       		.uleb128 0x8
 1189 00a1 3A       		.uleb128 0x3a
 1190 00a2 0B       		.uleb128 0xb
 1191 00a3 3B       		.uleb128 0x3b
 1192 00a4 05       		.uleb128 0x5
 1193 00a5 49       		.uleb128 0x49
 1194 00a6 13       		.uleb128 0x13
 1195 00a7 38       		.uleb128 0x38
 1196 00a8 0B       		.uleb128 0xb
 1197 00a9 00       		.byte	0
 1198 00aa 00       		.byte	0
 1199 00ab 10       		.uleb128 0x10
 1200 00ac 13       		.uleb128 0x13
 1201 00ad 01       		.byte	0x1
 1202 00ae 0B       		.uleb128 0xb
 1203 00af 0B       		.uleb128 0xb
 1204 00b0 3A       		.uleb128 0x3a
 1205 00b1 0B       		.uleb128 0xb
 1206 00b2 3B       		.uleb128 0x3b
 1207 00b3 0B       		.uleb128 0xb
 1208 00b4 01       		.uleb128 0x1
 1209 00b5 13       		.uleb128 0x13
 1210 00b6 00       		.byte	0
 1211 00b7 00       		.byte	0
 1212 00b8 11       		.uleb128 0x11
 1213 00b9 0D       		.uleb128 0xd
 1214 00ba 00       		.byte	0
 1215 00bb 03       		.uleb128 0x3
 1216 00bc 0E       		.uleb128 0xe
 1217 00bd 3A       		.uleb128 0x3a
 1218 00be 0B       		.uleb128 0xb
 1219 00bf 3B       		.uleb128 0x3b
 1220 00c0 0B       		.uleb128 0xb
 1221 00c1 49       		.uleb128 0x49
 1222 00c2 13       		.uleb128 0x13
 1223 00c3 38       		.uleb128 0x38
 1224 00c4 0B       		.uleb128 0xb
 1225 00c5 00       		.byte	0
 1226 00c6 00       		.byte	0
 1227 00c7 12       		.uleb128 0x12
 1228 00c8 16       		.uleb128 0x16
 1229 00c9 00       		.byte	0
 1230 00ca 03       		.uleb128 0x3
 1231 00cb 0E       		.uleb128 0xe
 1232 00cc 3A       		.uleb128 0x3a
 1233 00cd 0B       		.uleb128 0xb
 1234 00ce 3B       		.uleb128 0x3b
 1235 00cf 0B       		.uleb128 0xb
 1236 00d0 49       		.uleb128 0x49
 1237 00d1 13       		.uleb128 0x13
 1238 00d2 00       		.byte	0
 1239 00d3 00       		.byte	0
 1240 00d4 13       		.uleb128 0x13
 1241 00d5 2E       		.uleb128 0x2e
 1242 00d6 01       		.byte	0x1
 1243 00d7 3F       		.uleb128 0x3f
 1244 00d8 19       		.uleb128 0x19
ARM GAS  C:\Users\bryan.lee\AppData\Local\Temp\ccAsRluV.s 			page 26


 1245 00d9 03       		.uleb128 0x3
 1246 00da 0E       		.uleb128 0xe
 1247 00db 3A       		.uleb128 0x3a
 1248 00dc 0B       		.uleb128 0xb
 1249 00dd 3B       		.uleb128 0x3b
 1250 00de 0B       		.uleb128 0xb
 1251 00df 27       		.uleb128 0x27
 1252 00e0 19       		.uleb128 0x19
 1253 00e1 11       		.uleb128 0x11
 1254 00e2 01       		.uleb128 0x1
 1255 00e3 12       		.uleb128 0x12
 1256 00e4 06       		.uleb128 0x6
 1257 00e5 40       		.uleb128 0x40
 1258 00e6 18       		.uleb128 0x18
 1259 00e7 9642     		.uleb128 0x2116
 1260 00e9 19       		.uleb128 0x19
 1261 00ea 01       		.uleb128 0x1
 1262 00eb 13       		.uleb128 0x13
 1263 00ec 00       		.byte	0
 1264 00ed 00       		.byte	0
 1265 00ee 14       		.uleb128 0x14
 1266 00ef 34       		.uleb128 0x34
 1267 00f0 00       		.byte	0
 1268 00f1 03       		.uleb128 0x3
 1269 00f2 08       		.uleb128 0x8
 1270 00f3 3A       		.uleb128 0x3a
 1271 00f4 0B       		.uleb128 0xb
 1272 00f5 3B       		.uleb128 0x3b
 1273 00f6 0B       		.uleb128 0xb
 1274 00f7 49       		.uleb128 0x49
 1275 00f8 13       		.uleb128 0x13
 1276 00f9 02       		.uleb128 0x2
 1277 00fa 18       		.uleb128 0x18
 1278 00fb 00       		.byte	0
 1279 00fc 00       		.byte	0
 1280 00fd 15       		.uleb128 0x15
 1281 00fe 34       		.uleb128 0x34
 1282 00ff 00       		.byte	0
 1283 0100 03       		.uleb128 0x3
 1284 0101 0E       		.uleb128 0xe
 1285 0102 3A       		.uleb128 0x3a
 1286 0103 0B       		.uleb128 0xb
 1287 0104 3B       		.uleb128 0x3b
 1288 0105 0B       		.uleb128 0xb
 1289 0106 49       		.uleb128 0x49
 1290 0107 13       		.uleb128 0x13
 1291 0108 02       		.uleb128 0x2
 1292 0109 18       		.uleb128 0x18
 1293 010a 00       		.byte	0
 1294 010b 00       		.byte	0
 1295 010c 16       		.uleb128 0x16
 1296 010d 05       		.uleb128 0x5
 1297 010e 00       		.byte	0
 1298 010f 03       		.uleb128 0x3
 1299 0110 0E       		.uleb128 0xe
 1300 0111 3A       		.uleb128 0x3a
 1301 0112 0B       		.uleb128 0xb
ARM GAS  C:\Users\bryan.lee\AppData\Local\Temp\ccAsRluV.s 			page 27


 1302 0113 3B       		.uleb128 0x3b
 1303 0114 0B       		.uleb128 0xb
 1304 0115 49       		.uleb128 0x49
 1305 0116 13       		.uleb128 0x13
 1306 0117 02       		.uleb128 0x2
 1307 0118 18       		.uleb128 0x18
 1308 0119 00       		.byte	0
 1309 011a 00       		.byte	0
 1310 011b 17       		.uleb128 0x17
 1311 011c 34       		.uleb128 0x34
 1312 011d 00       		.byte	0
 1313 011e 03       		.uleb128 0x3
 1314 011f 0E       		.uleb128 0xe
 1315 0120 3A       		.uleb128 0x3a
 1316 0121 0B       		.uleb128 0xb
 1317 0122 3B       		.uleb128 0x3b
 1318 0123 05       		.uleb128 0x5
 1319 0124 49       		.uleb128 0x49
 1320 0125 13       		.uleb128 0x13
 1321 0126 3F       		.uleb128 0x3f
 1322 0127 19       		.uleb128 0x19
 1323 0128 3C       		.uleb128 0x3c
 1324 0129 19       		.uleb128 0x19
 1325 012a 00       		.byte	0
 1326 012b 00       		.byte	0
 1327 012c 18       		.uleb128 0x18
 1328 012d 34       		.uleb128 0x34
 1329 012e 00       		.byte	0
 1330 012f 03       		.uleb128 0x3
 1331 0130 0E       		.uleb128 0xe
 1332 0131 3A       		.uleb128 0x3a
 1333 0132 0B       		.uleb128 0xb
 1334 0133 3B       		.uleb128 0x3b
 1335 0134 0B       		.uleb128 0xb
 1336 0135 49       		.uleb128 0x49
 1337 0136 13       		.uleb128 0x13
 1338 0137 3F       		.uleb128 0x3f
 1339 0138 19       		.uleb128 0x19
 1340 0139 3C       		.uleb128 0x3c
 1341 013a 19       		.uleb128 0x19
 1342 013b 00       		.byte	0
 1343 013c 00       		.byte	0
 1344 013d 00       		.byte	0
 1345              		.section	.debug_aranges,"",%progbits
 1346 0000 24000000 		.4byte	0x24
 1347 0004 0200     		.2byte	0x2
 1348 0006 00000000 		.4byte	.Ldebug_info0
 1349 000a 04       		.byte	0x4
 1350 000b 00       		.byte	0
 1351 000c 0000     		.2byte	0
 1352 000e 0000     		.2byte	0
 1353 0010 00000000 		.4byte	.LFB36
 1354 0014 9C000000 		.4byte	.LFE36-.LFB36
 1355 0018 00000000 		.4byte	.LFB37
 1356 001c 20010000 		.4byte	.LFE37-.LFB37
 1357 0020 00000000 		.4byte	0
 1358 0024 00000000 		.4byte	0
ARM GAS  C:\Users\bryan.lee\AppData\Local\Temp\ccAsRluV.s 			page 28


 1359              		.section	.debug_ranges,"",%progbits
 1360              	.Ldebug_ranges0:
 1361 0000 00000000 		.4byte	.LFB36
 1362 0004 9C000000 		.4byte	.LFE36
 1363 0008 00000000 		.4byte	.LFB37
 1364 000c 20010000 		.4byte	.LFE37
 1365 0010 00000000 		.4byte	0
 1366 0014 00000000 		.4byte	0
 1367              		.section	.debug_line,"",%progbits
 1368              	.Ldebug_line0:
 1369 0000 37010000 		.section	.debug_str,"MS",%progbits,1
 1369      0200A800 
 1369      00000201 
 1369      FB0E0D00 
 1369      01010101 
 1370              	.LASF82:
 1371 0000 4359424C 		.ascii	"CYBLE_EVT_L2CAP_CBFC_RX_CREDIT_IND\000"
 1371      455F4556 
 1371      545F4C32 
 1371      4341505F 
 1371      43424643 
 1372              	.LASF23:
 1373 0023 4359424C 		.ascii	"CYBLE_EVT_STACK_BUSY_STATUS\000"
 1373      455F4556 
 1373      545F5354 
 1373      41434B5F 
 1373      42555359 
 1374              	.LASF140:
 1375 003f 4359424C 		.ascii	"CYBLE_STATE_STOPPED\000"
 1375      455F5354 
 1375      4154455F 
 1375      53544F50 
 1375      50454400 
 1376              	.LASF81:
 1377 0053 4359424C 		.ascii	"CYBLE_EVT_L2CAP_CBFC_DATA_READ\000"
 1377      455F4556 
 1377      545F4C32 
 1377      4341505F 
 1377      43424643 
 1378              	.LASF131:
 1379 0072 4359424C 		.ascii	"CYBLE_CONN_HANDLE_T\000"
 1379      455F434F 
 1379      4E4E5F48 
 1379      414E444C 
 1379      455F5400 
 1380              	.LASF137:
 1381 0086 636F6E6E 		.ascii	"connHandle\000"
 1381      48616E64 
 1381      6C6500
 1382              	.LASF93:
 1383 0091 4359424C 		.ascii	"CYBLE_ERROR_MEMORY_ALLOCATION_FAILED\000"
 1383      455F4552 
 1383      524F525F 
 1383      4D454D4F 
 1383      52595F41 
 1384              	.LASF35:
 1385 00b6 4359424C 		.ascii	"CYBLE_EVT_GAP_CONNECTION_UPDATE_COMPLETE\000"
ARM GAS  C:\Users\bryan.lee\AppData\Local\Temp\ccAsRluV.s 			page 29


 1385      455F4556 
 1385      545F4741 
 1385      505F434F 
 1385      4E4E4543 
 1386              	.LASF80:
 1387 00df 4359424C 		.ascii	"CYBLE_EVT_L2CAP_CBFC_DISCONN_CNF\000"
 1387      455F4556 
 1387      545F4C32 
 1387      4341505F 
 1387      43424643 
 1388              	.LASF114:
 1389 0100 4359424C 		.ascii	"CYBLE_ERROR_UNSUPPORTED_FEATURE_OR_PARAMETER_VALUE\000"
 1389      455F4552 
 1389      524F525F 
 1389      554E5355 
 1389      50504F52 
 1390              	.LASF36:
 1391 0133 4359424C 		.ascii	"CYBLE_EVT_GAPC_SCAN_START_STOP\000"
 1391      455F4556 
 1391      545F4741 
 1391      50435F53 
 1391      43414E5F 
 1392              	.LASF40:
 1393 0152 4359424C 		.ascii	"CYBLE_EVT_GAP_OOB_GENERATED_NOTIFICATION\000"
 1393      455F4556 
 1393      545F4741 
 1393      505F4F4F 
 1393      425F4745 
 1394              	.LASF60:
 1395 017b 4359424C 		.ascii	"CYBLE_EVT_GATTC_READ_MULTI_RSP\000"
 1395      455F4556 
 1395      545F4741 
 1395      5454435F 
 1395      52454144 
 1396              	.LASF65:
 1397 019a 4359424C 		.ascii	"CYBLE_EVT_GATTS_EXEC_WRITE_REQ\000"
 1397      455F4556 
 1397      545F4741 
 1397      5454535F 
 1397      45584543 
 1398              	.LASF77:
 1399 01b9 4359424C 		.ascii	"CYBLE_EVT_L2CAP_CBFC_CONN_IND\000"
 1399      455F4556 
 1399      545F4C32 
 1399      4341505F 
 1399      43424643 
 1400              	.LASF126:
 1401 01d7 74797065 		.ascii	"type\000"
 1401      00
 1402              	.LASF20:
 1403 01dc 4359424C 		.ascii	"CYBLE_EVT_TIMEOUT\000"
 1403      455F4556 
 1403      545F5449 
 1403      4D454F55 
 1403      5400
 1404              	.LASF4:
 1405 01ee 6C6F6E67 		.ascii	"long int\000"
ARM GAS  C:\Users\bryan.lee\AppData\Local\Temp\ccAsRluV.s 			page 30


 1405      20696E74 
 1405      00
 1406              	.LASF113:
 1407 01f7 4359424C 		.ascii	"CYBLE_ERROR_HARDWARE_FAILURE\000"
 1407      455F4552 
 1407      524F525F 
 1407      48415244 
 1407      57415245 
 1408              	.LASF103:
 1409 0214 4359424C 		.ascii	"CYBLE_ERROR_L2CAP_PSM_WRONG_ENCODING\000"
 1409      455F4552 
 1409      524F525F 
 1409      4C324341 
 1409      505F5053 
 1410              	.LASF133:
 1411 0239 4359424C 		.ascii	"CYBLE_GATT_VALUE_T\000"
 1411      455F4741 
 1411      54545F56 
 1411      414C5545 
 1411      5F5400
 1412              	.LASF22:
 1413 024c 4359424C 		.ascii	"CYBLE_EVT_HCI_STATUS\000"
 1413      455F4556 
 1413      545F4843 
 1413      495F5354 
 1413      41545553 
 1414              	.LASF85:
 1415 0261 4359424C 		.ascii	"CYBLE_EVT_PENDING_FLASH_WRITE\000"
 1415      455F4556 
 1415      545F5045 
 1415      4E44494E 
 1415      475F464C 
 1416              	.LASF148:
 1417 027f 53657276 		.ascii	"ServerDebugOut\000"
 1417      65724465 
 1417      6275674F 
 1417      757400
 1418              	.LASF127:
 1419 028e 4359424C 		.ascii	"CYBLE_GAP_BD_ADDR_T\000"
 1419      455F4741 
 1419      505F4244 
 1419      5F414444 
 1419      525F5400 
 1420              	.LASF102:
 1421 02a2 4359424C 		.ascii	"CYBLE_ERROR_SEC_FAILED\000"
 1421      455F4552 
 1421      524F525F 
 1421      5345435F 
 1421      4641494C 
 1422              	.LASF34:
 1423 02b9 4359424C 		.ascii	"CYBLE_EVT_GAP_ENCRYPT_CHANGE\000"
 1423      455F4556 
 1423      545F4741 
 1423      505F454E 
 1423      43525950 
 1424              	.LASF38:
 1425 02d6 4359424C 		.ascii	"CYBLE_EVT_GAP_NUMERIC_COMPARISON_REQUEST\000"
ARM GAS  C:\Users\bryan.lee\AppData\Local\Temp\ccAsRluV.s 			page 31


 1425      455F4556 
 1425      545F4741 
 1425      505F4E55 
 1425      4D455249 
 1426              	.LASF143:
 1427 02ff 4359424C 		.ascii	"CYBLE_STATE_ADVERTISING\000"
 1427      455F5354 
 1427      4154455F 
 1427      41445645 
 1427      52544953 
 1428              	.LASF6:
 1429 0317 6C6F6E67 		.ascii	"long long int\000"
 1429      206C6F6E 
 1429      6720696E 
 1429      7400
 1430              	.LASF0:
 1431 0325 7369676E 		.ascii	"signed char\000"
 1431      65642063 
 1431      68617200 
 1432              	.LASF19:
 1433 0331 4359424C 		.ascii	"CYBLE_EVT_STACK_ON\000"
 1433      455F4556 
 1433      545F5354 
 1433      41434B5F 
 1433      4F4E00
 1434              	.LASF110:
 1435 0344 4359424C 		.ascii	"CYBLE_ERROR_DEVICE_ALREADY_EXISTS\000"
 1435      455F4552 
 1435      524F525F 
 1435      44455649 
 1435      43455F41 
 1436              	.LASF97:
 1437 0366 4359424C 		.ascii	"CYBLE_ERROR_NO_DEVICE_ENTITY\000"
 1437      455F4552 
 1437      524F525F 
 1437      4E4F5F44 
 1437      45564943 
 1438              	.LASF132:
 1439 0383 61637475 		.ascii	"actualLen\000"
 1439      616C4C65 
 1439      6E00
 1440              	.LASF26:
 1441 038d 4359424C 		.ascii	"CYBLE_EVT_GAP_AUTH_REQ\000"
 1441      455F4556 
 1441      545F4741 
 1441      505F4155 
 1441      54485F52 
 1442              	.LASF58:
 1443 03a4 4359424C 		.ascii	"CYBLE_EVT_GATTC_READ_RSP\000"
 1443      455F4556 
 1443      545F4741 
 1443      5454435F 
 1443      52454144 
 1444              	.LASF122:
 1445 03bd 4359424C 		.ascii	"CYBLE_ERROR_INVALID_STATE\000"
 1445      455F4552 
 1445      524F525F 
ARM GAS  C:\Users\bryan.lee\AppData\Local\Temp\ccAsRluV.s 			page 32


 1445      494E5641 
 1445      4C49445F 
 1446              	.LASF63:
 1447 03d7 4359424C 		.ascii	"CYBLE_EVT_GATTS_WRITE_CMD_REQ\000"
 1447      455F4556 
 1447      545F4741 
 1447      5454535F 
 1447      57524954 
 1448              	.LASF144:
 1449 03f5 4359424C 		.ascii	"CYBLE_STATE_DISCONNECTED\000"
 1449      455F5354 
 1449      4154455F 
 1449      44495343 
 1449      4F4E4E45 
 1450              	.LASF31:
 1451 040e 4359424C 		.ascii	"CYBLE_EVT_GAPP_ADVERTISEMENT_START_STOP\000"
 1451      455F4556 
 1451      545F4741 
 1451      50505F41 
 1451      44564552 
 1452              	.LASF108:
 1453 0436 4359424C 		.ascii	"CYBLE_ERROR_L2CAP_PSM_NOT_IN_RANGE\000"
 1453      455F4552 
 1453      524F525F 
 1453      4C324341 
 1453      505F5053 
 1454              	.LASF9:
 1455 0459 75696E74 		.ascii	"uint8\000"
 1455      3800
 1456              	.LASF66:
 1457 045f 4359424C 		.ascii	"CYBLE_EVT_GATTC_EXEC_WRITE_RSP\000"
 1457      455F4556 
 1457      545F4741 
 1457      5454435F 
 1457      45584543 
 1458              	.LASF13:
 1459 047e 646F7562 		.ascii	"double\000"
 1459      6C6500
 1460              	.LASF79:
 1461 0485 4359424C 		.ascii	"CYBLE_EVT_L2CAP_CBFC_DISCONN_IND\000"
 1461      455F4556 
 1461      545F4C32 
 1461      4341505F 
 1461      43424643 
 1462              	.LASF91:
 1463 04a6 4359424C 		.ascii	"CYBLE_ERROR_INVALID_PARAMETER\000"
 1463      455F4552 
 1463      524F525F 
 1463      494E5641 
 1463      4C49445F 
 1464              	.LASF11:
 1465 04c4 75696E74 		.ascii	"uint32\000"
 1465      333200
 1466              	.LASF89:
 1467 04cb 4359424C 		.ascii	"CYBLE_EVT_MAX\000"
 1467      455F4556 
 1467      545F4D41 
ARM GAS  C:\Users\bryan.lee\AppData\Local\Temp\ccAsRluV.s 			page 33


 1467      5800
 1468              	.LASF90:
 1469 04d9 4359424C 		.ascii	"CYBLE_ERROR_OK\000"
 1469      455F4552 
 1469      524F525F 
 1469      4F4B00
 1470              	.LASF49:
 1471 04e8 4359424C 		.ascii	"CYBLE_EVT_GATTC_ERROR_RSP\000"
 1471      455F4556 
 1471      545F4741 
 1471      5454435F 
 1471      4552524F 
 1472              	.LASF74:
 1473 0502 4359424C 		.ascii	"CYBLE_EVT_L2CAP_CONN_PARAM_UPDATE_REQ\000"
 1473      455F4556 
 1473      545F4C32 
 1473      4341505F 
 1473      434F4E4E 
 1474              	.LASF84:
 1475 0528 4359424C 		.ascii	"CYBLE_EVT_L2CAP_CBFC_DATA_WRITE_IND\000"
 1475      455F4556 
 1475      545F4C32 
 1475      4341505F 
 1475      43424643 
 1476              	.LASF135:
 1477 054c 61747472 		.ascii	"attrHandle\000"
 1477      48616E64 
 1477      6C6500
 1478              	.LASF7:
 1479 0557 6C6F6E67 		.ascii	"long long unsigned int\000"
 1479      206C6F6E 
 1479      6720756E 
 1479      7369676E 
 1479      65642069 
 1480              	.LASF134:
 1481 056e 76616C75 		.ascii	"value\000"
 1481      6500
 1482              	.LASF71:
 1483 0574 4359424C 		.ascii	"CYBLE_EVT_GATTC_STOP_CMD_COMPLETE\000"
 1483      455F4556 
 1483      545F4741 
 1483      5454435F 
 1483      53544F50 
 1484              	.LASF95:
 1485 0596 4359424C 		.ascii	"CYBLE_ERROR_OOB_NOT_AVAILABLE\000"
 1485      455F4552 
 1485      524F525F 
 1485      4F4F425F 
 1485      4E4F545F 
 1486              	.LASF86:
 1487 05b4 4359424C 		.ascii	"CYBLE_EVT_LE_PING_AUTH_TIMEOUT\000"
 1487      455F4556 
 1487      545F4C45 
 1487      5F50494E 
 1487      475F4155 
 1488              	.LASF147:
 1489 05d3 53746172 		.ascii	"StartAdvertisement\000"
ARM GAS  C:\Users\bryan.lee\AppData\Local\Temp\ccAsRluV.s 			page 34


 1489      74416476 
 1489      65727469 
 1489      73656D65 
 1489      6E7400
 1490              	.LASF104:
 1491 05e6 4359424C 		.ascii	"CYBLE_ERROR_L2CAP_PSM_ALREADY_REGISTERED\000"
 1491      455F4552 
 1491      524F525F 
 1491      4C324341 
 1491      505F5053 
 1492              	.LASF5:
 1493 060f 6C6F6E67 		.ascii	"long unsigned int\000"
 1493      20756E73 
 1493      69676E65 
 1493      6420696E 
 1493      7400
 1494              	.LASF45:
 1495 0621 4359424C 		.ascii	"CYBLE_EVT_GAP_CONN_ESTB\000"
 1495      455F4556 
 1495      545F4741 
 1495      505F434F 
 1495      4E4E5F45 
 1496              	.LASF61:
 1497 0639 4359424C 		.ascii	"CYBLE_EVT_GATTS_WRITE_REQ\000"
 1497      455F4556 
 1497      545F4741 
 1497      5454535F 
 1497      57524954 
 1498              	.LASF53:
 1499 0653 4359424C 		.ascii	"CYBLE_EVT_GATTC_XCHNG_MTU_RSP\000"
 1499      455F4556 
 1499      545F4741 
 1499      5454435F 
 1499      5843484E 
 1500              	.LASF70:
 1501 0671 4359424C 		.ascii	"CYBLE_EVT_GATTS_DATA_SIGNED_CMD_REQ\000"
 1501      455F4556 
 1501      545F4741 
 1501      5454535F 
 1501      44415441 
 1502              	.LASF73:
 1503 0695 4359424C 		.ascii	"CYBLE_EVT_GATTC_LONG_PROCEDURE_END\000"
 1503      455F4556 
 1503      545F4741 
 1503      5454435F 
 1503      4C4F4E47 
 1504              	.LASF107:
 1505 06b8 4359424C 		.ascii	"CYBLE_ERROR_L2CAP_CHANNEL_NOT_FOUND\000"
 1505      455F4552 
 1505      524F525F 
 1505      4C324341 
 1505      505F4348 
 1506              	.LASF149:
 1507 06dc 6576656E 		.ascii	"event\000"
 1507      7400
 1508              	.LASF119:
 1509 06e2 4359424C 		.ascii	"CYBLE_ERROR_NTF_DISABLED\000"
ARM GAS  C:\Users\bryan.lee\AppData\Local\Temp\ccAsRluV.s 			page 35


 1509      455F4552 
 1509      524F525F 
 1509      4E54465F 
 1509      44495341 
 1510              	.LASF18:
 1511 06fb 4359424C 		.ascii	"CYBLE_EVT_HOST_INVALID\000"
 1511      455F4556 
 1511      545F484F 
 1511      53545F49 
 1511      4E56414C 
 1512              	.LASF56:
 1513 0712 4359424C 		.ascii	"CYBLE_EVT_GATTC_FIND_INFO_RSP\000"
 1513      455F4556 
 1513      545F4741 
 1513      5454435F 
 1513      46494E44 
 1514              	.LASF24:
 1515 0730 4359424C 		.ascii	"CYBLE_EVT_MEMORY_REQUEST\000"
 1515      455F4556 
 1515      545F4D45 
 1515      4D4F5259 
 1515      5F524551 
 1516              	.LASF125:
 1517 0749 62644164 		.ascii	"bdAddr\000"
 1517      647200
 1518              	.LASF27:
 1519 0750 4359424C 		.ascii	"CYBLE_EVT_GAP_PASSKEY_ENTRY_REQUEST\000"
 1519      455F4556 
 1519      545F4741 
 1519      505F5041 
 1519      53534B45 
 1520              	.LASF32:
 1521 0774 4359424C 		.ascii	"CYBLE_EVT_GAP_DEVICE_CONNECTED\000"
 1521      455F4556 
 1521      545F4741 
 1521      505F4445 
 1521      56494345 
 1522              	.LASF47:
 1523 0793 4359424C 		.ascii	"CYBLE_EVT_GAP_AUTH_REQ_REPLY_ERR\000"
 1523      455F4556 
 1523      545F4741 
 1523      505F4155 
 1523      54485F52 
 1524              	.LASF151:
 1525 07b4 6379426C 		.ascii	"cyBle_state\000"
 1525      655F7374 
 1525      61746500 
 1526              	.LASF153:
 1527 07c0 474E5520 		.ascii	"GNU C11 5.4.1 20160609 (release) [ARM/embedded-5-br"
 1527      43313120 
 1527      352E342E 
 1527      31203230 
 1527      31363036 
 1528 07f3 616E6368 		.ascii	"anch revision 237715] -mcpu=cortex-m0 -mthumb -g -O"
 1528      20726576 
 1528      6973696F 
 1528      6E203233 
ARM GAS  C:\Users\bryan.lee\AppData\Local\Temp\ccAsRluV.s 			page 36


 1528      37373135 
 1529 0826 30202D66 		.ascii	"0 -ffunction-sections -ffat-lto-objects\000"
 1529      66756E63 
 1529      74696F6E 
 1529      2D736563 
 1529      74696F6E 
 1530              	.LASF50:
 1531 084e 4359424C 		.ascii	"CYBLE_EVT_GATT_CONNECT_IND\000"
 1531      455F4556 
 1531      545F4741 
 1531      54545F43 
 1531      4F4E4E45 
 1532              	.LASF130:
 1533 0869 61747449 		.ascii	"attId\000"
 1533      6400
 1534              	.LASF76:
 1535 086f 4359424C 		.ascii	"CYBLE_EVT_L2CAP_COMMAND_REJ\000"
 1535      455F4556 
 1535      545F4C32 
 1535      4341505F 
 1535      434F4D4D 
 1536              	.LASF15:
 1537 088b 72656733 		.ascii	"reg32\000"
 1537      3200
 1538              	.LASF154:
 1539 0891 73657276 		.ascii	"server.c\000"
 1539      65722E63 
 1539      00
 1540              	.LASF138:
 1541 089a 68616E64 		.ascii	"handleValPair\000"
 1541      6C655661 
 1541      6C506169 
 1541      7200
 1542              	.LASF48:
 1543 08a8 4359424C 		.ascii	"CYBLE_EVT_GAP_SMP_LOC_P256_KEYS_GEN_AND_SET_COMPLET"
 1543      455F4556 
 1543      545F4741 
 1543      505F534D 
 1543      505F4C4F 
 1544 08db 4500     		.ascii	"E\000"
 1545              	.LASF118:
 1546 08dd 4359424C 		.ascii	"CYBLE_ERROR_MAX\000"
 1546      455F4552 
 1546      524F525F 
 1546      4D415800 
 1547              	.LASF115:
 1548 08ed 4359424C 		.ascii	"CYBLE_ERROR_FLASH_WRITE\000"
 1548      455F4552 
 1548      524F525F 
 1548      464C4153 
 1548      485F5752 
 1549              	.LASF55:
 1550 0905 4359424C 		.ascii	"CYBLE_EVT_GATTC_READ_BY_TYPE_RSP\000"
 1550      455F4556 
 1550      545F4741 
 1550      5454435F 
 1550      52454144 
ARM GAS  C:\Users\bryan.lee\AppData\Local\Temp\ccAsRluV.s 			page 37


 1551              	.LASF17:
 1552 0926 73697A65 		.ascii	"sizetype\000"
 1552      74797065 
 1552      00
 1553              	.LASF139:
 1554 092f 4359424C 		.ascii	"CYBLE_GATTS_WRITE_REQ_PARAM_T\000"
 1554      455F4741 
 1554      5454535F 
 1554      57524954 
 1554      455F5245 
 1555              	.LASF141:
 1556 094d 4359424C 		.ascii	"CYBLE_STATE_INITIALIZING\000"
 1556      455F5354 
 1556      4154455F 
 1556      494E4954 
 1556      49414C49 
 1557              	.LASF30:
 1558 0966 4359424C 		.ascii	"CYBLE_EVT_GAP_AUTH_FAILED\000"
 1558      455F4556 
 1558      545F4741 
 1558      505F4155 
 1558      54485F46 
 1559              	.LASF62:
 1560 0980 4359424C 		.ascii	"CYBLE_EVT_GATTC_WRITE_RSP\000"
 1560      455F4556 
 1560      545F4741 
 1560      5454435F 
 1560      57524954 
 1561              	.LASF43:
 1562 099a 4359424C 		.ascii	"CYBLE_EVT_GAPC_DIRECT_ADV_REPORT\000"
 1562      455F4556 
 1562      545F4741 
 1562      50435F44 
 1562      49524543 
 1563              	.LASF41:
 1564 09bb 4359424C 		.ascii	"CYBLE_EVT_GAP_DATA_LENGTH_CHANGE\000"
 1564      455F4556 
 1564      545F4741 
 1564      505F4441 
 1564      54415F4C 
 1565              	.LASF46:
 1566 09dc 4359424C 		.ascii	"CYBLE_EVT_GAP_SCAN_REQ_RECVD\000"
 1566      455F4556 
 1566      545F4741 
 1566      505F5343 
 1566      414E5F52 
 1567              	.LASF29:
 1568 09f9 4359424C 		.ascii	"CYBLE_EVT_GAP_AUTH_COMPLETE\000"
 1568      455F4556 
 1568      545F4741 
 1568      505F4155 
 1568      54485F43 
 1569              	.LASF152:
 1570 0a15 61706952 		.ascii	"apiResult\000"
 1570      6573756C 
 1570      7400
 1571              	.LASF124:
ARM GAS  C:\Users\bryan.lee\AppData\Local\Temp\ccAsRluV.s 			page 38


 1572 0a1f 4359424C 		.ascii	"CYBLE_API_RESULT_T\000"
 1572      455F4150 
 1572      495F5245 
 1572      53554C54 
 1572      5F5400
 1573              	.LASF67:
 1574 0a32 4359424C 		.ascii	"CYBLE_EVT_GATTC_HANDLE_VALUE_NTF\000"
 1574      455F4556 
 1574      545F4741 
 1574      5454435F 
 1574      48414E44 
 1575              	.LASF120:
 1576 0a53 4359424C 		.ascii	"CYBLE_ERROR_IND_DISABLED\000"
 1576      455F4552 
 1576      524F525F 
 1576      494E445F 
 1576      44495341 
 1577              	.LASF136:
 1578 0a6c 4359424C 		.ascii	"CYBLE_GATT_HANDLE_VALUE_PAIR_T\000"
 1578      455F4741 
 1578      54545F48 
 1578      414E444C 
 1578      455F5641 
 1579              	.LASF78:
 1580 0a8b 4359424C 		.ascii	"CYBLE_EVT_L2CAP_CBFC_CONN_CNF\000"
 1580      455F4556 
 1580      545F4C32 
 1580      4341505F 
 1580      43424643 
 1581              	.LASF54:
 1582 0aa9 4359424C 		.ascii	"CYBLE_EVT_GATTC_READ_BY_GROUP_TYPE_RSP\000"
 1582      455F4556 
 1582      545F4741 
 1582      5454435F 
 1582      52454144 
 1583              	.LASF12:
 1584 0ad0 666C6F61 		.ascii	"float\000"
 1584      7400
 1585              	.LASF100:
 1586 0ad6 4359424C 		.ascii	"CYBLE_ERROR_TX_POWER_READ\000"
 1586      455F4552 
 1586      524F525F 
 1586      54585F50 
 1586      4F574552 
 1587              	.LASF121:
 1588 0af0 4359424C 		.ascii	"CYBLE_ERROR_CHAR_IS_NOT_DISCOVERED\000"
 1588      455F4552 
 1588      524F525F 
 1588      43484152 
 1588      5F49535F 
 1589              	.LASF1:
 1590 0b13 756E7369 		.ascii	"unsigned char\000"
 1590      676E6564 
 1590      20636861 
 1590      7200
 1591              	.LASF10:
 1592 0b21 75696E74 		.ascii	"uint16\000"
ARM GAS  C:\Users\bryan.lee\AppData\Local\Temp\ccAsRluV.s 			page 39


 1592      313600
 1593              	.LASF39:
 1594 0b28 4359424C 		.ascii	"CYBLE_EVT_GAP_KEYPRESS_NOTIFICATION\000"
 1594      455F4556 
 1594      545F4741 
 1594      505F4B45 
 1594      59505245 
 1595              	.LASF2:
 1596 0b4c 73686F72 		.ascii	"short int\000"
 1596      7420696E 
 1596      7400
 1597              	.LASF68:
 1598 0b56 4359424C 		.ascii	"CYBLE_EVT_GATTC_HANDLE_VALUE_IND\000"
 1598      455F4556 
 1598      545F4741 
 1598      5454435F 
 1598      48414E44 
 1599              	.LASF87:
 1600 0b77 4359424C 		.ascii	"CYBLE_EVT_HCI_PKT\000"
 1600      455F4556 
 1600      545F4843 
 1600      495F504B 
 1600      5400
 1601              	.LASF96:
 1602 0b89 4359424C 		.ascii	"CYBLE_ERROR_NO_CONNECTION\000"
 1602      455F4552 
 1602      524F525F 
 1602      4E4F5F43 
 1602      4F4E4E45 
 1603              	.LASF64:
 1604 0ba3 4359424C 		.ascii	"CYBLE_EVT_GATTS_PREP_WRITE_REQ\000"
 1604      455F4556 
 1604      545F4741 
 1604      5454535F 
 1604      50524550 
 1605              	.LASF116:
 1606 0bc2 4359424C 		.ascii	"CYBLE_ERROR_LL_SAME_TRANSACTION_COLLISION\000"
 1606      455F4552 
 1606      524F525F 
 1606      4C4C5F53 
 1606      414D455F 
 1607              	.LASF69:
 1608 0bec 4359424C 		.ascii	"CYBLE_EVT_GATTS_HANDLE_VALUE_CNF\000"
 1608      455F4556 
 1608      545F4741 
 1608      5454535F 
 1608      48414E44 
 1609              	.LASF98:
 1610 0c0d 4359424C 		.ascii	"CYBLE_ERROR_REPEATED_ATTEMPTS\000"
 1610      455F4552 
 1610      524F525F 
 1610      52455045 
 1610      41544544 
 1611              	.LASF44:
 1612 0c2b 4359424C 		.ascii	"CYBLE_EVT_GAP_SMP_NEGOTIATED_AUTH_INFO\000"
 1612      455F4556 
 1612      545F4741 
ARM GAS  C:\Users\bryan.lee\AppData\Local\Temp\ccAsRluV.s 			page 40


 1612      505F534D 
 1612      505F4E45 
 1613              	.LASF123:
 1614 0c52 4359424C 		.ascii	"CYBLE_ERROR_STACK_BUSY\000"
 1614      455F4552 
 1614      524F525F 
 1614      53544143 
 1614      4B5F4255 
 1615              	.LASF16:
 1616 0c69 6C6F6E67 		.ascii	"long double\000"
 1616      20646F75 
 1616      626C6500 
 1617              	.LASF14:
 1618 0c75 63686172 		.ascii	"char\000"
 1618      00
 1619              	.LASF101:
 1620 0c7a 4359424C 		.ascii	"CYBLE_ERROR_BT_ON_NOT_COMPLETED\000"
 1620      455F4552 
 1620      524F525F 
 1620      42545F4F 
 1620      4E5F4E4F 
 1621              	.LASF33:
 1622 0c9a 4359424C 		.ascii	"CYBLE_EVT_GAP_DEVICE_DISCONNECTED\000"
 1622      455F4556 
 1622      545F4741 
 1622      505F4445 
 1622      56494345 
 1623              	.LASF8:
 1624 0cbc 756E7369 		.ascii	"unsigned int\000"
 1624      676E6564 
 1624      20696E74 
 1624      00
 1625              	.LASF72:
 1626 0cc9 4359424C 		.ascii	"CYBLE_EVT_GATTS_READ_CHAR_VAL_ACCESS_REQ\000"
 1626      455F4556 
 1626      545F4741 
 1626      5454535F 
 1626      52454144 
 1627              	.LASF83:
 1628 0cf2 4359424C 		.ascii	"CYBLE_EVT_L2CAP_CBFC_TX_CREDIT_IND\000"
 1628      455F4556 
 1628      545F4C32 
 1628      4341505F 
 1628      43424643 
 1629              	.LASF111:
 1630 0d15 4359424C 		.ascii	"CYBLE_ERROR_FLASH_WRITE_NOT_PERMITED\000"
 1630      455F4552 
 1630      524F525F 
 1630      464C4153 
 1630      485F5752 
 1631              	.LASF106:
 1632 0d3a 4359424C 		.ascii	"CYBLE_ERROR_L2CAP_CONNECTION_ENTITY_NOT_FOUND\000"
 1632      455F4552 
 1632      524F525F 
 1632      4C324341 
 1632      505F434F 
 1633              	.LASF28:
ARM GAS  C:\Users\bryan.lee\AppData\Local\Temp\ccAsRluV.s 			page 41


 1634 0d68 4359424C 		.ascii	"CYBLE_EVT_GAP_PASSKEY_DISPLAY_REQUEST\000"
 1634      455F4556 
 1634      545F4741 
 1634      505F5041 
 1634      53534B45 
 1635              	.LASF21:
 1636 0d8e 4359424C 		.ascii	"CYBLE_EVT_HARDWARE_ERROR\000"
 1636      455F4556 
 1636      545F4841 
 1636      52445741 
 1636      52455F45 
 1637              	.LASF3:
 1638 0da7 73686F72 		.ascii	"short unsigned int\000"
 1638      7420756E 
 1638      7369676E 
 1638      65642069 
 1638      6E7400
 1639              	.LASF155:
 1640 0dba 433A5C55 		.ascii	"C:\\Users\\bryan.lee\\Documents\\GitHub\\hello-worl"
 1640      73657273 
 1640      5C627279 
 1640      616E2E6C 
 1640      65655C44 
 1641 0de8 645C4379 		.ascii	"d\\Cypress\\PSoC 4 BLE - Heart Rate Sensor\\PSoC 4 "
 1641      70726573 
 1641      735C5053 
 1641      6F432034 
 1641      20424C45 
 1642 0e18 424C455F 		.ascii	"BLE_Heart_Rate_Sensor.cydsn\000"
 1642      48656172 
 1642      745F5261 
 1642      74655F53 
 1642      656E736F 
 1643              	.LASF92:
 1644 0e34 4359424C 		.ascii	"CYBLE_ERROR_INVALID_OPERATION\000"
 1644      455F4552 
 1644      524F525F 
 1644      494E5641 
 1644      4C49445F 
 1645              	.LASF52:
 1646 0e52 4359424C 		.ascii	"CYBLE_EVT_GATTS_XCNHG_MTU_REQ\000"
 1646      455F4556 
 1646      545F4741 
 1646      5454535F 
 1646      58434E48 
 1647              	.LASF150:
 1648 0e70 6576656E 		.ascii	"eventParam\000"
 1648      74506172 
 1648      616D00
 1649              	.LASF94:
 1650 0e7b 4359424C 		.ascii	"CYBLE_ERROR_INSUFFICIENT_RESOURCES\000"
 1650      455F4552 
 1650      524F525F 
 1650      494E5355 
 1650      46464943 
 1651              	.LASF145:
 1652 0e9e 4359424C 		.ascii	"CYBLE_STATE_T\000"
ARM GAS  C:\Users\bryan.lee\AppData\Local\Temp\ccAsRluV.s 			page 42


 1652      455F5354 
 1652      4154455F 
 1652      5400
 1653              	.LASF59:
 1654 0eac 4359424C 		.ascii	"CYBLE_EVT_GATTC_READ_BLOB_RSP\000"
 1654      455F4556 
 1654      545F4741 
 1654      5454435F 
 1654      52454144 
 1655              	.LASF117:
 1656 0eca 4359424C 		.ascii	"CYBLE_ERROR_CONTROLLER_BUSY\000"
 1656      455F4552 
 1656      524F525F 
 1656      434F4E54 
 1656      524F4C4C 
 1657              	.LASF112:
 1658 0ee6 4359424C 		.ascii	"CYBLE_ERROR_MIC_AUTH_FAILED\000"
 1658      455F4552 
 1658      524F525F 
 1658      4D49435F 
 1658      41555448 
 1659              	.LASF105:
 1660 0f02 4359424C 		.ascii	"CYBLE_ERROR_L2CAP_PSM_NOT_REGISTERED\000"
 1660      455F4552 
 1660      524F525F 
 1660      4C324341 
 1660      505F5053 
 1661              	.LASF142:
 1662 0f27 4359424C 		.ascii	"CYBLE_STATE_CONNECTED\000"
 1662      455F5354 
 1662      4154455F 
 1662      434F4E4E 
 1662      45435445 
 1663              	.LASF57:
 1664 0f3d 4359424C 		.ascii	"CYBLE_EVT_GATTC_FIND_BY_TYPE_VALUE_RSP\000"
 1664      455F4556 
 1664      545F4741 
 1664      5454435F 
 1664      46494E44 
 1665              	.LASF99:
 1666 0f64 4359424C 		.ascii	"CYBLE_ERROR_GAP_ROLE\000"
 1666      455F4552 
 1666      524F525F 
 1666      4741505F 
 1666      524F4C45 
 1667              	.LASF37:
 1668 0f79 4359424C 		.ascii	"CYBLE_EVT_GAP_KEYINFO_EXCHNGE_CMPLT\000"
 1668      455F4556 
 1668      545F4741 
 1668      505F4B45 
 1668      59494E46 
 1669              	.LASF129:
 1670 0f9d 62644861 		.ascii	"bdHandle\000"
 1670      6E646C65 
 1670      00
 1671              	.LASF75:
 1672 0fa6 4359424C 		.ascii	"CYBLE_EVT_L2CAP_CONN_PARAM_UPDATE_RSP\000"
ARM GAS  C:\Users\bryan.lee\AppData\Local\Temp\ccAsRluV.s 			page 43


 1672      455F4556 
 1672      545F4C32 
 1672      4341505F 
 1672      434F4E4E 
 1673              	.LASF42:
 1674 0fcc 4359424C 		.ascii	"CYBLE_EVT_GAP_ENHANCE_CONN_COMPLETE\000"
 1674      455F4556 
 1674      545F4741 
 1674      505F454E 
 1674      48414E43 
 1675              	.LASF128:
 1676 0ff0 4359424C 		.ascii	"CYBLE_GATT_DB_ATTR_HANDLE_T\000"
 1676      455F4741 
 1676      54545F44 
 1676      425F4154 
 1676      54525F48 
 1677              	.LASF25:
 1678 100c 4359424C 		.ascii	"CYBLE_EVT_GAPC_SCAN_PROGRESS_RESULT\000"
 1678      455F4556 
 1678      545F4741 
 1678      50435F53 
 1678      43414E5F 
 1679              	.LASF146:
 1680 1030 6C6F6361 		.ascii	"localAddr\000"
 1680      6C416464 
 1680      7200
 1681              	.LASF51:
 1682 103a 4359424C 		.ascii	"CYBLE_EVT_GATT_DISCONNECT_IND\000"
 1682      455F4556 
 1682      545F4741 
 1682      54545F44 
 1682      4953434F 
 1683              	.LASF109:
 1684 1058 4359424C 		.ascii	"CYBLE_ERROR_GATT_DB_INVALID_ATTR_HANDLE\000"
 1684      455F4552 
 1684      524F525F 
 1684      47415454 
 1684      5F44425F 
 1685              	.LASF88:
 1686 1080 4359424C 		.ascii	"CYBLE_EVT_FLASH_CORRUPT\000"
 1686      455F4556 
 1686      545F464C 
 1686      4153485F 
 1686      434F5252 
 1687              		.ident	"GCC: (GNU Tools for ARM Embedded Processors) 5.4.1 20160609 (release) [ARM/embedded-5-bran
