ARM GAS  C:\Users\bryan.lee\AppData\Local\Temp\ccQLDB3c.s 			page 1


   1              		.syntax unified
   2              		.cpu cortex-m4
   3              		.eabi_attribute 27, 1
   4              		.fpu fpv4-sp-d16
   5              		.eabi_attribute 20, 1
   6              		.eabi_attribute 21, 1
   7              		.eabi_attribute 23, 3
   8              		.eabi_attribute 24, 1
   9              		.eabi_attribute 25, 1
  10              		.eabi_attribute 26, 1
  11              		.eabi_attribute 30, 1
  12              		.eabi_attribute 34, 1
  13              		.eabi_attribute 18, 4
  14              		.thumb
  15              		.syntax unified
  16              		.file	"main_cm4.c"
  17              		.text
  18              	.Ltext0:
  19              		.cfi_sections	.debug_frame
  20              		.section	.text.main,"ax",%progbits
  21              		.align	2
  22              		.global	main
  23              		.thumb
  24              		.thumb_func
  25              		.type	main, %function
  26              	main:
  27              	.LFB543:
  28              		.file 1 "main_cm4.c"
   1:main_cm4.c    **** /******************************************************************************
   2:main_cm4.c    **** * File Name: main_cm4.c
   3:main_cm4.c    **** *
   4:main_cm4.c    **** * Version: 1.10
   5:main_cm4.c    **** *
   6:main_cm4.c    **** * Description:  Cortex-M4 is not used in this project. See the main_cm0p.c for 
   7:main_cm4.c    **** *               the main functions
   8:main_cm4.c    **** *
   9:main_cm4.c    **** * Related Document: CE218133_EINK_CapSense.pdf
  10:main_cm4.c    **** *
  11:main_cm4.c    **** * Hardware Dependency: CY8CKIT-062-BLE PSoC 6 BLE Pioneer Kit
  12:main_cm4.c    **** *                      CY8CKIT-028-EPD E-INK Display Shield
  13:main_cm4.c    **** *
  14:main_cm4.c    **** *******************************************************************************
  15:main_cm4.c    **** * Copyright (2017), Cypress Semiconductor Corporation. All rights reserved.
  16:main_cm4.c    **** *******************************************************************************
  17:main_cm4.c    **** * This software, including source code, documentation and related materials
  18:main_cm4.c    **** * (“Software”), is owned by Cypress Semiconductor Corporation or one of its
  19:main_cm4.c    **** * subsidiaries (“Cypress”) and is protected by and subject to worldwide patent
  20:main_cm4.c    **** * protection (United States and foreign), United States copyright laws and
  21:main_cm4.c    **** * international treaty provisions. Therefore, you may use this Software only
  22:main_cm4.c    **** * as provided in the license agreement accompanying the software package from
  23:main_cm4.c    **** * which you obtained this Software (“EULA”).
  24:main_cm4.c    **** *
  25:main_cm4.c    **** * If no EULA applies, Cypress hereby grants you a personal, nonexclusive,
  26:main_cm4.c    **** * non-transferable license to copy, modify, and compile the Software source
  27:main_cm4.c    **** * code solely for use in connection with Cypress’s integrated circuit products.
  28:main_cm4.c    **** * Any reproduction, modification, translation, compilation, or representation
  29:main_cm4.c    **** * of this Software except as specified above is prohibited without the express
ARM GAS  C:\Users\bryan.lee\AppData\Local\Temp\ccQLDB3c.s 			page 2


  30:main_cm4.c    **** * written permission of Cypress.
  31:main_cm4.c    **** *
  32:main_cm4.c    **** * Disclaimer: THIS SOFTWARE IS PROVIDED AS-IS, WITH NO WARRANTY OF ANY KIND, 
  33:main_cm4.c    **** * EXPRESS OR IMPLIED, INCLUDING, BUT NOT LIMITED TO, NONINFRINGEMENT, IMPLIED 
  34:main_cm4.c    **** * WARRANTIES OF MERCHANTABILITY AND FITNESS FOR A PARTICULAR PURPOSE. Cypress 
  35:main_cm4.c    **** * reserves the right to make changes to the Software without notice. Cypress 
  36:main_cm4.c    **** * does not assume any liability arising out of the application or use of the 
  37:main_cm4.c    **** * Software or any product or circuit described in the Software. Cypress does 
  38:main_cm4.c    **** * not authorize its products for use in any products where a malfunction or 
  39:main_cm4.c    **** * failure of the Cypress product may reasonably be expected to result in 
  40:main_cm4.c    **** * significant property damage, injury or death (“High Risk Product”). By 
  41:main_cm4.c    **** * including Cypress’s product in a High Risk Product, the manufacturer of such 
  42:main_cm4.c    **** * system or application assumes all risk of such use and in doing so agrees to 
  43:main_cm4.c    **** * indemnify Cypress against all liability.
  44:main_cm4.c    **** *******************************************************************************/
  45:main_cm4.c    **** /******************************************************************************
  46:main_cm4.c    **** * Cortex-M4 is not used in this project. See the main_cm0p.c for main functions
  47:main_cm4.c    **** *******************************************************************************/
  48:main_cm4.c    **** 
  49:main_cm4.c    **** /* Header file includes*/
  50:main_cm4.c    **** #include <project.h>
  51:main_cm4.c    **** 
  52:main_cm4.c    **** /*******************************************************************************
  53:main_cm4.c    **** * Function Name: int main()
  54:main_cm4.c    **** ********************************************************************************
  55:main_cm4.c    **** *
  56:main_cm4.c    **** * Summary: 
  57:main_cm4.c    **** *  Empty function : Code execution will not happen as the Cortex-M4 is not enabled
  58:main_cm4.c    ****    by the Cortex-M0+ in this project.
  59:main_cm4.c    **** *
  60:main_cm4.c    **** * Parameters:
  61:main_cm4.c    **** *  None
  62:main_cm4.c    **** *
  63:main_cm4.c    **** * Return:
  64:main_cm4.c    **** *  int
  65:main_cm4.c    **** *
  66:main_cm4.c    **** * Side Effects:
  67:main_cm4.c    **** *  None  
  68:main_cm4.c    **** *
  69:main_cm4.c    **** *******************************************************************************/
  70:main_cm4.c    **** int main(void)
  71:main_cm4.c    **** {
  29              		.loc 1 71 0
  30              		.cfi_startproc
  31              		@ args = 0, pretend = 0, frame = 0
  32              		@ frame_needed = 0, uses_anonymous_args = 0
  33              		@ link register save eliminated.
  72:main_cm4.c    **** }
  34              		.loc 1 72 0
  35 0000 0020     		movs	r0, #0
  36 0002 7047     		bx	lr
  37              		.cfi_endproc
  38              	.LFE543:
  39              		.size	main, .-main
  40              		.text
  41              	.Letext0:
  42              		.file 2 "c:\\program files (x86)\\cypress\\psoc creator\\4.2\\psoc creator\\import\\gnu\\arm\\5.4.
ARM GAS  C:\Users\bryan.lee\AppData\Local\Temp\ccQLDB3c.s 			page 3


  43              		.file 3 "c:\\program files (x86)\\cypress\\psoc creator\\4.2\\psoc creator\\import\\gnu\\arm\\5.4.
  44              		.file 4 "Generated_Source\\PSoC6\\pdl\\drivers/peripheral/tcpwm/cy_tcpwm_counter.h"
  45              		.file 5 "Generated_Source\\PSoC6\\pdl\\drivers/peripheral/scb/cy_scb_spi.h"
  46              		.file 6 "Generated_Source\\PSoC6\\pdl\\cmsis/include/core_cm4.h"
  47              		.file 7 "Generated_Source\\PSoC6/CY_EINK_Timer.h"
  48              		.file 8 "Generated_Source\\PSoC6/CY_EINK_SPIM.h"
  49              		.section	.debug_info,"",%progbits
  50              	.Ldebug_info0:
  51 0000 AE020000 		.4byte	0x2ae
  52 0004 0400     		.2byte	0x4
  53 0006 00000000 		.4byte	.Ldebug_abbrev0
  54 000a 04       		.byte	0x4
  55 000b 01       		.uleb128 0x1
  56 000c EE010000 		.4byte	.LASF55
  57 0010 0C       		.byte	0xc
  58 0011 6F000000 		.4byte	.LASF56
  59 0015 02030000 		.4byte	.LASF57
  60 0019 00000000 		.4byte	.Ldebug_ranges0+0
  61 001d 00000000 		.4byte	0
  62 0021 00000000 		.4byte	.Ldebug_line0
  63 0025 02       		.uleb128 0x2
  64 0026 02       		.byte	0x2
  65 0027 05       		.byte	0x5
  66 0028 F8020000 		.4byte	.LASF0
  67 002c 02       		.uleb128 0x2
  68 002d 01       		.byte	0x1
  69 002e 06       		.byte	0x6
  70 002f C5030000 		.4byte	.LASF1
  71 0033 02       		.uleb128 0x2
  72 0034 01       		.byte	0x1
  73 0035 08       		.byte	0x8
  74 0036 F6000000 		.4byte	.LASF2
  75 003a 02       		.uleb128 0x2
  76 003b 02       		.byte	0x2
  77 003c 07       		.byte	0x7
  78 003d 36010000 		.4byte	.LASF3
  79 0041 03       		.uleb128 0x3
  80 0042 56000000 		.4byte	.LASF5
  81 0046 02       		.byte	0x2
  82 0047 3F       		.byte	0x3f
  83 0048 4C000000 		.4byte	0x4c
  84 004c 02       		.uleb128 0x2
  85 004d 04       		.byte	0x4
  86 004e 05       		.byte	0x5
  87 004f B0030000 		.4byte	.LASF4
  88 0053 03       		.uleb128 0x3
  89 0054 19010000 		.4byte	.LASF6
  90 0058 02       		.byte	0x2
  91 0059 41       		.byte	0x41
  92 005a 5E000000 		.4byte	0x5e
  93 005e 02       		.uleb128 0x2
  94 005f 04       		.byte	0x4
  95 0060 07       		.byte	0x7
  96 0061 24010000 		.4byte	.LASF7
  97 0065 02       		.uleb128 0x2
  98 0066 08       		.byte	0x8
  99 0067 05       		.byte	0x5
ARM GAS  C:\Users\bryan.lee\AppData\Local\Temp\ccQLDB3c.s 			page 4


 100 0068 BB020000 		.4byte	.LASF8
 101 006c 02       		.uleb128 0x2
 102 006d 08       		.byte	0x8
 103 006e 07       		.byte	0x7
 104 006f DF000000 		.4byte	.LASF9
 105 0073 04       		.uleb128 0x4
 106 0074 04       		.byte	0x4
 107 0075 05       		.byte	0x5
 108 0076 696E7400 		.ascii	"int\000"
 109 007a 02       		.uleb128 0x2
 110 007b 04       		.byte	0x4
 111 007c 07       		.byte	0x7
 112 007d B6010000 		.4byte	.LASF10
 113 0081 03       		.uleb128 0x3
 114 0082 B5000000 		.4byte	.LASF11
 115 0086 03       		.byte	0x3
 116 0087 2C       		.byte	0x2c
 117 0088 41000000 		.4byte	0x41
 118 008c 03       		.uleb128 0x3
 119 008d A7030000 		.4byte	.LASF12
 120 0091 03       		.byte	0x3
 121 0092 30       		.byte	0x30
 122 0093 53000000 		.4byte	0x53
 123 0097 02       		.uleb128 0x2
 124 0098 04       		.byte	0x4
 125 0099 07       		.byte	0x7
 126 009a A9020000 		.4byte	.LASF13
 127 009e 05       		.uleb128 0x5
 128 009f 8C000000 		.4byte	0x8c
 129 00a3 02       		.uleb128 0x2
 130 00a4 08       		.byte	0x8
 131 00a5 04       		.byte	0x4
 132 00a6 B9030000 		.4byte	.LASF14
 133 00aa 02       		.uleb128 0x2
 134 00ab 01       		.byte	0x1
 135 00ac 08       		.byte	0x8
 136 00ad C9020000 		.4byte	.LASF15
 137 00b1 02       		.uleb128 0x2
 138 00b2 04       		.byte	0x4
 139 00b3 04       		.byte	0x4
 140 00b4 C7000000 		.4byte	.LASF16
 141 00b8 02       		.uleb128 0x2
 142 00b9 08       		.byte	0x8
 143 00ba 04       		.byte	0x4
 144 00bb 6D010000 		.4byte	.LASF17
 145 00bf 06       		.uleb128 0x6
 146 00c0 04       		.byte	0x4
 147 00c1 02       		.uleb128 0x2
 148 00c2 01       		.byte	0x1
 149 00c3 02       		.byte	0x2
 150 00c4 02040000 		.4byte	.LASF18
 151 00c8 07       		.uleb128 0x7
 152 00c9 E6030000 		.4byte	.LASF40
 153 00cd 4C       		.byte	0x4c
 154 00ce 04       		.byte	0x4
 155 00cf 2B       		.byte	0x2b
 156 00d0 B9010000 		.4byte	0x1b9
ARM GAS  C:\Users\bryan.lee\AppData\Local\Temp\ccQLDB3c.s 			page 5


 157 00d4 08       		.uleb128 0x8
 158 00d5 E7010000 		.4byte	.LASF19
 159 00d9 04       		.byte	0x4
 160 00da 2D       		.byte	0x2d
 161 00db 8C000000 		.4byte	0x8c
 162 00df 00       		.byte	0
 163 00e0 08       		.uleb128 0x8
 164 00e1 8C000000 		.4byte	.LASF20
 165 00e5 04       		.byte	0x4
 166 00e6 2F       		.byte	0x2f
 167 00e7 8C000000 		.4byte	0x8c
 168 00eb 04       		.byte	0x4
 169 00ec 08       		.uleb128 0x8
 170 00ed 96010000 		.4byte	.LASF21
 171 00f1 04       		.byte	0x4
 172 00f2 30       		.byte	0x30
 173 00f3 8C000000 		.4byte	0x8c
 174 00f7 08       		.byte	0x8
 175 00f8 08       		.uleb128 0x8
 176 00f9 98030000 		.4byte	.LASF22
 177 00fd 04       		.byte	0x4
 178 00fe 31       		.byte	0x31
 179 00ff 8C000000 		.4byte	0x8c
 180 0103 0C       		.byte	0xc
 181 0104 08       		.uleb128 0x8
 182 0105 1B000000 		.4byte	.LASF23
 183 0109 04       		.byte	0x4
 184 010a 33       		.byte	0x33
 185 010b 8C000000 		.4byte	0x8c
 186 010f 10       		.byte	0x10
 187 0110 08       		.uleb128 0x8
 188 0111 7A000000 		.4byte	.LASF24
 189 0115 04       		.byte	0x4
 190 0116 34       		.byte	0x34
 191 0117 8C000000 		.4byte	0x8c
 192 011b 14       		.byte	0x14
 193 011c 08       		.uleb128 0x8
 194 011d 83000000 		.4byte	.LASF25
 195 0121 04       		.byte	0x4
 196 0122 35       		.byte	0x35
 197 0123 8C000000 		.4byte	0x8c
 198 0127 18       		.byte	0x18
 199 0128 08       		.uleb128 0x8
 200 0129 CD000000 		.4byte	.LASF26
 201 012d 04       		.byte	0x4
 202 012e 36       		.byte	0x36
 203 012f C1000000 		.4byte	0xc1
 204 0133 1C       		.byte	0x1c
 205 0134 08       		.uleb128 0x8
 206 0135 36000000 		.4byte	.LASF27
 207 0139 04       		.byte	0x4
 208 013a 38       		.byte	0x38
 209 013b 8C000000 		.4byte	0x8c
 210 013f 20       		.byte	0x20
 211 0140 08       		.uleb128 0x8
 212 0141 CE020000 		.4byte	.LASF28
 213 0145 04       		.byte	0x4
ARM GAS  C:\Users\bryan.lee\AppData\Local\Temp\ccQLDB3c.s 			page 6


 214 0146 39       		.byte	0x39
 215 0147 8C000000 		.4byte	0x8c
 216 014b 24       		.byte	0x24
 217 014c 08       		.uleb128 0x8
 218 014d 0E000000 		.4byte	.LASF29
 219 0151 04       		.byte	0x4
 220 0152 3B       		.byte	0x3b
 221 0153 8C000000 		.4byte	0x8c
 222 0157 28       		.byte	0x28
 223 0158 08       		.uleb128 0x8
 224 0159 DF020000 		.4byte	.LASF30
 225 015d 04       		.byte	0x4
 226 015e 3C       		.byte	0x3c
 227 015f 8C000000 		.4byte	0x8c
 228 0163 2C       		.byte	0x2c
 229 0164 08       		.uleb128 0x8
 230 0165 8C030000 		.4byte	.LASF31
 231 0169 04       		.byte	0x4
 232 016a 3E       		.byte	0x3e
 233 016b 8C000000 		.4byte	0x8c
 234 016f 30       		.byte	0x30
 235 0170 08       		.uleb128 0x8
 236 0171 60000000 		.4byte	.LASF32
 237 0175 04       		.byte	0x4
 238 0176 3F       		.byte	0x3f
 239 0177 8C000000 		.4byte	0x8c
 240 017b 34       		.byte	0x34
 241 017c 08       		.uleb128 0x8
 242 017d 62010000 		.4byte	.LASF33
 243 0181 04       		.byte	0x4
 244 0182 41       		.byte	0x41
 245 0183 8C000000 		.4byte	0x8c
 246 0187 38       		.byte	0x38
 247 0188 08       		.uleb128 0x8
 248 0189 00000000 		.4byte	.LASF34
 249 018d 04       		.byte	0x4
 250 018e 42       		.byte	0x42
 251 018f 8C000000 		.4byte	0x8c
 252 0193 3C       		.byte	0x3c
 253 0194 08       		.uleb128 0x8
 254 0195 A2000000 		.4byte	.LASF35
 255 0199 04       		.byte	0x4
 256 019a 44       		.byte	0x44
 257 019b 8C000000 		.4byte	0x8c
 258 019f 40       		.byte	0x40
 259 01a0 08       		.uleb128 0x8
 260 01a1 47000000 		.4byte	.LASF36
 261 01a5 04       		.byte	0x4
 262 01a6 45       		.byte	0x45
 263 01a7 8C000000 		.4byte	0x8c
 264 01ab 44       		.byte	0x44
 265 01ac 08       		.uleb128 0x8
 266 01ad AB010000 		.4byte	.LASF37
 267 01b1 04       		.byte	0x4
 268 01b2 47       		.byte	0x47
 269 01b3 8C000000 		.4byte	0x8c
 270 01b7 48       		.byte	0x48
ARM GAS  C:\Users\bryan.lee\AppData\Local\Temp\ccQLDB3c.s 			page 7


 271 01b8 00       		.byte	0
 272 01b9 03       		.uleb128 0x3
 273 01ba 08040000 		.4byte	.LASF38
 274 01be 04       		.byte	0x4
 275 01bf 48       		.byte	0x48
 276 01c0 C8000000 		.4byte	0xc8
 277 01c4 09       		.uleb128 0x9
 278 01c5 04       		.byte	0x4
 279 01c6 CA010000 		.4byte	0x1ca
 280 01ca 0A       		.uleb128 0xa
 281 01cb D5010000 		.4byte	0x1d5
 282 01cf 0B       		.uleb128 0xb
 283 01d0 8C000000 		.4byte	0x8c
 284 01d4 00       		.byte	0
 285 01d5 0C       		.uleb128 0xc
 286 01d6 C3010000 		.4byte	.LASF39
 287 01da 05       		.byte	0x5
 288 01db BF01     		.2byte	0x1bf
 289 01dd C4010000 		.4byte	0x1c4
 290 01e1 0D       		.uleb128 0xd
 291 01e2 7F010000 		.4byte	.LASF41
 292 01e6 24       		.byte	0x24
 293 01e7 05       		.byte	0x5
 294 01e8 4102     		.2byte	0x241
 295 01ea 64020000 		.4byte	0x264
 296 01ee 0E       		.uleb128 0xe
 297 01ef 9B000000 		.4byte	.LASF42
 298 01f3 05       		.byte	0x5
 299 01f4 4402     		.2byte	0x244
 300 01f6 9E000000 		.4byte	0x9e
 301 01fa 00       		.byte	0
 302 01fb 0E       		.uleb128 0xe
 303 01fc 74010000 		.4byte	.LASF43
 304 0200 05       		.byte	0x5
 305 0201 4602     		.2byte	0x246
 306 0203 BF000000 		.4byte	0xbf
 307 0207 04       		.byte	0x4
 308 0208 0E       		.uleb128 0xe
 309 0209 2C000000 		.4byte	.LASF44
 310 020d 05       		.byte	0x5
 311 020e 4702     		.2byte	0x247
 312 0210 8C000000 		.4byte	0x8c
 313 0214 08       		.byte	0x8
 314 0215 0E       		.uleb128 0xe
 315 0216 B2020000 		.4byte	.LASF45
 316 021a 05       		.byte	0x5
 317 021b 4802     		.2byte	0x248
 318 021d 9E000000 		.4byte	0x9e
 319 0221 0C       		.byte	0xc
 320 0222 0E       		.uleb128 0xe
 321 0223 E1010000 		.4byte	.LASF46
 322 0227 05       		.byte	0x5
 323 0228 4A02     		.2byte	0x24a
 324 022a BF000000 		.4byte	0xbf
 325 022e 10       		.byte	0x10
 326 022f 0E       		.uleb128 0xe
 327 0230 BD000000 		.4byte	.LASF47
ARM GAS  C:\Users\bryan.lee\AppData\Local\Temp\ccQLDB3c.s 			page 8


 328 0234 05       		.byte	0x5
 329 0235 4B02     		.2byte	0x24b
 330 0237 8C000000 		.4byte	0x8c
 331 023b 14       		.byte	0x14
 332 023c 0E       		.uleb128 0xe
 333 023d AC000000 		.4byte	.LASF48
 334 0241 05       		.byte	0x5
 335 0242 4C02     		.2byte	0x24c
 336 0244 9E000000 		.4byte	0x9e
 337 0248 18       		.byte	0x18
 338 0249 0E       		.uleb128 0xe
 339 024a EF020000 		.4byte	.LASF49
 340 024e 05       		.byte	0x5
 341 024f 5202     		.2byte	0x252
 342 0251 D5010000 		.4byte	0x1d5
 343 0255 1C       		.byte	0x1c
 344 0256 0E       		.uleb128 0xe
 345 0257 A1020000 		.4byte	.LASF50
 346 025b 05       		.byte	0x5
 347 025c 5502     		.2byte	0x255
 348 025e 8C000000 		.4byte	0x8c
 349 0262 20       		.byte	0x20
 350 0263 00       		.byte	0
 351 0264 0C       		.uleb128 0xc
 352 0265 49010000 		.4byte	.LASF51
 353 0269 05       		.byte	0x5
 354 026a 5802     		.2byte	0x258
 355 026c E1010000 		.4byte	0x1e1
 356 0270 0F       		.uleb128 0xf
 357 0271 7A010000 		.4byte	.LASF58
 358 0275 01       		.byte	0x1
 359 0276 46       		.byte	0x46
 360 0277 73000000 		.4byte	0x73
 361 027b 00000000 		.4byte	.LFB543
 362 027f 04000000 		.4byte	.LFE543-.LFB543
 363 0283 01       		.uleb128 0x1
 364 0284 9C       		.byte	0x9c
 365 0285 10       		.uleb128 0x10
 366 0286 9E010000 		.4byte	.LASF52
 367 028a 06       		.byte	0x6
 368 028b EA07     		.2byte	0x7ea
 369 028d 91020000 		.4byte	0x291
 370 0291 05       		.uleb128 0x5
 371 0292 81000000 		.4byte	0x81
 372 0296 11       		.uleb128 0x11
 373 0297 D1030000 		.4byte	.LASF53
 374 029b 07       		.byte	0x7
 375 029c 1F       		.byte	0x1f
 376 029d A1020000 		.4byte	0x2a1
 377 02a1 12       		.uleb128 0x12
 378 02a2 B9010000 		.4byte	0x1b9
 379 02a6 11       		.uleb128 0x11
 380 02a7 04010000 		.4byte	.LASF54
 381 02ab 08       		.byte	0x8
 382 02ac 5E       		.byte	0x5e
 383 02ad 64020000 		.4byte	0x264
 384 02b1 00       		.byte	0
ARM GAS  C:\Users\bryan.lee\AppData\Local\Temp\ccQLDB3c.s 			page 9


 385              		.section	.debug_abbrev,"",%progbits
 386              	.Ldebug_abbrev0:
 387 0000 01       		.uleb128 0x1
 388 0001 11       		.uleb128 0x11
 389 0002 01       		.byte	0x1
 390 0003 25       		.uleb128 0x25
 391 0004 0E       		.uleb128 0xe
 392 0005 13       		.uleb128 0x13
 393 0006 0B       		.uleb128 0xb
 394 0007 03       		.uleb128 0x3
 395 0008 0E       		.uleb128 0xe
 396 0009 1B       		.uleb128 0x1b
 397 000a 0E       		.uleb128 0xe
 398 000b 55       		.uleb128 0x55
 399 000c 17       		.uleb128 0x17
 400 000d 11       		.uleb128 0x11
 401 000e 01       		.uleb128 0x1
 402 000f 10       		.uleb128 0x10
 403 0010 17       		.uleb128 0x17
 404 0011 00       		.byte	0
 405 0012 00       		.byte	0
 406 0013 02       		.uleb128 0x2
 407 0014 24       		.uleb128 0x24
 408 0015 00       		.byte	0
 409 0016 0B       		.uleb128 0xb
 410 0017 0B       		.uleb128 0xb
 411 0018 3E       		.uleb128 0x3e
 412 0019 0B       		.uleb128 0xb
 413 001a 03       		.uleb128 0x3
 414 001b 0E       		.uleb128 0xe
 415 001c 00       		.byte	0
 416 001d 00       		.byte	0
 417 001e 03       		.uleb128 0x3
 418 001f 16       		.uleb128 0x16
 419 0020 00       		.byte	0
 420 0021 03       		.uleb128 0x3
 421 0022 0E       		.uleb128 0xe
 422 0023 3A       		.uleb128 0x3a
 423 0024 0B       		.uleb128 0xb
 424 0025 3B       		.uleb128 0x3b
 425 0026 0B       		.uleb128 0xb
 426 0027 49       		.uleb128 0x49
 427 0028 13       		.uleb128 0x13
 428 0029 00       		.byte	0
 429 002a 00       		.byte	0
 430 002b 04       		.uleb128 0x4
 431 002c 24       		.uleb128 0x24
 432 002d 00       		.byte	0
 433 002e 0B       		.uleb128 0xb
 434 002f 0B       		.uleb128 0xb
 435 0030 3E       		.uleb128 0x3e
 436 0031 0B       		.uleb128 0xb
 437 0032 03       		.uleb128 0x3
 438 0033 08       		.uleb128 0x8
 439 0034 00       		.byte	0
 440 0035 00       		.byte	0
 441 0036 05       		.uleb128 0x5
ARM GAS  C:\Users\bryan.lee\AppData\Local\Temp\ccQLDB3c.s 			page 10


 442 0037 35       		.uleb128 0x35
 443 0038 00       		.byte	0
 444 0039 49       		.uleb128 0x49
 445 003a 13       		.uleb128 0x13
 446 003b 00       		.byte	0
 447 003c 00       		.byte	0
 448 003d 06       		.uleb128 0x6
 449 003e 0F       		.uleb128 0xf
 450 003f 00       		.byte	0
 451 0040 0B       		.uleb128 0xb
 452 0041 0B       		.uleb128 0xb
 453 0042 00       		.byte	0
 454 0043 00       		.byte	0
 455 0044 07       		.uleb128 0x7
 456 0045 13       		.uleb128 0x13
 457 0046 01       		.byte	0x1
 458 0047 03       		.uleb128 0x3
 459 0048 0E       		.uleb128 0xe
 460 0049 0B       		.uleb128 0xb
 461 004a 0B       		.uleb128 0xb
 462 004b 3A       		.uleb128 0x3a
 463 004c 0B       		.uleb128 0xb
 464 004d 3B       		.uleb128 0x3b
 465 004e 0B       		.uleb128 0xb
 466 004f 01       		.uleb128 0x1
 467 0050 13       		.uleb128 0x13
 468 0051 00       		.byte	0
 469 0052 00       		.byte	0
 470 0053 08       		.uleb128 0x8
 471 0054 0D       		.uleb128 0xd
 472 0055 00       		.byte	0
 473 0056 03       		.uleb128 0x3
 474 0057 0E       		.uleb128 0xe
 475 0058 3A       		.uleb128 0x3a
 476 0059 0B       		.uleb128 0xb
 477 005a 3B       		.uleb128 0x3b
 478 005b 0B       		.uleb128 0xb
 479 005c 49       		.uleb128 0x49
 480 005d 13       		.uleb128 0x13
 481 005e 38       		.uleb128 0x38
 482 005f 0B       		.uleb128 0xb
 483 0060 00       		.byte	0
 484 0061 00       		.byte	0
 485 0062 09       		.uleb128 0x9
 486 0063 0F       		.uleb128 0xf
 487 0064 00       		.byte	0
 488 0065 0B       		.uleb128 0xb
 489 0066 0B       		.uleb128 0xb
 490 0067 49       		.uleb128 0x49
 491 0068 13       		.uleb128 0x13
 492 0069 00       		.byte	0
 493 006a 00       		.byte	0
 494 006b 0A       		.uleb128 0xa
 495 006c 15       		.uleb128 0x15
 496 006d 01       		.byte	0x1
 497 006e 27       		.uleb128 0x27
 498 006f 19       		.uleb128 0x19
ARM GAS  C:\Users\bryan.lee\AppData\Local\Temp\ccQLDB3c.s 			page 11


 499 0070 01       		.uleb128 0x1
 500 0071 13       		.uleb128 0x13
 501 0072 00       		.byte	0
 502 0073 00       		.byte	0
 503 0074 0B       		.uleb128 0xb
 504 0075 05       		.uleb128 0x5
 505 0076 00       		.byte	0
 506 0077 49       		.uleb128 0x49
 507 0078 13       		.uleb128 0x13
 508 0079 00       		.byte	0
 509 007a 00       		.byte	0
 510 007b 0C       		.uleb128 0xc
 511 007c 16       		.uleb128 0x16
 512 007d 00       		.byte	0
 513 007e 03       		.uleb128 0x3
 514 007f 0E       		.uleb128 0xe
 515 0080 3A       		.uleb128 0x3a
 516 0081 0B       		.uleb128 0xb
 517 0082 3B       		.uleb128 0x3b
 518 0083 05       		.uleb128 0x5
 519 0084 49       		.uleb128 0x49
 520 0085 13       		.uleb128 0x13
 521 0086 00       		.byte	0
 522 0087 00       		.byte	0
 523 0088 0D       		.uleb128 0xd
 524 0089 13       		.uleb128 0x13
 525 008a 01       		.byte	0x1
 526 008b 03       		.uleb128 0x3
 527 008c 0E       		.uleb128 0xe
 528 008d 0B       		.uleb128 0xb
 529 008e 0B       		.uleb128 0xb
 530 008f 3A       		.uleb128 0x3a
 531 0090 0B       		.uleb128 0xb
 532 0091 3B       		.uleb128 0x3b
 533 0092 05       		.uleb128 0x5
 534 0093 01       		.uleb128 0x1
 535 0094 13       		.uleb128 0x13
 536 0095 00       		.byte	0
 537 0096 00       		.byte	0
 538 0097 0E       		.uleb128 0xe
 539 0098 0D       		.uleb128 0xd
 540 0099 00       		.byte	0
 541 009a 03       		.uleb128 0x3
 542 009b 0E       		.uleb128 0xe
 543 009c 3A       		.uleb128 0x3a
 544 009d 0B       		.uleb128 0xb
 545 009e 3B       		.uleb128 0x3b
 546 009f 05       		.uleb128 0x5
 547 00a0 49       		.uleb128 0x49
 548 00a1 13       		.uleb128 0x13
 549 00a2 38       		.uleb128 0x38
 550 00a3 0B       		.uleb128 0xb
 551 00a4 00       		.byte	0
 552 00a5 00       		.byte	0
 553 00a6 0F       		.uleb128 0xf
 554 00a7 2E       		.uleb128 0x2e
 555 00a8 00       		.byte	0
ARM GAS  C:\Users\bryan.lee\AppData\Local\Temp\ccQLDB3c.s 			page 12


 556 00a9 3F       		.uleb128 0x3f
 557 00aa 19       		.uleb128 0x19
 558 00ab 03       		.uleb128 0x3
 559 00ac 0E       		.uleb128 0xe
 560 00ad 3A       		.uleb128 0x3a
 561 00ae 0B       		.uleb128 0xb
 562 00af 3B       		.uleb128 0x3b
 563 00b0 0B       		.uleb128 0xb
 564 00b1 27       		.uleb128 0x27
 565 00b2 19       		.uleb128 0x19
 566 00b3 49       		.uleb128 0x49
 567 00b4 13       		.uleb128 0x13
 568 00b5 11       		.uleb128 0x11
 569 00b6 01       		.uleb128 0x1
 570 00b7 12       		.uleb128 0x12
 571 00b8 06       		.uleb128 0x6
 572 00b9 40       		.uleb128 0x40
 573 00ba 18       		.uleb128 0x18
 574 00bb 9742     		.uleb128 0x2117
 575 00bd 19       		.uleb128 0x19
 576 00be 00       		.byte	0
 577 00bf 00       		.byte	0
 578 00c0 10       		.uleb128 0x10
 579 00c1 34       		.uleb128 0x34
 580 00c2 00       		.byte	0
 581 00c3 03       		.uleb128 0x3
 582 00c4 0E       		.uleb128 0xe
 583 00c5 3A       		.uleb128 0x3a
 584 00c6 0B       		.uleb128 0xb
 585 00c7 3B       		.uleb128 0x3b
 586 00c8 05       		.uleb128 0x5
 587 00c9 49       		.uleb128 0x49
 588 00ca 13       		.uleb128 0x13
 589 00cb 3F       		.uleb128 0x3f
 590 00cc 19       		.uleb128 0x19
 591 00cd 3C       		.uleb128 0x3c
 592 00ce 19       		.uleb128 0x19
 593 00cf 00       		.byte	0
 594 00d0 00       		.byte	0
 595 00d1 11       		.uleb128 0x11
 596 00d2 34       		.uleb128 0x34
 597 00d3 00       		.byte	0
 598 00d4 03       		.uleb128 0x3
 599 00d5 0E       		.uleb128 0xe
 600 00d6 3A       		.uleb128 0x3a
 601 00d7 0B       		.uleb128 0xb
 602 00d8 3B       		.uleb128 0x3b
 603 00d9 0B       		.uleb128 0xb
 604 00da 49       		.uleb128 0x49
 605 00db 13       		.uleb128 0x13
 606 00dc 3F       		.uleb128 0x3f
 607 00dd 19       		.uleb128 0x19
 608 00de 3C       		.uleb128 0x3c
 609 00df 19       		.uleb128 0x19
 610 00e0 00       		.byte	0
 611 00e1 00       		.byte	0
 612 00e2 12       		.uleb128 0x12
ARM GAS  C:\Users\bryan.lee\AppData\Local\Temp\ccQLDB3c.s 			page 13


 613 00e3 26       		.uleb128 0x26
 614 00e4 00       		.byte	0
 615 00e5 49       		.uleb128 0x49
 616 00e6 13       		.uleb128 0x13
 617 00e7 00       		.byte	0
 618 00e8 00       		.byte	0
 619 00e9 00       		.byte	0
 620              		.section	.debug_aranges,"",%progbits
 621 0000 1C000000 		.4byte	0x1c
 622 0004 0200     		.2byte	0x2
 623 0006 00000000 		.4byte	.Ldebug_info0
 624 000a 04       		.byte	0x4
 625 000b 00       		.byte	0
 626 000c 0000     		.2byte	0
 627 000e 0000     		.2byte	0
 628 0010 00000000 		.4byte	.LFB543
 629 0014 04000000 		.4byte	.LFE543-.LFB543
 630 0018 00000000 		.4byte	0
 631 001c 00000000 		.4byte	0
 632              		.section	.debug_ranges,"",%progbits
 633              	.Ldebug_ranges0:
 634 0000 00000000 		.4byte	.LFB543
 635 0004 04000000 		.4byte	.LFE543
 636 0008 00000000 		.4byte	0
 637 000c 00000000 		.4byte	0
 638              		.section	.debug_line,"",%progbits
 639              	.Ldebug_line0:
 640 0000 34020000 		.section	.debug_str,"MS",%progbits,1
 640      02001D02 
 640      00000201 
 640      FB0E0D00 
 640      01010101 
 641              	.LASF34:
 642 0000 73746F70 		.ascii	"stopInputMode\000"
 642      496E7075 
 642      744D6F64 
 642      6500
 643              	.LASF29:
 644 000e 63617074 		.ascii	"captureInput\000"
 644      75726549 
 644      6E707574 
 644      00
 645              	.LASF23:
 646 001b 636F6D70 		.ascii	"compareOrCapture\000"
 646      6172654F 
 646      72436170 
 646      74757265 
 646      00
 647              	.LASF44:
 648 002c 72784275 		.ascii	"rxBufSize\000"
 648      6653697A 
 648      6500
 649              	.LASF27:
 650 0036 696E7465 		.ascii	"interruptSources\000"
 650      72727570 
 650      74536F75 
 650      72636573 
ARM GAS  C:\Users\bryan.lee\AppData\Local\Temp\ccQLDB3c.s 			page 14


 650      00
 651              	.LASF36:
 652 0047 636F756E 		.ascii	"countInputMode\000"
 652      74496E70 
 652      75744D6F 
 652      646500
 653              	.LASF5:
 654 0056 5F5F696E 		.ascii	"__int32_t\000"
 654      7433325F 
 654      7400
 655              	.LASF32:
 656 0060 73746172 		.ascii	"startInputMode\000"
 656      74496E70 
 656      75744D6F 
 656      646500
 657              	.LASF56:
 658 006f 6D61696E 		.ascii	"main_cm4.c\000"
 658      5F636D34 
 658      2E6300
 659              	.LASF24:
 660 007a 636F6D70 		.ascii	"compare0\000"
 660      61726530 
 660      00
 661              	.LASF25:
 662 0083 636F6D70 		.ascii	"compare1\000"
 662      61726531 
 662      00
 663              	.LASF20:
 664 008c 636C6F63 		.ascii	"clockPrescaler\000"
 664      6B507265 
 664      7363616C 
 664      657200
 665              	.LASF42:
 666 009b 73746174 		.ascii	"status\000"
 666      757300
 667              	.LASF35:
 668 00a2 73746F70 		.ascii	"stopInput\000"
 668      496E7075 
 668      7400
 669              	.LASF48:
 670 00ac 74784275 		.ascii	"txBufIdx\000"
 670      66496478 
 670      00
 671              	.LASF11:
 672 00b5 696E7433 		.ascii	"int32_t\000"
 672      325F7400 
 673              	.LASF47:
 674 00bd 74784275 		.ascii	"txBufSize\000"
 674      6653697A 
 674      6500
 675              	.LASF16:
 676 00c7 666C6F61 		.ascii	"float\000"
 676      7400
 677              	.LASF26:
 678 00cd 656E6162 		.ascii	"enableCompareSwap\000"
 678      6C65436F 
 678      6D706172 
ARM GAS  C:\Users\bryan.lee\AppData\Local\Temp\ccQLDB3c.s 			page 15


 678      65537761 
 678      7000
 679              	.LASF9:
 680 00df 6C6F6E67 		.ascii	"long long unsigned int\000"
 680      206C6F6E 
 680      6720756E 
 680      7369676E 
 680      65642069 
 681              	.LASF2:
 682 00f6 756E7369 		.ascii	"unsigned char\000"
 682      676E6564 
 682      20636861 
 682      7200
 683              	.LASF54:
 684 0104 43595F45 		.ascii	"CY_EINK_SPIM_context\000"
 684      494E4B5F 
 684      5350494D 
 684      5F636F6E 
 684      74657874 
 685              	.LASF6:
 686 0119 5F5F7569 		.ascii	"__uint32_t\000"
 686      6E743332 
 686      5F7400
 687              	.LASF7:
 688 0124 6C6F6E67 		.ascii	"long unsigned int\000"
 688      20756E73 
 688      69676E65 
 688      6420696E 
 688      7400
 689              	.LASF3:
 690 0136 73686F72 		.ascii	"short unsigned int\000"
 690      7420756E 
 690      7369676E 
 690      65642069 
 690      6E7400
 691              	.LASF51:
 692 0149 63795F73 		.ascii	"cy_stc_scb_spi_context_t\000"
 692      74635F73 
 692      63625F73 
 692      70695F63 
 692      6F6E7465 
 693              	.LASF33:
 694 0162 73746172 		.ascii	"startInput\000"
 694      74496E70 
 694      757400
 695              	.LASF17:
 696 016d 646F7562 		.ascii	"double\000"
 696      6C6500
 697              	.LASF43:
 698 0174 72784275 		.ascii	"rxBuf\000"
 698      6600
 699              	.LASF58:
 700 017a 6D61696E 		.ascii	"main\000"
 700      00
 701              	.LASF41:
 702 017f 63795F73 		.ascii	"cy_stc_scb_spi_context\000"
 702      74635F73 
ARM GAS  C:\Users\bryan.lee\AppData\Local\Temp\ccQLDB3c.s 			page 16


 702      63625F73 
 702      70695F63 
 702      6F6E7465 
 703              	.LASF21:
 704 0196 72756E4D 		.ascii	"runMode\000"
 704      6F646500 
 705              	.LASF52:
 706 019e 49544D5F 		.ascii	"ITM_RxBuffer\000"
 706      52784275 
 706      66666572 
 706      00
 707              	.LASF37:
 708 01ab 636F756E 		.ascii	"countInput\000"
 708      74496E70 
 708      757400
 709              	.LASF10:
 710 01b6 756E7369 		.ascii	"unsigned int\000"
 710      676E6564 
 710      20696E74 
 710      00
 711              	.LASF39:
 712 01c3 63795F63 		.ascii	"cy_cb_scb_spi_handle_events_t\000"
 712      625F7363 
 712      625F7370 
 712      695F6861 
 712      6E646C65 
 713              	.LASF46:
 714 01e1 74784275 		.ascii	"txBuf\000"
 714      6600
 715              	.LASF19:
 716 01e7 70657269 		.ascii	"period\000"
 716      6F6400
 717              	.LASF55:
 718 01ee 474E5520 		.ascii	"GNU C11 5.4.1 20160609 (release) [ARM/embedded-5-br"
 718      43313120 
 718      352E342E 
 718      31203230 
 718      31363036 
 719 0221 616E6368 		.ascii	"anch revision 237715] -mcpu=cortex-m4 -mfloat-abi=s"
 719      20726576 
 719      6973696F 
 719      6E203233 
 719      37373135 
 720 0254 6F667466 		.ascii	"oftfp -mfpu=fpv4-sp-d16 -mthumb -g -Og -ffunction-s"
 720      70202D6D 
 720      6670753D 
 720      66707634 
 720      2D73702D 
 721 0287 65637469 		.ascii	"ections -ffat-lto-objects\000"
 721      6F6E7320 
 721      2D666661 
 721      742D6C74 
 721      6F2D6F62 
 722              	.LASF50:
 723 02a1 696E6974 		.ascii	"initKey\000"
 723      4B657900 
 724              	.LASF13:
ARM GAS  C:\Users\bryan.lee\AppData\Local\Temp\ccQLDB3c.s 			page 17


 725 02a9 73697A65 		.ascii	"sizetype\000"
 725      74797065 
 725      00
 726              	.LASF45:
 727 02b2 72784275 		.ascii	"rxBufIdx\000"
 727      66496478 
 727      00
 728              	.LASF8:
 729 02bb 6C6F6E67 		.ascii	"long long int\000"
 729      206C6F6E 
 729      6720696E 
 729      7400
 730              	.LASF15:
 731 02c9 63686172 		.ascii	"char\000"
 731      00
 732              	.LASF28:
 733 02ce 63617074 		.ascii	"captureInputMode\000"
 733      75726549 
 733      6E707574 
 733      4D6F6465 
 733      00
 734              	.LASF30:
 735 02df 72656C6F 		.ascii	"reloadInputMode\000"
 735      6164496E 
 735      7075744D 
 735      6F646500 
 736              	.LASF49:
 737 02ef 63624576 		.ascii	"cbEvents\000"
 737      656E7473 
 737      00
 738              	.LASF0:
 739 02f8 73686F72 		.ascii	"short int\000"
 739      7420696E 
 739      7400
 740              	.LASF57:
 741 0302 433A5C55 		.ascii	"C:\\Users\\bryan.lee\\Desktop\\PSoC-6-MCU-Pioneer-K"
 741      73657273 
 741      5C627279 
 741      616E2E6C 
 741      65655C44 
 742 0331 6974732D 		.ascii	"its-master\\CY8CKIT-062-BLE Pioneer Kit\\CE218133_E"
 742      6D617374 
 742      65725C43 
 742      5938434B 
 742      49542D30 
 743 0362 494E4B5F 		.ascii	"INK_CapSense\\CE218133_EINK_CapSense.cydsn\000"
 743      43617053 
 743      656E7365 
 743      5C434532 
 743      31383133 
 744              	.LASF31:
 745 038c 72656C6F 		.ascii	"reloadInput\000"
 745      6164496E 
 745      70757400 
 746              	.LASF22:
 747 0398 636F756E 		.ascii	"countDirection\000"
 747      74446972 
ARM GAS  C:\Users\bryan.lee\AppData\Local\Temp\ccQLDB3c.s 			page 18


 747      65637469 
 747      6F6E00
 748              	.LASF12:
 749 03a7 75696E74 		.ascii	"uint32_t\000"
 749      33325F74 
 749      00
 750              	.LASF4:
 751 03b0 6C6F6E67 		.ascii	"long int\000"
 751      20696E74 
 751      00
 752              	.LASF14:
 753 03b9 6C6F6E67 		.ascii	"long double\000"
 753      20646F75 
 753      626C6500 
 754              	.LASF1:
 755 03c5 7369676E 		.ascii	"signed char\000"
 755      65642063 
 755      68617200 
 756              	.LASF53:
 757 03d1 43595F45 		.ascii	"CY_EINK_Timer_config\000"
 757      494E4B5F 
 757      54696D65 
 757      725F636F 
 757      6E666967 
 758              	.LASF40:
 759 03e6 63795F73 		.ascii	"cy_stc_tcpwm_counter_config\000"
 759      74635F74 
 759      6370776D 
 759      5F636F75 
 759      6E746572 
 760              	.LASF18:
 761 0402 5F426F6F 		.ascii	"_Bool\000"
 761      6C00
 762              	.LASF38:
 763 0408 63795F73 		.ascii	"cy_stc_tcpwm_counter_config_t\000"
 763      74635F74 
 763      6370776D 
 763      5F636F75 
 763      6E746572 
 764              		.ident	"GCC: (GNU Tools for ARM Embedded Processors) 5.4.1 20160609 (release) [ARM/embedded-5-bran
