ARM GAS  C:\Users\bryan.lee\AppData\Local\Temp\cc7jYHNB.s 			page 1


   1              		.syntax unified
   2              		.cpu cortex-m0
   3              		.fpu softvfp
   4              		.eabi_attribute 20, 1
   5              		.eabi_attribute 21, 1
   6              		.eabi_attribute 23, 3
   7              		.eabi_attribute 24, 1
   8              		.eabi_attribute 25, 1
   9              		.eabi_attribute 26, 1
  10              		.eabi_attribute 30, 1
  11              		.eabi_attribute 34, 0
  12              		.eabi_attribute 18, 4
  13              		.thumb
  14              		.syntax unified
  15              		.file	"main.c"
  16              		.text
  17              	.Ltext0:
  18              		.cfi_sections	.debug_frame
  19              		.section	.text.main,"ax",%progbits
  20              		.align	2
  21              		.global	main
  22              		.code	16
  23              		.thumb_func
  24              		.type	main, %function
  25              	main:
  26              	.LFB35:
  27              		.file 1 "main.c"
   1:main.c        **** /* ========================================
   2:main.c        ****  *
   3:main.c        ****  * Copyright YOUR COMPANY, THE YEAR
   4:main.c        ****  * All Rights Reserved
   5:main.c        ****  * UNPUBLISHED, LICENSED SOFTWARE.
   6:main.c        ****  *
   7:main.c        ****  * CONFIDENTIAL AND PROPRIETARY INFORMATION
   8:main.c        ****  * WHICH IS THE PROPERTY OF your company.
   9:main.c        ****  *
  10:main.c        ****  * ========================================
  11:main.c        **** */
  12:main.c        **** #include "project.h"
  13:main.c        **** 
  14:main.c        **** 
  15:main.c        **** 
  16:main.c        **** int main(void)
  17:main.c        **** {
  28              		.loc 1 17 0
  29              		.cfi_startproc
  30              		@ Volatile: function does not return.
  31              		@ args = 0, pretend = 0, frame = 0
  32              		@ frame_needed = 0, uses_anonymous_args = 0
  33 0000 10B5     		push	{r4, lr}
  34              		.cfi_def_cfa_offset 8
  35              		.cfi_offset 4, -8
  36              		.cfi_offset 14, -4
  18:main.c        ****    
  19:main.c        ****     CyGlobalIntEnable; /* Enable global interrupts. */
  37              		.loc 1 19 0
  38              		.syntax divided
ARM GAS  C:\Users\bryan.lee\AppData\Local\Temp\cc7jYHNB.s 			page 2


  39              	@ 19 "main.c" 1
  40 0002 62B6     		CPSIE   i
  41              	@ 0 "" 2
  20:main.c        ****     
  21:main.c        ****     PWM_Start();
  42              		.loc 1 21 0
  43              		.thumb
  44              		.syntax unified
  45 0004 FFF7FEFF 		bl	PWM_Start
  46              	.LVL0:
  47              	.L2:
  22:main.c        ****     
  23:main.c        ****     /* Place your initialization/startup code here (e.g. MyInst_Start()) */
  24:main.c        **** 
  25:main.c        ****     for(;;)
  26:main.c        ****     {
  27:main.c        ****         PWM_WriteCompare(500);
  48              		.loc 1 27 0 discriminator 1
  49 0008 FA20     		movs	r0, #250
  50 000a 4000     		lsls	r0, r0, #1
  51 000c FFF7FEFF 		bl	PWM_WriteCompare
  52              	.LVL1:
  28:main.c        ****         CyDelay(1000);
  53              		.loc 1 28 0 discriminator 1
  54 0010 FA24     		movs	r4, #250
  55 0012 A400     		lsls	r4, r4, #2
  56 0014 2000     		movs	r0, r4
  57 0016 FFF7FEFF 		bl	CyDelay
  58              	.LVL2:
  29:main.c        ****         PWM_WriteCompare(9500);
  59              		.loc 1 29 0 discriminator 1
  60 001a 0348     		ldr	r0, .L3
  61 001c FFF7FEFF 		bl	PWM_WriteCompare
  62              	.LVL3:
  30:main.c        ****         CyDelay(1000);
  63              		.loc 1 30 0 discriminator 1
  64 0020 2000     		movs	r0, r4
  65 0022 FFF7FEFF 		bl	CyDelay
  66              	.LVL4:
  67 0026 EFE7     		b	.L2
  68              	.L4:
  69              		.align	2
  70              	.L3:
  71 0028 1C250000 		.word	9500
  72              		.cfi_endproc
  73              	.LFE35:
  74              		.size	main, .-main
  75              		.text
  76              	.Letext0:
  77              		.file 2 "Generated_Source\\PSoC4/PWM.h"
  78              		.file 3 "Generated_Source\\PSoC4/CyLib.h"
  79              		.section	.debug_info,"",%progbits
  80              	.Ldebug_info0:
  81 0000 1F010000 		.4byte	0x11f
  82 0004 0400     		.2byte	0x4
  83 0006 00000000 		.4byte	.Ldebug_abbrev0
  84 000a 04       		.byte	0x4
ARM GAS  C:\Users\bryan.lee\AppData\Local\Temp\cc7jYHNB.s 			page 3


  85 000b 01       		.uleb128 0x1
  86 000c D8000000 		.4byte	.LASF17
  87 0010 0C       		.byte	0xc
  88 0011 1B000000 		.4byte	.LASF18
  89 0015 22000000 		.4byte	.LASF19
  90 0019 00000000 		.4byte	.Ldebug_ranges0+0
  91 001d 00000000 		.4byte	0
  92 0021 00000000 		.4byte	.Ldebug_line0
  93 0025 02       		.uleb128 0x2
  94 0026 01       		.byte	0x1
  95 0027 06       		.byte	0x6
  96 0028 79010000 		.4byte	.LASF0
  97 002c 02       		.uleb128 0x2
  98 002d 01       		.byte	0x1
  99 002e 08       		.byte	0x8
 100 002f B5000000 		.4byte	.LASF1
 101 0033 02       		.uleb128 0x2
 102 0034 02       		.byte	0x2
 103 0035 05       		.byte	0x5
 104 0036 91010000 		.4byte	.LASF2
 105 003a 02       		.uleb128 0x2
 106 003b 02       		.byte	0x2
 107 003c 07       		.byte	0x7
 108 003d 66010000 		.4byte	.LASF3
 109 0041 02       		.uleb128 0x2
 110 0042 04       		.byte	0x4
 111 0043 05       		.byte	0x5
 112 0044 C8000000 		.4byte	.LASF4
 113 0048 02       		.uleb128 0x2
 114 0049 04       		.byte	0x4
 115 004a 07       		.byte	0x7
 116 004b 7C000000 		.4byte	.LASF5
 117 004f 02       		.uleb128 0x2
 118 0050 08       		.byte	0x8
 119 0051 05       		.byte	0x5
 120 0052 00000000 		.4byte	.LASF6
 121 0056 02       		.uleb128 0x2
 122 0057 08       		.byte	0x8
 123 0058 07       		.byte	0x7
 124 0059 8E000000 		.4byte	.LASF7
 125 005d 03       		.uleb128 0x3
 126 005e 04       		.byte	0x4
 127 005f 05       		.byte	0x5
 128 0060 696E7400 		.ascii	"int\000"
 129 0064 02       		.uleb128 0x2
 130 0065 04       		.byte	0x4
 131 0066 07       		.byte	0x7
 132 0067 0E000000 		.4byte	.LASF8
 133 006b 02       		.uleb128 0x2
 134 006c 04       		.byte	0x4
 135 006d 04       		.byte	0x4
 136 006e A5000000 		.4byte	.LASF9
 137 0072 02       		.uleb128 0x2
 138 0073 08       		.byte	0x8
 139 0074 04       		.byte	0x4
 140 0075 D1000000 		.4byte	.LASF10
 141 0079 02       		.uleb128 0x2
ARM GAS  C:\Users\bryan.lee\AppData\Local\Temp\cc7jYHNB.s 			page 4


 142 007a 01       		.byte	0x1
 143 007b 08       		.byte	0x8
 144 007c C3000000 		.4byte	.LASF11
 145 0080 02       		.uleb128 0x2
 146 0081 08       		.byte	0x8
 147 0082 04       		.byte	0x4
 148 0083 85010000 		.4byte	.LASF12
 149 0087 02       		.uleb128 0x2
 150 0088 04       		.byte	0x4
 151 0089 07       		.byte	0x7
 152 008a AC010000 		.4byte	.LASF13
 153 008e 04       		.uleb128 0x4
 154 008f 6F000000 		.4byte	.LASF20
 155 0093 01       		.byte	0x1
 156 0094 10       		.byte	0x10
 157 0095 5D000000 		.4byte	0x5d
 158 0099 00000000 		.4byte	.LFB35
 159 009d 2C000000 		.4byte	.LFE35-.LFB35
 160 00a1 01       		.uleb128 0x1
 161 00a2 9C       		.byte	0x9c
 162 00a3 FF000000 		.4byte	0xff
 163 00a7 05       		.uleb128 0x5
 164 00a8 08000000 		.4byte	.LVL0
 165 00ac FF000000 		.4byte	0xff
 166 00b0 06       		.uleb128 0x6
 167 00b1 10000000 		.4byte	.LVL1
 168 00b5 0B010000 		.4byte	0x10b
 169 00b9 C5000000 		.4byte	0xc5
 170 00bd 07       		.uleb128 0x7
 171 00be 01       		.uleb128 0x1
 172 00bf 50       		.byte	0x50
 173 00c0 03       		.uleb128 0x3
 174 00c1 0A       		.byte	0xa
 175 00c2 F401     		.2byte	0x1f4
 176 00c4 00       		.byte	0
 177 00c5 06       		.uleb128 0x6
 178 00c6 1A000000 		.4byte	.LVL2
 179 00ca 17010000 		.4byte	0x117
 180 00ce D9000000 		.4byte	0xd9
 181 00d2 07       		.uleb128 0x7
 182 00d3 01       		.uleb128 0x1
 183 00d4 50       		.byte	0x50
 184 00d5 02       		.uleb128 0x2
 185 00d6 74       		.byte	0x74
 186 00d7 00       		.sleb128 0
 187 00d8 00       		.byte	0
 188 00d9 06       		.uleb128 0x6
 189 00da 20000000 		.4byte	.LVL3
 190 00de 0B010000 		.4byte	0x10b
 191 00e2 EE000000 		.4byte	0xee
 192 00e6 07       		.uleb128 0x7
 193 00e7 01       		.uleb128 0x1
 194 00e8 50       		.byte	0x50
 195 00e9 03       		.uleb128 0x3
 196 00ea 0A       		.byte	0xa
 197 00eb 1C25     		.2byte	0x251c
 198 00ed 00       		.byte	0
ARM GAS  C:\Users\bryan.lee\AppData\Local\Temp\cc7jYHNB.s 			page 5


 199 00ee 08       		.uleb128 0x8
 200 00ef 26000000 		.4byte	.LVL4
 201 00f3 17010000 		.4byte	0x117
 202 00f7 07       		.uleb128 0x7
 203 00f8 01       		.uleb128 0x1
 204 00f9 50       		.byte	0x50
 205 00fa 02       		.uleb128 0x2
 206 00fb 74       		.byte	0x74
 207 00fc 00       		.sleb128 0
 208 00fd 00       		.byte	0
 209 00fe 00       		.byte	0
 210 00ff 09       		.uleb128 0x9
 211 0100 AB000000 		.4byte	.LASF14
 212 0104 AB000000 		.4byte	.LASF14
 213 0108 02       		.byte	0x2
 214 0109 3201     		.2byte	0x132
 215 010b 09       		.uleb128 0x9
 216 010c 9B010000 		.4byte	.LASF15
 217 0110 9B010000 		.4byte	.LASF15
 218 0114 02       		.byte	0x2
 219 0115 5501     		.2byte	0x155
 220 0117 0A       		.uleb128 0xa
 221 0118 74000000 		.4byte	.LASF16
 222 011c 74000000 		.4byte	.LASF16
 223 0120 03       		.byte	0x3
 224 0121 D9       		.byte	0xd9
 225 0122 00       		.byte	0
 226              		.section	.debug_abbrev,"",%progbits
 227              	.Ldebug_abbrev0:
 228 0000 01       		.uleb128 0x1
 229 0001 11       		.uleb128 0x11
 230 0002 01       		.byte	0x1
 231 0003 25       		.uleb128 0x25
 232 0004 0E       		.uleb128 0xe
 233 0005 13       		.uleb128 0x13
 234 0006 0B       		.uleb128 0xb
 235 0007 03       		.uleb128 0x3
 236 0008 0E       		.uleb128 0xe
 237 0009 1B       		.uleb128 0x1b
 238 000a 0E       		.uleb128 0xe
 239 000b 55       		.uleb128 0x55
 240 000c 17       		.uleb128 0x17
 241 000d 11       		.uleb128 0x11
 242 000e 01       		.uleb128 0x1
 243 000f 10       		.uleb128 0x10
 244 0010 17       		.uleb128 0x17
 245 0011 00       		.byte	0
 246 0012 00       		.byte	0
 247 0013 02       		.uleb128 0x2
 248 0014 24       		.uleb128 0x24
 249 0015 00       		.byte	0
 250 0016 0B       		.uleb128 0xb
 251 0017 0B       		.uleb128 0xb
 252 0018 3E       		.uleb128 0x3e
 253 0019 0B       		.uleb128 0xb
 254 001a 03       		.uleb128 0x3
 255 001b 0E       		.uleb128 0xe
ARM GAS  C:\Users\bryan.lee\AppData\Local\Temp\cc7jYHNB.s 			page 6


 256 001c 00       		.byte	0
 257 001d 00       		.byte	0
 258 001e 03       		.uleb128 0x3
 259 001f 24       		.uleb128 0x24
 260 0020 00       		.byte	0
 261 0021 0B       		.uleb128 0xb
 262 0022 0B       		.uleb128 0xb
 263 0023 3E       		.uleb128 0x3e
 264 0024 0B       		.uleb128 0xb
 265 0025 03       		.uleb128 0x3
 266 0026 08       		.uleb128 0x8
 267 0027 00       		.byte	0
 268 0028 00       		.byte	0
 269 0029 04       		.uleb128 0x4
 270 002a 2E       		.uleb128 0x2e
 271 002b 01       		.byte	0x1
 272 002c 3F       		.uleb128 0x3f
 273 002d 19       		.uleb128 0x19
 274 002e 03       		.uleb128 0x3
 275 002f 0E       		.uleb128 0xe
 276 0030 3A       		.uleb128 0x3a
 277 0031 0B       		.uleb128 0xb
 278 0032 3B       		.uleb128 0x3b
 279 0033 0B       		.uleb128 0xb
 280 0034 27       		.uleb128 0x27
 281 0035 19       		.uleb128 0x19
 282 0036 49       		.uleb128 0x49
 283 0037 13       		.uleb128 0x13
 284 0038 8701     		.uleb128 0x87
 285 003a 19       		.uleb128 0x19
 286 003b 11       		.uleb128 0x11
 287 003c 01       		.uleb128 0x1
 288 003d 12       		.uleb128 0x12
 289 003e 06       		.uleb128 0x6
 290 003f 40       		.uleb128 0x40
 291 0040 18       		.uleb128 0x18
 292 0041 9742     		.uleb128 0x2117
 293 0043 19       		.uleb128 0x19
 294 0044 01       		.uleb128 0x1
 295 0045 13       		.uleb128 0x13
 296 0046 00       		.byte	0
 297 0047 00       		.byte	0
 298 0048 05       		.uleb128 0x5
 299 0049 898201   		.uleb128 0x4109
 300 004c 00       		.byte	0
 301 004d 11       		.uleb128 0x11
 302 004e 01       		.uleb128 0x1
 303 004f 31       		.uleb128 0x31
 304 0050 13       		.uleb128 0x13
 305 0051 00       		.byte	0
 306 0052 00       		.byte	0
 307 0053 06       		.uleb128 0x6
 308 0054 898201   		.uleb128 0x4109
 309 0057 01       		.byte	0x1
 310 0058 11       		.uleb128 0x11
 311 0059 01       		.uleb128 0x1
 312 005a 31       		.uleb128 0x31
ARM GAS  C:\Users\bryan.lee\AppData\Local\Temp\cc7jYHNB.s 			page 7


 313 005b 13       		.uleb128 0x13
 314 005c 01       		.uleb128 0x1
 315 005d 13       		.uleb128 0x13
 316 005e 00       		.byte	0
 317 005f 00       		.byte	0
 318 0060 07       		.uleb128 0x7
 319 0061 8A8201   		.uleb128 0x410a
 320 0064 00       		.byte	0
 321 0065 02       		.uleb128 0x2
 322 0066 18       		.uleb128 0x18
 323 0067 9142     		.uleb128 0x2111
 324 0069 18       		.uleb128 0x18
 325 006a 00       		.byte	0
 326 006b 00       		.byte	0
 327 006c 08       		.uleb128 0x8
 328 006d 898201   		.uleb128 0x4109
 329 0070 01       		.byte	0x1
 330 0071 11       		.uleb128 0x11
 331 0072 01       		.uleb128 0x1
 332 0073 31       		.uleb128 0x31
 333 0074 13       		.uleb128 0x13
 334 0075 00       		.byte	0
 335 0076 00       		.byte	0
 336 0077 09       		.uleb128 0x9
 337 0078 2E       		.uleb128 0x2e
 338 0079 00       		.byte	0
 339 007a 3F       		.uleb128 0x3f
 340 007b 19       		.uleb128 0x19
 341 007c 3C       		.uleb128 0x3c
 342 007d 19       		.uleb128 0x19
 343 007e 6E       		.uleb128 0x6e
 344 007f 0E       		.uleb128 0xe
 345 0080 03       		.uleb128 0x3
 346 0081 0E       		.uleb128 0xe
 347 0082 3A       		.uleb128 0x3a
 348 0083 0B       		.uleb128 0xb
 349 0084 3B       		.uleb128 0x3b
 350 0085 05       		.uleb128 0x5
 351 0086 00       		.byte	0
 352 0087 00       		.byte	0
 353 0088 0A       		.uleb128 0xa
 354 0089 2E       		.uleb128 0x2e
 355 008a 00       		.byte	0
 356 008b 3F       		.uleb128 0x3f
 357 008c 19       		.uleb128 0x19
 358 008d 3C       		.uleb128 0x3c
 359 008e 19       		.uleb128 0x19
 360 008f 6E       		.uleb128 0x6e
 361 0090 0E       		.uleb128 0xe
 362 0091 03       		.uleb128 0x3
 363 0092 0E       		.uleb128 0xe
 364 0093 3A       		.uleb128 0x3a
 365 0094 0B       		.uleb128 0xb
 366 0095 3B       		.uleb128 0x3b
 367 0096 0B       		.uleb128 0xb
 368 0097 00       		.byte	0
 369 0098 00       		.byte	0
ARM GAS  C:\Users\bryan.lee\AppData\Local\Temp\cc7jYHNB.s 			page 8


 370 0099 00       		.byte	0
 371              		.section	.debug_aranges,"",%progbits
 372 0000 1C000000 		.4byte	0x1c
 373 0004 0200     		.2byte	0x2
 374 0006 00000000 		.4byte	.Ldebug_info0
 375 000a 04       		.byte	0x4
 376 000b 00       		.byte	0
 377 000c 0000     		.2byte	0
 378 000e 0000     		.2byte	0
 379 0010 00000000 		.4byte	.LFB35
 380 0014 2C000000 		.4byte	.LFE35-.LFB35
 381 0018 00000000 		.4byte	0
 382 001c 00000000 		.4byte	0
 383              		.section	.debug_ranges,"",%progbits
 384              	.Ldebug_ranges0:
 385 0000 00000000 		.4byte	.LFB35
 386 0004 2C000000 		.4byte	.LFE35
 387 0008 00000000 		.4byte	0
 388 000c 00000000 		.4byte	0
 389              		.section	.debug_line,"",%progbits
 390              	.Ldebug_line0:
 391 0000 73000000 		.section	.debug_str,"MS",%progbits,1
 391      02004800 
 391      00000201 
 391      FB0E0D00 
 391      01010101 
 392              	.LASF6:
 393 0000 6C6F6E67 		.ascii	"long long int\000"
 393      206C6F6E 
 393      6720696E 
 393      7400
 394              	.LASF8:
 395 000e 756E7369 		.ascii	"unsigned int\000"
 395      676E6564 
 395      20696E74 
 395      00
 396              	.LASF18:
 397 001b 6D61696E 		.ascii	"main.c\000"
 397      2E6300
 398              	.LASF19:
 399 0022 433A5C55 		.ascii	"C:\\Users\\bryan.lee\\Documents\\GitHub\\hello-worl"
 399      73657273 
 399      5C627279 
 399      616E2E6C 
 399      65655C44 
 400 0050 645C5073 		.ascii	"d\\Psoc_101_4BLE\\Design08.cydsn\000"
 400      6F635F31 
 400      30315F34 
 400      424C455C 
 400      44657369 
 401              	.LASF20:
 402 006f 6D61696E 		.ascii	"main\000"
 402      00
 403              	.LASF16:
 404 0074 43794465 		.ascii	"CyDelay\000"
 404      6C617900 
 405              	.LASF5:
ARM GAS  C:\Users\bryan.lee\AppData\Local\Temp\cc7jYHNB.s 			page 9


 406 007c 6C6F6E67 		.ascii	"long unsigned int\000"
 406      20756E73 
 406      69676E65 
 406      6420696E 
 406      7400
 407              	.LASF7:
 408 008e 6C6F6E67 		.ascii	"long long unsigned int\000"
 408      206C6F6E 
 408      6720756E 
 408      7369676E 
 408      65642069 
 409              	.LASF9:
 410 00a5 666C6F61 		.ascii	"float\000"
 410      7400
 411              	.LASF14:
 412 00ab 50574D5F 		.ascii	"PWM_Start\000"
 412      53746172 
 412      7400
 413              	.LASF1:
 414 00b5 756E7369 		.ascii	"unsigned char\000"
 414      676E6564 
 414      20636861 
 414      7200
 415              	.LASF11:
 416 00c3 63686172 		.ascii	"char\000"
 416      00
 417              	.LASF4:
 418 00c8 6C6F6E67 		.ascii	"long int\000"
 418      20696E74 
 418      00
 419              	.LASF10:
 420 00d1 646F7562 		.ascii	"double\000"
 420      6C6500
 421              	.LASF17:
 422 00d8 474E5520 		.ascii	"GNU C11 5.4.1 20160609 (release) [ARM/embedded-5-br"
 422      43313120 
 422      352E342E 
 422      31203230 
 422      31363036 
 423 010b 616E6368 		.ascii	"anch revision 237715] -mcpu=cortex-m0 -mthumb -g -O"
 423      20726576 
 423      6973696F 
 423      6E203233 
 423      37373135 
 424 013e 67202D66 		.ascii	"g -ffunction-sections -ffat-lto-objects\000"
 424      66756E63 
 424      74696F6E 
 424      2D736563 
 424      74696F6E 
 425              	.LASF3:
 426 0166 73686F72 		.ascii	"short unsigned int\000"
 426      7420756E 
 426      7369676E 
 426      65642069 
 426      6E7400
 427              	.LASF0:
 428 0179 7369676E 		.ascii	"signed char\000"
ARM GAS  C:\Users\bryan.lee\AppData\Local\Temp\cc7jYHNB.s 			page 10


 428      65642063 
 428      68617200 
 429              	.LASF12:
 430 0185 6C6F6E67 		.ascii	"long double\000"
 430      20646F75 
 430      626C6500 
 431              	.LASF2:
 432 0191 73686F72 		.ascii	"short int\000"
 432      7420696E 
 432      7400
 433              	.LASF15:
 434 019b 50574D5F 		.ascii	"PWM_WriteCompare\000"
 434      57726974 
 434      65436F6D 
 434      70617265 
 434      00
 435              	.LASF13:
 436 01ac 73697A65 		.ascii	"sizetype\000"
 436      74797065 
 436      00
 437              		.ident	"GCC: (GNU Tools for ARM Embedded Processors) 5.4.1 20160609 (release) [ARM/embedded-5-bran
