ARM GAS  C:\Users\bryan.lee\AppData\Local\Temp\ccfo2v3c.s 			page 1


   1              		.syntax unified
   2              		.cpu cortex-m3
   3              		.fpu softvfp
   4              		.eabi_attribute 20, 1
   5              		.eabi_attribute 21, 1
   6              		.eabi_attribute 23, 3
   7              		.eabi_attribute 24, 1
   8              		.eabi_attribute 25, 1
   9              		.eabi_attribute 26, 1
  10              		.eabi_attribute 30, 6
  11              		.eabi_attribute 34, 1
  12              		.eabi_attribute 18, 4
  13              		.thumb
  14              		.file	"cymetadata.c"
  15              		.text
  16              	.Ltext0:
  17              		.cfi_sections	.debug_frame
  18              		.global	cy_meta_configecc
  19              		.section	.cyconfigecc,"a",%progbits
  20              		.align	2
  21              		.type	cy_meta_configecc, %object
  22              		.size	cy_meta_configecc, 1660
  23              	cy_meta_configecc:
  24 0000 02       		.byte	2
  25 0001 4F       		.byte	79
  26 0002 00       		.byte	0
  27 0003 40       		.byte	64
  28 0004 03       		.byte	3
  29 0005 52       		.byte	82
  30 0006 00       		.byte	0
  31 0007 40       		.byte	64
  32 0008 04       		.byte	4
  33 0009 64       		.byte	100
  34 000a 00       		.byte	0
  35 000b 40       		.byte	64
  36 000c 02       		.byte	2
  37 000d 65       		.byte	101
  38 000e 00       		.byte	0
  39 000f 40       		.byte	64
  40 0010 39       		.byte	57
  41 0011 00       		.byte	0
  42 0012 01       		.byte	1
  43 0013 40       		.byte	64
  44 0014 2F       		.byte	47
  45 0015 01       		.byte	1
  46 0016 01       		.byte	1
  47 0017 40       		.byte	64
  48 0018 0D       		.byte	13
  49 0019 03       		.byte	3
  50 001a 01       		.byte	1
  51 001b 40       		.byte	64
  52 001c 35       		.byte	53
  53 001d 04       		.byte	4
  54 001e 01       		.byte	1
  55 001f 40       		.byte	64
  56 0020 37       		.byte	55
  57 0021 05       		.byte	5
ARM GAS  C:\Users\bryan.lee\AppData\Local\Temp\ccfo2v3c.s 			page 2


  58 0022 01       		.byte	1
  59 0023 40       		.byte	64
  60 0024 48       		.byte	72
  61 0025 06       		.byte	6
  62 0026 01       		.byte	1
  63 0027 40       		.byte	64
  64 0028 3B       		.byte	59
  65 0029 07       		.byte	7
  66 002a 01       		.byte	1
  67 002b 40       		.byte	64
  68 002c 01       		.byte	1
  69 002d 09       		.byte	9
  70 002e 01       		.byte	1
  71 002f 40       		.byte	64
  72 0030 06       		.byte	6
  73 0031 0A       		.byte	10
  74 0032 01       		.byte	1
  75 0033 40       		.byte	64
  76 0034 04       		.byte	4
  77 0035 0B       		.byte	11
  78 0036 01       		.byte	1
  79 0037 40       		.byte	64
  80 0038 02       		.byte	2
  81 0039 0D       		.byte	13
  82 003a 01       		.byte	1
  83 003b 40       		.byte	64
  84 003c 03       		.byte	3
  85 003d 0F       		.byte	15
  86 003e 01       		.byte	1
  87 003f 40       		.byte	64
  88 0040 49       		.byte	73
  89 0041 14       		.byte	20
  90 0042 01       		.byte	1
  91 0043 40       		.byte	64
  92 0044 46       		.byte	70
  93 0045 15       		.byte	21
  94 0046 01       		.byte	1
  95 0047 40       		.byte	64
  96 0048 38       		.byte	56
  97 0049 16       		.byte	22
  98 004a 01       		.byte	1
  99 004b 40       		.byte	64
 100 004c 3E       		.byte	62
 101 004d 17       		.byte	23
 102 004e 01       		.byte	1
 103 004f 40       		.byte	64
 104 0050 01       		.byte	1
 105 0051 19       		.byte	25
 106 0052 01       		.byte	1
 107 0053 40       		.byte	64
 108 0054 04       		.byte	4
 109 0055 40       		.byte	64
 110 0056 01       		.byte	1
 111 0057 40       		.byte	64
 112 0058 0F       		.byte	15
 113 0059 41       		.byte	65
 114 005a 01       		.byte	1
ARM GAS  C:\Users\bryan.lee\AppData\Local\Temp\ccfo2v3c.s 			page 3


 115 005b 40       		.byte	64
 116 005c 11       		.byte	17
 117 005d 42       		.byte	66
 118 005e 01       		.byte	1
 119 005f 40       		.byte	64
 120 0060 08       		.byte	8
 121 0061 43       		.byte	67
 122 0062 01       		.byte	1
 123 0063 40       		.byte	64
 124 0064 06       		.byte	6
 125 0065 44       		.byte	68
 126 0066 01       		.byte	1
 127 0067 40       		.byte	64
 128 0068 01       		.byte	1
 129 0069 45       		.byte	69
 130 006a 01       		.byte	1
 131 006b 40       		.byte	64
 132 006c 0A       		.byte	10
 133 006d 48       		.byte	72
 134 006e 01       		.byte	1
 135 006f 40       		.byte	64
 136 0070 10       		.byte	16
 137 0071 49       		.byte	73
 138 0072 01       		.byte	1
 139 0073 40       		.byte	64
 140 0074 0A       		.byte	10
 141 0075 50       		.byte	80
 142 0076 01       		.byte	1
 143 0077 40       		.byte	64
 144 0078 01       		.byte	1
 145 0079 51       		.byte	81
 146 007a 01       		.byte	1
 147 007b 40       		.byte	64
 148 007c 01       		.byte	1
 149 007d 10       		.byte	16
 150 007e 0A       		.byte	10
 151 007f 4B       		.byte	75
 152 0080 18       		.byte	24
 153 0081 80       		.byte	-128
 154 0082 19       		.byte	25
 155 0083 82       		.byte	-126
 156 0084 2C       		.byte	44
 157 0085 40       		.byte	64
 158 0086 80       		.byte	-128
 159 0087 77       		.byte	119
 160 0088 84       		.byte	-124
 161 0089 77       		.byte	119
 162 008a 85       		.byte	-123
 163 008b 02       		.byte	2
 164 008c 87       		.byte	-121
 165 008d 77       		.byte	119
 166 008e 84       		.byte	-124
 167 008f 0D       		.byte	13
 168 0090 87       		.byte	-121
 169 0091 01       		.byte	1
 170 0092 03       		.byte	3
 171 0093 08       		.byte	8
ARM GAS  C:\Users\bryan.lee\AppData\Local\Temp\ccfo2v3c.s 			page 4


 172 0094 04       		.byte	4
 173 0095 02       		.byte	2
 174 0096 07       		.byte	7
 175 0097 0C       		.byte	12
 176 0098 0A       		.byte	10
 177 0099 04       		.byte	4
 178 009a 0B       		.byte	11
 179 009b 02       		.byte	2
 180 009c 11       		.byte	17
 181 009d 08       		.byte	8
 182 009e 12       		.byte	18
 183 009f 02       		.byte	2
 184 00a0 14       		.byte	20
 185 00a1 01       		.byte	1
 186 00a2 17       		.byte	23
 187 00a3 01       		.byte	1
 188 00a4 1E       		.byte	30
 189 00a5 01       		.byte	1
 190 00a6 23       		.byte	35
 191 00a7 01       		.byte	1
 192 00a8 29       		.byte	41
 193 00a9 01       		.byte	1
 194 00aa 2A       		.byte	42
 195 00ab 02       		.byte	2
 196 00ac 30       		.byte	48
 197 00ad 01       		.byte	1
 198 00ae 31       		.byte	49
 199 00af 04       		.byte	4
 200 00b0 32       		.byte	50
 201 00b1 02       		.byte	2
 202 00b2 33       		.byte	51
 203 00b3 08       		.byte	8
 204 00b4 34       		.byte	52
 205 00b5 04       		.byte	4
 206 00b6 35       		.byte	53
 207 00b7 02       		.byte	2
 208 00b8 37       		.byte	55
 209 00b9 01       		.byte	1
 210 00ba 3E       		.byte	62
 211 00bb 05       		.byte	5
 212 00bc 3F       		.byte	63
 213 00bd 44       		.byte	68
 214 00be 40       		.byte	64
 215 00bf 32       		.byte	50
 216 00c0 41       		.byte	65
 217 00c1 05       		.byte	5
 218 00c2 42       		.byte	66
 219 00c3 02       		.byte	2
 220 00c4 45       		.byte	69
 221 00c5 42       		.byte	66
 222 00c6 46       		.byte	70
 223 00c7 C0       		.byte	-64
 224 00c8 47       		.byte	71
 225 00c9 0E       		.byte	14
 226 00ca 48       		.byte	72
 227 00cb 1F       		.byte	31
 228 00cc 49       		.byte	73
ARM GAS  C:\Users\bryan.lee\AppData\Local\Temp\ccfo2v3c.s 			page 5


 229 00cd FF       		.byte	-1
 230 00ce 4A       		.byte	74
 231 00cf FF       		.byte	-1
 232 00d0 4B       		.byte	75
 233 00d1 FF       		.byte	-1
 234 00d2 4D       		.byte	77
 235 00d3 A0       		.byte	-96
 236 00d4 4F       		.byte	79
 237 00d5 01       		.byte	1
 238 00d6 50       		.byte	80
 239 00d7 18       		.byte	24
 240 00d8 52       		.byte	82
 241 00d9 80       		.byte	-128
 242 00da 54       		.byte	84
 243 00db 17       		.byte	23
 244 00dc 58       		.byte	88
 245 00dd 04       		.byte	4
 246 00de 59       		.byte	89
 247 00df 04       		.byte	4
 248 00e0 5A       		.byte	90
 249 00e1 04       		.byte	4
 250 00e2 5B       		.byte	91
 251 00e3 04       		.byte	4
 252 00e4 5F       		.byte	95
 253 00e5 01       		.byte	1
 254 00e6 60       		.byte	96
 255 00e7 40       		.byte	64
 256 00e8 62       		.byte	98
 257 00e9 80       		.byte	-128
 258 00ea 64       		.byte	100
 259 00eb 40       		.byte	64
 260 00ec 65       		.byte	101
 261 00ed 40       		.byte	64
 262 00ee 66       		.byte	102
 263 00ef 80       		.byte	-128
 264 00f0 68       		.byte	104
 265 00f1 40       		.byte	64
 266 00f2 6A       		.byte	106
 267 00f3 50       		.byte	80
 268 00f4 6B       		.byte	107
 269 00f5 A8       		.byte	-88
 270 00f6 6C       		.byte	108
 271 00f7 40       		.byte	64
 272 00f8 6D       		.byte	109
 273 00f9 20       		.byte	32
 274 00fa 6E       		.byte	110
 275 00fb 50       		.byte	80
 276 00fc 6F       		.byte	111
 277 00fd A8       		.byte	-88
 278 00fe D6       		.byte	-42
 279 00ff 08       		.byte	8
 280 0100 DB       		.byte	-37
 281 0101 04       		.byte	4
 282 0102 DD       		.byte	-35
 283 0103 90       		.byte	-112
 284 0104 02       		.byte	2
 285 0105 20       		.byte	32
ARM GAS  C:\Users\bryan.lee\AppData\Local\Temp\ccfo2v3c.s 			page 6


 286 0106 03       		.byte	3
 287 0107 04       		.byte	4
 288 0108 0A       		.byte	10
 289 0109 50       		.byte	80
 290 010a 0B       		.byte	11
 291 010b 02       		.byte	2
 292 010c 11       		.byte	17
 293 010d 10       		.byte	16
 294 010e 19       		.byte	25
 295 010f 20       		.byte	32
 296 0110 1A       		.byte	26
 297 0111 80       		.byte	-128
 298 0112 1B       		.byte	27
 299 0113 08       		.byte	8
 300 0114 20       		.byte	32
 301 0115 10       		.byte	16
 302 0116 21       		.byte	33
 303 0117 40       		.byte	64
 304 0118 22       		.byte	34
 305 0119 21       		.byte	33
 306 011a 29       		.byte	41
 307 011b 21       		.byte	33
 308 011c 32       		.byte	50
 309 011d 01       		.byte	1
 310 011e 33       		.byte	51
 311 011f 04       		.byte	4
 312 0120 38       		.byte	56
 313 0121 0A       		.byte	10
 314 0122 39       		.byte	57
 315 0123 10       		.byte	16
 316 0124 43       		.byte	67
 317 0125 28       		.byte	40
 318 0126 49       		.byte	73
 319 0127 02       		.byte	2
 320 0128 4A       		.byte	74
 321 0129 10       		.byte	16
 322 012a 4B       		.byte	75
 323 012b 42       		.byte	66
 324 012c 50       		.byte	80
 325 012d 40       		.byte	64
 326 012e 51       		.byte	81
 327 012f 08       		.byte	8
 328 0130 52       		.byte	82
 329 0131 10       		.byte	16
 330 0132 5A       		.byte	90
 331 0133 88       		.byte	-120
 332 0134 5B       		.byte	91
 333 0135 20       		.byte	32
 334 0136 5E       		.byte	94
 335 0137 20       		.byte	32
 336 0138 5F       		.byte	95
 337 0139 A0       		.byte	-96
 338 013a 61       		.byte	97
 339 013b 08       		.byte	8
 340 013c 62       		.byte	98
 341 013d 10       		.byte	16
 342 013e 63       		.byte	99
ARM GAS  C:\Users\bryan.lee\AppData\Local\Temp\ccfo2v3c.s 			page 7


 343 013f 02       		.byte	2
 344 0140 67       		.byte	103
 345 0141 01       		.byte	1
 346 0142 71       		.byte	113
 347 0143 01       		.byte	1
 348 0144 83       		.byte	-125
 349 0145 04       		.byte	4
 350 0146 85       		.byte	-123
 351 0147 10       		.byte	16
 352 0148 87       		.byte	-121
 353 0149 40       		.byte	64
 354 014a C0       		.byte	-64
 355 014b 06       		.byte	6
 356 014c C2       		.byte	-62
 357 014d 0D       		.byte	13
 358 014e C4       		.byte	-60
 359 014f 02       		.byte	2
 360 0150 CA       		.byte	-54
 361 0151 05       		.byte	5
 362 0152 CC       		.byte	-52
 363 0153 03       		.byte	3
 364 0154 CE       		.byte	-50
 365 0155 07       		.byte	7
 366 0156 D0       		.byte	-48
 367 0157 06       		.byte	6
 368 0158 D2       		.byte	-46
 369 0159 08       		.byte	8
 370 015a D6       		.byte	-42
 371 015b 1E       		.byte	30
 372 015c D8       		.byte	-40
 373 015d 1E       		.byte	30
 374 015e E2       		.byte	-30
 375 015f 01       		.byte	1
 376 0160 E6       		.byte	-26
 377 0161 0A       		.byte	10
 378 0162 0C       		.byte	12
 379 0163 40       		.byte	64
 380 0164 0F       		.byte	15
 381 0165 01       		.byte	1
 382 0166 83       		.byte	-125
 383 0167 60       		.byte	96
 384 0168 90       		.byte	-112
 385 0169 90       		.byte	-112
 386 016a 91       		.byte	-111
 387 016b 80       		.byte	-128
 388 016c 93       		.byte	-109
 389 016d 01       		.byte	1
 390 016e 94       		.byte	-108
 391 016f 02       		.byte	2
 392 0170 96       		.byte	-106
 393 0171 58       		.byte	88
 394 0172 99       		.byte	-103
 395 0173 02       		.byte	2
 396 0174 9F       		.byte	-97
 397 0175 80       		.byte	-128
 398 0176 A7       		.byte	-89
 399 0177 21       		.byte	33
ARM GAS  C:\Users\bryan.lee\AppData\Local\Temp\ccfo2v3c.s 			page 8


 400 0178 A8       		.byte	-88
 401 0179 04       		.byte	4
 402 017a EE       		.byte	-18
 403 017b 01       		.byte	1
 404 017c 02       		.byte	2
 405 017d 01       		.byte	1
 406 017e 09       		.byte	9
 407 017f 01       		.byte	1
 408 0180 0F       		.byte	15
 409 0181 09       		.byte	9
 410 0182 1C       		.byte	28
 411 0183 02       		.byte	2
 412 0184 1F       		.byte	31
 413 0185 04       		.byte	4
 414 0186 22       		.byte	34
 415 0187 02       		.byte	2
 416 0188 23       		.byte	35
 417 0189 02       		.byte	2
 418 018a 30       		.byte	48
 419 018b 02       		.byte	2
 420 018c 31       		.byte	49
 421 018d 02       		.byte	2
 422 018e 32       		.byte	50
 423 018f 01       		.byte	1
 424 0190 33       		.byte	51
 425 0191 01       		.byte	1
 426 0192 35       		.byte	53
 427 0193 08       		.byte	8
 428 0194 37       		.byte	55
 429 0195 04       		.byte	4
 430 0196 3E       		.byte	62
 431 0197 01       		.byte	1
 432 0198 3F       		.byte	63
 433 0199 04       		.byte	4
 434 019a 40       		.byte	64
 435 019b 14       		.byte	20
 436 019c 41       		.byte	65
 437 019d 03       		.byte	3
 438 019e 42       		.byte	66
 439 019f 02       		.byte	2
 440 01a0 45       		.byte	69
 441 01a1 20       		.byte	32
 442 01a2 46       		.byte	70
 443 01a3 C4       		.byte	-60
 444 01a4 47       		.byte	71
 445 01a5 0E       		.byte	14
 446 01a6 48       		.byte	72
 447 01a7 1F       		.byte	31
 448 01a8 49       		.byte	73
 449 01a9 FF       		.byte	-1
 450 01aa 4A       		.byte	74
 451 01ab FF       		.byte	-1
 452 01ac 4B       		.byte	75
 453 01ad FF       		.byte	-1
 454 01ae 4D       		.byte	77
 455 01af A0       		.byte	-96
 456 01b0 4F       		.byte	79
ARM GAS  C:\Users\bryan.lee\AppData\Local\Temp\ccfo2v3c.s 			page 9


 457 01b1 01       		.byte	1
 458 01b2 50       		.byte	80
 459 01b3 18       		.byte	24
 460 01b4 52       		.byte	82
 461 01b5 80       		.byte	-128
 462 01b6 54       		.byte	84
 463 01b7 17       		.byte	23
 464 01b8 58       		.byte	88
 465 01b9 04       		.byte	4
 466 01ba 59       		.byte	89
 467 01bb 04       		.byte	4
 468 01bc 5A       		.byte	90
 469 01bd 04       		.byte	4
 470 01be 5B       		.byte	91
 471 01bf 04       		.byte	4
 472 01c0 5F       		.byte	95
 473 01c1 01       		.byte	1
 474 01c2 60       		.byte	96
 475 01c3 40       		.byte	64
 476 01c4 62       		.byte	98
 477 01c5 80       		.byte	-128
 478 01c6 64       		.byte	100
 479 01c7 40       		.byte	64
 480 01c8 65       		.byte	101
 481 01c9 40       		.byte	64
 482 01ca 66       		.byte	102
 483 01cb 80       		.byte	-128
 484 01cc 68       		.byte	104
 485 01cd 40       		.byte	64
 486 01ce 6A       		.byte	106
 487 01cf 50       		.byte	80
 488 01d0 6B       		.byte	107
 489 01d1 A8       		.byte	-88
 490 01d2 6C       		.byte	108
 491 01d3 40       		.byte	64
 492 01d4 6D       		.byte	109
 493 01d5 20       		.byte	32
 494 01d6 6E       		.byte	110
 495 01d7 50       		.byte	80
 496 01d8 6F       		.byte	111
 497 01d9 A8       		.byte	-88
 498 01da D2       		.byte	-46
 499 01db 01       		.byte	1
 500 01dc D4       		.byte	-44
 501 01dd 02       		.byte	2
 502 01de D6       		.byte	-42
 503 01df 04       		.byte	4
 504 01e0 DB       		.byte	-37
 505 01e1 04       		.byte	4
 506 01e2 DD       		.byte	-35
 507 01e3 10       		.byte	16
 508 01e4 DF       		.byte	-33
 509 01e5 01       		.byte	1
 510 01e6 01       		.byte	1
 511 01e7 02       		.byte	2
 512 01e8 09       		.byte	9
 513 01e9 80       		.byte	-128
ARM GAS  C:\Users\bryan.lee\AppData\Local\Temp\ccfo2v3c.s 			page 10


 514 01ea 10       		.byte	16
 515 01eb 80       		.byte	-128
 516 01ec 1A       		.byte	26
 517 01ed 90       		.byte	-112
 518 01ee 21       		.byte	33
 519 01ef 90       		.byte	-112
 520 01f0 22       		.byte	34
 521 01f1 06       		.byte	6
 522 01f2 2B       		.byte	43
 523 01f3 80       		.byte	-128
 524 01f4 30       		.byte	48
 525 01f5 80       		.byte	-128
 526 01f6 38       		.byte	56
 527 01f7 80       		.byte	-128
 528 01f8 39       		.byte	57
 529 01f9 20       		.byte	32
 530 01fa 40       		.byte	64
 531 01fb 40       		.byte	64
 532 01fc 41       		.byte	65
 533 01fd 40       		.byte	64
 534 01fe 43       		.byte	67
 535 01ff 28       		.byte	40
 536 0200 4A       		.byte	74
 537 0201 20       		.byte	32
 538 0202 4B       		.byte	75
 539 0203 02       		.byte	2
 540 0204 50       		.byte	80
 541 0205 80       		.byte	-128
 542 0206 51       		.byte	81
 543 0207 08       		.byte	8
 544 0208 52       		.byte	82
 545 0209 10       		.byte	16
 546 020a 59       		.byte	89
 547 020b 14       		.byte	20
 548 020c 5A       		.byte	90
 549 020d 80       		.byte	-128
 550 020e 5D       		.byte	93
 551 020f 20       		.byte	32
 552 0210 5F       		.byte	95
 553 0211 02       		.byte	2
 554 0212 61       		.byte	97
 555 0213 08       		.byte	8
 556 0214 62       		.byte	98
 557 0215 10       		.byte	16
 558 0216 63       		.byte	99
 559 0217 02       		.byte	2
 560 0218 66       		.byte	102
 561 0219 48       		.byte	72
 562 021a 67       		.byte	103
 563 021b 84       		.byte	-124
 564 021c 6D       		.byte	109
 565 021d 80       		.byte	-128
 566 021e 72       		.byte	114
 567 021f 40       		.byte	64
 568 0220 81       		.byte	-127
 569 0221 10       		.byte	16
 570 0222 83       		.byte	-125
ARM GAS  C:\Users\bryan.lee\AppData\Local\Temp\ccfo2v3c.s 			page 11


 571 0223 01       		.byte	1
 572 0224 8B       		.byte	-117
 573 0225 40       		.byte	64
 574 0226 8F       		.byte	-113
 575 0227 12       		.byte	18
 576 0228 90       		.byte	-112
 577 0229 90       		.byte	-112
 578 022a 91       		.byte	-111
 579 022b 80       		.byte	-128
 580 022c 93       		.byte	-109
 581 022d 40       		.byte	64
 582 022e 94       		.byte	-108
 583 022f 02       		.byte	2
 584 0230 96       		.byte	-106
 585 0231 58       		.byte	88
 586 0232 98       		.byte	-104
 587 0233 40       		.byte	64
 588 0234 99       		.byte	-103
 589 0235 02       		.byte	2
 590 0236 9B       		.byte	-101
 591 0237 20       		.byte	32
 592 0238 A7       		.byte	-89
 593 0239 61       		.byte	97
 594 023a AB       		.byte	-85
 595 023b 80       		.byte	-128
 596 023c AF       		.byte	-81
 597 023d 40       		.byte	64
 598 023e C0       		.byte	-64
 599 023f 08       		.byte	8
 600 0240 C2       		.byte	-62
 601 0241 01       		.byte	1
 602 0242 C4       		.byte	-60
 603 0243 08       		.byte	8
 604 0244 CA       		.byte	-54
 605 0245 01       		.byte	1
 606 0246 CC       		.byte	-52
 607 0247 08       		.byte	8
 608 0248 CE       		.byte	-50
 609 0249 0C       		.byte	12
 610 024a D0       		.byte	-48
 611 024b 0F       		.byte	15
 612 024c D6       		.byte	-42
 613 024d AE       		.byte	-82
 614 024e D8       		.byte	-40
 615 024f FE       		.byte	-2
 616 0250 E2       		.byte	-30
 617 0251 01       		.byte	1
 618 0252 E6       		.byte	-26
 619 0253 80       		.byte	-128
 620 0254 41       		.byte	65
 621 0255 01       		.byte	1
 622 0256 42       		.byte	66
 623 0257 60       		.byte	96
 624 0258 44       		.byte	68
 625 0259 04       		.byte	4
 626 025a 45       		.byte	69
 627 025b 0D       		.byte	13
ARM GAS  C:\Users\bryan.lee\AppData\Local\Temp\ccfo2v3c.s 			page 12


 628 025c 46       		.byte	70
 629 025d CE       		.byte	-50
 630 025e 47       		.byte	71
 631 025f 0F       		.byte	15
 632 0260 48       		.byte	72
 633 0261 1D       		.byte	29
 634 0262 49       		.byte	73
 635 0263 FF       		.byte	-1
 636 0264 4A       		.byte	74
 637 0265 FF       		.byte	-1
 638 0266 4B       		.byte	75
 639 0267 FF       		.byte	-1
 640 0268 4C       		.byte	76
 641 0269 EA       		.byte	-22
 642 026a 4D       		.byte	77
 643 026b 55       		.byte	85
 644 026c 4E       		.byte	78
 645 026d F0       		.byte	-16
 646 026e 4F       		.byte	79
 647 026f 08       		.byte	8
 648 0270 50       		.byte	80
 649 0271 1C       		.byte	28
 650 0272 56       		.byte	86
 651 0273 08       		.byte	8
 652 0274 5A       		.byte	90
 653 0275 04       		.byte	4
 654 0276 5B       		.byte	91
 655 0277 04       		.byte	4
 656 0278 5D       		.byte	93
 657 0279 91       		.byte	-111
 658 027a 5F       		.byte	95
 659 027b 01       		.byte	1
 660 027c 61       		.byte	97
 661 027d 08       		.byte	8
 662 027e 63       		.byte	99
 663 027f 08       		.byte	8
 664 0280 65       		.byte	101
 665 0281 08       		.byte	8
 666 0282 67       		.byte	103
 667 0283 08       		.byte	8
 668 0284 68       		.byte	104
 669 0285 50       		.byte	80
 670 0286 69       		.byte	105
 671 0287 09       		.byte	9
 672 0288 6A       		.byte	106
 673 0289 40       		.byte	64
 674 028a 6B       		.byte	107
 675 028b A8       		.byte	-88
 676 028c 6C       		.byte	108
 677 028d C0       		.byte	-64
 678 028e 6E       		.byte	110
 679 028f 40       		.byte	64
 680 0290 6F       		.byte	111
 681 0291 A8       		.byte	-88
 682 0292 8F       		.byte	-113
 683 0293 02       		.byte	2
 684 0294 91       		.byte	-111
ARM GAS  C:\Users\bryan.lee\AppData\Local\Temp\ccfo2v3c.s 			page 13


 685 0295 02       		.byte	2
 686 0296 9C       		.byte	-100
 687 0297 01       		.byte	1
 688 0298 A1       		.byte	-95
 689 0299 01       		.byte	1
 690 029a AD       		.byte	-83
 691 029b 01       		.byte	1
 692 029c B3       		.byte	-77
 693 029d 02       		.byte	2
 694 029e B6       		.byte	-74
 695 029f 01       		.byte	1
 696 02a0 B7       		.byte	-73
 697 02a1 01       		.byte	1
 698 02a2 BF       		.byte	-65
 699 02a3 44       		.byte	68
 700 02a4 C0       		.byte	-64
 701 02a5 32       		.byte	50
 702 02a6 C1       		.byte	-63
 703 02a7 01       		.byte	1
 704 02a8 C2       		.byte	-62
 705 02a9 02       		.byte	2
 706 02aa C5       		.byte	-59
 707 02ab 52       		.byte	82
 708 02ac C6       		.byte	-58
 709 02ad C0       		.byte	-64
 710 02ae C7       		.byte	-57
 711 02af 0E       		.byte	14
 712 02b0 C8       		.byte	-56
 713 02b1 1F       		.byte	31
 714 02b2 C9       		.byte	-55
 715 02b3 FF       		.byte	-1
 716 02b4 CA       		.byte	-54
 717 02b5 FF       		.byte	-1
 718 02b6 CB       		.byte	-53
 719 02b7 FF       		.byte	-1
 720 02b8 CD       		.byte	-51
 721 02b9 A0       		.byte	-96
 722 02ba CF       		.byte	-49
 723 02bb 01       		.byte	1
 724 02bc D0       		.byte	-48
 725 02bd 18       		.byte	24
 726 02be D2       		.byte	-46
 727 02bf 80       		.byte	-128
 728 02c0 D4       		.byte	-44
 729 02c1 17       		.byte	23
 730 02c2 D8       		.byte	-40
 731 02c3 04       		.byte	4
 732 02c4 D9       		.byte	-39
 733 02c5 04       		.byte	4
 734 02c6 DA       		.byte	-38
 735 02c7 04       		.byte	4
 736 02c8 DB       		.byte	-37
 737 02c9 04       		.byte	4
 738 02ca DF       		.byte	-33
 739 02cb 01       		.byte	1
 740 02cc E0       		.byte	-32
 741 02cd 40       		.byte	64
ARM GAS  C:\Users\bryan.lee\AppData\Local\Temp\ccfo2v3c.s 			page 14


 742 02ce E2       		.byte	-30
 743 02cf 80       		.byte	-128
 744 02d0 E4       		.byte	-28
 745 02d1 40       		.byte	64
 746 02d2 E5       		.byte	-27
 747 02d3 40       		.byte	64
 748 02d4 E6       		.byte	-26
 749 02d5 80       		.byte	-128
 750 02d6 E8       		.byte	-24
 751 02d7 40       		.byte	64
 752 02d8 EA       		.byte	-22
 753 02d9 50       		.byte	80
 754 02da EB       		.byte	-21
 755 02db A8       		.byte	-88
 756 02dc EC       		.byte	-20
 757 02dd 40       		.byte	64
 758 02de ED       		.byte	-19
 759 02df 20       		.byte	32
 760 02e0 EE       		.byte	-18
 761 02e1 50       		.byte	80
 762 02e2 EF       		.byte	-17
 763 02e3 A8       		.byte	-88
 764 02e4 0B       		.byte	11
 765 02e5 02       		.byte	2
 766 02e6 19       		.byte	25
 767 02e7 40       		.byte	64
 768 02e8 22       		.byte	34
 769 02e9 44       		.byte	68
 770 02ea 29       		.byte	41
 771 02eb 41       		.byte	65
 772 02ec 32       		.byte	50
 773 02ed 02       		.byte	2
 774 02ee 34       		.byte	52
 775 02ef 10       		.byte	16
 776 02f0 36       		.byte	54
 777 02f1 10       		.byte	16
 778 02f2 38       		.byte	56
 779 02f3 80       		.byte	-128
 780 02f4 40       		.byte	64
 781 02f5 10       		.byte	16
 782 02f6 41       		.byte	65
 783 02f7 80       		.byte	-128
 784 02f8 43       		.byte	67
 785 02f9 20       		.byte	32
 786 02fa 45       		.byte	69
 787 02fb 40       		.byte	64
 788 02fc 46       		.byte	70
 789 02fd 80       		.byte	-128
 790 02fe 49       		.byte	73
 791 02ff 01       		.byte	1
 792 0300 4A       		.byte	74
 793 0301 10       		.byte	16
 794 0302 4B       		.byte	75
 795 0303 02       		.byte	2
 796 0304 4C       		.byte	76
 797 0305 04       		.byte	4
 798 0306 4F       		.byte	79
ARM GAS  C:\Users\bryan.lee\AppData\Local\Temp\ccfo2v3c.s 			page 15


 799 0307 04       		.byte	4
 800 0308 50       		.byte	80
 801 0309 40       		.byte	64
 802 030a 51       		.byte	81
 803 030b 08       		.byte	8
 804 030c 52       		.byte	82
 805 030d 10       		.byte	16
 806 030e 53       		.byte	83
 807 030f 80       		.byte	-128
 808 0310 56       		.byte	86
 809 0311 48       		.byte	72
 810 0312 57       		.byte	87
 811 0313 10       		.byte	16
 812 0314 58       		.byte	88
 813 0315 10       		.byte	16
 814 0316 5A       		.byte	90
 815 0317 88       		.byte	-120
 816 0318 5C       		.byte	92
 817 0319 0A       		.byte	10
 818 031a 5E       		.byte	94
 819 031b 80       		.byte	-128
 820 031c 5F       		.byte	95
 821 031d 20       		.byte	32
 822 031e 61       		.byte	97
 823 031f 08       		.byte	8
 824 0320 62       		.byte	98
 825 0321 10       		.byte	16
 826 0322 63       		.byte	99
 827 0323 02       		.byte	2
 828 0324 65       		.byte	101
 829 0325 28       		.byte	40
 830 0326 66       		.byte	102
 831 0327 81       		.byte	-127
 832 0328 70       		.byte	112
 833 0329 01       		.byte	1
 834 032a 82       		.byte	-126
 835 032b 21       		.byte	33
 836 032c 88       		.byte	-120
 837 032d 02       		.byte	2
 838 032e 90       		.byte	-112
 839 032f 18       		.byte	24
 840 0330 93       		.byte	-109
 841 0331 40       		.byte	64
 842 0332 94       		.byte	-108
 843 0333 42       		.byte	66
 844 0334 97       		.byte	-105
 845 0335 04       		.byte	4
 846 0336 98       		.byte	-104
 847 0337 40       		.byte	64
 848 0338 9B       		.byte	-101
 849 0339 20       		.byte	32
 850 033a 9D       		.byte	-99
 851 033b 04       		.byte	4
 852 033c 9E       		.byte	-98
 853 033d 48       		.byte	72
 854 033e A1       		.byte	-95
 855 033f 40       		.byte	64
ARM GAS  C:\Users\bryan.lee\AppData\Local\Temp\ccfo2v3c.s 			page 16


 856 0340 A2       		.byte	-94
 857 0341 22       		.byte	34
 858 0342 A7       		.byte	-89
 859 0343 F9       		.byte	-7
 860 0344 A8       		.byte	-88
 861 0345 04       		.byte	4
 862 0346 A9       		.byte	-87
 863 0347 20       		.byte	32
 864 0348 C2       		.byte	-62
 865 0349 01       		.byte	1
 866 034a CA       		.byte	-54
 867 034b 09       		.byte	9
 868 034c CC       		.byte	-52
 869 034d 01       		.byte	1
 870 034e CE       		.byte	-50
 871 034f 08       		.byte	8
 872 0350 D0       		.byte	-48
 873 0351 9E       		.byte	-98
 874 0352 D2       		.byte	-46
 875 0353 20       		.byte	32
 876 0354 D6       		.byte	-42
 877 0355 FE       		.byte	-2
 878 0356 D8       		.byte	-40
 879 0357 FE       		.byte	-2
 880 0358 E0       		.byte	-32
 881 0359 20       		.byte	32
 882 035a A0       		.byte	-96
 883 035b 04       		.byte	4
 884 035c B8       		.byte	-72
 885 035d 20       		.byte	32
 886 035e BE       		.byte	-66
 887 035f 10       		.byte	16
 888 0360 BF       		.byte	-65
 889 0361 04       		.byte	4
 890 0362 D8       		.byte	-40
 891 0363 04       		.byte	4
 892 0364 D9       		.byte	-39
 893 0365 04       		.byte	4
 894 0366 DF       		.byte	-33
 895 0367 01       		.byte	1
 896 0368 1C       		.byte	28
 897 0369 08       		.byte	8
 898 036a 27       		.byte	39
 899 036b 20       		.byte	32
 900 036c 83       		.byte	-125
 901 036d 20       		.byte	32
 902 036e A4       		.byte	-92
 903 036f 04       		.byte	4
 904 0370 A4       		.byte	-92
 905 0371 04       		.byte	4
 906 0372 EE       		.byte	-18
 907 0373 01       		.byte	1
 908 0374 84       		.byte	-124
 909 0375 04       		.byte	4
 910 0376 E2       		.byte	-30
 911 0377 01       		.byte	1
 912 0378 E6       		.byte	-26
ARM GAS  C:\Users\bryan.lee\AppData\Local\Temp\ccfo2v3c.s 			page 17


 913 0379 08       		.byte	8
 914 037a 07       		.byte	7
 915 037b 01       		.byte	1
 916 037c 0C       		.byte	12
 917 037d 04       		.byte	4
 918 037e 10       		.byte	16
 919 037f 02       		.byte	2
 920 0380 11       		.byte	17
 921 0381 02       		.byte	2
 922 0382 16       		.byte	22
 923 0383 02       		.byte	2
 924 0384 17       		.byte	23
 925 0385 04       		.byte	4
 926 0386 1A       		.byte	26
 927 0387 04       		.byte	4
 928 0388 1D       		.byte	29
 929 0389 02       		.byte	2
 930 038a 26       		.byte	38
 931 038b 08       		.byte	8
 932 038c 2B       		.byte	43
 933 038d 04       		.byte	4
 934 038e 2E       		.byte	46
 935 038f 01       		.byte	1
 936 0390 30       		.byte	48
 937 0391 0C       		.byte	12
 938 0392 31       		.byte	49
 939 0393 01       		.byte	1
 940 0394 32       		.byte	50
 941 0395 01       		.byte	1
 942 0396 34       		.byte	52
 943 0397 02       		.byte	2
 944 0398 35       		.byte	53
 945 0399 04       		.byte	4
 946 039a 37       		.byte	55
 947 039b 02       		.byte	2
 948 039c 3E       		.byte	62
 949 039d 01       		.byte	1
 950 039e 3F       		.byte	63
 951 039f 10       		.byte	16
 952 03a0 40       		.byte	64
 953 03a1 30       		.byte	48
 954 03a2 41       		.byte	65
 955 03a3 06       		.byte	6
 956 03a4 49       		.byte	73
 957 03a5 FF       		.byte	-1
 958 03a6 4A       		.byte	74
 959 03a7 FF       		.byte	-1
 960 03a8 4B       		.byte	75
 961 03a9 FF       		.byte	-1
 962 03aa 4D       		.byte	77
 963 03ab A0       		.byte	-96
 964 03ac 4F       		.byte	79
 965 03ad 04       		.byte	4
 966 03ae 50       		.byte	80
 967 03af 18       		.byte	24
 968 03b0 52       		.byte	82
 969 03b1 80       		.byte	-128
ARM GAS  C:\Users\bryan.lee\AppData\Local\Temp\ccfo2v3c.s 			page 18


 970 03b2 54       		.byte	84
 971 03b3 05       		.byte	5
 972 03b4 56       		.byte	86
 973 03b5 04       		.byte	4
 974 03b6 58       		.byte	88
 975 03b7 04       		.byte	4
 976 03b8 59       		.byte	89
 977 03b9 04       		.byte	4
 978 03ba 5A       		.byte	90
 979 03bb 04       		.byte	4
 980 03bc 5B       		.byte	91
 981 03bd 04       		.byte	4
 982 03be 5F       		.byte	95
 983 03bf 01       		.byte	1
 984 03c0 60       		.byte	96
 985 03c1 40       		.byte	64
 986 03c2 62       		.byte	98
 987 03c3 C0       		.byte	-64
 988 03c4 64       		.byte	100
 989 03c5 40       		.byte	64
 990 03c6 65       		.byte	101
 991 03c7 40       		.byte	64
 992 03c8 66       		.byte	102
 993 03c9 C0       		.byte	-64
 994 03ca 68       		.byte	104
 995 03cb C0       		.byte	-64
 996 03cc 6A       		.byte	106
 997 03cd C0       		.byte	-64
 998 03ce 6C       		.byte	108
 999 03cf C0       		.byte	-64
 1000 03d0 6E       		.byte	110
 1001 03d1 C0       		.byte	-64
 1002 03d2 81       		.byte	-127
 1003 03d3 01       		.byte	1
 1004 03d4 B7       		.byte	-73
 1005 03d5 01       		.byte	1
 1006 03d6 C0       		.byte	-64
 1007 03d7 20       		.byte	32
 1008 03d8 C1       		.byte	-63
 1009 03d9 03       		.byte	3
 1010 03da C5       		.byte	-59
 1011 03db D0       		.byte	-48
 1012 03dc C7       		.byte	-57
 1013 03dd 12       		.byte	18
 1014 03de C8       		.byte	-56
 1015 03df 32       		.byte	50
 1016 03e0 C9       		.byte	-55
 1017 03e1 FF       		.byte	-1
 1018 03e2 CA       		.byte	-54
 1019 03e3 FF       		.byte	-1
 1020 03e4 CB       		.byte	-53
 1021 03e5 FF       		.byte	-1
 1022 03e6 CD       		.byte	-51
 1023 03e7 AF       		.byte	-81
 1024 03e8 CE       		.byte	-50
 1025 03e9 0F       		.byte	15
 1026 03ea CF       		.byte	-49
ARM GAS  C:\Users\bryan.lee\AppData\Local\Temp\ccfo2v3c.s 			page 19


 1027 03eb 04       		.byte	4
 1028 03ec D0       		.byte	-48
 1029 03ed 18       		.byte	24
 1030 03ee D6       		.byte	-42
 1031 03ef 08       		.byte	8
 1032 03f0 D9       		.byte	-39
 1033 03f1 04       		.byte	4
 1034 03f2 DA       		.byte	-38
 1035 03f3 04       		.byte	4
 1036 03f4 DB       		.byte	-37
 1037 03f5 04       		.byte	4
 1038 03f6 DD       		.byte	-35
 1039 03f7 90       		.byte	-112
 1040 03f8 DF       		.byte	-33
 1041 03f9 01       		.byte	1
 1042 03fa E0       		.byte	-32
 1043 03fb 40       		.byte	64
 1044 03fc E2       		.byte	-30
 1045 03fd C0       		.byte	-64
 1046 03fe E4       		.byte	-28
 1047 03ff 40       		.byte	64
 1048 0400 E5       		.byte	-27
 1049 0401 40       		.byte	64
 1050 0402 E6       		.byte	-26
 1051 0403 C0       		.byte	-64
 1052 0404 E8       		.byte	-24
 1053 0405 C0       		.byte	-64
 1054 0406 EA       		.byte	-22
 1055 0407 C0       		.byte	-64
 1056 0408 EC       		.byte	-20
 1057 0409 C0       		.byte	-64
 1058 040a EE       		.byte	-18
 1059 040b C0       		.byte	-64
 1060 040c 00       		.byte	0
 1061 040d 80       		.byte	-128
 1062 040e 08       		.byte	8
 1063 040f 08       		.byte	8
 1064 0410 09       		.byte	9
 1065 0411 01       		.byte	1
 1066 0412 0A       		.byte	10
 1067 0413 08       		.byte	8
 1068 0414 12       		.byte	18
 1069 0415 20       		.byte	32
 1070 0416 13       		.byte	19
 1071 0417 80       		.byte	-128
 1072 0418 18       		.byte	24
 1073 0419 44       		.byte	68
 1074 041a 1A       		.byte	26
 1075 041b 08       		.byte	8
 1076 041c 1B       		.byte	27
 1077 041d 08       		.byte	8
 1078 041e 20       		.byte	32
 1079 041f 80       		.byte	-128
 1080 0420 22       		.byte	34
 1081 0421 40       		.byte	64
 1082 0422 23       		.byte	35
 1083 0423 08       		.byte	8
ARM GAS  C:\Users\bryan.lee\AppData\Local\Temp\ccfo2v3c.s 			page 20


 1084 0424 25       		.byte	37
 1085 0425 80       		.byte	-128
 1086 0426 28       		.byte	40
 1087 0427 08       		.byte	8
 1088 0428 2B       		.byte	43
 1089 0429 08       		.byte	8
 1090 042a 30       		.byte	48
 1091 042b 08       		.byte	8
 1092 042c 31       		.byte	49
 1093 042d 80       		.byte	-128
 1094 042e 33       		.byte	51
 1095 042f 02       		.byte	2
 1096 0430 38       		.byte	56
 1097 0431 04       		.byte	4
 1098 0432 3D       		.byte	61
 1099 0433 02       		.byte	2
 1100 0434 43       		.byte	67
 1101 0435 08       		.byte	8
 1102 0436 44       		.byte	68
 1103 0437 08       		.byte	8
 1104 0438 45       		.byte	69
 1105 0439 04       		.byte	4
 1106 043a 48       		.byte	72
 1107 043b 08       		.byte	8
 1108 043c 4D       		.byte	77
 1109 043d 02       		.byte	2
 1110 043e 54       		.byte	84
 1111 043f 08       		.byte	8
 1112 0440 55       		.byte	85
 1113 0441 05       		.byte	5
 1114 0442 57       		.byte	87
 1115 0443 02       		.byte	2
 1116 0444 59       		.byte	89
 1117 0445 02       		.byte	2
 1118 0446 5A       		.byte	90
 1119 0447 80       		.byte	-128
 1120 0448 5B       		.byte	91
 1121 0449 08       		.byte	8
 1122 044a 5E       		.byte	94
 1123 044b 18       		.byte	24
 1124 044c 5F       		.byte	95
 1125 044d 42       		.byte	66
 1126 044e 61       		.byte	97
 1127 044f 01       		.byte	1
 1128 0450 64       		.byte	100
 1129 0451 80       		.byte	-128
 1130 0452 65       		.byte	101
 1131 0453 80       		.byte	-128
 1132 0454 66       		.byte	102
 1133 0455 24       		.byte	36
 1134 0456 73       		.byte	115
 1135 0457 80       		.byte	-128
 1136 0458 80       		.byte	-128
 1137 0459 80       		.byte	-128
 1138 045a 82       		.byte	-126
 1139 045b 0C       		.byte	12
 1140 045c 83       		.byte	-125
ARM GAS  C:\Users\bryan.lee\AppData\Local\Temp\ccfo2v3c.s 			page 21


 1141 045d 01       		.byte	1
 1142 045e 86       		.byte	-122
 1143 045f 61       		.byte	97
 1144 0460 8A       		.byte	-118
 1145 0461 80       		.byte	-128
 1146 0462 8D       		.byte	-115
 1147 0463 01       		.byte	1
 1148 0464 92       		.byte	-110
 1149 0465 10       		.byte	16
 1150 0466 93       		.byte	-109
 1151 0467 40       		.byte	64
 1152 0468 94       		.byte	-108
 1153 0469 40       		.byte	64
 1154 046a 96       		.byte	-106
 1155 046b 09       		.byte	9
 1156 046c 97       		.byte	-105
 1157 046d 01       		.byte	1
 1158 046e 9B       		.byte	-101
 1159 046f 02       		.byte	2
 1160 0470 9D       		.byte	-99
 1161 0471 80       		.byte	-128
 1162 0472 9E       		.byte	-98
 1163 0473 08       		.byte	8
 1164 0474 A2       		.byte	-94
 1165 0475 A4       		.byte	-92
 1166 0476 A4       		.byte	-92
 1167 0477 40       		.byte	64
 1168 0478 A6       		.byte	-90
 1169 0479 40       		.byte	64
 1170 047a B6       		.byte	-74
 1171 047b 14       		.byte	20
 1172 047c C0       		.byte	-64
 1173 047d 01       		.byte	1
 1174 047e C2       		.byte	-62
 1175 047f 0E       		.byte	14
 1176 0480 C4       		.byte	-60
 1177 0481 05       		.byte	5
 1178 0482 CA       		.byte	-54
 1179 0483 04       		.byte	4
 1180 0484 CC       		.byte	-52
 1181 0485 0B       		.byte	11
 1182 0486 CE       		.byte	-50
 1183 0487 82       		.byte	-126
 1184 0488 D0       		.byte	-48
 1185 0489 62       		.byte	98
 1186 048a D2       		.byte	-46
 1187 048b 04       		.byte	4
 1188 048c D6       		.byte	-42
 1189 048d FB       		.byte	-5
 1190 048e D8       		.byte	-40
 1191 048f F1       		.byte	-15
 1192 0490 E2       		.byte	-30
 1193 0491 80       		.byte	-128
 1194 0492 E6       		.byte	-26
 1195 0493 40       		.byte	64
 1196 0494 E8       		.byte	-24
 1197 0495 40       		.byte	64
ARM GAS  C:\Users\bryan.lee\AppData\Local\Temp\ccfo2v3c.s 			page 22


 1198 0496 EC       		.byte	-20
 1199 0497 10       		.byte	16
 1200 0498 05       		.byte	5
 1201 0499 01       		.byte	1
 1202 049a 37       		.byte	55
 1203 049b 01       		.byte	1
 1204 049c 3F       		.byte	63
 1205 049d 40       		.byte	64
 1206 049e 59       		.byte	89
 1207 049f 04       		.byte	4
 1208 04a0 5B       		.byte	91
 1209 04a1 04       		.byte	4
 1210 04a2 5F       		.byte	95
 1211 04a3 01       		.byte	1
 1212 04a4 86       		.byte	-122
 1213 04a5 01       		.byte	1
 1214 04a6 87       		.byte	-121
 1215 04a7 02       		.byte	2
 1216 04a8 8C       		.byte	-116
 1217 04a9 04       		.byte	4
 1218 04aa 9A       		.byte	-102
 1219 04ab 04       		.byte	4
 1220 04ac 9B       		.byte	-101
 1221 04ad 01       		.byte	1
 1222 04ae A6       		.byte	-90
 1223 04af 02       		.byte	2
 1224 04b0 AC       		.byte	-84
 1225 04b1 01       		.byte	1
 1226 04b2 AD       		.byte	-83
 1227 04b3 02       		.byte	2
 1228 04b4 B1       		.byte	-79
 1229 04b5 01       		.byte	1
 1230 04b6 B2       		.byte	-78
 1231 04b7 01       		.byte	1
 1232 04b8 B3       		.byte	-77
 1233 04b9 02       		.byte	2
 1234 04ba B4       		.byte	-76
 1235 04bb 04       		.byte	4
 1236 04bc B6       		.byte	-74
 1237 04bd 02       		.byte	2
 1238 04be BE       		.byte	-66
 1239 04bf 14       		.byte	20
 1240 04c0 BF       		.byte	-65
 1241 04c1 04       		.byte	4
 1242 04c2 C0       		.byte	-64
 1243 04c3 30       		.byte	48
 1244 04c4 C1       		.byte	-63
 1245 04c5 05       		.byte	5
 1246 04c6 C5       		.byte	-59
 1247 04c7 C0       		.byte	-64
 1248 04c8 C6       		.byte	-58
 1249 04c9 DE       		.byte	-34
 1250 04ca C7       		.byte	-57
 1251 04cb BF       		.byte	-65
 1252 04cc C8       		.byte	-56
 1253 04cd 3E       		.byte	62
 1254 04ce C9       		.byte	-55
ARM GAS  C:\Users\bryan.lee\AppData\Local\Temp\ccfo2v3c.s 			page 23


 1255 04cf FF       		.byte	-1
 1256 04d0 CA       		.byte	-54
 1257 04d1 FF       		.byte	-1
 1258 04d2 CB       		.byte	-53
 1259 04d3 FF       		.byte	-1
 1260 04d4 CC       		.byte	-52
 1261 04d5 EA       		.byte	-22
 1262 04d6 CD       		.byte	-51
 1263 04d7 55       		.byte	85
 1264 04d8 CE       		.byte	-50
 1265 04d9 F0       		.byte	-16
 1266 04da CF       		.byte	-49
 1267 04db 48       		.byte	72
 1268 04dc D0       		.byte	-48
 1269 04dd 1C       		.byte	28
 1270 04de D2       		.byte	-46
 1271 04df 01       		.byte	1
 1272 04e0 D4       		.byte	-44
 1273 04e1 01       		.byte	1
 1274 04e2 D6       		.byte	-42
 1275 04e3 04       		.byte	4
 1276 04e4 D8       		.byte	-40
 1277 04e5 04       		.byte	4
 1278 04e6 D9       		.byte	-39
 1279 04e7 04       		.byte	4
 1280 04e8 DA       		.byte	-38
 1281 04e9 04       		.byte	4
 1282 04ea DB       		.byte	-37
 1283 04eb 04       		.byte	4
 1284 04ec DC       		.byte	-36
 1285 04ed 01       		.byte	1
 1286 04ee DD       		.byte	-35
 1287 04ef 11       		.byte	17
 1288 04f0 DF       		.byte	-33
 1289 04f1 01       		.byte	1
 1290 04f2 E1       		.byte	-31
 1291 04f3 08       		.byte	8
 1292 04f4 E3       		.byte	-29
 1293 04f5 08       		.byte	8
 1294 04f6 E5       		.byte	-27
 1295 04f7 08       		.byte	8
 1296 04f8 E7       		.byte	-25
 1297 04f9 08       		.byte	8
 1298 04fa E8       		.byte	-24
 1299 04fb 50       		.byte	80
 1300 04fc E9       		.byte	-23
 1301 04fd 0A       		.byte	10
 1302 04fe EA       		.byte	-22
 1303 04ff 40       		.byte	64
 1304 0500 EB       		.byte	-21
 1305 0501 A8       		.byte	-88
 1306 0502 EC       		.byte	-20
 1307 0503 C0       		.byte	-64
 1308 0504 EE       		.byte	-18
 1309 0505 40       		.byte	64
 1310 0506 EF       		.byte	-17
 1311 0507 A8       		.byte	-88
ARM GAS  C:\Users\bryan.lee\AppData\Local\Temp\ccfo2v3c.s 			page 24


 1312 0508 00       		.byte	0
 1313 0509 80       		.byte	-128
 1314 050a 02       		.byte	2
 1315 050b 20       		.byte	32
 1316 050c 0A       		.byte	10
 1317 050d 08       		.byte	8
 1318 050e 11       		.byte	17
 1319 050f 04       		.byte	4
 1320 0510 12       		.byte	18
 1321 0511 02       		.byte	2
 1322 0512 19       		.byte	25
 1323 0513 44       		.byte	68
 1324 0514 1B       		.byte	27
 1325 0515 20       		.byte	32
 1326 0516 20       		.byte	32
 1327 0517 10       		.byte	16
 1328 0518 22       		.byte	34
 1329 0519 02       		.byte	2
 1330 051a 26       		.byte	38
 1331 051b 80       		.byte	-128
 1332 051c 29       		.byte	41
 1333 051d 40       		.byte	64
 1334 051e 32       		.byte	50
 1335 051f 20       		.byte	32
 1336 0520 38       		.byte	56
 1337 0521 08       		.byte	8
 1338 0522 39       		.byte	57
 1339 0523 04       		.byte	4
 1340 0524 3D       		.byte	61
 1341 0525 04       		.byte	4
 1342 0526 40       		.byte	64
 1343 0527 10       		.byte	16
 1344 0528 48       		.byte	72
 1345 0529 01       		.byte	1
 1346 052a 49       		.byte	73
 1347 052b 01       		.byte	1
 1348 052c 51       		.byte	81
 1349 052d 88       		.byte	-120
 1350 052e 52       		.byte	82
 1351 052f 10       		.byte	16
 1352 0530 53       		.byte	83
 1353 0531 02       		.byte	2
 1354 0532 59       		.byte	89
 1355 0533 01       		.byte	1
 1356 0534 5B       		.byte	91
 1357 0535 40       		.byte	64
 1358 0536 5D       		.byte	93
 1359 0537 A8       		.byte	-88
 1360 0538 5E       		.byte	94
 1361 0539 01       		.byte	1
 1362 053a 61       		.byte	97
 1363 053b 88       		.byte	-120
 1364 053c 62       		.byte	98
 1365 053d 10       		.byte	16
 1366 053e 63       		.byte	99
 1367 053f 80       		.byte	-128
 1368 0540 64       		.byte	100
ARM GAS  C:\Users\bryan.lee\AppData\Local\Temp\ccfo2v3c.s 			page 25


 1369 0541 40       		.byte	64
 1370 0542 66       		.byte	102
 1371 0543 28       		.byte	40
 1372 0544 67       		.byte	103
 1373 0545 01       		.byte	1
 1374 0546 68       		.byte	104
 1375 0547 01       		.byte	1
 1376 0548 80       		.byte	-128
 1377 0549 10       		.byte	16
 1378 054a 83       		.byte	-125
 1379 054b 40       		.byte	64
 1380 054c 87       		.byte	-121
 1381 054d 02       		.byte	2
 1382 054e 90       		.byte	-112
 1383 054f 08       		.byte	8
 1384 0550 93       		.byte	-109
 1385 0551 40       		.byte	64
 1386 0552 94       		.byte	-108
 1387 0553 40       		.byte	64
 1388 0554 98       		.byte	-104
 1389 0555 40       		.byte	64
 1390 0556 99       		.byte	-103
 1391 0557 28       		.byte	40
 1392 0558 9A       		.byte	-102
 1393 0559 20       		.byte	32
 1394 055a 9B       		.byte	-101
 1395 055b 02       		.byte	2
 1396 055c 9D       		.byte	-99
 1397 055d 04       		.byte	4
 1398 055e A2       		.byte	-94
 1399 055f 20       		.byte	32
 1400 0560 A6       		.byte	-90
 1401 0561 40       		.byte	64
 1402 0562 A7       		.byte	-89
 1403 0563 60       		.byte	96
 1404 0564 A8       		.byte	-88
 1405 0565 08       		.byte	8
 1406 0566 AD       		.byte	-83
 1407 0567 80       		.byte	-128
 1408 0568 AF       		.byte	-81
 1409 0569 29       		.byte	41
 1410 056a B3       		.byte	-77
 1411 056b 02       		.byte	2
 1412 056c C0       		.byte	-64
 1413 056d 05       		.byte	5
 1414 056e C2       		.byte	-62
 1415 056f 02       		.byte	2
 1416 0570 C4       		.byte	-60
 1417 0571 05       		.byte	5
 1418 0572 CA       		.byte	-54
 1419 0573 08       		.byte	8
 1420 0574 CC       		.byte	-52
 1421 0575 04       		.byte	4
 1422 0576 CE       		.byte	-50
 1423 0577 42       		.byte	66
 1424 0578 D0       		.byte	-48
 1425 0579 02       		.byte	2
ARM GAS  C:\Users\bryan.lee\AppData\Local\Temp\ccfo2v3c.s 			page 26


 1426 057a D2       		.byte	-46
 1427 057b 08       		.byte	8
 1428 057c D6       		.byte	-42
 1429 057d F9       		.byte	-7
 1430 057e D8       		.byte	-40
 1431 057f FF       		.byte	-1
 1432 0580 E8       		.byte	-24
 1433 0581 20       		.byte	32
 1434 0582 EE       		.byte	-18
 1435 0583 02       		.byte	2
 1436 0584 AC       		.byte	-84
 1437 0585 04       		.byte	4
 1438 0586 32       		.byte	50
 1439 0587 08       		.byte	8
 1440 0588 33       		.byte	51
 1441 0589 10       		.byte	16
 1442 058a 35       		.byte	53
 1443 058b 80       		.byte	-128
 1444 058c CC       		.byte	-52
 1445 058d 70       		.byte	112
 1446 058e 00       		.byte	0
 1447 058f 08       		.byte	8
 1448 0590 01       		.byte	1
 1449 0591 40       		.byte	64
 1450 0592 04       		.byte	4
 1451 0593 80       		.byte	-128
 1452 0594 07       		.byte	7
 1453 0595 80       		.byte	-128
 1454 0596 0A       		.byte	10
 1455 0597 22       		.byte	34
 1456 0598 0E       		.byte	14
 1457 0599 80       		.byte	-128
 1458 059a 0F       		.byte	15
 1459 059b 01       		.byte	1
 1460 059c 83       		.byte	-125
 1461 059d 90       		.byte	-112
 1462 059e 9D       		.byte	-99
 1463 059f 80       		.byte	-128
 1464 05a0 9F       		.byte	-97
 1465 05a1 10       		.byte	16
 1466 05a2 A6       		.byte	-90
 1467 05a3 08       		.byte	8
 1468 05a4 C0       		.byte	-64
 1469 05a5 F0       		.byte	-16
 1470 05a6 C2       		.byte	-62
 1471 05a7 F0       		.byte	-16
 1472 05a8 E0       		.byte	-32
 1473 05a9 80       		.byte	-128
 1474 05aa E2       		.byte	-30
 1475 05ab 20       		.byte	32
 1476 05ac 12       		.byte	18
 1477 05ad 20       		.byte	32
 1478 05ae 63       		.byte	99
 1479 05af 01       		.byte	1
 1480 05b0 83       		.byte	-125
 1481 05b1 01       		.byte	1
 1482 05b2 8A       		.byte	-118
ARM GAS  C:\Users\bryan.lee\AppData\Local\Temp\ccfo2v3c.s 			page 27


 1483 05b3 08       		.byte	8
 1484 05b4 90       		.byte	-112
 1485 05b5 80       		.byte	-128
 1486 05b6 91       		.byte	-111
 1487 05b7 40       		.byte	64
 1488 05b8 92       		.byte	-110
 1489 05b9 22       		.byte	34
 1490 05ba 9D       		.byte	-99
 1491 05bb 80       		.byte	-128
 1492 05bc A2       		.byte	-94
 1493 05bd 40       		.byte	64
 1494 05be A6       		.byte	-90
 1495 05bf 08       		.byte	8
 1496 05c0 AB       		.byte	-85
 1497 05c1 01       		.byte	1
 1498 05c2 AC       		.byte	-84
 1499 05c3 04       		.byte	4
 1500 05c4 C4       		.byte	-60
 1501 05c5 10       		.byte	16
 1502 05c6 D6       		.byte	-42
 1503 05c7 40       		.byte	64
 1504 05c8 E2       		.byte	-30
 1505 05c9 80       		.byte	-128
 1506 05ca E8       		.byte	-24
 1507 05cb 80       		.byte	-128
 1508 05cc EC       		.byte	-20
 1509 05cd 40       		.byte	64
 1510 05ce 8A       		.byte	-118
 1511 05cf 40       		.byte	64
 1512 05d0 90       		.byte	-112
 1513 05d1 80       		.byte	-128
 1514 05d2 91       		.byte	-111
 1515 05d3 40       		.byte	64
 1516 05d4 92       		.byte	-110
 1517 05d5 22       		.byte	34
 1518 05d6 9D       		.byte	-99
 1519 05d7 80       		.byte	-128
 1520 05d8 A2       		.byte	-94
 1521 05d9 40       		.byte	64
 1522 05da AA       		.byte	-86
 1523 05db 20       		.byte	32
 1524 05dc EC       		.byte	-20
 1525 05dd 80       		.byte	-128
 1526 05de 00       		.byte	0
 1527 05df 01       		.byte	1
 1528 05e0 01       		.byte	1
 1529 05e1 10       		.byte	16
 1530 05e2 05       		.byte	5
 1531 05e3 20       		.byte	32
 1532 05e4 80       		.byte	-128
 1533 05e5 01       		.byte	1
 1534 05e6 85       		.byte	-123
 1535 05e7 10       		.byte	16
 1536 05e8 C0       		.byte	-64
 1537 05e9 0B       		.byte	11
 1538 05ea A9       		.byte	-87
 1539 05eb 20       		.byte	32
ARM GAS  C:\Users\bryan.lee\AppData\Local\Temp\ccfo2v3c.s 			page 28


 1540 05ec 23       		.byte	35
 1541 05ed 20       		.byte	32
 1542 05ee 87       		.byte	-121
 1543 05ef 40       		.byte	64
 1544 05f0 90       		.byte	-112
 1545 05f1 80       		.byte	-128
 1546 05f2 92       		.byte	-110
 1547 05f3 20       		.byte	32
 1548 05f4 9D       		.byte	-99
 1549 05f5 80       		.byte	-128
 1550 05f6 A9       		.byte	-87
 1551 05f7 40       		.byte	64
 1552 05f8 B2       		.byte	-78
 1553 05f9 01       		.byte	1
 1554 05fa C8       		.byte	-56
 1555 05fb 40       		.byte	64
 1556 05fc E2       		.byte	-30
 1557 05fd 10       		.byte	16
 1558 05fe EC       		.byte	-20
 1559 05ff 20       		.byte	32
 1560 0600 02       		.byte	2
 1561 0601 20       		.byte	32
 1562 0602 53       		.byte	83
 1563 0603 04       		.byte	4
 1564 0604 5B       		.byte	91
 1565 0605 20       		.byte	32
 1566 0606 67       		.byte	103
 1567 0607 80       		.byte	-128
 1568 0608 86       		.byte	-122
 1569 0609 20       		.byte	32
 1570 060a 8B       		.byte	-117
 1571 060b 04       		.byte	4
 1572 060c 8D       		.byte	-115
 1573 060d 80       		.byte	-128
 1574 060e 93       		.byte	-109
 1575 060f 80       		.byte	-128
 1576 0610 9B       		.byte	-101
 1577 0611 20       		.byte	32
 1578 0612 9D       		.byte	-99
 1579 0613 80       		.byte	-128
 1580 0614 B4       		.byte	-76
 1581 0615 40       		.byte	64
 1582 0616 B6       		.byte	-74
 1583 0617 10       		.byte	16
 1584 0618 C0       		.byte	-64
 1585 0619 10       		.byte	16
 1586 061a D4       		.byte	-44
 1587 061b A0       		.byte	-96
 1588 061c D8       		.byte	-40
 1589 061d 80       		.byte	-128
 1590 061e E4       		.byte	-28
 1591 061f 40       		.byte	64
 1592 0620 00       		.byte	0
 1593 0621 03       		.byte	3
 1594 0622 01       		.byte	1
 1595 0623 01       		.byte	1
 1596 0624 08       		.byte	8
ARM GAS  C:\Users\bryan.lee\AppData\Local\Temp\ccfo2v3c.s 			page 29


 1597 0625 01       		.byte	1
 1598 0626 09       		.byte	9
 1599 0627 01       		.byte	1
 1600 0628 0A       		.byte	10
 1601 0629 03       		.byte	3
 1602 062a 0B       		.byte	11
 1603 062b 01       		.byte	1
 1604 062c 10       		.byte	16
 1605 062d 03       		.byte	3
 1606 062e 11       		.byte	17
 1607 062f 01       		.byte	1
 1608 0630 1A       		.byte	26
 1609 0631 03       		.byte	3
 1610 0632 1B       		.byte	27
 1611 0633 01       		.byte	1
 1612 0634 00       		.byte	0
 1613 0635 3F       		.byte	63
 1614 0636 00       		.byte	0
 1615 0637 00       		.byte	0
 1616 0638 0F       		.byte	15
 1617 0639 00       		.byte	0
 1618 063a F0       		.byte	-16
 1619 063b 0F       		.byte	15
 1620 063c 00       		.byte	0
 1621 063d 00       		.byte	0
 1622 063e 00       		.byte	0
 1623 063f 00       		.byte	0
 1624 0640 00       		.byte	0
 1625 0641 00       		.byte	0
 1626 0642 00       		.byte	0
 1627 0643 00       		.byte	0
 1628 0644 00       		.byte	0
 1629 0645 0B       		.byte	11
 1630 0646 0B       		.byte	11
 1631 0647 00       		.byte	0
 1632 0648 00       		.byte	0
 1633 0649 00       		.byte	0
 1634 064a 00       		.byte	0
 1635 064b 00       		.byte	0
 1636 064c 00       		.byte	0
 1637 064d 7F       		.byte	127
 1638 064e 7F       		.byte	127
 1639 064f 00       		.byte	0
 1640 0650 00       		.byte	0
 1641 0651 00       		.byte	0
 1642 0652 00       		.byte	0
 1643 0653 00       		.byte	0
 1644 0654 81       		.byte	-127
 1645 0655 00       		.byte	0
 1646 0656 00       		.byte	0
 1647 0657 07       		.byte	7
 1648 0658 86       		.byte	-122
 1649 0659 00       		.byte	0
 1650 065a 86       		.byte	-122
 1651 065b 00       		.byte	0
 1652 065c 00       		.byte	0
 1653 065d 00       		.byte	0
ARM GAS  C:\Users\bryan.lee\AppData\Local\Temp\ccfo2v3c.s 			page 30


 1654 065e 00       		.byte	0
 1655 065f 00       		.byte	0
 1656 0660 00       		.byte	0
 1657 0661 00       		.byte	0
 1658 0662 00       		.byte	0
 1659 0663 00       		.byte	0
 1660 0664 00       		.byte	0
 1661 0665 00       		.byte	0
 1662 0666 E0       		.byte	-32
 1663 0667 00       		.byte	0
 1664 0668 40       		.byte	64
 1665 0669 00       		.byte	0
 1666 066a 00       		.byte	0
 1667 066b 40       		.byte	64
 1668 066c 00       		.byte	0
 1669 066d 00       		.byte	0
 1670 066e 00       		.byte	0
 1671 066f 00       		.byte	0
 1672 0670 00       		.byte	0
 1673 0671 00       		.byte	0
 1674 0672 00       		.byte	0
 1675 0673 00       		.byte	0
 1676 0674 0D       		.byte	13
 1677 0675 00       		.byte	0
 1678 0676 0D       		.byte	13
 1679 0677 00       		.byte	0
 1680 0678 00       		.byte	0
 1681 0679 00       		.byte	0
 1682 067a 00       		.byte	0
 1683 067b 00       		.byte	0
 1684              		.global	cy_meta_custnvl
 1685              		.section	.cycustnvl,"a",%progbits
 1686              		.align	2
 1687              		.type	cy_meta_custnvl, %object
 1688              		.size	cy_meta_custnvl, 4
 1689              	cy_meta_custnvl:
 1690 0000 00       		.byte	0
 1691 0001 00       		.byte	0
 1692 0002 40       		.byte	64
 1693 0003 05       		.byte	5
 1694              		.global	cy_meta_wonvl
 1695              		.section	.cywolatch,"a",%progbits
 1696              		.align	2
 1697              		.type	cy_meta_wonvl, %object
 1698              		.size	cy_meta_wonvl, 4
 1699              	cy_meta_wonvl:
 1700 0000 BC       		.byte	-68
 1701 0001 90       		.byte	-112
 1702 0002 AC       		.byte	-84
 1703 0003 AF       		.byte	-81
 1704              		.global	cy_meta_flashprotect
 1705              		.section	.cyflashprotect,"a",%progbits
 1706              		.align	2
 1707              		.type	cy_meta_flashprotect, %object
 1708              		.size	cy_meta_flashprotect, 256
 1709              	cy_meta_flashprotect:
 1710 0000 00000000 		.space	256
ARM GAS  C:\Users\bryan.lee\AppData\Local\Temp\ccfo2v3c.s 			page 31


 1710      00000000 
 1710      00000000 
 1710      00000000 
 1710      00000000 
 1711              		.global	cy_metadata
 1712              		.section	.cymeta,"a",%progbits
 1713              		.align	2
 1714              		.type	cy_metadata, %object
 1715              		.size	cy_metadata, 12
 1716              	cy_metadata:
 1717 0000 00       		.byte	0
 1718 0001 01       		.byte	1
 1719 0002 2E       		.byte	46
 1720 0003 12       		.byte	18
 1721 0004 00       		.byte	0
 1722 0005 69       		.byte	105
 1723 0006 00       		.byte	0
 1724 0007 01       		.byte	1
 1725 0008 00       		.byte	0
 1726 0009 00       		.byte	0
 1727 000a 00       		.byte	0
 1728 000b 00       		.byte	0
 1729              		.text
 1730              	.Letext0:
 1731              		.file 1 "Generated_Source\\PSoC5\\cymetadata.c"
 1732              		.file 2 "Generated_Source\\PSoC5\\cytypes.h"
 1733              		.section	.debug_info,"",%progbits
 1734              	.Ldebug_info0:
 1735 0000 3A010000 		.4byte	0x13a
 1736 0004 0400     		.2byte	0x4
 1737 0006 00000000 		.4byte	.Ldebug_abbrev0
 1738 000a 04       		.byte	0x4
 1739 000b 01       		.uleb128 0x1
 1740 000c 4C000000 		.4byte	.LASF18
 1741 0010 01       		.byte	0x1
 1742 0011 D0010000 		.4byte	.LASF19
 1743 0015 00000000 		.4byte	.LASF20
 1744 0019 00000000 		.4byte	.Ldebug_line0
 1745 001d 02       		.uleb128 0x2
 1746 001e 01       		.byte	0x1
 1747 001f 06       		.byte	0x6
 1748 0020 C4010000 		.4byte	.LASF0
 1749 0024 02       		.uleb128 0x2
 1750 0025 01       		.byte	0x1
 1751 0026 08       		.byte	0x8
 1752 0027 EC000000 		.4byte	.LASF1
 1753 002b 02       		.uleb128 0x2
 1754 002c 02       		.byte	0x2
 1755 002d 05       		.byte	0x5
 1756 002e AB010000 		.4byte	.LASF2
 1757 0032 02       		.uleb128 0x2
 1758 0033 02       		.byte	0x2
 1759 0034 07       		.byte	0x7
 1760 0035 0C010000 		.4byte	.LASF3
 1761 0039 02       		.uleb128 0x2
 1762 003a 04       		.byte	0x4
 1763 003b 05       		.byte	0x5
ARM GAS  C:\Users\bryan.lee\AppData\Local\Temp\ccfo2v3c.s 			page 32


 1764 003c BB010000 		.4byte	.LASF4
 1765 0040 02       		.uleb128 0x2
 1766 0041 04       		.byte	0x4
 1767 0042 07       		.byte	0x7
 1768 0043 FA000000 		.4byte	.LASF5
 1769 0047 02       		.uleb128 0x2
 1770 0048 08       		.byte	0x8
 1771 0049 05       		.byte	0x5
 1772 004a 98010000 		.4byte	.LASF6
 1773 004e 02       		.uleb128 0x2
 1774 004f 08       		.byte	0x8
 1775 0050 07       		.byte	0x7
 1776 0051 55010000 		.4byte	.LASF7
 1777 0055 03       		.uleb128 0x3
 1778 0056 04       		.byte	0x4
 1779 0057 05       		.byte	0x5
 1780 0058 696E7400 		.ascii	"int\000"
 1781 005c 02       		.uleb128 0x2
 1782 005d 04       		.byte	0x4
 1783 005e 07       		.byte	0x7
 1784 005f 48010000 		.4byte	.LASF8
 1785 0063 04       		.uleb128 0x4
 1786 0064 B5010000 		.4byte	.LASF21
 1787 0068 02       		.byte	0x2
 1788 0069 9201     		.2byte	0x192
 1789 006b 24000000 		.4byte	0x24
 1790 006f 02       		.uleb128 0x2
 1791 0070 04       		.byte	0x4
 1792 0071 04       		.byte	0x4
 1793 0072 E6000000 		.4byte	.LASF9
 1794 0076 02       		.uleb128 0x2
 1795 0077 08       		.byte	0x8
 1796 0078 04       		.byte	0x4
 1797 0079 1F010000 		.4byte	.LASF10
 1798 007d 02       		.uleb128 0x2
 1799 007e 01       		.byte	0x1
 1800 007f 08       		.byte	0x8
 1801 0080 A6010000 		.4byte	.LASF11
 1802 0084 05       		.uleb128 0x5
 1803 0085 63000000 		.4byte	0x63
 1804 0089 95000000 		.4byte	0x95
 1805 008d 06       		.uleb128 0x6
 1806 008e 95000000 		.4byte	0x95
 1807 0092 7B06     		.2byte	0x67b
 1808 0094 00       		.byte	0
 1809 0095 02       		.uleb128 0x2
 1810 0096 04       		.byte	0x4
 1811 0097 07       		.byte	0x7
 1812 0098 8F010000 		.4byte	.LASF12
 1813 009c 07       		.uleb128 0x7
 1814 009d 36010000 		.4byte	.LASF13
 1815 00a1 01       		.byte	0x1
 1816 00a2 1F       		.byte	0x1f
 1817 00a3 AD000000 		.4byte	0xad
 1818 00a7 05       		.uleb128 0x5
 1819 00a8 03       		.byte	0x3
 1820 00a9 00000000 		.4byte	cy_meta_configecc
ARM GAS  C:\Users\bryan.lee\AppData\Local\Temp\ccfo2v3c.s 			page 33


 1821 00ad 08       		.uleb128 0x8
 1822 00ae 84000000 		.4byte	0x84
 1823 00b2 05       		.uleb128 0x5
 1824 00b3 63000000 		.4byte	0x63
 1825 00b7 C2000000 		.4byte	0xc2
 1826 00bb 09       		.uleb128 0x9
 1827 00bc 95000000 		.4byte	0x95
 1828 00c0 03       		.byte	0x3
 1829 00c1 00       		.byte	0
 1830 00c2 07       		.uleb128 0x7
 1831 00c3 26010000 		.4byte	.LASF14
 1832 00c7 01       		.byte	0x1
 1833 00c8 FC       		.byte	0xfc
 1834 00c9 D3000000 		.4byte	0xd3
 1835 00cd 05       		.uleb128 0x5
 1836 00ce 03       		.byte	0x3
 1837 00cf 00000000 		.4byte	cy_meta_custnvl
 1838 00d3 08       		.uleb128 0x8
 1839 00d4 B2000000 		.4byte	0xb2
 1840 00d8 0A       		.uleb128 0xa
 1841 00d9 81010000 		.4byte	.LASF15
 1842 00dd 01       		.byte	0x1
 1843 00de 0A01     		.2byte	0x10a
 1844 00e0 EA000000 		.4byte	0xea
 1845 00e4 05       		.uleb128 0x5
 1846 00e5 03       		.byte	0x3
 1847 00e6 00000000 		.4byte	cy_meta_wonvl
 1848 00ea 08       		.uleb128 0x8
 1849 00eb B2000000 		.4byte	0xb2
 1850 00ef 05       		.uleb128 0x5
 1851 00f0 63000000 		.4byte	0x63
 1852 00f4 FF000000 		.4byte	0xff
 1853 00f8 09       		.uleb128 0x9
 1854 00f9 95000000 		.4byte	0x95
 1855 00fd FF       		.byte	0xff
 1856 00fe 00       		.byte	0
 1857 00ff 0A       		.uleb128 0xa
 1858 0100 6C010000 		.4byte	.LASF16
 1859 0104 01       		.byte	0x1
 1860 0105 1801     		.2byte	0x118
 1861 0107 11010000 		.4byte	0x111
 1862 010b 05       		.uleb128 0x5
 1863 010c 03       		.byte	0x3
 1864 010d 00000000 		.4byte	cy_meta_flashprotect
 1865 0111 08       		.uleb128 0x8
 1866 0112 EF000000 		.4byte	0xef
 1867 0116 05       		.uleb128 0x5
 1868 0117 63000000 		.4byte	0x63
 1869 011b 26010000 		.4byte	0x126
 1870 011f 09       		.uleb128 0x9
 1871 0120 95000000 		.4byte	0x95
 1872 0124 0B       		.byte	0xb
 1873 0125 00       		.byte	0
 1874 0126 0A       		.uleb128 0xa
 1875 0127 DA000000 		.4byte	.LASF17
 1876 012b 01       		.byte	0x1
 1877 012c 4501     		.2byte	0x145
ARM GAS  C:\Users\bryan.lee\AppData\Local\Temp\ccfo2v3c.s 			page 34


 1878 012e 38010000 		.4byte	0x138
 1879 0132 05       		.uleb128 0x5
 1880 0133 03       		.byte	0x3
 1881 0134 00000000 		.4byte	cy_metadata
 1882 0138 08       		.uleb128 0x8
 1883 0139 16010000 		.4byte	0x116
 1884 013d 00       		.byte	0
 1885              		.section	.debug_abbrev,"",%progbits
 1886              	.Ldebug_abbrev0:
 1887 0000 01       		.uleb128 0x1
 1888 0001 11       		.uleb128 0x11
 1889 0002 01       		.byte	0x1
 1890 0003 25       		.uleb128 0x25
 1891 0004 0E       		.uleb128 0xe
 1892 0005 13       		.uleb128 0x13
 1893 0006 0B       		.uleb128 0xb
 1894 0007 03       		.uleb128 0x3
 1895 0008 0E       		.uleb128 0xe
 1896 0009 1B       		.uleb128 0x1b
 1897 000a 0E       		.uleb128 0xe
 1898 000b 10       		.uleb128 0x10
 1899 000c 17       		.uleb128 0x17
 1900 000d 00       		.byte	0
 1901 000e 00       		.byte	0
 1902 000f 02       		.uleb128 0x2
 1903 0010 24       		.uleb128 0x24
 1904 0011 00       		.byte	0
 1905 0012 0B       		.uleb128 0xb
 1906 0013 0B       		.uleb128 0xb
 1907 0014 3E       		.uleb128 0x3e
 1908 0015 0B       		.uleb128 0xb
 1909 0016 03       		.uleb128 0x3
 1910 0017 0E       		.uleb128 0xe
 1911 0018 00       		.byte	0
 1912 0019 00       		.byte	0
 1913 001a 03       		.uleb128 0x3
 1914 001b 24       		.uleb128 0x24
 1915 001c 00       		.byte	0
 1916 001d 0B       		.uleb128 0xb
 1917 001e 0B       		.uleb128 0xb
 1918 001f 3E       		.uleb128 0x3e
 1919 0020 0B       		.uleb128 0xb
 1920 0021 03       		.uleb128 0x3
 1921 0022 08       		.uleb128 0x8
 1922 0023 00       		.byte	0
 1923 0024 00       		.byte	0
 1924 0025 04       		.uleb128 0x4
 1925 0026 16       		.uleb128 0x16
 1926 0027 00       		.byte	0
 1927 0028 03       		.uleb128 0x3
 1928 0029 0E       		.uleb128 0xe
 1929 002a 3A       		.uleb128 0x3a
 1930 002b 0B       		.uleb128 0xb
 1931 002c 3B       		.uleb128 0x3b
 1932 002d 05       		.uleb128 0x5
 1933 002e 49       		.uleb128 0x49
 1934 002f 13       		.uleb128 0x13
ARM GAS  C:\Users\bryan.lee\AppData\Local\Temp\ccfo2v3c.s 			page 35


 1935 0030 00       		.byte	0
 1936 0031 00       		.byte	0
 1937 0032 05       		.uleb128 0x5
 1938 0033 01       		.uleb128 0x1
 1939 0034 01       		.byte	0x1
 1940 0035 49       		.uleb128 0x49
 1941 0036 13       		.uleb128 0x13
 1942 0037 01       		.uleb128 0x1
 1943 0038 13       		.uleb128 0x13
 1944 0039 00       		.byte	0
 1945 003a 00       		.byte	0
 1946 003b 06       		.uleb128 0x6
 1947 003c 21       		.uleb128 0x21
 1948 003d 00       		.byte	0
 1949 003e 49       		.uleb128 0x49
 1950 003f 13       		.uleb128 0x13
 1951 0040 2F       		.uleb128 0x2f
 1952 0041 05       		.uleb128 0x5
 1953 0042 00       		.byte	0
 1954 0043 00       		.byte	0
 1955 0044 07       		.uleb128 0x7
 1956 0045 34       		.uleb128 0x34
 1957 0046 00       		.byte	0
 1958 0047 03       		.uleb128 0x3
 1959 0048 0E       		.uleb128 0xe
 1960 0049 3A       		.uleb128 0x3a
 1961 004a 0B       		.uleb128 0xb
 1962 004b 3B       		.uleb128 0x3b
 1963 004c 0B       		.uleb128 0xb
 1964 004d 49       		.uleb128 0x49
 1965 004e 13       		.uleb128 0x13
 1966 004f 3F       		.uleb128 0x3f
 1967 0050 19       		.uleb128 0x19
 1968 0051 02       		.uleb128 0x2
 1969 0052 18       		.uleb128 0x18
 1970 0053 00       		.byte	0
 1971 0054 00       		.byte	0
 1972 0055 08       		.uleb128 0x8
 1973 0056 26       		.uleb128 0x26
 1974 0057 00       		.byte	0
 1975 0058 49       		.uleb128 0x49
 1976 0059 13       		.uleb128 0x13
 1977 005a 00       		.byte	0
 1978 005b 00       		.byte	0
 1979 005c 09       		.uleb128 0x9
 1980 005d 21       		.uleb128 0x21
 1981 005e 00       		.byte	0
 1982 005f 49       		.uleb128 0x49
 1983 0060 13       		.uleb128 0x13
 1984 0061 2F       		.uleb128 0x2f
 1985 0062 0B       		.uleb128 0xb
 1986 0063 00       		.byte	0
 1987 0064 00       		.byte	0
 1988 0065 0A       		.uleb128 0xa
 1989 0066 34       		.uleb128 0x34
 1990 0067 00       		.byte	0
 1991 0068 03       		.uleb128 0x3
ARM GAS  C:\Users\bryan.lee\AppData\Local\Temp\ccfo2v3c.s 			page 36


 1992 0069 0E       		.uleb128 0xe
 1993 006a 3A       		.uleb128 0x3a
 1994 006b 0B       		.uleb128 0xb
 1995 006c 3B       		.uleb128 0x3b
 1996 006d 05       		.uleb128 0x5
 1997 006e 49       		.uleb128 0x49
 1998 006f 13       		.uleb128 0x13
 1999 0070 3F       		.uleb128 0x3f
 2000 0071 19       		.uleb128 0x19
 2001 0072 02       		.uleb128 0x2
 2002 0073 18       		.uleb128 0x18
 2003 0074 00       		.byte	0
 2004 0075 00       		.byte	0
 2005 0076 00       		.byte	0
 2006              		.section	.debug_aranges,"",%progbits
 2007 0000 14000000 		.4byte	0x14
 2008 0004 0200     		.2byte	0x2
 2009 0006 00000000 		.4byte	.Ldebug_info0
 2010 000a 04       		.byte	0x4
 2011 000b 00       		.byte	0
 2012 000c 0000     		.2byte	0
 2013 000e 0000     		.2byte	0
 2014 0010 00000000 		.4byte	0
 2015 0014 00000000 		.4byte	0
 2016              		.section	.debug_line,"",%progbits
 2017              	.Ldebug_line0:
 2018 0000 4D000000 		.section	.debug_str,"MS",%progbits,1
 2018      02004700 
 2018      00000201 
 2018      FB0E0D00 
 2018      01010101 
 2019              	.LASF20:
 2020 0000 433A5C55 		.ascii	"C:\\Users\\bryan.lee\\Documents\\PSoC Creator\\Puls"
 2020      73657273 
 2020      5C627279 
 2020      616E2E6C 
 2020      65655C44 
 2021 002e 655F7073 		.ascii	"e_psoc5\\Combine\\Combine.cydsn\000"
 2021      6F63355C 
 2021      436F6D62 
 2021      696E655C 
 2021      436F6D62 
 2022              	.LASF18:
 2023 004c 474E5520 		.ascii	"GNU C 4.9.3 20150303 (release) [ARM/embedded-4_9-br"
 2023      4320342E 
 2023      392E3320 
 2023      32303135 
 2023      30333033 
 2024 007f 616E6368 		.ascii	"anch revision 221220] -mcpu=cortex-m3 -mthumb -g -O"
 2024      20726576 
 2024      6973696F 
 2024      6E203232 
 2024      31323230 
 2025 00b2 30202D66 		.ascii	"0 -ffunction-sections -ffat-lto-objects\000"
 2025      66756E63 
 2025      74696F6E 
 2025      2D736563 
ARM GAS  C:\Users\bryan.lee\AppData\Local\Temp\ccfo2v3c.s 			page 37


 2025      74696F6E 
 2026              	.LASF17:
 2027 00da 63795F6D 		.ascii	"cy_metadata\000"
 2027      65746164 
 2027      61746100 
 2028              	.LASF9:
 2029 00e6 666C6F61 		.ascii	"float\000"
 2029      7400
 2030              	.LASF1:
 2031 00ec 756E7369 		.ascii	"unsigned char\000"
 2031      676E6564 
 2031      20636861 
 2031      7200
 2032              	.LASF5:
 2033 00fa 6C6F6E67 		.ascii	"long unsigned int\000"
 2033      20756E73 
 2033      69676E65 
 2033      6420696E 
 2033      7400
 2034              	.LASF3:
 2035 010c 73686F72 		.ascii	"short unsigned int\000"
 2035      7420756E 
 2035      7369676E 
 2035      65642069 
 2035      6E7400
 2036              	.LASF10:
 2037 011f 646F7562 		.ascii	"double\000"
 2037      6C6500
 2038              	.LASF14:
 2039 0126 63795F6D 		.ascii	"cy_meta_custnvl\000"
 2039      6574615F 
 2039      63757374 
 2039      6E766C00 
 2040              	.LASF13:
 2041 0136 63795F6D 		.ascii	"cy_meta_configecc\000"
 2041      6574615F 
 2041      636F6E66 
 2041      69676563 
 2041      6300
 2042              	.LASF8:
 2043 0148 756E7369 		.ascii	"unsigned int\000"
 2043      676E6564 
 2043      20696E74 
 2043      00
 2044              	.LASF7:
 2045 0155 6C6F6E67 		.ascii	"long long unsigned int\000"
 2045      206C6F6E 
 2045      6720756E 
 2045      7369676E 
 2045      65642069 
 2046              	.LASF16:
 2047 016c 63795F6D 		.ascii	"cy_meta_flashprotect\000"
 2047      6574615F 
 2047      666C6173 
 2047      6870726F 
 2047      74656374 
 2048              	.LASF15:
ARM GAS  C:\Users\bryan.lee\AppData\Local\Temp\ccfo2v3c.s 			page 38


 2049 0181 63795F6D 		.ascii	"cy_meta_wonvl\000"
 2049      6574615F 
 2049      776F6E76 
 2049      6C00
 2050              	.LASF12:
 2051 018f 73697A65 		.ascii	"sizetype\000"
 2051      74797065 
 2051      00
 2052              	.LASF6:
 2053 0198 6C6F6E67 		.ascii	"long long int\000"
 2053      206C6F6E 
 2053      6720696E 
 2053      7400
 2054              	.LASF11:
 2055 01a6 63686172 		.ascii	"char\000"
 2055      00
 2056              	.LASF2:
 2057 01ab 73686F72 		.ascii	"short int\000"
 2057      7420696E 
 2057      7400
 2058              	.LASF21:
 2059 01b5 75696E74 		.ascii	"uint8\000"
 2059      3800
 2060              	.LASF4:
 2061 01bb 6C6F6E67 		.ascii	"long int\000"
 2061      20696E74 
 2061      00
 2062              	.LASF0:
 2063 01c4 7369676E 		.ascii	"signed char\000"
 2063      65642063 
 2063      68617200 
 2064              	.LASF19:
 2065 01d0 47656E65 		.ascii	"Generated_Source\\PSoC5\\cymetadata.c\000"
 2065      72617465 
 2065      645F536F 
 2065      75726365 
 2065      5C50536F 
 2066              		.ident	"GCC: (GNU Tools for ARM Embedded Processors) 4.9.3 20150303 (release) [ARM/embedded-4_9-br
