ARM GAS  C:\Users\Bryan\AppData\Local\Temp\cctZLL26.s 			page 1


   1              		.syntax unified
   2              		.cpu cortex-m3
   3              		.fpu softvfp
   4              		.eabi_attribute 20, 1
   5              		.eabi_attribute 21, 1
   6              		.eabi_attribute 23, 3
   7              		.eabi_attribute 24, 1
   8              		.eabi_attribute 25, 1
   9              		.eabi_attribute 26, 1
  10              		.eabi_attribute 30, 6
  11              		.eabi_attribute 18, 4
  12              		.thumb
  13              		.file	"LCD_Char_1_PM.c"
  14              		.section	.debug_abbrev,"",%progbits
  15              	.Ldebug_abbrev0:
  16              		.section	.debug_info,"",%progbits
  17              	.Ldebug_info0:
  18              		.section	.debug_line,"",%progbits
  19              	.Ldebug_line0:
  20 0000 C4000000 		.text
  20      02007600 
  20      00000201 
  20      FB0E0D00 
  20      01010101 
  21              	.Ltext0:
  22              		.cfi_sections	.debug_frame
  23              		.bss
  24              		.align	2
  25              	LCD_Char_1_backup:
  26 0000 00       		.space	1
  27 0001 000000   		.section	.text.LCD_Char_1_SaveConfig,"ax",%progbits
  28              		.align	2
  29              		.global	LCD_Char_1_SaveConfig
  30              		.thumb
  31              		.thumb_func
  32              		.type	LCD_Char_1_SaveConfig, %function
  33              	LCD_Char_1_SaveConfig:
  34              	.LFB0:
  35              		.file 1 ".\\Generated_Source\\PSoC5\\LCD_Char_1_PM.c"
   1:.\Generated_Source\PSoC5/LCD_Char_1_PM.c **** /*******************************************************************************
   2:.\Generated_Source\PSoC5/LCD_Char_1_PM.c **** * File Name: LCD_Char_1_PM.c
   3:.\Generated_Source\PSoC5/LCD_Char_1_PM.c **** * Version 1.90
   4:.\Generated_Source\PSoC5/LCD_Char_1_PM.c **** *
   5:.\Generated_Source\PSoC5/LCD_Char_1_PM.c **** * Description:
   6:.\Generated_Source\PSoC5/LCD_Char_1_PM.c **** *  This file provides the API source code for the Static Segment LCD component.
   7:.\Generated_Source\PSoC5/LCD_Char_1_PM.c **** *
   8:.\Generated_Source\PSoC5/LCD_Char_1_PM.c **** * Note:
   9:.\Generated_Source\PSoC5/LCD_Char_1_PM.c **** *
  10:.\Generated_Source\PSoC5/LCD_Char_1_PM.c **** ********************************************************************************
  11:.\Generated_Source\PSoC5/LCD_Char_1_PM.c **** * Copyright 2008-2012, Cypress Semiconductor Corporation.  All rights reserved.
  12:.\Generated_Source\PSoC5/LCD_Char_1_PM.c **** * You may use this file only in accordance with the license, terms, conditions,
  13:.\Generated_Source\PSoC5/LCD_Char_1_PM.c **** * disclaimers, and limitations in the end user license agreement accompanying
  14:.\Generated_Source\PSoC5/LCD_Char_1_PM.c **** * the software package with which this file was provided.
  15:.\Generated_Source\PSoC5/LCD_Char_1_PM.c **** *******************************************************************************/
  16:.\Generated_Source\PSoC5/LCD_Char_1_PM.c **** 
  17:.\Generated_Source\PSoC5/LCD_Char_1_PM.c **** #include "LCD_Char_1.h"
  18:.\Generated_Source\PSoC5/LCD_Char_1_PM.c **** 
ARM GAS  C:\Users\Bryan\AppData\Local\Temp\cctZLL26.s 			page 2


  19:.\Generated_Source\PSoC5/LCD_Char_1_PM.c **** 
  20:.\Generated_Source\PSoC5/LCD_Char_1_PM.c **** static LCD_Char_1_BACKUP_STRUCT LCD_Char_1_backup;
  21:.\Generated_Source\PSoC5/LCD_Char_1_PM.c **** 
  22:.\Generated_Source\PSoC5/LCD_Char_1_PM.c **** 
  23:.\Generated_Source\PSoC5/LCD_Char_1_PM.c **** /*******************************************************************************
  24:.\Generated_Source\PSoC5/LCD_Char_1_PM.c **** * Function Name: LCD_Char_1_SaveConfig
  25:.\Generated_Source\PSoC5/LCD_Char_1_PM.c **** ********************************************************************************
  26:.\Generated_Source\PSoC5/LCD_Char_1_PM.c **** *
  27:.\Generated_Source\PSoC5/LCD_Char_1_PM.c **** * Summary:
  28:.\Generated_Source\PSoC5/LCD_Char_1_PM.c **** *  Does nothing, provided for consistency.
  29:.\Generated_Source\PSoC5/LCD_Char_1_PM.c **** *
  30:.\Generated_Source\PSoC5/LCD_Char_1_PM.c **** * Parameters:
  31:.\Generated_Source\PSoC5/LCD_Char_1_PM.c **** *  None.
  32:.\Generated_Source\PSoC5/LCD_Char_1_PM.c **** *
  33:.\Generated_Source\PSoC5/LCD_Char_1_PM.c **** * Return:
  34:.\Generated_Source\PSoC5/LCD_Char_1_PM.c **** *  None.
  35:.\Generated_Source\PSoC5/LCD_Char_1_PM.c **** *
  36:.\Generated_Source\PSoC5/LCD_Char_1_PM.c **** *******************************************************************************/
  37:.\Generated_Source\PSoC5/LCD_Char_1_PM.c **** void LCD_Char_1_SaveConfig(void) 
  38:.\Generated_Source\PSoC5/LCD_Char_1_PM.c **** {
  36              		.loc 1 38 0
  37              		.cfi_startproc
  38              		@ args = 0, pretend = 0, frame = 0
  39              		@ frame_needed = 1, uses_anonymous_args = 0
  40              		@ link register save eliminated.
  41 0000 80B4     		push	{r7}
  42              	.LCFI0:
  43              		.cfi_def_cfa_offset 4
  44 0002 00AF     		add	r7, sp, #0
  45              		.cfi_offset 7, -4
  46              	.LCFI1:
  47              		.cfi_def_cfa_register 7
  39:.\Generated_Source\PSoC5/LCD_Char_1_PM.c **** }
  48              		.loc 1 39 0
  49 0004 BD46     		mov	sp, r7
  50 0006 80BC     		pop	{r7}
  51 0008 7047     		bx	lr
  52              		.cfi_endproc
  53              	.LFE0:
  54              		.size	LCD_Char_1_SaveConfig, .-LCD_Char_1_SaveConfig
  55 000a 00BF     		.section	.text.LCD_Char_1_RestoreConfig,"ax",%progbits
  56              		.align	2
  57              		.global	LCD_Char_1_RestoreConfig
  58              		.thumb
  59              		.thumb_func
  60              		.type	LCD_Char_1_RestoreConfig, %function
  61              	LCD_Char_1_RestoreConfig:
  62              	.LFB1:
  40:.\Generated_Source\PSoC5/LCD_Char_1_PM.c **** 
  41:.\Generated_Source\PSoC5/LCD_Char_1_PM.c **** 
  42:.\Generated_Source\PSoC5/LCD_Char_1_PM.c **** /*******************************************************************************
  43:.\Generated_Source\PSoC5/LCD_Char_1_PM.c **** * Function Name: LCD_Char_1_RestoreConfig
  44:.\Generated_Source\PSoC5/LCD_Char_1_PM.c **** ********************************************************************************
  45:.\Generated_Source\PSoC5/LCD_Char_1_PM.c **** *
  46:.\Generated_Source\PSoC5/LCD_Char_1_PM.c **** * Summary:
  47:.\Generated_Source\PSoC5/LCD_Char_1_PM.c **** *  Does nothing, provided for consistency.
  48:.\Generated_Source\PSoC5/LCD_Char_1_PM.c **** *
ARM GAS  C:\Users\Bryan\AppData\Local\Temp\cctZLL26.s 			page 3


  49:.\Generated_Source\PSoC5/LCD_Char_1_PM.c **** * Parameters:
  50:.\Generated_Source\PSoC5/LCD_Char_1_PM.c **** *  None.
  51:.\Generated_Source\PSoC5/LCD_Char_1_PM.c **** *
  52:.\Generated_Source\PSoC5/LCD_Char_1_PM.c **** * Return:
  53:.\Generated_Source\PSoC5/LCD_Char_1_PM.c **** *  None.
  54:.\Generated_Source\PSoC5/LCD_Char_1_PM.c **** *
  55:.\Generated_Source\PSoC5/LCD_Char_1_PM.c **** *******************************************************************************/
  56:.\Generated_Source\PSoC5/LCD_Char_1_PM.c **** void LCD_Char_1_RestoreConfig(void) 
  57:.\Generated_Source\PSoC5/LCD_Char_1_PM.c **** {
  63              		.loc 1 57 0
  64              		.cfi_startproc
  65              		@ args = 0, pretend = 0, frame = 0
  66              		@ frame_needed = 1, uses_anonymous_args = 0
  67              		@ link register save eliminated.
  68 0000 80B4     		push	{r7}
  69              	.LCFI2:
  70              		.cfi_def_cfa_offset 4
  71 0002 00AF     		add	r7, sp, #0
  72              		.cfi_offset 7, -4
  73              	.LCFI3:
  74              		.cfi_def_cfa_register 7
  58:.\Generated_Source\PSoC5/LCD_Char_1_PM.c **** }
  75              		.loc 1 58 0
  76 0004 BD46     		mov	sp, r7
  77 0006 80BC     		pop	{r7}
  78 0008 7047     		bx	lr
  79              		.cfi_endproc
  80              	.LFE1:
  81              		.size	LCD_Char_1_RestoreConfig, .-LCD_Char_1_RestoreConfig
  82 000a 00BF     		.section	.text.LCD_Char_1_Sleep,"ax",%progbits
  83              		.align	2
  84              		.global	LCD_Char_1_Sleep
  85              		.thumb
  86              		.thumb_func
  87              		.type	LCD_Char_1_Sleep, %function
  88              	LCD_Char_1_Sleep:
  89              	.LFB2:
  59:.\Generated_Source\PSoC5/LCD_Char_1_PM.c **** 
  60:.\Generated_Source\PSoC5/LCD_Char_1_PM.c **** 
  61:.\Generated_Source\PSoC5/LCD_Char_1_PM.c **** /*******************************************************************************
  62:.\Generated_Source\PSoC5/LCD_Char_1_PM.c **** * Function Name: LCD_Char_1_Sleep
  63:.\Generated_Source\PSoC5/LCD_Char_1_PM.c **** ********************************************************************************
  64:.\Generated_Source\PSoC5/LCD_Char_1_PM.c **** *
  65:.\Generated_Source\PSoC5/LCD_Char_1_PM.c **** * Summary:
  66:.\Generated_Source\PSoC5/LCD_Char_1_PM.c **** *  Prepares component for entering the sleep mode.
  67:.\Generated_Source\PSoC5/LCD_Char_1_PM.c **** *
  68:.\Generated_Source\PSoC5/LCD_Char_1_PM.c **** * Parameters:
  69:.\Generated_Source\PSoC5/LCD_Char_1_PM.c **** *  None.
  70:.\Generated_Source\PSoC5/LCD_Char_1_PM.c **** *
  71:.\Generated_Source\PSoC5/LCD_Char_1_PM.c **** * Return:
  72:.\Generated_Source\PSoC5/LCD_Char_1_PM.c **** *  None.
  73:.\Generated_Source\PSoC5/LCD_Char_1_PM.c **** *
  74:.\Generated_Source\PSoC5/LCD_Char_1_PM.c **** * Reentrant:
  75:.\Generated_Source\PSoC5/LCD_Char_1_PM.c **** *  No.
  76:.\Generated_Source\PSoC5/LCD_Char_1_PM.c **** *
  77:.\Generated_Source\PSoC5/LCD_Char_1_PM.c **** *******************************************************************************/
  78:.\Generated_Source\PSoC5/LCD_Char_1_PM.c **** void LCD_Char_1_Sleep(void) 
ARM GAS  C:\Users\Bryan\AppData\Local\Temp\cctZLL26.s 			page 4


  79:.\Generated_Source\PSoC5/LCD_Char_1_PM.c **** {
  90              		.loc 1 79 0
  91              		.cfi_startproc
  92              		@ args = 0, pretend = 0, frame = 0
  93              		@ frame_needed = 1, uses_anonymous_args = 0
  94 0000 80B5     		push	{r7, lr}
  95              	.LCFI4:
  96              		.cfi_def_cfa_offset 8
  97 0002 00AF     		add	r7, sp, #0
  98              		.cfi_offset 14, -4
  99              		.cfi_offset 7, -8
 100              	.LCFI5:
 101              		.cfi_def_cfa_register 7
  80:.\Generated_Source\PSoC5/LCD_Char_1_PM.c ****     LCD_Char_1_backup.enableState = LCD_Char_1_enableState;
 102              		.loc 1 80 0
 103 0004 40F20003 		movw	r3, #:lower16:LCD_Char_1_enableState
 104 0008 C0F20003 		movt	r3, #:upper16:LCD_Char_1_enableState
 105 000c 1A78     		ldrb	r2, [r3, #0]	@ zero_extendqisi2
 106 000e 40F20003 		movw	r3, #:lower16:LCD_Char_1_backup
 107 0012 C0F20003 		movt	r3, #:upper16:LCD_Char_1_backup
 108 0016 1A70     		strb	r2, [r3, #0]
  81:.\Generated_Source\PSoC5/LCD_Char_1_PM.c ****     LCD_Char_1_SaveConfig();
 109              		.loc 1 81 0
 110 0018 FFF7FEFF 		bl	LCD_Char_1_SaveConfig
  82:.\Generated_Source\PSoC5/LCD_Char_1_PM.c ****     LCD_Char_1_Stop();
 111              		.loc 1 82 0
 112 001c FFF7FEFF 		bl	LCD_Char_1_Stop
  83:.\Generated_Source\PSoC5/LCD_Char_1_PM.c **** }
 113              		.loc 1 83 0
 114 0020 80BD     		pop	{r7, pc}
 115              		.cfi_endproc
 116              	.LFE2:
 117              		.size	LCD_Char_1_Sleep, .-LCD_Char_1_Sleep
 118 0022 00BF     		.section	.text.LCD_Char_1_Wakeup,"ax",%progbits
 119              		.align	2
 120              		.global	LCD_Char_1_Wakeup
 121              		.thumb
 122              		.thumb_func
 123              		.type	LCD_Char_1_Wakeup, %function
 124              	LCD_Char_1_Wakeup:
 125              	.LFB3:
  84:.\Generated_Source\PSoC5/LCD_Char_1_PM.c **** 
  85:.\Generated_Source\PSoC5/LCD_Char_1_PM.c **** 
  86:.\Generated_Source\PSoC5/LCD_Char_1_PM.c **** /*******************************************************************************
  87:.\Generated_Source\PSoC5/LCD_Char_1_PM.c **** * Function Name: LCD_Char_1_Wakeup
  88:.\Generated_Source\PSoC5/LCD_Char_1_PM.c **** ********************************************************************************
  89:.\Generated_Source\PSoC5/LCD_Char_1_PM.c **** *
  90:.\Generated_Source\PSoC5/LCD_Char_1_PM.c **** * Summary:
  91:.\Generated_Source\PSoC5/LCD_Char_1_PM.c **** *  Wakes component from sleep mode. Configures DMA and enables the component for
  92:.\Generated_Source\PSoC5/LCD_Char_1_PM.c **** *  normal operation.
  93:.\Generated_Source\PSoC5/LCD_Char_1_PM.c **** *
  94:.\Generated_Source\PSoC5/LCD_Char_1_PM.c **** * Parameters:
  95:.\Generated_Source\PSoC5/LCD_Char_1_PM.c **** *  LCD_Char_1_enableState - Global variable.
  96:.\Generated_Source\PSoC5/LCD_Char_1_PM.c **** *
  97:.\Generated_Source\PSoC5/LCD_Char_1_PM.c **** * Return:
  98:.\Generated_Source\PSoC5/LCD_Char_1_PM.c **** *  Status one of standard status for PSoC3 Component
  99:.\Generated_Source\PSoC5/LCD_Char_1_PM.c **** *       CYRET_SUCCESS - Function completed successfully.
ARM GAS  C:\Users\Bryan\AppData\Local\Temp\cctZLL26.s 			page 5


 100:.\Generated_Source\PSoC5/LCD_Char_1_PM.c **** *       CYRET_LOCKED - The object was locked, already in use. Some of TDs or
 101:.\Generated_Source\PSoC5/LCD_Char_1_PM.c **** *                      a channel already in use.
 102:.\Generated_Source\PSoC5/LCD_Char_1_PM.c **** *
 103:.\Generated_Source\PSoC5/LCD_Char_1_PM.c **** * Reentrant:
 104:.\Generated_Source\PSoC5/LCD_Char_1_PM.c **** *  No.
 105:.\Generated_Source\PSoC5/LCD_Char_1_PM.c **** *
 106:.\Generated_Source\PSoC5/LCD_Char_1_PM.c **** *******************************************************************************/
 107:.\Generated_Source\PSoC5/LCD_Char_1_PM.c **** void LCD_Char_1_Wakeup(void) 
 108:.\Generated_Source\PSoC5/LCD_Char_1_PM.c **** {
 126              		.loc 1 108 0
 127              		.cfi_startproc
 128              		@ args = 0, pretend = 0, frame = 0
 129              		@ frame_needed = 1, uses_anonymous_args = 0
 130 0000 80B5     		push	{r7, lr}
 131              	.LCFI6:
 132              		.cfi_def_cfa_offset 8
 133 0002 00AF     		add	r7, sp, #0
 134              		.cfi_offset 14, -4
 135              		.cfi_offset 7, -8
 136              	.LCFI7:
 137              		.cfi_def_cfa_register 7
 109:.\Generated_Source\PSoC5/LCD_Char_1_PM.c ****     LCD_Char_1_RestoreConfig();
 138              		.loc 1 109 0
 139 0004 FFF7FEFF 		bl	LCD_Char_1_RestoreConfig
 110:.\Generated_Source\PSoC5/LCD_Char_1_PM.c **** 
 111:.\Generated_Source\PSoC5/LCD_Char_1_PM.c ****     if(LCD_Char_1_backup.enableState == 1u)
 140              		.loc 1 111 0
 141 0008 40F20003 		movw	r3, #:lower16:LCD_Char_1_backup
 142 000c C0F20003 		movt	r3, #:upper16:LCD_Char_1_backup
 143 0010 1B78     		ldrb	r3, [r3, #0]	@ zero_extendqisi2
 144 0012 012B     		cmp	r3, #1
 145 0014 01D1     		bne	.L9
 112:.\Generated_Source\PSoC5/LCD_Char_1_PM.c ****     {
 113:.\Generated_Source\PSoC5/LCD_Char_1_PM.c ****         LCD_Char_1_Enable();
 146              		.loc 1 113 0
 147 0016 FFF7FEFF 		bl	LCD_Char_1_Enable
 148              	.L9:
 114:.\Generated_Source\PSoC5/LCD_Char_1_PM.c ****     }
 115:.\Generated_Source\PSoC5/LCD_Char_1_PM.c **** }
 149              		.loc 1 115 0
 150 001a 80BD     		pop	{r7, pc}
 151              		.cfi_endproc
 152              	.LFE3:
 153              		.size	LCD_Char_1_Wakeup, .-LCD_Char_1_Wakeup
 154              		.text
 155              	.Letext0:
 156              		.section	.debug_loc,"",%progbits
 157              	.Ldebug_loc0:
 158              	.LLST0:
 159 0000 00000000 		.4byte	.LFB0
 160 0004 02000000 		.4byte	.LCFI0
 161 0008 0100     		.2byte	0x1
 162 000a 5D       		.byte	0x5d
 163 000b 02000000 		.4byte	.LCFI0
 164 000f 04000000 		.4byte	.LCFI1
 165 0013 0200     		.2byte	0x2
 166 0015 7D       		.byte	0x7d
ARM GAS  C:\Users\Bryan\AppData\Local\Temp\cctZLL26.s 			page 6


 167 0016 04       		.sleb128 4
 168 0017 04000000 		.4byte	.LCFI1
 169 001b 0A000000 		.4byte	.LFE0
 170 001f 0200     		.2byte	0x2
 171 0021 77       		.byte	0x77
 172 0022 04       		.sleb128 4
 173 0023 00000000 		.4byte	0x0
 174 0027 00000000 		.4byte	0x0
 175              	.LLST1:
 176 002b 00000000 		.4byte	.LFB1
 177 002f 02000000 		.4byte	.LCFI2
 178 0033 0100     		.2byte	0x1
 179 0035 5D       		.byte	0x5d
 180 0036 02000000 		.4byte	.LCFI2
 181 003a 04000000 		.4byte	.LCFI3
 182 003e 0200     		.2byte	0x2
 183 0040 7D       		.byte	0x7d
 184 0041 04       		.sleb128 4
 185 0042 04000000 		.4byte	.LCFI3
 186 0046 0A000000 		.4byte	.LFE1
 187 004a 0200     		.2byte	0x2
 188 004c 77       		.byte	0x77
 189 004d 04       		.sleb128 4
 190 004e 00000000 		.4byte	0x0
 191 0052 00000000 		.4byte	0x0
 192              	.LLST2:
 193 0056 00000000 		.4byte	.LFB2
 194 005a 02000000 		.4byte	.LCFI4
 195 005e 0100     		.2byte	0x1
 196 0060 5D       		.byte	0x5d
 197 0061 02000000 		.4byte	.LCFI4
 198 0065 04000000 		.4byte	.LCFI5
 199 0069 0200     		.2byte	0x2
 200 006b 7D       		.byte	0x7d
 201 006c 08       		.sleb128 8
 202 006d 04000000 		.4byte	.LCFI5
 203 0071 22000000 		.4byte	.LFE2
 204 0075 0200     		.2byte	0x2
 205 0077 77       		.byte	0x77
 206 0078 08       		.sleb128 8
 207 0079 00000000 		.4byte	0x0
 208 007d 00000000 		.4byte	0x0
 209              	.LLST3:
 210 0081 00000000 		.4byte	.LFB3
 211 0085 02000000 		.4byte	.LCFI6
 212 0089 0100     		.2byte	0x1
 213 008b 5D       		.byte	0x5d
 214 008c 02000000 		.4byte	.LCFI6
 215 0090 04000000 		.4byte	.LCFI7
 216 0094 0200     		.2byte	0x2
 217 0096 7D       		.byte	0x7d
 218 0097 08       		.sleb128 8
 219 0098 04000000 		.4byte	.LCFI7
 220 009c 1C000000 		.4byte	.LFE3
 221 00a0 0200     		.2byte	0x2
 222 00a2 77       		.byte	0x77
 223 00a3 08       		.sleb128 8
ARM GAS  C:\Users\Bryan\AppData\Local\Temp\cctZLL26.s 			page 7


 224 00a4 00000000 		.4byte	0x0
 225 00a8 00000000 		.4byte	0x0
 226              		.file 2 ".\\Generated_Source\\PSoC5\\/cytypes.h"
 227              		.file 3 ".\\Generated_Source\\PSoC5\\/LCD_Char_1.h"
 228              		.section	.debug_info
 229 0000 12010000 		.4byte	0x112
 230 0004 0200     		.2byte	0x2
 231 0006 00000000 		.4byte	.Ldebug_abbrev0
 232 000a 04       		.byte	0x4
 233 000b 01       		.uleb128 0x1
 234 000c 0C010000 		.4byte	.LASF16
 235 0010 01       		.byte	0x1
 236 0011 94000000 		.4byte	.LASF17
 237 0015 2D010000 		.4byte	.LASF18
 238 0019 00000000 		.4byte	0x0
 239 001d 00000000 		.4byte	0x0
 240 0021 00000000 		.4byte	.Ldebug_ranges0+0x0
 241 0025 00000000 		.4byte	.Ldebug_line0
 242 0029 02       		.uleb128 0x2
 243 002a 01       		.byte	0x1
 244 002b 06       		.byte	0x6
 245 002c BE010000 		.4byte	.LASF0
 246 0030 02       		.uleb128 0x2
 247 0031 01       		.byte	0x1
 248 0032 08       		.byte	0x8
 249 0033 1F000000 		.4byte	.LASF1
 250 0037 02       		.uleb128 0x2
 251 0038 02       		.byte	0x2
 252 0039 05       		.byte	0x5
 253 003a 1D010000 		.4byte	.LASF2
 254 003e 02       		.uleb128 0x2
 255 003f 02       		.byte	0x2
 256 0040 07       		.byte	0x7
 257 0041 58000000 		.4byte	.LASF3
 258 0045 02       		.uleb128 0x2
 259 0046 04       		.byte	0x4
 260 0047 05       		.byte	0x5
 261 0048 A9010000 		.4byte	.LASF4
 262 004c 02       		.uleb128 0x2
 263 004d 04       		.byte	0x4
 264 004e 07       		.byte	0x7
 265 004f 46000000 		.4byte	.LASF5
 266 0053 02       		.uleb128 0x2
 267 0054 08       		.byte	0x8
 268 0055 05       		.byte	0x5
 269 0056 00000000 		.4byte	.LASF6
 270 005a 02       		.uleb128 0x2
 271 005b 08       		.byte	0x8
 272 005c 07       		.byte	0x7
 273 005d E3000000 		.4byte	.LASF7
 274 0061 03       		.uleb128 0x3
 275 0062 04       		.byte	0x4
 276 0063 05       		.byte	0x5
 277 0064 696E7400 		.ascii	"int\000"
 278 0068 02       		.uleb128 0x2
 279 0069 04       		.byte	0x4
 280 006a 07       		.byte	0x7
ARM GAS  C:\Users\Bryan\AppData\Local\Temp\cctZLL26.s 			page 8


 281 006b D6000000 		.4byte	.LASF8
 282 006f 02       		.uleb128 0x2
 283 0070 01       		.byte	0x1
 284 0071 08       		.byte	0x8
 285 0072 18010000 		.4byte	.LASF9
 286 0076 04       		.uleb128 0x4
 287 0077 27010000 		.4byte	.LASF10
 288 007b 02       		.byte	0x2
 289 007c 60       		.byte	0x60
 290 007d 30000000 		.4byte	0x30
 291 0081 05       		.uleb128 0x5
 292 0082 01       		.byte	0x1
 293 0083 03       		.byte	0x3
 294 0084 2D       		.byte	0x2d
 295 0085 98000000 		.4byte	0x98
 296 0089 06       		.uleb128 0x6
 297 008a B2010000 		.4byte	.LASF19
 298 008e 03       		.byte	0x3
 299 008f 2E       		.byte	0x2e
 300 0090 76000000 		.4byte	0x76
 301 0094 02       		.byte	0x2
 302 0095 23       		.byte	0x23
 303 0096 00       		.uleb128 0x0
 304 0097 00       		.byte	0x0
 305 0098 04       		.uleb128 0x4
 306 0099 BD000000 		.4byte	.LASF11
 307 009d 03       		.byte	0x3
 308 009e 2F       		.byte	0x2f
 309 009f 81000000 		.4byte	0x81
 310 00a3 07       		.uleb128 0x7
 311 00a4 01       		.byte	0x1
 312 00a5 CA010000 		.4byte	.LASF12
 313 00a9 01       		.byte	0x1
 314 00aa 25       		.byte	0x25
 315 00ab 01       		.byte	0x1
 316 00ac 00000000 		.4byte	.LFB0
 317 00b0 0A000000 		.4byte	.LFE0
 318 00b4 00000000 		.4byte	.LLST0
 319 00b8 07       		.uleb128 0x7
 320 00b9 01       		.byte	0x1
 321 00ba 2D000000 		.4byte	.LASF13
 322 00be 01       		.byte	0x1
 323 00bf 38       		.byte	0x38
 324 00c0 01       		.byte	0x1
 325 00c1 00000000 		.4byte	.LFB1
 326 00c5 0A000000 		.4byte	.LFE1
 327 00c9 2B000000 		.4byte	.LLST1
 328 00cd 07       		.uleb128 0x7
 329 00ce 01       		.byte	0x1
 330 00cf 0E000000 		.4byte	.LASF14
 331 00d3 01       		.byte	0x1
 332 00d4 4E       		.byte	0x4e
 333 00d5 01       		.byte	0x1
 334 00d6 00000000 		.4byte	.LFB2
 335 00da 22000000 		.4byte	.LFE2
 336 00de 56000000 		.4byte	.LLST2
 337 00e2 07       		.uleb128 0x7
ARM GAS  C:\Users\Bryan\AppData\Local\Temp\cctZLL26.s 			page 9


 338 00e3 01       		.byte	0x1
 339 00e4 FA000000 		.4byte	.LASF15
 340 00e8 01       		.byte	0x1
 341 00e9 6B       		.byte	0x6b
 342 00ea 01       		.byte	0x1
 343 00eb 00000000 		.4byte	.LFB3
 344 00ef 1C000000 		.4byte	.LFE3
 345 00f3 81000000 		.4byte	.LLST3
 346 00f7 08       		.uleb128 0x8
 347 00f8 82000000 		.4byte	.LASF20
 348 00fc 01       		.byte	0x1
 349 00fd 14       		.byte	0x14
 350 00fe 98000000 		.4byte	0x98
 351 0102 05       		.byte	0x5
 352 0103 03       		.byte	0x3
 353 0104 00000000 		.4byte	LCD_Char_1_backup
 354 0108 09       		.uleb128 0x9
 355 0109 6B000000 		.4byte	.LASF21
 356 010d 03       		.byte	0x3
 357 010e 72       		.byte	0x72
 358 010f 76000000 		.4byte	0x76
 359 0113 01       		.byte	0x1
 360 0114 01       		.byte	0x1
 361 0115 00       		.byte	0x0
 362              		.section	.debug_abbrev
 363 0000 01       		.uleb128 0x1
 364 0001 11       		.uleb128 0x11
 365 0002 01       		.byte	0x1
 366 0003 25       		.uleb128 0x25
 367 0004 0E       		.uleb128 0xe
 368 0005 13       		.uleb128 0x13
 369 0006 0B       		.uleb128 0xb
 370 0007 03       		.uleb128 0x3
 371 0008 0E       		.uleb128 0xe
 372 0009 1B       		.uleb128 0x1b
 373 000a 0E       		.uleb128 0xe
 374 000b 11       		.uleb128 0x11
 375 000c 01       		.uleb128 0x1
 376 000d 52       		.uleb128 0x52
 377 000e 01       		.uleb128 0x1
 378 000f 55       		.uleb128 0x55
 379 0010 06       		.uleb128 0x6
 380 0011 10       		.uleb128 0x10
 381 0012 06       		.uleb128 0x6
 382 0013 00       		.byte	0x0
 383 0014 00       		.byte	0x0
 384 0015 02       		.uleb128 0x2
 385 0016 24       		.uleb128 0x24
 386 0017 00       		.byte	0x0
 387 0018 0B       		.uleb128 0xb
 388 0019 0B       		.uleb128 0xb
 389 001a 3E       		.uleb128 0x3e
 390 001b 0B       		.uleb128 0xb
 391 001c 03       		.uleb128 0x3
 392 001d 0E       		.uleb128 0xe
 393 001e 00       		.byte	0x0
 394 001f 00       		.byte	0x0
ARM GAS  C:\Users\Bryan\AppData\Local\Temp\cctZLL26.s 			page 10


 395 0020 03       		.uleb128 0x3
 396 0021 24       		.uleb128 0x24
 397 0022 00       		.byte	0x0
 398 0023 0B       		.uleb128 0xb
 399 0024 0B       		.uleb128 0xb
 400 0025 3E       		.uleb128 0x3e
 401 0026 0B       		.uleb128 0xb
 402 0027 03       		.uleb128 0x3
 403 0028 08       		.uleb128 0x8
 404 0029 00       		.byte	0x0
 405 002a 00       		.byte	0x0
 406 002b 04       		.uleb128 0x4
 407 002c 16       		.uleb128 0x16
 408 002d 00       		.byte	0x0
 409 002e 03       		.uleb128 0x3
 410 002f 0E       		.uleb128 0xe
 411 0030 3A       		.uleb128 0x3a
 412 0031 0B       		.uleb128 0xb
 413 0032 3B       		.uleb128 0x3b
 414 0033 0B       		.uleb128 0xb
 415 0034 49       		.uleb128 0x49
 416 0035 13       		.uleb128 0x13
 417 0036 00       		.byte	0x0
 418 0037 00       		.byte	0x0
 419 0038 05       		.uleb128 0x5
 420 0039 13       		.uleb128 0x13
 421 003a 01       		.byte	0x1
 422 003b 0B       		.uleb128 0xb
 423 003c 0B       		.uleb128 0xb
 424 003d 3A       		.uleb128 0x3a
 425 003e 0B       		.uleb128 0xb
 426 003f 3B       		.uleb128 0x3b
 427 0040 0B       		.uleb128 0xb
 428 0041 01       		.uleb128 0x1
 429 0042 13       		.uleb128 0x13
 430 0043 00       		.byte	0x0
 431 0044 00       		.byte	0x0
 432 0045 06       		.uleb128 0x6
 433 0046 0D       		.uleb128 0xd
 434 0047 00       		.byte	0x0
 435 0048 03       		.uleb128 0x3
 436 0049 0E       		.uleb128 0xe
 437 004a 3A       		.uleb128 0x3a
 438 004b 0B       		.uleb128 0xb
 439 004c 3B       		.uleb128 0x3b
 440 004d 0B       		.uleb128 0xb
 441 004e 49       		.uleb128 0x49
 442 004f 13       		.uleb128 0x13
 443 0050 38       		.uleb128 0x38
 444 0051 0A       		.uleb128 0xa
 445 0052 00       		.byte	0x0
 446 0053 00       		.byte	0x0
 447 0054 07       		.uleb128 0x7
 448 0055 2E       		.uleb128 0x2e
 449 0056 00       		.byte	0x0
 450 0057 3F       		.uleb128 0x3f
 451 0058 0C       		.uleb128 0xc
ARM GAS  C:\Users\Bryan\AppData\Local\Temp\cctZLL26.s 			page 11


 452 0059 03       		.uleb128 0x3
 453 005a 0E       		.uleb128 0xe
 454 005b 3A       		.uleb128 0x3a
 455 005c 0B       		.uleb128 0xb
 456 005d 3B       		.uleb128 0x3b
 457 005e 0B       		.uleb128 0xb
 458 005f 27       		.uleb128 0x27
 459 0060 0C       		.uleb128 0xc
 460 0061 11       		.uleb128 0x11
 461 0062 01       		.uleb128 0x1
 462 0063 12       		.uleb128 0x12
 463 0064 01       		.uleb128 0x1
 464 0065 40       		.uleb128 0x40
 465 0066 06       		.uleb128 0x6
 466 0067 00       		.byte	0x0
 467 0068 00       		.byte	0x0
 468 0069 08       		.uleb128 0x8
 469 006a 34       		.uleb128 0x34
 470 006b 00       		.byte	0x0
 471 006c 03       		.uleb128 0x3
 472 006d 0E       		.uleb128 0xe
 473 006e 3A       		.uleb128 0x3a
 474 006f 0B       		.uleb128 0xb
 475 0070 3B       		.uleb128 0x3b
 476 0071 0B       		.uleb128 0xb
 477 0072 49       		.uleb128 0x49
 478 0073 13       		.uleb128 0x13
 479 0074 02       		.uleb128 0x2
 480 0075 0A       		.uleb128 0xa
 481 0076 00       		.byte	0x0
 482 0077 00       		.byte	0x0
 483 0078 09       		.uleb128 0x9
 484 0079 34       		.uleb128 0x34
 485 007a 00       		.byte	0x0
 486 007b 03       		.uleb128 0x3
 487 007c 0E       		.uleb128 0xe
 488 007d 3A       		.uleb128 0x3a
 489 007e 0B       		.uleb128 0xb
 490 007f 3B       		.uleb128 0x3b
 491 0080 0B       		.uleb128 0xb
 492 0081 49       		.uleb128 0x49
 493 0082 13       		.uleb128 0x13
 494 0083 3F       		.uleb128 0x3f
 495 0084 0C       		.uleb128 0xc
 496 0085 3C       		.uleb128 0x3c
 497 0086 0C       		.uleb128 0xc
 498 0087 00       		.byte	0x0
 499 0088 00       		.byte	0x0
 500 0089 00       		.byte	0x0
 501              		.section	.debug_pubnames,"",%progbits
 502 0000 70000000 		.4byte	0x70
 503 0004 0200     		.2byte	0x2
 504 0006 00000000 		.4byte	.Ldebug_info0
 505 000a 16010000 		.4byte	0x116
 506 000e A3000000 		.4byte	0xa3
 507 0012 4C43445F 		.ascii	"LCD_Char_1_SaveConfig\000"
 507      43686172 
ARM GAS  C:\Users\Bryan\AppData\Local\Temp\cctZLL26.s 			page 12


 507      5F315F53 
 507      61766543 
 507      6F6E6669 
 508 0028 B8000000 		.4byte	0xb8
 509 002c 4C43445F 		.ascii	"LCD_Char_1_RestoreConfig\000"
 509      43686172 
 509      5F315F52 
 509      6573746F 
 509      7265436F 
 510 0045 CD000000 		.4byte	0xcd
 511 0049 4C43445F 		.ascii	"LCD_Char_1_Sleep\000"
 511      43686172 
 511      5F315F53 
 511      6C656570 
 511      00
 512 005a E2000000 		.4byte	0xe2
 513 005e 4C43445F 		.ascii	"LCD_Char_1_Wakeup\000"
 513      43686172 
 513      5F315F57 
 513      616B6575 
 513      7000
 514 0070 00000000 		.4byte	0x0
 515              		.section	.debug_aranges,"",%progbits
 516 0000 34000000 		.4byte	0x34
 517 0004 0200     		.2byte	0x2
 518 0006 00000000 		.4byte	.Ldebug_info0
 519 000a 04       		.byte	0x4
 520 000b 00       		.byte	0x0
 521 000c 0000     		.2byte	0x0
 522 000e 0000     		.2byte	0x0
 523 0010 00000000 		.4byte	.LFB0
 524 0014 0A000000 		.4byte	.LFE0-.LFB0
 525 0018 00000000 		.4byte	.LFB1
 526 001c 0A000000 		.4byte	.LFE1-.LFB1
 527 0020 00000000 		.4byte	.LFB2
 528 0024 22000000 		.4byte	.LFE2-.LFB2
 529 0028 00000000 		.4byte	.LFB3
 530 002c 1C000000 		.4byte	.LFE3-.LFB3
 531 0030 00000000 		.4byte	0x0
 532 0034 00000000 		.4byte	0x0
 533              		.section	.debug_ranges,"",%progbits
 534              	.Ldebug_ranges0:
 535 0000 00000000 		.4byte	.Ltext0
 536 0004 00000000 		.4byte	.Letext0
 537 0008 00000000 		.4byte	.LFB0
 538 000c 0A000000 		.4byte	.LFE0
 539 0010 00000000 		.4byte	.LFB1
 540 0014 0A000000 		.4byte	.LFE1
 541 0018 00000000 		.4byte	.LFB2
 542 001c 22000000 		.4byte	.LFE2
 543 0020 00000000 		.4byte	.LFB3
 544 0024 1C000000 		.4byte	.LFE3
 545 0028 00000000 		.4byte	0x0
 546 002c 00000000 		.4byte	0x0
 547              		.section	.debug_str,"MS",%progbits,1
 548              	.LASF6:
 549 0000 6C6F6E67 		.ascii	"long long int\000"
ARM GAS  C:\Users\Bryan\AppData\Local\Temp\cctZLL26.s 			page 13


 549      206C6F6E 
 549      6720696E 
 549      7400
 550              	.LASF14:
 551 000e 4C43445F 		.ascii	"LCD_Char_1_Sleep\000"
 551      43686172 
 551      5F315F53 
 551      6C656570 
 551      00
 552              	.LASF1:
 553 001f 756E7369 		.ascii	"unsigned char\000"
 553      676E6564 
 553      20636861 
 553      7200
 554              	.LASF13:
 555 002d 4C43445F 		.ascii	"LCD_Char_1_RestoreConfig\000"
 555      43686172 
 555      5F315F52 
 555      6573746F 
 555      7265436F 
 556              	.LASF5:
 557 0046 6C6F6E67 		.ascii	"long unsigned int\000"
 557      20756E73 
 557      69676E65 
 557      6420696E 
 557      7400
 558              	.LASF3:
 559 0058 73686F72 		.ascii	"short unsigned int\000"
 559      7420756E 
 559      7369676E 
 559      65642069 
 559      6E7400
 560              	.LASF21:
 561 006b 4C43445F 		.ascii	"LCD_Char_1_enableState\000"
 561      43686172 
 561      5F315F65 
 561      6E61626C 
 561      65537461 
 562              	.LASF20:
 563 0082 4C43445F 		.ascii	"LCD_Char_1_backup\000"
 563      43686172 
 563      5F315F62 
 563      61636B75 
 563      7000
 564              	.LASF17:
 565 0094 2E5C4765 		.ascii	".\\Generated_Source\\PSoC5\\LCD_Char_1_PM.c\000"
 565      6E657261 
 565      7465645F 
 565      536F7572 
 565      63655C50 
 566              	.LASF11:
 567 00bd 4C43445F 		.ascii	"LCD_Char_1_BACKUP_STRUCT\000"
 567      43686172 
 567      5F315F42 
 567      41434B55 
 567      505F5354 
 568              	.LASF8:
ARM GAS  C:\Users\Bryan\AppData\Local\Temp\cctZLL26.s 			page 14


 569 00d6 756E7369 		.ascii	"unsigned int\000"
 569      676E6564 
 569      20696E74 
 569      00
 570              	.LASF7:
 571 00e3 6C6F6E67 		.ascii	"long long unsigned int\000"
 571      206C6F6E 
 571      6720756E 
 571      7369676E 
 571      65642069 
 572              	.LASF15:
 573 00fa 4C43445F 		.ascii	"LCD_Char_1_Wakeup\000"
 573      43686172 
 573      5F315F57 
 573      616B6575 
 573      7000
 574              	.LASF16:
 575 010c 474E5520 		.ascii	"GNU C 4.4.1\000"
 575      4320342E 
 575      342E3100 
 576              	.LASF9:
 577 0118 63686172 		.ascii	"char\000"
 577      00
 578              	.LASF2:
 579 011d 73686F72 		.ascii	"short int\000"
 579      7420696E 
 579      7400
 580              	.LASF10:
 581 0127 75696E74 		.ascii	"uint8\000"
 581      3800
 582              	.LASF18:
 583 012d 433A5C55 		.ascii	"C:\\Users\\Bryan\\Documents\\PSoC Creator 2.2\\Shif"
 583      73657273 
 583      5C427279 
 583      616E5C44 
 583      6F63756D 
 584 015b 745F5265 		.ascii	"t_Register_example_3.1\\Design01._2.2_Component_Pac"
 584      67697374 
 584      65725F65 
 584      78616D70 
 584      6C655F33 
 585 018d 6B5F365C 		.ascii	"k_6\\Design01\\Design01.cydsn\000"
 585      44657369 
 585      676E3031 
 585      5C446573 
 585      69676E30 
 586              	.LASF4:
 587 01a9 6C6F6E67 		.ascii	"long int\000"
 587      20696E74 
 587      00
 588              	.LASF19:
 589 01b2 656E6162 		.ascii	"enableState\000"
 589      6C655374 
 589      61746500 
 590              	.LASF0:
 591 01be 7369676E 		.ascii	"signed char\000"
 591      65642063 
ARM GAS  C:\Users\Bryan\AppData\Local\Temp\cctZLL26.s 			page 15


 591      68617200 
 592              	.LASF12:
 593 01ca 4C43445F 		.ascii	"LCD_Char_1_SaveConfig\000"
 593      43686172 
 593      5F315F53 
 593      61766543 
 593      6F6E6669 
 594              		.ident	"GCC: (Sourcery G++ Lite 2010q1-188) 4.4.1"
