ARM GAS  C:\Users\bryan.lee\AppData\Local\Temp\cc0UhsVc.s 			page 1


   1              		.syntax unified
   2              		.cpu cortex-m3
   3              		.fpu softvfp
   4              		.eabi_attribute 20, 1
   5              		.eabi_attribute 21, 1
   6              		.eabi_attribute 23, 3
   7              		.eabi_attribute 24, 1
   8              		.eabi_attribute 25, 1
   9              		.eabi_attribute 26, 1
  10              		.eabi_attribute 30, 6
  11              		.eabi_attribute 34, 1
  12              		.eabi_attribute 18, 4
  13              		.thumb
  14              		.syntax unified
  15              		.file	"counterShift.c"
  16              		.text
  17              	.Ltext0:
  18              		.cfi_sections	.debug_frame
  19              		.global	counterShift_initVar
  20              		.bss
  21              		.type	counterShift_initVar, %object
  22              		.size	counterShift_initVar, 1
  23              	counterShift_initVar:
  24 0000 00       		.space	1
  25              		.section	.text.counterShift_Init,"ax",%progbits
  26              		.align	2
  27              		.global	counterShift_Init
  28              		.thumb
  29              		.thumb_func
  30              		.type	counterShift_Init, %function
  31              	counterShift_Init:
  32              	.LFB0:
  33              		.file 1 "Generated_Source\\PSoC5\\counterShift.c"
   1:Generated_Source\PSoC5/counterShift.c **** /*******************************************************************************
   2:Generated_Source\PSoC5/counterShift.c **** * File Name: counterShift.c  
   3:Generated_Source\PSoC5/counterShift.c **** * Version 3.0
   4:Generated_Source\PSoC5/counterShift.c **** *
   5:Generated_Source\PSoC5/counterShift.c **** *  Description:
   6:Generated_Source\PSoC5/counterShift.c **** *     The Counter component consists of a 8, 16, 24 or 32-bit counter with
   7:Generated_Source\PSoC5/counterShift.c **** *     a selectable period between 2 and 2^Width - 1.  
   8:Generated_Source\PSoC5/counterShift.c **** *
   9:Generated_Source\PSoC5/counterShift.c **** *   Note:
  10:Generated_Source\PSoC5/counterShift.c **** *     None
  11:Generated_Source\PSoC5/counterShift.c **** *
  12:Generated_Source\PSoC5/counterShift.c **** ********************************************************************************
  13:Generated_Source\PSoC5/counterShift.c **** * Copyright 2008-2012, Cypress Semiconductor Corporation.  All rights reserved.
  14:Generated_Source\PSoC5/counterShift.c **** * You may use this file only in accordance with the license, terms, conditions, 
  15:Generated_Source\PSoC5/counterShift.c **** * disclaimers, and limitations in the end user license agreement accompanying 
  16:Generated_Source\PSoC5/counterShift.c **** * the software package with which this file was provided.
  17:Generated_Source\PSoC5/counterShift.c **** *******************************************************************************/
  18:Generated_Source\PSoC5/counterShift.c **** 
  19:Generated_Source\PSoC5/counterShift.c **** #include "counterShift.h"
  20:Generated_Source\PSoC5/counterShift.c **** 
  21:Generated_Source\PSoC5/counterShift.c **** uint8 counterShift_initVar = 0u;
  22:Generated_Source\PSoC5/counterShift.c **** 
  23:Generated_Source\PSoC5/counterShift.c **** 
  24:Generated_Source\PSoC5/counterShift.c **** /*******************************************************************************
ARM GAS  C:\Users\bryan.lee\AppData\Local\Temp\cc0UhsVc.s 			page 2


  25:Generated_Source\PSoC5/counterShift.c **** * Function Name: counterShift_Init
  26:Generated_Source\PSoC5/counterShift.c **** ********************************************************************************
  27:Generated_Source\PSoC5/counterShift.c **** * Summary:
  28:Generated_Source\PSoC5/counterShift.c **** *     Initialize to the schematic state
  29:Generated_Source\PSoC5/counterShift.c **** * 
  30:Generated_Source\PSoC5/counterShift.c **** * Parameters:  
  31:Generated_Source\PSoC5/counterShift.c **** *  void  
  32:Generated_Source\PSoC5/counterShift.c **** *
  33:Generated_Source\PSoC5/counterShift.c **** * Return: 
  34:Generated_Source\PSoC5/counterShift.c **** *  void
  35:Generated_Source\PSoC5/counterShift.c **** *
  36:Generated_Source\PSoC5/counterShift.c **** *******************************************************************************/
  37:Generated_Source\PSoC5/counterShift.c **** void counterShift_Init(void) 
  38:Generated_Source\PSoC5/counterShift.c **** {
  34              		.loc 1 38 0
  35              		.cfi_startproc
  36              		@ args = 0, pretend = 0, frame = 0
  37              		@ frame_needed = 1, uses_anonymous_args = 0
  38 0000 80B5     		push	{r7, lr}
  39              		.cfi_def_cfa_offset 8
  40              		.cfi_offset 7, -8
  41              		.cfi_offset 14, -4
  42 0002 00AF     		add	r7, sp, #0
  43              		.cfi_def_cfa_register 7
  39:Generated_Source\PSoC5/counterShift.c ****         #if (!counterShift_UsingFixedFunction && !counterShift_ControlRegRemoved)
  40:Generated_Source\PSoC5/counterShift.c ****             uint8 ctrl;
  41:Generated_Source\PSoC5/counterShift.c ****         #endif /* (!counterShift_UsingFixedFunction && !counterShift_ControlRegRemoved) */
  42:Generated_Source\PSoC5/counterShift.c ****         
  43:Generated_Source\PSoC5/counterShift.c ****         #if(!counterShift_UsingFixedFunction) 
  44:Generated_Source\PSoC5/counterShift.c ****             /* Interrupt State Backup for Critical Region*/
  45:Generated_Source\PSoC5/counterShift.c ****             uint8 counterShift_interruptState;
  46:Generated_Source\PSoC5/counterShift.c ****         #endif /* (!counterShift_UsingFixedFunction) */
  47:Generated_Source\PSoC5/counterShift.c ****         
  48:Generated_Source\PSoC5/counterShift.c ****         #if (counterShift_UsingFixedFunction)
  49:Generated_Source\PSoC5/counterShift.c ****             /* Clear all bits but the enable bit (if it's already set for Timer operation */
  50:Generated_Source\PSoC5/counterShift.c ****             counterShift_CONTROL &= counterShift_CTRL_ENABLE;
  44              		.loc 1 50 0
  45 0004 214A     		ldr	r2, .L2
  46 0006 214B     		ldr	r3, .L2
  47 0008 1B78     		ldrb	r3, [r3]
  48 000a DBB2     		uxtb	r3, r3
  49 000c 03F00103 		and	r3, r3, #1
  50 0010 DBB2     		uxtb	r3, r3
  51 0012 1370     		strb	r3, [r2]
  51:Generated_Source\PSoC5/counterShift.c ****             
  52:Generated_Source\PSoC5/counterShift.c ****             /* Clear the mode bits for continuous run mode */
  53:Generated_Source\PSoC5/counterShift.c ****             #if (CY_PSOC5A)
  54:Generated_Source\PSoC5/counterShift.c ****                 counterShift_CONTROL2 &= ((uint8)(~counterShift_CTRL_MODE_MASK));
  55:Generated_Source\PSoC5/counterShift.c ****             #endif /* (CY_PSOC5A) */
  56:Generated_Source\PSoC5/counterShift.c ****             #if (CY_PSOC3 || CY_PSOC5LP)
  57:Generated_Source\PSoC5/counterShift.c ****                 counterShift_CONTROL3 &= ((uint8)(~counterShift_CTRL_MODE_MASK));                
  52              		.loc 1 57 0
  53 0014 1E4A     		ldr	r2, .L2+4
  54 0016 1E4B     		ldr	r3, .L2+4
  55 0018 1B78     		ldrb	r3, [r3]
  56 001a DBB2     		uxtb	r3, r3
  57 001c 23F00303 		bic	r3, r3, #3
ARM GAS  C:\Users\bryan.lee\AppData\Local\Temp\cc0UhsVc.s 			page 3


  58 0020 DBB2     		uxtb	r3, r3
  59 0022 1370     		strb	r3, [r2]
  58:Generated_Source\PSoC5/counterShift.c ****             #endif /* (CY_PSOC3 || CY_PSOC5LP) */
  59:Generated_Source\PSoC5/counterShift.c ****             /* Check if One Shot mode is enabled i.e. RunMode !=0*/
  60:Generated_Source\PSoC5/counterShift.c ****             #if (counterShift_RunModeUsed != 0x0u)
  61:Generated_Source\PSoC5/counterShift.c ****                 /* Set 3rd bit of Control register to enable one shot mode */
  62:Generated_Source\PSoC5/counterShift.c ****                 counterShift_CONTROL |= counterShift_ONESHOT;
  63:Generated_Source\PSoC5/counterShift.c ****             #endif /* (counterShift_RunModeUsed != 0x0u) */
  64:Generated_Source\PSoC5/counterShift.c ****             
  65:Generated_Source\PSoC5/counterShift.c ****             /* Set the IRQ to use the status register interrupts */
  66:Generated_Source\PSoC5/counterShift.c ****             counterShift_CONTROL2 |= counterShift_CTRL2_IRQ_SEL;
  60              		.loc 1 66 0
  61 0024 1B4A     		ldr	r2, .L2+8
  62 0026 1B4B     		ldr	r3, .L2+8
  63 0028 1B78     		ldrb	r3, [r3]
  64 002a DBB2     		uxtb	r3, r3
  65 002c 43F00103 		orr	r3, r3, #1
  66 0030 DBB2     		uxtb	r3, r3
  67 0032 1370     		strb	r3, [r2]
  67:Generated_Source\PSoC5/counterShift.c ****             
  68:Generated_Source\PSoC5/counterShift.c ****             /* Clear and Set SYNCTC and SYNCCMP bits of RT1 register */
  69:Generated_Source\PSoC5/counterShift.c ****             counterShift_RT1 &= ((uint8)(~counterShift_RT1_MASK));
  68              		.loc 1 69 0
  69 0034 184A     		ldr	r2, .L2+12
  70 0036 184B     		ldr	r3, .L2+12
  71 0038 1B78     		ldrb	r3, [r3]
  72 003a DBB2     		uxtb	r3, r3
  73 003c 23F03003 		bic	r3, r3, #48
  74 0040 DBB2     		uxtb	r3, r3
  75 0042 1370     		strb	r3, [r2]
  70:Generated_Source\PSoC5/counterShift.c ****             counterShift_RT1 |= counterShift_SYNC;     
  76              		.loc 1 70 0
  77 0044 144A     		ldr	r2, .L2+12
  78 0046 144B     		ldr	r3, .L2+12
  79 0048 1B78     		ldrb	r3, [r3]
  80 004a DBB2     		uxtb	r3, r3
  81 004c 43F03003 		orr	r3, r3, #48
  82 0050 DBB2     		uxtb	r3, r3
  83 0052 1370     		strb	r3, [r2]
  71:Generated_Source\PSoC5/counterShift.c ****                     
  72:Generated_Source\PSoC5/counterShift.c ****             /*Enable DSI Sync all all inputs of the Timer*/
  73:Generated_Source\PSoC5/counterShift.c ****             counterShift_RT1 &= ((uint8)(~counterShift_SYNCDSI_MASK));
  84              		.loc 1 73 0
  85 0054 104A     		ldr	r2, .L2+12
  86 0056 104B     		ldr	r3, .L2+12
  87 0058 1B78     		ldrb	r3, [r3]
  88 005a DBB2     		uxtb	r3, r3
  89 005c 23F00F03 		bic	r3, r3, #15
  90 0060 DBB2     		uxtb	r3, r3
  91 0062 1370     		strb	r3, [r2]
  74:Generated_Source\PSoC5/counterShift.c ****             counterShift_RT1 |= counterShift_SYNCDSI_EN;
  92              		.loc 1 74 0
  93 0064 0C4A     		ldr	r2, .L2+12
  94 0066 0C4B     		ldr	r3, .L2+12
  95 0068 1B78     		ldrb	r3, [r3]
  96 006a DBB2     		uxtb	r3, r3
  97 006c 43F00F03 		orr	r3, r3, #15
ARM GAS  C:\Users\bryan.lee\AppData\Local\Temp\cc0UhsVc.s 			page 4


  98 0070 DBB2     		uxtb	r3, r3
  99 0072 1370     		strb	r3, [r2]
  75:Generated_Source\PSoC5/counterShift.c **** 
  76:Generated_Source\PSoC5/counterShift.c ****         #else
  77:Generated_Source\PSoC5/counterShift.c ****             #if(!counterShift_ControlRegRemoved)
  78:Generated_Source\PSoC5/counterShift.c ****             /* Set the default compare mode defined in the parameter */
  79:Generated_Source\PSoC5/counterShift.c ****             ctrl = counterShift_CONTROL & ((uint8)(~counterShift_CTRL_CMPMODE_MASK));
  80:Generated_Source\PSoC5/counterShift.c ****             counterShift_CONTROL = ctrl | counterShift_DEFAULT_COMPARE_MODE;
  81:Generated_Source\PSoC5/counterShift.c ****             
  82:Generated_Source\PSoC5/counterShift.c ****             /* Set the default capture mode defined in the parameter */
  83:Generated_Source\PSoC5/counterShift.c ****             ctrl = counterShift_CONTROL & ((uint8)(~counterShift_CTRL_CAPMODE_MASK));
  84:Generated_Source\PSoC5/counterShift.c ****             
  85:Generated_Source\PSoC5/counterShift.c ****             #if( 0 != counterShift_CAPTURE_MODE_CONF)
  86:Generated_Source\PSoC5/counterShift.c ****                 counterShift_CONTROL = ctrl | counterShift_DEFAULT_CAPTURE_MODE;
  87:Generated_Source\PSoC5/counterShift.c ****             #else
  88:Generated_Source\PSoC5/counterShift.c ****                 counterShift_CONTROL = ctrl;
  89:Generated_Source\PSoC5/counterShift.c ****             #endif /* 0 != counterShift_CAPTURE_MODE */ 
  90:Generated_Source\PSoC5/counterShift.c ****             
  91:Generated_Source\PSoC5/counterShift.c ****             #endif /* (!counterShift_ControlRegRemoved) */
  92:Generated_Source\PSoC5/counterShift.c ****         #endif /* (counterShift_UsingFixedFunction) */
  93:Generated_Source\PSoC5/counterShift.c ****         
  94:Generated_Source\PSoC5/counterShift.c ****         /* Clear all data in the FIFO's */
  95:Generated_Source\PSoC5/counterShift.c ****         #if (!counterShift_UsingFixedFunction)
  96:Generated_Source\PSoC5/counterShift.c ****             counterShift_ClearFIFO();
  97:Generated_Source\PSoC5/counterShift.c ****         #endif /* (!counterShift_UsingFixedFunction) */
  98:Generated_Source\PSoC5/counterShift.c ****         
  99:Generated_Source\PSoC5/counterShift.c ****         /* Set Initial values from Configuration */
 100:Generated_Source\PSoC5/counterShift.c ****         counterShift_WritePeriod(counterShift_INIT_PERIOD_VALUE);
 100              		.loc 1 100 0
 101 0074 0820     		movs	r0, #8
 102 0076 FFF7FEFF 		bl	counterShift_WritePeriod
 101:Generated_Source\PSoC5/counterShift.c ****         #if (!(counterShift_UsingFixedFunction && (CY_PSOC5A)))
 102:Generated_Source\PSoC5/counterShift.c ****             counterShift_WriteCounter(counterShift_INIT_COUNTER_VALUE);
 103              		.loc 1 102 0
 104 007a 0820     		movs	r0, #8
 105 007c FFF7FEFF 		bl	counterShift_WriteCounter
 103:Generated_Source\PSoC5/counterShift.c ****         #endif /* (!(counterShift_UsingFixedFunction && (CY_PSOC5A))) */
 104:Generated_Source\PSoC5/counterShift.c ****         counterShift_SetInterruptMode(counterShift_INIT_INTERRUPTS_MASK);
 106              		.loc 1 104 0
 107 0080 0020     		movs	r0, #0
 108 0082 FFF7FEFF 		bl	counterShift_SetInterruptMode
 105:Generated_Source\PSoC5/counterShift.c ****         
 106:Generated_Source\PSoC5/counterShift.c ****         #if (!counterShift_UsingFixedFunction)
 107:Generated_Source\PSoC5/counterShift.c ****             /* Read the status register to clear the unwanted interrupts */
 108:Generated_Source\PSoC5/counterShift.c ****             (void)counterShift_ReadStatusRegister();
 109:Generated_Source\PSoC5/counterShift.c ****             /* Set the compare value (only available to non-fixed function implementation */
 110:Generated_Source\PSoC5/counterShift.c ****             counterShift_WriteCompare(counterShift_INIT_COMPARE_VALUE);
 111:Generated_Source\PSoC5/counterShift.c ****             /* Use the interrupt output of the status register for IRQ output */
 112:Generated_Source\PSoC5/counterShift.c ****             
 113:Generated_Source\PSoC5/counterShift.c ****             /* CyEnterCriticalRegion and CyExitCriticalRegion are used to mark following region cri
 114:Generated_Source\PSoC5/counterShift.c ****             /* Enter Critical Region*/
 115:Generated_Source\PSoC5/counterShift.c ****             counterShift_interruptState = CyEnterCriticalSection();
 116:Generated_Source\PSoC5/counterShift.c ****             
 117:Generated_Source\PSoC5/counterShift.c ****             counterShift_STATUS_AUX_CTRL |= counterShift_STATUS_ACTL_INT_EN_MASK;
 118:Generated_Source\PSoC5/counterShift.c ****             
 119:Generated_Source\PSoC5/counterShift.c ****             /* Exit Critical Region*/
 120:Generated_Source\PSoC5/counterShift.c ****             CyExitCriticalSection(counterShift_interruptState);
ARM GAS  C:\Users\bryan.lee\AppData\Local\Temp\cc0UhsVc.s 			page 5


 121:Generated_Source\PSoC5/counterShift.c ****             
 122:Generated_Source\PSoC5/counterShift.c ****         #endif /* (!counterShift_UsingFixedFunction) */
 123:Generated_Source\PSoC5/counterShift.c **** }
 109              		.loc 1 123 0
 110 0086 00BF     		nop
 111 0088 80BD     		pop	{r7, pc}
 112              	.L3:
 113 008a 00BF     		.align	2
 114              	.L2:
 115 008c 004F0040 		.word	1073762048
 116 0090 024F0040 		.word	1073762050
 117 0094 014F0040 		.word	1073762049
 118 0098 0B4F0040 		.word	1073762059
 119              		.cfi_endproc
 120              	.LFE0:
 121              		.size	counterShift_Init, .-counterShift_Init
 122              		.section	.text.counterShift_Enable,"ax",%progbits
 123              		.align	2
 124              		.global	counterShift_Enable
 125              		.thumb
 126              		.thumb_func
 127              		.type	counterShift_Enable, %function
 128              	counterShift_Enable:
 129              	.LFB1:
 124:Generated_Source\PSoC5/counterShift.c **** 
 125:Generated_Source\PSoC5/counterShift.c **** 
 126:Generated_Source\PSoC5/counterShift.c **** /*******************************************************************************
 127:Generated_Source\PSoC5/counterShift.c **** * Function Name: counterShift_Enable
 128:Generated_Source\PSoC5/counterShift.c **** ********************************************************************************
 129:Generated_Source\PSoC5/counterShift.c **** * Summary:
 130:Generated_Source\PSoC5/counterShift.c **** *     Enable the Counter
 131:Generated_Source\PSoC5/counterShift.c **** * 
 132:Generated_Source\PSoC5/counterShift.c **** * Parameters:  
 133:Generated_Source\PSoC5/counterShift.c **** *  void  
 134:Generated_Source\PSoC5/counterShift.c **** *
 135:Generated_Source\PSoC5/counterShift.c **** * Return: 
 136:Generated_Source\PSoC5/counterShift.c **** *  void
 137:Generated_Source\PSoC5/counterShift.c **** *
 138:Generated_Source\PSoC5/counterShift.c **** * Side Effects: 
 139:Generated_Source\PSoC5/counterShift.c **** *   If the Enable mode is set to Hardware only then this function has no effect 
 140:Generated_Source\PSoC5/counterShift.c **** *   on the operation of the counter.
 141:Generated_Source\PSoC5/counterShift.c **** *
 142:Generated_Source\PSoC5/counterShift.c **** *******************************************************************************/
 143:Generated_Source\PSoC5/counterShift.c **** void counterShift_Enable(void) 
 144:Generated_Source\PSoC5/counterShift.c **** {
 130              		.loc 1 144 0
 131              		.cfi_startproc
 132              		@ args = 0, pretend = 0, frame = 0
 133              		@ frame_needed = 1, uses_anonymous_args = 0
 134              		@ link register save eliminated.
 135 0000 80B4     		push	{r7}
 136              		.cfi_def_cfa_offset 4
 137              		.cfi_offset 7, -4
 138 0002 00AF     		add	r7, sp, #0
 139              		.cfi_def_cfa_register 7
 145:Generated_Source\PSoC5/counterShift.c ****     /* Globally Enable the Fixed Function Block chosen */
 146:Generated_Source\PSoC5/counterShift.c ****     #if (counterShift_UsingFixedFunction)
ARM GAS  C:\Users\bryan.lee\AppData\Local\Temp\cc0UhsVc.s 			page 6


 147:Generated_Source\PSoC5/counterShift.c ****         counterShift_GLOBAL_ENABLE |= counterShift_BLOCK_EN_MASK;
 140              		.loc 1 147 0
 141 0004 0D4A     		ldr	r2, .L5
 142 0006 0D4B     		ldr	r3, .L5
 143 0008 1B78     		ldrb	r3, [r3]
 144 000a DBB2     		uxtb	r3, r3
 145 000c 43F00103 		orr	r3, r3, #1
 146 0010 DBB2     		uxtb	r3, r3
 147 0012 1370     		strb	r3, [r2]
 148:Generated_Source\PSoC5/counterShift.c ****         counterShift_GLOBAL_STBY_ENABLE |= counterShift_BLOCK_STBY_EN_MASK;
 148              		.loc 1 148 0
 149 0014 0A4A     		ldr	r2, .L5+4
 150 0016 0A4B     		ldr	r3, .L5+4
 151 0018 1B78     		ldrb	r3, [r3]
 152 001a DBB2     		uxtb	r3, r3
 153 001c 43F00103 		orr	r3, r3, #1
 154 0020 DBB2     		uxtb	r3, r3
 155 0022 1370     		strb	r3, [r2]
 149:Generated_Source\PSoC5/counterShift.c ****     #endif /* (counterShift_UsingFixedFunction) */  
 150:Generated_Source\PSoC5/counterShift.c ****         
 151:Generated_Source\PSoC5/counterShift.c ****     /* Enable the counter from the control register  */
 152:Generated_Source\PSoC5/counterShift.c ****     /* If Fixed Function then make sure Mode is set correctly */
 153:Generated_Source\PSoC5/counterShift.c ****     /* else make sure reset is clear */
 154:Generated_Source\PSoC5/counterShift.c ****     #if(!counterShift_ControlRegRemoved || counterShift_UsingFixedFunction)
 155:Generated_Source\PSoC5/counterShift.c ****         counterShift_CONTROL |= counterShift_CTRL_ENABLE;                
 156              		.loc 1 155 0
 157 0024 074A     		ldr	r2, .L5+8
 158 0026 074B     		ldr	r3, .L5+8
 159 0028 1B78     		ldrb	r3, [r3]
 160 002a DBB2     		uxtb	r3, r3
 161 002c 43F00103 		orr	r3, r3, #1
 162 0030 DBB2     		uxtb	r3, r3
 163 0032 1370     		strb	r3, [r2]
 156:Generated_Source\PSoC5/counterShift.c ****     #endif /* (!counterShift_ControlRegRemoved || counterShift_UsingFixedFunction) */
 157:Generated_Source\PSoC5/counterShift.c ****     
 158:Generated_Source\PSoC5/counterShift.c **** }
 164              		.loc 1 158 0
 165 0034 00BF     		nop
 166 0036 BD46     		mov	sp, r7
 167              		.cfi_def_cfa_register 13
 168              		@ sp needed
 169 0038 80BC     		pop	{r7}
 170              		.cfi_restore 7
 171              		.cfi_def_cfa_offset 0
 172 003a 7047     		bx	lr
 173              	.L6:
 174              		.align	2
 175              	.L5:
 176 003c A3430040 		.word	1073759139
 177 0040 B3430040 		.word	1073759155
 178 0044 004F0040 		.word	1073762048
 179              		.cfi_endproc
 180              	.LFE1:
 181              		.size	counterShift_Enable, .-counterShift_Enable
 182              		.section	.text.counterShift_Start,"ax",%progbits
 183              		.align	2
 184              		.global	counterShift_Start
ARM GAS  C:\Users\bryan.lee\AppData\Local\Temp\cc0UhsVc.s 			page 7


 185              		.thumb
 186              		.thumb_func
 187              		.type	counterShift_Start, %function
 188              	counterShift_Start:
 189              	.LFB2:
 159:Generated_Source\PSoC5/counterShift.c **** 
 160:Generated_Source\PSoC5/counterShift.c **** 
 161:Generated_Source\PSoC5/counterShift.c **** /*******************************************************************************
 162:Generated_Source\PSoC5/counterShift.c **** * Function Name: counterShift_Start
 163:Generated_Source\PSoC5/counterShift.c **** ********************************************************************************
 164:Generated_Source\PSoC5/counterShift.c **** * Summary:
 165:Generated_Source\PSoC5/counterShift.c **** *  Enables the counter for operation 
 166:Generated_Source\PSoC5/counterShift.c **** *
 167:Generated_Source\PSoC5/counterShift.c **** * Parameters:  
 168:Generated_Source\PSoC5/counterShift.c **** *  void  
 169:Generated_Source\PSoC5/counterShift.c **** *
 170:Generated_Source\PSoC5/counterShift.c **** * Return: 
 171:Generated_Source\PSoC5/counterShift.c **** *  void
 172:Generated_Source\PSoC5/counterShift.c **** *
 173:Generated_Source\PSoC5/counterShift.c **** * Global variables:
 174:Generated_Source\PSoC5/counterShift.c **** *  counterShift_initVar: Is modified when this function is called for the  
 175:Generated_Source\PSoC5/counterShift.c **** *   first time. Is used to ensure that initialization happens only once.
 176:Generated_Source\PSoC5/counterShift.c **** *
 177:Generated_Source\PSoC5/counterShift.c **** *******************************************************************************/
 178:Generated_Source\PSoC5/counterShift.c **** void counterShift_Start(void) 
 179:Generated_Source\PSoC5/counterShift.c **** {
 190              		.loc 1 179 0
 191              		.cfi_startproc
 192              		@ args = 0, pretend = 0, frame = 0
 193              		@ frame_needed = 1, uses_anonymous_args = 0
 194 0000 80B5     		push	{r7, lr}
 195              		.cfi_def_cfa_offset 8
 196              		.cfi_offset 7, -8
 197              		.cfi_offset 14, -4
 198 0002 00AF     		add	r7, sp, #0
 199              		.cfi_def_cfa_register 7
 180:Generated_Source\PSoC5/counterShift.c ****     if(counterShift_initVar == 0u)
 200              		.loc 1 180 0
 201 0004 064B     		ldr	r3, .L9
 202 0006 1B78     		ldrb	r3, [r3]	@ zero_extendqisi2
 203 0008 002B     		cmp	r3, #0
 204 000a 04D1     		bne	.L8
 181:Generated_Source\PSoC5/counterShift.c ****     {
 182:Generated_Source\PSoC5/counterShift.c ****         counterShift_Init();
 205              		.loc 1 182 0
 206 000c FFF7FEFF 		bl	counterShift_Init
 183:Generated_Source\PSoC5/counterShift.c ****         
 184:Generated_Source\PSoC5/counterShift.c ****         counterShift_initVar = 1u; /* Clear this bit for Initialization */        
 207              		.loc 1 184 0
 208 0010 034B     		ldr	r3, .L9
 209 0012 0122     		movs	r2, #1
 210 0014 1A70     		strb	r2, [r3]
 211              	.L8:
 185:Generated_Source\PSoC5/counterShift.c ****     }
 186:Generated_Source\PSoC5/counterShift.c ****     
 187:Generated_Source\PSoC5/counterShift.c ****     /* Enable the Counter */
 188:Generated_Source\PSoC5/counterShift.c ****     counterShift_Enable();        
ARM GAS  C:\Users\bryan.lee\AppData\Local\Temp\cc0UhsVc.s 			page 8


 212              		.loc 1 188 0
 213 0016 FFF7FEFF 		bl	counterShift_Enable
 189:Generated_Source\PSoC5/counterShift.c **** }
 214              		.loc 1 189 0
 215 001a 00BF     		nop
 216 001c 80BD     		pop	{r7, pc}
 217              	.L10:
 218 001e 00BF     		.align	2
 219              	.L9:
 220 0020 00000000 		.word	counterShift_initVar
 221              		.cfi_endproc
 222              	.LFE2:
 223              		.size	counterShift_Start, .-counterShift_Start
 224              		.section	.text.counterShift_Stop,"ax",%progbits
 225              		.align	2
 226              		.global	counterShift_Stop
 227              		.thumb
 228              		.thumb_func
 229              		.type	counterShift_Stop, %function
 230              	counterShift_Stop:
 231              	.LFB3:
 190:Generated_Source\PSoC5/counterShift.c **** 
 191:Generated_Source\PSoC5/counterShift.c **** 
 192:Generated_Source\PSoC5/counterShift.c **** /*******************************************************************************
 193:Generated_Source\PSoC5/counterShift.c **** * Function Name: counterShift_Stop
 194:Generated_Source\PSoC5/counterShift.c **** ********************************************************************************
 195:Generated_Source\PSoC5/counterShift.c **** * Summary:
 196:Generated_Source\PSoC5/counterShift.c **** * Halts the counter, but does not change any modes or disable interrupts.
 197:Generated_Source\PSoC5/counterShift.c **** *
 198:Generated_Source\PSoC5/counterShift.c **** * Parameters:  
 199:Generated_Source\PSoC5/counterShift.c **** *  void  
 200:Generated_Source\PSoC5/counterShift.c **** *
 201:Generated_Source\PSoC5/counterShift.c **** * Return: 
 202:Generated_Source\PSoC5/counterShift.c **** *  void
 203:Generated_Source\PSoC5/counterShift.c **** *
 204:Generated_Source\PSoC5/counterShift.c **** * Side Effects: If the Enable mode is set to Hardware only then this function
 205:Generated_Source\PSoC5/counterShift.c **** *               has no effect on the operation of the counter.
 206:Generated_Source\PSoC5/counterShift.c **** *
 207:Generated_Source\PSoC5/counterShift.c **** *******************************************************************************/
 208:Generated_Source\PSoC5/counterShift.c **** void counterShift_Stop(void) 
 209:Generated_Source\PSoC5/counterShift.c **** {
 232              		.loc 1 209 0
 233              		.cfi_startproc
 234              		@ args = 0, pretend = 0, frame = 0
 235              		@ frame_needed = 1, uses_anonymous_args = 0
 236              		@ link register save eliminated.
 237 0000 80B4     		push	{r7}
 238              		.cfi_def_cfa_offset 4
 239              		.cfi_offset 7, -4
 240 0002 00AF     		add	r7, sp, #0
 241              		.cfi_def_cfa_register 7
 210:Generated_Source\PSoC5/counterShift.c ****     /* Disable Counter */
 211:Generated_Source\PSoC5/counterShift.c ****     #if(!counterShift_ControlRegRemoved || counterShift_UsingFixedFunction)
 212:Generated_Source\PSoC5/counterShift.c ****         counterShift_CONTROL &= ((uint8)(~counterShift_CTRL_ENABLE));        
 242              		.loc 1 212 0
 243 0004 0D4A     		ldr	r2, .L12
 244 0006 0D4B     		ldr	r3, .L12
ARM GAS  C:\Users\bryan.lee\AppData\Local\Temp\cc0UhsVc.s 			page 9


 245 0008 1B78     		ldrb	r3, [r3]
 246 000a DBB2     		uxtb	r3, r3
 247 000c 23F00103 		bic	r3, r3, #1
 248 0010 DBB2     		uxtb	r3, r3
 249 0012 1370     		strb	r3, [r2]
 213:Generated_Source\PSoC5/counterShift.c ****     #endif /* (!counterShift_ControlRegRemoved || counterShift_UsingFixedFunction) */
 214:Generated_Source\PSoC5/counterShift.c ****     
 215:Generated_Source\PSoC5/counterShift.c ****     /* Globally disable the Fixed Function Block chosen */
 216:Generated_Source\PSoC5/counterShift.c ****     #if (counterShift_UsingFixedFunction)
 217:Generated_Source\PSoC5/counterShift.c ****         counterShift_GLOBAL_ENABLE &= ((uint8)(~counterShift_BLOCK_EN_MASK));
 250              		.loc 1 217 0
 251 0014 0A4A     		ldr	r2, .L12+4
 252 0016 0A4B     		ldr	r3, .L12+4
 253 0018 1B78     		ldrb	r3, [r3]
 254 001a DBB2     		uxtb	r3, r3
 255 001c 23F00103 		bic	r3, r3, #1
 256 0020 DBB2     		uxtb	r3, r3
 257 0022 1370     		strb	r3, [r2]
 218:Generated_Source\PSoC5/counterShift.c ****         counterShift_GLOBAL_STBY_ENABLE &= ((uint8)(~counterShift_BLOCK_STBY_EN_MASK));
 258              		.loc 1 218 0
 259 0024 074A     		ldr	r2, .L12+8
 260 0026 074B     		ldr	r3, .L12+8
 261 0028 1B78     		ldrb	r3, [r3]
 262 002a DBB2     		uxtb	r3, r3
 263 002c 23F00103 		bic	r3, r3, #1
 264 0030 DBB2     		uxtb	r3, r3
 265 0032 1370     		strb	r3, [r2]
 219:Generated_Source\PSoC5/counterShift.c ****     #endif /* (counterShift_UsingFixedFunction) */
 220:Generated_Source\PSoC5/counterShift.c **** }
 266              		.loc 1 220 0
 267 0034 00BF     		nop
 268 0036 BD46     		mov	sp, r7
 269              		.cfi_def_cfa_register 13
 270              		@ sp needed
 271 0038 80BC     		pop	{r7}
 272              		.cfi_restore 7
 273              		.cfi_def_cfa_offset 0
 274 003a 7047     		bx	lr
 275              	.L13:
 276              		.align	2
 277              	.L12:
 278 003c 004F0040 		.word	1073762048
 279 0040 A3430040 		.word	1073759139
 280 0044 B3430040 		.word	1073759155
 281              		.cfi_endproc
 282              	.LFE3:
 283              		.size	counterShift_Stop, .-counterShift_Stop
 284              		.section	.text.counterShift_SetInterruptMode,"ax",%progbits
 285              		.align	2
 286              		.global	counterShift_SetInterruptMode
 287              		.thumb
 288              		.thumb_func
 289              		.type	counterShift_SetInterruptMode, %function
 290              	counterShift_SetInterruptMode:
 291              	.LFB4:
 221:Generated_Source\PSoC5/counterShift.c **** 
 222:Generated_Source\PSoC5/counterShift.c **** 
ARM GAS  C:\Users\bryan.lee\AppData\Local\Temp\cc0UhsVc.s 			page 10


 223:Generated_Source\PSoC5/counterShift.c **** /*******************************************************************************
 224:Generated_Source\PSoC5/counterShift.c **** * Function Name: counterShift_SetInterruptMode
 225:Generated_Source\PSoC5/counterShift.c **** ********************************************************************************
 226:Generated_Source\PSoC5/counterShift.c **** * Summary:
 227:Generated_Source\PSoC5/counterShift.c **** * Configures which interrupt sources are enabled to generate the final interrupt
 228:Generated_Source\PSoC5/counterShift.c **** *
 229:Generated_Source\PSoC5/counterShift.c **** * Parameters:  
 230:Generated_Source\PSoC5/counterShift.c **** *  InterruptsMask: This parameter is an or'd collection of the status bits
 231:Generated_Source\PSoC5/counterShift.c **** *                   which will be allowed to generate the counters interrupt.   
 232:Generated_Source\PSoC5/counterShift.c **** *
 233:Generated_Source\PSoC5/counterShift.c **** * Return: 
 234:Generated_Source\PSoC5/counterShift.c **** *  void
 235:Generated_Source\PSoC5/counterShift.c **** *
 236:Generated_Source\PSoC5/counterShift.c **** *******************************************************************************/
 237:Generated_Source\PSoC5/counterShift.c **** void counterShift_SetInterruptMode(uint8 interruptsMask) 
 238:Generated_Source\PSoC5/counterShift.c **** {
 292              		.loc 1 238 0
 293              		.cfi_startproc
 294              		@ args = 0, pretend = 0, frame = 8
 295              		@ frame_needed = 1, uses_anonymous_args = 0
 296              		@ link register save eliminated.
 297 0000 80B4     		push	{r7}
 298              		.cfi_def_cfa_offset 4
 299              		.cfi_offset 7, -4
 300 0002 83B0     		sub	sp, sp, #12
 301              		.cfi_def_cfa_offset 16
 302 0004 00AF     		add	r7, sp, #0
 303              		.cfi_def_cfa_register 7
 304 0006 0346     		mov	r3, r0
 305 0008 FB71     		strb	r3, [r7, #7]
 239:Generated_Source\PSoC5/counterShift.c ****     counterShift_STATUS_MASK = interruptsMask;
 306              		.loc 1 239 0
 307 000a 044A     		ldr	r2, .L15
 308 000c FB79     		ldrb	r3, [r7, #7]
 309 000e 1370     		strb	r3, [r2]
 240:Generated_Source\PSoC5/counterShift.c **** }
 310              		.loc 1 240 0
 311 0010 00BF     		nop
 312 0012 0C37     		adds	r7, r7, #12
 313              		.cfi_def_cfa_offset 4
 314 0014 BD46     		mov	sp, r7
 315              		.cfi_def_cfa_register 13
 316              		@ sp needed
 317 0016 80BC     		pop	{r7}
 318              		.cfi_restore 7
 319              		.cfi_def_cfa_offset 0
 320 0018 7047     		bx	lr
 321              	.L16:
 322 001a 00BF     		.align	2
 323              	.L15:
 324 001c 034F0040 		.word	1073762051
 325              		.cfi_endproc
 326              	.LFE4:
 327              		.size	counterShift_SetInterruptMode, .-counterShift_SetInterruptMode
 328              		.section	.text.counterShift_ReadStatusRegister,"ax",%progbits
 329              		.align	2
 330              		.global	counterShift_ReadStatusRegister
ARM GAS  C:\Users\bryan.lee\AppData\Local\Temp\cc0UhsVc.s 			page 11


 331              		.thumb
 332              		.thumb_func
 333              		.type	counterShift_ReadStatusRegister, %function
 334              	counterShift_ReadStatusRegister:
 335              	.LFB5:
 241:Generated_Source\PSoC5/counterShift.c **** 
 242:Generated_Source\PSoC5/counterShift.c **** 
 243:Generated_Source\PSoC5/counterShift.c **** /*******************************************************************************
 244:Generated_Source\PSoC5/counterShift.c **** * Function Name: counterShift_ReadStatusRegister
 245:Generated_Source\PSoC5/counterShift.c **** ********************************************************************************
 246:Generated_Source\PSoC5/counterShift.c **** * Summary:
 247:Generated_Source\PSoC5/counterShift.c **** *   Reads the status register and returns it's state. This function should use
 248:Generated_Source\PSoC5/counterShift.c **** *       defined types for the bit-field information as the bits in this
 249:Generated_Source\PSoC5/counterShift.c **** *       register may be permuteable.
 250:Generated_Source\PSoC5/counterShift.c **** *
 251:Generated_Source\PSoC5/counterShift.c **** * Parameters:  
 252:Generated_Source\PSoC5/counterShift.c **** *  void
 253:Generated_Source\PSoC5/counterShift.c **** *
 254:Generated_Source\PSoC5/counterShift.c **** * Return: 
 255:Generated_Source\PSoC5/counterShift.c **** *  (uint8) The contents of the status register
 256:Generated_Source\PSoC5/counterShift.c **** *
 257:Generated_Source\PSoC5/counterShift.c **** * Side Effects:
 258:Generated_Source\PSoC5/counterShift.c **** *   Status register bits may be clear on read. 
 259:Generated_Source\PSoC5/counterShift.c **** *
 260:Generated_Source\PSoC5/counterShift.c **** *******************************************************************************/
 261:Generated_Source\PSoC5/counterShift.c **** uint8   counterShift_ReadStatusRegister(void) 
 262:Generated_Source\PSoC5/counterShift.c **** {
 336              		.loc 1 262 0
 337              		.cfi_startproc
 338              		@ args = 0, pretend = 0, frame = 0
 339              		@ frame_needed = 1, uses_anonymous_args = 0
 340              		@ link register save eliminated.
 341 0000 80B4     		push	{r7}
 342              		.cfi_def_cfa_offset 4
 343              		.cfi_offset 7, -4
 344 0002 00AF     		add	r7, sp, #0
 345              		.cfi_def_cfa_register 7
 263:Generated_Source\PSoC5/counterShift.c ****     return counterShift_STATUS;
 346              		.loc 1 263 0
 347 0004 034B     		ldr	r3, .L19
 348 0006 1B78     		ldrb	r3, [r3]
 349 0008 DBB2     		uxtb	r3, r3
 264:Generated_Source\PSoC5/counterShift.c **** }
 350              		.loc 1 264 0
 351 000a 1846     		mov	r0, r3
 352 000c BD46     		mov	sp, r7
 353              		.cfi_def_cfa_register 13
 354              		@ sp needed
 355 000e 80BC     		pop	{r7}
 356              		.cfi_restore 7
 357              		.cfi_def_cfa_offset 0
 358 0010 7047     		bx	lr
 359              	.L20:
 360 0012 00BF     		.align	2
 361              	.L19:
 362 0014 034F0040 		.word	1073762051
 363              		.cfi_endproc
ARM GAS  C:\Users\bryan.lee\AppData\Local\Temp\cc0UhsVc.s 			page 12


 364              	.LFE5:
 365              		.size	counterShift_ReadStatusRegister, .-counterShift_ReadStatusRegister
 366              		.section	.text.counterShift_ReadControlRegister,"ax",%progbits
 367              		.align	2
 368              		.global	counterShift_ReadControlRegister
 369              		.thumb
 370              		.thumb_func
 371              		.type	counterShift_ReadControlRegister, %function
 372              	counterShift_ReadControlRegister:
 373              	.LFB6:
 265:Generated_Source\PSoC5/counterShift.c **** 
 266:Generated_Source\PSoC5/counterShift.c **** 
 267:Generated_Source\PSoC5/counterShift.c **** #if(!counterShift_ControlRegRemoved)
 268:Generated_Source\PSoC5/counterShift.c **** /*******************************************************************************
 269:Generated_Source\PSoC5/counterShift.c **** * Function Name: counterShift_ReadControlRegister
 270:Generated_Source\PSoC5/counterShift.c **** ********************************************************************************
 271:Generated_Source\PSoC5/counterShift.c **** * Summary:
 272:Generated_Source\PSoC5/counterShift.c **** *   Reads the control register and returns it's state. This function should use
 273:Generated_Source\PSoC5/counterShift.c **** *       defined types for the bit-field information as the bits in this
 274:Generated_Source\PSoC5/counterShift.c **** *       register may be permuteable.
 275:Generated_Source\PSoC5/counterShift.c **** *
 276:Generated_Source\PSoC5/counterShift.c **** * Parameters:  
 277:Generated_Source\PSoC5/counterShift.c **** *  void
 278:Generated_Source\PSoC5/counterShift.c **** *
 279:Generated_Source\PSoC5/counterShift.c **** * Return: 
 280:Generated_Source\PSoC5/counterShift.c **** *  (uint8) The contents of the control register
 281:Generated_Source\PSoC5/counterShift.c **** *
 282:Generated_Source\PSoC5/counterShift.c **** *******************************************************************************/
 283:Generated_Source\PSoC5/counterShift.c **** uint8   counterShift_ReadControlRegister(void) 
 284:Generated_Source\PSoC5/counterShift.c **** {
 374              		.loc 1 284 0
 375              		.cfi_startproc
 376              		@ args = 0, pretend = 0, frame = 0
 377              		@ frame_needed = 1, uses_anonymous_args = 0
 378              		@ link register save eliminated.
 379 0000 80B4     		push	{r7}
 380              		.cfi_def_cfa_offset 4
 381              		.cfi_offset 7, -4
 382 0002 00AF     		add	r7, sp, #0
 383              		.cfi_def_cfa_register 7
 285:Generated_Source\PSoC5/counterShift.c ****     return counterShift_CONTROL;
 384              		.loc 1 285 0
 385 0004 034B     		ldr	r3, .L23
 386 0006 1B78     		ldrb	r3, [r3]
 387 0008 DBB2     		uxtb	r3, r3
 286:Generated_Source\PSoC5/counterShift.c **** }
 388              		.loc 1 286 0
 389 000a 1846     		mov	r0, r3
 390 000c BD46     		mov	sp, r7
 391              		.cfi_def_cfa_register 13
 392              		@ sp needed
 393 000e 80BC     		pop	{r7}
 394              		.cfi_restore 7
 395              		.cfi_def_cfa_offset 0
 396 0010 7047     		bx	lr
 397              	.L24:
 398 0012 00BF     		.align	2
ARM GAS  C:\Users\bryan.lee\AppData\Local\Temp\cc0UhsVc.s 			page 13


 399              	.L23:
 400 0014 004F0040 		.word	1073762048
 401              		.cfi_endproc
 402              	.LFE6:
 403              		.size	counterShift_ReadControlRegister, .-counterShift_ReadControlRegister
 404              		.section	.text.counterShift_WriteControlRegister,"ax",%progbits
 405              		.align	2
 406              		.global	counterShift_WriteControlRegister
 407              		.thumb
 408              		.thumb_func
 409              		.type	counterShift_WriteControlRegister, %function
 410              	counterShift_WriteControlRegister:
 411              	.LFB7:
 287:Generated_Source\PSoC5/counterShift.c **** 
 288:Generated_Source\PSoC5/counterShift.c **** 
 289:Generated_Source\PSoC5/counterShift.c **** /*******************************************************************************
 290:Generated_Source\PSoC5/counterShift.c **** * Function Name: counterShift_WriteControlRegister
 291:Generated_Source\PSoC5/counterShift.c **** ********************************************************************************
 292:Generated_Source\PSoC5/counterShift.c **** * Summary:
 293:Generated_Source\PSoC5/counterShift.c **** *   Sets the bit-field of the control register.  This function should use
 294:Generated_Source\PSoC5/counterShift.c **** *       defined types for the bit-field information as the bits in this
 295:Generated_Source\PSoC5/counterShift.c **** *       register may be permuteable.
 296:Generated_Source\PSoC5/counterShift.c **** *
 297:Generated_Source\PSoC5/counterShift.c **** * Parameters:  
 298:Generated_Source\PSoC5/counterShift.c **** *  void
 299:Generated_Source\PSoC5/counterShift.c **** *
 300:Generated_Source\PSoC5/counterShift.c **** * Return: 
 301:Generated_Source\PSoC5/counterShift.c **** *  (uint8) The contents of the control register
 302:Generated_Source\PSoC5/counterShift.c **** *
 303:Generated_Source\PSoC5/counterShift.c **** *******************************************************************************/
 304:Generated_Source\PSoC5/counterShift.c **** void    counterShift_WriteControlRegister(uint8 control) 
 305:Generated_Source\PSoC5/counterShift.c **** {
 412              		.loc 1 305 0
 413              		.cfi_startproc
 414              		@ args = 0, pretend = 0, frame = 8
 415              		@ frame_needed = 1, uses_anonymous_args = 0
 416              		@ link register save eliminated.
 417 0000 80B4     		push	{r7}
 418              		.cfi_def_cfa_offset 4
 419              		.cfi_offset 7, -4
 420 0002 83B0     		sub	sp, sp, #12
 421              		.cfi_def_cfa_offset 16
 422 0004 00AF     		add	r7, sp, #0
 423              		.cfi_def_cfa_register 7
 424 0006 0346     		mov	r3, r0
 425 0008 FB71     		strb	r3, [r7, #7]
 306:Generated_Source\PSoC5/counterShift.c ****     counterShift_CONTROL = control;
 426              		.loc 1 306 0
 427 000a 044A     		ldr	r2, .L26
 428 000c FB79     		ldrb	r3, [r7, #7]
 429 000e 1370     		strb	r3, [r2]
 307:Generated_Source\PSoC5/counterShift.c **** }
 430              		.loc 1 307 0
 431 0010 00BF     		nop
 432 0012 0C37     		adds	r7, r7, #12
 433              		.cfi_def_cfa_offset 4
 434 0014 BD46     		mov	sp, r7
ARM GAS  C:\Users\bryan.lee\AppData\Local\Temp\cc0UhsVc.s 			page 14


 435              		.cfi_def_cfa_register 13
 436              		@ sp needed
 437 0016 80BC     		pop	{r7}
 438              		.cfi_restore 7
 439              		.cfi_def_cfa_offset 0
 440 0018 7047     		bx	lr
 441              	.L27:
 442 001a 00BF     		.align	2
 443              	.L26:
 444 001c 004F0040 		.word	1073762048
 445              		.cfi_endproc
 446              	.LFE7:
 447              		.size	counterShift_WriteControlRegister, .-counterShift_WriteControlRegister
 448              		.section	.text.counterShift_WriteCounter,"ax",%progbits
 449              		.align	2
 450              		.global	counterShift_WriteCounter
 451              		.thumb
 452              		.thumb_func
 453              		.type	counterShift_WriteCounter, %function
 454              	counterShift_WriteCounter:
 455              	.LFB8:
 308:Generated_Source\PSoC5/counterShift.c **** 
 309:Generated_Source\PSoC5/counterShift.c **** #endif  /* (!counterShift_ControlRegRemoved) */
 310:Generated_Source\PSoC5/counterShift.c **** 
 311:Generated_Source\PSoC5/counterShift.c **** 
 312:Generated_Source\PSoC5/counterShift.c **** #if (!(counterShift_UsingFixedFunction && (CY_PSOC5A)))
 313:Generated_Source\PSoC5/counterShift.c **** /*******************************************************************************
 314:Generated_Source\PSoC5/counterShift.c **** * Function Name: counterShift_WriteCounter
 315:Generated_Source\PSoC5/counterShift.c **** ********************************************************************************
 316:Generated_Source\PSoC5/counterShift.c **** * Summary:
 317:Generated_Source\PSoC5/counterShift.c **** *   This funtion is used to set the counter to a specific value
 318:Generated_Source\PSoC5/counterShift.c **** *
 319:Generated_Source\PSoC5/counterShift.c **** * Parameters:  
 320:Generated_Source\PSoC5/counterShift.c **** *  counter:  New counter value. 
 321:Generated_Source\PSoC5/counterShift.c **** *
 322:Generated_Source\PSoC5/counterShift.c **** * Return: 
 323:Generated_Source\PSoC5/counterShift.c **** *  void 
 324:Generated_Source\PSoC5/counterShift.c **** *
 325:Generated_Source\PSoC5/counterShift.c **** *******************************************************************************/
 326:Generated_Source\PSoC5/counterShift.c **** void counterShift_WriteCounter(uint8 counter) \
 327:Generated_Source\PSoC5/counterShift.c ****                                    
 328:Generated_Source\PSoC5/counterShift.c **** {
 456              		.loc 1 328 0
 457              		.cfi_startproc
 458              		@ args = 0, pretend = 0, frame = 8
 459              		@ frame_needed = 1, uses_anonymous_args = 0
 460 0000 80B5     		push	{r7, lr}
 461              		.cfi_def_cfa_offset 8
 462              		.cfi_offset 7, -8
 463              		.cfi_offset 14, -4
 464 0002 82B0     		sub	sp, sp, #8
 465              		.cfi_def_cfa_offset 16
 466 0004 00AF     		add	r7, sp, #0
 467              		.cfi_def_cfa_register 7
 468 0006 0346     		mov	r3, r0
 469 0008 FB71     		strb	r3, [r7, #7]
 329:Generated_Source\PSoC5/counterShift.c ****     #if(counterShift_UsingFixedFunction)
ARM GAS  C:\Users\bryan.lee\AppData\Local\Temp\cc0UhsVc.s 			page 15


 330:Generated_Source\PSoC5/counterShift.c ****         /* assert if block is already enabled */
 331:Generated_Source\PSoC5/counterShift.c ****         CYASSERT (0u == (counterShift_GLOBAL_ENABLE & counterShift_BLOCK_EN_MASK));
 470              		.loc 1 331 0
 471 000a 114B     		ldr	r3, .L30
 472 000c 1B78     		ldrb	r3, [r3]
 473 000e DBB2     		uxtb	r3, r3
 474 0010 03F00103 		and	r3, r3, #1
 475 0014 002B     		cmp	r3, #0
 476 0016 02D0     		beq	.L29
 477              		.loc 1 331 0 is_stmt 0 discriminator 1
 478 0018 0020     		movs	r0, #0
 479 001a FFF7FEFF 		bl	CyHalt
 480              	.L29:
 332:Generated_Source\PSoC5/counterShift.c ****         /* If block is disabled, enable it and then write the counter */
 333:Generated_Source\PSoC5/counterShift.c ****         counterShift_GLOBAL_ENABLE |= counterShift_BLOCK_EN_MASK;
 481              		.loc 1 333 0 is_stmt 1
 482 001e 0C4A     		ldr	r2, .L30
 483 0020 0B4B     		ldr	r3, .L30
 484 0022 1B78     		ldrb	r3, [r3]
 485 0024 DBB2     		uxtb	r3, r3
 486 0026 43F00103 		orr	r3, r3, #1
 487 002a DBB2     		uxtb	r3, r3
 488 002c 1370     		strb	r3, [r2]
 334:Generated_Source\PSoC5/counterShift.c ****         CY_SET_REG16(counterShift_COUNTER_LSB_PTR, (uint16)counter);
 489              		.loc 1 334 0
 490 002e 094B     		ldr	r3, .L30+4
 491 0030 FA79     		ldrb	r2, [r7, #7]	@ zero_extendqisi2
 492 0032 92B2     		uxth	r2, r2
 493 0034 1A80     		strh	r2, [r3]	@ movhi
 335:Generated_Source\PSoC5/counterShift.c ****         counterShift_GLOBAL_ENABLE &= ((uint8)(~counterShift_BLOCK_EN_MASK));
 494              		.loc 1 335 0
 495 0036 064A     		ldr	r2, .L30
 496 0038 054B     		ldr	r3, .L30
 497 003a 1B78     		ldrb	r3, [r3]
 498 003c DBB2     		uxtb	r3, r3
 499 003e 23F00103 		bic	r3, r3, #1
 500 0042 DBB2     		uxtb	r3, r3
 501 0044 1370     		strb	r3, [r2]
 336:Generated_Source\PSoC5/counterShift.c ****     #else
 337:Generated_Source\PSoC5/counterShift.c ****         CY_SET_REG8(counterShift_COUNTER_LSB_PTR, counter);
 338:Generated_Source\PSoC5/counterShift.c ****     #endif /* (counterShift_UsingFixedFunction) */
 339:Generated_Source\PSoC5/counterShift.c **** }
 502              		.loc 1 339 0
 503 0046 00BF     		nop
 504 0048 0837     		adds	r7, r7, #8
 505              		.cfi_def_cfa_offset 8
 506 004a BD46     		mov	sp, r7
 507              		.cfi_def_cfa_register 13
 508              		@ sp needed
 509 004c 80BD     		pop	{r7, pc}
 510              	.L31:
 511 004e 00BF     		.align	2
 512              	.L30:
 513 0050 A3430040 		.word	1073759139
 514 0054 064F0040 		.word	1073762054
 515              		.cfi_endproc
 516              	.LFE8:
ARM GAS  C:\Users\bryan.lee\AppData\Local\Temp\cc0UhsVc.s 			page 16


 517              		.size	counterShift_WriteCounter, .-counterShift_WriteCounter
 518              		.section	.text.counterShift_ReadCounter,"ax",%progbits
 519              		.align	2
 520              		.global	counterShift_ReadCounter
 521              		.thumb
 522              		.thumb_func
 523              		.type	counterShift_ReadCounter, %function
 524              	counterShift_ReadCounter:
 525              	.LFB9:
 340:Generated_Source\PSoC5/counterShift.c **** #endif /* (!(counterShift_UsingFixedFunction && (CY_PSOC5A))) */
 341:Generated_Source\PSoC5/counterShift.c **** 
 342:Generated_Source\PSoC5/counterShift.c **** 
 343:Generated_Source\PSoC5/counterShift.c **** /*******************************************************************************
 344:Generated_Source\PSoC5/counterShift.c **** * Function Name: counterShift_ReadCounter
 345:Generated_Source\PSoC5/counterShift.c **** ********************************************************************************
 346:Generated_Source\PSoC5/counterShift.c **** * Summary:
 347:Generated_Source\PSoC5/counterShift.c **** * Returns the current value of the counter.  It doesn't matter
 348:Generated_Source\PSoC5/counterShift.c **** * if the counter is enabled or running.
 349:Generated_Source\PSoC5/counterShift.c **** *
 350:Generated_Source\PSoC5/counterShift.c **** * Parameters:  
 351:Generated_Source\PSoC5/counterShift.c **** *  void:  
 352:Generated_Source\PSoC5/counterShift.c **** *
 353:Generated_Source\PSoC5/counterShift.c **** * Return: 
 354:Generated_Source\PSoC5/counterShift.c **** *  (uint8) The present value of the counter.
 355:Generated_Source\PSoC5/counterShift.c **** *
 356:Generated_Source\PSoC5/counterShift.c **** *******************************************************************************/
 357:Generated_Source\PSoC5/counterShift.c **** uint8 counterShift_ReadCounter(void) 
 358:Generated_Source\PSoC5/counterShift.c **** {
 526              		.loc 1 358 0
 527              		.cfi_startproc
 528              		@ args = 0, pretend = 0, frame = 0
 529              		@ frame_needed = 1, uses_anonymous_args = 0
 530              		@ link register save eliminated.
 531 0000 80B4     		push	{r7}
 532              		.cfi_def_cfa_offset 4
 533              		.cfi_offset 7, -4
 534 0002 00AF     		add	r7, sp, #0
 535              		.cfi_def_cfa_register 7
 359:Generated_Source\PSoC5/counterShift.c ****     /* Force capture by reading Accumulator */
 360:Generated_Source\PSoC5/counterShift.c ****     /* Must first do a software capture to be able to read the counter */
 361:Generated_Source\PSoC5/counterShift.c ****     /* It is up to the user code to make sure there isn't already captured data in the FIFO */
 362:Generated_Source\PSoC5/counterShift.c ****     #if(counterShift_UsingFixedFunction)
 363:Generated_Source\PSoC5/counterShift.c **** 		(void)CY_GET_REG16(counterShift_COUNTER_LSB_PTR);
 536              		.loc 1 363 0
 537 0004 044B     		ldr	r3, .L34
 538 0006 1B88     		ldrh	r3, [r3]	@ movhi
 364:Generated_Source\PSoC5/counterShift.c **** 	#else
 365:Generated_Source\PSoC5/counterShift.c **** 		(void)CY_GET_REG8(counterShift_COUNTER_LSB_PTR_8BIT);
 366:Generated_Source\PSoC5/counterShift.c **** 	#endif/* (counterShift_UsingFixedFunction) */
 367:Generated_Source\PSoC5/counterShift.c ****     
 368:Generated_Source\PSoC5/counterShift.c ****     /* Read the data from the FIFO (or capture register for Fixed Function)*/
 369:Generated_Source\PSoC5/counterShift.c ****     #if(counterShift_UsingFixedFunction)
 370:Generated_Source\PSoC5/counterShift.c ****         return ((uint8)CY_GET_REG16(counterShift_STATICCOUNT_LSB_PTR));
 539              		.loc 1 370 0
 540 0008 044B     		ldr	r3, .L34+4
 541 000a 1B88     		ldrh	r3, [r3]	@ movhi
 542 000c 9BB2     		uxth	r3, r3
ARM GAS  C:\Users\bryan.lee\AppData\Local\Temp\cc0UhsVc.s 			page 17


 543 000e DBB2     		uxtb	r3, r3
 371:Generated_Source\PSoC5/counterShift.c ****     #else
 372:Generated_Source\PSoC5/counterShift.c ****         return (CY_GET_REG8(counterShift_STATICCOUNT_LSB_PTR));
 373:Generated_Source\PSoC5/counterShift.c ****     #endif /* (counterShift_UsingFixedFunction) */
 374:Generated_Source\PSoC5/counterShift.c **** }
 544              		.loc 1 374 0
 545 0010 1846     		mov	r0, r3
 546 0012 BD46     		mov	sp, r7
 547              		.cfi_def_cfa_register 13
 548              		@ sp needed
 549 0014 80BC     		pop	{r7}
 550              		.cfi_restore 7
 551              		.cfi_def_cfa_offset 0
 552 0016 7047     		bx	lr
 553              	.L35:
 554              		.align	2
 555              	.L34:
 556 0018 064F0040 		.word	1073762054
 557 001c 084F0040 		.word	1073762056
 558              		.cfi_endproc
 559              	.LFE9:
 560              		.size	counterShift_ReadCounter, .-counterShift_ReadCounter
 561              		.section	.text.counterShift_ReadCapture,"ax",%progbits
 562              		.align	2
 563              		.global	counterShift_ReadCapture
 564              		.thumb
 565              		.thumb_func
 566              		.type	counterShift_ReadCapture, %function
 567              	counterShift_ReadCapture:
 568              	.LFB10:
 375:Generated_Source\PSoC5/counterShift.c **** 
 376:Generated_Source\PSoC5/counterShift.c **** 
 377:Generated_Source\PSoC5/counterShift.c **** /*******************************************************************************
 378:Generated_Source\PSoC5/counterShift.c **** * Function Name: counterShift_ReadCapture
 379:Generated_Source\PSoC5/counterShift.c **** ********************************************************************************
 380:Generated_Source\PSoC5/counterShift.c **** * Summary:
 381:Generated_Source\PSoC5/counterShift.c **** *   This function returns the last value captured.
 382:Generated_Source\PSoC5/counterShift.c **** *
 383:Generated_Source\PSoC5/counterShift.c **** * Parameters:  
 384:Generated_Source\PSoC5/counterShift.c **** *  void
 385:Generated_Source\PSoC5/counterShift.c **** *
 386:Generated_Source\PSoC5/counterShift.c **** * Return: 
 387:Generated_Source\PSoC5/counterShift.c **** *  (uint8) Present Capture value.
 388:Generated_Source\PSoC5/counterShift.c **** *
 389:Generated_Source\PSoC5/counterShift.c **** *******************************************************************************/
 390:Generated_Source\PSoC5/counterShift.c **** uint8 counterShift_ReadCapture(void) 
 391:Generated_Source\PSoC5/counterShift.c **** {
 569              		.loc 1 391 0
 570              		.cfi_startproc
 571              		@ args = 0, pretend = 0, frame = 0
 572              		@ frame_needed = 1, uses_anonymous_args = 0
 573              		@ link register save eliminated.
 574 0000 80B4     		push	{r7}
 575              		.cfi_def_cfa_offset 4
 576              		.cfi_offset 7, -4
 577 0002 00AF     		add	r7, sp, #0
 578              		.cfi_def_cfa_register 7
ARM GAS  C:\Users\bryan.lee\AppData\Local\Temp\cc0UhsVc.s 			page 18


 392:Generated_Source\PSoC5/counterShift.c ****     #if(counterShift_UsingFixedFunction)
 393:Generated_Source\PSoC5/counterShift.c ****         return ((uint8)CY_GET_REG16(counterShift_STATICCOUNT_LSB_PTR));
 579              		.loc 1 393 0
 580 0004 034B     		ldr	r3, .L38
 581 0006 1B88     		ldrh	r3, [r3]	@ movhi
 582 0008 9BB2     		uxth	r3, r3
 583 000a DBB2     		uxtb	r3, r3
 394:Generated_Source\PSoC5/counterShift.c ****     #else
 395:Generated_Source\PSoC5/counterShift.c ****         return (CY_GET_REG8(counterShift_STATICCOUNT_LSB_PTR));
 396:Generated_Source\PSoC5/counterShift.c ****     #endif /* (counterShift_UsingFixedFunction) */
 397:Generated_Source\PSoC5/counterShift.c **** }
 584              		.loc 1 397 0
 585 000c 1846     		mov	r0, r3
 586 000e BD46     		mov	sp, r7
 587              		.cfi_def_cfa_register 13
 588              		@ sp needed
 589 0010 80BC     		pop	{r7}
 590              		.cfi_restore 7
 591              		.cfi_def_cfa_offset 0
 592 0012 7047     		bx	lr
 593              	.L39:
 594              		.align	2
 595              	.L38:
 596 0014 084F0040 		.word	1073762056
 597              		.cfi_endproc
 598              	.LFE10:
 599              		.size	counterShift_ReadCapture, .-counterShift_ReadCapture
 600              		.section	.text.counterShift_WritePeriod,"ax",%progbits
 601              		.align	2
 602              		.global	counterShift_WritePeriod
 603              		.thumb
 604              		.thumb_func
 605              		.type	counterShift_WritePeriod, %function
 606              	counterShift_WritePeriod:
 607              	.LFB11:
 398:Generated_Source\PSoC5/counterShift.c **** 
 399:Generated_Source\PSoC5/counterShift.c **** 
 400:Generated_Source\PSoC5/counterShift.c **** /*******************************************************************************
 401:Generated_Source\PSoC5/counterShift.c **** * Function Name: counterShift_WritePeriod
 402:Generated_Source\PSoC5/counterShift.c **** ********************************************************************************
 403:Generated_Source\PSoC5/counterShift.c **** * Summary:
 404:Generated_Source\PSoC5/counterShift.c **** * Changes the period of the counter.  The new period 
 405:Generated_Source\PSoC5/counterShift.c **** * will be loaded the next time terminal count is detected.
 406:Generated_Source\PSoC5/counterShift.c **** *
 407:Generated_Source\PSoC5/counterShift.c **** * Parameters:  
 408:Generated_Source\PSoC5/counterShift.c **** *  period: (uint8) A value of 0 will result in
 409:Generated_Source\PSoC5/counterShift.c **** *         the counter remaining at zero.  
 410:Generated_Source\PSoC5/counterShift.c **** *
 411:Generated_Source\PSoC5/counterShift.c **** * Return: 
 412:Generated_Source\PSoC5/counterShift.c **** *  void
 413:Generated_Source\PSoC5/counterShift.c **** *
 414:Generated_Source\PSoC5/counterShift.c **** *******************************************************************************/
 415:Generated_Source\PSoC5/counterShift.c **** void counterShift_WritePeriod(uint8 period) 
 416:Generated_Source\PSoC5/counterShift.c **** {
 608              		.loc 1 416 0
 609              		.cfi_startproc
 610              		@ args = 0, pretend = 0, frame = 8
ARM GAS  C:\Users\bryan.lee\AppData\Local\Temp\cc0UhsVc.s 			page 19


 611              		@ frame_needed = 1, uses_anonymous_args = 0
 612              		@ link register save eliminated.
 613 0000 80B4     		push	{r7}
 614              		.cfi_def_cfa_offset 4
 615              		.cfi_offset 7, -4
 616 0002 83B0     		sub	sp, sp, #12
 617              		.cfi_def_cfa_offset 16
 618 0004 00AF     		add	r7, sp, #0
 619              		.cfi_def_cfa_register 7
 620 0006 0346     		mov	r3, r0
 621 0008 FB71     		strb	r3, [r7, #7]
 417:Generated_Source\PSoC5/counterShift.c ****     #if(counterShift_UsingFixedFunction)
 418:Generated_Source\PSoC5/counterShift.c ****         CY_SET_REG16(counterShift_PERIOD_LSB_PTR,(uint16)period);
 622              		.loc 1 418 0
 623 000a 044B     		ldr	r3, .L41
 624 000c FA79     		ldrb	r2, [r7, #7]	@ zero_extendqisi2
 625 000e 92B2     		uxth	r2, r2
 626 0010 1A80     		strh	r2, [r3]	@ movhi
 419:Generated_Source\PSoC5/counterShift.c ****     #else
 420:Generated_Source\PSoC5/counterShift.c ****         CY_SET_REG8(counterShift_PERIOD_LSB_PTR, period);
 421:Generated_Source\PSoC5/counterShift.c ****     #endif /* (counterShift_UsingFixedFunction) */
 422:Generated_Source\PSoC5/counterShift.c **** }
 627              		.loc 1 422 0
 628 0012 00BF     		nop
 629 0014 0C37     		adds	r7, r7, #12
 630              		.cfi_def_cfa_offset 4
 631 0016 BD46     		mov	sp, r7
 632              		.cfi_def_cfa_register 13
 633              		@ sp needed
 634 0018 80BC     		pop	{r7}
 635              		.cfi_restore 7
 636              		.cfi_def_cfa_offset 0
 637 001a 7047     		bx	lr
 638              	.L42:
 639              		.align	2
 640              	.L41:
 641 001c 044F0040 		.word	1073762052
 642              		.cfi_endproc
 643              	.LFE11:
 644              		.size	counterShift_WritePeriod, .-counterShift_WritePeriod
 645              		.section	.text.counterShift_ReadPeriod,"ax",%progbits
 646              		.align	2
 647              		.global	counterShift_ReadPeriod
 648              		.thumb
 649              		.thumb_func
 650              		.type	counterShift_ReadPeriod, %function
 651              	counterShift_ReadPeriod:
 652              	.LFB12:
 423:Generated_Source\PSoC5/counterShift.c **** 
 424:Generated_Source\PSoC5/counterShift.c **** 
 425:Generated_Source\PSoC5/counterShift.c **** /*******************************************************************************
 426:Generated_Source\PSoC5/counterShift.c **** * Function Name: counterShift_ReadPeriod
 427:Generated_Source\PSoC5/counterShift.c **** ********************************************************************************
 428:Generated_Source\PSoC5/counterShift.c **** * Summary:
 429:Generated_Source\PSoC5/counterShift.c **** * Reads the current period value without affecting counter operation.
 430:Generated_Source\PSoC5/counterShift.c **** *
 431:Generated_Source\PSoC5/counterShift.c **** * Parameters:  
ARM GAS  C:\Users\bryan.lee\AppData\Local\Temp\cc0UhsVc.s 			page 20


 432:Generated_Source\PSoC5/counterShift.c **** *  void:  
 433:Generated_Source\PSoC5/counterShift.c **** *
 434:Generated_Source\PSoC5/counterShift.c **** * Return: 
 435:Generated_Source\PSoC5/counterShift.c **** *  (uint8) Present period value.
 436:Generated_Source\PSoC5/counterShift.c **** *
 437:Generated_Source\PSoC5/counterShift.c **** *******************************************************************************/
 438:Generated_Source\PSoC5/counterShift.c **** uint8 counterShift_ReadPeriod(void) 
 439:Generated_Source\PSoC5/counterShift.c **** {
 653              		.loc 1 439 0
 654              		.cfi_startproc
 655              		@ args = 0, pretend = 0, frame = 0
 656              		@ frame_needed = 1, uses_anonymous_args = 0
 657              		@ link register save eliminated.
 658 0000 80B4     		push	{r7}
 659              		.cfi_def_cfa_offset 4
 660              		.cfi_offset 7, -4
 661 0002 00AF     		add	r7, sp, #0
 662              		.cfi_def_cfa_register 7
 440:Generated_Source\PSoC5/counterShift.c ****     #if(counterShift_UsingFixedFunction)
 441:Generated_Source\PSoC5/counterShift.c ****         return ((uint8)CY_GET_REG16(counterShift_PERIOD_LSB_PTR));
 663              		.loc 1 441 0
 664 0004 034B     		ldr	r3, .L45
 665 0006 1B88     		ldrh	r3, [r3]	@ movhi
 666 0008 9BB2     		uxth	r3, r3
 667 000a DBB2     		uxtb	r3, r3
 442:Generated_Source\PSoC5/counterShift.c ****     #else
 443:Generated_Source\PSoC5/counterShift.c ****         return (CY_GET_REG8(counterShift_PERIOD_LSB_PTR));
 444:Generated_Source\PSoC5/counterShift.c ****     #endif /* (counterShift_UsingFixedFunction) */
 445:Generated_Source\PSoC5/counterShift.c **** }
 668              		.loc 1 445 0
 669 000c 1846     		mov	r0, r3
 670 000e BD46     		mov	sp, r7
 671              		.cfi_def_cfa_register 13
 672              		@ sp needed
 673 0010 80BC     		pop	{r7}
 674              		.cfi_restore 7
 675              		.cfi_def_cfa_offset 0
 676 0012 7047     		bx	lr
 677              	.L46:
 678              		.align	2
 679              	.L45:
 680 0014 044F0040 		.word	1073762052
 681              		.cfi_endproc
 682              	.LFE12:
 683              		.size	counterShift_ReadPeriod, .-counterShift_ReadPeriod
 684              		.text
 685              	.Letext0:
 686              		.file 2 "Generated_Source\\PSoC5\\cytypes.h"
 687              		.section	.debug_info,"",%progbits
 688              	.Ldebug_info0:
 689 0000 1E020000 		.4byte	0x21e
 690 0004 0400     		.2byte	0x4
 691 0006 00000000 		.4byte	.Ldebug_abbrev0
 692 000a 04       		.byte	0x4
 693 000b 01       		.uleb128 0x1
 694 000c 27000000 		.4byte	.LASF35
 695 0010 0C       		.byte	0xc
ARM GAS  C:\Users\bryan.lee\AppData\Local\Temp\cc0UhsVc.s 			page 21


 696 0011 8C010000 		.4byte	.LASF36
 697 0015 B7020000 		.4byte	.LASF37
 698 0019 00000000 		.4byte	.Ldebug_ranges0+0
 699 001d 00000000 		.4byte	0
 700 0021 00000000 		.4byte	.Ldebug_line0
 701 0025 02       		.uleb128 0x2
 702 0026 01       		.byte	0x1
 703 0027 06       		.byte	0x6
 704 0028 28030000 		.4byte	.LASF0
 705 002c 02       		.uleb128 0x2
 706 002d 01       		.byte	0x1
 707 002e 08       		.byte	0x8
 708 002f 79010000 		.4byte	.LASF1
 709 0033 02       		.uleb128 0x2
 710 0034 02       		.byte	0x2
 711 0035 05       		.byte	0x5
 712 0036 A4020000 		.4byte	.LASF2
 713 003a 02       		.uleb128 0x2
 714 003b 02       		.byte	0x2
 715 003c 07       		.byte	0x7
 716 003d BC000000 		.4byte	.LASF3
 717 0041 02       		.uleb128 0x2
 718 0042 04       		.byte	0x4
 719 0043 05       		.byte	0x5
 720 0044 AE020000 		.4byte	.LASF4
 721 0048 02       		.uleb128 0x2
 722 0049 04       		.byte	0x4
 723 004a 07       		.byte	0x7
 724 004b B2010000 		.4byte	.LASF5
 725 004f 02       		.uleb128 0x2
 726 0050 08       		.byte	0x8
 727 0051 05       		.byte	0x5
 728 0052 79020000 		.4byte	.LASF6
 729 0056 02       		.uleb128 0x2
 730 0057 08       		.byte	0x8
 731 0058 07       		.byte	0x7
 732 0059 27020000 		.4byte	.LASF7
 733 005d 03       		.uleb128 0x3
 734 005e 04       		.byte	0x4
 735 005f 05       		.byte	0x5
 736 0060 696E7400 		.ascii	"int\000"
 737 0064 02       		.uleb128 0x2
 738 0065 04       		.byte	0x4
 739 0066 07       		.byte	0x7
 740 0067 1A020000 		.4byte	.LASF8
 741 006b 04       		.uleb128 0x4
 742 006c C4010000 		.4byte	.LASF9
 743 0070 02       		.byte	0x2
 744 0071 9201     		.2byte	0x192
 745 0073 2C000000 		.4byte	0x2c
 746 0077 04       		.uleb128 0x4
 747 0078 01020000 		.4byte	.LASF10
 748 007c 02       		.byte	0x2
 749 007d 9301     		.2byte	0x193
 750 007f 3A000000 		.4byte	0x3a
 751 0083 02       		.uleb128 0x2
 752 0084 04       		.byte	0x4
ARM GAS  C:\Users\bryan.lee\AppData\Local\Temp\cc0UhsVc.s 			page 22


 753 0085 04       		.byte	0x4
 754 0086 56010000 		.4byte	.LASF11
 755 008a 02       		.uleb128 0x2
 756 008b 08       		.byte	0x8
 757 008c 04       		.byte	0x4
 758 008d FA010000 		.4byte	.LASF12
 759 0091 02       		.uleb128 0x2
 760 0092 01       		.byte	0x1
 761 0093 08       		.byte	0x8
 762 0094 87020000 		.4byte	.LASF13
 763 0098 04       		.uleb128 0x4
 764 0099 87010000 		.4byte	.LASF14
 765 009d 02       		.byte	0x2
 766 009e 3C02     		.2byte	0x23c
 767 00a0 A4000000 		.4byte	0xa4
 768 00a4 05       		.uleb128 0x5
 769 00a5 6B000000 		.4byte	0x6b
 770 00a9 04       		.uleb128 0x4
 771 00aa 00000000 		.4byte	.LASF15
 772 00ae 02       		.byte	0x2
 773 00af 3D02     		.2byte	0x23d
 774 00b1 B5000000 		.4byte	0xb5
 775 00b5 05       		.uleb128 0x5
 776 00b6 77000000 		.4byte	0x77
 777 00ba 02       		.uleb128 0x2
 778 00bb 08       		.byte	0x8
 779 00bc 04       		.byte	0x4
 780 00bd 09030000 		.4byte	.LASF16
 781 00c1 02       		.uleb128 0x2
 782 00c2 04       		.byte	0x4
 783 00c3 07       		.byte	0x7
 784 00c4 70020000 		.4byte	.LASF17
 785 00c8 06       		.uleb128 0x6
 786 00c9 E9000000 		.4byte	.LASF18
 787 00cd 01       		.byte	0x1
 788 00ce 25       		.byte	0x25
 789 00cf 00000000 		.4byte	.LFB0
 790 00d3 9C000000 		.4byte	.LFE0-.LFB0
 791 00d7 01       		.uleb128 0x1
 792 00d8 9C       		.byte	0x9c
 793 00d9 07       		.uleb128 0x7
 794 00da 3E020000 		.4byte	.LASF19
 795 00de 01       		.byte	0x1
 796 00df 8F       		.byte	0x8f
 797 00e0 00000000 		.4byte	.LFB1
 798 00e4 48000000 		.4byte	.LFE1-.LFB1
 799 00e8 01       		.uleb128 0x1
 800 00e9 9C       		.byte	0x9c
 801 00ea 06       		.uleb128 0x6
 802 00eb 15030000 		.4byte	.LASF20
 803 00ef 01       		.byte	0x1
 804 00f0 B2       		.byte	0xb2
 805 00f1 00000000 		.4byte	.LFB2
 806 00f5 24000000 		.4byte	.LFE2-.LFB2
 807 00f9 01       		.uleb128 0x1
 808 00fa 9C       		.byte	0x9c
 809 00fb 07       		.uleb128 0x7
ARM GAS  C:\Users\bryan.lee\AppData\Local\Temp\cc0UhsVc.s 			page 23


 810 00fc 08020000 		.4byte	.LASF21
 811 0100 01       		.byte	0x1
 812 0101 D0       		.byte	0xd0
 813 0102 00000000 		.4byte	.LFB3
 814 0106 48000000 		.4byte	.LFE3-.LFB3
 815 010a 01       		.uleb128 0x1
 816 010b 9C       		.byte	0x9c
 817 010c 08       		.uleb128 0x8
 818 010d 52020000 		.4byte	.LASF24
 819 0111 01       		.byte	0x1
 820 0112 ED       		.byte	0xed
 821 0113 00000000 		.4byte	.LFB4
 822 0117 20000000 		.4byte	.LFE4-.LFB4
 823 011b 01       		.uleb128 0x1
 824 011c 9C       		.byte	0x9c
 825 011d 30010000 		.4byte	0x130
 826 0121 09       		.uleb128 0x9
 827 0122 D2010000 		.4byte	.LASF26
 828 0126 01       		.byte	0x1
 829 0127 ED       		.byte	0xed
 830 0128 6B000000 		.4byte	0x6b
 831 012c 02       		.uleb128 0x2
 832 012d 91       		.byte	0x91
 833 012e 77       		.sleb128 -9
 834 012f 00       		.byte	0
 835 0130 0A       		.uleb128 0xa
 836 0131 36010000 		.4byte	.LASF22
 837 0135 01       		.byte	0x1
 838 0136 0501     		.2byte	0x105
 839 0138 6B000000 		.4byte	0x6b
 840 013c 00000000 		.4byte	.LFB5
 841 0140 18000000 		.4byte	.LFE5-.LFB5
 842 0144 01       		.uleb128 0x1
 843 0145 9C       		.byte	0x9c
 844 0146 0A       		.uleb128 0xa
 845 0147 06000000 		.4byte	.LASF23
 846 014b 01       		.byte	0x1
 847 014c 1B01     		.2byte	0x11b
 848 014e 6B000000 		.4byte	0x6b
 849 0152 00000000 		.4byte	.LFB6
 850 0156 18000000 		.4byte	.LFE6-.LFB6
 851 015a 01       		.uleb128 0x1
 852 015b 9C       		.byte	0x9c
 853 015c 0B       		.uleb128 0xb
 854 015d FB000000 		.4byte	.LASF25
 855 0161 01       		.byte	0x1
 856 0162 3001     		.2byte	0x130
 857 0164 00000000 		.4byte	.LFB7
 858 0168 20000000 		.4byte	.LFE7-.LFB7
 859 016c 01       		.uleb128 0x1
 860 016d 9C       		.byte	0x9c
 861 016e 82010000 		.4byte	0x182
 862 0172 0C       		.uleb128 0xc
 863 0173 CA010000 		.4byte	.LASF27
 864 0177 01       		.byte	0x1
 865 0178 3001     		.2byte	0x130
 866 017a 6B000000 		.4byte	0x6b
ARM GAS  C:\Users\bryan.lee\AppData\Local\Temp\cc0UhsVc.s 			page 24


 867 017e 02       		.uleb128 0x2
 868 017f 91       		.byte	0x91
 869 0180 77       		.sleb128 -9
 870 0181 00       		.byte	0
 871 0182 0D       		.uleb128 0xd
 872 0183 CF000000 		.4byte	.LASF28
 873 0187 01       		.byte	0x1
 874 0188 4601     		.2byte	0x146
 875 018a 00000000 		.4byte	.LFB8
 876 018e 58000000 		.4byte	.LFE8-.LFB8
 877 0192 01       		.uleb128 0x1
 878 0193 9C       		.byte	0x9c
 879 0194 A8010000 		.4byte	0x1a8
 880 0198 0C       		.uleb128 0xc
 881 0199 5C010000 		.4byte	.LASF29
 882 019d 01       		.byte	0x1
 883 019e 4601     		.2byte	0x146
 884 01a0 6B000000 		.4byte	0x6b
 885 01a4 02       		.uleb128 0x2
 886 01a5 91       		.byte	0x91
 887 01a6 77       		.sleb128 -9
 888 01a7 00       		.byte	0
 889 01a8 0A       		.uleb128 0xa
 890 01a9 1D010000 		.4byte	.LASF30
 891 01ad 01       		.byte	0x1
 892 01ae 6501     		.2byte	0x165
 893 01b0 6B000000 		.4byte	0x6b
 894 01b4 00000000 		.4byte	.LFB9
 895 01b8 20000000 		.4byte	.LFE9-.LFB9
 896 01bc 01       		.uleb128 0x1
 897 01bd 9C       		.byte	0x9c
 898 01be 0A       		.uleb128 0xa
 899 01bf 34030000 		.4byte	.LASF31
 900 01c3 01       		.byte	0x1
 901 01c4 8601     		.2byte	0x186
 902 01c6 6B000000 		.4byte	0x6b
 903 01ca 00000000 		.4byte	.LFB10
 904 01ce 18000000 		.4byte	.LFE10-.LFB10
 905 01d2 01       		.uleb128 0x1
 906 01d3 9C       		.byte	0x9c
 907 01d4 0B       		.uleb128 0xb
 908 01d5 E1010000 		.4byte	.LASF32
 909 01d9 01       		.byte	0x1
 910 01da 9F01     		.2byte	0x19f
 911 01dc 00000000 		.4byte	.LFB11
 912 01e0 20000000 		.4byte	.LFE11-.LFB11
 913 01e4 01       		.uleb128 0x1
 914 01e5 9C       		.byte	0x9c
 915 01e6 FA010000 		.4byte	0x1fa
 916 01ea 0C       		.uleb128 0xc
 917 01eb B5000000 		.4byte	.LASF33
 918 01ef 01       		.byte	0x1
 919 01f0 9F01     		.2byte	0x19f
 920 01f2 6B000000 		.4byte	0x6b
 921 01f6 02       		.uleb128 0x2
 922 01f7 91       		.byte	0x91
 923 01f8 77       		.sleb128 -9
ARM GAS  C:\Users\bryan.lee\AppData\Local\Temp\cc0UhsVc.s 			page 25


 924 01f9 00       		.byte	0
 925 01fa 0A       		.uleb128 0xa
 926 01fb 8C020000 		.4byte	.LASF34
 927 01ff 01       		.byte	0x1
 928 0200 B601     		.2byte	0x1b6
 929 0202 6B000000 		.4byte	0x6b
 930 0206 00000000 		.4byte	.LFB12
 931 020a 18000000 		.4byte	.LFE12-.LFB12
 932 020e 01       		.uleb128 0x1
 933 020f 9C       		.byte	0x9c
 934 0210 0E       		.uleb128 0xe
 935 0211 64010000 		.4byte	.LASF38
 936 0215 01       		.byte	0x1
 937 0216 15       		.byte	0x15
 938 0217 6B000000 		.4byte	0x6b
 939 021b 05       		.uleb128 0x5
 940 021c 03       		.byte	0x3
 941 021d 00000000 		.4byte	counterShift_initVar
 942 0221 00       		.byte	0
 943              		.section	.debug_abbrev,"",%progbits
 944              	.Ldebug_abbrev0:
 945 0000 01       		.uleb128 0x1
 946 0001 11       		.uleb128 0x11
 947 0002 01       		.byte	0x1
 948 0003 25       		.uleb128 0x25
 949 0004 0E       		.uleb128 0xe
 950 0005 13       		.uleb128 0x13
 951 0006 0B       		.uleb128 0xb
 952 0007 03       		.uleb128 0x3
 953 0008 0E       		.uleb128 0xe
 954 0009 1B       		.uleb128 0x1b
 955 000a 0E       		.uleb128 0xe
 956 000b 55       		.uleb128 0x55
 957 000c 17       		.uleb128 0x17
 958 000d 11       		.uleb128 0x11
 959 000e 01       		.uleb128 0x1
 960 000f 10       		.uleb128 0x10
 961 0010 17       		.uleb128 0x17
 962 0011 00       		.byte	0
 963 0012 00       		.byte	0
 964 0013 02       		.uleb128 0x2
 965 0014 24       		.uleb128 0x24
 966 0015 00       		.byte	0
 967 0016 0B       		.uleb128 0xb
 968 0017 0B       		.uleb128 0xb
 969 0018 3E       		.uleb128 0x3e
 970 0019 0B       		.uleb128 0xb
 971 001a 03       		.uleb128 0x3
 972 001b 0E       		.uleb128 0xe
 973 001c 00       		.byte	0
 974 001d 00       		.byte	0
 975 001e 03       		.uleb128 0x3
 976 001f 24       		.uleb128 0x24
 977 0020 00       		.byte	0
 978 0021 0B       		.uleb128 0xb
 979 0022 0B       		.uleb128 0xb
 980 0023 3E       		.uleb128 0x3e
ARM GAS  C:\Users\bryan.lee\AppData\Local\Temp\cc0UhsVc.s 			page 26


 981 0024 0B       		.uleb128 0xb
 982 0025 03       		.uleb128 0x3
 983 0026 08       		.uleb128 0x8
 984 0027 00       		.byte	0
 985 0028 00       		.byte	0
 986 0029 04       		.uleb128 0x4
 987 002a 16       		.uleb128 0x16
 988 002b 00       		.byte	0
 989 002c 03       		.uleb128 0x3
 990 002d 0E       		.uleb128 0xe
 991 002e 3A       		.uleb128 0x3a
 992 002f 0B       		.uleb128 0xb
 993 0030 3B       		.uleb128 0x3b
 994 0031 05       		.uleb128 0x5
 995 0032 49       		.uleb128 0x49
 996 0033 13       		.uleb128 0x13
 997 0034 00       		.byte	0
 998 0035 00       		.byte	0
 999 0036 05       		.uleb128 0x5
 1000 0037 35       		.uleb128 0x35
 1001 0038 00       		.byte	0
 1002 0039 49       		.uleb128 0x49
 1003 003a 13       		.uleb128 0x13
 1004 003b 00       		.byte	0
 1005 003c 00       		.byte	0
 1006 003d 06       		.uleb128 0x6
 1007 003e 2E       		.uleb128 0x2e
 1008 003f 00       		.byte	0
 1009 0040 3F       		.uleb128 0x3f
 1010 0041 19       		.uleb128 0x19
 1011 0042 03       		.uleb128 0x3
 1012 0043 0E       		.uleb128 0xe
 1013 0044 3A       		.uleb128 0x3a
 1014 0045 0B       		.uleb128 0xb
 1015 0046 3B       		.uleb128 0x3b
 1016 0047 0B       		.uleb128 0xb
 1017 0048 27       		.uleb128 0x27
 1018 0049 19       		.uleb128 0x19
 1019 004a 11       		.uleb128 0x11
 1020 004b 01       		.uleb128 0x1
 1021 004c 12       		.uleb128 0x12
 1022 004d 06       		.uleb128 0x6
 1023 004e 40       		.uleb128 0x40
 1024 004f 18       		.uleb128 0x18
 1025 0050 9642     		.uleb128 0x2116
 1026 0052 19       		.uleb128 0x19
 1027 0053 00       		.byte	0
 1028 0054 00       		.byte	0
 1029 0055 07       		.uleb128 0x7
 1030 0056 2E       		.uleb128 0x2e
 1031 0057 00       		.byte	0
 1032 0058 3F       		.uleb128 0x3f
 1033 0059 19       		.uleb128 0x19
 1034 005a 03       		.uleb128 0x3
 1035 005b 0E       		.uleb128 0xe
 1036 005c 3A       		.uleb128 0x3a
 1037 005d 0B       		.uleb128 0xb
ARM GAS  C:\Users\bryan.lee\AppData\Local\Temp\cc0UhsVc.s 			page 27


 1038 005e 3B       		.uleb128 0x3b
 1039 005f 0B       		.uleb128 0xb
 1040 0060 27       		.uleb128 0x27
 1041 0061 19       		.uleb128 0x19
 1042 0062 11       		.uleb128 0x11
 1043 0063 01       		.uleb128 0x1
 1044 0064 12       		.uleb128 0x12
 1045 0065 06       		.uleb128 0x6
 1046 0066 40       		.uleb128 0x40
 1047 0067 18       		.uleb128 0x18
 1048 0068 9742     		.uleb128 0x2117
 1049 006a 19       		.uleb128 0x19
 1050 006b 00       		.byte	0
 1051 006c 00       		.byte	0
 1052 006d 08       		.uleb128 0x8
 1053 006e 2E       		.uleb128 0x2e
 1054 006f 01       		.byte	0x1
 1055 0070 3F       		.uleb128 0x3f
 1056 0071 19       		.uleb128 0x19
 1057 0072 03       		.uleb128 0x3
 1058 0073 0E       		.uleb128 0xe
 1059 0074 3A       		.uleb128 0x3a
 1060 0075 0B       		.uleb128 0xb
 1061 0076 3B       		.uleb128 0x3b
 1062 0077 0B       		.uleb128 0xb
 1063 0078 27       		.uleb128 0x27
 1064 0079 19       		.uleb128 0x19
 1065 007a 11       		.uleb128 0x11
 1066 007b 01       		.uleb128 0x1
 1067 007c 12       		.uleb128 0x12
 1068 007d 06       		.uleb128 0x6
 1069 007e 40       		.uleb128 0x40
 1070 007f 18       		.uleb128 0x18
 1071 0080 9742     		.uleb128 0x2117
 1072 0082 19       		.uleb128 0x19
 1073 0083 01       		.uleb128 0x1
 1074 0084 13       		.uleb128 0x13
 1075 0085 00       		.byte	0
 1076 0086 00       		.byte	0
 1077 0087 09       		.uleb128 0x9
 1078 0088 05       		.uleb128 0x5
 1079 0089 00       		.byte	0
 1080 008a 03       		.uleb128 0x3
 1081 008b 0E       		.uleb128 0xe
 1082 008c 3A       		.uleb128 0x3a
 1083 008d 0B       		.uleb128 0xb
 1084 008e 3B       		.uleb128 0x3b
 1085 008f 0B       		.uleb128 0xb
 1086 0090 49       		.uleb128 0x49
 1087 0091 13       		.uleb128 0x13
 1088 0092 02       		.uleb128 0x2
 1089 0093 18       		.uleb128 0x18
 1090 0094 00       		.byte	0
 1091 0095 00       		.byte	0
 1092 0096 0A       		.uleb128 0xa
 1093 0097 2E       		.uleb128 0x2e
 1094 0098 00       		.byte	0
ARM GAS  C:\Users\bryan.lee\AppData\Local\Temp\cc0UhsVc.s 			page 28


 1095 0099 3F       		.uleb128 0x3f
 1096 009a 19       		.uleb128 0x19
 1097 009b 03       		.uleb128 0x3
 1098 009c 0E       		.uleb128 0xe
 1099 009d 3A       		.uleb128 0x3a
 1100 009e 0B       		.uleb128 0xb
 1101 009f 3B       		.uleb128 0x3b
 1102 00a0 05       		.uleb128 0x5
 1103 00a1 27       		.uleb128 0x27
 1104 00a2 19       		.uleb128 0x19
 1105 00a3 49       		.uleb128 0x49
 1106 00a4 13       		.uleb128 0x13
 1107 00a5 11       		.uleb128 0x11
 1108 00a6 01       		.uleb128 0x1
 1109 00a7 12       		.uleb128 0x12
 1110 00a8 06       		.uleb128 0x6
 1111 00a9 40       		.uleb128 0x40
 1112 00aa 18       		.uleb128 0x18
 1113 00ab 9742     		.uleb128 0x2117
 1114 00ad 19       		.uleb128 0x19
 1115 00ae 00       		.byte	0
 1116 00af 00       		.byte	0
 1117 00b0 0B       		.uleb128 0xb
 1118 00b1 2E       		.uleb128 0x2e
 1119 00b2 01       		.byte	0x1
 1120 00b3 3F       		.uleb128 0x3f
 1121 00b4 19       		.uleb128 0x19
 1122 00b5 03       		.uleb128 0x3
 1123 00b6 0E       		.uleb128 0xe
 1124 00b7 3A       		.uleb128 0x3a
 1125 00b8 0B       		.uleb128 0xb
 1126 00b9 3B       		.uleb128 0x3b
 1127 00ba 05       		.uleb128 0x5
 1128 00bb 27       		.uleb128 0x27
 1129 00bc 19       		.uleb128 0x19
 1130 00bd 11       		.uleb128 0x11
 1131 00be 01       		.uleb128 0x1
 1132 00bf 12       		.uleb128 0x12
 1133 00c0 06       		.uleb128 0x6
 1134 00c1 40       		.uleb128 0x40
 1135 00c2 18       		.uleb128 0x18
 1136 00c3 9742     		.uleb128 0x2117
 1137 00c5 19       		.uleb128 0x19
 1138 00c6 01       		.uleb128 0x1
 1139 00c7 13       		.uleb128 0x13
 1140 00c8 00       		.byte	0
 1141 00c9 00       		.byte	0
 1142 00ca 0C       		.uleb128 0xc
 1143 00cb 05       		.uleb128 0x5
 1144 00cc 00       		.byte	0
 1145 00cd 03       		.uleb128 0x3
 1146 00ce 0E       		.uleb128 0xe
 1147 00cf 3A       		.uleb128 0x3a
 1148 00d0 0B       		.uleb128 0xb
 1149 00d1 3B       		.uleb128 0x3b
 1150 00d2 05       		.uleb128 0x5
 1151 00d3 49       		.uleb128 0x49
ARM GAS  C:\Users\bryan.lee\AppData\Local\Temp\cc0UhsVc.s 			page 29


 1152 00d4 13       		.uleb128 0x13
 1153 00d5 02       		.uleb128 0x2
 1154 00d6 18       		.uleb128 0x18
 1155 00d7 00       		.byte	0
 1156 00d8 00       		.byte	0
 1157 00d9 0D       		.uleb128 0xd
 1158 00da 2E       		.uleb128 0x2e
 1159 00db 01       		.byte	0x1
 1160 00dc 3F       		.uleb128 0x3f
 1161 00dd 19       		.uleb128 0x19
 1162 00de 03       		.uleb128 0x3
 1163 00df 0E       		.uleb128 0xe
 1164 00e0 3A       		.uleb128 0x3a
 1165 00e1 0B       		.uleb128 0xb
 1166 00e2 3B       		.uleb128 0x3b
 1167 00e3 05       		.uleb128 0x5
 1168 00e4 27       		.uleb128 0x27
 1169 00e5 19       		.uleb128 0x19
 1170 00e6 11       		.uleb128 0x11
 1171 00e7 01       		.uleb128 0x1
 1172 00e8 12       		.uleb128 0x12
 1173 00e9 06       		.uleb128 0x6
 1174 00ea 40       		.uleb128 0x40
 1175 00eb 18       		.uleb128 0x18
 1176 00ec 9642     		.uleb128 0x2116
 1177 00ee 19       		.uleb128 0x19
 1178 00ef 01       		.uleb128 0x1
 1179 00f0 13       		.uleb128 0x13
 1180 00f1 00       		.byte	0
 1181 00f2 00       		.byte	0
 1182 00f3 0E       		.uleb128 0xe
 1183 00f4 34       		.uleb128 0x34
 1184 00f5 00       		.byte	0
 1185 00f6 03       		.uleb128 0x3
 1186 00f7 0E       		.uleb128 0xe
 1187 00f8 3A       		.uleb128 0x3a
 1188 00f9 0B       		.uleb128 0xb
 1189 00fa 3B       		.uleb128 0x3b
 1190 00fb 0B       		.uleb128 0xb
 1191 00fc 49       		.uleb128 0x49
 1192 00fd 13       		.uleb128 0x13
 1193 00fe 3F       		.uleb128 0x3f
 1194 00ff 19       		.uleb128 0x19
 1195 0100 02       		.uleb128 0x2
 1196 0101 18       		.uleb128 0x18
 1197 0102 00       		.byte	0
 1198 0103 00       		.byte	0
 1199 0104 00       		.byte	0
 1200              		.section	.debug_aranges,"",%progbits
 1201 0000 7C000000 		.4byte	0x7c
 1202 0004 0200     		.2byte	0x2
 1203 0006 00000000 		.4byte	.Ldebug_info0
 1204 000a 04       		.byte	0x4
 1205 000b 00       		.byte	0
 1206 000c 0000     		.2byte	0
 1207 000e 0000     		.2byte	0
 1208 0010 00000000 		.4byte	.LFB0
ARM GAS  C:\Users\bryan.lee\AppData\Local\Temp\cc0UhsVc.s 			page 30


 1209 0014 9C000000 		.4byte	.LFE0-.LFB0
 1210 0018 00000000 		.4byte	.LFB1
 1211 001c 48000000 		.4byte	.LFE1-.LFB1
 1212 0020 00000000 		.4byte	.LFB2
 1213 0024 24000000 		.4byte	.LFE2-.LFB2
 1214 0028 00000000 		.4byte	.LFB3
 1215 002c 48000000 		.4byte	.LFE3-.LFB3
 1216 0030 00000000 		.4byte	.LFB4
 1217 0034 20000000 		.4byte	.LFE4-.LFB4
 1218 0038 00000000 		.4byte	.LFB5
 1219 003c 18000000 		.4byte	.LFE5-.LFB5
 1220 0040 00000000 		.4byte	.LFB6
 1221 0044 18000000 		.4byte	.LFE6-.LFB6
 1222 0048 00000000 		.4byte	.LFB7
 1223 004c 20000000 		.4byte	.LFE7-.LFB7
 1224 0050 00000000 		.4byte	.LFB8
 1225 0054 58000000 		.4byte	.LFE8-.LFB8
 1226 0058 00000000 		.4byte	.LFB9
 1227 005c 20000000 		.4byte	.LFE9-.LFB9
 1228 0060 00000000 		.4byte	.LFB10
 1229 0064 18000000 		.4byte	.LFE10-.LFB10
 1230 0068 00000000 		.4byte	.LFB11
 1231 006c 20000000 		.4byte	.LFE11-.LFB11
 1232 0070 00000000 		.4byte	.LFB12
 1233 0074 18000000 		.4byte	.LFE12-.LFB12
 1234 0078 00000000 		.4byte	0
 1235 007c 00000000 		.4byte	0
 1236              		.section	.debug_ranges,"",%progbits
 1237              	.Ldebug_ranges0:
 1238 0000 00000000 		.4byte	.LFB0
 1239 0004 9C000000 		.4byte	.LFE0
 1240 0008 00000000 		.4byte	.LFB1
 1241 000c 48000000 		.4byte	.LFE1
 1242 0010 00000000 		.4byte	.LFB2
 1243 0014 24000000 		.4byte	.LFE2
 1244 0018 00000000 		.4byte	.LFB3
 1245 001c 48000000 		.4byte	.LFE3
 1246 0020 00000000 		.4byte	.LFB4
 1247 0024 20000000 		.4byte	.LFE4
 1248 0028 00000000 		.4byte	.LFB5
 1249 002c 18000000 		.4byte	.LFE5
 1250 0030 00000000 		.4byte	.LFB6
 1251 0034 18000000 		.4byte	.LFE6
 1252 0038 00000000 		.4byte	.LFB7
 1253 003c 20000000 		.4byte	.LFE7
 1254 0040 00000000 		.4byte	.LFB8
 1255 0044 58000000 		.4byte	.LFE8
 1256 0048 00000000 		.4byte	.LFB9
 1257 004c 20000000 		.4byte	.LFE9
 1258 0050 00000000 		.4byte	.LFB10
 1259 0054 18000000 		.4byte	.LFE10
 1260 0058 00000000 		.4byte	.LFB11
 1261 005c 20000000 		.4byte	.LFE11
 1262 0060 00000000 		.4byte	.LFB12
 1263 0064 18000000 		.4byte	.LFE12
 1264 0068 00000000 		.4byte	0
 1265 006c 00000000 		.4byte	0
ARM GAS  C:\Users\bryan.lee\AppData\Local\Temp\cc0UhsVc.s 			page 31


 1266              		.section	.debug_line,"",%progbits
 1267              	.Ldebug_line0:
 1268 0000 5B010000 		.section	.debug_str,"MS",%progbits,1
 1268      02004900 
 1268      00000201 
 1268      FB0E0D00 
 1268      01010101 
 1269              	.LASF15:
 1270 0000 72656731 		.ascii	"reg16\000"
 1270      3600
 1271              	.LASF23:
 1272 0006 636F756E 		.ascii	"counterShift_ReadControlRegister\000"
 1272      74657253 
 1272      68696674 
 1272      5F526561 
 1272      64436F6E 
 1273              	.LASF35:
 1274 0027 474E5520 		.ascii	"GNU C11 5.4.1 20160609 (release) [ARM/embedded-5-br"
 1274      43313120 
 1274      352E342E 
 1274      31203230 
 1274      31363036 
 1275 005a 616E6368 		.ascii	"anch revision 237715] -mcpu=cortex-m3 -mthumb -g -O"
 1275      20726576 
 1275      6973696F 
 1275      6E203233 
 1275      37373135 
 1276 008d 30202D66 		.ascii	"0 -ffunction-sections -ffat-lto-objects\000"
 1276      66756E63 
 1276      74696F6E 
 1276      2D736563 
 1276      74696F6E 
 1277              	.LASF33:
 1278 00b5 70657269 		.ascii	"period\000"
 1278      6F6400
 1279              	.LASF3:
 1280 00bc 73686F72 		.ascii	"short unsigned int\000"
 1280      7420756E 
 1280      7369676E 
 1280      65642069 
 1280      6E7400
 1281              	.LASF28:
 1282 00cf 636F756E 		.ascii	"counterShift_WriteCounter\000"
 1282      74657253 
 1282      68696674 
 1282      5F577269 
 1282      7465436F 
 1283              	.LASF18:
 1284 00e9 636F756E 		.ascii	"counterShift_Init\000"
 1284      74657253 
 1284      68696674 
 1284      5F496E69 
 1284      7400
 1285              	.LASF25:
 1286 00fb 636F756E 		.ascii	"counterShift_WriteControlRegister\000"
 1286      74657253 
 1286      68696674 
ARM GAS  C:\Users\bryan.lee\AppData\Local\Temp\cc0UhsVc.s 			page 32


 1286      5F577269 
 1286      7465436F 
 1287              	.LASF30:
 1288 011d 636F756E 		.ascii	"counterShift_ReadCounter\000"
 1288      74657253 
 1288      68696674 
 1288      5F526561 
 1288      64436F75 
 1289              	.LASF22:
 1290 0136 636F756E 		.ascii	"counterShift_ReadStatusRegister\000"
 1290      74657253 
 1290      68696674 
 1290      5F526561 
 1290      64537461 
 1291              	.LASF11:
 1292 0156 666C6F61 		.ascii	"float\000"
 1292      7400
 1293              	.LASF29:
 1294 015c 636F756E 		.ascii	"counter\000"
 1294      74657200 
 1295              	.LASF38:
 1296 0164 636F756E 		.ascii	"counterShift_initVar\000"
 1296      74657253 
 1296      68696674 
 1296      5F696E69 
 1296      74566172 
 1297              	.LASF1:
 1298 0179 756E7369 		.ascii	"unsigned char\000"
 1298      676E6564 
 1298      20636861 
 1298      7200
 1299              	.LASF14:
 1300 0187 72656738 		.ascii	"reg8\000"
 1300      00
 1301              	.LASF36:
 1302 018c 47656E65 		.ascii	"Generated_Source\\PSoC5\\counterShift.c\000"
 1302      72617465 
 1302      645F536F 
 1302      75726365 
 1302      5C50536F 
 1303              	.LASF5:
 1304 01b2 6C6F6E67 		.ascii	"long unsigned int\000"
 1304      20756E73 
 1304      69676E65 
 1304      6420696E 
 1304      7400
 1305              	.LASF9:
 1306 01c4 75696E74 		.ascii	"uint8\000"
 1306      3800
 1307              	.LASF27:
 1308 01ca 636F6E74 		.ascii	"control\000"
 1308      726F6C00 
 1309              	.LASF26:
 1310 01d2 696E7465 		.ascii	"interruptsMask\000"
 1310      72727570 
 1310      74734D61 
 1310      736B00
ARM GAS  C:\Users\bryan.lee\AppData\Local\Temp\cc0UhsVc.s 			page 33


 1311              	.LASF32:
 1312 01e1 636F756E 		.ascii	"counterShift_WritePeriod\000"
 1312      74657253 
 1312      68696674 
 1312      5F577269 
 1312      74655065 
 1313              	.LASF12:
 1314 01fa 646F7562 		.ascii	"double\000"
 1314      6C6500
 1315              	.LASF10:
 1316 0201 75696E74 		.ascii	"uint16\000"
 1316      313600
 1317              	.LASF21:
 1318 0208 636F756E 		.ascii	"counterShift_Stop\000"
 1318      74657253 
 1318      68696674 
 1318      5F53746F 
 1318      7000
 1319              	.LASF8:
 1320 021a 756E7369 		.ascii	"unsigned int\000"
 1320      676E6564 
 1320      20696E74 
 1320      00
 1321              	.LASF7:
 1322 0227 6C6F6E67 		.ascii	"long long unsigned int\000"
 1322      206C6F6E 
 1322      6720756E 
 1322      7369676E 
 1322      65642069 
 1323              	.LASF19:
 1324 023e 636F756E 		.ascii	"counterShift_Enable\000"
 1324      74657253 
 1324      68696674 
 1324      5F456E61 
 1324      626C6500 
 1325              	.LASF24:
 1326 0252 636F756E 		.ascii	"counterShift_SetInterruptMode\000"
 1326      74657253 
 1326      68696674 
 1326      5F536574 
 1326      496E7465 
 1327              	.LASF17:
 1328 0270 73697A65 		.ascii	"sizetype\000"
 1328      74797065 
 1328      00
 1329              	.LASF6:
 1330 0279 6C6F6E67 		.ascii	"long long int\000"
 1330      206C6F6E 
 1330      6720696E 
 1330      7400
 1331              	.LASF13:
 1332 0287 63686172 		.ascii	"char\000"
 1332      00
 1333              	.LASF34:
 1334 028c 636F756E 		.ascii	"counterShift_ReadPeriod\000"
 1334      74657253 
 1334      68696674 
ARM GAS  C:\Users\bryan.lee\AppData\Local\Temp\cc0UhsVc.s 			page 34


 1334      5F526561 
 1334      64506572 
 1335              	.LASF2:
 1336 02a4 73686F72 		.ascii	"short int\000"
 1336      7420696E 
 1336      7400
 1337              	.LASF4:
 1338 02ae 6C6F6E67 		.ascii	"long int\000"
 1338      20696E74 
 1338      00
 1339              	.LASF37:
 1340 02b7 433A5C55 		.ascii	"C:\\Users\\bryan.lee\\Documents\\GitHub\\hello-worl"
 1340      73657273 
 1340      5C627279 
 1340      616E2E6C 
 1340      65655C44 
 1341 02e5 645C4379 		.ascii	"d\\Cypress\\Combine_4.0\\Combine.cydsn\000"
 1341      70726573 
 1341      735C436F 
 1341      6D62696E 
 1341      655F342E 
 1342              	.LASF16:
 1343 0309 6C6F6E67 		.ascii	"long double\000"
 1343      20646F75 
 1343      626C6500 
 1344              	.LASF20:
 1345 0315 636F756E 		.ascii	"counterShift_Start\000"
 1345      74657253 
 1345      68696674 
 1345      5F537461 
 1345      727400
 1346              	.LASF0:
 1347 0328 7369676E 		.ascii	"signed char\000"
 1347      65642063 
 1347      68617200 
 1348              	.LASF31:
 1349 0334 636F756E 		.ascii	"counterShift_ReadCapture\000"
 1349      74657253 
 1349      68696674 
 1349      5F526561 
 1349      64436170 
 1350              		.ident	"GCC: (GNU Tools for ARM Embedded Processors) 5.4.1 20160609 (release) [ARM/embedded-5-bran
