ARM GAS  C:\Users\bryan.lee\AppData\Local\Temp\ccLYcEDw.s 			page 1


   1              		.syntax unified
   2              		.cpu cortex-m3
   3              		.fpu softvfp
   4              		.eabi_attribute 20, 1
   5              		.eabi_attribute 21, 1
   6              		.eabi_attribute 23, 3
   7              		.eabi_attribute 24, 1
   8              		.eabi_attribute 25, 1
   9              		.eabi_attribute 26, 1
  10              		.eabi_attribute 30, 6
  11              		.eabi_attribute 34, 1
  12              		.eabi_attribute 18, 4
  13              		.thumb
  14              		.syntax unified
  15              		.file	"counterShift_PM.c"
  16              		.text
  17              	.Ltext0:
  18              		.cfi_sections	.debug_frame
  19              		.bss
  20              		.align	2
  21              	counterShift_backup:
  22 0000 000000   		.space	3
  23              		.section	.text.counterShift_SaveConfig,"ax",%progbits
  24              		.align	2
  25              		.global	counterShift_SaveConfig
  26              		.thumb
  27              		.thumb_func
  28              		.type	counterShift_SaveConfig, %function
  29              	counterShift_SaveConfig:
  30              	.LFB0:
  31              		.file 1 "Generated_Source\\PSoC5\\counterShift_PM.c"
   1:Generated_Source\PSoC5/counterShift_PM.c **** /*******************************************************************************
   2:Generated_Source\PSoC5/counterShift_PM.c **** * File Name: counterShift_PM.c  
   3:Generated_Source\PSoC5/counterShift_PM.c **** * Version 3.0
   4:Generated_Source\PSoC5/counterShift_PM.c **** *
   5:Generated_Source\PSoC5/counterShift_PM.c **** *  Description:
   6:Generated_Source\PSoC5/counterShift_PM.c **** *    This file provides the power management source code to API for the
   7:Generated_Source\PSoC5/counterShift_PM.c **** *    Counter.  
   8:Generated_Source\PSoC5/counterShift_PM.c **** *
   9:Generated_Source\PSoC5/counterShift_PM.c **** *   Note:
  10:Generated_Source\PSoC5/counterShift_PM.c **** *     None
  11:Generated_Source\PSoC5/counterShift_PM.c **** *
  12:Generated_Source\PSoC5/counterShift_PM.c **** ********************************************************************************
  13:Generated_Source\PSoC5/counterShift_PM.c **** * Copyright 2008-2012, Cypress Semiconductor Corporation.  All rights reserved.
  14:Generated_Source\PSoC5/counterShift_PM.c **** * You may use this file only in accordance with the license, terms, conditions, 
  15:Generated_Source\PSoC5/counterShift_PM.c **** * disclaimers, and limitations in the end user license agreement accompanying 
  16:Generated_Source\PSoC5/counterShift_PM.c **** * the software package with which this file was provided.
  17:Generated_Source\PSoC5/counterShift_PM.c **** *******************************************************************************/
  18:Generated_Source\PSoC5/counterShift_PM.c **** 
  19:Generated_Source\PSoC5/counterShift_PM.c **** #include "counterShift.h"
  20:Generated_Source\PSoC5/counterShift_PM.c **** 
  21:Generated_Source\PSoC5/counterShift_PM.c **** static counterShift_backupStruct counterShift_backup;
  22:Generated_Source\PSoC5/counterShift_PM.c **** 
  23:Generated_Source\PSoC5/counterShift_PM.c **** 
  24:Generated_Source\PSoC5/counterShift_PM.c **** /*******************************************************************************
  25:Generated_Source\PSoC5/counterShift_PM.c **** * Function Name: counterShift_SaveConfig
  26:Generated_Source\PSoC5/counterShift_PM.c **** ********************************************************************************
ARM GAS  C:\Users\bryan.lee\AppData\Local\Temp\ccLYcEDw.s 			page 2


  27:Generated_Source\PSoC5/counterShift_PM.c **** * Summary:
  28:Generated_Source\PSoC5/counterShift_PM.c **** *     Save the current user configuration
  29:Generated_Source\PSoC5/counterShift_PM.c **** *
  30:Generated_Source\PSoC5/counterShift_PM.c **** * Parameters:  
  31:Generated_Source\PSoC5/counterShift_PM.c **** *  void
  32:Generated_Source\PSoC5/counterShift_PM.c **** *
  33:Generated_Source\PSoC5/counterShift_PM.c **** * Return: 
  34:Generated_Source\PSoC5/counterShift_PM.c **** *  void
  35:Generated_Source\PSoC5/counterShift_PM.c **** *
  36:Generated_Source\PSoC5/counterShift_PM.c **** * Global variables:
  37:Generated_Source\PSoC5/counterShift_PM.c **** *  counterShift_backup:  Variables of this global structure are modified to 
  38:Generated_Source\PSoC5/counterShift_PM.c **** *  store the values of non retention configuration registers when Sleep() API is 
  39:Generated_Source\PSoC5/counterShift_PM.c **** *  called.
  40:Generated_Source\PSoC5/counterShift_PM.c **** *
  41:Generated_Source\PSoC5/counterShift_PM.c **** *******************************************************************************/
  42:Generated_Source\PSoC5/counterShift_PM.c **** void counterShift_SaveConfig(void) 
  43:Generated_Source\PSoC5/counterShift_PM.c **** {
  32              		.loc 1 43 0
  33              		.cfi_startproc
  34              		@ args = 0, pretend = 0, frame = 0
  35              		@ frame_needed = 1, uses_anonymous_args = 0
  36              		@ link register save eliminated.
  37 0000 80B4     		push	{r7}
  38              		.cfi_def_cfa_offset 4
  39              		.cfi_offset 7, -4
  40 0002 00AF     		add	r7, sp, #0
  41              		.cfi_def_cfa_register 7
  44:Generated_Source\PSoC5/counterShift_PM.c ****     #if (!counterShift_UsingFixedFunction)
  45:Generated_Source\PSoC5/counterShift_PM.c **** 
  46:Generated_Source\PSoC5/counterShift_PM.c ****         counterShift_backup.CounterUdb = counterShift_ReadCounter();
  47:Generated_Source\PSoC5/counterShift_PM.c **** 
  48:Generated_Source\PSoC5/counterShift_PM.c ****         #if(!counterShift_ControlRegRemoved)
  49:Generated_Source\PSoC5/counterShift_PM.c ****             counterShift_backup.CounterControlRegister = counterShift_ReadControlRegister();
  50:Generated_Source\PSoC5/counterShift_PM.c ****         #endif /* (!counterShift_ControlRegRemoved) */
  51:Generated_Source\PSoC5/counterShift_PM.c **** 
  52:Generated_Source\PSoC5/counterShift_PM.c ****     #endif /* (!counterShift_UsingFixedFunction) */
  53:Generated_Source\PSoC5/counterShift_PM.c **** }
  42              		.loc 1 53 0
  43 0004 00BF     		nop
  44 0006 BD46     		mov	sp, r7
  45              		.cfi_def_cfa_register 13
  46              		@ sp needed
  47 0008 80BC     		pop	{r7}
  48              		.cfi_restore 7
  49              		.cfi_def_cfa_offset 0
  50 000a 7047     		bx	lr
  51              		.cfi_endproc
  52              	.LFE0:
  53              		.size	counterShift_SaveConfig, .-counterShift_SaveConfig
  54              		.section	.text.counterShift_RestoreConfig,"ax",%progbits
  55              		.align	2
  56              		.global	counterShift_RestoreConfig
  57              		.thumb
  58              		.thumb_func
  59              		.type	counterShift_RestoreConfig, %function
  60              	counterShift_RestoreConfig:
  61              	.LFB1:
ARM GAS  C:\Users\bryan.lee\AppData\Local\Temp\ccLYcEDw.s 			page 3


  54:Generated_Source\PSoC5/counterShift_PM.c **** 
  55:Generated_Source\PSoC5/counterShift_PM.c **** 
  56:Generated_Source\PSoC5/counterShift_PM.c **** /*******************************************************************************
  57:Generated_Source\PSoC5/counterShift_PM.c **** * Function Name: counterShift_RestoreConfig
  58:Generated_Source\PSoC5/counterShift_PM.c **** ********************************************************************************
  59:Generated_Source\PSoC5/counterShift_PM.c **** *
  60:Generated_Source\PSoC5/counterShift_PM.c **** * Summary:
  61:Generated_Source\PSoC5/counterShift_PM.c **** *  Restores the current user configuration.
  62:Generated_Source\PSoC5/counterShift_PM.c **** *
  63:Generated_Source\PSoC5/counterShift_PM.c **** * Parameters:  
  64:Generated_Source\PSoC5/counterShift_PM.c **** *  void
  65:Generated_Source\PSoC5/counterShift_PM.c **** *
  66:Generated_Source\PSoC5/counterShift_PM.c **** * Return: 
  67:Generated_Source\PSoC5/counterShift_PM.c **** *  void
  68:Generated_Source\PSoC5/counterShift_PM.c **** *
  69:Generated_Source\PSoC5/counterShift_PM.c **** * Global variables:
  70:Generated_Source\PSoC5/counterShift_PM.c **** *  counterShift_backup:  Variables of this global structure are used to 
  71:Generated_Source\PSoC5/counterShift_PM.c **** *  restore the values of non retention registers on wakeup from sleep mode.
  72:Generated_Source\PSoC5/counterShift_PM.c **** *
  73:Generated_Source\PSoC5/counterShift_PM.c **** *******************************************************************************/
  74:Generated_Source\PSoC5/counterShift_PM.c **** void counterShift_RestoreConfig(void) 
  75:Generated_Source\PSoC5/counterShift_PM.c **** {      
  62              		.loc 1 75 0
  63              		.cfi_startproc
  64              		@ args = 0, pretend = 0, frame = 0
  65              		@ frame_needed = 1, uses_anonymous_args = 0
  66              		@ link register save eliminated.
  67 0000 80B4     		push	{r7}
  68              		.cfi_def_cfa_offset 4
  69              		.cfi_offset 7, -4
  70 0002 00AF     		add	r7, sp, #0
  71              		.cfi_def_cfa_register 7
  76:Generated_Source\PSoC5/counterShift_PM.c ****     #if (!counterShift_UsingFixedFunction)
  77:Generated_Source\PSoC5/counterShift_PM.c **** 
  78:Generated_Source\PSoC5/counterShift_PM.c ****        counterShift_WriteCounter(counterShift_backup.CounterUdb);
  79:Generated_Source\PSoC5/counterShift_PM.c **** 
  80:Generated_Source\PSoC5/counterShift_PM.c ****         #if(!counterShift_ControlRegRemoved)
  81:Generated_Source\PSoC5/counterShift_PM.c ****             counterShift_WriteControlRegister(counterShift_backup.CounterControlRegister);
  82:Generated_Source\PSoC5/counterShift_PM.c ****         #endif /* (!counterShift_ControlRegRemoved) */
  83:Generated_Source\PSoC5/counterShift_PM.c **** 
  84:Generated_Source\PSoC5/counterShift_PM.c ****     #endif /* (!counterShift_UsingFixedFunction) */
  85:Generated_Source\PSoC5/counterShift_PM.c **** }
  72              		.loc 1 85 0
  73 0004 00BF     		nop
  74 0006 BD46     		mov	sp, r7
  75              		.cfi_def_cfa_register 13
  76              		@ sp needed
  77 0008 80BC     		pop	{r7}
  78              		.cfi_restore 7
  79              		.cfi_def_cfa_offset 0
  80 000a 7047     		bx	lr
  81              		.cfi_endproc
  82              	.LFE1:
  83              		.size	counterShift_RestoreConfig, .-counterShift_RestoreConfig
  84              		.section	.text.counterShift_Sleep,"ax",%progbits
  85              		.align	2
  86              		.global	counterShift_Sleep
ARM GAS  C:\Users\bryan.lee\AppData\Local\Temp\ccLYcEDw.s 			page 4


  87              		.thumb
  88              		.thumb_func
  89              		.type	counterShift_Sleep, %function
  90              	counterShift_Sleep:
  91              	.LFB2:
  86:Generated_Source\PSoC5/counterShift_PM.c **** 
  87:Generated_Source\PSoC5/counterShift_PM.c **** 
  88:Generated_Source\PSoC5/counterShift_PM.c **** /*******************************************************************************
  89:Generated_Source\PSoC5/counterShift_PM.c **** * Function Name: counterShift_Sleep
  90:Generated_Source\PSoC5/counterShift_PM.c **** ********************************************************************************
  91:Generated_Source\PSoC5/counterShift_PM.c **** * Summary:
  92:Generated_Source\PSoC5/counterShift_PM.c **** *     Stop and Save the user configuration
  93:Generated_Source\PSoC5/counterShift_PM.c **** *
  94:Generated_Source\PSoC5/counterShift_PM.c **** * Parameters:  
  95:Generated_Source\PSoC5/counterShift_PM.c **** *  void
  96:Generated_Source\PSoC5/counterShift_PM.c **** *
  97:Generated_Source\PSoC5/counterShift_PM.c **** * Return: 
  98:Generated_Source\PSoC5/counterShift_PM.c **** *  void
  99:Generated_Source\PSoC5/counterShift_PM.c **** *
 100:Generated_Source\PSoC5/counterShift_PM.c **** * Global variables:
 101:Generated_Source\PSoC5/counterShift_PM.c **** *  counterShift_backup.enableState:  Is modified depending on the enable 
 102:Generated_Source\PSoC5/counterShift_PM.c **** *  state of the block before entering sleep mode.
 103:Generated_Source\PSoC5/counterShift_PM.c **** *
 104:Generated_Source\PSoC5/counterShift_PM.c **** *******************************************************************************/
 105:Generated_Source\PSoC5/counterShift_PM.c **** void counterShift_Sleep(void) 
 106:Generated_Source\PSoC5/counterShift_PM.c **** {
  92              		.loc 1 106 0
  93              		.cfi_startproc
  94              		@ args = 0, pretend = 0, frame = 0
  95              		@ frame_needed = 1, uses_anonymous_args = 0
  96 0000 80B5     		push	{r7, lr}
  97              		.cfi_def_cfa_offset 8
  98              		.cfi_offset 7, -8
  99              		.cfi_offset 14, -4
 100 0002 00AF     		add	r7, sp, #0
 101              		.cfi_def_cfa_register 7
 107:Generated_Source\PSoC5/counterShift_PM.c ****     #if(!counterShift_ControlRegRemoved)
 108:Generated_Source\PSoC5/counterShift_PM.c ****         /* Save Counter's enable state */
 109:Generated_Source\PSoC5/counterShift_PM.c ****         if(counterShift_CTRL_ENABLE == (counterShift_CONTROL & counterShift_CTRL_ENABLE))
 102              		.loc 1 109 0
 103 0004 094B     		ldr	r3, .L6
 104 0006 1B78     		ldrb	r3, [r3]
 105 0008 DBB2     		uxtb	r3, r3
 106 000a 03F00103 		and	r3, r3, #1
 107 000e 002B     		cmp	r3, #0
 108 0010 03D0     		beq	.L4
 110:Generated_Source\PSoC5/counterShift_PM.c ****         {
 111:Generated_Source\PSoC5/counterShift_PM.c ****             /* Counter is enabled */
 112:Generated_Source\PSoC5/counterShift_PM.c ****             counterShift_backup.CounterEnableState = 1u;
 109              		.loc 1 112 0
 110 0012 074B     		ldr	r3, .L6+4
 111 0014 0122     		movs	r2, #1
 112 0016 1A70     		strb	r2, [r3]
 113 0018 02E0     		b	.L5
 114              	.L4:
 113:Generated_Source\PSoC5/counterShift_PM.c ****         }
 114:Generated_Source\PSoC5/counterShift_PM.c ****         else
ARM GAS  C:\Users\bryan.lee\AppData\Local\Temp\ccLYcEDw.s 			page 5


 115:Generated_Source\PSoC5/counterShift_PM.c ****         {
 116:Generated_Source\PSoC5/counterShift_PM.c ****             /* Counter is disabled */
 117:Generated_Source\PSoC5/counterShift_PM.c ****             counterShift_backup.CounterEnableState = 0u;
 115              		.loc 1 117 0
 116 001a 054B     		ldr	r3, .L6+4
 117 001c 0022     		movs	r2, #0
 118 001e 1A70     		strb	r2, [r3]
 119              	.L5:
 118:Generated_Source\PSoC5/counterShift_PM.c ****         }
 119:Generated_Source\PSoC5/counterShift_PM.c ****     #else
 120:Generated_Source\PSoC5/counterShift_PM.c ****         counterShift_backup.CounterEnableState = 1u;
 121:Generated_Source\PSoC5/counterShift_PM.c ****         if(counterShift_backup.CounterEnableState != 0u)
 122:Generated_Source\PSoC5/counterShift_PM.c ****         {
 123:Generated_Source\PSoC5/counterShift_PM.c ****             counterShift_backup.CounterEnableState = 0u;
 124:Generated_Source\PSoC5/counterShift_PM.c ****         }
 125:Generated_Source\PSoC5/counterShift_PM.c ****     #endif /* (!counterShift_ControlRegRemoved) */
 126:Generated_Source\PSoC5/counterShift_PM.c ****     
 127:Generated_Source\PSoC5/counterShift_PM.c ****     counterShift_Stop();
 120              		.loc 1 127 0
 121 0020 FFF7FEFF 		bl	counterShift_Stop
 128:Generated_Source\PSoC5/counterShift_PM.c ****     counterShift_SaveConfig();
 122              		.loc 1 128 0
 123 0024 FFF7FEFF 		bl	counterShift_SaveConfig
 129:Generated_Source\PSoC5/counterShift_PM.c **** }
 124              		.loc 1 129 0
 125 0028 00BF     		nop
 126 002a 80BD     		pop	{r7, pc}
 127              	.L7:
 128              		.align	2
 129              	.L6:
 130 002c 004F0040 		.word	1073762048
 131 0030 00000000 		.word	counterShift_backup
 132              		.cfi_endproc
 133              	.LFE2:
 134              		.size	counterShift_Sleep, .-counterShift_Sleep
 135              		.section	.text.counterShift_Wakeup,"ax",%progbits
 136              		.align	2
 137              		.global	counterShift_Wakeup
 138              		.thumb
 139              		.thumb_func
 140              		.type	counterShift_Wakeup, %function
 141              	counterShift_Wakeup:
 142              	.LFB3:
 130:Generated_Source\PSoC5/counterShift_PM.c **** 
 131:Generated_Source\PSoC5/counterShift_PM.c **** 
 132:Generated_Source\PSoC5/counterShift_PM.c **** /*******************************************************************************
 133:Generated_Source\PSoC5/counterShift_PM.c **** * Function Name: counterShift_Wakeup
 134:Generated_Source\PSoC5/counterShift_PM.c **** ********************************************************************************
 135:Generated_Source\PSoC5/counterShift_PM.c **** *
 136:Generated_Source\PSoC5/counterShift_PM.c **** * Summary:
 137:Generated_Source\PSoC5/counterShift_PM.c **** *  Restores and enables the user configuration
 138:Generated_Source\PSoC5/counterShift_PM.c **** *  
 139:Generated_Source\PSoC5/counterShift_PM.c **** * Parameters:  
 140:Generated_Source\PSoC5/counterShift_PM.c **** *  void
 141:Generated_Source\PSoC5/counterShift_PM.c **** *
 142:Generated_Source\PSoC5/counterShift_PM.c **** * Return: 
 143:Generated_Source\PSoC5/counterShift_PM.c **** *  void
ARM GAS  C:\Users\bryan.lee\AppData\Local\Temp\ccLYcEDw.s 			page 6


 144:Generated_Source\PSoC5/counterShift_PM.c **** *
 145:Generated_Source\PSoC5/counterShift_PM.c **** * Global variables:
 146:Generated_Source\PSoC5/counterShift_PM.c **** *  counterShift_backup.enableState:  Is used to restore the enable state of 
 147:Generated_Source\PSoC5/counterShift_PM.c **** *  block on wakeup from sleep mode.
 148:Generated_Source\PSoC5/counterShift_PM.c **** *
 149:Generated_Source\PSoC5/counterShift_PM.c **** *******************************************************************************/
 150:Generated_Source\PSoC5/counterShift_PM.c **** void counterShift_Wakeup(void) 
 151:Generated_Source\PSoC5/counterShift_PM.c **** {
 143              		.loc 1 151 0
 144              		.cfi_startproc
 145              		@ args = 0, pretend = 0, frame = 0
 146              		@ frame_needed = 1, uses_anonymous_args = 0
 147 0000 80B5     		push	{r7, lr}
 148              		.cfi_def_cfa_offset 8
 149              		.cfi_offset 7, -8
 150              		.cfi_offset 14, -4
 151 0002 00AF     		add	r7, sp, #0
 152              		.cfi_def_cfa_register 7
 152:Generated_Source\PSoC5/counterShift_PM.c ****     counterShift_RestoreConfig();
 153              		.loc 1 152 0
 154 0004 FFF7FEFF 		bl	counterShift_RestoreConfig
 153:Generated_Source\PSoC5/counterShift_PM.c ****     #if(!counterShift_ControlRegRemoved)
 154:Generated_Source\PSoC5/counterShift_PM.c ****         if(counterShift_backup.CounterEnableState == 1u)
 155              		.loc 1 154 0
 156 0008 034B     		ldr	r3, .L11
 157 000a 1B78     		ldrb	r3, [r3]	@ zero_extendqisi2
 158 000c 012B     		cmp	r3, #1
 159 000e 01D1     		bne	.L10
 155:Generated_Source\PSoC5/counterShift_PM.c ****         {
 156:Generated_Source\PSoC5/counterShift_PM.c ****             /* Enable Counter's operation */
 157:Generated_Source\PSoC5/counterShift_PM.c ****             counterShift_Enable();
 160              		.loc 1 157 0
 161 0010 FFF7FEFF 		bl	counterShift_Enable
 162              	.L10:
 158:Generated_Source\PSoC5/counterShift_PM.c ****         } /* Do nothing if Counter was disabled before */    
 159:Generated_Source\PSoC5/counterShift_PM.c ****     #endif /* (!counterShift_ControlRegRemoved) */
 160:Generated_Source\PSoC5/counterShift_PM.c ****     
 161:Generated_Source\PSoC5/counterShift_PM.c **** }
 163              		.loc 1 161 0
 164 0014 00BF     		nop
 165 0016 80BD     		pop	{r7, pc}
 166              	.L12:
 167              		.align	2
 168              	.L11:
 169 0018 00000000 		.word	counterShift_backup
 170              		.cfi_endproc
 171              	.LFE3:
 172              		.size	counterShift_Wakeup, .-counterShift_Wakeup
 173              		.text
 174              	.Letext0:
 175              		.file 2 "Generated_Source\\PSoC5\\cytypes.h"
 176              		.file 3 "Generated_Source\\PSoC5\\counterShift.h"
 177              		.section	.debug_info,"",%progbits
 178              	.Ldebug_info0:
 179 0000 35010000 		.4byte	0x135
 180 0004 0400     		.2byte	0x4
 181 0006 00000000 		.4byte	.Ldebug_abbrev0
ARM GAS  C:\Users\bryan.lee\AppData\Local\Temp\ccLYcEDw.s 			page 7


 182 000a 04       		.byte	0x4
 183 000b 01       		.uleb128 0x1
 184 000c AE000000 		.4byte	.LASF24
 185 0010 0C       		.byte	0xc
 186 0011 29000000 		.4byte	.LASF25
 187 0015 07020000 		.4byte	.LASF26
 188 0019 00000000 		.4byte	.Ldebug_ranges0+0
 189 001d 00000000 		.4byte	0
 190 0021 00000000 		.4byte	.Ldebug_line0
 191 0025 02       		.uleb128 0x2
 192 0026 01       		.byte	0x1
 193 0027 06       		.byte	0x6
 194 0028 A6010000 		.4byte	.LASF0
 195 002c 02       		.uleb128 0x2
 196 002d 01       		.byte	0x1
 197 002e 08       		.byte	0x8
 198 002f 1B000000 		.4byte	.LASF1
 199 0033 02       		.uleb128 0x2
 200 0034 02       		.byte	0x2
 201 0035 05       		.byte	0x5
 202 0036 ED010000 		.4byte	.LASF2
 203 003a 02       		.uleb128 0x2
 204 003b 02       		.byte	0x2
 205 003c 07       		.byte	0x7
 206 003d 93010000 		.4byte	.LASF3
 207 0041 02       		.uleb128 0x2
 208 0042 04       		.byte	0x4
 209 0043 05       		.byte	0x5
 210 0044 58010000 		.4byte	.LASF4
 211 0048 02       		.uleb128 0x2
 212 0049 04       		.byte	0x4
 213 004a 07       		.byte	0x7
 214 004b 6C000000 		.4byte	.LASF5
 215 004f 02       		.uleb128 0x2
 216 0050 08       		.byte	0x8
 217 0051 05       		.byte	0x5
 218 0052 00000000 		.4byte	.LASF6
 219 0056 02       		.uleb128 0x2
 220 0057 08       		.byte	0x8
 221 0058 07       		.byte	0x7
 222 0059 7E000000 		.4byte	.LASF7
 223 005d 03       		.uleb128 0x3
 224 005e 04       		.byte	0x4
 225 005f 05       		.byte	0x5
 226 0060 696E7400 		.ascii	"int\000"
 227 0064 02       		.uleb128 0x2
 228 0065 04       		.byte	0x4
 229 0066 07       		.byte	0x7
 230 0067 0E000000 		.4byte	.LASF8
 231 006b 04       		.uleb128 0x4
 232 006c 66000000 		.4byte	.LASF12
 233 0070 02       		.byte	0x2
 234 0071 9201     		.2byte	0x192
 235 0073 2C000000 		.4byte	0x2c
 236 0077 02       		.uleb128 0x2
 237 0078 04       		.byte	0x4
 238 0079 04       		.byte	0x4
ARM GAS  C:\Users\bryan.lee\AppData\Local\Temp\ccLYcEDw.s 			page 8


 239 007a 95000000 		.4byte	.LASF9
 240 007e 02       		.uleb128 0x2
 241 007f 08       		.byte	0x8
 242 0080 04       		.byte	0x4
 243 0081 8C010000 		.4byte	.LASF10
 244 0085 02       		.uleb128 0x2
 245 0086 01       		.byte	0x1
 246 0087 08       		.byte	0x8
 247 0088 53010000 		.4byte	.LASF11
 248 008c 04       		.uleb128 0x4
 249 008d F7010000 		.4byte	.LASF13
 250 0091 02       		.byte	0x2
 251 0092 3C02     		.2byte	0x23c
 252 0094 98000000 		.4byte	0x98
 253 0098 05       		.uleb128 0x5
 254 0099 6B000000 		.4byte	0x6b
 255 009d 02       		.uleb128 0x2
 256 009e 08       		.byte	0x8
 257 009f 04       		.byte	0x4
 258 00a0 CD010000 		.4byte	.LASF14
 259 00a4 02       		.uleb128 0x2
 260 00a5 04       		.byte	0x4
 261 00a6 07       		.byte	0x7
 262 00a7 59020000 		.4byte	.LASF15
 263 00ab 06       		.uleb128 0x6
 264 00ac 03       		.byte	0x3
 265 00ad 03       		.byte	0x3
 266 00ae 40       		.byte	0x40
 267 00af D8000000 		.4byte	0xd8
 268 00b3 07       		.uleb128 0x7
 269 00b4 79010000 		.4byte	.LASF16
 270 00b8 03       		.byte	0x3
 271 00b9 42       		.byte	0x42
 272 00ba 6B000000 		.4byte	0x6b
 273 00be 00       		.byte	0
 274 00bf 07       		.uleb128 0x7
 275 00c0 FC010000 		.4byte	.LASF17
 276 00c4 03       		.byte	0x3
 277 00c5 43       		.byte	0x43
 278 00c6 6B000000 		.4byte	0x6b
 279 00ca 01       		.byte	0x1
 280 00cb 07       		.uleb128 0x7
 281 00cc 3C010000 		.4byte	.LASF18
 282 00d0 03       		.byte	0x3
 283 00d1 46       		.byte	0x46
 284 00d2 6B000000 		.4byte	0x6b
 285 00d6 02       		.byte	0x2
 286 00d7 00       		.byte	0
 287 00d8 08       		.uleb128 0x8
 288 00d9 62020000 		.4byte	.LASF19
 289 00dd 03       		.byte	0x3
 290 00de 49       		.byte	0x49
 291 00df AB000000 		.4byte	0xab
 292 00e3 09       		.uleb128 0x9
 293 00e4 61010000 		.4byte	.LASF20
 294 00e8 01       		.byte	0x1
 295 00e9 2A       		.byte	0x2a
ARM GAS  C:\Users\bryan.lee\AppData\Local\Temp\ccLYcEDw.s 			page 9


 296 00ea 00000000 		.4byte	.LFB0
 297 00ee 0C000000 		.4byte	.LFE0-.LFB0
 298 00f2 01       		.uleb128 0x1
 299 00f3 9C       		.byte	0x9c
 300 00f4 09       		.uleb128 0x9
 301 00f5 B2010000 		.4byte	.LASF21
 302 00f9 01       		.byte	0x1
 303 00fa 4A       		.byte	0x4a
 304 00fb 00000000 		.4byte	.LFB1
 305 00ff 0C000000 		.4byte	.LFE1-.LFB1
 306 0103 01       		.uleb128 0x1
 307 0104 9C       		.byte	0x9c
 308 0105 0A       		.uleb128 0xa
 309 0106 9B000000 		.4byte	.LASF22
 310 010a 01       		.byte	0x1
 311 010b 69       		.byte	0x69
 312 010c 00000000 		.4byte	.LFB2
 313 0110 34000000 		.4byte	.LFE2-.LFB2
 314 0114 01       		.uleb128 0x1
 315 0115 9C       		.byte	0x9c
 316 0116 0A       		.uleb128 0xa
 317 0117 D9010000 		.4byte	.LASF23
 318 011b 01       		.byte	0x1
 319 011c 96       		.byte	0x96
 320 011d 00000000 		.4byte	.LFB3
 321 0121 1C000000 		.4byte	.LFE3-.LFB3
 322 0125 01       		.uleb128 0x1
 323 0126 9C       		.byte	0x9c
 324 0127 0B       		.uleb128 0xb
 325 0128 52000000 		.4byte	.LASF27
 326 012c 01       		.byte	0x1
 327 012d 15       		.byte	0x15
 328 012e D8000000 		.4byte	0xd8
 329 0132 05       		.uleb128 0x5
 330 0133 03       		.byte	0x3
 331 0134 00000000 		.4byte	counterShift_backup
 332 0138 00       		.byte	0
 333              		.section	.debug_abbrev,"",%progbits
 334              	.Ldebug_abbrev0:
 335 0000 01       		.uleb128 0x1
 336 0001 11       		.uleb128 0x11
 337 0002 01       		.byte	0x1
 338 0003 25       		.uleb128 0x25
 339 0004 0E       		.uleb128 0xe
 340 0005 13       		.uleb128 0x13
 341 0006 0B       		.uleb128 0xb
 342 0007 03       		.uleb128 0x3
 343 0008 0E       		.uleb128 0xe
 344 0009 1B       		.uleb128 0x1b
 345 000a 0E       		.uleb128 0xe
 346 000b 55       		.uleb128 0x55
 347 000c 17       		.uleb128 0x17
 348 000d 11       		.uleb128 0x11
 349 000e 01       		.uleb128 0x1
 350 000f 10       		.uleb128 0x10
 351 0010 17       		.uleb128 0x17
 352 0011 00       		.byte	0
ARM GAS  C:\Users\bryan.lee\AppData\Local\Temp\ccLYcEDw.s 			page 10


 353 0012 00       		.byte	0
 354 0013 02       		.uleb128 0x2
 355 0014 24       		.uleb128 0x24
 356 0015 00       		.byte	0
 357 0016 0B       		.uleb128 0xb
 358 0017 0B       		.uleb128 0xb
 359 0018 3E       		.uleb128 0x3e
 360 0019 0B       		.uleb128 0xb
 361 001a 03       		.uleb128 0x3
 362 001b 0E       		.uleb128 0xe
 363 001c 00       		.byte	0
 364 001d 00       		.byte	0
 365 001e 03       		.uleb128 0x3
 366 001f 24       		.uleb128 0x24
 367 0020 00       		.byte	0
 368 0021 0B       		.uleb128 0xb
 369 0022 0B       		.uleb128 0xb
 370 0023 3E       		.uleb128 0x3e
 371 0024 0B       		.uleb128 0xb
 372 0025 03       		.uleb128 0x3
 373 0026 08       		.uleb128 0x8
 374 0027 00       		.byte	0
 375 0028 00       		.byte	0
 376 0029 04       		.uleb128 0x4
 377 002a 16       		.uleb128 0x16
 378 002b 00       		.byte	0
 379 002c 03       		.uleb128 0x3
 380 002d 0E       		.uleb128 0xe
 381 002e 3A       		.uleb128 0x3a
 382 002f 0B       		.uleb128 0xb
 383 0030 3B       		.uleb128 0x3b
 384 0031 05       		.uleb128 0x5
 385 0032 49       		.uleb128 0x49
 386 0033 13       		.uleb128 0x13
 387 0034 00       		.byte	0
 388 0035 00       		.byte	0
 389 0036 05       		.uleb128 0x5
 390 0037 35       		.uleb128 0x35
 391 0038 00       		.byte	0
 392 0039 49       		.uleb128 0x49
 393 003a 13       		.uleb128 0x13
 394 003b 00       		.byte	0
 395 003c 00       		.byte	0
 396 003d 06       		.uleb128 0x6
 397 003e 13       		.uleb128 0x13
 398 003f 01       		.byte	0x1
 399 0040 0B       		.uleb128 0xb
 400 0041 0B       		.uleb128 0xb
 401 0042 3A       		.uleb128 0x3a
 402 0043 0B       		.uleb128 0xb
 403 0044 3B       		.uleb128 0x3b
 404 0045 0B       		.uleb128 0xb
 405 0046 01       		.uleb128 0x1
 406 0047 13       		.uleb128 0x13
 407 0048 00       		.byte	0
 408 0049 00       		.byte	0
 409 004a 07       		.uleb128 0x7
ARM GAS  C:\Users\bryan.lee\AppData\Local\Temp\ccLYcEDw.s 			page 11


 410 004b 0D       		.uleb128 0xd
 411 004c 00       		.byte	0
 412 004d 03       		.uleb128 0x3
 413 004e 0E       		.uleb128 0xe
 414 004f 3A       		.uleb128 0x3a
 415 0050 0B       		.uleb128 0xb
 416 0051 3B       		.uleb128 0x3b
 417 0052 0B       		.uleb128 0xb
 418 0053 49       		.uleb128 0x49
 419 0054 13       		.uleb128 0x13
 420 0055 38       		.uleb128 0x38
 421 0056 0B       		.uleb128 0xb
 422 0057 00       		.byte	0
 423 0058 00       		.byte	0
 424 0059 08       		.uleb128 0x8
 425 005a 16       		.uleb128 0x16
 426 005b 00       		.byte	0
 427 005c 03       		.uleb128 0x3
 428 005d 0E       		.uleb128 0xe
 429 005e 3A       		.uleb128 0x3a
 430 005f 0B       		.uleb128 0xb
 431 0060 3B       		.uleb128 0x3b
 432 0061 0B       		.uleb128 0xb
 433 0062 49       		.uleb128 0x49
 434 0063 13       		.uleb128 0x13
 435 0064 00       		.byte	0
 436 0065 00       		.byte	0
 437 0066 09       		.uleb128 0x9
 438 0067 2E       		.uleb128 0x2e
 439 0068 00       		.byte	0
 440 0069 3F       		.uleb128 0x3f
 441 006a 19       		.uleb128 0x19
 442 006b 03       		.uleb128 0x3
 443 006c 0E       		.uleb128 0xe
 444 006d 3A       		.uleb128 0x3a
 445 006e 0B       		.uleb128 0xb
 446 006f 3B       		.uleb128 0x3b
 447 0070 0B       		.uleb128 0xb
 448 0071 27       		.uleb128 0x27
 449 0072 19       		.uleb128 0x19
 450 0073 11       		.uleb128 0x11
 451 0074 01       		.uleb128 0x1
 452 0075 12       		.uleb128 0x12
 453 0076 06       		.uleb128 0x6
 454 0077 40       		.uleb128 0x40
 455 0078 18       		.uleb128 0x18
 456 0079 9742     		.uleb128 0x2117
 457 007b 19       		.uleb128 0x19
 458 007c 00       		.byte	0
 459 007d 00       		.byte	0
 460 007e 0A       		.uleb128 0xa
 461 007f 2E       		.uleb128 0x2e
 462 0080 00       		.byte	0
 463 0081 3F       		.uleb128 0x3f
 464 0082 19       		.uleb128 0x19
 465 0083 03       		.uleb128 0x3
 466 0084 0E       		.uleb128 0xe
ARM GAS  C:\Users\bryan.lee\AppData\Local\Temp\ccLYcEDw.s 			page 12


 467 0085 3A       		.uleb128 0x3a
 468 0086 0B       		.uleb128 0xb
 469 0087 3B       		.uleb128 0x3b
 470 0088 0B       		.uleb128 0xb
 471 0089 27       		.uleb128 0x27
 472 008a 19       		.uleb128 0x19
 473 008b 11       		.uleb128 0x11
 474 008c 01       		.uleb128 0x1
 475 008d 12       		.uleb128 0x12
 476 008e 06       		.uleb128 0x6
 477 008f 40       		.uleb128 0x40
 478 0090 18       		.uleb128 0x18
 479 0091 9642     		.uleb128 0x2116
 480 0093 19       		.uleb128 0x19
 481 0094 00       		.byte	0
 482 0095 00       		.byte	0
 483 0096 0B       		.uleb128 0xb
 484 0097 34       		.uleb128 0x34
 485 0098 00       		.byte	0
 486 0099 03       		.uleb128 0x3
 487 009a 0E       		.uleb128 0xe
 488 009b 3A       		.uleb128 0x3a
 489 009c 0B       		.uleb128 0xb
 490 009d 3B       		.uleb128 0x3b
 491 009e 0B       		.uleb128 0xb
 492 009f 49       		.uleb128 0x49
 493 00a0 13       		.uleb128 0x13
 494 00a1 02       		.uleb128 0x2
 495 00a2 18       		.uleb128 0x18
 496 00a3 00       		.byte	0
 497 00a4 00       		.byte	0
 498 00a5 00       		.byte	0
 499              		.section	.debug_aranges,"",%progbits
 500 0000 34000000 		.4byte	0x34
 501 0004 0200     		.2byte	0x2
 502 0006 00000000 		.4byte	.Ldebug_info0
 503 000a 04       		.byte	0x4
 504 000b 00       		.byte	0
 505 000c 0000     		.2byte	0
 506 000e 0000     		.2byte	0
 507 0010 00000000 		.4byte	.LFB0
 508 0014 0C000000 		.4byte	.LFE0-.LFB0
 509 0018 00000000 		.4byte	.LFB1
 510 001c 0C000000 		.4byte	.LFE1-.LFB1
 511 0020 00000000 		.4byte	.LFB2
 512 0024 34000000 		.4byte	.LFE2-.LFB2
 513 0028 00000000 		.4byte	.LFB3
 514 002c 1C000000 		.4byte	.LFE3-.LFB3
 515 0030 00000000 		.4byte	0
 516 0034 00000000 		.4byte	0
 517              		.section	.debug_ranges,"",%progbits
 518              	.Ldebug_ranges0:
 519 0000 00000000 		.4byte	.LFB0
 520 0004 0C000000 		.4byte	.LFE0
 521 0008 00000000 		.4byte	.LFB1
 522 000c 0C000000 		.4byte	.LFE1
 523 0010 00000000 		.4byte	.LFB2
ARM GAS  C:\Users\bryan.lee\AppData\Local\Temp\ccLYcEDw.s 			page 13


 524 0014 34000000 		.4byte	.LFE2
 525 0018 00000000 		.4byte	.LFB3
 526 001c 1C000000 		.4byte	.LFE3
 527 0020 00000000 		.4byte	0
 528 0024 00000000 		.4byte	0
 529              		.section	.debug_line,"",%progbits
 530              	.Ldebug_line0:
 531 0000 B5000000 		.section	.debug_str,"MS",%progbits,1
 531      02005E00 
 531      00000201 
 531      FB0E0D00 
 531      01010101 
 532              	.LASF6:
 533 0000 6C6F6E67 		.ascii	"long long int\000"
 533      206C6F6E 
 533      6720696E 
 533      7400
 534              	.LASF8:
 535 000e 756E7369 		.ascii	"unsigned int\000"
 535      676E6564 
 535      20696E74 
 535      00
 536              	.LASF1:
 537 001b 756E7369 		.ascii	"unsigned char\000"
 537      676E6564 
 537      20636861 
 537      7200
 538              	.LASF25:
 539 0029 47656E65 		.ascii	"Generated_Source\\PSoC5\\counterShift_PM.c\000"
 539      72617465 
 539      645F536F 
 539      75726365 
 539      5C50536F 
 540              	.LASF27:
 541 0052 636F756E 		.ascii	"counterShift_backup\000"
 541      74657253 
 541      68696674 
 541      5F626163 
 541      6B757000 
 542              	.LASF12:
 543 0066 75696E74 		.ascii	"uint8\000"
 543      3800
 544              	.LASF5:
 545 006c 6C6F6E67 		.ascii	"long unsigned int\000"
 545      20756E73 
 545      69676E65 
 545      6420696E 
 545      7400
 546              	.LASF7:
 547 007e 6C6F6E67 		.ascii	"long long unsigned int\000"
 547      206C6F6E 
 547      6720756E 
 547      7369676E 
 547      65642069 
 548              	.LASF9:
 549 0095 666C6F61 		.ascii	"float\000"
 549      7400
ARM GAS  C:\Users\bryan.lee\AppData\Local\Temp\ccLYcEDw.s 			page 14


 550              	.LASF22:
 551 009b 636F756E 		.ascii	"counterShift_Sleep\000"
 551      74657253 
 551      68696674 
 551      5F536C65 
 551      657000
 552              	.LASF24:
 553 00ae 474E5520 		.ascii	"GNU C11 5.4.1 20160609 (release) [ARM/embedded-5-br"
 553      43313120 
 553      352E342E 
 553      31203230 
 553      31363036 
 554 00e1 616E6368 		.ascii	"anch revision 237715] -mcpu=cortex-m3 -mthumb -g -O"
 554      20726576 
 554      6973696F 
 554      6E203233 
 554      37373135 
 555 0114 30202D66 		.ascii	"0 -ffunction-sections -ffat-lto-objects\000"
 555      66756E63 
 555      74696F6E 
 555      2D736563 
 555      74696F6E 
 556              	.LASF18:
 557 013c 436F756E 		.ascii	"CounterControlRegister\000"
 557      74657243 
 557      6F6E7472 
 557      6F6C5265 
 557      67697374 
 558              	.LASF11:
 559 0153 63686172 		.ascii	"char\000"
 559      00
 560              	.LASF4:
 561 0158 6C6F6E67 		.ascii	"long int\000"
 561      20696E74 
 561      00
 562              	.LASF20:
 563 0161 636F756E 		.ascii	"counterShift_SaveConfig\000"
 563      74657253 
 563      68696674 
 563      5F536176 
 563      65436F6E 
 564              	.LASF16:
 565 0179 436F756E 		.ascii	"CounterEnableState\000"
 565      74657245 
 565      6E61626C 
 565      65537461 
 565      746500
 566              	.LASF10:
 567 018c 646F7562 		.ascii	"double\000"
 567      6C6500
 568              	.LASF3:
 569 0193 73686F72 		.ascii	"short unsigned int\000"
 569      7420756E 
 569      7369676E 
 569      65642069 
 569      6E7400
 570              	.LASF0:
ARM GAS  C:\Users\bryan.lee\AppData\Local\Temp\ccLYcEDw.s 			page 15


 571 01a6 7369676E 		.ascii	"signed char\000"
 571      65642063 
 571      68617200 
 572              	.LASF21:
 573 01b2 636F756E 		.ascii	"counterShift_RestoreConfig\000"
 573      74657253 
 573      68696674 
 573      5F526573 
 573      746F7265 
 574              	.LASF14:
 575 01cd 6C6F6E67 		.ascii	"long double\000"
 575      20646F75 
 575      626C6500 
 576              	.LASF23:
 577 01d9 636F756E 		.ascii	"counterShift_Wakeup\000"
 577      74657253 
 577      68696674 
 577      5F57616B 
 577      65757000 
 578              	.LASF2:
 579 01ed 73686F72 		.ascii	"short int\000"
 579      7420696E 
 579      7400
 580              	.LASF13:
 581 01f7 72656738 		.ascii	"reg8\000"
 581      00
 582              	.LASF17:
 583 01fc 436F756E 		.ascii	"CounterUdb\000"
 583      74657255 
 583      646200
 584              	.LASF26:
 585 0207 433A5C55 		.ascii	"C:\\Users\\bryan.lee\\Documents\\GitHub\\hello-worl"
 585      73657273 
 585      5C627279 
 585      616E2E6C 
 585      65655C44 
 586 0235 645C4379 		.ascii	"d\\Cypress\\Combine_4.0\\Combine.cydsn\000"
 586      70726573 
 586      735C436F 
 586      6D62696E 
 586      655F342E 
 587              	.LASF15:
 588 0259 73697A65 		.ascii	"sizetype\000"
 588      74797065 
 588      00
 589              	.LASF19:
 590 0262 636F756E 		.ascii	"counterShift_backupStruct\000"
 590      74657253 
 590      68696674 
 590      5F626163 
 590      6B757053 
 591              		.ident	"GCC: (GNU Tools for ARM Embedded Processors) 5.4.1 20160609 (release) [ARM/embedded-5-bran
