ARM GAS  C:\Users\bryan.lee\AppData\Local\Temp\ccie44dv.s 			page 1


   1              		.syntax unified
   2              		.cpu cortex-m3
   3              		.fpu softvfp
   4              		.eabi_attribute 20, 1
   5              		.eabi_attribute 21, 1
   6              		.eabi_attribute 23, 3
   7              		.eabi_attribute 24, 1
   8              		.eabi_attribute 25, 1
   9              		.eabi_attribute 26, 1
  10              		.eabi_attribute 30, 6
  11              		.eabi_attribute 34, 1
  12              		.eabi_attribute 18, 4
  13              		.thumb
  14              		.syntax unified
  15              		.file	"cymetadata.c"
  16              		.text
  17              	.Ltext0:
  18              		.cfi_sections	.debug_frame
  19              		.global	cy_meta_configecc
  20              		.section	.cyconfigecc,"a",%progbits
  21              		.align	2
  22              		.type	cy_meta_configecc, %object
  23              		.size	cy_meta_configecc, 1640
  24              	cy_meta_configecc:
  25 0000 02       		.byte	2
  26 0001 4F       		.byte	79
  27 0002 00       		.byte	0
  28 0003 40       		.byte	64
  29 0004 03       		.byte	3
  30 0005 52       		.byte	82
  31 0006 00       		.byte	0
  32 0007 40       		.byte	64
  33 0008 04       		.byte	4
  34 0009 64       		.byte	100
  35 000a 00       		.byte	0
  36 000b 40       		.byte	64
  37 000c 02       		.byte	2
  38 000d 65       		.byte	101
  39 000e 00       		.byte	0
  40 000f 40       		.byte	64
  41 0010 39       		.byte	57
  42 0011 00       		.byte	0
  43 0012 01       		.byte	1
  44 0013 40       		.byte	64
  45 0014 2D       		.byte	45
  46 0015 01       		.byte	1
  47 0016 01       		.byte	1
  48 0017 40       		.byte	64
  49 0018 0F       		.byte	15
  50 0019 03       		.byte	3
  51 001a 01       		.byte	1
  52 001b 40       		.byte	64
  53 001c 35       		.byte	53
  54 001d 04       		.byte	4
  55 001e 01       		.byte	1
  56 001f 40       		.byte	64
  57 0020 36       		.byte	54
ARM GAS  C:\Users\bryan.lee\AppData\Local\Temp\ccie44dv.s 			page 2


  58 0021 05       		.byte	5
  59 0022 01       		.byte	1
  60 0023 40       		.byte	64
  61 0024 48       		.byte	72
  62 0025 06       		.byte	6
  63 0026 01       		.byte	1
  64 0027 40       		.byte	64
  65 0028 3B       		.byte	59
  66 0029 07       		.byte	7
  67 002a 01       		.byte	1
  68 002b 40       		.byte	64
  69 002c 06       		.byte	6
  70 002d 0A       		.byte	10
  71 002e 01       		.byte	1
  72 002f 40       		.byte	64
  73 0030 04       		.byte	4
  74 0031 0B       		.byte	11
  75 0032 01       		.byte	1
  76 0033 40       		.byte	64
  77 0034 03       		.byte	3
  78 0035 0D       		.byte	13
  79 0036 01       		.byte	1
  80 0037 40       		.byte	64
  81 0038 01       		.byte	1
  82 0039 0F       		.byte	15
  83 003a 01       		.byte	1
  84 003b 40       		.byte	64
  85 003c 49       		.byte	73
  86 003d 14       		.byte	20
  87 003e 01       		.byte	1
  88 003f 40       		.byte	64
  89 0040 3E       		.byte	62
  90 0041 15       		.byte	21
  91 0042 01       		.byte	1
  92 0043 40       		.byte	64
  93 0044 38       		.byte	56
  94 0045 16       		.byte	22
  95 0046 01       		.byte	1
  96 0047 40       		.byte	64
  97 0048 39       		.byte	57
  98 0049 17       		.byte	23
  99 004a 01       		.byte	1
 100 004b 40       		.byte	64
 101 004c 04       		.byte	4
 102 004d 40       		.byte	64
 103 004e 01       		.byte	1
 104 004f 40       		.byte	64
 105 0050 0D       		.byte	13
 106 0051 41       		.byte	65
 107 0052 01       		.byte	1
 108 0053 40       		.byte	64
 109 0054 14       		.byte	20
 110 0055 42       		.byte	66
 111 0056 01       		.byte	1
 112 0057 40       		.byte	64
 113 0058 0B       		.byte	11
 114 0059 43       		.byte	67
ARM GAS  C:\Users\bryan.lee\AppData\Local\Temp\ccie44dv.s 			page 3


 115 005a 01       		.byte	1
 116 005b 40       		.byte	64
 117 005c 05       		.byte	5
 118 005d 44       		.byte	68
 119 005e 01       		.byte	1
 120 005f 40       		.byte	64
 121 0060 03       		.byte	3
 122 0061 45       		.byte	69
 123 0062 01       		.byte	1
 124 0063 40       		.byte	64
 125 0064 0E       		.byte	14
 126 0065 48       		.byte	72
 127 0066 01       		.byte	1
 128 0067 40       		.byte	64
 129 0068 12       		.byte	18
 130 0069 49       		.byte	73
 131 006a 01       		.byte	1
 132 006b 40       		.byte	64
 133 006c 0A       		.byte	10
 134 006d 50       		.byte	80
 135 006e 01       		.byte	1
 136 006f 40       		.byte	64
 137 0070 01       		.byte	1
 138 0071 51       		.byte	81
 139 0072 01       		.byte	1
 140 0073 40       		.byte	64
 141 0074 01       		.byte	1
 142 0075 10       		.byte	16
 143 0076 0A       		.byte	10
 144 0077 4B       		.byte	75
 145 0078 18       		.byte	24
 146 0079 80       		.byte	-128
 147 007a 19       		.byte	25
 148 007b 82       		.byte	-126
 149 007c 2C       		.byte	44
 150 007d 40       		.byte	64
 151 007e 80       		.byte	-128
 152 007f 77       		.byte	119
 153 0080 84       		.byte	-124
 154 0081 77       		.byte	119
 155 0082 85       		.byte	-123
 156 0083 02       		.byte	2
 157 0084 87       		.byte	-121
 158 0085 77       		.byte	119
 159 0086 84       		.byte	-124
 160 0087 0D       		.byte	13
 161 0088 87       		.byte	-121
 162 0089 01       		.byte	1
 163 008a 03       		.byte	3
 164 008b 08       		.byte	8
 165 008c 04       		.byte	4
 166 008d 02       		.byte	2
 167 008e 0A       		.byte	10
 168 008f 04       		.byte	4
 169 0090 0B       		.byte	11
 170 0091 02       		.byte	2
 171 0092 11       		.byte	17
ARM GAS  C:\Users\bryan.lee\AppData\Local\Temp\ccie44dv.s 			page 4


 172 0093 08       		.byte	8
 173 0094 12       		.byte	18
 174 0095 02       		.byte	2
 175 0096 14       		.byte	20
 176 0097 01       		.byte	1
 177 0098 17       		.byte	23
 178 0099 01       		.byte	1
 179 009a 1A       		.byte	26
 180 009b 01       		.byte	1
 181 009c 23       		.byte	35
 182 009d 01       		.byte	1
 183 009e 27       		.byte	39
 184 009f 0C       		.byte	12
 185 00a0 29       		.byte	41
 186 00a1 01       		.byte	1
 187 00a2 2A       		.byte	42
 188 00a3 02       		.byte	2
 189 00a4 30       		.byte	48
 190 00a5 01       		.byte	1
 191 00a6 31       		.byte	49
 192 00a7 04       		.byte	4
 193 00a8 32       		.byte	50
 194 00a9 02       		.byte	2
 195 00aa 33       		.byte	51
 196 00ab 08       		.byte	8
 197 00ac 34       		.byte	52
 198 00ad 04       		.byte	4
 199 00ae 35       		.byte	53
 200 00af 02       		.byte	2
 201 00b0 37       		.byte	55
 202 00b1 01       		.byte	1
 203 00b2 3E       		.byte	62
 204 00b3 05       		.byte	5
 205 00b4 3F       		.byte	63
 206 00b5 44       		.byte	68
 207 00b6 40       		.byte	64
 208 00b7 32       		.byte	50
 209 00b8 41       		.byte	65
 210 00b9 04       		.byte	4
 211 00ba 42       		.byte	66
 212 00bb 02       		.byte	2
 213 00bc 45       		.byte	69
 214 00bd 24       		.byte	36
 215 00be 46       		.byte	70
 216 00bf C0       		.byte	-64
 217 00c0 47       		.byte	71
 218 00c1 0E       		.byte	14
 219 00c2 48       		.byte	72
 220 00c3 1F       		.byte	31
 221 00c4 49       		.byte	73
 222 00c5 FF       		.byte	-1
 223 00c6 4A       		.byte	74
 224 00c7 FF       		.byte	-1
 225 00c8 4B       		.byte	75
 226 00c9 FF       		.byte	-1
 227 00ca 4D       		.byte	77
 228 00cb A0       		.byte	-96
ARM GAS  C:\Users\bryan.lee\AppData\Local\Temp\ccie44dv.s 			page 5


 229 00cc 4F       		.byte	79
 230 00cd 01       		.byte	1
 231 00ce 50       		.byte	80
 232 00cf 18       		.byte	24
 233 00d0 52       		.byte	82
 234 00d1 80       		.byte	-128
 235 00d2 54       		.byte	84
 236 00d3 17       		.byte	23
 237 00d4 58       		.byte	88
 238 00d5 04       		.byte	4
 239 00d6 59       		.byte	89
 240 00d7 04       		.byte	4
 241 00d8 5A       		.byte	90
 242 00d9 04       		.byte	4
 243 00da 5B       		.byte	91
 244 00db 04       		.byte	4
 245 00dc 5F       		.byte	95
 246 00dd 01       		.byte	1
 247 00de 60       		.byte	96
 248 00df 40       		.byte	64
 249 00e0 62       		.byte	98
 250 00e1 80       		.byte	-128
 251 00e2 64       		.byte	100
 252 00e3 40       		.byte	64
 253 00e4 65       		.byte	101
 254 00e5 40       		.byte	64
 255 00e6 66       		.byte	102
 256 00e7 80       		.byte	-128
 257 00e8 68       		.byte	104
 258 00e9 40       		.byte	64
 259 00ea 6A       		.byte	106
 260 00eb 50       		.byte	80
 261 00ec 6B       		.byte	107
 262 00ed A8       		.byte	-88
 263 00ee 6C       		.byte	108
 264 00ef 40       		.byte	64
 265 00f0 6D       		.byte	109
 266 00f1 20       		.byte	32
 267 00f2 6E       		.byte	110
 268 00f3 50       		.byte	80
 269 00f4 6F       		.byte	111
 270 00f5 A8       		.byte	-88
 271 00f6 D6       		.byte	-42
 272 00f7 08       		.byte	8
 273 00f8 DB       		.byte	-37
 274 00f9 04       		.byte	4
 275 00fa DD       		.byte	-35
 276 00fb 90       		.byte	-112
 277 00fc 00       		.byte	0
 278 00fd 04       		.byte	4
 279 00fe 03       		.byte	3
 280 00ff 04       		.byte	4
 281 0100 0A       		.byte	10
 282 0101 50       		.byte	80
 283 0102 0B       		.byte	11
 284 0103 08       		.byte	8
 285 0104 10       		.byte	16
ARM GAS  C:\Users\bryan.lee\AppData\Local\Temp\ccie44dv.s 			page 6


 286 0105 04       		.byte	4
 287 0106 18       		.byte	24
 288 0107 10       		.byte	16
 289 0108 19       		.byte	25
 290 0109 20       		.byte	32
 291 010a 1A       		.byte	26
 292 010b 80       		.byte	-128
 293 010c 20       		.byte	32
 294 010d 04       		.byte	4
 295 010e 21       		.byte	33
 296 010f 40       		.byte	64
 297 0110 22       		.byte	34
 298 0111 0A       		.byte	10
 299 0112 28       		.byte	40
 300 0113 20       		.byte	32
 301 0114 29       		.byte	41
 302 0115 21       		.byte	33
 303 0116 32       		.byte	50
 304 0117 02       		.byte	2
 305 0118 33       		.byte	51
 306 0119 04       		.byte	4
 307 011a 38       		.byte	56
 308 011b 02       		.byte	2
 309 011c 3B       		.byte	59
 310 011d 10       		.byte	16
 311 011e 40       		.byte	64
 312 011f 10       		.byte	16
 313 0120 42       		.byte	66
 314 0121 04       		.byte	4
 315 0122 43       		.byte	67
 316 0123 22       		.byte	34
 317 0124 48       		.byte	72
 318 0125 80       		.byte	-128
 319 0126 4B       		.byte	75
 320 0127 08       		.byte	8
 321 0128 50       		.byte	80
 322 0129 40       		.byte	64
 323 012a 51       		.byte	81
 324 012b 08       		.byte	8
 325 012c 52       		.byte	82
 326 012d 10       		.byte	16
 327 012e 5A       		.byte	90
 328 012f 88       		.byte	-120
 329 0130 5B       		.byte	91
 330 0131 10       		.byte	16
 331 0132 5F       		.byte	95
 332 0133 80       		.byte	-128
 333 0134 61       		.byte	97
 334 0135 08       		.byte	8
 335 0136 62       		.byte	98
 336 0137 90       		.byte	-112
 337 0138 67       		.byte	103
 338 0139 01       		.byte	1
 339 013a 71       		.byte	113
 340 013b 01       		.byte	1
 341 013c 80       		.byte	-128
 342 013d 80       		.byte	-128
ARM GAS  C:\Users\bryan.lee\AppData\Local\Temp\ccie44dv.s 			page 7


 343 013e 82       		.byte	-126
 344 013f 80       		.byte	-128
 345 0140 83       		.byte	-125
 346 0141 34       		.byte	52
 347 0142 C0       		.byte	-64
 348 0143 06       		.byte	6
 349 0144 C2       		.byte	-62
 350 0145 0E       		.byte	14
 351 0146 C4       		.byte	-60
 352 0147 02       		.byte	2
 353 0148 CA       		.byte	-54
 354 0149 07       		.byte	7
 355 014a CC       		.byte	-52
 356 014b 03       		.byte	3
 357 014c CE       		.byte	-50
 358 014d 05       		.byte	5
 359 014e D0       		.byte	-48
 360 014f 07       		.byte	7
 361 0150 D6       		.byte	-42
 362 0151 1E       		.byte	30
 363 0152 D8       		.byte	-40
 364 0153 1E       		.byte	30
 365 0154 E2       		.byte	-30
 366 0155 01       		.byte	1
 367 0156 08       		.byte	8
 368 0157 40       		.byte	64
 369 0158 0B       		.byte	11
 370 0159 01       		.byte	1
 371 015a 8B       		.byte	-117
 372 015b 02       		.byte	2
 373 015c 90       		.byte	-112
 374 015d 80       		.byte	-128
 375 015e 91       		.byte	-111
 376 015f 80       		.byte	-128
 377 0160 93       		.byte	-109
 378 0161 09       		.byte	9
 379 0162 94       		.byte	-108
 380 0163 02       		.byte	2
 381 0164 96       		.byte	-106
 382 0165 5C       		.byte	92
 383 0166 9F       		.byte	-97
 384 0167 80       		.byte	-128
 385 0168 A2       		.byte	-94
 386 0169 88       		.byte	-120
 387 016a A7       		.byte	-89
 388 016b 02       		.byte	2
 389 016c A8       		.byte	-88
 390 016d 20       		.byte	32
 391 016e B0       		.byte	-80
 392 016f 04       		.byte	4
 393 0170 B3       		.byte	-77
 394 0171 10       		.byte	16
 395 0172 EE       		.byte	-18
 396 0173 04       		.byte	4
 397 0174 02       		.byte	2
 398 0175 02       		.byte	2
 399 0176 09       		.byte	9
ARM GAS  C:\Users\bryan.lee\AppData\Local\Temp\ccie44dv.s 			page 8


 400 0177 01       		.byte	1
 401 0178 0F       		.byte	15
 402 0179 09       		.byte	9
 403 017a 1A       		.byte	26
 404 017b 01       		.byte	1
 405 017c 20       		.byte	32
 406 017d 02       		.byte	2
 407 017e 23       		.byte	35
 408 017f 04       		.byte	4
 409 0180 2F       		.byte	47
 410 0181 02       		.byte	2
 411 0182 30       		.byte	48
 412 0183 02       		.byte	2
 413 0184 31       		.byte	49
 414 0185 02       		.byte	2
 415 0186 32       		.byte	50
 416 0187 01       		.byte	1
 417 0188 33       		.byte	51
 418 0189 01       		.byte	1
 419 018a 35       		.byte	53
 420 018b 08       		.byte	8
 421 018c 37       		.byte	55
 422 018d 04       		.byte	4
 423 018e 3E       		.byte	62
 424 018f 01       		.byte	1
 425 0190 3F       		.byte	63
 426 0191 04       		.byte	4
 427 0192 40       		.byte	64
 428 0193 16       		.byte	22
 429 0194 41       		.byte	65
 430 0195 04       		.byte	4
 431 0196 42       		.byte	66
 432 0197 02       		.byte	2
 433 0198 45       		.byte	69
 434 0199 40       		.byte	64
 435 019a 46       		.byte	70
 436 019b C2       		.byte	-62
 437 019c 47       		.byte	71
 438 019d 0E       		.byte	14
 439 019e 48       		.byte	72
 440 019f 1F       		.byte	31
 441 01a0 49       		.byte	73
 442 01a1 FF       		.byte	-1
 443 01a2 4A       		.byte	74
 444 01a3 FF       		.byte	-1
 445 01a4 4B       		.byte	75
 446 01a5 FF       		.byte	-1
 447 01a6 4D       		.byte	77
 448 01a7 A0       		.byte	-96
 449 01a8 4F       		.byte	79
 450 01a9 01       		.byte	1
 451 01aa 50       		.byte	80
 452 01ab 18       		.byte	24
 453 01ac 52       		.byte	82
 454 01ad 80       		.byte	-128
 455 01ae 54       		.byte	84
 456 01af 17       		.byte	23
ARM GAS  C:\Users\bryan.lee\AppData\Local\Temp\ccie44dv.s 			page 9


 457 01b0 58       		.byte	88
 458 01b1 04       		.byte	4
 459 01b2 59       		.byte	89
 460 01b3 04       		.byte	4
 461 01b4 5A       		.byte	90
 462 01b5 04       		.byte	4
 463 01b6 5B       		.byte	91
 464 01b7 04       		.byte	4
 465 01b8 5F       		.byte	95
 466 01b9 01       		.byte	1
 467 01ba 60       		.byte	96
 468 01bb 40       		.byte	64
 469 01bc 62       		.byte	98
 470 01bd 80       		.byte	-128
 471 01be 64       		.byte	100
 472 01bf 40       		.byte	64
 473 01c0 65       		.byte	101
 474 01c1 40       		.byte	64
 475 01c2 66       		.byte	102
 476 01c3 80       		.byte	-128
 477 01c4 68       		.byte	104
 478 01c5 40       		.byte	64
 479 01c6 6A       		.byte	106
 480 01c7 50       		.byte	80
 481 01c8 6B       		.byte	107
 482 01c9 A8       		.byte	-88
 483 01ca 6C       		.byte	108
 484 01cb 40       		.byte	64
 485 01cc 6D       		.byte	109
 486 01cd 20       		.byte	32
 487 01ce 6E       		.byte	110
 488 01cf 50       		.byte	80
 489 01d0 6F       		.byte	111
 490 01d1 A8       		.byte	-88
 491 01d2 D2       		.byte	-46
 492 01d3 01       		.byte	1
 493 01d4 D4       		.byte	-44
 494 01d5 02       		.byte	2
 495 01d6 D6       		.byte	-42
 496 01d7 04       		.byte	4
 497 01d8 DB       		.byte	-37
 498 01d9 04       		.byte	4
 499 01da DD       		.byte	-35
 500 01db 10       		.byte	16
 501 01dc DF       		.byte	-33
 502 01dd 01       		.byte	1
 503 01de 01       		.byte	1
 504 01df 02       		.byte	2
 505 01e0 0B       		.byte	11
 506 01e1 08       		.byte	8
 507 01e2 13       		.byte	19
 508 01e3 02       		.byte	2
 509 01e4 1A       		.byte	26
 510 01e5 90       		.byte	-112
 511 01e6 21       		.byte	33
 512 01e7 10       		.byte	16
 513 01e8 22       		.byte	34
ARM GAS  C:\Users\bryan.lee\AppData\Local\Temp\ccie44dv.s 			page 10


 514 01e9 06       		.byte	6
 515 01ea 23       		.byte	35
 516 01eb 02       		.byte	2
 517 01ec 29       		.byte	41
 518 01ed 02       		.byte	2
 519 01ee 2A       		.byte	42
 520 01ef 40       		.byte	64
 521 01f0 38       		.byte	56
 522 01f1 80       		.byte	-128
 523 01f2 39       		.byte	57
 524 01f3 20       		.byte	32
 525 01f4 40       		.byte	64
 526 01f5 10       		.byte	16
 527 01f6 41       		.byte	65
 528 01f7 44       		.byte	68
 529 01f8 42       		.byte	66
 530 01f9 04       		.byte	4
 531 01fa 43       		.byte	67
 532 01fb 02       		.byte	2
 533 01fc 48       		.byte	72
 534 01fd 28       		.byte	40
 535 01fe 49       		.byte	73
 536 01ff 02       		.byte	2
 537 0200 51       		.byte	81
 538 0201 88       		.byte	-120
 539 0202 52       		.byte	82
 540 0203 10       		.byte	16
 541 0204 58       		.byte	88
 542 0205 10       		.byte	16
 543 0206 59       		.byte	89
 544 0207 04       		.byte	4
 545 0208 5A       		.byte	90
 546 0209 80       		.byte	-128
 547 020a 5C       		.byte	92
 548 020b 10       		.byte	16
 549 020c 5E       		.byte	94
 550 020d 01       		.byte	1
 551 020e 61       		.byte	97
 552 020f 08       		.byte	8
 553 0210 62       		.byte	98
 554 0211 90       		.byte	-112
 555 0212 66       		.byte	102
 556 0213 28       		.byte	40
 557 0214 67       		.byte	103
 558 0215 81       		.byte	-127
 559 0216 6D       		.byte	109
 560 0217 80       		.byte	-128
 561 0218 72       		.byte	114
 562 0219 40       		.byte	64
 563 021a 84       		.byte	-124
 564 021b 10       		.byte	16
 565 021c 85       		.byte	-123
 566 021d 80       		.byte	-128
 567 021e 8B       		.byte	-117
 568 021f 40       		.byte	64
 569 0220 90       		.byte	-112
 570 0221 80       		.byte	-128
ARM GAS  C:\Users\bryan.lee\AppData\Local\Temp\ccie44dv.s 			page 11


 571 0222 91       		.byte	-111
 572 0223 80       		.byte	-128
 573 0224 93       		.byte	-109
 574 0225 48       		.byte	72
 575 0226 94       		.byte	-108
 576 0227 02       		.byte	2
 577 0228 96       		.byte	-106
 578 0229 5C       		.byte	92
 579 022a 98       		.byte	-104
 580 022b 40       		.byte	64
 581 022c A2       		.byte	-94
 582 022d 88       		.byte	-120
 583 022e A3       		.byte	-93
 584 022f 02       		.byte	2
 585 0230 AB       		.byte	-85
 586 0231 80       		.byte	-128
 587 0232 AF       		.byte	-81
 588 0233 40       		.byte	64
 589 0234 C0       		.byte	-64
 590 0235 08       		.byte	8
 591 0236 C2       		.byte	-62
 592 0237 02       		.byte	2
 593 0238 C4       		.byte	-60
 594 0239 08       		.byte	8
 595 023a CA       		.byte	-54
 596 023b 09       		.byte	9
 597 023c CE       		.byte	-50
 598 023d 0C       		.byte	12
 599 023e D0       		.byte	-48
 600 023f 0D       		.byte	13
 601 0240 D2       		.byte	-46
 602 0241 04       		.byte	4
 603 0242 D6       		.byte	-42
 604 0243 AE       		.byte	-82
 605 0244 D8       		.byte	-40
 606 0245 FE       		.byte	-2
 607 0246 E2       		.byte	-30
 608 0247 01       		.byte	1
 609 0248 E6       		.byte	-26
 610 0249 80       		.byte	-128
 611 024a 41       		.byte	65
 612 024b 01       		.byte	1
 613 024c 42       		.byte	66
 614 024d 20       		.byte	32
 615 024e 44       		.byte	68
 616 024f 04       		.byte	4
 617 0250 45       		.byte	69
 618 0251 E0       		.byte	-32
 619 0252 46       		.byte	70
 620 0253 DC       		.byte	-36
 621 0254 47       		.byte	71
 622 0255 0F       		.byte	15
 623 0256 48       		.byte	72
 624 0257 1E       		.byte	30
 625 0258 49       		.byte	73
 626 0259 FF       		.byte	-1
 627 025a 4A       		.byte	74
ARM GAS  C:\Users\bryan.lee\AppData\Local\Temp\ccie44dv.s 			page 12


 628 025b FF       		.byte	-1
 629 025c 4B       		.byte	75
 630 025d FF       		.byte	-1
 631 025e 4C       		.byte	76
 632 025f EA       		.byte	-22
 633 0260 4D       		.byte	77
 634 0261 55       		.byte	85
 635 0262 4E       		.byte	78
 636 0263 F0       		.byte	-16
 637 0264 4F       		.byte	79
 638 0265 08       		.byte	8
 639 0266 50       		.byte	80
 640 0267 1C       		.byte	28
 641 0268 56       		.byte	86
 642 0269 08       		.byte	8
 643 026a 5A       		.byte	90
 644 026b 04       		.byte	4
 645 026c 5B       		.byte	91
 646 026d 04       		.byte	4
 647 026e 5D       		.byte	93
 648 026f 91       		.byte	-111
 649 0270 5F       		.byte	95
 650 0271 01       		.byte	1
 651 0272 61       		.byte	97
 652 0273 08       		.byte	8
 653 0274 63       		.byte	99
 654 0275 08       		.byte	8
 655 0276 65       		.byte	101
 656 0277 08       		.byte	8
 657 0278 67       		.byte	103
 658 0279 08       		.byte	8
 659 027a 68       		.byte	104
 660 027b 50       		.byte	80
 661 027c 69       		.byte	105
 662 027d 09       		.byte	9
 663 027e 6A       		.byte	106
 664 027f 40       		.byte	64
 665 0280 6B       		.byte	107
 666 0281 A8       		.byte	-88
 667 0282 6C       		.byte	108
 668 0283 C0       		.byte	-64
 669 0284 6E       		.byte	110
 670 0285 40       		.byte	64
 671 0286 6F       		.byte	111
 672 0287 A8       		.byte	-88
 673 0288 8F       		.byte	-113
 674 0289 02       		.byte	2
 675 028a 91       		.byte	-111
 676 028b 02       		.byte	2
 677 028c 9C       		.byte	-100
 678 028d 01       		.byte	1
 679 028e A1       		.byte	-95
 680 028f 01       		.byte	1
 681 0290 AD       		.byte	-83
 682 0291 01       		.byte	1
 683 0292 B3       		.byte	-77
 684 0293 02       		.byte	2
ARM GAS  C:\Users\bryan.lee\AppData\Local\Temp\ccie44dv.s 			page 13


 685 0294 B6       		.byte	-74
 686 0295 01       		.byte	1
 687 0296 B7       		.byte	-73
 688 0297 01       		.byte	1
 689 0298 BF       		.byte	-65
 690 0299 44       		.byte	68
 691 029a C0       		.byte	-64
 692 029b 62       		.byte	98
 693 029c C1       		.byte	-63
 694 029d 04       		.byte	4
 695 029e C2       		.byte	-62
 696 029f 02       		.byte	2
 697 02a0 C5       		.byte	-59
 698 02a1 52       		.byte	82
 699 02a2 C6       		.byte	-58
 700 02a3 C0       		.byte	-64
 701 02a4 C7       		.byte	-57
 702 02a5 0E       		.byte	14
 703 02a6 C8       		.byte	-56
 704 02a7 1F       		.byte	31
 705 02a8 C9       		.byte	-55
 706 02a9 FF       		.byte	-1
 707 02aa CA       		.byte	-54
 708 02ab FF       		.byte	-1
 709 02ac CB       		.byte	-53
 710 02ad FF       		.byte	-1
 711 02ae CD       		.byte	-51
 712 02af A0       		.byte	-96
 713 02b0 CF       		.byte	-49
 714 02b1 01       		.byte	1
 715 02b2 D0       		.byte	-48
 716 02b3 18       		.byte	24
 717 02b4 D2       		.byte	-46
 718 02b5 80       		.byte	-128
 719 02b6 D4       		.byte	-44
 720 02b7 17       		.byte	23
 721 02b8 D8       		.byte	-40
 722 02b9 04       		.byte	4
 723 02ba D9       		.byte	-39
 724 02bb 04       		.byte	4
 725 02bc DA       		.byte	-38
 726 02bd 04       		.byte	4
 727 02be DB       		.byte	-37
 728 02bf 04       		.byte	4
 729 02c0 DF       		.byte	-33
 730 02c1 01       		.byte	1
 731 02c2 E0       		.byte	-32
 732 02c3 40       		.byte	64
 733 02c4 E2       		.byte	-30
 734 02c5 80       		.byte	-128
 735 02c6 E4       		.byte	-28
 736 02c7 40       		.byte	64
 737 02c8 E5       		.byte	-27
 738 02c9 40       		.byte	64
 739 02ca E6       		.byte	-26
 740 02cb 80       		.byte	-128
 741 02cc E8       		.byte	-24
ARM GAS  C:\Users\bryan.lee\AppData\Local\Temp\ccie44dv.s 			page 14


 742 02cd 40       		.byte	64
 743 02ce EA       		.byte	-22
 744 02cf 50       		.byte	80
 745 02d0 EB       		.byte	-21
 746 02d1 A8       		.byte	-88
 747 02d2 EC       		.byte	-20
 748 02d3 40       		.byte	64
 749 02d4 ED       		.byte	-19
 750 02d5 20       		.byte	32
 751 02d6 EE       		.byte	-18
 752 02d7 50       		.byte	80
 753 02d8 EF       		.byte	-17
 754 02d9 A8       		.byte	-88
 755 02da 0B       		.byte	11
 756 02db 02       		.byte	2
 757 02dc 0D       		.byte	13
 758 02dd 80       		.byte	-128
 759 02de 0E       		.byte	14
 760 02df 01       		.byte	1
 761 02e0 19       		.byte	25
 762 02e1 40       		.byte	64
 763 02e2 22       		.byte	34
 764 02e3 44       		.byte	68
 765 02e4 29       		.byte	41
 766 02e5 41       		.byte	65
 767 02e6 32       		.byte	50
 768 02e7 02       		.byte	2
 769 02e8 38       		.byte	56
 770 02e9 80       		.byte	-128
 771 02ea 3C       		.byte	60
 772 02eb 20       		.byte	32
 773 02ec 3E       		.byte	62
 774 02ed 10       		.byte	16
 775 02ee 42       		.byte	66
 776 02ef 04       		.byte	4
 777 02f0 43       		.byte	67
 778 02f1 02       		.byte	2
 779 02f2 45       		.byte	69
 780 02f3 40       		.byte	64
 781 02f4 46       		.byte	70
 782 02f5 84       		.byte	-124
 783 02f6 48       		.byte	72
 784 02f7 10       		.byte	16
 785 02f8 49       		.byte	73
 786 02f9 01       		.byte	1
 787 02fa 4A       		.byte	74
 788 02fb 08       		.byte	8
 789 02fc 4B       		.byte	75
 790 02fd 02       		.byte	2
 791 02fe 4F       		.byte	79
 792 02ff 01       		.byte	1
 793 0300 50       		.byte	80
 794 0301 40       		.byte	64
 795 0302 51       		.byte	81
 796 0303 08       		.byte	8
 797 0304 52       		.byte	82
 798 0305 50       		.byte	80
ARM GAS  C:\Users\bryan.lee\AppData\Local\Temp\ccie44dv.s 			page 15


 799 0306 55       		.byte	85
 800 0307 80       		.byte	-128
 801 0308 56       		.byte	86
 802 0309 28       		.byte	40
 803 030a 5A       		.byte	90
 804 030b 98       		.byte	-104
 805 030c 5C       		.byte	92
 806 030d 08       		.byte	8
 807 030e 5D       		.byte	93
 808 030f 12       		.byte	18
 809 0310 5E       		.byte	94
 810 0311 80       		.byte	-128
 811 0312 61       		.byte	97
 812 0313 08       		.byte	8
 813 0314 62       		.byte	98
 814 0315 90       		.byte	-112
 815 0316 65       		.byte	101
 816 0317 28       		.byte	40
 817 0318 66       		.byte	102
 818 0319 81       		.byte	-127
 819 031a 70       		.byte	112
 820 031b 01       		.byte	1
 821 031c 89       		.byte	-119
 822 031d 10       		.byte	16
 823 031e 91       		.byte	-111
 824 031f 08       		.byte	8
 825 0320 93       		.byte	-109
 826 0321 40       		.byte	64
 827 0322 94       		.byte	-108
 828 0323 02       		.byte	2
 829 0324 96       		.byte	-106
 830 0325 05       		.byte	5
 831 0326 97       		.byte	-105
 832 0327 01       		.byte	1
 833 0328 98       		.byte	-104
 834 0329 42       		.byte	66
 835 032a 9D       		.byte	-99
 836 032b 04       		.byte	4
 837 032c 9E       		.byte	-98
 838 032d 68       		.byte	104
 839 032e A0       		.byte	-96
 840 032f 20       		.byte	32
 841 0330 A1       		.byte	-95
 842 0331 40       		.byte	64
 843 0332 A2       		.byte	-94
 844 0333 8A       		.byte	-118
 845 0334 A3       		.byte	-93
 846 0335 02       		.byte	2
 847 0336 A4       		.byte	-92
 848 0337 08       		.byte	8
 849 0338 AD       		.byte	-83
 850 0339 04       		.byte	4
 851 033a B4       		.byte	-76
 852 033b 02       		.byte	2
 853 033c C2       		.byte	-62
 854 033d 01       		.byte	1
 855 033e CA       		.byte	-54
ARM GAS  C:\Users\bryan.lee\AppData\Local\Temp\ccie44dv.s 			page 16


 856 033f 09       		.byte	9
 857 0340 CC       		.byte	-52
 858 0341 01       		.byte	1
 859 0342 CE       		.byte	-50
 860 0343 08       		.byte	8
 861 0344 D0       		.byte	-48
 862 0345 B5       		.byte	-75
 863 0346 D2       		.byte	-46
 864 0347 04       		.byte	4
 865 0348 D6       		.byte	-42
 866 0349 FE       		.byte	-2
 867 034a D8       		.byte	-40
 868 034b FE       		.byte	-2
 869 034c E0       		.byte	-32
 870 034d 80       		.byte	-128
 871 034e E8       		.byte	-24
 872 034f 10       		.byte	16
 873 0350 B8       		.byte	-72
 874 0351 08       		.byte	8
 875 0352 BE       		.byte	-66
 876 0353 04       		.byte	4
 877 0354 BF       		.byte	-65
 878 0355 04       		.byte	4
 879 0356 D8       		.byte	-40
 880 0357 04       		.byte	4
 881 0358 D9       		.byte	-39
 882 0359 04       		.byte	4
 883 035a DF       		.byte	-33
 884 035b 01       		.byte	1
 885 035c 1C       		.byte	28
 886 035d 20       		.byte	32
 887 035e 27       		.byte	39
 888 035f 20       		.byte	32
 889 0360 83       		.byte	-125
 890 0361 20       		.byte	32
 891 0362 A4       		.byte	-92
 892 0363 10       		.byte	16
 893 0364 88       		.byte	-120
 894 0365 10       		.byte	16
 895 0366 E6       		.byte	-26
 896 0367 80       		.byte	-128
 897 0368 EE       		.byte	-18
 898 0369 84       		.byte	-124
 899 036a E2       		.byte	-30
 900 036b 01       		.byte	1
 901 036c 06       		.byte	6
 902 036d 04       		.byte	4
 903 036e 07       		.byte	7
 904 036f 01       		.byte	1
 905 0370 0C       		.byte	12
 906 0371 04       		.byte	4
 907 0372 13       		.byte	19
 908 0373 04       		.byte	4
 909 0374 14       		.byte	20
 910 0375 02       		.byte	2
 911 0376 19       		.byte	25
 912 0377 02       		.byte	2
ARM GAS  C:\Users\bryan.lee\AppData\Local\Temp\ccie44dv.s 			page 17


 913 0378 1A       		.byte	26
 914 0379 02       		.byte	2
 915 037a 1D       		.byte	29
 916 037b 02       		.byte	2
 917 037c 26       		.byte	38
 918 037d 08       		.byte	8
 919 037e 2B       		.byte	43
 920 037f 04       		.byte	4
 921 0380 2E       		.byte	46
 922 0381 01       		.byte	1
 923 0382 30       		.byte	48
 924 0383 0C       		.byte	12
 925 0384 31       		.byte	49
 926 0385 01       		.byte	1
 927 0386 32       		.byte	50
 928 0387 01       		.byte	1
 929 0388 33       		.byte	51
 930 0389 04       		.byte	4
 931 038a 34       		.byte	52
 932 038b 02       		.byte	2
 933 038c 37       		.byte	55
 934 038d 02       		.byte	2
 935 038e 3E       		.byte	62
 936 038f 01       		.byte	1
 937 0390 3F       		.byte	63
 938 0391 04       		.byte	4
 939 0392 40       		.byte	64
 940 0393 30       		.byte	48
 941 0394 41       		.byte	65
 942 0395 04       		.byte	4
 943 0396 49       		.byte	73
 944 0397 FF       		.byte	-1
 945 0398 4A       		.byte	74
 946 0399 FF       		.byte	-1
 947 039a 4B       		.byte	75
 948 039b FF       		.byte	-1
 949 039c 4D       		.byte	77
 950 039d A0       		.byte	-96
 951 039e 4F       		.byte	79
 952 039f 04       		.byte	4
 953 03a0 50       		.byte	80
 954 03a1 18       		.byte	24
 955 03a2 52       		.byte	82
 956 03a3 80       		.byte	-128
 957 03a4 54       		.byte	84
 958 03a5 05       		.byte	5
 959 03a6 56       		.byte	86
 960 03a7 04       		.byte	4
 961 03a8 58       		.byte	88
 962 03a9 04       		.byte	4
 963 03aa 59       		.byte	89
 964 03ab 04       		.byte	4
 965 03ac 5A       		.byte	90
 966 03ad 04       		.byte	4
 967 03ae 5B       		.byte	91
 968 03af 04       		.byte	4
 969 03b0 5F       		.byte	95
ARM GAS  C:\Users\bryan.lee\AppData\Local\Temp\ccie44dv.s 			page 18


 970 03b1 01       		.byte	1
 971 03b2 60       		.byte	96
 972 03b3 40       		.byte	64
 973 03b4 62       		.byte	98
 974 03b5 C0       		.byte	-64
 975 03b6 64       		.byte	100
 976 03b7 40       		.byte	64
 977 03b8 65       		.byte	101
 978 03b9 40       		.byte	64
 979 03ba 66       		.byte	102
 980 03bb C0       		.byte	-64
 981 03bc 68       		.byte	104
 982 03bd C0       		.byte	-64
 983 03be 6A       		.byte	106
 984 03bf C0       		.byte	-64
 985 03c0 6C       		.byte	108
 986 03c1 C0       		.byte	-64
 987 03c2 6E       		.byte	110
 988 03c3 C0       		.byte	-64
 989 03c4 85       		.byte	-123
 990 03c5 01       		.byte	1
 991 03c6 B7       		.byte	-73
 992 03c7 01       		.byte	1
 993 03c8 C0       		.byte	-64
 994 03c9 30       		.byte	48
 995 03ca C1       		.byte	-63
 996 03cb 04       		.byte	4
 997 03cc C5       		.byte	-59
 998 03cd D1       		.byte	-47
 999 03ce C7       		.byte	-57
 1000 03cf 20       		.byte	32
 1001 03d0 C8       		.byte	-56
 1002 03d1 23       		.byte	35
 1003 03d2 C9       		.byte	-55
 1004 03d3 FF       		.byte	-1
 1005 03d4 CA       		.byte	-54
 1006 03d5 FF       		.byte	-1
 1007 03d6 CB       		.byte	-53
 1008 03d7 FF       		.byte	-1
 1009 03d8 CD       		.byte	-51
 1010 03d9 AF       		.byte	-81
 1011 03da CE       		.byte	-50
 1012 03db 0F       		.byte	15
 1013 03dc CF       		.byte	-49
 1014 03dd 04       		.byte	4
 1015 03de D0       		.byte	-48
 1016 03df 18       		.byte	24
 1017 03e0 D6       		.byte	-42
 1018 03e1 08       		.byte	8
 1019 03e2 D9       		.byte	-39
 1020 03e3 04       		.byte	4
 1021 03e4 DA       		.byte	-38
 1022 03e5 04       		.byte	4
 1023 03e6 DB       		.byte	-37
 1024 03e7 04       		.byte	4
 1025 03e8 DD       		.byte	-35
 1026 03e9 90       		.byte	-112
ARM GAS  C:\Users\bryan.lee\AppData\Local\Temp\ccie44dv.s 			page 19


 1027 03ea DF       		.byte	-33
 1028 03eb 01       		.byte	1
 1029 03ec E0       		.byte	-32
 1030 03ed 40       		.byte	64
 1031 03ee E2       		.byte	-30
 1032 03ef C0       		.byte	-64
 1033 03f0 E4       		.byte	-28
 1034 03f1 40       		.byte	64
 1035 03f2 E5       		.byte	-27
 1036 03f3 40       		.byte	64
 1037 03f4 E6       		.byte	-26
 1038 03f5 C0       		.byte	-64
 1039 03f6 E8       		.byte	-24
 1040 03f7 C0       		.byte	-64
 1041 03f8 EA       		.byte	-22
 1042 03f9 C0       		.byte	-64
 1043 03fa EC       		.byte	-20
 1044 03fb C0       		.byte	-64
 1045 03fc EE       		.byte	-18
 1046 03fd C0       		.byte	-64
 1047 03fe 00       		.byte	0
 1048 03ff 84       		.byte	-124
 1049 0400 08       		.byte	8
 1050 0401 20       		.byte	32
 1051 0402 0A       		.byte	10
 1052 0403 20       		.byte	32
 1053 0404 10       		.byte	16
 1054 0405 20       		.byte	32
 1055 0406 13       		.byte	19
 1056 0407 80       		.byte	-128
 1057 0408 18       		.byte	24
 1058 0409 84       		.byte	-124
 1059 040a 1B       		.byte	27
 1060 040b 08       		.byte	8
 1061 040c 20       		.byte	32
 1062 040d 80       		.byte	-128
 1063 040e 22       		.byte	34
 1064 040f 44       		.byte	68
 1065 0410 25       		.byte	37
 1066 0411 80       		.byte	-128
 1067 0412 2B       		.byte	43
 1068 0413 08       		.byte	8
 1069 0414 31       		.byte	49
 1070 0415 82       		.byte	-126
 1071 0416 32       		.byte	50
 1072 0417 10       		.byte	16
 1073 0418 38       		.byte	56
 1074 0419 04       		.byte	4
 1075 041a 3D       		.byte	61
 1076 041b 04       		.byte	4
 1077 041c 40       		.byte	64
 1078 041d 20       		.byte	32
 1079 041e 41       		.byte	65
 1080 041f 02       		.byte	2
 1081 0420 43       		.byte	67
 1082 0421 08       		.byte	8
 1083 0422 44       		.byte	68
ARM GAS  C:\Users\bryan.lee\AppData\Local\Temp\ccie44dv.s 			page 20


 1084 0423 20       		.byte	32
 1085 0424 45       		.byte	69
 1086 0425 02       		.byte	2
 1087 0426 4D       		.byte	77
 1088 0427 06       		.byte	6
 1089 0428 4E       		.byte	78
 1090 0429 10       		.byte	16
 1091 042a 55       		.byte	85
 1092 042b 02       		.byte	2
 1093 042c 59       		.byte	89
 1094 042d 02       		.byte	2
 1095 042e 5A       		.byte	90
 1096 042f 88       		.byte	-120
 1097 0430 5C       		.byte	92
 1098 0431 0A       		.byte	10
 1099 0432 5F       		.byte	95
 1100 0433 60       		.byte	96
 1101 0434 61       		.byte	97
 1102 0435 01       		.byte	1
 1103 0436 64       		.byte	100
 1104 0437 80       		.byte	-128
 1105 0438 65       		.byte	101
 1106 0439 80       		.byte	-128
 1107 043a 66       		.byte	102
 1108 043b 24       		.byte	36
 1109 043c 73       		.byte	115
 1110 043d 80       		.byte	-128
 1111 043e 80       		.byte	-128
 1112 043f 80       		.byte	-128
 1113 0440 82       		.byte	-126
 1114 0441 0C       		.byte	12
 1115 0442 83       		.byte	-125
 1116 0443 01       		.byte	1
 1117 0444 86       		.byte	-122
 1118 0445 61       		.byte	97
 1119 0446 8C       		.byte	-116
 1120 0447 08       		.byte	8
 1121 0448 8D       		.byte	-115
 1122 0449 01       		.byte	1
 1123 044a 93       		.byte	-109
 1124 044b 40       		.byte	64
 1125 044c 94       		.byte	-108
 1126 044d 84       		.byte	-124
 1127 044e 96       		.byte	-106
 1128 044f 01       		.byte	1
 1129 0450 97       		.byte	-105
 1130 0451 01       		.byte	1
 1131 0452 98       		.byte	-104
 1132 0453 02       		.byte	2
 1133 0454 9B       		.byte	-101
 1134 0455 20       		.byte	32
 1135 0456 9D       		.byte	-99
 1136 0457 80       		.byte	-128
 1137 0458 9E       		.byte	-98
 1138 0459 08       		.byte	8
 1139 045a A0       		.byte	-96
 1140 045b 20       		.byte	32
ARM GAS  C:\Users\bryan.lee\AppData\Local\Temp\ccie44dv.s 			page 21


 1141 045c A4       		.byte	-92
 1142 045d 40       		.byte	64
 1143 045e A6       		.byte	-90
 1144 045f 40       		.byte	64
 1145 0460 AA       		.byte	-86
 1146 0461 21       		.byte	33
 1147 0462 AB       		.byte	-85
 1148 0463 20       		.byte	32
 1149 0464 C0       		.byte	-64
 1150 0465 05       		.byte	5
 1151 0466 C2       		.byte	-62
 1152 0467 06       		.byte	6
 1153 0468 C4       		.byte	-60
 1154 0469 05       		.byte	5
 1155 046a CA       		.byte	-54
 1156 046b 04       		.byte	4
 1157 046c CC       		.byte	-52
 1158 046d 0D       		.byte	13
 1159 046e CE       		.byte	-50
 1160 046f 42       		.byte	66
 1161 0470 D0       		.byte	-48
 1162 0471 C3       		.byte	-61
 1163 0472 D6       		.byte	-42
 1164 0473 FB       		.byte	-5
 1165 0474 D8       		.byte	-40
 1166 0475 F1       		.byte	-15
 1167 0476 E0       		.byte	-32
 1168 0477 40       		.byte	64
 1169 0478 E6       		.byte	-26
 1170 0479 40       		.byte	64
 1171 047a 05       		.byte	5
 1172 047b 01       		.byte	1
 1173 047c 33       		.byte	51
 1174 047d 01       		.byte	1
 1175 047e 3F       		.byte	63
 1176 047f 04       		.byte	4
 1177 0480 59       		.byte	89
 1178 0481 04       		.byte	4
 1179 0482 5B       		.byte	91
 1180 0483 04       		.byte	4
 1181 0484 5F       		.byte	95
 1182 0485 01       		.byte	1
 1183 0486 86       		.byte	-122
 1184 0487 04       		.byte	4
 1185 0488 87       		.byte	-121
 1186 0489 02       		.byte	2
 1187 048a 8C       		.byte	-116
 1188 048b 04       		.byte	4
 1189 048c 9B       		.byte	-101
 1190 048d 01       		.byte	1
 1191 048e A0       		.byte	-96
 1192 048f 01       		.byte	1
 1193 0490 A6       		.byte	-90
 1194 0491 01       		.byte	1
 1195 0492 AA       		.byte	-86
 1196 0493 02       		.byte	2
 1197 0494 AD       		.byte	-83
ARM GAS  C:\Users\bryan.lee\AppData\Local\Temp\ccie44dv.s 			page 22


 1198 0495 02       		.byte	2
 1199 0496 B2       		.byte	-78
 1200 0497 01       		.byte	1
 1201 0498 B3       		.byte	-77
 1202 0499 02       		.byte	2
 1203 049a B4       		.byte	-76
 1204 049b 04       		.byte	4
 1205 049c B6       		.byte	-74
 1206 049d 02       		.byte	2
 1207 049e B7       		.byte	-73
 1208 049f 01       		.byte	1
 1209 04a0 BE       		.byte	-66
 1210 04a1 14       		.byte	20
 1211 04a2 BF       		.byte	-65
 1212 04a3 04       		.byte	4
 1213 04a4 C0       		.byte	-64
 1214 04a5 30       		.byte	48
 1215 04a6 C1       		.byte	-63
 1216 04a7 05       		.byte	5
 1217 04a8 C5       		.byte	-59
 1218 04a9 C0       		.byte	-64
 1219 04aa C6       		.byte	-58
 1220 04ab DE       		.byte	-34
 1221 04ac C7       		.byte	-57
 1222 04ad BF       		.byte	-65
 1223 04ae C8       		.byte	-56
 1224 04af 3E       		.byte	62
 1225 04b0 C9       		.byte	-55
 1226 04b1 FF       		.byte	-1
 1227 04b2 CA       		.byte	-54
 1228 04b3 FF       		.byte	-1
 1229 04b4 CB       		.byte	-53
 1230 04b5 FF       		.byte	-1
 1231 04b6 CC       		.byte	-52
 1232 04b7 EA       		.byte	-22
 1233 04b8 CD       		.byte	-51
 1234 04b9 55       		.byte	85
 1235 04ba CE       		.byte	-50
 1236 04bb F0       		.byte	-16
 1237 04bc CF       		.byte	-49
 1238 04bd 48       		.byte	72
 1239 04be D0       		.byte	-48
 1240 04bf 1C       		.byte	28
 1241 04c0 D2       		.byte	-46
 1242 04c1 01       		.byte	1
 1243 04c2 D4       		.byte	-44
 1244 04c3 01       		.byte	1
 1245 04c4 D6       		.byte	-42
 1246 04c5 04       		.byte	4
 1247 04c6 D8       		.byte	-40
 1248 04c7 04       		.byte	4
 1249 04c8 D9       		.byte	-39
 1250 04c9 04       		.byte	4
 1251 04ca DA       		.byte	-38
 1252 04cb 04       		.byte	4
 1253 04cc DB       		.byte	-37
 1254 04cd 04       		.byte	4
ARM GAS  C:\Users\bryan.lee\AppData\Local\Temp\ccie44dv.s 			page 23


 1255 04ce DC       		.byte	-36
 1256 04cf 01       		.byte	1
 1257 04d0 DD       		.byte	-35
 1258 04d1 11       		.byte	17
 1259 04d2 DF       		.byte	-33
 1260 04d3 01       		.byte	1
 1261 04d4 E1       		.byte	-31
 1262 04d5 08       		.byte	8
 1263 04d6 E3       		.byte	-29
 1264 04d7 08       		.byte	8
 1265 04d8 E5       		.byte	-27
 1266 04d9 08       		.byte	8
 1267 04da E7       		.byte	-25
 1268 04db 08       		.byte	8
 1269 04dc E8       		.byte	-24
 1270 04dd 50       		.byte	80
 1271 04de E9       		.byte	-23
 1272 04df 0A       		.byte	10
 1273 04e0 EA       		.byte	-22
 1274 04e1 40       		.byte	64
 1275 04e2 EB       		.byte	-21
 1276 04e3 A8       		.byte	-88
 1277 04e4 EC       		.byte	-20
 1278 04e5 C0       		.byte	-64
 1279 04e6 EE       		.byte	-18
 1280 04e7 40       		.byte	64
 1281 04e8 EF       		.byte	-17
 1282 04e9 A8       		.byte	-88
 1283 04ea 00       		.byte	0
 1284 04eb 84       		.byte	-124
 1285 04ec 10       		.byte	16
 1286 04ed 20       		.byte	32
 1287 04ee 12       		.byte	18
 1288 04ef 84       		.byte	-124
 1289 04f0 19       		.byte	25
 1290 04f1 44       		.byte	68
 1291 04f2 1A       		.byte	26
 1292 04f3 04       		.byte	4
 1293 04f4 20       		.byte	32
 1294 04f5 10       		.byte	16
 1295 04f6 22       		.byte	34
 1296 04f7 80       		.byte	-128
 1297 04f8 26       		.byte	38
 1298 04f9 08       		.byte	8
 1299 04fa 29       		.byte	41
 1300 04fb 40       		.byte	64
 1301 04fc 30       		.byte	48
 1302 04fd 20       		.byte	32
 1303 04fe 39       		.byte	57
 1304 04ff 0C       		.byte	12
 1305 0500 3A       		.byte	58
 1306 0501 04       		.byte	4
 1307 0502 3D       		.byte	61
 1308 0503 04       		.byte	4
 1309 0504 40       		.byte	64
 1310 0505 10       		.byte	16
 1311 0506 48       		.byte	72
ARM GAS  C:\Users\bryan.lee\AppData\Local\Temp\ccie44dv.s 			page 24


 1312 0507 01       		.byte	1
 1313 0508 49       		.byte	73
 1314 0509 01       		.byte	1
 1315 050a 51       		.byte	81
 1316 050b 88       		.byte	-120
 1317 050c 52       		.byte	82
 1318 050d 10       		.byte	16
 1319 050e 53       		.byte	83
 1320 050f 02       		.byte	2
 1321 0510 59       		.byte	89
 1322 0511 01       		.byte	1
 1323 0512 5B       		.byte	91
 1324 0513 40       		.byte	64
 1325 0514 5D       		.byte	93
 1326 0515 A8       		.byte	-88
 1327 0516 5E       		.byte	94
 1328 0517 01       		.byte	1
 1329 0518 60       		.byte	96
 1330 0519 40       		.byte	64
 1331 051a 61       		.byte	97
 1332 051b 88       		.byte	-120
 1333 051c 62       		.byte	98
 1334 051d 10       		.byte	16
 1335 051e 64       		.byte	100
 1336 051f 40       		.byte	64
 1337 0520 66       		.byte	102
 1338 0521 28       		.byte	40
 1339 0522 67       		.byte	103
 1340 0523 01       		.byte	1
 1341 0524 68       		.byte	104
 1342 0525 01       		.byte	1
 1343 0526 80       		.byte	-128
 1344 0527 50       		.byte	80
 1345 0528 82       		.byte	-126
 1346 0529 08       		.byte	8
 1347 052a 83       		.byte	-125
 1348 052b 40       		.byte	64
 1349 052c 87       		.byte	-121
 1350 052d 02       		.byte	2
 1351 052e 8C       		.byte	-116
 1352 052f 48       		.byte	72
 1353 0530 91       		.byte	-111
 1354 0531 08       		.byte	8
 1355 0532 93       		.byte	-109
 1356 0533 40       		.byte	64
 1357 0534 96       		.byte	-106
 1358 0535 04       		.byte	4
 1359 0536 98       		.byte	-104
 1360 0537 42       		.byte	66
 1361 0538 99       		.byte	-103
 1362 0539 28       		.byte	40
 1363 053a 9A       		.byte	-102
 1364 053b 01       		.byte	1
 1365 053c 9D       		.byte	-99
 1366 053d 04       		.byte	4
 1367 053e 9E       		.byte	-98
 1368 053f 04       		.byte	4
ARM GAS  C:\Users\bryan.lee\AppData\Local\Temp\ccie44dv.s 			page 25


 1369 0540 A0       		.byte	-96
 1370 0541 20       		.byte	32
 1371 0542 A4       		.byte	-92
 1372 0543 08       		.byte	8
 1373 0544 A6       		.byte	-90
 1374 0545 40       		.byte	64
 1375 0546 A8       		.byte	-88
 1376 0547 08       		.byte	8
 1377 0548 AD       		.byte	-83
 1378 0549 02       		.byte	2
 1379 054a C0       		.byte	-64
 1380 054b 05       		.byte	5
 1381 054c C4       		.byte	-60
 1382 054d 0E       		.byte	14
 1383 054e CA       		.byte	-54
 1384 054f 08       		.byte	8
 1385 0550 CC       		.byte	-52
 1386 0551 04       		.byte	4
 1387 0552 CE       		.byte	-50
 1388 0553 42       		.byte	66
 1389 0554 D0       		.byte	-48
 1390 0555 02       		.byte	2
 1391 0556 D2       		.byte	-46
 1392 0557 08       		.byte	8
 1393 0558 D6       		.byte	-42
 1394 0559 F9       		.byte	-7
 1395 055a D8       		.byte	-40
 1396 055b FF       		.byte	-1
 1397 055c 32       		.byte	50
 1398 055d 08       		.byte	8
 1399 055e 33       		.byte	51
 1400 055f 80       		.byte	-128
 1401 0560 35       		.byte	53
 1402 0561 80       		.byte	-128
 1403 0562 CC       		.byte	-52
 1404 0563 70       		.byte	112
 1405 0564 00       		.byte	0
 1406 0565 08       		.byte	8
 1407 0566 01       		.byte	1
 1408 0567 40       		.byte	64
 1409 0568 05       		.byte	5
 1410 0569 08       		.byte	8
 1411 056a 07       		.byte	7
 1412 056b 04       		.byte	4
 1413 056c 08       		.byte	8
 1414 056d 80       		.byte	-128
 1415 056e 0A       		.byte	10
 1416 056f 20       		.byte	32
 1417 0570 0E       		.byte	14
 1418 0571 20       		.byte	32
 1419 0572 0F       		.byte	15
 1420 0573 01       		.byte	1
 1421 0574 9D       		.byte	-99
 1422 0575 80       		.byte	-128
 1423 0576 A6       		.byte	-90
 1424 0577 08       		.byte	8
 1425 0578 A7       		.byte	-89
ARM GAS  C:\Users\bryan.lee\AppData\Local\Temp\ccie44dv.s 			page 26


 1426 0579 80       		.byte	-128
 1427 057a C0       		.byte	-64
 1428 057b F0       		.byte	-16
 1429 057c C2       		.byte	-62
 1430 057d F0       		.byte	-16
 1431 057e 11       		.byte	17
 1432 057f 01       		.byte	1
 1433 0580 63       		.byte	99
 1434 0581 01       		.byte	1
 1435 0582 83       		.byte	-125
 1436 0583 01       		.byte	1
 1437 0584 8A       		.byte	-118
 1438 0585 08       		.byte	8
 1439 0586 91       		.byte	-111
 1440 0587 40       		.byte	64
 1441 0588 92       		.byte	-110
 1442 0589 20       		.byte	32
 1443 058a 98       		.byte	-104
 1444 058b 80       		.byte	-128
 1445 058c 99       		.byte	-103
 1446 058d 08       		.byte	8
 1447 058e 9B       		.byte	-101
 1448 058f 04       		.byte	4
 1449 0590 9D       		.byte	-99
 1450 0591 80       		.byte	-128
 1451 0592 A2       		.byte	-94
 1452 0593 10       		.byte	16
 1453 0594 A6       		.byte	-90
 1454 0595 08       		.byte	8
 1455 0596 A7       		.byte	-89
 1456 0597 80       		.byte	-128
 1457 0598 AB       		.byte	-85
 1458 0599 01       		.byte	1
 1459 059a AC       		.byte	-84
 1460 059b 04       		.byte	4
 1461 059c C4       		.byte	-60
 1462 059d 10       		.byte	16
 1463 059e D6       		.byte	-42
 1464 059f 40       		.byte	64
 1465 05a0 E2       		.byte	-30
 1466 05a1 80       		.byte	-128
 1467 05a2 E8       		.byte	-24
 1468 05a3 80       		.byte	-128
 1469 05a4 EC       		.byte	-20
 1470 05a5 40       		.byte	64
 1471 05a6 89       		.byte	-119
 1472 05a7 08       		.byte	8
 1473 05a8 91       		.byte	-111
 1474 05a9 40       		.byte	64
 1475 05aa 92       		.byte	-110
 1476 05ab 20       		.byte	32
 1477 05ac 99       		.byte	-103
 1478 05ad 08       		.byte	8
 1479 05ae 9B       		.byte	-101
 1480 05af 04       		.byte	4
 1481 05b0 9D       		.byte	-99
 1482 05b1 80       		.byte	-128
ARM GAS  C:\Users\bryan.lee\AppData\Local\Temp\ccie44dv.s 			page 27


 1483 05b2 A2       		.byte	-94
 1484 05b3 10       		.byte	16
 1485 05b4 A7       		.byte	-89
 1486 05b5 80       		.byte	-128
 1487 05b6 AD       		.byte	-83
 1488 05b7 01       		.byte	1
 1489 05b8 B4       		.byte	-76
 1490 05b9 80       		.byte	-128
 1491 05ba E8       		.byte	-24
 1492 05bb 10       		.byte	16
 1493 05bc 00       		.byte	0
 1494 05bd 01       		.byte	1
 1495 05be 02       		.byte	2
 1496 05bf 08       		.byte	8
 1497 05c0 06       		.byte	6
 1498 05c1 02       		.byte	2
 1499 05c2 80       		.byte	-128
 1500 05c3 01       		.byte	1
 1501 05c4 C0       		.byte	-64
 1502 05c5 0B       		.byte	11
 1503 05c6 AA       		.byte	-86
 1504 05c7 02       		.byte	2
 1505 05c8 B2       		.byte	-78
 1506 05c9 08       		.byte	8
 1507 05ca EE       		.byte	-18
 1508 05cb 01       		.byte	1
 1509 05cc 23       		.byte	35
 1510 05cd 20       		.byte	32
 1511 05ce 80       		.byte	-128
 1512 05cf 10       		.byte	16
 1513 05d0 83       		.byte	-125
 1514 05d1 80       		.byte	-128
 1515 05d2 87       		.byte	-121
 1516 05d3 40       		.byte	64
 1517 05d4 92       		.byte	-110
 1518 05d5 20       		.byte	32
 1519 05d6 9B       		.byte	-101
 1520 05d7 04       		.byte	4
 1521 05d8 9D       		.byte	-99
 1522 05d9 80       		.byte	-128
 1523 05da A7       		.byte	-89
 1524 05db 80       		.byte	-128
 1525 05dc A9       		.byte	-87
 1526 05dd 40       		.byte	64
 1527 05de AE       		.byte	-82
 1528 05df 10       		.byte	16
 1529 05e0 C8       		.byte	-56
 1530 05e1 40       		.byte	64
 1531 05e2 E2       		.byte	-30
 1532 05e3 30       		.byte	48
 1533 05e4 E6       		.byte	-26
 1534 05e5 20       		.byte	32
 1535 05e6 EC       		.byte	-20
 1536 05e7 30       		.byte	48
 1537 05e8 02       		.byte	2
 1538 05e9 20       		.byte	32
 1539 05ea 50       		.byte	80
ARM GAS  C:\Users\bryan.lee\AppData\Local\Temp\ccie44dv.s 			page 28


 1540 05eb 10       		.byte	16
 1541 05ec 5B       		.byte	91
 1542 05ed 20       		.byte	32
 1543 05ee 67       		.byte	103
 1544 05ef 80       		.byte	-128
 1545 05f0 86       		.byte	-122
 1546 05f1 20       		.byte	32
 1547 05f2 8D       		.byte	-115
 1548 05f3 80       		.byte	-128
 1549 05f4 8E       		.byte	-114
 1550 05f5 10       		.byte	16
 1551 05f6 90       		.byte	-112
 1552 05f7 20       		.byte	32
 1553 05f8 92       		.byte	-110
 1554 05f9 20       		.byte	32
 1555 05fa 93       		.byte	-109
 1556 05fb 80       		.byte	-128
 1557 05fc 9B       		.byte	-101
 1558 05fd 20       		.byte	32
 1559 05fe 9D       		.byte	-99
 1560 05ff 80       		.byte	-128
 1561 0600 AB       		.byte	-85
 1562 0601 04       		.byte	4
 1563 0602 C0       		.byte	-64
 1564 0603 10       		.byte	16
 1565 0604 D4       		.byte	-44
 1566 0605 A0       		.byte	-96
 1567 0606 D8       		.byte	-40
 1568 0607 80       		.byte	-128
 1569 0608 E4       		.byte	-28
 1570 0609 40       		.byte	64
 1571 060a E8       		.byte	-24
 1572 060b 80       		.byte	-128
 1573 060c 00       		.byte	0
 1574 060d 03       		.byte	3
 1575 060e 01       		.byte	1
 1576 060f 01       		.byte	1
 1577 0610 08       		.byte	8
 1578 0611 01       		.byte	1
 1579 0612 09       		.byte	9
 1580 0613 01       		.byte	1
 1581 0614 0A       		.byte	10
 1582 0615 03       		.byte	3
 1583 0616 0B       		.byte	11
 1584 0617 01       		.byte	1
 1585 0618 10       		.byte	16
 1586 0619 03       		.byte	3
 1587 061a 11       		.byte	17
 1588 061b 01       		.byte	1
 1589 061c 1A       		.byte	26
 1590 061d 03       		.byte	3
 1591 061e 1B       		.byte	27
 1592 061f 01       		.byte	1
 1593 0620 00       		.byte	0
 1594 0621 3F       		.byte	63
 1595 0622 00       		.byte	0
 1596 0623 00       		.byte	0
ARM GAS  C:\Users\bryan.lee\AppData\Local\Temp\ccie44dv.s 			page 29


 1597 0624 0F       		.byte	15
 1598 0625 00       		.byte	0
 1599 0626 F0       		.byte	-16
 1600 0627 0F       		.byte	15
 1601 0628 00       		.byte	0
 1602 0629 00       		.byte	0
 1603 062a 00       		.byte	0
 1604 062b 00       		.byte	0
 1605 062c 00       		.byte	0
 1606 062d 00       		.byte	0
 1607 062e 00       		.byte	0
 1608 062f 00       		.byte	0
 1609 0630 00       		.byte	0
 1610 0631 0B       		.byte	11
 1611 0632 0B       		.byte	11
 1612 0633 00       		.byte	0
 1613 0634 00       		.byte	0
 1614 0635 00       		.byte	0
 1615 0636 00       		.byte	0
 1616 0637 00       		.byte	0
 1617 0638 00       		.byte	0
 1618 0639 7F       		.byte	127
 1619 063a 7F       		.byte	127
 1620 063b 00       		.byte	0
 1621 063c 00       		.byte	0
 1622 063d 00       		.byte	0
 1623 063e 00       		.byte	0
 1624 063f 00       		.byte	0
 1625 0640 81       		.byte	-127
 1626 0641 00       		.byte	0
 1627 0642 00       		.byte	0
 1628 0643 07       		.byte	7
 1629 0644 86       		.byte	-122
 1630 0645 00       		.byte	0
 1631 0646 86       		.byte	-122
 1632 0647 00       		.byte	0
 1633 0648 00       		.byte	0
 1634 0649 00       		.byte	0
 1635 064a 00       		.byte	0
 1636 064b 00       		.byte	0
 1637 064c 00       		.byte	0
 1638 064d 00       		.byte	0
 1639 064e 00       		.byte	0
 1640 064f 00       		.byte	0
 1641 0650 00       		.byte	0
 1642 0651 00       		.byte	0
 1643 0652 E0       		.byte	-32
 1644 0653 00       		.byte	0
 1645 0654 40       		.byte	64
 1646 0655 00       		.byte	0
 1647 0656 00       		.byte	0
 1648 0657 40       		.byte	64
 1649 0658 00       		.byte	0
 1650 0659 00       		.byte	0
 1651 065a 00       		.byte	0
 1652 065b 00       		.byte	0
 1653 065c 00       		.byte	0
ARM GAS  C:\Users\bryan.lee\AppData\Local\Temp\ccie44dv.s 			page 30


 1654 065d 00       		.byte	0
 1655 065e 00       		.byte	0
 1656 065f 00       		.byte	0
 1657 0660 0D       		.byte	13
 1658 0661 00       		.byte	0
 1659 0662 0D       		.byte	13
 1660 0663 00       		.byte	0
 1661 0664 00       		.byte	0
 1662 0665 00       		.byte	0
 1663 0666 00       		.byte	0
 1664 0667 00       		.byte	0
 1665              		.global	cy_meta_custnvl
 1666              		.section	.cycustnvl,"a",%progbits
 1667              		.align	2
 1668              		.type	cy_meta_custnvl, %object
 1669              		.size	cy_meta_custnvl, 4
 1670              	cy_meta_custnvl:
 1671 0000 00       		.byte	0
 1672 0001 00       		.byte	0
 1673 0002 40       		.byte	64
 1674 0003 05       		.byte	5
 1675              		.global	cy_meta_wonvl
 1676              		.section	.cywolatch,"a",%progbits
 1677              		.align	2
 1678              		.type	cy_meta_wonvl, %object
 1679              		.size	cy_meta_wonvl, 4
 1680              	cy_meta_wonvl:
 1681 0000 BC       		.byte	-68
 1682 0001 90       		.byte	-112
 1683 0002 AC       		.byte	-84
 1684 0003 AF       		.byte	-81
 1685              		.global	cy_meta_flashprotect
 1686              		.section	.cyflashprotect,"a",%progbits
 1687              		.align	2
 1688              		.type	cy_meta_flashprotect, %object
 1689              		.size	cy_meta_flashprotect, 256
 1690              	cy_meta_flashprotect:
 1691 0000 00000000 		.space	256
 1691      00000000 
 1691      00000000 
 1691      00000000 
 1691      00000000 
 1692              		.global	cy_metadata
 1693              		.section	.cymeta,"a",%progbits
 1694              		.align	2
 1695              		.type	cy_metadata, %object
 1696              		.size	cy_metadata, 12
 1697              	cy_metadata:
 1698 0000 00       		.byte	0
 1699 0001 01       		.byte	1
 1700 0002 2E       		.byte	46
 1701 0003 12       		.byte	18
 1702 0004 00       		.byte	0
 1703 0005 69       		.byte	105
 1704 0006 00       		.byte	0
 1705 0007 01       		.byte	1
 1706 0008 00       		.byte	0
ARM GAS  C:\Users\bryan.lee\AppData\Local\Temp\ccie44dv.s 			page 31


 1707 0009 00       		.byte	0
 1708 000a 00       		.byte	0
 1709 000b 00       		.byte	0
 1710              		.text
 1711              	.Letext0:
 1712              		.file 1 "c:\\program files (x86)\\cypress\\psoc creator\\4.2\\psoc creator\\import\\gnu\\arm\\5.4.
 1713              		.file 2 "c:\\program files (x86)\\cypress\\psoc creator\\4.2\\psoc creator\\import\\gnu\\arm\\5.4.
 1714              		.file 3 "Generated_Source\\PSoC5\\cymetadata.c"
 1715              		.section	.debug_info,"",%progbits
 1716              	.Ldebug_info0:
 1717 0000 34010000 		.4byte	0x134
 1718 0004 0400     		.2byte	0x4
 1719 0006 00000000 		.4byte	.Ldebug_abbrev0
 1720 000a 04       		.byte	0x4
 1721 000b 01       		.uleb128 0x1
 1722 000c 0A000000 		.4byte	.LASF17
 1723 0010 0C       		.byte	0xc
 1724 0011 D0010000 		.4byte	.LASF18
 1725 0015 72010000 		.4byte	.LASF19
 1726 0019 00000000 		.4byte	.Ldebug_line0
 1727 001d 02       		.uleb128 0x2
 1728 001e 01       		.byte	0x1
 1729 001f 06       		.byte	0x6
 1730 0020 C4010000 		.4byte	.LASF0
 1731 0024 03       		.uleb128 0x3
 1732 0025 00000000 		.4byte	.LASF9
 1733 0029 01       		.byte	0x1
 1734 002a 1D       		.byte	0x1d
 1735 002b 2F000000 		.4byte	0x2f
 1736 002f 02       		.uleb128 0x2
 1737 0030 01       		.byte	0x1
 1738 0031 08       		.byte	0x8
 1739 0032 A4000000 		.4byte	.LASF1
 1740 0036 02       		.uleb128 0x2
 1741 0037 02       		.byte	0x2
 1742 0038 05       		.byte	0x5
 1743 0039 5F010000 		.4byte	.LASF2
 1744 003d 02       		.uleb128 0x2
 1745 003e 02       		.byte	0x2
 1746 003f 07       		.byte	0x7
 1747 0040 C4000000 		.4byte	.LASF3
 1748 0044 02       		.uleb128 0x2
 1749 0045 04       		.byte	0x4
 1750 0046 05       		.byte	0x5
 1751 0047 69010000 		.4byte	.LASF4
 1752 004b 02       		.uleb128 0x2
 1753 004c 04       		.byte	0x4
 1754 004d 07       		.byte	0x7
 1755 004e B2000000 		.4byte	.LASF5
 1756 0052 02       		.uleb128 0x2
 1757 0053 08       		.byte	0x8
 1758 0054 05       		.byte	0x5
 1759 0055 51010000 		.4byte	.LASF6
 1760 0059 02       		.uleb128 0x2
 1761 005a 08       		.byte	0x8
 1762 005b 07       		.byte	0x7
 1763 005c 06010000 		.4byte	.LASF7
ARM GAS  C:\Users\bryan.lee\AppData\Local\Temp\ccie44dv.s 			page 32


 1764 0060 04       		.uleb128 0x4
 1765 0061 04       		.byte	0x4
 1766 0062 05       		.byte	0x5
 1767 0063 696E7400 		.ascii	"int\000"
 1768 0067 02       		.uleb128 0x2
 1769 0068 04       		.byte	0x4
 1770 0069 07       		.byte	0x7
 1771 006a F9000000 		.4byte	.LASF8
 1772 006e 03       		.uleb128 0x3
 1773 006f 1D010000 		.4byte	.LASF10
 1774 0073 02       		.byte	0x2
 1775 0074 18       		.byte	0x18
 1776 0075 24000000 		.4byte	0x24
 1777 0079 05       		.uleb128 0x5
 1778 007a 91000000 		.4byte	0x91
 1779 007e 8A000000 		.4byte	0x8a
 1780 0082 06       		.uleb128 0x6
 1781 0083 8A000000 		.4byte	0x8a
 1782 0087 6706     		.2byte	0x667
 1783 0089 00       		.byte	0
 1784 008a 02       		.uleb128 0x2
 1785 008b 04       		.byte	0x4
 1786 008c 07       		.byte	0x7
 1787 008d 48010000 		.4byte	.LASF11
 1788 0091 07       		.uleb128 0x7
 1789 0092 6E000000 		.4byte	0x6e
 1790 0096 08       		.uleb128 0x8
 1791 0097 E7000000 		.4byte	.LASF12
 1792 009b 03       		.byte	0x3
 1793 009c 1F       		.byte	0x1f
 1794 009d A7000000 		.4byte	0xa7
 1795 00a1 05       		.uleb128 0x5
 1796 00a2 03       		.byte	0x3
 1797 00a3 00000000 		.4byte	cy_meta_configecc
 1798 00a7 07       		.uleb128 0x7
 1799 00a8 79000000 		.4byte	0x79
 1800 00ac 05       		.uleb128 0x5
 1801 00ad 91000000 		.4byte	0x91
 1802 00b1 BC000000 		.4byte	0xbc
 1803 00b5 09       		.uleb128 0x9
 1804 00b6 8A000000 		.4byte	0x8a
 1805 00ba 03       		.byte	0x3
 1806 00bb 00       		.byte	0
 1807 00bc 08       		.uleb128 0x8
 1808 00bd D7000000 		.4byte	.LASF13
 1809 00c1 03       		.byte	0x3
 1810 00c2 F9       		.byte	0xf9
 1811 00c3 CD000000 		.4byte	0xcd
 1812 00c7 05       		.uleb128 0x5
 1813 00c8 03       		.byte	0x3
 1814 00c9 00000000 		.4byte	cy_meta_custnvl
 1815 00cd 07       		.uleb128 0x7
 1816 00ce AC000000 		.4byte	0xac
 1817 00d2 0A       		.uleb128 0xa
 1818 00d3 3A010000 		.4byte	.LASF14
 1819 00d7 03       		.byte	0x3
 1820 00d8 0701     		.2byte	0x107
ARM GAS  C:\Users\bryan.lee\AppData\Local\Temp\ccie44dv.s 			page 33


 1821 00da E4000000 		.4byte	0xe4
 1822 00de 05       		.uleb128 0x5
 1823 00df 03       		.byte	0x3
 1824 00e0 00000000 		.4byte	cy_meta_wonvl
 1825 00e4 07       		.uleb128 0x7
 1826 00e5 AC000000 		.4byte	0xac
 1827 00e9 05       		.uleb128 0x5
 1828 00ea 91000000 		.4byte	0x91
 1829 00ee F9000000 		.4byte	0xf9
 1830 00f2 09       		.uleb128 0x9
 1831 00f3 8A000000 		.4byte	0x8a
 1832 00f7 FF       		.byte	0xff
 1833 00f8 00       		.byte	0
 1834 00f9 0A       		.uleb128 0xa
 1835 00fa 25010000 		.4byte	.LASF15
 1836 00fe 03       		.byte	0x3
 1837 00ff 1501     		.2byte	0x115
 1838 0101 0B010000 		.4byte	0x10b
 1839 0105 05       		.uleb128 0x5
 1840 0106 03       		.byte	0x3
 1841 0107 00000000 		.4byte	cy_meta_flashprotect
 1842 010b 07       		.uleb128 0x7
 1843 010c E9000000 		.4byte	0xe9
 1844 0110 05       		.uleb128 0x5
 1845 0111 91000000 		.4byte	0x91
 1846 0115 20010000 		.4byte	0x120
 1847 0119 09       		.uleb128 0x9
 1848 011a 8A000000 		.4byte	0x8a
 1849 011e 0B       		.byte	0xb
 1850 011f 00       		.byte	0
 1851 0120 0A       		.uleb128 0xa
 1852 0121 98000000 		.4byte	.LASF16
 1853 0125 03       		.byte	0x3
 1854 0126 4201     		.2byte	0x142
 1855 0128 32010000 		.4byte	0x132
 1856 012c 05       		.uleb128 0x5
 1857 012d 03       		.byte	0x3
 1858 012e 00000000 		.4byte	cy_metadata
 1859 0132 07       		.uleb128 0x7
 1860 0133 10010000 		.4byte	0x110
 1861 0137 00       		.byte	0
 1862              		.section	.debug_abbrev,"",%progbits
 1863              	.Ldebug_abbrev0:
 1864 0000 01       		.uleb128 0x1
 1865 0001 11       		.uleb128 0x11
 1866 0002 01       		.byte	0x1
 1867 0003 25       		.uleb128 0x25
 1868 0004 0E       		.uleb128 0xe
 1869 0005 13       		.uleb128 0x13
 1870 0006 0B       		.uleb128 0xb
 1871 0007 03       		.uleb128 0x3
 1872 0008 0E       		.uleb128 0xe
 1873 0009 1B       		.uleb128 0x1b
 1874 000a 0E       		.uleb128 0xe
 1875 000b 10       		.uleb128 0x10
 1876 000c 17       		.uleb128 0x17
 1877 000d 00       		.byte	0
ARM GAS  C:\Users\bryan.lee\AppData\Local\Temp\ccie44dv.s 			page 34


 1878 000e 00       		.byte	0
 1879 000f 02       		.uleb128 0x2
 1880 0010 24       		.uleb128 0x24
 1881 0011 00       		.byte	0
 1882 0012 0B       		.uleb128 0xb
 1883 0013 0B       		.uleb128 0xb
 1884 0014 3E       		.uleb128 0x3e
 1885 0015 0B       		.uleb128 0xb
 1886 0016 03       		.uleb128 0x3
 1887 0017 0E       		.uleb128 0xe
 1888 0018 00       		.byte	0
 1889 0019 00       		.byte	0
 1890 001a 03       		.uleb128 0x3
 1891 001b 16       		.uleb128 0x16
 1892 001c 00       		.byte	0
 1893 001d 03       		.uleb128 0x3
 1894 001e 0E       		.uleb128 0xe
 1895 001f 3A       		.uleb128 0x3a
 1896 0020 0B       		.uleb128 0xb
 1897 0021 3B       		.uleb128 0x3b
 1898 0022 0B       		.uleb128 0xb
 1899 0023 49       		.uleb128 0x49
 1900 0024 13       		.uleb128 0x13
 1901 0025 00       		.byte	0
 1902 0026 00       		.byte	0
 1903 0027 04       		.uleb128 0x4
 1904 0028 24       		.uleb128 0x24
 1905 0029 00       		.byte	0
 1906 002a 0B       		.uleb128 0xb
 1907 002b 0B       		.uleb128 0xb
 1908 002c 3E       		.uleb128 0x3e
 1909 002d 0B       		.uleb128 0xb
 1910 002e 03       		.uleb128 0x3
 1911 002f 08       		.uleb128 0x8
 1912 0030 00       		.byte	0
 1913 0031 00       		.byte	0
 1914 0032 05       		.uleb128 0x5
 1915 0033 01       		.uleb128 0x1
 1916 0034 01       		.byte	0x1
 1917 0035 49       		.uleb128 0x49
 1918 0036 13       		.uleb128 0x13
 1919 0037 01       		.uleb128 0x1
 1920 0038 13       		.uleb128 0x13
 1921 0039 00       		.byte	0
 1922 003a 00       		.byte	0
 1923 003b 06       		.uleb128 0x6
 1924 003c 21       		.uleb128 0x21
 1925 003d 00       		.byte	0
 1926 003e 49       		.uleb128 0x49
 1927 003f 13       		.uleb128 0x13
 1928 0040 2F       		.uleb128 0x2f
 1929 0041 05       		.uleb128 0x5
 1930 0042 00       		.byte	0
 1931 0043 00       		.byte	0
 1932 0044 07       		.uleb128 0x7
 1933 0045 26       		.uleb128 0x26
 1934 0046 00       		.byte	0
ARM GAS  C:\Users\bryan.lee\AppData\Local\Temp\ccie44dv.s 			page 35


 1935 0047 49       		.uleb128 0x49
 1936 0048 13       		.uleb128 0x13
 1937 0049 00       		.byte	0
 1938 004a 00       		.byte	0
 1939 004b 08       		.uleb128 0x8
 1940 004c 34       		.uleb128 0x34
 1941 004d 00       		.byte	0
 1942 004e 03       		.uleb128 0x3
 1943 004f 0E       		.uleb128 0xe
 1944 0050 3A       		.uleb128 0x3a
 1945 0051 0B       		.uleb128 0xb
 1946 0052 3B       		.uleb128 0x3b
 1947 0053 0B       		.uleb128 0xb
 1948 0054 49       		.uleb128 0x49
 1949 0055 13       		.uleb128 0x13
 1950 0056 3F       		.uleb128 0x3f
 1951 0057 19       		.uleb128 0x19
 1952 0058 02       		.uleb128 0x2
 1953 0059 18       		.uleb128 0x18
 1954 005a 00       		.byte	0
 1955 005b 00       		.byte	0
 1956 005c 09       		.uleb128 0x9
 1957 005d 21       		.uleb128 0x21
 1958 005e 00       		.byte	0
 1959 005f 49       		.uleb128 0x49
 1960 0060 13       		.uleb128 0x13
 1961 0061 2F       		.uleb128 0x2f
 1962 0062 0B       		.uleb128 0xb
 1963 0063 00       		.byte	0
 1964 0064 00       		.byte	0
 1965 0065 0A       		.uleb128 0xa
 1966 0066 34       		.uleb128 0x34
 1967 0067 00       		.byte	0
 1968 0068 03       		.uleb128 0x3
 1969 0069 0E       		.uleb128 0xe
 1970 006a 3A       		.uleb128 0x3a
 1971 006b 0B       		.uleb128 0xb
 1972 006c 3B       		.uleb128 0x3b
 1973 006d 05       		.uleb128 0x5
 1974 006e 49       		.uleb128 0x49
 1975 006f 13       		.uleb128 0x13
 1976 0070 3F       		.uleb128 0x3f
 1977 0071 19       		.uleb128 0x19
 1978 0072 02       		.uleb128 0x2
 1979 0073 18       		.uleb128 0x18
 1980 0074 00       		.byte	0
 1981 0075 00       		.byte	0
 1982 0076 00       		.byte	0
 1983              		.section	.debug_aranges,"",%progbits
 1984 0000 14000000 		.4byte	0x14
 1985 0004 0200     		.2byte	0x2
 1986 0006 00000000 		.4byte	.Ldebug_info0
 1987 000a 04       		.byte	0x4
 1988 000b 00       		.byte	0
 1989 000c 0000     		.2byte	0
 1990 000e 0000     		.2byte	0
 1991 0010 00000000 		.4byte	0
ARM GAS  C:\Users\bryan.lee\AppData\Local\Temp\ccie44dv.s 			page 36


 1992 0014 00000000 		.4byte	0
 1993              		.section	.debug_line,"",%progbits
 1994              	.Ldebug_line0:
 1995 0000 3D010000 		.section	.debug_str,"MS",%progbits,1
 1995      02003701 
 1995      00000201 
 1995      FB0E0D00 
 1995      01010101 
 1996              	.LASF9:
 1997 0000 5F5F7569 		.ascii	"__uint8_t\000"
 1997      6E74385F 
 1997      7400
 1998              	.LASF17:
 1999 000a 474E5520 		.ascii	"GNU C11 5.4.1 20160609 (release) [ARM/embedded-5-br"
 1999      43313120 
 1999      352E342E 
 1999      31203230 
 1999      31363036 
 2000 003d 616E6368 		.ascii	"anch revision 237715] -mcpu=cortex-m3 -mthumb -g -O"
 2000      20726576 
 2000      6973696F 
 2000      6E203233 
 2000      37373135 
 2001 0070 30202D66 		.ascii	"0 -ffunction-sections -ffat-lto-objects\000"
 2001      66756E63 
 2001      74696F6E 
 2001      2D736563 
 2001      74696F6E 
 2002              	.LASF16:
 2003 0098 63795F6D 		.ascii	"cy_metadata\000"
 2003      65746164 
 2003      61746100 
 2004              	.LASF1:
 2005 00a4 756E7369 		.ascii	"unsigned char\000"
 2005      676E6564 
 2005      20636861 
 2005      7200
 2006              	.LASF5:
 2007 00b2 6C6F6E67 		.ascii	"long unsigned int\000"
 2007      20756E73 
 2007      69676E65 
 2007      6420696E 
 2007      7400
 2008              	.LASF3:
 2009 00c4 73686F72 		.ascii	"short unsigned int\000"
 2009      7420756E 
 2009      7369676E 
 2009      65642069 
 2009      6E7400
 2010              	.LASF13:
 2011 00d7 63795F6D 		.ascii	"cy_meta_custnvl\000"
 2011      6574615F 
 2011      63757374 
 2011      6E766C00 
 2012              	.LASF12:
 2013 00e7 63795F6D 		.ascii	"cy_meta_configecc\000"
 2013      6574615F 
ARM GAS  C:\Users\bryan.lee\AppData\Local\Temp\ccie44dv.s 			page 37


 2013      636F6E66 
 2013      69676563 
 2013      6300
 2014              	.LASF8:
 2015 00f9 756E7369 		.ascii	"unsigned int\000"
 2015      676E6564 
 2015      20696E74 
 2015      00
 2016              	.LASF7:
 2017 0106 6C6F6E67 		.ascii	"long long unsigned int\000"
 2017      206C6F6E 
 2017      6720756E 
 2017      7369676E 
 2017      65642069 
 2018              	.LASF10:
 2019 011d 75696E74 		.ascii	"uint8_t\000"
 2019      385F7400 
 2020              	.LASF15:
 2021 0125 63795F6D 		.ascii	"cy_meta_flashprotect\000"
 2021      6574615F 
 2021      666C6173 
 2021      6870726F 
 2021      74656374 
 2022              	.LASF14:
 2023 013a 63795F6D 		.ascii	"cy_meta_wonvl\000"
 2023      6574615F 
 2023      776F6E76 
 2023      6C00
 2024              	.LASF11:
 2025 0148 73697A65 		.ascii	"sizetype\000"
 2025      74797065 
 2025      00
 2026              	.LASF6:
 2027 0151 6C6F6E67 		.ascii	"long long int\000"
 2027      206C6F6E 
 2027      6720696E 
 2027      7400
 2028              	.LASF2:
 2029 015f 73686F72 		.ascii	"short int\000"
 2029      7420696E 
 2029      7400
 2030              	.LASF4:
 2031 0169 6C6F6E67 		.ascii	"long int\000"
 2031      20696E74 
 2031      00
 2032              	.LASF19:
 2033 0172 433A5C55 		.ascii	"C:\\Users\\bryan.lee\\Documents\\GitHub\\hello-worl"
 2033      73657273 
 2033      5C627279 
 2033      616E2E6C 
 2033      65655C44 
 2034 01a0 645C4379 		.ascii	"d\\Cypress\\Combine_4.0\\Combine.cydsn\000"
 2034      70726573 
 2034      735C436F 
 2034      6D62696E 
 2034      655F342E 
 2035              	.LASF0:
ARM GAS  C:\Users\bryan.lee\AppData\Local\Temp\ccie44dv.s 			page 38


 2036 01c4 7369676E 		.ascii	"signed char\000"
 2036      65642063 
 2036      68617200 
 2037              	.LASF18:
 2038 01d0 47656E65 		.ascii	"Generated_Source\\PSoC5\\cymetadata.c\000"
 2038      72617465 
 2038      645F536F 
 2038      75726365 
 2038      5C50536F 
 2039              		.ident	"GCC: (GNU Tools for ARM Embedded Processors) 5.4.1 20160609 (release) [ARM/embedded-5-bran
