ARM GAS  C:\Users\bryan.lee\AppData\Local\Temp\ccMV6Ngq.s 			page 1


   1              		.syntax unified
   2              		.cpu cortex-m0
   3              		.fpu softvfp
   4              		.eabi_attribute 20, 1
   5              		.eabi_attribute 21, 1
   6              		.eabi_attribute 23, 3
   7              		.eabi_attribute 24, 1
   8              		.eabi_attribute 25, 1
   9              		.eabi_attribute 26, 1
  10              		.eabi_attribute 30, 1
  11              		.eabi_attribute 34, 0
  12              		.eabi_attribute 18, 4
  13              		.thumb
  14              		.syntax unified
  15              		.file	"main.c"
  16              		.text
  17              	.Ltext0:
  18              		.cfi_sections	.debug_frame
  19              		.section	.text.main,"ax",%progbits
  20              		.align	2
  21              		.global	main
  22              		.code	16
  23              		.thumb_func
  24              		.type	main, %function
  25              	main:
  26              	.LFB35:
  27              		.file 1 "main.c"
   1:main.c        **** /* ========================================
   2:main.c        ****  *
   3:main.c        ****  * Copyright YOUR COMPANY, THE YEAR
   4:main.c        ****  * All Rights Reserved
   5:main.c        ****  * UNPUBLISHED, LICENSED SOFTWARE.
   6:main.c        ****  *
   7:main.c        ****  * CONFIDENTIAL AND PROPRIETARY INFORMATION
   8:main.c        ****  * WHICH IS THE PROPERTY OF your company.
   9:main.c        ****  *
  10:main.c        ****  * ========================================
  11:main.c        **** */
  12:main.c        **** #include "project.h"
  13:main.c        **** 
  14:main.c        **** uint8 status;
  15:main.c        **** uint8 oldstatus;
  16:main.c        **** 
  17:main.c        **** int main(void)
  18:main.c        **** {
  28              		.loc 1 18 0
  29              		.cfi_startproc
  30              		@ Volatile: function does not return.
  31              		@ args = 0, pretend = 0, frame = 0
  32              		@ frame_needed = 0, uses_anonymous_args = 0
  33 0000 10B5     		push	{r4, lr}
  34              		.cfi_def_cfa_offset 8
  35              		.cfi_offset 4, -8
  36              		.cfi_offset 14, -4
  19:main.c        ****     CyGlobalIntEnable; /* Enable global interrupts. */
  37              		.loc 1 19 0
  38              		.syntax divided
ARM GAS  C:\Users\bryan.lee\AppData\Local\Temp\ccMV6Ngq.s 			page 2


  39              	@ 19 "main.c" 1
  40 0002 62B6     		CPSIE   i
  41              	@ 0 "" 2
  20:main.c        ****     
  21:main.c        ****     UART_Start();
  42              		.loc 1 21 0
  43              		.thumb
  44              		.syntax unified
  45 0004 FFF7FEFF 		bl	UART_Start
  46              	.LVL0:
  47              	.L2:
  22:main.c        ****     
  23:main.c        **** 
  24:main.c        ****     /* Place your initialization/startup code here (e.g. MyInst_Start()) */
  25:main.c        **** 
  26:main.c        ****     for(;;)
  27:main.c        ****     {
  28:main.c        ****         /* Place your application code here. */
  29:main.c        ****         status = Status_Read();
  48              		.loc 1 29 0
  49 0008 FFF7FEFF 		bl	Status_Read
  50              	.LVL1:
  51 000c 0300     		movs	r3, r0
  52 000e 084A     		ldr	r2, .L4
  53 0010 1070     		strb	r0, [r2]
  30:main.c        ****         
  31:main.c        ****         if (status != oldstatus)
  54              		.loc 1 31 0
  55 0012 084A     		ldr	r2, .L4+4
  56 0014 1278     		ldrb	r2, [r2]
  57 0016 9042     		cmp	r0, r2
  58 0018 F6D0     		beq	.L2
  32:main.c        ****         {
  33:main.c        ****             oldstatus = status;
  59              		.loc 1 33 0
  60 001a 064A     		ldr	r2, .L4+4
  61 001c 1070     		strb	r0, [r2]
  34:main.c        ****             UART_UartPutChar('0' + status);
  62              		.loc 1 34 0
  63 001e 3033     		adds	r3, r3, #48
  64 0020 1800     		movs	r0, r3
  65 0022 FFF7FEFF 		bl	UART_SpiUartWriteTxData
  66              	.LVL2:
  35:main.c        ****             UART_UartPutChar('\r');
  67              		.loc 1 35 0
  68 0026 0D20     		movs	r0, #13
  69 0028 FFF7FEFF 		bl	UART_SpiUartWriteTxData
  70              	.LVL3:
  71 002c ECE7     		b	.L2
  72              	.L5:
  73 002e C046     		.align	2
  74              	.L4:
  75 0030 00000000 		.word	status
  76 0034 00000000 		.word	oldstatus
  77              		.cfi_endproc
  78              	.LFE35:
  79              		.size	main, .-main
ARM GAS  C:\Users\bryan.lee\AppData\Local\Temp\ccMV6Ngq.s 			page 3


  80              		.comm	oldstatus,1,1
  81              		.comm	status,1,1
  82              		.text
  83              	.Letext0:
  84              		.file 2 "Generated_Source\\PSoC4/cytypes.h"
  85              		.file 3 "Generated_Source\\PSoC4/UART.h"
  86              		.file 4 "Generated_Source\\PSoC4/Status.h"
  87              		.file 5 "Generated_Source\\PSoC4/UART_SPI_UART.h"
  88              		.section	.debug_info,"",%progbits
  89              	.Ldebug_info0:
  90 0000 2B010000 		.4byte	0x12b
  91 0004 0400     		.2byte	0x4
  92 0006 00000000 		.4byte	.Ldebug_abbrev0
  93 000a 04       		.byte	0x4
  94 000b 01       		.uleb128 0x1
  95 000c 13010000 		.4byte	.LASF21
  96 0010 0C       		.byte	0xc
  97 0011 22000000 		.4byte	.LASF22
  98 0015 29000000 		.4byte	.LASF23
  99 0019 00000000 		.4byte	.Ldebug_ranges0+0
 100 001d 00000000 		.4byte	0
 101 0021 00000000 		.4byte	.Ldebug_line0
 102 0025 02       		.uleb128 0x2
 103 0026 01       		.byte	0x1
 104 0027 06       		.byte	0x6
 105 0028 B4010000 		.4byte	.LASF0
 106 002c 02       		.uleb128 0x2
 107 002d 01       		.byte	0x1
 108 002e 08       		.byte	0x8
 109 002f BF000000 		.4byte	.LASF1
 110 0033 02       		.uleb128 0x2
 111 0034 02       		.byte	0x2
 112 0035 05       		.byte	0x5
 113 0036 CC010000 		.4byte	.LASF2
 114 003a 02       		.uleb128 0x2
 115 003b 02       		.byte	0x2
 116 003c 07       		.byte	0x7
 117 003d A1010000 		.4byte	.LASF3
 118 0041 02       		.uleb128 0x2
 119 0042 04       		.byte	0x4
 120 0043 05       		.byte	0x5
 121 0044 E5000000 		.4byte	.LASF4
 122 0048 02       		.uleb128 0x2
 123 0049 04       		.byte	0x4
 124 004a 07       		.byte	0x7
 125 004b EE000000 		.4byte	.LASF5
 126 004f 02       		.uleb128 0x2
 127 0050 08       		.byte	0x8
 128 0051 05       		.byte	0x5
 129 0052 00000000 		.4byte	.LASF6
 130 0056 02       		.uleb128 0x2
 131 0057 08       		.byte	0x8
 132 0058 07       		.byte	0x7
 133 0059 92000000 		.4byte	.LASF7
 134 005d 03       		.uleb128 0x3
 135 005e 04       		.byte	0x4
 136 005f 05       		.byte	0x5
ARM GAS  C:\Users\bryan.lee\AppData\Local\Temp\ccMV6Ngq.s 			page 4


 137 0060 696E7400 		.ascii	"int\000"
 138 0064 02       		.uleb128 0x2
 139 0065 04       		.byte	0x4
 140 0066 07       		.byte	0x7
 141 0067 15000000 		.4byte	.LASF8
 142 006b 04       		.uleb128 0x4
 143 006c 82000000 		.4byte	.LASF9
 144 0070 02       		.byte	0x2
 145 0071 E401     		.2byte	0x1e4
 146 0073 2C000000 		.4byte	0x2c
 147 0077 04       		.uleb128 0x4
 148 0078 0E000000 		.4byte	.LASF10
 149 007c 02       		.byte	0x2
 150 007d E601     		.2byte	0x1e6
 151 007f 48000000 		.4byte	0x48
 152 0083 02       		.uleb128 0x2
 153 0084 04       		.byte	0x4
 154 0085 04       		.byte	0x4
 155 0086 A9000000 		.4byte	.LASF11
 156 008a 02       		.uleb128 0x2
 157 008b 08       		.byte	0x8
 158 008c 04       		.byte	0x4
 159 008d 00010000 		.4byte	.LASF12
 160 0091 02       		.uleb128 0x2
 161 0092 01       		.byte	0x1
 162 0093 08       		.byte	0x8
 163 0094 AF000000 		.4byte	.LASF13
 164 0098 02       		.uleb128 0x2
 165 0099 08       		.byte	0x8
 166 009a 04       		.byte	0x4
 167 009b C0010000 		.4byte	.LASF14
 168 009f 02       		.uleb128 0x2
 169 00a0 04       		.byte	0x4
 170 00a1 07       		.byte	0x7
 171 00a2 D6010000 		.4byte	.LASF15
 172 00a6 05       		.uleb128 0x5
 173 00a7 76000000 		.4byte	.LASF24
 174 00ab 01       		.byte	0x1
 175 00ac 11       		.byte	0x11
 176 00ad 5D000000 		.4byte	0x5d
 177 00b1 00000000 		.4byte	.LFB35
 178 00b5 38000000 		.4byte	.LFE35-.LFB35
 179 00b9 01       		.uleb128 0x1
 180 00ba 9C       		.byte	0x9c
 181 00bb EA000000 		.4byte	0xea
 182 00bf 06       		.uleb128 0x6
 183 00c0 08000000 		.4byte	.LVL0
 184 00c4 0C010000 		.4byte	0x10c
 185 00c8 06       		.uleb128 0x6
 186 00c9 0C000000 		.4byte	.LVL1
 187 00cd 17010000 		.4byte	0x117
 188 00d1 06       		.uleb128 0x6
 189 00d2 26000000 		.4byte	.LVL2
 190 00d6 22010000 		.4byte	0x122
 191 00da 07       		.uleb128 0x7
 192 00db 2C000000 		.4byte	.LVL3
 193 00df 22010000 		.4byte	0x122
ARM GAS  C:\Users\bryan.lee\AppData\Local\Temp\ccMV6Ngq.s 			page 5


 194 00e3 08       		.uleb128 0x8
 195 00e4 01       		.uleb128 0x1
 196 00e5 50       		.byte	0x50
 197 00e6 01       		.uleb128 0x1
 198 00e7 3D       		.byte	0x3d
 199 00e8 00       		.byte	0
 200 00e9 00       		.byte	0
 201 00ea 09       		.uleb128 0x9
 202 00eb 7B000000 		.4byte	.LASF16
 203 00ef 01       		.byte	0x1
 204 00f0 0E       		.byte	0xe
 205 00f1 6B000000 		.4byte	0x6b
 206 00f5 05       		.uleb128 0x5
 207 00f6 03       		.byte	0x3
 208 00f7 00000000 		.4byte	status
 209 00fb 09       		.uleb128 0x9
 210 00fc 88000000 		.4byte	.LASF17
 211 0100 01       		.byte	0x1
 212 0101 0F       		.byte	0xf
 213 0102 6B000000 		.4byte	0x6b
 214 0106 05       		.uleb128 0x5
 215 0107 03       		.byte	0x3
 216 0108 00000000 		.4byte	oldstatus
 217 010c 0A       		.uleb128 0xa
 218 010d B4000000 		.4byte	.LASF18
 219 0111 B4000000 		.4byte	.LASF18
 220 0115 03       		.byte	0x3
 221 0116 72       		.byte	0x72
 222 0117 0A       		.uleb128 0xa
 223 0118 07010000 		.4byte	.LASF19
 224 011c 07010000 		.4byte	.LASF19
 225 0120 04       		.byte	0x4
 226 0121 30       		.byte	0x30
 227 0122 0B       		.uleb128 0xb
 228 0123 CD000000 		.4byte	.LASF20
 229 0127 CD000000 		.4byte	.LASF20
 230 012b 05       		.byte	0x5
 231 012c 4403     		.2byte	0x344
 232 012e 00       		.byte	0
 233              		.section	.debug_abbrev,"",%progbits
 234              	.Ldebug_abbrev0:
 235 0000 01       		.uleb128 0x1
 236 0001 11       		.uleb128 0x11
 237 0002 01       		.byte	0x1
 238 0003 25       		.uleb128 0x25
 239 0004 0E       		.uleb128 0xe
 240 0005 13       		.uleb128 0x13
 241 0006 0B       		.uleb128 0xb
 242 0007 03       		.uleb128 0x3
 243 0008 0E       		.uleb128 0xe
 244 0009 1B       		.uleb128 0x1b
 245 000a 0E       		.uleb128 0xe
 246 000b 55       		.uleb128 0x55
 247 000c 17       		.uleb128 0x17
 248 000d 11       		.uleb128 0x11
 249 000e 01       		.uleb128 0x1
 250 000f 10       		.uleb128 0x10
ARM GAS  C:\Users\bryan.lee\AppData\Local\Temp\ccMV6Ngq.s 			page 6


 251 0010 17       		.uleb128 0x17
 252 0011 00       		.byte	0
 253 0012 00       		.byte	0
 254 0013 02       		.uleb128 0x2
 255 0014 24       		.uleb128 0x24
 256 0015 00       		.byte	0
 257 0016 0B       		.uleb128 0xb
 258 0017 0B       		.uleb128 0xb
 259 0018 3E       		.uleb128 0x3e
 260 0019 0B       		.uleb128 0xb
 261 001a 03       		.uleb128 0x3
 262 001b 0E       		.uleb128 0xe
 263 001c 00       		.byte	0
 264 001d 00       		.byte	0
 265 001e 03       		.uleb128 0x3
 266 001f 24       		.uleb128 0x24
 267 0020 00       		.byte	0
 268 0021 0B       		.uleb128 0xb
 269 0022 0B       		.uleb128 0xb
 270 0023 3E       		.uleb128 0x3e
 271 0024 0B       		.uleb128 0xb
 272 0025 03       		.uleb128 0x3
 273 0026 08       		.uleb128 0x8
 274 0027 00       		.byte	0
 275 0028 00       		.byte	0
 276 0029 04       		.uleb128 0x4
 277 002a 16       		.uleb128 0x16
 278 002b 00       		.byte	0
 279 002c 03       		.uleb128 0x3
 280 002d 0E       		.uleb128 0xe
 281 002e 3A       		.uleb128 0x3a
 282 002f 0B       		.uleb128 0xb
 283 0030 3B       		.uleb128 0x3b
 284 0031 05       		.uleb128 0x5
 285 0032 49       		.uleb128 0x49
 286 0033 13       		.uleb128 0x13
 287 0034 00       		.byte	0
 288 0035 00       		.byte	0
 289 0036 05       		.uleb128 0x5
 290 0037 2E       		.uleb128 0x2e
 291 0038 01       		.byte	0x1
 292 0039 3F       		.uleb128 0x3f
 293 003a 19       		.uleb128 0x19
 294 003b 03       		.uleb128 0x3
 295 003c 0E       		.uleb128 0xe
 296 003d 3A       		.uleb128 0x3a
 297 003e 0B       		.uleb128 0xb
 298 003f 3B       		.uleb128 0x3b
 299 0040 0B       		.uleb128 0xb
 300 0041 27       		.uleb128 0x27
 301 0042 19       		.uleb128 0x19
 302 0043 49       		.uleb128 0x49
 303 0044 13       		.uleb128 0x13
 304 0045 8701     		.uleb128 0x87
 305 0047 19       		.uleb128 0x19
 306 0048 11       		.uleb128 0x11
 307 0049 01       		.uleb128 0x1
ARM GAS  C:\Users\bryan.lee\AppData\Local\Temp\ccMV6Ngq.s 			page 7


 308 004a 12       		.uleb128 0x12
 309 004b 06       		.uleb128 0x6
 310 004c 40       		.uleb128 0x40
 311 004d 18       		.uleb128 0x18
 312 004e 9742     		.uleb128 0x2117
 313 0050 19       		.uleb128 0x19
 314 0051 01       		.uleb128 0x1
 315 0052 13       		.uleb128 0x13
 316 0053 00       		.byte	0
 317 0054 00       		.byte	0
 318 0055 06       		.uleb128 0x6
 319 0056 898201   		.uleb128 0x4109
 320 0059 00       		.byte	0
 321 005a 11       		.uleb128 0x11
 322 005b 01       		.uleb128 0x1
 323 005c 31       		.uleb128 0x31
 324 005d 13       		.uleb128 0x13
 325 005e 00       		.byte	0
 326 005f 00       		.byte	0
 327 0060 07       		.uleb128 0x7
 328 0061 898201   		.uleb128 0x4109
 329 0064 01       		.byte	0x1
 330 0065 11       		.uleb128 0x11
 331 0066 01       		.uleb128 0x1
 332 0067 31       		.uleb128 0x31
 333 0068 13       		.uleb128 0x13
 334 0069 00       		.byte	0
 335 006a 00       		.byte	0
 336 006b 08       		.uleb128 0x8
 337 006c 8A8201   		.uleb128 0x410a
 338 006f 00       		.byte	0
 339 0070 02       		.uleb128 0x2
 340 0071 18       		.uleb128 0x18
 341 0072 9142     		.uleb128 0x2111
 342 0074 18       		.uleb128 0x18
 343 0075 00       		.byte	0
 344 0076 00       		.byte	0
 345 0077 09       		.uleb128 0x9
 346 0078 34       		.uleb128 0x34
 347 0079 00       		.byte	0
 348 007a 03       		.uleb128 0x3
 349 007b 0E       		.uleb128 0xe
 350 007c 3A       		.uleb128 0x3a
 351 007d 0B       		.uleb128 0xb
 352 007e 3B       		.uleb128 0x3b
 353 007f 0B       		.uleb128 0xb
 354 0080 49       		.uleb128 0x49
 355 0081 13       		.uleb128 0x13
 356 0082 3F       		.uleb128 0x3f
 357 0083 19       		.uleb128 0x19
 358 0084 02       		.uleb128 0x2
 359 0085 18       		.uleb128 0x18
 360 0086 00       		.byte	0
 361 0087 00       		.byte	0
 362 0088 0A       		.uleb128 0xa
 363 0089 2E       		.uleb128 0x2e
 364 008a 00       		.byte	0
ARM GAS  C:\Users\bryan.lee\AppData\Local\Temp\ccMV6Ngq.s 			page 8


 365 008b 3F       		.uleb128 0x3f
 366 008c 19       		.uleb128 0x19
 367 008d 3C       		.uleb128 0x3c
 368 008e 19       		.uleb128 0x19
 369 008f 6E       		.uleb128 0x6e
 370 0090 0E       		.uleb128 0xe
 371 0091 03       		.uleb128 0x3
 372 0092 0E       		.uleb128 0xe
 373 0093 3A       		.uleb128 0x3a
 374 0094 0B       		.uleb128 0xb
 375 0095 3B       		.uleb128 0x3b
 376 0096 0B       		.uleb128 0xb
 377 0097 00       		.byte	0
 378 0098 00       		.byte	0
 379 0099 0B       		.uleb128 0xb
 380 009a 2E       		.uleb128 0x2e
 381 009b 00       		.byte	0
 382 009c 3F       		.uleb128 0x3f
 383 009d 19       		.uleb128 0x19
 384 009e 3C       		.uleb128 0x3c
 385 009f 19       		.uleb128 0x19
 386 00a0 6E       		.uleb128 0x6e
 387 00a1 0E       		.uleb128 0xe
 388 00a2 03       		.uleb128 0x3
 389 00a3 0E       		.uleb128 0xe
 390 00a4 3A       		.uleb128 0x3a
 391 00a5 0B       		.uleb128 0xb
 392 00a6 3B       		.uleb128 0x3b
 393 00a7 05       		.uleb128 0x5
 394 00a8 00       		.byte	0
 395 00a9 00       		.byte	0
 396 00aa 00       		.byte	0
 397              		.section	.debug_aranges,"",%progbits
 398 0000 1C000000 		.4byte	0x1c
 399 0004 0200     		.2byte	0x2
 400 0006 00000000 		.4byte	.Ldebug_info0
 401 000a 04       		.byte	0x4
 402 000b 00       		.byte	0
 403 000c 0000     		.2byte	0
 404 000e 0000     		.2byte	0
 405 0010 00000000 		.4byte	.LFB35
 406 0014 38000000 		.4byte	.LFE35-.LFB35
 407 0018 00000000 		.4byte	0
 408 001c 00000000 		.4byte	0
 409              		.section	.debug_ranges,"",%progbits
 410              	.Ldebug_ranges0:
 411 0000 00000000 		.4byte	.LFB35
 412 0004 38000000 		.4byte	.LFE35
 413 0008 00000000 		.4byte	0
 414 000c 00000000 		.4byte	0
 415              		.section	.debug_line,"",%progbits
 416              	.Ldebug_line0:
 417 0000 86000000 		.section	.debug_str,"MS",%progbits,1
 417      02006A00 
 417      00000201 
 417      FB0E0D00 
 417      01010101 
ARM GAS  C:\Users\bryan.lee\AppData\Local\Temp\ccMV6Ngq.s 			page 9


 418              	.LASF6:
 419 0000 6C6F6E67 		.ascii	"long long int\000"
 419      206C6F6E 
 419      6720696E 
 419      7400
 420              	.LASF10:
 421 000e 75696E74 		.ascii	"uint32\000"
 421      333200
 422              	.LASF8:
 423 0015 756E7369 		.ascii	"unsigned int\000"
 423      676E6564 
 423      20696E74 
 423      00
 424              	.LASF22:
 425 0022 6D61696E 		.ascii	"main.c\000"
 425      2E6300
 426              	.LASF23:
 427 0029 433A5C55 		.ascii	"C:\\Users\\bryan.lee\\Documents\\GitHub\\hello-worl"
 427      73657273 
 427      5C627279 
 427      616E2E6C 
 427      65655C44 
 428 0057 645C5073 		.ascii	"d\\Psoc_101_4BLE\\Design14.cydsn\000"
 428      6F635F31 
 428      30315F34 
 428      424C455C 
 428      44657369 
 429              	.LASF24:
 430 0076 6D61696E 		.ascii	"main\000"
 430      00
 431              	.LASF16:
 432 007b 73746174 		.ascii	"status\000"
 432      757300
 433              	.LASF9:
 434 0082 75696E74 		.ascii	"uint8\000"
 434      3800
 435              	.LASF17:
 436 0088 6F6C6473 		.ascii	"oldstatus\000"
 436      74617475 
 436      7300
 437              	.LASF7:
 438 0092 6C6F6E67 		.ascii	"long long unsigned int\000"
 438      206C6F6E 
 438      6720756E 
 438      7369676E 
 438      65642069 
 439              	.LASF11:
 440 00a9 666C6F61 		.ascii	"float\000"
 440      7400
 441              	.LASF13:
 442 00af 63686172 		.ascii	"char\000"
 442      00
 443              	.LASF18:
 444 00b4 55415254 		.ascii	"UART_Start\000"
 444      5F537461 
 444      727400
 445              	.LASF1:
ARM GAS  C:\Users\bryan.lee\AppData\Local\Temp\ccMV6Ngq.s 			page 10


 446 00bf 756E7369 		.ascii	"unsigned char\000"
 446      676E6564 
 446      20636861 
 446      7200
 447              	.LASF20:
 448 00cd 55415254 		.ascii	"UART_SpiUartWriteTxData\000"
 448      5F537069 
 448      55617274 
 448      57726974 
 448      65547844 
 449              	.LASF4:
 450 00e5 6C6F6E67 		.ascii	"long int\000"
 450      20696E74 
 450      00
 451              	.LASF5:
 452 00ee 6C6F6E67 		.ascii	"long unsigned int\000"
 452      20756E73 
 452      69676E65 
 452      6420696E 
 452      7400
 453              	.LASF12:
 454 0100 646F7562 		.ascii	"double\000"
 454      6C6500
 455              	.LASF19:
 456 0107 53746174 		.ascii	"Status_Read\000"
 456      75735F52 
 456      65616400 
 457              	.LASF21:
 458 0113 474E5520 		.ascii	"GNU C11 5.4.1 20160609 (release) [ARM/embedded-5-br"
 458      43313120 
 458      352E342E 
 458      31203230 
 458      31363036 
 459 0146 616E6368 		.ascii	"anch revision 237715] -mcpu=cortex-m0 -mthumb -g -O"
 459      20726576 
 459      6973696F 
 459      6E203233 
 459      37373135 
 460 0179 67202D66 		.ascii	"g -ffunction-sections -ffat-lto-objects\000"
 460      66756E63 
 460      74696F6E 
 460      2D736563 
 460      74696F6E 
 461              	.LASF3:
 462 01a1 73686F72 		.ascii	"short unsigned int\000"
 462      7420756E 
 462      7369676E 
 462      65642069 
 462      6E7400
 463              	.LASF0:
 464 01b4 7369676E 		.ascii	"signed char\000"
 464      65642063 
 464      68617200 
 465              	.LASF14:
 466 01c0 6C6F6E67 		.ascii	"long double\000"
 466      20646F75 
 466      626C6500 
ARM GAS  C:\Users\bryan.lee\AppData\Local\Temp\ccMV6Ngq.s 			page 11


 467              	.LASF2:
 468 01cc 73686F72 		.ascii	"short int\000"
 468      7420696E 
 468      7400
 469              	.LASF15:
 470 01d6 73697A65 		.ascii	"sizetype\000"
 470      74797065 
 470      00
 471              		.ident	"GCC: (GNU Tools for ARM Embedded Processors) 5.4.1 20160609 (release) [ARM/embedded-5-bran
