ARM GAS  C:\Users\bryan.lee\AppData\Local\Temp\ccX34US3.s 			page 1


   1              		.syntax unified
   2              		.cpu cortex-m0
   3              		.fpu softvfp
   4              		.eabi_attribute 20, 1
   5              		.eabi_attribute 21, 1
   6              		.eabi_attribute 23, 3
   7              		.eabi_attribute 24, 1
   8              		.eabi_attribute 25, 1
   9              		.eabi_attribute 26, 1
  10              		.eabi_attribute 30, 1
  11              		.eabi_attribute 34, 0
  12              		.eabi_attribute 18, 4
  13              		.thumb
  14              		.syntax unified
  15              		.file	"main.c"
  16              		.text
  17              	.Ltext0:
  18              		.cfi_sections	.debug_frame
  19              		.section	.text.Stack_Handler,"ax",%progbits
  20              		.align	2
  21              		.global	Stack_Handler
  22              		.code	16
  23              		.thumb_func
  24              		.type	Stack_Handler, %function
  25              	Stack_Handler:
  26              	.LFB35:
  27              		.file 1 "main.c"
   1:main.c        **** /* ========================================
   2:main.c        ****  *
   3:main.c        ****  * Copyright YOUR COMPANY, THE YEAR
   4:main.c        ****  * All Rights Reserved
   5:main.c        ****  * UNPUBLISHED, LICENSED SOFTWARE.
   6:main.c        ****  *
   7:main.c        ****  * CONFIDENTIAL AND PROPRIETARY INFORMATION
   8:main.c        ****  * WHICH IS THE PROPERTY OF your company.
   9:main.c        ****  *
  10:main.c        ****  * ========================================
  11:main.c        **** */
  12:main.c        **** #include "project.h"
  13:main.c        **** int capsenseNotify;
  14:main.c        **** int bleConnected = 0;
  15:main.c        **** 
  16:main.c        **** CYBLE_CONN_HANDLE_T connectionHandle;
  17:main.c        **** 
  18:main.c        **** void Stack_Handler(uint32 eventCode, void *eventParam)
  19:main.c        **** {
  28              		.loc 1 19 0
  29              		.cfi_startproc
  30              		@ args = 0, pretend = 0, frame = 0
  31              		@ frame_needed = 0, uses_anonymous_args = 0
  32              	.LVL0:
  33 0000 10B5     		push	{r4, lr}
  34              		.cfi_def_cfa_offset 8
  35              		.cfi_offset 4, -8
  36              		.cfi_offset 14, -4
  37 0002 0C00     		movs	r4, r1
  20:main.c        ****     CYBLE_GATTS_WRITE_REQ_PARAM_T *wrReq;
ARM GAS  C:\Users\bryan.lee\AppData\Local\Temp\ccX34US3.s 			page 2


  21:main.c        ****     
  22:main.c        ****     switch(eventCode)
  38              		.loc 1 22 0
  39 0004 2828     		cmp	r0, #40
  40 0006 08D0     		beq	.L3
  41 0008 02D8     		bhi	.L4
  42 000a 0128     		cmp	r0, #1
  43 000c 05D0     		beq	.L3
  44 000e 27E0     		b	.L1
  45              	.L4:
  46 0010 4128     		cmp	r0, #65
  47 0012 09D0     		beq	.L5
  48 0014 4C28     		cmp	r0, #76
  49 0016 0FD0     		beq	.L6
  50 0018 22E0     		b	.L1
  51              	.L3:
  23:main.c        ****     {
  24:main.c        ****         case CYBLE_EVT_STACK_ON:
  25:main.c        ****         case CYBLE_EVT_GAP_DEVICE_DISCONNECTED:
  26:main.c        ****             CyBle_GappStartAdvertisement(CYBLE_ADVERTISING_FAST);
  52              		.loc 1 26 0
  53 001a 0020     		movs	r0, #0
  54              	.LVL1:
  55 001c FFF7FEFF 		bl	CyBle_GappStartAdvertisement
  56              	.LVL2:
  27:main.c        ****             bleConnected = 0;
  57              		.loc 1 27 0
  58 0020 0022     		movs	r2, #0
  59 0022 104B     		ldr	r3, .L8
  60 0024 1A60     		str	r2, [r3]
  28:main.c        ****             break;
  61              		.loc 1 28 0
  62 0026 1BE0     		b	.L1
  63              	.LVL3:
  64              	.L5:
  29:main.c        ****         
  30:main.c        ****         case CYBLE_EVT_GATT_CONNECT_IND:
  31:main.c        ****             connectionHandle = *(CYBLE_CONN_HANDLE_T *)eventParam;
  65              		.loc 1 31 0
  66 0028 0222     		movs	r2, #2
  67 002a 0F48     		ldr	r0, .L8+4
  68              	.LVL4:
  69 002c FFF7FEFF 		bl	memcpy
  70              	.LVL5:
  32:main.c        ****             bleConnected = 1;
  71              		.loc 1 32 0
  72 0030 0122     		movs	r2, #1
  73 0032 0C4B     		ldr	r3, .L8
  74 0034 1A60     		str	r2, [r3]
  33:main.c        ****             break;
  75              		.loc 1 33 0
  76 0036 13E0     		b	.L1
  77              	.LVL6:
  78              	.L6:
  34:main.c        ****         case CYBLE_EVT_GATTS_WRITE_REQ:
  35:main.c        ****             wrReq = (CYBLE_GATTS_WRITE_REQ_PARAM_T *)eventParam;
  36:main.c        ****             if(wrReq->handleValPair.attrHandle == CYBLE_CAPSENSE_SLIDER_SLIDERCCCD_DESC_HANDLE)
ARM GAS  C:\Users\bryan.lee\AppData\Local\Temp\ccX34US3.s 			page 3


  79              		.loc 1 36 0
  80 0038 8B89     		ldrh	r3, [r1, #12]
  81 003a 132B     		cmp	r3, #19
  82 003c 09D1     		bne	.L7
  37:main.c        ****             {
  38:main.c        ****                 CyBle_GattsWriteAttributeValue(&wrReq->handleValPair, 0, &connectionHandle, CYBLE_G
  83              		.loc 1 38 0
  84 003e 081D     		adds	r0, r1, #4
  85              	.LVL7:
  86 0040 0023     		movs	r3, #0
  87 0042 094A     		ldr	r2, .L8+4
  88 0044 0021     		movs	r1, #0
  89              	.LVL8:
  90 0046 FFF7FEFF 		bl	CyBle_GattsWriteAttributeValue
  91              	.LVL9:
  39:main.c        ****                 capsenseNotify = wrReq->handleValPair.value.val [0];
  92              		.loc 1 39 0
  93 004a 6368     		ldr	r3, [r4, #4]
  94 004c 1A78     		ldrb	r2, [r3]
  95 004e 074B     		ldr	r3, .L8+8
  96 0050 1A60     		str	r2, [r3]
  97              	.L7:
  40:main.c        ****             }
  41:main.c        ****             CyBle_GattsWriteRsp(connectionHandle);
  98              		.loc 1 41 0
  99 0052 054A     		ldr	r2, .L8+4
 100 0054 1378     		ldrb	r3, [r2]
 101 0056 5078     		ldrb	r0, [r2, #1]
 102 0058 0002     		lsls	r0, r0, #8
 103 005a 1843     		orrs	r0, r3
 104 005c FFF7FEFF 		bl	CyBle_GattsWriteRsp
 105              	.LVL10:
 106              	.L1:
  42:main.c        ****             break;
  43:main.c        ****             
  44:main.c        ****             default:
  45:main.c        ****             break;
  46:main.c        ****     }
  47:main.c        **** }
 107              		.loc 1 47 0
 108              		@ sp needed
 109              	.LVL11:
 110 0060 10BD     		pop	{r4, pc}
 111              	.L9:
 112 0062 C046     		.align	2
 113              	.L8:
 114 0064 00000000 		.word	.LANCHOR0
 115 0068 00000000 		.word	connectionHandle
 116 006c 00000000 		.word	capsenseNotify
 117              		.cfi_endproc
 118              	.LFE35:
 119              		.size	Stack_Handler, .-Stack_Handler
 120              		.section	.text.main,"ax",%progbits
 121              		.align	2
 122              		.global	main
 123              		.code	16
 124              		.thumb_func
ARM GAS  C:\Users\bryan.lee\AppData\Local\Temp\ccX34US3.s 			page 4


 125              		.type	main, %function
 126              	main:
 127              	.LFB36:
  48:main.c        **** 
  49:main.c        **** int main(void)
  50:main.c        **** {
 128              		.loc 1 50 0
 129              		.cfi_startproc
 130              		@ args = 0, pretend = 0, frame = 16
 131              		@ frame_needed = 0, uses_anonymous_args = 0
 132 0000 10B5     		push	{r4, lr}
 133              		.cfi_def_cfa_offset 8
 134              		.cfi_offset 4, -8
 135              		.cfi_offset 14, -4
 136 0002 84B0     		sub	sp, sp, #16
 137              		.cfi_def_cfa_offset 24
  51:main.c        ****     CyGlobalIntEnable; /* Enable global interrupts. */
 138              		.loc 1 51 0
 139              		.syntax divided
 140              	@ 51 "main.c" 1
 141 0004 62B6     		CPSIE   i
 142              	@ 0 "" 2
  52:main.c        ****     
  53:main.c        ****     CapSense_Start();
 143              		.loc 1 53 0
 144              		.thumb
 145              		.syntax unified
 146 0006 FFF7FEFF 		bl	CapSense_Start
 147              	.LVL12:
  54:main.c        ****     CapSense_InitializeAllBaselines();
 148              		.loc 1 54 0
 149 000a FFF7FEFF 		bl	CapSense_InitializeAllBaselines
 150              	.LVL13:
  55:main.c        ****     CapSense_ScanEnabledWidgets();
 151              		.loc 1 55 0
 152 000e FFF7FEFF 		bl	CapSense_ScanEnabledWidgets
 153              	.LVL14:
  56:main.c        ****     
  57:main.c        ****     CyBle_Start(Stack_Handler);
 154              		.loc 1 57 0
 155 0012 1948     		ldr	r0, .L15
 156 0014 FFF7FEFF 		bl	CyBle_Start
 157              	.LVL15:
 158              	.L11:
  58:main.c        **** 
  59:main.c        ****     /* Place your initialization/startup code here (e.g. MyInst_Start()) */
  60:main.c        **** 
  61:main.c        ****     for(;;)
  62:main.c        ****     {
  63:main.c        ****         CyBle_ProcessEvents();
 159              		.loc 1 63 0
 160 0018 FFF7FEFF 		bl	CyBle_ProcessEvents
 161              	.LVL16:
  64:main.c        ****         
  65:main.c        ****         if(!CapSense_IsBusy() && bleConnected)
 162              		.loc 1 65 0
 163 001c FFF7FEFF 		bl	CapSense_IsBusy
ARM GAS  C:\Users\bryan.lee\AppData\Local\Temp\ccX34US3.s 			page 5


 164              	.LVL17:
 165 0020 0028     		cmp	r0, #0
 166 0022 F9D1     		bne	.L11
 167              		.loc 1 65 0 is_stmt 0 discriminator 1
 168 0024 154B     		ldr	r3, .L15+4
 169 0026 1B68     		ldr	r3, [r3]
 170 0028 002B     		cmp	r3, #0
 171 002a F5D0     		beq	.L11
 172              	.LBB2:
  66:main.c        ****         {
  67:main.c        ****             uint8 pos = (uint8)CapSense_GetCentroidPos(CapSense_LINEARSLIDER0__LS);
 173              		.loc 1 67 0 is_stmt 1
 174 002c FFF7FEFF 		bl	CapSense_GetCentroidPos
 175              	.LVL18:
 176 0030 6B46     		mov	r3, sp
 177 0032 DC1C     		adds	r4, r3, #3
 178 0034 D870     		strb	r0, [r3, #3]
  68:main.c        ****             
  69:main.c        ****             CapSense_UpdateEnabledBaselines();
 179              		.loc 1 69 0
 180 0036 FFF7FEFF 		bl	CapSense_UpdateEnabledBaselines
 181              	.LVL19:
  70:main.c        ****             CapSense_ScanEnabledWidgets();
 182              		.loc 1 70 0
 183 003a FFF7FEFF 		bl	CapSense_ScanEnabledWidgets
 184              	.LVL20:
  71:main.c        ****             
  72:main.c        ****             if(pos != 0xFF)
 185              		.loc 1 72 0
 186 003e 2378     		ldrb	r3, [r4]
 187 0040 FF2B     		cmp	r3, #255
 188 0042 E9D0     		beq	.L11
 189              	.LBB3:
  73:main.c        ****             {
  74:main.c        ****                 CYBLE_GATTS_HANDLE_VALUE_IND_T capsenseHandle;
  75:main.c        ****                 
  76:main.c        ****                 capsenseHandle.attrHandle = CYBLE_CAPSENSE_SLIDER_CHAR_HANDLE;
 190              		.loc 1 76 0
 191 0044 01A8     		add	r0, sp, #4
 192 0046 1223     		movs	r3, #18
 193 0048 0381     		strh	r3, [r0, #8]
  77:main.c        ****                 capsenseHandle.value.val = &pos;
 194              		.loc 1 77 0
 195 004a 6B46     		mov	r3, sp
 196 004c 0333     		adds	r3, r3, #3
 197 004e 0193     		str	r3, [sp, #4]
  78:main.c        ****                 capsenseHandle.value.len = 1;
 198              		.loc 1 78 0
 199 0050 0123     		movs	r3, #1
 200 0052 8380     		strh	r3, [r0, #4]
  79:main.c        ****                 
  80:main.c        ****                 CyBle_GattsWriteAttributeValue(&capsenseHandle, 0, &connectionHandle, 0);
 201              		.loc 1 80 0
 202 0054 0023     		movs	r3, #0
 203 0056 0A4A     		ldr	r2, .L15+8
 204 0058 0021     		movs	r1, #0
 205 005a FFF7FEFF 		bl	CyBle_GattsWriteAttributeValue
ARM GAS  C:\Users\bryan.lee\AppData\Local\Temp\ccX34US3.s 			page 6


 206              	.LVL21:
  81:main.c        ****                 
  82:main.c        ****                 if(capsenseNotify)
 207              		.loc 1 82 0
 208 005e 094B     		ldr	r3, .L15+12
 209 0060 1B68     		ldr	r3, [r3]
 210 0062 002B     		cmp	r3, #0
 211 0064 D8D0     		beq	.L11
  83:main.c        ****                     CyBle_GattsNotification(connectionHandle, &capsenseHandle);
 212              		.loc 1 83 0
 213 0066 064A     		ldr	r2, .L15+8
 214 0068 1378     		ldrb	r3, [r2]
 215 006a 5078     		ldrb	r0, [r2, #1]
 216 006c 0002     		lsls	r0, r0, #8
 217 006e 1843     		orrs	r0, r3
 218 0070 01A9     		add	r1, sp, #4
 219 0072 FFF7FEFF 		bl	CyBle_GattsNotification
 220              	.LVL22:
 221 0076 CFE7     		b	.L11
 222              	.L16:
 223              		.align	2
 224              	.L15:
 225 0078 00000000 		.word	Stack_Handler
 226 007c 00000000 		.word	.LANCHOR0
 227 0080 00000000 		.word	connectionHandle
 228 0084 00000000 		.word	capsenseNotify
 229              	.LBE3:
 230              	.LBE2:
 231              		.cfi_endproc
 232              	.LFE36:
 233              		.size	main, .-main
 234              		.comm	connectionHandle,2,4
 235              		.global	bleConnected
 236              		.comm	capsenseNotify,4,4
 237              		.bss
 238              		.align	2
 239              		.set	.LANCHOR0,. + 0
 240              		.type	bleConnected, %object
 241              		.size	bleConnected, 4
 242              	bleConnected:
 243 0000 00000000 		.space	4
 244              		.text
 245              	.Letext0:
 246              		.file 2 "Generated_Source\\PSoC4/cytypes.h"
 247              		.file 3 "Generated_Source\\PSoC4/BLE_1_StackGatt.h"
 248              		.file 4 "Generated_Source\\PSoC4/BLE_1_StackGattServer.h"
 249              		.file 5 "Generated_Source\\PSoC4/BLE_1.h"
 250              		.file 6 "Generated_Source\\PSoC4/BLE_1_StackGattDb.h"
 251              		.file 7 "Generated_Source\\PSoC4/CapSense_CSHL.h"
 252              		.file 8 "Generated_Source\\PSoC4/CapSense.h"
 253              		.file 9 "Generated_Source\\PSoC4/BLE_1_Stack.h"
 254              		.section	.debug_info,"",%progbits
 255              	.Ldebug_info0:
 256 0000 AA050000 		.4byte	0x5aa
 257 0004 0400     		.2byte	0x4
 258 0006 00000000 		.4byte	.Ldebug_abbrev0
 259 000a 04       		.byte	0x4
ARM GAS  C:\Users\bryan.lee\AppData\Local\Temp\ccX34US3.s 			page 7


 260 000b 01       		.uleb128 0x1
 261 000c 61010000 		.4byte	.LASF121
 262 0010 0C       		.byte	0xc
 263 0011 4C060000 		.4byte	.LASF122
 264 0015 BC0A0000 		.4byte	.LASF123
 265 0019 00000000 		.4byte	.Ldebug_ranges0+0
 266 001d 00000000 		.4byte	0
 267 0021 00000000 		.4byte	.Ldebug_line0
 268 0025 02       		.uleb128 0x2
 269 0026 01       		.byte	0x1
 270 0027 06       		.byte	0x6
 271 0028 F0020000 		.4byte	.LASF0
 272 002c 02       		.uleb128 0x2
 273 002d 01       		.byte	0x1
 274 002e 08       		.byte	0x8
 275 002f 16090000 		.4byte	.LASF1
 276 0033 02       		.uleb128 0x2
 277 0034 02       		.byte	0x2
 278 0035 05       		.byte	0x5
 279 0036 68090000 		.4byte	.LASF2
 280 003a 02       		.uleb128 0x2
 281 003b 02       		.byte	0x2
 282 003c 07       		.byte	0x7
 283 003d 4E0B0000 		.4byte	.LASF3
 284 0041 02       		.uleb128 0x2
 285 0042 04       		.byte	0x4
 286 0043 05       		.byte	0x5
 287 0044 58010000 		.4byte	.LASF4
 288 0048 02       		.uleb128 0x2
 289 0049 04       		.byte	0x4
 290 004a 07       		.byte	0x7
 291 004b F3040000 		.4byte	.LASF5
 292 004f 02       		.uleb128 0x2
 293 0050 08       		.byte	0x8
 294 0051 05       		.byte	0x5
 295 0052 E2020000 		.4byte	.LASF6
 296 0056 02       		.uleb128 0x2
 297 0057 08       		.byte	0x8
 298 0058 07       		.byte	0x7
 299 0059 EF010000 		.4byte	.LASF7
 300 005d 03       		.uleb128 0x3
 301 005e 04       		.byte	0x4
 302 005f 05       		.byte	0x5
 303 0060 696E7400 		.ascii	"int\000"
 304 0064 02       		.uleb128 0x2
 305 0065 04       		.byte	0x4
 306 0066 07       		.byte	0x7
 307 0067 860A0000 		.4byte	.LASF8
 308 006b 04       		.uleb128 0x4
 309 006c C2030000 		.4byte	.LASF9
 310 0070 02       		.byte	0x2
 311 0071 E401     		.2byte	0x1e4
 312 0073 2C000000 		.4byte	0x2c
 313 0077 04       		.uleb128 0x4
 314 0078 3F000000 		.4byte	.LASF10
 315 007c 02       		.byte	0x2
 316 007d E501     		.2byte	0x1e5
ARM GAS  C:\Users\bryan.lee\AppData\Local\Temp\ccX34US3.s 			page 8


 317 007f 3A000000 		.4byte	0x3a
 318 0083 04       		.uleb128 0x4
 319 0084 1D040000 		.4byte	.LASF11
 320 0088 02       		.byte	0x2
 321 0089 E601     		.2byte	0x1e6
 322 008b 48000000 		.4byte	0x48
 323 008f 02       		.uleb128 0x2
 324 0090 04       		.byte	0x4
 325 0091 04       		.byte	0x4
 326 0092 DB080000 		.4byte	.LASF12
 327 0096 02       		.uleb128 0x2
 328 0097 08       		.byte	0x8
 329 0098 04       		.byte	0x4
 330 0099 E7030000 		.4byte	.LASF13
 331 009d 02       		.uleb128 0x2
 332 009e 01       		.byte	0x1
 333 009f 08       		.byte	0x8
 334 00a0 5F0A0000 		.4byte	.LASF14
 335 00a4 02       		.uleb128 0x2
 336 00a5 08       		.byte	0x8
 337 00a6 04       		.byte	0x4
 338 00a7 3B0A0000 		.4byte	.LASF15
 339 00ab 02       		.uleb128 0x2
 340 00ac 04       		.byte	0x4
 341 00ad 07       		.byte	0x7
 342 00ae 89070000 		.4byte	.LASF16
 343 00b2 05       		.uleb128 0x5
 344 00b3 04       		.byte	0x4
 345 00b4 06       		.uleb128 0x6
 346 00b5 01       		.byte	0x1
 347 00b6 2C000000 		.4byte	0x2c
 348 00ba 09       		.byte	0x9
 349 00bb 3201     		.2byte	0x132
 350 00bd 72020000 		.4byte	0x272
 351 00c1 07       		.uleb128 0x7
 352 00c2 BB050000 		.4byte	.LASF17
 353 00c6 00       		.byte	0
 354 00c7 07       		.uleb128 0x7
 355 00c8 FC020000 		.4byte	.LASF18
 356 00cc 01       		.byte	0x1
 357 00cd 07       		.uleb128 0x7
 358 00ce 46010000 		.4byte	.LASF19
 359 00d2 02       		.byte	0x2
 360 00d3 07       		.uleb128 0x7
 361 00d4 350B0000 		.4byte	.LASF20
 362 00d8 03       		.byte	0x3
 363 00d9 07       		.uleb128 0x7
 364 00da 19020000 		.4byte	.LASF21
 365 00de 04       		.byte	0x4
 366 00df 07       		.uleb128 0x7
 367 00e0 23000000 		.4byte	.LASF22
 368 00e4 05       		.byte	0x5
 369 00e5 07       		.uleb128 0x7
 370 00e6 F0050000 		.4byte	.LASF23
 371 00ea 06       		.byte	0x6
 372 00eb 07       		.uleb128 0x7
 373 00ec E3060000 		.4byte	.LASF24
ARM GAS  C:\Users\bryan.lee\AppData\Local\Temp\ccX34US3.s 			page 9


 374 00f0 20       		.byte	0x20
 375 00f1 07       		.uleb128 0x7
 376 00f2 38030000 		.4byte	.LASF25
 377 00f6 21       		.byte	0x21
 378 00f7 07       		.uleb128 0x7
 379 00f8 09060000 		.4byte	.LASF26
 380 00fc 22       		.byte	0x22
 381 00fd 07       		.uleb128 0x7
 382 00fe 80060000 		.4byte	.LASF27
 383 0102 23       		.byte	0x23
 384 0103 07       		.uleb128 0x7
 385 0104 3A080000 		.4byte	.LASF28
 386 0108 24       		.byte	0x24
 387 0109 07       		.uleb128 0x7
 388 010a B0070000 		.4byte	.LASF29
 389 010e 25       		.byte	0x25
 390 010f 07       		.uleb128 0x7
 391 0110 93030000 		.4byte	.LASF30
 392 0114 26       		.byte	0x26
 393 0115 07       		.uleb128 0x7
 394 0116 2D060000 		.4byte	.LASF31
 395 011a 27       		.byte	0x27
 396 011b 07       		.uleb128 0x7
 397 011c 640A0000 		.4byte	.LASF32
 398 0120 28       		.byte	0x28
 399 0121 07       		.uleb128 0x7
 400 0122 7C020000 		.4byte	.LASF33
 401 0126 29       		.byte	0x29
 402 0127 07       		.uleb128 0x7
 403 0128 95000000 		.4byte	.LASF34
 404 012c 2A       		.byte	0x2a
 405 012d 07       		.uleb128 0x7
 406 012e 0F030000 		.4byte	.LASF35
 407 0132 2B       		.byte	0x2b
 408 0133 07       		.uleb128 0x7
 409 0134 F20B0000 		.4byte	.LASF36
 410 0138 2C       		.byte	0x2c
 411 0139 07       		.uleb128 0x7
 412 013a B9020000 		.4byte	.LASF37
 413 013e 2D       		.byte	0x2d
 414 013f 07       		.uleb128 0x7
 415 0140 44090000 		.4byte	.LASF38
 416 0144 2E       		.byte	0x2e
 417 0145 07       		.uleb128 0x7
 418 0146 DF000000 		.4byte	.LASF39
 419 014a 2F       		.byte	0x2f
 420 014b 07       		.uleb128 0x7
 421 014c 05080000 		.4byte	.LASF40
 422 0150 30       		.byte	0x30
 423 0151 07       		.uleb128 0x7
 424 0152 7E0C0000 		.4byte	.LASF41
 425 0156 31       		.byte	0x31
 426 0157 07       		.uleb128 0x7
 427 0158 E4070000 		.4byte	.LASF42
 428 015c 32       		.byte	0x32
 429 015d 07       		.uleb128 0x7
 430 015e 140A0000 		.4byte	.LASF43
ARM GAS  C:\Users\bryan.lee\AppData\Local\Temp\ccX34US3.s 			page 10


 431 0162 33       		.byte	0x33
 432 0163 07       		.uleb128 0x7
 433 0164 05050000 		.4byte	.LASF44
 434 0168 34       		.byte	0x34
 435 0169 07       		.uleb128 0x7
 436 016a 61040000 		.4byte	.LASF45
 437 016e 35       		.byte	0x35
 438 016f 07       		.uleb128 0x7
 439 0170 53060000 		.4byte	.LASF46
 440 0174 36       		.byte	0x36
 441 0175 07       		.uleb128 0x7
 442 0176 15070000 		.4byte	.LASF47
 443 017a 37       		.byte	0x37
 444 017b 07       		.uleb128 0x7
 445 017c FA090000 		.4byte	.LASF48
 446 0180 40       		.byte	0x40
 447 0181 07       		.uleb128 0x7
 448 0182 A6060000 		.4byte	.LASF49
 449 0186 41       		.byte	0x41
 450 0187 07       		.uleb128 0x7
 451 0188 BE0C0000 		.4byte	.LASF50
 452 018c 42       		.byte	0x42
 453 018d 07       		.uleb128 0x7
 454 018e 700B0000 		.4byte	.LASF51
 455 0192 43       		.byte	0x43
 456 0193 07       		.uleb128 0x7
 457 0194 37050000 		.4byte	.LASF52
 458 0198 44       		.byte	0x44
 459 0199 07       		.uleb128 0x7
 460 019a B4080000 		.4byte	.LASF53
 461 019e 45       		.byte	0x45
 462 019f 07       		.uleb128 0x7
 463 01a0 68070000 		.4byte	.LASF54
 464 01a4 46       		.byte	0x46
 465 01a5 07       		.uleb128 0x7
 466 01a6 D2050000 		.4byte	.LASF55
 467 01aa 47       		.byte	0x47
 468 01ab 07       		.uleb128 0x7
 469 01ac CB0B0000 		.4byte	.LASF56
 470 01b0 48       		.byte	0x48
 471 01b1 07       		.uleb128 0x7
 472 01b2 4F030000 		.4byte	.LASF57
 473 01b6 49       		.byte	0x49
 474 01b7 07       		.uleb128 0x7
 475 01b8 990B0000 		.4byte	.LASF58
 476 01bc 4A       		.byte	0x4a
 477 01bd 07       		.uleb128 0x7
 478 01be 08010000 		.4byte	.LASF59
 479 01c2 4B       		.byte	0x4b
 480 01c3 07       		.uleb128 0x7
 481 01c4 1D050000 		.4byte	.LASF60
 482 01c8 4C       		.byte	0x4c
 483 01c9 07       		.uleb128 0x7
 484 01ca CA070000 		.4byte	.LASF61
 485 01ce 4D       		.byte	0x4d
 486 01cf 07       		.uleb128 0x7
 487 01d0 68030000 		.4byte	.LASF62
ARM GAS  C:\Users\bryan.lee\AppData\Local\Temp\ccX34US3.s 			page 11


 488 01d4 4E       		.byte	0x4e
 489 01d5 07       		.uleb128 0x7
 490 01d6 BA090000 		.4byte	.LASF63
 491 01da 4F       		.byte	0x4f
 492 01db 07       		.uleb128 0x7
 493 01dc 27010000 		.4byte	.LASF64
 494 01e0 50       		.byte	0x50
 495 01e1 07       		.uleb128 0x7
 496 01e2 C8030000 		.4byte	.LASF65
 497 01e6 51       		.byte	0x51
 498 01e7 07       		.uleb128 0x7
 499 01e8 56080000 		.4byte	.LASF66
 500 01ec 52       		.byte	0x52
 501 01ed 07       		.uleb128 0x7
 502 01ee 81090000 		.4byte	.LASF67
 503 01f2 53       		.byte	0x53
 504 01f3 07       		.uleb128 0x7
 505 01f4 D9090000 		.4byte	.LASF68
 506 01f8 54       		.byte	0x54
 507 01f9 07       		.uleb128 0x7
 508 01fa 55050000 		.4byte	.LASF69
 509 01fe 55       		.byte	0x55
 510 01ff 07       		.uleb128 0x7
 511 0200 A3040000 		.4byte	.LASF70
 512 0204 56       		.byte	0x56
 513 0205 07       		.uleb128 0x7
 514 0206 930A0000 		.4byte	.LASF71
 515 020a 57       		.byte	0x57
 516 020b 07       		.uleb128 0x7
 517 020c 79050000 		.4byte	.LASF72
 518 0210 58       		.byte	0x58
 519 0211 07       		.uleb128 0x7
 520 0212 56020000 		.4byte	.LASF73
 521 0216 70       		.byte	0x70
 522 0217 07       		.uleb128 0x7
 523 0218 530C0000 		.4byte	.LASF74
 524 021c 71       		.byte	0x71
 525 021d 07       		.uleb128 0x7
 526 021e C7060000 		.4byte	.LASF75
 527 0222 72       		.byte	0x72
 528 0223 07       		.uleb128 0x7
 529 0224 4A070000 		.4byte	.LASF76
 530 0228 73       		.byte	0x73
 531 0229 07       		.uleb128 0x7
 532 022a 96080000 		.4byte	.LASF77
 533 022e 74       		.byte	0x74
 534 022f 07       		.uleb128 0x7
 535 0230 EE030000 		.4byte	.LASF78
 536 0234 75       		.byte	0x75
 537 0235 07       		.uleb128 0x7
 538 0236 BE000000 		.4byte	.LASF79
 539 023a 76       		.byte	0x76
 540 023b 07       		.uleb128 0x7
 541 023c 46000000 		.4byte	.LASF80
 542 0240 77       		.byte	0x77
 543 0241 07       		.uleb128 0x7
 544 0242 00000000 		.4byte	.LASF81
ARM GAS  C:\Users\bryan.lee\AppData\Local\Temp\ccX34US3.s 			page 12


 545 0246 78       		.byte	0x78
 546 0247 07       		.uleb128 0x7
 547 0248 120B0000 		.4byte	.LASF82
 548 024c 79       		.byte	0x79
 549 024d 07       		.uleb128 0x7
 550 024e 3D040000 		.4byte	.LASF83
 551 0252 7A       		.byte	0x7a
 552 0253 07       		.uleb128 0x7
 553 0254 2E020000 		.4byte	.LASF84
 554 0258 FA       		.byte	0xfa
 555 0259 07       		.uleb128 0x7
 556 025a D4040000 		.4byte	.LASF85
 557 025e FB       		.byte	0xfb
 558 025f 07       		.uleb128 0x7
 559 0260 A8090000 		.4byte	.LASF86
 560 0264 FC       		.byte	0xfc
 561 0265 07       		.uleb128 0x7
 562 0266 470A0000 		.4byte	.LASF87
 563 026a FD       		.byte	0xfd
 564 026b 07       		.uleb128 0x7
 565 026c 24040000 		.4byte	.LASF88
 566 0270 FF       		.byte	0xff
 567 0271 00       		.byte	0
 568 0272 08       		.uleb128 0x8
 569 0273 04       		.byte	0x4
 570 0274 6B000000 		.4byte	0x6b
 571 0278 04       		.uleb128 0x4
 572 0279 A20C0000 		.4byte	.LASF89
 573 027d 03       		.byte	0x3
 574 027e 8901     		.2byte	0x189
 575 0280 77000000 		.4byte	0x77
 576 0284 09       		.uleb128 0x9
 577 0285 02       		.byte	0x2
 578 0286 03       		.byte	0x3
 579 0287 9301     		.2byte	0x193
 580 0289 A8020000 		.4byte	0x2a8
 581 028d 0A       		.uleb128 0xa
 582 028e 2E0C0000 		.4byte	.LASF90
 583 0292 03       		.byte	0x3
 584 0293 9A01     		.2byte	0x19a
 585 0295 6B000000 		.4byte	0x6b
 586 0299 00       		.byte	0
 587 029a 0A       		.uleb128 0xa
 588 029b C1060000 		.4byte	.LASF91
 589 029f 03       		.byte	0x3
 590 02a0 A001     		.2byte	0x1a0
 591 02a2 6B000000 		.4byte	0x6b
 592 02a6 01       		.byte	0x1
 593 02a7 00       		.byte	0
 594 02a8 04       		.uleb128 0x4
 595 02a9 65000000 		.4byte	.LASF92
 596 02ad 03       		.byte	0x3
 597 02ae A201     		.2byte	0x1a2
 598 02b0 84020000 		.4byte	0x284
 599 02b4 09       		.uleb128 0x9
 600 02b5 08       		.byte	0x8
 601 02b6 03       		.byte	0x3
ARM GAS  C:\Users\bryan.lee\AppData\Local\Temp\ccX34US3.s 			page 13


 602 02b7 BE01     		.2byte	0x1be
 603 02b9 E5020000 		.4byte	0x2e5
 604 02bd 0B       		.uleb128 0xb
 605 02be 76616C00 		.ascii	"val\000"
 606 02c2 03       		.byte	0x3
 607 02c3 C101     		.2byte	0x1c1
 608 02c5 72020000 		.4byte	0x272
 609 02c9 00       		.byte	0
 610 02ca 0B       		.uleb128 0xb
 611 02cb 6C656E00 		.ascii	"len\000"
 612 02cf 03       		.byte	0x3
 613 02d0 C401     		.2byte	0x1c4
 614 02d2 77000000 		.4byte	0x77
 615 02d6 04       		.byte	0x4
 616 02d7 0A       		.uleb128 0xa
 617 02d8 2E030000 		.4byte	.LASF93
 618 02dc 03       		.byte	0x3
 619 02dd CB01     		.2byte	0x1cb
 620 02df 77000000 		.4byte	0x77
 621 02e3 06       		.byte	0x6
 622 02e4 00       		.byte	0
 623 02e5 04       		.uleb128 0x4
 624 02e6 06020000 		.4byte	.LASF94
 625 02ea 03       		.byte	0x3
 626 02eb CD01     		.2byte	0x1cd
 627 02ed B4020000 		.4byte	0x2b4
 628 02f1 09       		.uleb128 0x9
 629 02f2 0C       		.byte	0xc
 630 02f3 03       		.byte	0x3
 631 02f4 D001     		.2byte	0x1d0
 632 02f6 15030000 		.4byte	0x315
 633 02fa 0A       		.uleb128 0xa
 634 02fb 7E040000 		.4byte	.LASF95
 635 02ff 03       		.byte	0x3
 636 0300 D301     		.2byte	0x1d3
 637 0302 E5020000 		.4byte	0x2e5
 638 0306 00       		.byte	0
 639 0307 0A       		.uleb128 0xa
 640 0308 32040000 		.4byte	.LASF96
 641 030c 03       		.byte	0x3
 642 030d D601     		.2byte	0x1d6
 643 030f 78020000 		.4byte	0x278
 644 0313 08       		.byte	0x8
 645 0314 00       		.byte	0
 646 0315 04       		.uleb128 0x4
 647 0316 77080000 		.4byte	.LASF97
 648 031a 03       		.byte	0x3
 649 031b D801     		.2byte	0x1d8
 650 031d F1020000 		.4byte	0x2f1
 651 0321 0C       		.uleb128 0xc
 652 0322 9C050000 		.4byte	.LASF98
 653 0326 04       		.byte	0x4
 654 0327 37       		.byte	0x37
 655 0328 15030000 		.4byte	0x315
 656 032c 0D       		.uleb128 0xd
 657 032d 10       		.byte	0x10
 658 032e 04       		.byte	0x4
ARM GAS  C:\Users\bryan.lee\AppData\Local\Temp\ccX34US3.s 			page 14


 659 032f 8A       		.byte	0x8a
 660 0330 4D030000 		.4byte	0x34d
 661 0334 0E       		.uleb128 0xe
 662 0335 79000000 		.4byte	.LASF99
 663 0339 04       		.byte	0x4
 664 033a 8D       		.byte	0x8d
 665 033b A8020000 		.4byte	0x2a8
 666 033f 00       		.byte	0
 667 0340 0E       		.uleb128 0xe
 668 0341 07070000 		.4byte	.LASF100
 669 0345 04       		.byte	0x4
 670 0346 90       		.byte	0x90
 671 0347 15030000 		.4byte	0x315
 672 034b 04       		.byte	0x4
 673 034c 00       		.byte	0
 674 034d 0C       		.uleb128 0xc
 675 034e 92070000 		.4byte	.LASF101
 676 0352 04       		.byte	0x4
 677 0353 92       		.byte	0x92
 678 0354 2C030000 		.4byte	0x32c
 679 0358 0F       		.uleb128 0xf
 680 0359 0F040000 		.4byte	.LASF124
 681 035d 01       		.byte	0x1
 682 035e 12       		.byte	0x12
 683 035f 00000000 		.4byte	.LFB35
 684 0363 70000000 		.4byte	.LFE35-.LFB35
 685 0367 01       		.uleb128 0x1
 686 0368 9C       		.byte	0x9c
 687 0369 FA030000 		.4byte	0x3fa
 688 036d 10       		.uleb128 0x10
 689 036e 4C020000 		.4byte	.LASF102
 690 0372 01       		.byte	0x1
 691 0373 12       		.byte	0x12
 692 0374 83000000 		.4byte	0x83
 693 0378 00000000 		.4byte	.LLST0
 694 037c 10       		.uleb128 0x10
 695 037d 8E0B0000 		.4byte	.LASF103
 696 0381 01       		.byte	0x1
 697 0382 12       		.byte	0x12
 698 0383 B2000000 		.4byte	0xb2
 699 0387 53000000 		.4byte	.LLST1
 700 038b 11       		.uleb128 0x11
 701 038c A2090000 		.4byte	.LASF104
 702 0390 01       		.byte	0x1
 703 0391 14       		.byte	0x14
 704 0392 FA030000 		.4byte	0x3fa
 705 0396 AB000000 		.4byte	.LLST2
 706 039a 12       		.uleb128 0x12
 707 039b 20000000 		.4byte	.LVL2
 708 039f 1B050000 		.4byte	0x51b
 709 03a3 AD030000 		.4byte	0x3ad
 710 03a7 13       		.uleb128 0x13
 711 03a8 01       		.uleb128 0x1
 712 03a9 50       		.byte	0x50
 713 03aa 01       		.uleb128 0x1
 714 03ab 30       		.byte	0x30
 715 03ac 00       		.byte	0
ARM GAS  C:\Users\bryan.lee\AppData\Local\Temp\ccX34US3.s 			page 15


 716 03ad 12       		.uleb128 0x12
 717 03ae 30000000 		.4byte	.LVL5
 718 03b2 27050000 		.4byte	0x527
 719 03b6 C9030000 		.4byte	0x3c9
 720 03ba 13       		.uleb128 0x13
 721 03bb 01       		.uleb128 0x1
 722 03bc 50       		.byte	0x50
 723 03bd 05       		.uleb128 0x5
 724 03be 03       		.byte	0x3
 725 03bf 00000000 		.4byte	connectionHandle
 726 03c3 13       		.uleb128 0x13
 727 03c4 01       		.uleb128 0x1
 728 03c5 52       		.byte	0x52
 729 03c6 01       		.uleb128 0x1
 730 03c7 32       		.byte	0x32
 731 03c8 00       		.byte	0
 732 03c9 12       		.uleb128 0x12
 733 03ca 4A000000 		.4byte	.LVL9
 734 03ce 30050000 		.4byte	0x530
 735 03d2 F0030000 		.4byte	0x3f0
 736 03d6 13       		.uleb128 0x13
 737 03d7 01       		.uleb128 0x1
 738 03d8 50       		.byte	0x50
 739 03d9 02       		.uleb128 0x2
 740 03da 74       		.byte	0x74
 741 03db 04       		.sleb128 4
 742 03dc 13       		.uleb128 0x13
 743 03dd 01       		.uleb128 0x1
 744 03de 51       		.byte	0x51
 745 03df 01       		.uleb128 0x1
 746 03e0 30       		.byte	0x30
 747 03e1 13       		.uleb128 0x13
 748 03e2 01       		.uleb128 0x1
 749 03e3 52       		.byte	0x52
 750 03e4 05       		.uleb128 0x5
 751 03e5 03       		.byte	0x3
 752 03e6 00000000 		.4byte	connectionHandle
 753 03ea 13       		.uleb128 0x13
 754 03eb 01       		.uleb128 0x1
 755 03ec 53       		.byte	0x53
 756 03ed 01       		.uleb128 0x1
 757 03ee 30       		.byte	0x30
 758 03ef 00       		.byte	0
 759 03f0 14       		.uleb128 0x14
 760 03f1 60000000 		.4byte	.LVL10
 761 03f5 3C050000 		.4byte	0x53c
 762 03f9 00       		.byte	0
 763 03fa 08       		.uleb128 0x8
 764 03fb 04       		.byte	0x4
 765 03fc 4D030000 		.4byte	0x34d
 766 0400 15       		.uleb128 0x15
 767 0401 790C0000 		.4byte	.LASF125
 768 0405 01       		.byte	0x1
 769 0406 31       		.byte	0x31
 770 0407 5D000000 		.4byte	0x5d
 771 040b 00000000 		.4byte	.LFB36
 772 040f 88000000 		.4byte	.LFE36-.LFB36
ARM GAS  C:\Users\bryan.lee\AppData\Local\Temp\ccX34US3.s 			page 16


 773 0413 01       		.uleb128 0x1
 774 0414 9C       		.byte	0x9c
 775 0415 E8040000 		.4byte	0x4e8
 776 0419 16       		.uleb128 0x16
 777 041a 2C000000 		.4byte	.LBB2
 778 041e 5C000000 		.4byte	.LBE2-.LBB2
 779 0422 A3040000 		.4byte	0x4a3
 780 0426 17       		.uleb128 0x17
 781 0427 706F7300 		.ascii	"pos\000"
 782 042b 01       		.byte	0x1
 783 042c 43       		.byte	0x43
 784 042d 6B000000 		.4byte	0x6b
 785 0431 02       		.uleb128 0x2
 786 0432 91       		.byte	0x91
 787 0433 6B       		.sleb128 -21
 788 0434 16       		.uleb128 0x16
 789 0435 44000000 		.4byte	.LBB3
 790 0439 44000000 		.4byte	.LBE3-.LBB3
 791 043d 87040000 		.4byte	0x487
 792 0441 18       		.uleb128 0x18
 793 0442 610B0000 		.4byte	.LASF105
 794 0446 01       		.byte	0x1
 795 0447 4A       		.byte	0x4a
 796 0448 21030000 		.4byte	0x321
 797 044c 02       		.uleb128 0x2
 798 044d 91       		.byte	0x91
 799 044e 6C       		.sleb128 -20
 800 044f 12       		.uleb128 0x12
 801 0450 5E000000 		.4byte	.LVL21
 802 0454 30050000 		.4byte	0x530
 803 0458 76040000 		.4byte	0x476
 804 045c 13       		.uleb128 0x13
 805 045d 01       		.uleb128 0x1
 806 045e 50       		.byte	0x50
 807 045f 02       		.uleb128 0x2
 808 0460 91       		.byte	0x91
 809 0461 6C       		.sleb128 -20
 810 0462 13       		.uleb128 0x13
 811 0463 01       		.uleb128 0x1
 812 0464 51       		.byte	0x51
 813 0465 01       		.uleb128 0x1
 814 0466 30       		.byte	0x30
 815 0467 13       		.uleb128 0x13
 816 0468 01       		.uleb128 0x1
 817 0469 52       		.byte	0x52
 818 046a 05       		.uleb128 0x5
 819 046b 03       		.byte	0x3
 820 046c 00000000 		.4byte	connectionHandle
 821 0470 13       		.uleb128 0x13
 822 0471 01       		.uleb128 0x1
 823 0472 53       		.byte	0x53
 824 0473 01       		.uleb128 0x1
 825 0474 30       		.byte	0x30
 826 0475 00       		.byte	0
 827 0476 19       		.uleb128 0x19
 828 0477 76000000 		.4byte	.LVL22
 829 047b 48050000 		.4byte	0x548
ARM GAS  C:\Users\bryan.lee\AppData\Local\Temp\ccX34US3.s 			page 17


 830 047f 13       		.uleb128 0x13
 831 0480 01       		.uleb128 0x1
 832 0481 51       		.byte	0x51
 833 0482 02       		.uleb128 0x2
 834 0483 91       		.byte	0x91
 835 0484 6C       		.sleb128 -20
 836 0485 00       		.byte	0
 837 0486 00       		.byte	0
 838 0487 14       		.uleb128 0x14
 839 0488 30000000 		.4byte	.LVL18
 840 048c 53050000 		.4byte	0x553
 841 0490 14       		.uleb128 0x14
 842 0491 3A000000 		.4byte	.LVL19
 843 0495 5E050000 		.4byte	0x55e
 844 0499 14       		.uleb128 0x14
 845 049a 3E000000 		.4byte	.LVL20
 846 049e 69050000 		.4byte	0x569
 847 04a2 00       		.byte	0
 848 04a3 14       		.uleb128 0x14
 849 04a4 0A000000 		.4byte	.LVL12
 850 04a8 74050000 		.4byte	0x574
 851 04ac 14       		.uleb128 0x14
 852 04ad 0E000000 		.4byte	.LVL13
 853 04b1 7F050000 		.4byte	0x57f
 854 04b5 14       		.uleb128 0x14
 855 04b6 12000000 		.4byte	.LVL14
 856 04ba 69050000 		.4byte	0x569
 857 04be 12       		.uleb128 0x12
 858 04bf 18000000 		.4byte	.LVL15
 859 04c3 8A050000 		.4byte	0x58a
 860 04c7 D5040000 		.4byte	0x4d5
 861 04cb 13       		.uleb128 0x13
 862 04cc 01       		.uleb128 0x1
 863 04cd 50       		.byte	0x50
 864 04ce 05       		.uleb128 0x5
 865 04cf 03       		.byte	0x3
 866 04d0 00000000 		.4byte	Stack_Handler
 867 04d4 00       		.byte	0
 868 04d5 14       		.uleb128 0x14
 869 04d6 1C000000 		.4byte	.LVL16
 870 04da 96050000 		.4byte	0x596
 871 04de 14       		.uleb128 0x14
 872 04df 20000000 		.4byte	.LVL17
 873 04e3 A2050000 		.4byte	0x5a2
 874 04e7 00       		.byte	0
 875 04e8 1A       		.uleb128 0x1a
 876 04e9 72090000 		.4byte	.LASF106
 877 04ed 01       		.byte	0x1
 878 04ee 0D       		.byte	0xd
 879 04ef 5D000000 		.4byte	0x5d
 880 04f3 05       		.uleb128 0x5
 881 04f4 03       		.byte	0x3
 882 04f5 00000000 		.4byte	capsenseNotify
 883 04f9 1A       		.uleb128 0x1a
 884 04fa 86030000 		.4byte	.LASF107
 885 04fe 01       		.byte	0x1
 886 04ff 0E       		.byte	0xe
ARM GAS  C:\Users\bryan.lee\AppData\Local\Temp\ccX34US3.s 			page 18


 887 0500 5D000000 		.4byte	0x5d
 888 0504 05       		.uleb128 0x5
 889 0505 03       		.byte	0x3
 890 0506 00000000 		.4byte	bleConnected
 891 050a 1A       		.uleb128 0x1a
 892 050b 84000000 		.4byte	.LASF108
 893 050f 01       		.byte	0x1
 894 0510 10       		.byte	0x10
 895 0511 A8020000 		.4byte	0x2a8
 896 0515 05       		.uleb128 0x5
 897 0516 03       		.byte	0x3
 898 0517 00000000 		.4byte	connectionHandle
 899 051b 1B       		.uleb128 0x1b
 900 051c E1080000 		.4byte	.LASF109
 901 0520 E1080000 		.4byte	.LASF109
 902 0524 05       		.byte	0x5
 903 0525 8002     		.2byte	0x280
 904 0527 1C       		.uleb128 0x1c
 905 0528 BB030000 		.4byte	.LASF126
 906 052c BB030000 		.4byte	.LASF126
 907 0530 1B       		.uleb128 0x1b
 908 0531 84040000 		.4byte	.LASF110
 909 0535 84040000 		.4byte	.LASF110
 910 0539 06       		.byte	0x6
 911 053a 8401     		.2byte	0x184
 912 053c 1B       		.uleb128 0x1b
 913 053d B70B0000 		.4byte	.LASF111
 914 0541 B70B0000 		.4byte	.LASF111
 915 0545 04       		.byte	0x4
 916 0546 C201     		.2byte	0x1c2
 917 0548 1D       		.uleb128 0x1d
 918 0549 160C0000 		.4byte	.LASF112
 919 054d 160C0000 		.4byte	.LASF112
 920 0551 04       		.byte	0x4
 921 0552 F2       		.byte	0xf2
 922 0553 1D       		.uleb128 0x1d
 923 0554 FE080000 		.4byte	.LASF113
 924 0558 FE080000 		.4byte	.LASF113
 925 055c 07       		.byte	0x7
 926 055d E2       		.byte	0xe2
 927 055e 1D       		.uleb128 0x1d
 928 055f 99020000 		.4byte	.LASF114
 929 0563 99020000 		.4byte	.LASF114
 930 0567 07       		.byte	0x7
 931 0568 AF       		.byte	0xaf
 932 0569 1D       		.uleb128 0x1d
 933 056a 370C0000 		.4byte	.LASF115
 934 056e 370C0000 		.4byte	.LASF115
 935 0572 08       		.byte	0x8
 936 0573 A2       		.byte	0xa2
 937 0574 1D       		.uleb128 0x1d
 938 0575 C5040000 		.4byte	.LASF116
 939 0579 C5040000 		.4byte	.LASF116
 940 057d 08       		.byte	0x8
 941 057e 99       		.byte	0x99
 942 057f 1D       		.uleb128 0x1d
 943 0580 24090000 		.4byte	.LASF117
ARM GAS  C:\Users\bryan.lee\AppData\Local\Temp\ccX34US3.s 			page 19


 944 0584 24090000 		.4byte	.LASF117
 945 0588 07       		.byte	0x7
 946 0589 AB       		.byte	0xab
 947 058a 1B       		.uleb128 0x1b
 948 058b 74060000 		.4byte	.LASF118
 949 058f 74060000 		.4byte	.LASF118
 950 0593 05       		.byte	0x5
 951 0594 7002     		.2byte	0x270
 952 0596 1B       		.uleb128 0x1b
 953 0597 26080000 		.4byte	.LASF119
 954 059b 26080000 		.4byte	.LASF119
 955 059f 09       		.byte	0x9
 956 05a0 CC07     		.2byte	0x7cc
 957 05a2 1D       		.uleb128 0x1d
 958 05a3 DC0C0000 		.4byte	.LASF120
 959 05a7 DC0C0000 		.4byte	.LASF120
 960 05ab 08       		.byte	0x8
 961 05ac 9F       		.byte	0x9f
 962 05ad 00       		.byte	0
 963              		.section	.debug_abbrev,"",%progbits
 964              	.Ldebug_abbrev0:
 965 0000 01       		.uleb128 0x1
 966 0001 11       		.uleb128 0x11
 967 0002 01       		.byte	0x1
 968 0003 25       		.uleb128 0x25
 969 0004 0E       		.uleb128 0xe
 970 0005 13       		.uleb128 0x13
 971 0006 0B       		.uleb128 0xb
 972 0007 03       		.uleb128 0x3
 973 0008 0E       		.uleb128 0xe
 974 0009 1B       		.uleb128 0x1b
 975 000a 0E       		.uleb128 0xe
 976 000b 55       		.uleb128 0x55
 977 000c 17       		.uleb128 0x17
 978 000d 11       		.uleb128 0x11
 979 000e 01       		.uleb128 0x1
 980 000f 10       		.uleb128 0x10
 981 0010 17       		.uleb128 0x17
 982 0011 00       		.byte	0
 983 0012 00       		.byte	0
 984 0013 02       		.uleb128 0x2
 985 0014 24       		.uleb128 0x24
 986 0015 00       		.byte	0
 987 0016 0B       		.uleb128 0xb
 988 0017 0B       		.uleb128 0xb
 989 0018 3E       		.uleb128 0x3e
 990 0019 0B       		.uleb128 0xb
 991 001a 03       		.uleb128 0x3
 992 001b 0E       		.uleb128 0xe
 993 001c 00       		.byte	0
 994 001d 00       		.byte	0
 995 001e 03       		.uleb128 0x3
 996 001f 24       		.uleb128 0x24
 997 0020 00       		.byte	0
 998 0021 0B       		.uleb128 0xb
 999 0022 0B       		.uleb128 0xb
 1000 0023 3E       		.uleb128 0x3e
ARM GAS  C:\Users\bryan.lee\AppData\Local\Temp\ccX34US3.s 			page 20


 1001 0024 0B       		.uleb128 0xb
 1002 0025 03       		.uleb128 0x3
 1003 0026 08       		.uleb128 0x8
 1004 0027 00       		.byte	0
 1005 0028 00       		.byte	0
 1006 0029 04       		.uleb128 0x4
 1007 002a 16       		.uleb128 0x16
 1008 002b 00       		.byte	0
 1009 002c 03       		.uleb128 0x3
 1010 002d 0E       		.uleb128 0xe
 1011 002e 3A       		.uleb128 0x3a
 1012 002f 0B       		.uleb128 0xb
 1013 0030 3B       		.uleb128 0x3b
 1014 0031 05       		.uleb128 0x5
 1015 0032 49       		.uleb128 0x49
 1016 0033 13       		.uleb128 0x13
 1017 0034 00       		.byte	0
 1018 0035 00       		.byte	0
 1019 0036 05       		.uleb128 0x5
 1020 0037 0F       		.uleb128 0xf
 1021 0038 00       		.byte	0
 1022 0039 0B       		.uleb128 0xb
 1023 003a 0B       		.uleb128 0xb
 1024 003b 00       		.byte	0
 1025 003c 00       		.byte	0
 1026 003d 06       		.uleb128 0x6
 1027 003e 04       		.uleb128 0x4
 1028 003f 01       		.byte	0x1
 1029 0040 0B       		.uleb128 0xb
 1030 0041 0B       		.uleb128 0xb
 1031 0042 49       		.uleb128 0x49
 1032 0043 13       		.uleb128 0x13
 1033 0044 3A       		.uleb128 0x3a
 1034 0045 0B       		.uleb128 0xb
 1035 0046 3B       		.uleb128 0x3b
 1036 0047 05       		.uleb128 0x5
 1037 0048 01       		.uleb128 0x1
 1038 0049 13       		.uleb128 0x13
 1039 004a 00       		.byte	0
 1040 004b 00       		.byte	0
 1041 004c 07       		.uleb128 0x7
 1042 004d 28       		.uleb128 0x28
 1043 004e 00       		.byte	0
 1044 004f 03       		.uleb128 0x3
 1045 0050 0E       		.uleb128 0xe
 1046 0051 1C       		.uleb128 0x1c
 1047 0052 0B       		.uleb128 0xb
 1048 0053 00       		.byte	0
 1049 0054 00       		.byte	0
 1050 0055 08       		.uleb128 0x8
 1051 0056 0F       		.uleb128 0xf
 1052 0057 00       		.byte	0
 1053 0058 0B       		.uleb128 0xb
 1054 0059 0B       		.uleb128 0xb
 1055 005a 49       		.uleb128 0x49
 1056 005b 13       		.uleb128 0x13
 1057 005c 00       		.byte	0
ARM GAS  C:\Users\bryan.lee\AppData\Local\Temp\ccX34US3.s 			page 21


 1058 005d 00       		.byte	0
 1059 005e 09       		.uleb128 0x9
 1060 005f 13       		.uleb128 0x13
 1061 0060 01       		.byte	0x1
 1062 0061 0B       		.uleb128 0xb
 1063 0062 0B       		.uleb128 0xb
 1064 0063 3A       		.uleb128 0x3a
 1065 0064 0B       		.uleb128 0xb
 1066 0065 3B       		.uleb128 0x3b
 1067 0066 05       		.uleb128 0x5
 1068 0067 01       		.uleb128 0x1
 1069 0068 13       		.uleb128 0x13
 1070 0069 00       		.byte	0
 1071 006a 00       		.byte	0
 1072 006b 0A       		.uleb128 0xa
 1073 006c 0D       		.uleb128 0xd
 1074 006d 00       		.byte	0
 1075 006e 03       		.uleb128 0x3
 1076 006f 0E       		.uleb128 0xe
 1077 0070 3A       		.uleb128 0x3a
 1078 0071 0B       		.uleb128 0xb
 1079 0072 3B       		.uleb128 0x3b
 1080 0073 05       		.uleb128 0x5
 1081 0074 49       		.uleb128 0x49
 1082 0075 13       		.uleb128 0x13
 1083 0076 38       		.uleb128 0x38
 1084 0077 0B       		.uleb128 0xb
 1085 0078 00       		.byte	0
 1086 0079 00       		.byte	0
 1087 007a 0B       		.uleb128 0xb
 1088 007b 0D       		.uleb128 0xd
 1089 007c 00       		.byte	0
 1090 007d 03       		.uleb128 0x3
 1091 007e 08       		.uleb128 0x8
 1092 007f 3A       		.uleb128 0x3a
 1093 0080 0B       		.uleb128 0xb
 1094 0081 3B       		.uleb128 0x3b
 1095 0082 05       		.uleb128 0x5
 1096 0083 49       		.uleb128 0x49
 1097 0084 13       		.uleb128 0x13
 1098 0085 38       		.uleb128 0x38
 1099 0086 0B       		.uleb128 0xb
 1100 0087 00       		.byte	0
 1101 0088 00       		.byte	0
 1102 0089 0C       		.uleb128 0xc
 1103 008a 16       		.uleb128 0x16
 1104 008b 00       		.byte	0
 1105 008c 03       		.uleb128 0x3
 1106 008d 0E       		.uleb128 0xe
 1107 008e 3A       		.uleb128 0x3a
 1108 008f 0B       		.uleb128 0xb
 1109 0090 3B       		.uleb128 0x3b
 1110 0091 0B       		.uleb128 0xb
 1111 0092 49       		.uleb128 0x49
 1112 0093 13       		.uleb128 0x13
 1113 0094 00       		.byte	0
 1114 0095 00       		.byte	0
ARM GAS  C:\Users\bryan.lee\AppData\Local\Temp\ccX34US3.s 			page 22


 1115 0096 0D       		.uleb128 0xd
 1116 0097 13       		.uleb128 0x13
 1117 0098 01       		.byte	0x1
 1118 0099 0B       		.uleb128 0xb
 1119 009a 0B       		.uleb128 0xb
 1120 009b 3A       		.uleb128 0x3a
 1121 009c 0B       		.uleb128 0xb
 1122 009d 3B       		.uleb128 0x3b
 1123 009e 0B       		.uleb128 0xb
 1124 009f 01       		.uleb128 0x1
 1125 00a0 13       		.uleb128 0x13
 1126 00a1 00       		.byte	0
 1127 00a2 00       		.byte	0
 1128 00a3 0E       		.uleb128 0xe
 1129 00a4 0D       		.uleb128 0xd
 1130 00a5 00       		.byte	0
 1131 00a6 03       		.uleb128 0x3
 1132 00a7 0E       		.uleb128 0xe
 1133 00a8 3A       		.uleb128 0x3a
 1134 00a9 0B       		.uleb128 0xb
 1135 00aa 3B       		.uleb128 0x3b
 1136 00ab 0B       		.uleb128 0xb
 1137 00ac 49       		.uleb128 0x49
 1138 00ad 13       		.uleb128 0x13
 1139 00ae 38       		.uleb128 0x38
 1140 00af 0B       		.uleb128 0xb
 1141 00b0 00       		.byte	0
 1142 00b1 00       		.byte	0
 1143 00b2 0F       		.uleb128 0xf
 1144 00b3 2E       		.uleb128 0x2e
 1145 00b4 01       		.byte	0x1
 1146 00b5 3F       		.uleb128 0x3f
 1147 00b6 19       		.uleb128 0x19
 1148 00b7 03       		.uleb128 0x3
 1149 00b8 0E       		.uleb128 0xe
 1150 00b9 3A       		.uleb128 0x3a
 1151 00ba 0B       		.uleb128 0xb
 1152 00bb 3B       		.uleb128 0x3b
 1153 00bc 0B       		.uleb128 0xb
 1154 00bd 27       		.uleb128 0x27
 1155 00be 19       		.uleb128 0x19
 1156 00bf 11       		.uleb128 0x11
 1157 00c0 01       		.uleb128 0x1
 1158 00c1 12       		.uleb128 0x12
 1159 00c2 06       		.uleb128 0x6
 1160 00c3 40       		.uleb128 0x40
 1161 00c4 18       		.uleb128 0x18
 1162 00c5 9742     		.uleb128 0x2117
 1163 00c7 19       		.uleb128 0x19
 1164 00c8 01       		.uleb128 0x1
 1165 00c9 13       		.uleb128 0x13
 1166 00ca 00       		.byte	0
 1167 00cb 00       		.byte	0
 1168 00cc 10       		.uleb128 0x10
 1169 00cd 05       		.uleb128 0x5
 1170 00ce 00       		.byte	0
 1171 00cf 03       		.uleb128 0x3
ARM GAS  C:\Users\bryan.lee\AppData\Local\Temp\ccX34US3.s 			page 23


 1172 00d0 0E       		.uleb128 0xe
 1173 00d1 3A       		.uleb128 0x3a
 1174 00d2 0B       		.uleb128 0xb
 1175 00d3 3B       		.uleb128 0x3b
 1176 00d4 0B       		.uleb128 0xb
 1177 00d5 49       		.uleb128 0x49
 1178 00d6 13       		.uleb128 0x13
 1179 00d7 02       		.uleb128 0x2
 1180 00d8 17       		.uleb128 0x17
 1181 00d9 00       		.byte	0
 1182 00da 00       		.byte	0
 1183 00db 11       		.uleb128 0x11
 1184 00dc 34       		.uleb128 0x34
 1185 00dd 00       		.byte	0
 1186 00de 03       		.uleb128 0x3
 1187 00df 0E       		.uleb128 0xe
 1188 00e0 3A       		.uleb128 0x3a
 1189 00e1 0B       		.uleb128 0xb
 1190 00e2 3B       		.uleb128 0x3b
 1191 00e3 0B       		.uleb128 0xb
 1192 00e4 49       		.uleb128 0x49
 1193 00e5 13       		.uleb128 0x13
 1194 00e6 02       		.uleb128 0x2
 1195 00e7 17       		.uleb128 0x17
 1196 00e8 00       		.byte	0
 1197 00e9 00       		.byte	0
 1198 00ea 12       		.uleb128 0x12
 1199 00eb 898201   		.uleb128 0x4109
 1200 00ee 01       		.byte	0x1
 1201 00ef 11       		.uleb128 0x11
 1202 00f0 01       		.uleb128 0x1
 1203 00f1 31       		.uleb128 0x31
 1204 00f2 13       		.uleb128 0x13
 1205 00f3 01       		.uleb128 0x1
 1206 00f4 13       		.uleb128 0x13
 1207 00f5 00       		.byte	0
 1208 00f6 00       		.byte	0
 1209 00f7 13       		.uleb128 0x13
 1210 00f8 8A8201   		.uleb128 0x410a
 1211 00fb 00       		.byte	0
 1212 00fc 02       		.uleb128 0x2
 1213 00fd 18       		.uleb128 0x18
 1214 00fe 9142     		.uleb128 0x2111
 1215 0100 18       		.uleb128 0x18
 1216 0101 00       		.byte	0
 1217 0102 00       		.byte	0
 1218 0103 14       		.uleb128 0x14
 1219 0104 898201   		.uleb128 0x4109
 1220 0107 00       		.byte	0
 1221 0108 11       		.uleb128 0x11
 1222 0109 01       		.uleb128 0x1
 1223 010a 31       		.uleb128 0x31
 1224 010b 13       		.uleb128 0x13
 1225 010c 00       		.byte	0
 1226 010d 00       		.byte	0
 1227 010e 15       		.uleb128 0x15
 1228 010f 2E       		.uleb128 0x2e
ARM GAS  C:\Users\bryan.lee\AppData\Local\Temp\ccX34US3.s 			page 24


 1229 0110 01       		.byte	0x1
 1230 0111 3F       		.uleb128 0x3f
 1231 0112 19       		.uleb128 0x19
 1232 0113 03       		.uleb128 0x3
 1233 0114 0E       		.uleb128 0xe
 1234 0115 3A       		.uleb128 0x3a
 1235 0116 0B       		.uleb128 0xb
 1236 0117 3B       		.uleb128 0x3b
 1237 0118 0B       		.uleb128 0xb
 1238 0119 27       		.uleb128 0x27
 1239 011a 19       		.uleb128 0x19
 1240 011b 49       		.uleb128 0x49
 1241 011c 13       		.uleb128 0x13
 1242 011d 8701     		.uleb128 0x87
 1243 011f 19       		.uleb128 0x19
 1244 0120 11       		.uleb128 0x11
 1245 0121 01       		.uleb128 0x1
 1246 0122 12       		.uleb128 0x12
 1247 0123 06       		.uleb128 0x6
 1248 0124 40       		.uleb128 0x40
 1249 0125 18       		.uleb128 0x18
 1250 0126 9742     		.uleb128 0x2117
 1251 0128 19       		.uleb128 0x19
 1252 0129 01       		.uleb128 0x1
 1253 012a 13       		.uleb128 0x13
 1254 012b 00       		.byte	0
 1255 012c 00       		.byte	0
 1256 012d 16       		.uleb128 0x16
 1257 012e 0B       		.uleb128 0xb
 1258 012f 01       		.byte	0x1
 1259 0130 11       		.uleb128 0x11
 1260 0131 01       		.uleb128 0x1
 1261 0132 12       		.uleb128 0x12
 1262 0133 06       		.uleb128 0x6
 1263 0134 01       		.uleb128 0x1
 1264 0135 13       		.uleb128 0x13
 1265 0136 00       		.byte	0
 1266 0137 00       		.byte	0
 1267 0138 17       		.uleb128 0x17
 1268 0139 34       		.uleb128 0x34
 1269 013a 00       		.byte	0
 1270 013b 03       		.uleb128 0x3
 1271 013c 08       		.uleb128 0x8
 1272 013d 3A       		.uleb128 0x3a
 1273 013e 0B       		.uleb128 0xb
 1274 013f 3B       		.uleb128 0x3b
 1275 0140 0B       		.uleb128 0xb
 1276 0141 49       		.uleb128 0x49
 1277 0142 13       		.uleb128 0x13
 1278 0143 02       		.uleb128 0x2
 1279 0144 18       		.uleb128 0x18
 1280 0145 00       		.byte	0
 1281 0146 00       		.byte	0
 1282 0147 18       		.uleb128 0x18
 1283 0148 34       		.uleb128 0x34
 1284 0149 00       		.byte	0
 1285 014a 03       		.uleb128 0x3
ARM GAS  C:\Users\bryan.lee\AppData\Local\Temp\ccX34US3.s 			page 25


 1286 014b 0E       		.uleb128 0xe
 1287 014c 3A       		.uleb128 0x3a
 1288 014d 0B       		.uleb128 0xb
 1289 014e 3B       		.uleb128 0x3b
 1290 014f 0B       		.uleb128 0xb
 1291 0150 49       		.uleb128 0x49
 1292 0151 13       		.uleb128 0x13
 1293 0152 02       		.uleb128 0x2
 1294 0153 18       		.uleb128 0x18
 1295 0154 00       		.byte	0
 1296 0155 00       		.byte	0
 1297 0156 19       		.uleb128 0x19
 1298 0157 898201   		.uleb128 0x4109
 1299 015a 01       		.byte	0x1
 1300 015b 11       		.uleb128 0x11
 1301 015c 01       		.uleb128 0x1
 1302 015d 31       		.uleb128 0x31
 1303 015e 13       		.uleb128 0x13
 1304 015f 00       		.byte	0
 1305 0160 00       		.byte	0
 1306 0161 1A       		.uleb128 0x1a
 1307 0162 34       		.uleb128 0x34
 1308 0163 00       		.byte	0
 1309 0164 03       		.uleb128 0x3
 1310 0165 0E       		.uleb128 0xe
 1311 0166 3A       		.uleb128 0x3a
 1312 0167 0B       		.uleb128 0xb
 1313 0168 3B       		.uleb128 0x3b
 1314 0169 0B       		.uleb128 0xb
 1315 016a 49       		.uleb128 0x49
 1316 016b 13       		.uleb128 0x13
 1317 016c 3F       		.uleb128 0x3f
 1318 016d 19       		.uleb128 0x19
 1319 016e 02       		.uleb128 0x2
 1320 016f 18       		.uleb128 0x18
 1321 0170 00       		.byte	0
 1322 0171 00       		.byte	0
 1323 0172 1B       		.uleb128 0x1b
 1324 0173 2E       		.uleb128 0x2e
 1325 0174 00       		.byte	0
 1326 0175 3F       		.uleb128 0x3f
 1327 0176 19       		.uleb128 0x19
 1328 0177 3C       		.uleb128 0x3c
 1329 0178 19       		.uleb128 0x19
 1330 0179 6E       		.uleb128 0x6e
 1331 017a 0E       		.uleb128 0xe
 1332 017b 03       		.uleb128 0x3
 1333 017c 0E       		.uleb128 0xe
 1334 017d 3A       		.uleb128 0x3a
 1335 017e 0B       		.uleb128 0xb
 1336 017f 3B       		.uleb128 0x3b
 1337 0180 05       		.uleb128 0x5
 1338 0181 00       		.byte	0
 1339 0182 00       		.byte	0
 1340 0183 1C       		.uleb128 0x1c
 1341 0184 2E       		.uleb128 0x2e
 1342 0185 00       		.byte	0
ARM GAS  C:\Users\bryan.lee\AppData\Local\Temp\ccX34US3.s 			page 26


 1343 0186 3F       		.uleb128 0x3f
 1344 0187 19       		.uleb128 0x19
 1345 0188 3C       		.uleb128 0x3c
 1346 0189 19       		.uleb128 0x19
 1347 018a 6E       		.uleb128 0x6e
 1348 018b 0E       		.uleb128 0xe
 1349 018c 03       		.uleb128 0x3
 1350 018d 0E       		.uleb128 0xe
 1351 018e 00       		.byte	0
 1352 018f 00       		.byte	0
 1353 0190 1D       		.uleb128 0x1d
 1354 0191 2E       		.uleb128 0x2e
 1355 0192 00       		.byte	0
 1356 0193 3F       		.uleb128 0x3f
 1357 0194 19       		.uleb128 0x19
 1358 0195 3C       		.uleb128 0x3c
 1359 0196 19       		.uleb128 0x19
 1360 0197 6E       		.uleb128 0x6e
 1361 0198 0E       		.uleb128 0xe
 1362 0199 03       		.uleb128 0x3
 1363 019a 0E       		.uleb128 0xe
 1364 019b 3A       		.uleb128 0x3a
 1365 019c 0B       		.uleb128 0xb
 1366 019d 3B       		.uleb128 0x3b
 1367 019e 0B       		.uleb128 0xb
 1368 019f 00       		.byte	0
 1369 01a0 00       		.byte	0
 1370 01a1 00       		.byte	0
 1371              		.section	.debug_loc,"",%progbits
 1372              	.Ldebug_loc0:
 1373              	.LLST0:
 1374 0000 00000000 		.4byte	.LVL0
 1375 0004 1C000000 		.4byte	.LVL1
 1376 0008 0100     		.2byte	0x1
 1377 000a 50       		.byte	0x50
 1378 000b 1C000000 		.4byte	.LVL1
 1379 000f 28000000 		.4byte	.LVL3
 1380 0013 0400     		.2byte	0x4
 1381 0015 F3       		.byte	0xf3
 1382 0016 01       		.uleb128 0x1
 1383 0017 50       		.byte	0x50
 1384 0018 9F       		.byte	0x9f
 1385 0019 28000000 		.4byte	.LVL3
 1386 001d 2C000000 		.4byte	.LVL4
 1387 0021 0100     		.2byte	0x1
 1388 0023 50       		.byte	0x50
 1389 0024 2C000000 		.4byte	.LVL4
 1390 0028 38000000 		.4byte	.LVL6
 1391 002c 0400     		.2byte	0x4
 1392 002e F3       		.byte	0xf3
 1393 002f 01       		.uleb128 0x1
 1394 0030 50       		.byte	0x50
 1395 0031 9F       		.byte	0x9f
 1396 0032 38000000 		.4byte	.LVL6
 1397 0036 40000000 		.4byte	.LVL7
 1398 003a 0100     		.2byte	0x1
 1399 003c 50       		.byte	0x50
ARM GAS  C:\Users\bryan.lee\AppData\Local\Temp\ccX34US3.s 			page 27


 1400 003d 40000000 		.4byte	.LVL7
 1401 0041 70000000 		.4byte	.LFE35
 1402 0045 0400     		.2byte	0x4
 1403 0047 F3       		.byte	0xf3
 1404 0048 01       		.uleb128 0x1
 1405 0049 50       		.byte	0x50
 1406 004a 9F       		.byte	0x9f
 1407 004b 00000000 		.4byte	0
 1408 004f 00000000 		.4byte	0
 1409              	.LLST1:
 1410 0053 00000000 		.4byte	.LVL0
 1411 0057 1F000000 		.4byte	.LVL2-1
 1412 005b 0100     		.2byte	0x1
 1413 005d 51       		.byte	0x51
 1414 005e 1F000000 		.4byte	.LVL2-1
 1415 0062 28000000 		.4byte	.LVL3
 1416 0066 0100     		.2byte	0x1
 1417 0068 54       		.byte	0x54
 1418 0069 28000000 		.4byte	.LVL3
 1419 006d 2F000000 		.4byte	.LVL5-1
 1420 0071 0100     		.2byte	0x1
 1421 0073 51       		.byte	0x51
 1422 0074 2F000000 		.4byte	.LVL5-1
 1423 0078 38000000 		.4byte	.LVL6
 1424 007c 0100     		.2byte	0x1
 1425 007e 54       		.byte	0x54
 1426 007f 38000000 		.4byte	.LVL6
 1427 0083 46000000 		.4byte	.LVL8
 1428 0087 0100     		.2byte	0x1
 1429 0089 51       		.byte	0x51
 1430 008a 46000000 		.4byte	.LVL8
 1431 008e 60000000 		.4byte	.LVL11
 1432 0092 0100     		.2byte	0x1
 1433 0094 54       		.byte	0x54
 1434 0095 60000000 		.4byte	.LVL11
 1435 0099 70000000 		.4byte	.LFE35
 1436 009d 0400     		.2byte	0x4
 1437 009f F3       		.byte	0xf3
 1438 00a0 01       		.uleb128 0x1
 1439 00a1 51       		.byte	0x51
 1440 00a2 9F       		.byte	0x9f
 1441 00a3 00000000 		.4byte	0
 1442 00a7 00000000 		.4byte	0
 1443              	.LLST2:
 1444 00ab 38000000 		.4byte	.LVL6
 1445 00af 46000000 		.4byte	.LVL8
 1446 00b3 0100     		.2byte	0x1
 1447 00b5 51       		.byte	0x51
 1448 00b6 46000000 		.4byte	.LVL8
 1449 00ba 60000000 		.4byte	.LVL10
 1450 00be 0100     		.2byte	0x1
 1451 00c0 54       		.byte	0x54
 1452 00c1 00000000 		.4byte	0
 1453 00c5 00000000 		.4byte	0
 1454              		.section	.debug_aranges,"",%progbits
 1455 0000 24000000 		.4byte	0x24
 1456 0004 0200     		.2byte	0x2
ARM GAS  C:\Users\bryan.lee\AppData\Local\Temp\ccX34US3.s 			page 28


 1457 0006 00000000 		.4byte	.Ldebug_info0
 1458 000a 04       		.byte	0x4
 1459 000b 00       		.byte	0
 1460 000c 0000     		.2byte	0
 1461 000e 0000     		.2byte	0
 1462 0010 00000000 		.4byte	.LFB35
 1463 0014 70000000 		.4byte	.LFE35-.LFB35
 1464 0018 00000000 		.4byte	.LFB36
 1465 001c 88000000 		.4byte	.LFE36-.LFB36
 1466 0020 00000000 		.4byte	0
 1467 0024 00000000 		.4byte	0
 1468              		.section	.debug_ranges,"",%progbits
 1469              	.Ldebug_ranges0:
 1470 0000 00000000 		.4byte	.LFB35
 1471 0004 70000000 		.4byte	.LFE35
 1472 0008 00000000 		.4byte	.LFB36
 1473 000c 88000000 		.4byte	.LFE36
 1474 0010 00000000 		.4byte	0
 1475 0014 00000000 		.4byte	0
 1476              		.section	.debug_line,"",%progbits
 1477              	.Ldebug_line0:
 1478 0000 0C010000 		.section	.debug_str,"MS",%progbits,1
 1478      0200C500 
 1478      00000201 
 1478      FB0E0D00 
 1478      01010101 
 1479              	.LASF81:
 1480 0000 4359424C 		.ascii	"CYBLE_EVT_L2CAP_CBFC_RX_CREDIT_IND\000"
 1480      455F4556 
 1480      545F4C32 
 1480      4341505F 
 1480      43424643 
 1481              	.LASF22:
 1482 0023 4359424C 		.ascii	"CYBLE_EVT_STACK_BUSY_STATUS\000"
 1482      455F4556 
 1482      545F5354 
 1482      41434B5F 
 1482      42555359 
 1483              	.LASF10:
 1484 003f 75696E74 		.ascii	"uint16\000"
 1484      313600
 1485              	.LASF80:
 1486 0046 4359424C 		.ascii	"CYBLE_EVT_L2CAP_CBFC_DATA_READ\000"
 1486      455F4556 
 1486      545F4C32 
 1486      4341505F 
 1486      43424643 
 1487              	.LASF92:
 1488 0065 4359424C 		.ascii	"CYBLE_CONN_HANDLE_T\000"
 1488      455F434F 
 1488      4E4E5F48 
 1488      414E444C 
 1488      455F5400 
 1489              	.LASF99:
 1490 0079 636F6E6E 		.ascii	"connHandle\000"
 1490      48616E64 
 1490      6C6500
ARM GAS  C:\Users\bryan.lee\AppData\Local\Temp\ccX34US3.s 			page 29


 1491              	.LASF108:
 1492 0084 636F6E6E 		.ascii	"connectionHandle\000"
 1492      65637469 
 1492      6F6E4861 
 1492      6E646C65 
 1492      00
 1493              	.LASF34:
 1494 0095 4359424C 		.ascii	"CYBLE_EVT_GAP_CONNECTION_UPDATE_COMPLETE\000"
 1494      455F4556 
 1494      545F4741 
 1494      505F434F 
 1494      4E4E4543 
 1495              	.LASF79:
 1496 00be 4359424C 		.ascii	"CYBLE_EVT_L2CAP_CBFC_DISCONN_CNF\000"
 1496      455F4556 
 1496      545F4C32 
 1496      4341505F 
 1496      43424643 
 1497              	.LASF39:
 1498 00df 4359424C 		.ascii	"CYBLE_EVT_GAP_OOB_GENERATED_NOTIFICATION\000"
 1498      455F4556 
 1498      545F4741 
 1498      505F4F4F 
 1498      425F4745 
 1499              	.LASF59:
 1500 0108 4359424C 		.ascii	"CYBLE_EVT_GATTC_READ_MULTI_RSP\000"
 1500      455F4556 
 1500      545F4741 
 1500      5454435F 
 1500      52454144 
 1501              	.LASF64:
 1502 0127 4359424C 		.ascii	"CYBLE_EVT_GATTS_EXEC_WRITE_REQ\000"
 1502      455F4556 
 1502      545F4741 
 1502      5454535F 
 1502      45584543 
 1503              	.LASF19:
 1504 0146 4359424C 		.ascii	"CYBLE_EVT_TIMEOUT\000"
 1504      455F4556 
 1504      545F5449 
 1504      4D454F55 
 1504      5400
 1505              	.LASF4:
 1506 0158 6C6F6E67 		.ascii	"long int\000"
 1506      20696E74 
 1506      00
 1507              	.LASF121:
 1508 0161 474E5520 		.ascii	"GNU C11 5.4.1 20160609 (release) [ARM/embedded-5-br"
 1508      43313120 
 1508      352E342E 
 1508      31203230 
 1508      31363036 
 1509 0194 616E6368 		.ascii	"anch revision 237715] -mcpu=cortex-m0 -mthumb -g -O"
 1509      20726576 
 1509      6973696F 
 1509      6E203233 
 1509      37373135 
ARM GAS  C:\Users\bryan.lee\AppData\Local\Temp\ccX34US3.s 			page 30


 1510 01c7 67202D66 		.ascii	"g -ffunction-sections -ffat-lto-objects\000"
 1510      66756E63 
 1510      74696F6E 
 1510      2D736563 
 1510      74696F6E 
 1511              	.LASF7:
 1512 01ef 6C6F6E67 		.ascii	"long long unsigned int\000"
 1512      206C6F6E 
 1512      6720756E 
 1512      7369676E 
 1512      65642069 
 1513              	.LASF94:
 1514 0206 4359424C 		.ascii	"CYBLE_GATT_VALUE_T\000"
 1514      455F4741 
 1514      54545F56 
 1514      414C5545 
 1514      5F5400
 1515              	.LASF21:
 1516 0219 4359424C 		.ascii	"CYBLE_EVT_HCI_STATUS\000"
 1516      455F4556 
 1516      545F4843 
 1516      495F5354 
 1516      41545553 
 1517              	.LASF84:
 1518 022e 4359424C 		.ascii	"CYBLE_EVT_PENDING_FLASH_WRITE\000"
 1518      455F4556 
 1518      545F5045 
 1518      4E44494E 
 1518      475F464C 
 1519              	.LASF102:
 1520 024c 6576656E 		.ascii	"eventCode\000"
 1520      74436F64 
 1520      6500
 1521              	.LASF73:
 1522 0256 4359424C 		.ascii	"CYBLE_EVT_L2CAP_CONN_PARAM_UPDATE_REQ\000"
 1522      455F4556 
 1522      545F4C32 
 1522      4341505F 
 1522      434F4E4E 
 1523              	.LASF33:
 1524 027c 4359424C 		.ascii	"CYBLE_EVT_GAP_ENCRYPT_CHANGE\000"
 1524      455F4556 
 1524      545F4741 
 1524      505F454E 
 1524      43525950 
 1525              	.LASF114:
 1526 0299 43617053 		.ascii	"CapSense_UpdateEnabledBaselines\000"
 1526      656E7365 
 1526      5F557064 
 1526      61746545 
 1526      6E61626C 
 1527              	.LASF37:
 1528 02b9 4359424C 		.ascii	"CYBLE_EVT_GAP_NUMERIC_COMPARISON_REQUEST\000"
 1528      455F4556 
 1528      545F4741 
 1528      505F4E55 
 1528      4D455249 
ARM GAS  C:\Users\bryan.lee\AppData\Local\Temp\ccX34US3.s 			page 31


 1529              	.LASF6:
 1530 02e2 6C6F6E67 		.ascii	"long long int\000"
 1530      206C6F6E 
 1530      6720696E 
 1530      7400
 1531              	.LASF0:
 1532 02f0 7369676E 		.ascii	"signed char\000"
 1532      65642063 
 1532      68617200 
 1533              	.LASF18:
 1534 02fc 4359424C 		.ascii	"CYBLE_EVT_STACK_ON\000"
 1534      455F4556 
 1534      545F5354 
 1534      41434B5F 
 1534      4F4E00
 1535              	.LASF35:
 1536 030f 4359424C 		.ascii	"CYBLE_EVT_GAPC_SCAN_START_STOP\000"
 1536      455F4556 
 1536      545F4741 
 1536      50435F53 
 1536      43414E5F 
 1537              	.LASF93:
 1538 032e 61637475 		.ascii	"actualLen\000"
 1538      616C4C65 
 1538      6E00
 1539              	.LASF25:
 1540 0338 4359424C 		.ascii	"CYBLE_EVT_GAP_AUTH_REQ\000"
 1540      455F4556 
 1540      545F4741 
 1540      505F4155 
 1540      54485F52 
 1541              	.LASF57:
 1542 034f 4359424C 		.ascii	"CYBLE_EVT_GATTC_READ_RSP\000"
 1542      455F4556 
 1542      545F4741 
 1542      5454435F 
 1542      52454144 
 1543              	.LASF62:
 1544 0368 4359424C 		.ascii	"CYBLE_EVT_GATTS_WRITE_CMD_REQ\000"
 1544      455F4556 
 1544      545F4741 
 1544      5454535F 
 1544      57524954 
 1545              	.LASF107:
 1546 0386 626C6543 		.ascii	"bleConnected\000"
 1546      6F6E6E65 
 1546      63746564 
 1546      00
 1547              	.LASF30:
 1548 0393 4359424C 		.ascii	"CYBLE_EVT_GAPP_ADVERTISEMENT_START_STOP\000"
 1548      455F4556 
 1548      545F4741 
 1548      50505F41 
 1548      44564552 
 1549              	.LASF126:
 1550 03bb 6D656D63 		.ascii	"memcpy\000"
 1550      707900
ARM GAS  C:\Users\bryan.lee\AppData\Local\Temp\ccX34US3.s 			page 32


 1551              	.LASF9:
 1552 03c2 75696E74 		.ascii	"uint8\000"
 1552      3800
 1553              	.LASF65:
 1554 03c8 4359424C 		.ascii	"CYBLE_EVT_GATTC_EXEC_WRITE_RSP\000"
 1554      455F4556 
 1554      545F4741 
 1554      5454435F 
 1554      45584543 
 1555              	.LASF13:
 1556 03e7 646F7562 		.ascii	"double\000"
 1556      6C6500
 1557              	.LASF78:
 1558 03ee 4359424C 		.ascii	"CYBLE_EVT_L2CAP_CBFC_DISCONN_IND\000"
 1558      455F4556 
 1558      545F4C32 
 1558      4341505F 
 1558      43424643 
 1559              	.LASF124:
 1560 040f 53746163 		.ascii	"Stack_Handler\000"
 1560      6B5F4861 
 1560      6E646C65 
 1560      7200
 1561              	.LASF11:
 1562 041d 75696E74 		.ascii	"uint32\000"
 1562      333200
 1563              	.LASF88:
 1564 0424 4359424C 		.ascii	"CYBLE_EVT_MAX\000"
 1564      455F4556 
 1564      545F4D41 
 1564      5800
 1565              	.LASF96:
 1566 0432 61747472 		.ascii	"attrHandle\000"
 1566      48616E64 
 1566      6C6500
 1567              	.LASF83:
 1568 043d 4359424C 		.ascii	"CYBLE_EVT_L2CAP_CBFC_DATA_WRITE_IND\000"
 1568      455F4556 
 1568      545F4C32 
 1568      4341505F 
 1568      43424643 
 1569              	.LASF45:
 1570 0461 4359424C 		.ascii	"CYBLE_EVT_GAP_SCAN_REQ_RECVD\000"
 1570      455F4556 
 1570      545F4741 
 1570      505F5343 
 1570      414E5F52 
 1571              	.LASF95:
 1572 047e 76616C75 		.ascii	"value\000"
 1572      6500
 1573              	.LASF110:
 1574 0484 4379426C 		.ascii	"CyBle_GattsWriteAttributeValue\000"
 1574      655F4761 
 1574      74747357 
 1574      72697465 
 1574      41747472 
 1575              	.LASF70:
ARM GAS  C:\Users\bryan.lee\AppData\Local\Temp\ccX34US3.s 			page 33


 1576 04a3 4359424C 		.ascii	"CYBLE_EVT_GATTC_STOP_CMD_COMPLETE\000"
 1576      455F4556 
 1576      545F4741 
 1576      5454435F 
 1576      53544F50 
 1577              	.LASF116:
 1578 04c5 43617053 		.ascii	"CapSense_Start\000"
 1578      656E7365 
 1578      5F537461 
 1578      727400
 1579              	.LASF85:
 1580 04d4 4359424C 		.ascii	"CYBLE_EVT_LE_PING_AUTH_TIMEOUT\000"
 1580      455F4556 
 1580      545F4C45 
 1580      5F50494E 
 1580      475F4155 
 1581              	.LASF5:
 1582 04f3 6C6F6E67 		.ascii	"long unsigned int\000"
 1582      20756E73 
 1582      69676E65 
 1582      6420696E 
 1582      7400
 1583              	.LASF44:
 1584 0505 4359424C 		.ascii	"CYBLE_EVT_GAP_CONN_ESTB\000"
 1584      455F4556 
 1584      545F4741 
 1584      505F434F 
 1584      4E4E5F45 
 1585              	.LASF60:
 1586 051d 4359424C 		.ascii	"CYBLE_EVT_GATTS_WRITE_REQ\000"
 1586      455F4556 
 1586      545F4741 
 1586      5454535F 
 1586      57524954 
 1587              	.LASF52:
 1588 0537 4359424C 		.ascii	"CYBLE_EVT_GATTC_XCHNG_MTU_RSP\000"
 1588      455F4556 
 1588      545F4741 
 1588      5454435F 
 1588      5843484E 
 1589              	.LASF69:
 1590 0555 4359424C 		.ascii	"CYBLE_EVT_GATTS_DATA_SIGNED_CMD_REQ\000"
 1590      455F4556 
 1590      545F4741 
 1590      5454535F 
 1590      44415441 
 1591              	.LASF72:
 1592 0579 4359424C 		.ascii	"CYBLE_EVT_GATTC_LONG_PROCEDURE_END\000"
 1592      455F4556 
 1592      545F4741 
 1592      5454435F 
 1592      4C4F4E47 
 1593              	.LASF98:
 1594 059c 4359424C 		.ascii	"CYBLE_GATTS_HANDLE_VALUE_IND_T\000"
 1594      455F4741 
 1594      5454535F 
 1594      48414E44 
ARM GAS  C:\Users\bryan.lee\AppData\Local\Temp\ccX34US3.s 			page 34


 1594      4C455F56 
 1595              	.LASF17:
 1596 05bb 4359424C 		.ascii	"CYBLE_EVT_HOST_INVALID\000"
 1596      455F4556 
 1596      545F484F 
 1596      53545F49 
 1596      4E56414C 
 1597              	.LASF55:
 1598 05d2 4359424C 		.ascii	"CYBLE_EVT_GATTC_FIND_INFO_RSP\000"
 1598      455F4556 
 1598      545F4741 
 1598      5454435F 
 1598      46494E44 
 1599              	.LASF23:
 1600 05f0 4359424C 		.ascii	"CYBLE_EVT_MEMORY_REQUEST\000"
 1600      455F4556 
 1600      545F4D45 
 1600      4D4F5259 
 1600      5F524551 
 1601              	.LASF26:
 1602 0609 4359424C 		.ascii	"CYBLE_EVT_GAP_PASSKEY_ENTRY_REQUEST\000"
 1602      455F4556 
 1602      545F4741 
 1602      505F5041 
 1602      53534B45 
 1603              	.LASF31:
 1604 062d 4359424C 		.ascii	"CYBLE_EVT_GAP_DEVICE_CONNECTED\000"
 1604      455F4556 
 1604      545F4741 
 1604      505F4445 
 1604      56494345 
 1605              	.LASF122:
 1606 064c 6D61696E 		.ascii	"main.c\000"
 1606      2E6300
 1607              	.LASF46:
 1608 0653 4359424C 		.ascii	"CYBLE_EVT_GAP_AUTH_REQ_REPLY_ERR\000"
 1608      455F4556 
 1608      545F4741 
 1608      505F4155 
 1608      54485F52 
 1609              	.LASF118:
 1610 0674 4379426C 		.ascii	"CyBle_Start\000"
 1610      655F5374 
 1610      61727400 
 1611              	.LASF27:
 1612 0680 4359424C 		.ascii	"CYBLE_EVT_GAP_PASSKEY_DISPLAY_REQUEST\000"
 1612      455F4556 
 1612      545F4741 
 1612      505F5041 
 1612      53534B45 
 1613              	.LASF49:
 1614 06a6 4359424C 		.ascii	"CYBLE_EVT_GATT_CONNECT_IND\000"
 1614      455F4556 
 1614      545F4741 
 1614      54545F43 
 1614      4F4E4E45 
 1615              	.LASF91:
ARM GAS  C:\Users\bryan.lee\AppData\Local\Temp\ccX34US3.s 			page 35


 1616 06c1 61747449 		.ascii	"attId\000"
 1616      6400
 1617              	.LASF75:
 1618 06c7 4359424C 		.ascii	"CYBLE_EVT_L2CAP_COMMAND_REJ\000"
 1618      455F4556 
 1618      545F4C32 
 1618      4341505F 
 1618      434F4D4D 
 1619              	.LASF24:
 1620 06e3 4359424C 		.ascii	"CYBLE_EVT_GAPC_SCAN_PROGRESS_RESULT\000"
 1620      455F4556 
 1620      545F4741 
 1620      50435F53 
 1620      43414E5F 
 1621              	.LASF100:
 1622 0707 68616E64 		.ascii	"handleValPair\000"
 1622      6C655661 
 1622      6C506169 
 1622      7200
 1623              	.LASF47:
 1624 0715 4359424C 		.ascii	"CYBLE_EVT_GAP_SMP_LOC_P256_KEYS_GEN_AND_SET_COMPLET"
 1624      455F4556 
 1624      545F4741 
 1624      505F534D 
 1624      505F4C4F 
 1625 0748 4500     		.ascii	"E\000"
 1626              	.LASF76:
 1627 074a 4359424C 		.ascii	"CYBLE_EVT_L2CAP_CBFC_CONN_IND\000"
 1627      455F4556 
 1627      545F4C32 
 1627      4341505F 
 1627      43424643 
 1628              	.LASF54:
 1629 0768 4359424C 		.ascii	"CYBLE_EVT_GATTC_READ_BY_TYPE_RSP\000"
 1629      455F4556 
 1629      545F4741 
 1629      5454435F 
 1629      52454144 
 1630              	.LASF16:
 1631 0789 73697A65 		.ascii	"sizetype\000"
 1631      74797065 
 1631      00
 1632              	.LASF101:
 1633 0792 4359424C 		.ascii	"CYBLE_GATTS_WRITE_REQ_PARAM_T\000"
 1633      455F4741 
 1633      5454535F 
 1633      57524954 
 1633      455F5245 
 1634              	.LASF29:
 1635 07b0 4359424C 		.ascii	"CYBLE_EVT_GAP_AUTH_FAILED\000"
 1635      455F4556 
 1635      545F4741 
 1635      505F4155 
 1635      54485F46 
 1636              	.LASF61:
 1637 07ca 4359424C 		.ascii	"CYBLE_EVT_GATTC_WRITE_RSP\000"
 1637      455F4556 
ARM GAS  C:\Users\bryan.lee\AppData\Local\Temp\ccX34US3.s 			page 36


 1637      545F4741 
 1637      5454435F 
 1637      57524954 
 1638              	.LASF42:
 1639 07e4 4359424C 		.ascii	"CYBLE_EVT_GAPC_DIRECT_ADV_REPORT\000"
 1639      455F4556 
 1639      545F4741 
 1639      50435F44 
 1639      49524543 
 1640              	.LASF40:
 1641 0805 4359424C 		.ascii	"CYBLE_EVT_GAP_DATA_LENGTH_CHANGE\000"
 1641      455F4556 
 1641      545F4741 
 1641      505F4441 
 1641      54415F4C 
 1642              	.LASF119:
 1643 0826 4379426C 		.ascii	"CyBle_ProcessEvents\000"
 1643      655F5072 
 1643      6F636573 
 1643      73457665 
 1643      6E747300 
 1644              	.LASF28:
 1645 083a 4359424C 		.ascii	"CYBLE_EVT_GAP_AUTH_COMPLETE\000"
 1645      455F4556 
 1645      545F4741 
 1645      505F4155 
 1645      54485F43 
 1646              	.LASF66:
 1647 0856 4359424C 		.ascii	"CYBLE_EVT_GATTC_HANDLE_VALUE_NTF\000"
 1647      455F4556 
 1647      545F4741 
 1647      5454435F 
 1647      48414E44 
 1648              	.LASF97:
 1649 0877 4359424C 		.ascii	"CYBLE_GATT_HANDLE_VALUE_PAIR_T\000"
 1649      455F4741 
 1649      54545F48 
 1649      414E444C 
 1649      455F5641 
 1650              	.LASF77:
 1651 0896 4359424C 		.ascii	"CYBLE_EVT_L2CAP_CBFC_CONN_CNF\000"
 1651      455F4556 
 1651      545F4C32 
 1651      4341505F 
 1651      43424643 
 1652              	.LASF53:
 1653 08b4 4359424C 		.ascii	"CYBLE_EVT_GATTC_READ_BY_GROUP_TYPE_RSP\000"
 1653      455F4556 
 1653      545F4741 
 1653      5454435F 
 1653      52454144 
 1654              	.LASF12:
 1655 08db 666C6F61 		.ascii	"float\000"
 1655      7400
 1656              	.LASF109:
 1657 08e1 4379426C 		.ascii	"CyBle_GappStartAdvertisement\000"
 1657      655F4761 
ARM GAS  C:\Users\bryan.lee\AppData\Local\Temp\ccX34US3.s 			page 37


 1657      70705374 
 1657      61727441 
 1657      64766572 
 1658              	.LASF113:
 1659 08fe 43617053 		.ascii	"CapSense_GetCentroidPos\000"
 1659      656E7365 
 1659      5F476574 
 1659      43656E74 
 1659      726F6964 
 1660              	.LASF1:
 1661 0916 756E7369 		.ascii	"unsigned char\000"
 1661      676E6564 
 1661      20636861 
 1661      7200
 1662              	.LASF117:
 1663 0924 43617053 		.ascii	"CapSense_InitializeAllBaselines\000"
 1663      656E7365 
 1663      5F496E69 
 1663      7469616C 
 1663      697A6541 
 1664              	.LASF38:
 1665 0944 4359424C 		.ascii	"CYBLE_EVT_GAP_KEYPRESS_NOTIFICATION\000"
 1665      455F4556 
 1665      545F4741 
 1665      505F4B45 
 1665      59505245 
 1666              	.LASF2:
 1667 0968 73686F72 		.ascii	"short int\000"
 1667      7420696E 
 1667      7400
 1668              	.LASF106:
 1669 0972 63617073 		.ascii	"capsenseNotify\000"
 1669      656E7365 
 1669      4E6F7469 
 1669      667900
 1670              	.LASF67:
 1671 0981 4359424C 		.ascii	"CYBLE_EVT_GATTC_HANDLE_VALUE_IND\000"
 1671      455F4556 
 1671      545F4741 
 1671      5454435F 
 1671      48414E44 
 1672              	.LASF104:
 1673 09a2 77725265 		.ascii	"wrReq\000"
 1673      7100
 1674              	.LASF86:
 1675 09a8 4359424C 		.ascii	"CYBLE_EVT_HCI_PKT\000"
 1675      455F4556 
 1675      545F4843 
 1675      495F504B 
 1675      5400
 1676              	.LASF63:
 1677 09ba 4359424C 		.ascii	"CYBLE_EVT_GATTS_PREP_WRITE_REQ\000"
 1677      455F4556 
 1677      545F4741 
 1677      5454535F 
 1677      50524550 
 1678              	.LASF68:
ARM GAS  C:\Users\bryan.lee\AppData\Local\Temp\ccX34US3.s 			page 38


 1679 09d9 4359424C 		.ascii	"CYBLE_EVT_GATTS_HANDLE_VALUE_CNF\000"
 1679      455F4556 
 1679      545F4741 
 1679      5454535F 
 1679      48414E44 
 1680              	.LASF48:
 1681 09fa 4359424C 		.ascii	"CYBLE_EVT_GATTC_ERROR_RSP\000"
 1681      455F4556 
 1681      545F4741 
 1681      5454435F 
 1681      4552524F 
 1682              	.LASF43:
 1683 0a14 4359424C 		.ascii	"CYBLE_EVT_GAP_SMP_NEGOTIATED_AUTH_INFO\000"
 1683      455F4556 
 1683      545F4741 
 1683      505F534D 
 1683      505F4E45 
 1684              	.LASF15:
 1685 0a3b 6C6F6E67 		.ascii	"long double\000"
 1685      20646F75 
 1685      626C6500 
 1686              	.LASF87:
 1687 0a47 4359424C 		.ascii	"CYBLE_EVT_FLASH_CORRUPT\000"
 1687      455F4556 
 1687      545F464C 
 1687      4153485F 
 1687      434F5252 
 1688              	.LASF14:
 1689 0a5f 63686172 		.ascii	"char\000"
 1689      00
 1690              	.LASF32:
 1691 0a64 4359424C 		.ascii	"CYBLE_EVT_GAP_DEVICE_DISCONNECTED\000"
 1691      455F4556 
 1691      545F4741 
 1691      505F4445 
 1691      56494345 
 1692              	.LASF8:
 1693 0a86 756E7369 		.ascii	"unsigned int\000"
 1693      676E6564 
 1693      20696E74 
 1693      00
 1694              	.LASF71:
 1695 0a93 4359424C 		.ascii	"CYBLE_EVT_GATTS_READ_CHAR_VAL_ACCESS_REQ\000"
 1695      455F4556 
 1695      545F4741 
 1695      5454535F 
 1695      52454144 
 1696              	.LASF123:
 1697 0abc 433A5C55 		.ascii	"C:\\Users\\bryan.lee\\Documents\\GitHub\\hello-worl"
 1697      73657273 
 1697      5C627279 
 1697      616E2E6C 
 1697      65655C44 
 1698 0aea 645C5073 		.ascii	"d\\Psoc_102_4BLE\\PSoC_101\\Design02.cydsn\000"
 1698      6F635F31 
 1698      30325F34 
 1698      424C455C 
ARM GAS  C:\Users\bryan.lee\AppData\Local\Temp\ccX34US3.s 			page 39


 1698      50536F43 
 1699              	.LASF82:
 1700 0b12 4359424C 		.ascii	"CYBLE_EVT_L2CAP_CBFC_TX_CREDIT_IND\000"
 1700      455F4556 
 1700      545F4C32 
 1700      4341505F 
 1700      43424643 
 1701              	.LASF20:
 1702 0b35 4359424C 		.ascii	"CYBLE_EVT_HARDWARE_ERROR\000"
 1702      455F4556 
 1702      545F4841 
 1702      52445741 
 1702      52455F45 
 1703              	.LASF3:
 1704 0b4e 73686F72 		.ascii	"short unsigned int\000"
 1704      7420756E 
 1704      7369676E 
 1704      65642069 
 1704      6E7400
 1705              	.LASF105:
 1706 0b61 63617073 		.ascii	"capsenseHandle\000"
 1706      656E7365 
 1706      48616E64 
 1706      6C6500
 1707              	.LASF51:
 1708 0b70 4359424C 		.ascii	"CYBLE_EVT_GATTS_XCNHG_MTU_REQ\000"
 1708      455F4556 
 1708      545F4741 
 1708      5454535F 
 1708      58434E48 
 1709              	.LASF103:
 1710 0b8e 6576656E 		.ascii	"eventParam\000"
 1710      74506172 
 1710      616D00
 1711              	.LASF58:
 1712 0b99 4359424C 		.ascii	"CYBLE_EVT_GATTC_READ_BLOB_RSP\000"
 1712      455F4556 
 1712      545F4741 
 1712      5454435F 
 1712      52454144 
 1713              	.LASF111:
 1714 0bb7 4379426C 		.ascii	"CyBle_GattsWriteRsp\000"
 1714      655F4761 
 1714      74747357 
 1714      72697465 
 1714      52737000 
 1715              	.LASF56:
 1716 0bcb 4359424C 		.ascii	"CYBLE_EVT_GATTC_FIND_BY_TYPE_VALUE_RSP\000"
 1716      455F4556 
 1716      545F4741 
 1716      5454435F 
 1716      46494E44 
 1717              	.LASF36:
 1718 0bf2 4359424C 		.ascii	"CYBLE_EVT_GAP_KEYINFO_EXCHNGE_CMPLT\000"
 1718      455F4556 
 1718      545F4741 
 1718      505F4B45 
ARM GAS  C:\Users\bryan.lee\AppData\Local\Temp\ccX34US3.s 			page 40


 1718      59494E46 
 1719              	.LASF112:
 1720 0c16 4379426C 		.ascii	"CyBle_GattsNotification\000"
 1720      655F4761 
 1720      7474734E 
 1720      6F746966 
 1720      69636174 
 1721              	.LASF90:
 1722 0c2e 62644861 		.ascii	"bdHandle\000"
 1722      6E646C65 
 1722      00
 1723              	.LASF115:
 1724 0c37 43617053 		.ascii	"CapSense_ScanEnabledWidgets\000"
 1724      656E7365 
 1724      5F536361 
 1724      6E456E61 
 1724      626C6564 
 1725              	.LASF74:
 1726 0c53 4359424C 		.ascii	"CYBLE_EVT_L2CAP_CONN_PARAM_UPDATE_RSP\000"
 1726      455F4556 
 1726      545F4C32 
 1726      4341505F 
 1726      434F4E4E 
 1727              	.LASF125:
 1728 0c79 6D61696E 		.ascii	"main\000"
 1728      00
 1729              	.LASF41:
 1730 0c7e 4359424C 		.ascii	"CYBLE_EVT_GAP_ENHANCE_CONN_COMPLETE\000"
 1730      455F4556 
 1730      545F4741 
 1730      505F454E 
 1730      48414E43 
 1731              	.LASF89:
 1732 0ca2 4359424C 		.ascii	"CYBLE_GATT_DB_ATTR_HANDLE_T\000"
 1732      455F4741 
 1732      54545F44 
 1732      425F4154 
 1732      54525F48 
 1733              	.LASF50:
 1734 0cbe 4359424C 		.ascii	"CYBLE_EVT_GATT_DISCONNECT_IND\000"
 1734      455F4556 
 1734      545F4741 
 1734      54545F44 
 1734      4953434F 
 1735              	.LASF120:
 1736 0cdc 43617053 		.ascii	"CapSense_IsBusy\000"
 1736      656E7365 
 1736      5F497342 
 1736      75737900 
 1737              		.ident	"GCC: (GNU Tools for ARM Embedded Processors) 5.4.1 20160609 (release) [ARM/embedded-5-bran
