ARM GAS  C:\Users\bryan.lee\AppData\Local\Temp\ccakK4c6.s 			page 1


   1              		.syntax unified
   2              		.cpu cortex-m0
   3              		.fpu softvfp
   4              		.eabi_attribute 20, 1
   5              		.eabi_attribute 21, 1
   6              		.eabi_attribute 23, 3
   7              		.eabi_attribute 24, 1
   8              		.eabi_attribute 25, 1
   9              		.eabi_attribute 26, 1
  10              		.eabi_attribute 30, 1
  11              		.eabi_attribute 34, 0
  12              		.eabi_attribute 18, 4
  13              		.thumb
  14              		.syntax unified
  15              		.file	"cyfitter_cfg.c"
  16              		.text
  17              	.Ltext0:
  18              		.cfi_sections	.debug_frame
  19              		.section	.text.AnalogSetDefault,"ax",%progbits
  20              		.align	2
  21              		.code	16
  22              		.thumb_func
  23              		.type	AnalogSetDefault, %function
  24              	AnalogSetDefault:
  25              	.LFB6:
  26              		.file 1 "Generated_Source\\PSoC4\\cyfitter_cfg.c"
   1:Generated_Source\PSoC4/cyfitter_cfg.c **** 
   2:Generated_Source\PSoC4/cyfitter_cfg.c **** /*******************************************************************************
   3:Generated_Source\PSoC4/cyfitter_cfg.c **** * File Name: cyfitter_cfg.c
   4:Generated_Source\PSoC4/cyfitter_cfg.c **** * 
   5:Generated_Source\PSoC4/cyfitter_cfg.c **** * PSoC Creator  4.2
   6:Generated_Source\PSoC4/cyfitter_cfg.c **** *
   7:Generated_Source\PSoC4/cyfitter_cfg.c **** * Description:
   8:Generated_Source\PSoC4/cyfitter_cfg.c **** * This file contains device initialization code.
   9:Generated_Source\PSoC4/cyfitter_cfg.c **** * Except for the user defined sections in CyClockStartupError(), this file should not be modified.
  10:Generated_Source\PSoC4/cyfitter_cfg.c **** * This file is automatically generated by PSoC Creator.
  11:Generated_Source\PSoC4/cyfitter_cfg.c **** *
  12:Generated_Source\PSoC4/cyfitter_cfg.c **** ********************************************************************************
  13:Generated_Source\PSoC4/cyfitter_cfg.c **** * Copyright (c) 2007-2018 Cypress Semiconductor.  All rights reserved.
  14:Generated_Source\PSoC4/cyfitter_cfg.c **** * You may use this file only in accordance with the license, terms, conditions, 
  15:Generated_Source\PSoC4/cyfitter_cfg.c **** * disclaimers, and limitations in the end user license agreement accompanying 
  16:Generated_Source\PSoC4/cyfitter_cfg.c **** * the software package with which this file was provided.
  17:Generated_Source\PSoC4/cyfitter_cfg.c **** ********************************************************************************/
  18:Generated_Source\PSoC4/cyfitter_cfg.c **** 
  19:Generated_Source\PSoC4/cyfitter_cfg.c **** #include <string.h>
  20:Generated_Source\PSoC4/cyfitter_cfg.c **** #include "cytypes.h"
  21:Generated_Source\PSoC4/cyfitter_cfg.c **** #include "cydevice_trm.h"
  22:Generated_Source\PSoC4/cyfitter_cfg.c **** #include "cyfitter.h"
  23:Generated_Source\PSoC4/cyfitter_cfg.c **** #include "CyLib.h"
  24:Generated_Source\PSoC4/cyfitter_cfg.c **** #include "CyLFClk.h"
  25:Generated_Source\PSoC4/cyfitter_cfg.c **** #include "cyfitter_cfg.h"
  26:Generated_Source\PSoC4/cyfitter_cfg.c **** #include "cyapicallbacks.h"
  27:Generated_Source\PSoC4/cyfitter_cfg.c **** 
  28:Generated_Source\PSoC4/cyfitter_cfg.c **** 
  29:Generated_Source\PSoC4/cyfitter_cfg.c **** #if defined(__GNUC__) || defined(__ARMCC_VERSION)
  30:Generated_Source\PSoC4/cyfitter_cfg.c ****     #define CYPACKED 
  31:Generated_Source\PSoC4/cyfitter_cfg.c ****     #define CYPACKED_ATTR __attribute__ ((packed))
ARM GAS  C:\Users\bryan.lee\AppData\Local\Temp\ccakK4c6.s 			page 2


  32:Generated_Source\PSoC4/cyfitter_cfg.c ****     #define CYALIGNED __attribute__ ((aligned))
  33:Generated_Source\PSoC4/cyfitter_cfg.c ****     #define CY_CFG_UNUSED __attribute__ ((unused))
  34:Generated_Source\PSoC4/cyfitter_cfg.c ****     #ifndef CY_CFG_SECTION
  35:Generated_Source\PSoC4/cyfitter_cfg.c ****         #define CY_CFG_SECTION __attribute__ ((section(".psocinit")))
  36:Generated_Source\PSoC4/cyfitter_cfg.c ****     #endif
  37:Generated_Source\PSoC4/cyfitter_cfg.c ****     
  38:Generated_Source\PSoC4/cyfitter_cfg.c ****     #if defined(__ARMCC_VERSION)
  39:Generated_Source\PSoC4/cyfitter_cfg.c ****         #define CY_CFG_MEMORY_BARRIER() __memory_changed()
  40:Generated_Source\PSoC4/cyfitter_cfg.c ****     #else
  41:Generated_Source\PSoC4/cyfitter_cfg.c ****         #define CY_CFG_MEMORY_BARRIER() __sync_synchronize()
  42:Generated_Source\PSoC4/cyfitter_cfg.c ****     #endif
  43:Generated_Source\PSoC4/cyfitter_cfg.c ****     
  44:Generated_Source\PSoC4/cyfitter_cfg.c **** #elif defined(__ICCARM__)
  45:Generated_Source\PSoC4/cyfitter_cfg.c ****     #include <intrinsics.h>
  46:Generated_Source\PSoC4/cyfitter_cfg.c **** 
  47:Generated_Source\PSoC4/cyfitter_cfg.c ****     #define CYPACKED __packed
  48:Generated_Source\PSoC4/cyfitter_cfg.c ****     #define CYPACKED_ATTR 
  49:Generated_Source\PSoC4/cyfitter_cfg.c ****     #define CYALIGNED _Pragma("data_alignment=4")
  50:Generated_Source\PSoC4/cyfitter_cfg.c ****     #define CY_CFG_UNUSED _Pragma("diag_suppress=Pe177")
  51:Generated_Source\PSoC4/cyfitter_cfg.c ****     #define CY_CFG_SECTION _Pragma("location=\".psocinit\"")
  52:Generated_Source\PSoC4/cyfitter_cfg.c ****     
  53:Generated_Source\PSoC4/cyfitter_cfg.c ****     #define CY_CFG_MEMORY_BARRIER() __DMB()
  54:Generated_Source\PSoC4/cyfitter_cfg.c ****     
  55:Generated_Source\PSoC4/cyfitter_cfg.c **** #else
  56:Generated_Source\PSoC4/cyfitter_cfg.c ****     #error Unsupported toolchain
  57:Generated_Source\PSoC4/cyfitter_cfg.c **** #endif
  58:Generated_Source\PSoC4/cyfitter_cfg.c **** 
  59:Generated_Source\PSoC4/cyfitter_cfg.c **** #ifndef CYCODE
  60:Generated_Source\PSoC4/cyfitter_cfg.c ****     #define CYCODE
  61:Generated_Source\PSoC4/cyfitter_cfg.c **** #endif
  62:Generated_Source\PSoC4/cyfitter_cfg.c **** #ifndef CYDATA
  63:Generated_Source\PSoC4/cyfitter_cfg.c ****     #define CYDATA
  64:Generated_Source\PSoC4/cyfitter_cfg.c **** #endif
  65:Generated_Source\PSoC4/cyfitter_cfg.c **** #ifndef CYFAR
  66:Generated_Source\PSoC4/cyfitter_cfg.c ****     #define CYFAR
  67:Generated_Source\PSoC4/cyfitter_cfg.c **** #endif
  68:Generated_Source\PSoC4/cyfitter_cfg.c **** #ifndef CYXDATA
  69:Generated_Source\PSoC4/cyfitter_cfg.c ****     #define CYXDATA
  70:Generated_Source\PSoC4/cyfitter_cfg.c **** #endif
  71:Generated_Source\PSoC4/cyfitter_cfg.c **** 
  72:Generated_Source\PSoC4/cyfitter_cfg.c **** 
  73:Generated_Source\PSoC4/cyfitter_cfg.c **** CY_CFG_UNUSED
  74:Generated_Source\PSoC4/cyfitter_cfg.c **** static void CYMEMZERO(void *s, size_t n);
  75:Generated_Source\PSoC4/cyfitter_cfg.c **** CY_CFG_UNUSED
  76:Generated_Source\PSoC4/cyfitter_cfg.c **** static void CYMEMZERO(void *s, size_t n)
  77:Generated_Source\PSoC4/cyfitter_cfg.c **** {
  78:Generated_Source\PSoC4/cyfitter_cfg.c **** 	(void)memset(s, 0, n);
  79:Generated_Source\PSoC4/cyfitter_cfg.c **** }
  80:Generated_Source\PSoC4/cyfitter_cfg.c **** CY_CFG_UNUSED
  81:Generated_Source\PSoC4/cyfitter_cfg.c **** static void CYCONFIGCPY(void *dest, const void *src, size_t n);
  82:Generated_Source\PSoC4/cyfitter_cfg.c **** CY_CFG_UNUSED
  83:Generated_Source\PSoC4/cyfitter_cfg.c **** static void CYCONFIGCPY(void *dest, const void *src, size_t n)
  84:Generated_Source\PSoC4/cyfitter_cfg.c **** {
  85:Generated_Source\PSoC4/cyfitter_cfg.c **** 	(void)memcpy(dest, src, n);
  86:Generated_Source\PSoC4/cyfitter_cfg.c **** }
  87:Generated_Source\PSoC4/cyfitter_cfg.c **** CY_CFG_UNUSED
  88:Generated_Source\PSoC4/cyfitter_cfg.c **** static void CYCONFIGCPYCODE(void *dest, const void *src, size_t n);
ARM GAS  C:\Users\bryan.lee\AppData\Local\Temp\ccakK4c6.s 			page 3


  89:Generated_Source\PSoC4/cyfitter_cfg.c **** CY_CFG_UNUSED
  90:Generated_Source\PSoC4/cyfitter_cfg.c **** static void CYCONFIGCPYCODE(void *dest, const void *src, size_t n)
  91:Generated_Source\PSoC4/cyfitter_cfg.c **** {
  92:Generated_Source\PSoC4/cyfitter_cfg.c **** 	(void)memcpy(dest, src, n);
  93:Generated_Source\PSoC4/cyfitter_cfg.c **** }
  94:Generated_Source\PSoC4/cyfitter_cfg.c **** 
  95:Generated_Source\PSoC4/cyfitter_cfg.c **** 
  96:Generated_Source\PSoC4/cyfitter_cfg.c **** 
  97:Generated_Source\PSoC4/cyfitter_cfg.c **** 
  98:Generated_Source\PSoC4/cyfitter_cfg.c **** /* Clock startup error codes                                                   */
  99:Generated_Source\PSoC4/cyfitter_cfg.c **** #define CYCLOCKSTART_NO_ERROR    0u
 100:Generated_Source\PSoC4/cyfitter_cfg.c **** #define CYCLOCKSTART_XTAL_ERROR  1u
 101:Generated_Source\PSoC4/cyfitter_cfg.c **** #define CYCLOCKSTART_32KHZ_ERROR 2u
 102:Generated_Source\PSoC4/cyfitter_cfg.c **** #define CYCLOCKSTART_PLL_ERROR   3u
 103:Generated_Source\PSoC4/cyfitter_cfg.c **** #define CYCLOCKSTART_FLL_ERROR   4u
 104:Generated_Source\PSoC4/cyfitter_cfg.c **** #define CYCLOCKSTART_WCO_ERROR   5u
 105:Generated_Source\PSoC4/cyfitter_cfg.c **** 
 106:Generated_Source\PSoC4/cyfitter_cfg.c **** 
 107:Generated_Source\PSoC4/cyfitter_cfg.c **** #ifdef CY_NEED_CYCLOCKSTARTUPERROR
 108:Generated_Source\PSoC4/cyfitter_cfg.c **** /*******************************************************************************
 109:Generated_Source\PSoC4/cyfitter_cfg.c **** * Function Name: CyClockStartupError
 110:Generated_Source\PSoC4/cyfitter_cfg.c **** ********************************************************************************
 111:Generated_Source\PSoC4/cyfitter_cfg.c **** * Summary:
 112:Generated_Source\PSoC4/cyfitter_cfg.c **** *  If an error is encountered during clock configuration (crystal startup error,
 113:Generated_Source\PSoC4/cyfitter_cfg.c **** *  PLL lock error, etc.), the system will end up here.  Unless reimplemented by
 114:Generated_Source\PSoC4/cyfitter_cfg.c **** *  the customer, this function will stop in an infinite loop.
 115:Generated_Source\PSoC4/cyfitter_cfg.c **** *
 116:Generated_Source\PSoC4/cyfitter_cfg.c **** * Parameters:
 117:Generated_Source\PSoC4/cyfitter_cfg.c **** *   void
 118:Generated_Source\PSoC4/cyfitter_cfg.c **** *
 119:Generated_Source\PSoC4/cyfitter_cfg.c **** * Return:
 120:Generated_Source\PSoC4/cyfitter_cfg.c **** *   void
 121:Generated_Source\PSoC4/cyfitter_cfg.c **** *
 122:Generated_Source\PSoC4/cyfitter_cfg.c **** *******************************************************************************/
 123:Generated_Source\PSoC4/cyfitter_cfg.c **** CY_CFG_UNUSED
 124:Generated_Source\PSoC4/cyfitter_cfg.c **** static void CyClockStartupError(uint8 errorCode);
 125:Generated_Source\PSoC4/cyfitter_cfg.c **** CY_CFG_UNUSED
 126:Generated_Source\PSoC4/cyfitter_cfg.c **** static void CyClockStartupError(uint8 errorCode)
 127:Generated_Source\PSoC4/cyfitter_cfg.c **** {
 128:Generated_Source\PSoC4/cyfitter_cfg.c ****     /* To remove the compiler warning if errorCode not used.                */
 129:Generated_Source\PSoC4/cyfitter_cfg.c ****     errorCode = errorCode;
 130:Generated_Source\PSoC4/cyfitter_cfg.c **** 
 131:Generated_Source\PSoC4/cyfitter_cfg.c ****     /* If we have a clock startup error (bad MHz crystal, PLL lock, etc.),  */
 132:Generated_Source\PSoC4/cyfitter_cfg.c ****     /* we will end up here to allow the customer to implement something to  */
 133:Generated_Source\PSoC4/cyfitter_cfg.c ****     /* deal with the clock condition.                                       */
 134:Generated_Source\PSoC4/cyfitter_cfg.c **** 
 135:Generated_Source\PSoC4/cyfitter_cfg.c **** #ifdef CY_CFG_CLOCK_STARTUP_ERROR_CALLBACK
 136:Generated_Source\PSoC4/cyfitter_cfg.c ****     CY_CFG_Clock_Startup_ErrorCallback();
 137:Generated_Source\PSoC4/cyfitter_cfg.c **** #else
 138:Generated_Source\PSoC4/cyfitter_cfg.c ****     /*  If not using CY_CFG_CLOCK_STARTUP_ERROR_CALLBACK, place your clock startup code here. */
 139:Generated_Source\PSoC4/cyfitter_cfg.c ****     /* `#START CyClockStartupError` */
 140:Generated_Source\PSoC4/cyfitter_cfg.c **** 
 141:Generated_Source\PSoC4/cyfitter_cfg.c **** 
 142:Generated_Source\PSoC4/cyfitter_cfg.c **** 
 143:Generated_Source\PSoC4/cyfitter_cfg.c ****     /* `#END` */
 144:Generated_Source\PSoC4/cyfitter_cfg.c **** 
 145:Generated_Source\PSoC4/cyfitter_cfg.c ****     while(1) {}
ARM GAS  C:\Users\bryan.lee\AppData\Local\Temp\ccakK4c6.s 			page 4


 146:Generated_Source\PSoC4/cyfitter_cfg.c **** #endif /* CY_CFG_CLOCK_STARTUP_ERROR_CALLBACK */
 147:Generated_Source\PSoC4/cyfitter_cfg.c **** }
 148:Generated_Source\PSoC4/cyfitter_cfg.c **** #endif
 149:Generated_Source\PSoC4/cyfitter_cfg.c **** 
 150:Generated_Source\PSoC4/cyfitter_cfg.c **** 
 151:Generated_Source\PSoC4/cyfitter_cfg.c **** 
 152:Generated_Source\PSoC4/cyfitter_cfg.c **** /*******************************************************************************
 153:Generated_Source\PSoC4/cyfitter_cfg.c **** * Function Name: ClockSetup
 154:Generated_Source\PSoC4/cyfitter_cfg.c **** ********************************************************************************
 155:Generated_Source\PSoC4/cyfitter_cfg.c **** *
 156:Generated_Source\PSoC4/cyfitter_cfg.c **** * Summary:
 157:Generated_Source\PSoC4/cyfitter_cfg.c **** *   Performs the initialization of all of the clocks in the device based on the
 158:Generated_Source\PSoC4/cyfitter_cfg.c **** *   settings in the Clock tab of the DWR.  This includes enabling the requested
 159:Generated_Source\PSoC4/cyfitter_cfg.c **** *   clocks and setting the necessary dividers to produce the desired frequency. 
 160:Generated_Source\PSoC4/cyfitter_cfg.c **** *
 161:Generated_Source\PSoC4/cyfitter_cfg.c **** * Parameters:
 162:Generated_Source\PSoC4/cyfitter_cfg.c **** *   void
 163:Generated_Source\PSoC4/cyfitter_cfg.c **** *
 164:Generated_Source\PSoC4/cyfitter_cfg.c **** * Return:
 165:Generated_Source\PSoC4/cyfitter_cfg.c **** *   void
 166:Generated_Source\PSoC4/cyfitter_cfg.c **** *
 167:Generated_Source\PSoC4/cyfitter_cfg.c **** *******************************************************************************/
 168:Generated_Source\PSoC4/cyfitter_cfg.c **** static void ClockSetup(void);
 169:Generated_Source\PSoC4/cyfitter_cfg.c **** CY_CFG_SECTION
 170:Generated_Source\PSoC4/cyfitter_cfg.c **** static void ClockSetup(void)
 171:Generated_Source\PSoC4/cyfitter_cfg.c **** {
 172:Generated_Source\PSoC4/cyfitter_cfg.c **** 
 173:Generated_Source\PSoC4/cyfitter_cfg.c **** 	/* Set Flash Cycles based on max possible frequency in case a glitch occurs during ClockSetup(). *
 174:Generated_Source\PSoC4/cyfitter_cfg.c **** 	CY_SET_REG32((void CYXDATA *)(CYREG_CPUSS_FLASH_CTL), (0x0012u));
 175:Generated_Source\PSoC4/cyfitter_cfg.c **** 
 176:Generated_Source\PSoC4/cyfitter_cfg.c **** 	/* Start the WCO */
 177:Generated_Source\PSoC4/cyfitter_cfg.c **** 	CySysClkWcoStart();
 178:Generated_Source\PSoC4/cyfitter_cfg.c **** 	CyDelayCycles(12000000u); /* WCO may take up to 500ms to start */
 179:Generated_Source\PSoC4/cyfitter_cfg.c **** 	(void)CySysClkWcoSetPowerMode(CY_SYS_CLK_WCO_LPM);    /* Switch to the low power mode */
 180:Generated_Source\PSoC4/cyfitter_cfg.c **** 
 181:Generated_Source\PSoC4/cyfitter_cfg.c **** 	/* Setup and trim IMO based on desired frequency. */
 182:Generated_Source\PSoC4/cyfitter_cfg.c **** 	CySysClkWriteImoFreq(48u);
 183:Generated_Source\PSoC4/cyfitter_cfg.c **** 	/* CYDEV_CLK_ILO_CONFIG Starting address: CYDEV_CLK_ILO_CONFIG */
 184:Generated_Source\PSoC4/cyfitter_cfg.c **** 	CY_SET_REG32((void *)(CYREG_CLK_ILO_CONFIG), 0x80000006u);
 185:Generated_Source\PSoC4/cyfitter_cfg.c **** 
 186:Generated_Source\PSoC4/cyfitter_cfg.c **** 	/* CYDEV_WDT_CONFIG Starting address: CYDEV_WDT_CONFIG */
 187:Generated_Source\PSoC4/cyfitter_cfg.c **** 	CY_SET_REG32((void *)(CYREG_WDT_CONFIG), 0x40000000u);
 188:Generated_Source\PSoC4/cyfitter_cfg.c **** 
 189:Generated_Source\PSoC4/cyfitter_cfg.c **** 
 190:Generated_Source\PSoC4/cyfitter_cfg.c **** 	/* Enable fast start mode for XO */
 191:Generated_Source\PSoC4/cyfitter_cfg.c **** 	CY_SET_REG32((void*)CYREG_BLE_BLERD_BB_XO, CY_GET_REG32((void*)CYREG_BLE_BLERD_BB_XO) | (uint32)0x
 192:Generated_Source\PSoC4/cyfitter_cfg.c **** 	CY_SET_REG32((void *)(CYREG_BLE_BLERD_BB_XO_CAPTRIM), 0x00003E2Du);
 193:Generated_Source\PSoC4/cyfitter_cfg.c **** 	/*Set XTAL(ECO) divider*/
 194:Generated_Source\PSoC4/cyfitter_cfg.c **** 	CY_SET_REG32((void *)(CYREG_BLE_BLESS_XTAL_CLK_DIV_CONFIG), 0x00000000u);
 195:Generated_Source\PSoC4/cyfitter_cfg.c **** 	/* Disable Crystal Stable Interrupt before enabling ECO */
 196:Generated_Source\PSoC4/cyfitter_cfg.c **** 	CY_SET_REG32((void*)CYREG_BLE_BLESS_LL_DSM_CTRL, CY_GET_REG32((void*)CYREG_BLE_BLESS_LL_DSM_CTRL) 
 197:Generated_Source\PSoC4/cyfitter_cfg.c **** 	/* Start the ECO and do not check status since it is not needed for HFCLK */
 198:Generated_Source\PSoC4/cyfitter_cfg.c **** 	(void)CySysClkEcoStart(2000u);
 199:Generated_Source\PSoC4/cyfitter_cfg.c **** 	CyDelayUs(1500u); /* Wait to stabilize */
 200:Generated_Source\PSoC4/cyfitter_cfg.c **** 
 201:Generated_Source\PSoC4/cyfitter_cfg.c **** 	/* Setup phase aligned clocks */
 202:Generated_Source\PSoC4/cyfitter_cfg.c **** 	CY_SET_REG32((void *)CYREG_PERI_DIV_16_CTL1, 0x00002200u);
ARM GAS  C:\Users\bryan.lee\AppData\Local\Temp\ccakK4c6.s 			page 5


 203:Generated_Source\PSoC4/cyfitter_cfg.c **** 	CY_SET_REG32((void *)CYREG_PERI_DIV_CMD, 0x8000FF41u);
 204:Generated_Source\PSoC4/cyfitter_cfg.c **** 	CY_SET_REG32((void *)CYREG_PERI_DIV_16_CTL0, 0x00001D00u);
 205:Generated_Source\PSoC4/cyfitter_cfg.c **** 	CY_SET_REG32((void *)CYREG_PERI_DIV_CMD, 0x8000FF40u);
 206:Generated_Source\PSoC4/cyfitter_cfg.c **** 
 207:Generated_Source\PSoC4/cyfitter_cfg.c **** 	/* CYDEV_CLK_IMO_CONFIG Starting address: CYDEV_CLK_IMO_CONFIG */
 208:Generated_Source\PSoC4/cyfitter_cfg.c **** 	CY_SET_REG32((void *)(CYREG_CLK_IMO_CONFIG), 0x80000000u);
 209:Generated_Source\PSoC4/cyfitter_cfg.c **** 
 210:Generated_Source\PSoC4/cyfitter_cfg.c **** 	/* CYDEV_CLK_SELECT Starting address: CYDEV_CLK_SELECT */
 211:Generated_Source\PSoC4/cyfitter_cfg.c **** 	CY_SET_REG32((void *)(CYREG_CLK_SELECT), 0x00040000u);
 212:Generated_Source\PSoC4/cyfitter_cfg.c **** 
 213:Generated_Source\PSoC4/cyfitter_cfg.c **** 	/* CYDEV_PERI_PCLK_CTL2 Starting address: CYDEV_PERI_PCLK_CTL2 */
 214:Generated_Source\PSoC4/cyfitter_cfg.c **** 	CY_SET_REG32((void *)(CYREG_PERI_PCLK_CTL2), 0x00000041u);
 215:Generated_Source\PSoC4/cyfitter_cfg.c **** 
 216:Generated_Source\PSoC4/cyfitter_cfg.c **** 	/* CYDEV_PERI_PCLK_CTL1 Starting address: CYDEV_PERI_PCLK_CTL1 */
 217:Generated_Source\PSoC4/cyfitter_cfg.c **** 	CY_SET_REG32((void *)(CYREG_PERI_PCLK_CTL1), 0x00000040u);
 218:Generated_Source\PSoC4/cyfitter_cfg.c **** 
 219:Generated_Source\PSoC4/cyfitter_cfg.c **** 	(void)CyIntSetVector(8u, &CySysWdtIsr);
 220:Generated_Source\PSoC4/cyfitter_cfg.c **** 	CyIntEnable(8u);
 221:Generated_Source\PSoC4/cyfitter_cfg.c **** 	CY_SET_REG32((void *)(CYREG_WDT_CONFIG), 0x40000000u);
 222:Generated_Source\PSoC4/cyfitter_cfg.c **** }
 223:Generated_Source\PSoC4/cyfitter_cfg.c **** 
 224:Generated_Source\PSoC4/cyfitter_cfg.c **** 
 225:Generated_Source\PSoC4/cyfitter_cfg.c **** /* Analog API Functions */
 226:Generated_Source\PSoC4/cyfitter_cfg.c **** 
 227:Generated_Source\PSoC4/cyfitter_cfg.c **** 
 228:Generated_Source\PSoC4/cyfitter_cfg.c **** /*******************************************************************************
 229:Generated_Source\PSoC4/cyfitter_cfg.c **** * Function Name: AnalogSetDefault
 230:Generated_Source\PSoC4/cyfitter_cfg.c **** ********************************************************************************
 231:Generated_Source\PSoC4/cyfitter_cfg.c **** *
 232:Generated_Source\PSoC4/cyfitter_cfg.c **** * Summary:
 233:Generated_Source\PSoC4/cyfitter_cfg.c **** *  Sets up the analog portions of the chip to default values based on chip
 234:Generated_Source\PSoC4/cyfitter_cfg.c **** *  configuration options from the project.
 235:Generated_Source\PSoC4/cyfitter_cfg.c **** *
 236:Generated_Source\PSoC4/cyfitter_cfg.c **** * Parameters:
 237:Generated_Source\PSoC4/cyfitter_cfg.c **** *  void
 238:Generated_Source\PSoC4/cyfitter_cfg.c **** *
 239:Generated_Source\PSoC4/cyfitter_cfg.c **** * Return:
 240:Generated_Source\PSoC4/cyfitter_cfg.c **** *  void
 241:Generated_Source\PSoC4/cyfitter_cfg.c **** *
 242:Generated_Source\PSoC4/cyfitter_cfg.c **** *******************************************************************************/
 243:Generated_Source\PSoC4/cyfitter_cfg.c **** static void AnalogSetDefault(void);
 244:Generated_Source\PSoC4/cyfitter_cfg.c **** static void AnalogSetDefault(void)
 245:Generated_Source\PSoC4/cyfitter_cfg.c **** {
  27              		.loc 1 245 0
  28              		.cfi_startproc
  29              		@ args = 0, pretend = 0, frame = 0
  30              		@ frame_needed = 0, uses_anonymous_args = 0
  31              		@ link register save eliminated.
 246:Generated_Source\PSoC4/cyfitter_cfg.c **** 	CY_SET_XTND_REG32((void CYFAR *)CYREG_CTBM0_DFT_CTRL, 0x00000003u);
  32              		.loc 1 246 0
  33 0000 0323     		movs	r3, #3
  34 0002 044A     		ldr	r2, .L2
  35 0004 1360     		str	r3, [r2]
 247:Generated_Source\PSoC4/cyfitter_cfg.c **** 	CY_SET_XTND_REG32((void CYFAR *)CYREG_CTBM1_DFT_CTRL, 0x00000003u);
  36              		.loc 1 247 0
  37 0006 044A     		ldr	r2, .L2+4
  38 0008 1360     		str	r3, [r2]
ARM GAS  C:\Users\bryan.lee\AppData\Local\Temp\ccakK4c6.s 			page 6


 248:Generated_Source\PSoC4/cyfitter_cfg.c **** 	CY_SET_XTND_REG32((void CYFAR *)CYREG_PASS_DSAB_DSAB_CTRL, 0x00000000u);
  39              		.loc 1 248 0
  40 000a 0022     		movs	r2, #0
  41 000c 034B     		ldr	r3, .L2+8
  42 000e 1A60     		str	r2, [r3]
 249:Generated_Source\PSoC4/cyfitter_cfg.c **** }
  43              		.loc 1 249 0
  44              		@ sp needed
  45 0010 7047     		bx	lr
  46              	.L3:
  47 0012 C046     		.align	2
  48              	.L2:
  49 0014 30003040 		.word	1076887600
  50 0018 30003140 		.word	1076953136
  51 001c 000E3F40 		.word	1077874176
  52              		.cfi_endproc
  53              	.LFE6:
  54              		.size	AnalogSetDefault, .-AnalogSetDefault
  55              		.section	.text.CYMEMZERO,"ax",%progbits
  56              		.align	2
  57              		.code	16
  58              		.thumb_func
  59              		.type	CYMEMZERO, %function
  60              	CYMEMZERO:
  61              	.LFB2:
  77:Generated_Source\PSoC4/cyfitter_cfg.c **** 	(void)memset(s, 0, n);
  62              		.loc 1 77 0
  63              		.cfi_startproc
  64              		@ args = 0, pretend = 0, frame = 0
  65              		@ frame_needed = 0, uses_anonymous_args = 0
  66              	.LVL0:
  67 0000 10B5     		push	{r4, lr}
  68              		.cfi_def_cfa_offset 8
  69              		.cfi_offset 4, -8
  70              		.cfi_offset 14, -4
  71 0002 0A00     		movs	r2, r1
  78:Generated_Source\PSoC4/cyfitter_cfg.c **** }
  72              		.loc 1 78 0
  73 0004 0021     		movs	r1, #0
  74              	.LVL1:
  75 0006 FFF7FEFF 		bl	memset
  76              	.LVL2:
  79:Generated_Source\PSoC4/cyfitter_cfg.c **** CY_CFG_UNUSED
  77              		.loc 1 79 0
  78              		@ sp needed
  79 000a 10BD     		pop	{r4, pc}
  80              		.cfi_endproc
  81              	.LFE2:
  82              		.size	CYMEMZERO, .-CYMEMZERO
  83              		.section	.psocinit,"ax",%progbits
  84              		.align	2
  85              		.code	16
  86              		.thumb_func
  87              		.type	ClockSetup, %function
  88              	ClockSetup:
  89              	.LFB5:
 171:Generated_Source\PSoC4/cyfitter_cfg.c **** 
ARM GAS  C:\Users\bryan.lee\AppData\Local\Temp\ccakK4c6.s 			page 7


  90              		.loc 1 171 0
  91              		.cfi_startproc
  92              		@ args = 0, pretend = 0, frame = 0
  93              		@ frame_needed = 0, uses_anonymous_args = 0
  94 0000 70B5     		push	{r4, r5, r6, lr}
  95              		.cfi_def_cfa_offset 16
  96              		.cfi_offset 4, -16
  97              		.cfi_offset 5, -12
  98              		.cfi_offset 6, -8
  99              		.cfi_offset 14, -4
 174:Generated_Source\PSoC4/cyfitter_cfg.c **** 
 100              		.loc 1 174 0
 101 0002 1222     		movs	r2, #18
 102 0004 274B     		ldr	r3, .L6
 103 0006 1A60     		str	r2, [r3]
 177:Generated_Source\PSoC4/cyfitter_cfg.c **** 	CyDelayCycles(12000000u); /* WCO may take up to 500ms to start */
 104              		.loc 1 177 0
 105 0008 FFF7FEFF 		bl	CySysClkWcoStart
 106              	.LVL3:
 178:Generated_Source\PSoC4/cyfitter_cfg.c **** 	(void)CySysClkWcoSetPowerMode(CY_SYS_CLK_WCO_LPM);    /* Switch to the low power mode */
 107              		.loc 1 178 0
 108 000c 2648     		ldr	r0, .L6+4
 109 000e FFF7FEFF 		bl	CyDelayCycles
 110              	.LVL4:
 179:Generated_Source\PSoC4/cyfitter_cfg.c **** 
 111              		.loc 1 179 0
 112 0012 0120     		movs	r0, #1
 113 0014 FFF7FEFF 		bl	CySysClkWcoSetPowerMode
 114              	.LVL5:
 182:Generated_Source\PSoC4/cyfitter_cfg.c **** 	/* CYDEV_CLK_ILO_CONFIG Starting address: CYDEV_CLK_ILO_CONFIG */
 115              		.loc 1 182 0
 116 0018 3020     		movs	r0, #48
 117 001a FFF7FEFF 		bl	CySysClkWriteImoFreq
 118              	.LVL6:
 184:Generated_Source\PSoC4/cyfitter_cfg.c **** 
 119              		.loc 1 184 0
 120 001e 234A     		ldr	r2, .L6+8
 121 0020 234B     		ldr	r3, .L6+12
 122 0022 1A60     		str	r2, [r3]
 187:Generated_Source\PSoC4/cyfitter_cfg.c **** 
 123              		.loc 1 187 0
 124 0024 234C     		ldr	r4, .L6+16
 125 0026 8025     		movs	r5, #128
 126 0028 ED05     		lsls	r5, r5, #23
 127 002a 2560     		str	r5, [r4]
 191:Generated_Source\PSoC4/cyfitter_cfg.c **** 	CY_SET_REG32((void *)(CYREG_BLE_BLERD_BB_XO_CAPTRIM), 0x00003E2Du);
 128              		.loc 1 191 0
 129 002c 224A     		ldr	r2, .L6+20
 130 002e 1168     		ldr	r1, [r2]
 131 0030 0223     		movs	r3, #2
 132 0032 0B43     		orrs	r3, r1
 133 0034 1360     		str	r3, [r2]
 192:Generated_Source\PSoC4/cyfitter_cfg.c **** 	/*Set XTAL(ECO) divider*/
 134              		.loc 1 192 0
 135 0036 214A     		ldr	r2, .L6+24
 136 0038 214B     		ldr	r3, .L6+28
 137 003a 1A60     		str	r2, [r3]
ARM GAS  C:\Users\bryan.lee\AppData\Local\Temp\ccakK4c6.s 			page 8


 194:Generated_Source\PSoC4/cyfitter_cfg.c **** 	/* Disable Crystal Stable Interrupt before enabling ECO */
 138              		.loc 1 194 0
 139 003c 0022     		movs	r2, #0
 140 003e 214B     		ldr	r3, .L6+32
 141 0040 1A60     		str	r2, [r3]
 196:Generated_Source\PSoC4/cyfitter_cfg.c **** 	/* Start the ECO and do not check status since it is not needed for HFCLK */
 142              		.loc 1 196 0
 143 0042 214A     		ldr	r2, .L6+36
 144 0044 1368     		ldr	r3, [r2]
 145 0046 0821     		movs	r1, #8
 146 0048 8B43     		bics	r3, r1
 147 004a 1360     		str	r3, [r2]
 198:Generated_Source\PSoC4/cyfitter_cfg.c **** 	CyDelayUs(1500u); /* Wait to stabilize */
 148              		.loc 1 198 0
 149 004c FA20     		movs	r0, #250
 150 004e C000     		lsls	r0, r0, #3
 151 0050 FFF7FEFF 		bl	CySysClkEcoStart
 152              	.LVL7:
 199:Generated_Source\PSoC4/cyfitter_cfg.c **** 
 153              		.loc 1 199 0
 154 0054 1D48     		ldr	r0, .L6+40
 155 0056 FFF7FEFF 		bl	CyDelayUs
 156              	.LVL8:
 202:Generated_Source\PSoC4/cyfitter_cfg.c **** 	CY_SET_REG32((void *)CYREG_PERI_DIV_CMD, 0x8000FF41u);
 157              		.loc 1 202 0
 158 005a 8822     		movs	r2, #136
 159 005c 9201     		lsls	r2, r2, #6
 160 005e 1C4B     		ldr	r3, .L6+44
 161 0060 1A60     		str	r2, [r3]
 203:Generated_Source\PSoC4/cyfitter_cfg.c **** 	CY_SET_REG32((void *)CYREG_PERI_DIV_16_CTL0, 0x00001D00u);
 162              		.loc 1 203 0
 163 0062 1C4B     		ldr	r3, .L6+48
 164 0064 1C4A     		ldr	r2, .L6+52
 165 0066 1A60     		str	r2, [r3]
 204:Generated_Source\PSoC4/cyfitter_cfg.c **** 	CY_SET_REG32((void *)CYREG_PERI_DIV_CMD, 0x8000FF40u);
 166              		.loc 1 204 0
 167 0068 E821     		movs	r1, #232
 168 006a 4901     		lsls	r1, r1, #5
 169 006c 1B4A     		ldr	r2, .L6+56
 170 006e 1160     		str	r1, [r2]
 205:Generated_Source\PSoC4/cyfitter_cfg.c **** 
 171              		.loc 1 205 0
 172 0070 1B4A     		ldr	r2, .L6+60
 173 0072 1A60     		str	r2, [r3]
 208:Generated_Source\PSoC4/cyfitter_cfg.c **** 
 174              		.loc 1 208 0
 175 0074 8022     		movs	r2, #128
 176 0076 1206     		lsls	r2, r2, #24
 177 0078 1A4B     		ldr	r3, .L6+64
 178 007a 1A60     		str	r2, [r3]
 211:Generated_Source\PSoC4/cyfitter_cfg.c **** 
 179              		.loc 1 211 0
 180 007c 8022     		movs	r2, #128
 181 007e D202     		lsls	r2, r2, #11
 182 0080 194B     		ldr	r3, .L6+68
 183 0082 1A60     		str	r2, [r3]
 214:Generated_Source\PSoC4/cyfitter_cfg.c **** 
ARM GAS  C:\Users\bryan.lee\AppData\Local\Temp\ccakK4c6.s 			page 9


 184              		.loc 1 214 0
 185 0084 4122     		movs	r2, #65
 186 0086 194B     		ldr	r3, .L6+72
 187 0088 1A60     		str	r2, [r3]
 217:Generated_Source\PSoC4/cyfitter_cfg.c **** 
 188              		.loc 1 217 0
 189 008a 013A     		subs	r2, r2, #1
 190 008c 184B     		ldr	r3, .L6+76
 191 008e 1A60     		str	r2, [r3]
 219:Generated_Source\PSoC4/cyfitter_cfg.c **** 	CyIntEnable(8u);
 192              		.loc 1 219 0
 193 0090 1849     		ldr	r1, .L6+80
 194 0092 0820     		movs	r0, #8
 195 0094 FFF7FEFF 		bl	CyIntSetVector
 196              	.LVL9:
 220:Generated_Source\PSoC4/cyfitter_cfg.c **** 	CY_SET_REG32((void *)(CYREG_WDT_CONFIG), 0x40000000u);
 197              		.loc 1 220 0
 198 0098 0820     		movs	r0, #8
 199 009a FFF7FEFF 		bl	CyIntEnable
 200              	.LVL10:
 221:Generated_Source\PSoC4/cyfitter_cfg.c **** }
 201              		.loc 1 221 0
 202 009e 2560     		str	r5, [r4]
 222:Generated_Source\PSoC4/cyfitter_cfg.c **** 
 203              		.loc 1 222 0
 204              		@ sp needed
 205 00a0 70BD     		pop	{r4, r5, r6, pc}
 206              	.L7:
 207 00a2 C046     		.align	2
 208              	.L6:
 209 00a4 30001040 		.word	1074790448
 210 00a8 001BB700 		.word	12000000
 211 00ac 06000080 		.word	-2147483642
 212 00b0 04010B40 		.word	1074462980
 213 00b4 0C020B40 		.word	1074463244
 214 00b8 78002E40 		.word	1076756600
 215 00bc 2D3E0000 		.word	15917
 216 00c0 7C002E40 		.word	1076756604
 217 00c4 64F02E40 		.word	1076818020
 218 00c8 6CF02E40 		.word	1076818028
 219 00cc DC050000 		.word	1500
 220 00d0 04030140 		.word	1073808132
 221 00d4 00000140 		.word	1073807360
 222 00d8 41FF0080 		.word	-2147418303
 223 00dc 00030140 		.word	1073808128
 224 00e0 40FF0080 		.word	-2147418304
 225 00e4 08010B40 		.word	1074462984
 226 00e8 00010B40 		.word	1074462976
 227 00ec 08010140 		.word	1073807624
 228 00f0 04010140 		.word	1073807620
 229 00f4 00000000 		.word	CySysWdtIsr
 230              		.cfi_endproc
 231              	.LFE5:
 232              		.size	ClockSetup, .-ClockSetup
 233              		.align	2
 234              		.global	cyfitter_cfg
 235              		.code	16
ARM GAS  C:\Users\bryan.lee\AppData\Local\Temp\ccakK4c6.s 			page 10


 236              		.thumb_func
 237              		.type	cyfitter_cfg, %function
 238              	cyfitter_cfg:
 239              	.LFB7:
 250:Generated_Source\PSoC4/cyfitter_cfg.c **** 
 251:Generated_Source\PSoC4/cyfitter_cfg.c **** 
 252:Generated_Source\PSoC4/cyfitter_cfg.c **** 
 253:Generated_Source\PSoC4/cyfitter_cfg.c **** 
 254:Generated_Source\PSoC4/cyfitter_cfg.c **** /*******************************************************************************
 255:Generated_Source\PSoC4/cyfitter_cfg.c **** * Function Name: cyfitter_cfg
 256:Generated_Source\PSoC4/cyfitter_cfg.c **** ********************************************************************************
 257:Generated_Source\PSoC4/cyfitter_cfg.c **** * Summary:
 258:Generated_Source\PSoC4/cyfitter_cfg.c **** *  This function is called by the start-up code for the selected device. It
 259:Generated_Source\PSoC4/cyfitter_cfg.c **** *  performs all of the necessary device configuration based on the design
 260:Generated_Source\PSoC4/cyfitter_cfg.c **** *  settings.  This includes settings from the Design Wide Resources (DWR) such
 261:Generated_Source\PSoC4/cyfitter_cfg.c **** *  as Clocks and Pins as well as any component configuration that is necessary.
 262:Generated_Source\PSoC4/cyfitter_cfg.c **** *
 263:Generated_Source\PSoC4/cyfitter_cfg.c **** * Parameters:
 264:Generated_Source\PSoC4/cyfitter_cfg.c **** *   void
 265:Generated_Source\PSoC4/cyfitter_cfg.c **** *
 266:Generated_Source\PSoC4/cyfitter_cfg.c **** * Return:
 267:Generated_Source\PSoC4/cyfitter_cfg.c **** *   void
 268:Generated_Source\PSoC4/cyfitter_cfg.c **** *
 269:Generated_Source\PSoC4/cyfitter_cfg.c **** *******************************************************************************/
 270:Generated_Source\PSoC4/cyfitter_cfg.c **** CY_CFG_SECTION
 271:Generated_Source\PSoC4/cyfitter_cfg.c **** void cyfitter_cfg(void)
 272:Generated_Source\PSoC4/cyfitter_cfg.c **** {
 240              		.loc 1 272 0
 241              		.cfi_startproc
 242              		@ args = 0, pretend = 0, frame = 0
 243              		@ frame_needed = 0, uses_anonymous_args = 0
 244 00f8 10B5     		push	{r4, lr}
 245              		.cfi_def_cfa_offset 8
 246              		.cfi_offset 4, -8
 247              		.cfi_offset 14, -4
 273:Generated_Source\PSoC4/cyfitter_cfg.c **** 	/* Disable interrupts by default. Let user enable if/when they want. */
 274:Generated_Source\PSoC4/cyfitter_cfg.c **** 	CyGlobalIntDisable;
 248              		.loc 1 274 0
 249              		.syntax divided
 250              	@ 274 "Generated_Source\PSoC4\cyfitter_cfg.c" 1
 251 00fa 72B6     		CPSID   i
 252              	@ 0 "" 2
 275:Generated_Source\PSoC4/cyfitter_cfg.c **** 
 276:Generated_Source\PSoC4/cyfitter_cfg.c **** 	CY_SET_REG32((void *)(CYREG_BLE_BLESS_LL_DSM_CTRL), 0x00000000u);
 253              		.loc 1 276 0
 254              		.thumb
 255              		.syntax unified
 256 00fc 0022     		movs	r2, #0
 257 00fe 1E4B     		ldr	r3, .L11
 258 0100 1A60     		str	r2, [r3]
 259              	.LVL11:
 260              	.LBB2:
 277:Generated_Source\PSoC4/cyfitter_cfg.c **** 
 278:Generated_Source\PSoC4/cyfitter_cfg.c **** 	{
 279:Generated_Source\PSoC4/cyfitter_cfg.c **** 
 280:Generated_Source\PSoC4/cyfitter_cfg.c **** 		CYPACKED typedef struct {
 281:Generated_Source\PSoC4/cyfitter_cfg.c **** 			void CYFAR *address;
ARM GAS  C:\Users\bryan.lee\AppData\Local\Temp\ccakK4c6.s 			page 11


 282:Generated_Source\PSoC4/cyfitter_cfg.c **** 			uint16 size;
 283:Generated_Source\PSoC4/cyfitter_cfg.c **** 		} CYPACKED_ATTR cfg_memset_t;
 284:Generated_Source\PSoC4/cyfitter_cfg.c **** 
 285:Generated_Source\PSoC4/cyfitter_cfg.c **** 		static const cfg_memset_t CYCODE cfg_memset_list[] = {
 286:Generated_Source\PSoC4/cyfitter_cfg.c **** 			/* address, size */
 287:Generated_Source\PSoC4/cyfitter_cfg.c **** 			{(void CYFAR *)(CYDEV_UDB_P0_U0_BASE), 1024u},
 288:Generated_Source\PSoC4/cyfitter_cfg.c **** 			{(void CYFAR *)(CYDEV_UDB_DSI0_BASE), 1024u},
 289:Generated_Source\PSoC4/cyfitter_cfg.c **** 		};
 290:Generated_Source\PSoC4/cyfitter_cfg.c **** 
 291:Generated_Source\PSoC4/cyfitter_cfg.c **** 		uint8 CYDATA i;
 292:Generated_Source\PSoC4/cyfitter_cfg.c **** 
 293:Generated_Source\PSoC4/cyfitter_cfg.c **** 		/* Zero out critical memory blocks before beginning configuration */
 294:Generated_Source\PSoC4/cyfitter_cfg.c **** 		for (i = 0u; i < (sizeof(cfg_memset_list)/sizeof(cfg_memset_list[0])); i++)
 261              		.loc 1 294 0
 262 0102 0024     		movs	r4, #0
 263 0104 0FE0     		b	.L9
 264              	.LVL12:
 265              	.L10:
 266              	.LBB3:
 295:Generated_Source\PSoC4/cyfitter_cfg.c **** 		{
 296:Generated_Source\PSoC4/cyfitter_cfg.c **** 			const cfg_memset_t CYCODE * CYDATA ms = &cfg_memset_list[i];
 297:Generated_Source\PSoC4/cyfitter_cfg.c **** 			CYMEMZERO(ms->address, (size_t)(uint32)(ms->size));
 267              		.loc 1 297 0 discriminator 3
 268 0106 1D48     		ldr	r0, .L11+4
 269 0108 6200     		lsls	r2, r4, #1
 270 010a 1319     		adds	r3, r2, r4
 271 010c 5900     		lsls	r1, r3, #1
 272 010e 0B00     		movs	r3, r1
 273 0110 4118     		adds	r1, r0, r1
 274 0112 8988     		ldrh	r1, [r1, #4]
 275 0114 1A5A     		ldrh	r2, [r3, r0]
 276 0116 C318     		adds	r3, r0, r3
 277 0118 5888     		ldrh	r0, [r3, #2]
 278 011a 0004     		lsls	r0, r0, #16
 279 011c 1043     		orrs	r0, r2
 280 011e FFF7FEFF 		bl	CYMEMZERO
 281              	.LVL13:
 282              	.LBE3:
 294:Generated_Source\PSoC4/cyfitter_cfg.c **** 		{
 283              		.loc 1 294 0 discriminator 3
 284 0122 0134     		adds	r4, r4, #1
 285              	.LVL14:
 286 0124 E4B2     		uxtb	r4, r4
 287              	.LVL15:
 288              	.L9:
 294:Generated_Source\PSoC4/cyfitter_cfg.c **** 		{
 289              		.loc 1 294 0 is_stmt 0 discriminator 1
 290 0126 012C     		cmp	r4, #1
 291 0128 EDD9     		bls	.L10
 298:Generated_Source\PSoC4/cyfitter_cfg.c **** 		}
 299:Generated_Source\PSoC4/cyfitter_cfg.c **** 
 300:Generated_Source\PSoC4/cyfitter_cfg.c **** 		/* HSIOM Starting address: CYDEV_HSIOM_BASE */
 301:Generated_Source\PSoC4/cyfitter_cfg.c **** 		CY_SET_REG32((void *)(CYDEV_HSIOM_BASE), 0xEEEE0099u);
 292              		.loc 1 301 0 is_stmt 1
 293 012a 154A     		ldr	r2, .L11+8
 294 012c 154B     		ldr	r3, .L11+12
 295 012e 1A60     		str	r2, [r3]
ARM GAS  C:\Users\bryan.lee\AppData\Local\Temp\ccakK4c6.s 			page 12


 302:Generated_Source\PSoC4/cyfitter_cfg.c **** 
 303:Generated_Source\PSoC4/cyfitter_cfg.c **** 		/* UDB_PA_0 Starting address: CYDEV_UDB_PA0_BASE */
 304:Generated_Source\PSoC4/cyfitter_cfg.c **** 		CY_SET_REG32((void *)(CYDEV_UDB_PA0_BASE), 0x00990000u);
 296              		.loc 1 304 0
 297 0130 9923     		movs	r3, #153
 298 0132 1B04     		lsls	r3, r3, #16
 299 0134 144A     		ldr	r2, .L11+16
 300 0136 1360     		str	r3, [r2]
 305:Generated_Source\PSoC4/cyfitter_cfg.c **** 
 306:Generated_Source\PSoC4/cyfitter_cfg.c **** 		/* UDB_PA_1 Starting address: CYDEV_UDB_PA1_BASE */
 307:Generated_Source\PSoC4/cyfitter_cfg.c **** 		CY_SET_REG32((void *)(CYDEV_UDB_PA1_BASE), 0x00990000u);
 301              		.loc 1 307 0
 302 0138 144A     		ldr	r2, .L11+20
 303 013a 1360     		str	r3, [r2]
 308:Generated_Source\PSoC4/cyfitter_cfg.c **** 
 309:Generated_Source\PSoC4/cyfitter_cfg.c **** 		/* Enable digital routing */
 310:Generated_Source\PSoC4/cyfitter_cfg.c **** 		CY_SET_XTND_REG8((void *)CYREG_UDB_UDBIF_BANK_CTL, (uint8)(CY_GET_XTND_REG8((void *)CYREG_UDB_UDB
 304              		.loc 1 310 0
 305 013c 144A     		ldr	r2, .L11+24
 306 013e 1178     		ldrb	r1, [r2]
 307 0140 0623     		movs	r3, #6
 308 0142 0B43     		orrs	r3, r1
 309 0144 DBB2     		uxtb	r3, r3
 310 0146 1370     		strb	r3, [r2]
 311              	.LBE2:
 311:Generated_Source\PSoC4/cyfitter_cfg.c **** 	}
 312:Generated_Source\PSoC4/cyfitter_cfg.c **** 
 313:Generated_Source\PSoC4/cyfitter_cfg.c **** 	/* Perform second pass device configuration. These items must be configured in specific order afte
 314:Generated_Source\PSoC4/cyfitter_cfg.c **** 	/* IOPINS0_0 Starting address: CYDEV_GPIO_PRT0_BASE */
 315:Generated_Source\PSoC4/cyfitter_cfg.c **** 	CY_SET_REG32((void *)(CYDEV_GPIO_PRT0_BASE), 0x00000032u);
 312              		.loc 1 315 0
 313 0148 3222     		movs	r2, #50
 314 014a 124B     		ldr	r3, .L11+28
 315 014c 1A60     		str	r2, [r3]
 316:Generated_Source\PSoC4/cyfitter_cfg.c **** 	CY_SET_REG32((void *)(CYREG_GPIO_PRT0_PC), 0x00DA4C71u);
 316              		.loc 1 316 0
 317 014e 124A     		ldr	r2, .L11+32
 318 0150 124B     		ldr	r3, .L11+36
 319 0152 1A60     		str	r2, [r3]
 317:Generated_Source\PSoC4/cyfitter_cfg.c **** 	CY_SET_REG32((void *)(CYREG_GPIO_PRT0_INTR_CFG), 0x00000020u);
 320              		.loc 1 317 0
 321 0154 2022     		movs	r2, #32
 322 0156 124B     		ldr	r3, .L11+40
 323 0158 1A60     		str	r2, [r3]
 318:Generated_Source\PSoC4/cyfitter_cfg.c **** 	CY_SET_REG32((void *)(CYREG_GPIO_PRT0_PC2), 0x00000002u);
 324              		.loc 1 318 0
 325 015a 0223     		movs	r3, #2
 326 015c 114A     		ldr	r2, .L11+44
 327 015e 1360     		str	r3, [r2]
 319:Generated_Source\PSoC4/cyfitter_cfg.c **** 
 320:Generated_Source\PSoC4/cyfitter_cfg.c **** 	/* IOPINS0_1 Starting address: CYDEV_GPIO_PRT1_BASE */
 321:Generated_Source\PSoC4/cyfitter_cfg.c **** 	CY_SET_REG32((void *)(CYREG_GPIO_PRT1_PC), 0x000001B1u);
 328              		.loc 1 321 0
 329 0160 B221     		movs	r1, #178
 330 0162 FF31     		adds	r1, r1, #255
 331 0164 104A     		ldr	r2, .L11+48
 332 0166 1160     		str	r1, [r2]
ARM GAS  C:\Users\bryan.lee\AppData\Local\Temp\ccakK4c6.s 			page 13


 322:Generated_Source\PSoC4/cyfitter_cfg.c **** 	CY_SET_REG32((void *)(CYREG_GPIO_PRT1_INTR_CFG), 0x00000002u);
 333              		.loc 1 322 0
 334 0168 104A     		ldr	r2, .L11+52
 335 016a 1360     		str	r3, [r2]
 323:Generated_Source\PSoC4/cyfitter_cfg.c **** 
 324:Generated_Source\PSoC4/cyfitter_cfg.c **** 
 325:Generated_Source\PSoC4/cyfitter_cfg.c **** 	/* Setup clocks based on selections from Clock DWR */
 326:Generated_Source\PSoC4/cyfitter_cfg.c **** 	ClockSetup();
 336              		.loc 1 326 0
 337 016c FFF748FF 		bl	ClockSetup
 338              	.LVL16:
 327:Generated_Source\PSoC4/cyfitter_cfg.c **** 
 328:Generated_Source\PSoC4/cyfitter_cfg.c **** 	/* Perform basic analog initialization to defaults */
 329:Generated_Source\PSoC4/cyfitter_cfg.c **** 	AnalogSetDefault();
 339              		.loc 1 329 0
 340 0170 FFF7FEFF 		bl	AnalogSetDefault
 341              	.LVL17:
 330:Generated_Source\PSoC4/cyfitter_cfg.c **** 
 331:Generated_Source\PSoC4/cyfitter_cfg.c **** }
 342              		.loc 1 331 0
 343              		@ sp needed
 344              	.LVL18:
 345 0174 10BD     		pop	{r4, pc}
 346              	.L12:
 347 0176 C046     		.align	2
 348              	.L11:
 349 0178 6CF02E40 		.word	1076818028
 350 017c 00000000 		.word	.LANCHOR0
 351 0180 9900EEEE 		.word	-286392167
 352 0184 00000240 		.word	1073872896
 353 0188 00500F40 		.word	1074745344
 354 018c 10500F40 		.word	1074745360
 355 0190 00700F40 		.word	1074753536
 356 0194 00000440 		.word	1074003968
 357 0198 714CDA00 		.word	14306417
 358 019c 08000440 		.word	1074003976
 359 01a0 0C000440 		.word	1074003980
 360 01a4 18000440 		.word	1074003992
 361 01a8 08010440 		.word	1074004232
 362 01ac 0C010440 		.word	1074004236
 363              		.cfi_endproc
 364              	.LFE7:
 365              		.size	cyfitter_cfg, .-cyfitter_cfg
 366              		.section	.rodata
 367              		.align	2
 368              		.set	.LANCHOR0,. + 0
 369              		.type	cfg_memset_list.4884, %object
 370              		.size	cfg_memset_list.4884, 12
 371              	cfg_memset_list.4884:
 372 0000 00300F40 		.word	1074737152
 373 0004 0004     		.short	1024
 374 0006 00400F40 		.4byte	1074741248
 375 000a 0004     		.short	1024
 376              		.text
 377              	.Letext0:
 378              		.file 2 "c:\\program files (x86)\\cypress\\psoc creator\\4.2\\psoc creator\\import\\gnu\\arm\\5.4.
 379              		.file 3 "Generated_Source\\PSoC4\\cytypes.h"
ARM GAS  C:\Users\bryan.lee\AppData\Local\Temp\ccakK4c6.s 			page 14


 380              		.file 4 "Generated_Source\\PSoC4\\CyLFClk.h"
 381              		.file 5 "Generated_Source\\PSoC4\\CyLib.h"
 382              		.section	.debug_info,"",%progbits
 383              	.Ldebug_info0:
 384 0000 29030000 		.4byte	0x329
 385 0004 0400     		.2byte	0x4
 386 0006 00000000 		.4byte	.Ldebug_abbrev0
 387 000a 04       		.byte	0x4
 388 000b 01       		.uleb128 0x1
 389 000c 80010000 		.4byte	.LASF34
 390 0010 0C       		.byte	0xc
 391 0011 92020000 		.4byte	.LASF35
 392 0015 69000000 		.4byte	.LASF36
 393 0019 00000000 		.4byte	.Ldebug_ranges0+0
 394 001d 00000000 		.4byte	0
 395 0021 00000000 		.4byte	.Ldebug_line0
 396 0025 02       		.uleb128 0x2
 397 0026 04       		.byte	0x4
 398 0027 05       		.byte	0x5
 399 0028 696E7400 		.ascii	"int\000"
 400 002c 03       		.uleb128 0x3
 401 002d 14000000 		.4byte	.LASF12
 402 0031 02       		.byte	0x2
 403 0032 D8       		.byte	0xd8
 404 0033 37000000 		.4byte	0x37
 405 0037 04       		.uleb128 0x4
 406 0038 04       		.byte	0x4
 407 0039 07       		.byte	0x7
 408 003a 47010000 		.4byte	.LASF0
 409 003e 04       		.uleb128 0x4
 410 003f 08       		.byte	0x8
 411 0040 05       		.byte	0x5
 412 0041 24020000 		.4byte	.LASF1
 413 0045 04       		.uleb128 0x4
 414 0046 08       		.byte	0x8
 415 0047 04       		.byte	0x4
 416 0048 7A020000 		.4byte	.LASF2
 417 004c 04       		.uleb128 0x4
 418 004d 01       		.byte	0x1
 419 004e 06       		.byte	0x6
 420 004f 86020000 		.4byte	.LASF3
 421 0053 04       		.uleb128 0x4
 422 0054 01       		.byte	0x1
 423 0055 08       		.byte	0x8
 424 0056 11010000 		.4byte	.LASF4
 425 005a 04       		.uleb128 0x4
 426 005b 02       		.byte	0x2
 427 005c 05       		.byte	0x5
 428 005d 52020000 		.4byte	.LASF5
 429 0061 04       		.uleb128 0x4
 430 0062 02       		.byte	0x2
 431 0063 07       		.byte	0x7
 432 0064 56000000 		.4byte	.LASF6
 433 0068 04       		.uleb128 0x4
 434 0069 04       		.byte	0x4
 435 006a 05       		.byte	0x5
 436 006b 71020000 		.4byte	.LASF7
ARM GAS  C:\Users\bryan.lee\AppData\Local\Temp\ccakK4c6.s 			page 15


 437 006f 04       		.uleb128 0x4
 438 0070 04       		.byte	0x4
 439 0071 07       		.byte	0x7
 440 0072 DE000000 		.4byte	.LASF8
 441 0076 04       		.uleb128 0x4
 442 0077 08       		.byte	0x8
 443 0078 07       		.byte	0x7
 444 0079 69010000 		.4byte	.LASF9
 445 007d 04       		.uleb128 0x4
 446 007e 04       		.byte	0x4
 447 007f 07       		.byte	0x7
 448 0080 1B020000 		.4byte	.LASF10
 449 0084 05       		.uleb128 0x5
 450 0085 04       		.byte	0x4
 451 0086 04       		.uleb128 0x4
 452 0087 01       		.byte	0x1
 453 0088 08       		.byte	0x8
 454 0089 3C020000 		.4byte	.LASF11
 455 008d 06       		.uleb128 0x6
 456 008e F0000000 		.4byte	.LASF13
 457 0092 03       		.byte	0x3
 458 0093 E401     		.2byte	0x1e4
 459 0095 53000000 		.4byte	0x53
 460 0099 06       		.uleb128 0x6
 461 009a 39010000 		.4byte	.LASF14
 462 009e 03       		.byte	0x3
 463 009f E501     		.2byte	0x1e5
 464 00a1 61000000 		.4byte	0x61
 465 00a5 06       		.uleb128 0x6
 466 00a6 40010000 		.4byte	.LASF15
 467 00aa 03       		.byte	0x3
 468 00ab E601     		.2byte	0x1e6
 469 00ad 6F000000 		.4byte	0x6f
 470 00b1 04       		.uleb128 0x4
 471 00b2 04       		.byte	0x4
 472 00b3 04       		.byte	0x4
 473 00b4 B6000000 		.4byte	.LASF16
 474 00b8 04       		.uleb128 0x4
 475 00b9 08       		.byte	0x8
 476 00ba 04       		.byte	0x4
 477 00bb 26010000 		.4byte	.LASF17
 478 00bf 06       		.uleb128 0x6
 479 00c0 D9000000 		.4byte	.LASF18
 480 00c4 03       		.byte	0x3
 481 00c5 8E02     		.2byte	0x28e
 482 00c7 CB000000 		.4byte	0xcb
 483 00cb 07       		.uleb128 0x7
 484 00cc 8D000000 		.4byte	0x8d
 485 00d0 06       		.uleb128 0x6
 486 00d1 0E000000 		.4byte	.LASF19
 487 00d5 03       		.byte	0x3
 488 00d6 9002     		.2byte	0x290
 489 00d8 DC000000 		.4byte	0xdc
 490 00dc 07       		.uleb128 0x7
 491 00dd A5000000 		.4byte	0xa5
 492 00e1 08       		.uleb128 0x8
 493 00e2 1B000000 		.4byte	.LASF37
ARM GAS  C:\Users\bryan.lee\AppData\Local\Temp\ccakK4c6.s 			page 16


 494 00e6 01       		.byte	0x1
 495 00e7 F4       		.byte	0xf4
 496 00e8 00000000 		.4byte	.LFB6
 497 00ec 20000000 		.4byte	.LFE6-.LFB6
 498 00f0 01       		.uleb128 0x1
 499 00f1 9C       		.byte	0x9c
 500 00f2 09       		.uleb128 0x9
 501 00f3 07010000 		.4byte	.LASF20
 502 00f7 01       		.byte	0x1
 503 00f8 4C       		.byte	0x4c
 504 00f9 00000000 		.4byte	.LFB2
 505 00fd 0C000000 		.4byte	.LFE2-.LFB2
 506 0101 01       		.uleb128 0x1
 507 0102 9C       		.byte	0x9c
 508 0103 3F010000 		.4byte	0x13f
 509 0107 0A       		.uleb128 0xa
 510 0108 7300     		.ascii	"s\000"
 511 010a 01       		.byte	0x1
 512 010b 4C       		.byte	0x4c
 513 010c 84000000 		.4byte	0x84
 514 0110 00000000 		.4byte	.LLST0
 515 0114 0A       		.uleb128 0xa
 516 0115 6E00     		.ascii	"n\000"
 517 0117 01       		.byte	0x1
 518 0118 4C       		.byte	0x4c
 519 0119 2C000000 		.4byte	0x2c
 520 011d 21000000 		.4byte	.LLST1
 521 0121 0B       		.uleb128 0xb
 522 0122 0A000000 		.4byte	.LVL2
 523 0126 CB020000 		.4byte	0x2cb
 524 012a 0C       		.uleb128 0xc
 525 012b 01       		.uleb128 0x1
 526 012c 50       		.byte	0x50
 527 012d 03       		.uleb128 0x3
 528 012e F3       		.byte	0xf3
 529 012f 01       		.uleb128 0x1
 530 0130 50       		.byte	0x50
 531 0131 0C       		.uleb128 0xc
 532 0132 01       		.uleb128 0x1
 533 0133 51       		.byte	0x51
 534 0134 01       		.uleb128 0x1
 535 0135 30       		.byte	0x30
 536 0136 0C       		.uleb128 0xc
 537 0137 01       		.uleb128 0x1
 538 0138 52       		.byte	0x52
 539 0139 03       		.uleb128 0x3
 540 013a F3       		.byte	0xf3
 541 013b 01       		.uleb128 0x1
 542 013c 51       		.byte	0x51
 543 013d 00       		.byte	0
 544 013e 00       		.byte	0
 545 013f 09       		.uleb128 0x9
 546 0140 4B000000 		.4byte	.LASF21
 547 0144 01       		.byte	0x1
 548 0145 AA       		.byte	0xaa
 549 0146 00000000 		.4byte	.LFB5
 550 014a F8000000 		.4byte	.LFE5-.LFB5
ARM GAS  C:\Users\bryan.lee\AppData\Local\Temp\ccakK4c6.s 			page 17


 551 014e 01       		.uleb128 0x1
 552 014f 9C       		.byte	0x9c
 553 0150 E8010000 		.4byte	0x1e8
 554 0154 0D       		.uleb128 0xd
 555 0155 0C000000 		.4byte	.LVL3
 556 0159 D4020000 		.4byte	0x2d4
 557 015d 0E       		.uleb128 0xe
 558 015e 12000000 		.4byte	.LVL4
 559 0162 DF020000 		.4byte	0x2df
 560 0166 74010000 		.4byte	0x174
 561 016a 0C       		.uleb128 0xc
 562 016b 01       		.uleb128 0x1
 563 016c 50       		.byte	0x50
 564 016d 05       		.uleb128 0x5
 565 016e 0C       		.byte	0xc
 566 016f 001BB700 		.4byte	0xb71b00
 567 0173 00       		.byte	0
 568 0174 0E       		.uleb128 0xe
 569 0175 18000000 		.4byte	.LVL5
 570 0179 EA020000 		.4byte	0x2ea
 571 017d 87010000 		.4byte	0x187
 572 0181 0C       		.uleb128 0xc
 573 0182 01       		.uleb128 0x1
 574 0183 50       		.byte	0x50
 575 0184 01       		.uleb128 0x1
 576 0185 31       		.byte	0x31
 577 0186 00       		.byte	0
 578 0187 0E       		.uleb128 0xe
 579 0188 1E000000 		.4byte	.LVL6
 580 018c F5020000 		.4byte	0x2f5
 581 0190 9B010000 		.4byte	0x19b
 582 0194 0C       		.uleb128 0xc
 583 0195 01       		.uleb128 0x1
 584 0196 50       		.byte	0x50
 585 0197 02       		.uleb128 0x2
 586 0198 08       		.byte	0x8
 587 0199 30       		.byte	0x30
 588 019a 00       		.byte	0
 589 019b 0E       		.uleb128 0xe
 590 019c 54000000 		.4byte	.LVL7
 591 01a0 00030000 		.4byte	0x300
 592 01a4 B0010000 		.4byte	0x1b0
 593 01a8 0C       		.uleb128 0xc
 594 01a9 01       		.uleb128 0x1
 595 01aa 50       		.byte	0x50
 596 01ab 03       		.uleb128 0x3
 597 01ac 0A       		.byte	0xa
 598 01ad D007     		.2byte	0x7d0
 599 01af 00       		.byte	0
 600 01b0 0E       		.uleb128 0xe
 601 01b1 5A000000 		.4byte	.LVL8
 602 01b5 0B030000 		.4byte	0x30b
 603 01b9 C5010000 		.4byte	0x1c5
 604 01bd 0C       		.uleb128 0xc
 605 01be 01       		.uleb128 0x1
 606 01bf 50       		.byte	0x50
 607 01c0 03       		.uleb128 0x3
ARM GAS  C:\Users\bryan.lee\AppData\Local\Temp\ccakK4c6.s 			page 18


 608 01c1 0A       		.byte	0xa
 609 01c2 DC05     		.2byte	0x5dc
 610 01c4 00       		.byte	0
 611 01c5 0E       		.uleb128 0xe
 612 01c6 98000000 		.4byte	.LVL9
 613 01ca 16030000 		.4byte	0x316
 614 01ce D8010000 		.4byte	0x1d8
 615 01d2 0C       		.uleb128 0xc
 616 01d3 01       		.uleb128 0x1
 617 01d4 50       		.byte	0x50
 618 01d5 01       		.uleb128 0x1
 619 01d6 38       		.byte	0x38
 620 01d7 00       		.byte	0
 621 01d8 0B       		.uleb128 0xb
 622 01d9 9E000000 		.4byte	.LVL10
 623 01dd 21030000 		.4byte	0x321
 624 01e1 0C       		.uleb128 0xc
 625 01e2 01       		.uleb128 0x1
 626 01e3 50       		.byte	0x50
 627 01e4 01       		.uleb128 0x1
 628 01e5 38       		.byte	0x38
 629 01e6 00       		.byte	0
 630 01e7 00       		.byte	0
 631 01e8 0F       		.uleb128 0xf
 632 01e9 54010000 		.4byte	.LASF38
 633 01ed 01       		.byte	0x1
 634 01ee 0F01     		.2byte	0x10f
 635 01f0 F8000000 		.4byte	.LFB7
 636 01f4 B8000000 		.4byte	.LFE7-.LFB7
 637 01f8 01       		.uleb128 0x1
 638 01f9 9C       		.byte	0x9c
 639 01fa CB020000 		.4byte	0x2cb
 640 01fe 10       		.uleb128 0x10
 641 01ff 02010000 		.4byte	.LBB2
 642 0203 46000000 		.4byte	.LBE2-.LBB2
 643 0207 B8020000 		.4byte	0x2b8
 644 020b 11       		.uleb128 0x11
 645 020c 06       		.byte	0x6
 646 020d 01       		.byte	0x1
 647 020e 1801     		.2byte	0x118
 648 0210 2F020000 		.4byte	0x22f
 649 0214 12       		.uleb128 0x12
 650 0215 61010000 		.4byte	.LASF22
 651 0219 01       		.byte	0x1
 652 021a 1901     		.2byte	0x119
 653 021c 84000000 		.4byte	0x84
 654 0220 00       		.byte	0
 655 0221 12       		.uleb128 0x12
 656 0222 BC000000 		.4byte	.LASF23
 657 0226 01       		.byte	0x1
 658 0227 1A01     		.2byte	0x11a
 659 0229 99000000 		.4byte	0x99
 660 022d 04       		.byte	0x4
 661 022e 00       		.byte	0
 662 022f 06       		.uleb128 0x6
 663 0230 0E020000 		.4byte	.LASF24
 664 0234 01       		.byte	0x1
ARM GAS  C:\Users\bryan.lee\AppData\Local\Temp\ccakK4c6.s 			page 19


 665 0235 1B01     		.2byte	0x11b
 666 0237 0B020000 		.4byte	0x20b
 667 023b 13       		.uleb128 0x13
 668 023c 4B020000 		.4byte	0x24b
 669 0240 4B020000 		.4byte	0x24b
 670 0244 14       		.uleb128 0x14
 671 0245 7D000000 		.4byte	0x7d
 672 0249 01       		.byte	0x1
 673 024a 00       		.byte	0
 674 024b 15       		.uleb128 0x15
 675 024c 2F020000 		.4byte	0x22f
 676 0250 16       		.uleb128 0x16
 677 0251 3B000000 		.4byte	.LASF25
 678 0255 01       		.byte	0x1
 679 0256 1D01     		.2byte	0x11d
 680 0258 62020000 		.4byte	0x262
 681 025c 05       		.uleb128 0x5
 682 025d 03       		.byte	0x3
 683 025e 00000000 		.4byte	cfg_memset_list.4884
 684 0262 15       		.uleb128 0x15
 685 0263 3B020000 		.4byte	0x23b
 686 0267 17       		.uleb128 0x17
 687 0268 6900     		.ascii	"i\000"
 688 026a 01       		.byte	0x1
 689 026b 2301     		.2byte	0x123
 690 026d 8D000000 		.4byte	0x8d
 691 0271 4D000000 		.4byte	.LLST2
 692 0275 18       		.uleb128 0x18
 693 0276 06010000 		.4byte	.LBB3
 694 027a 1C000000 		.4byte	.LBE3-.LBB3
 695 027e 17       		.uleb128 0x17
 696 027f 6D7300   		.ascii	"ms\000"
 697 0282 01       		.byte	0x1
 698 0283 2801     		.2byte	0x128
 699 0285 8D020000 		.4byte	0x28d
 700 0289 77000000 		.4byte	.LLST3
 701 028d 19       		.uleb128 0x19
 702 028e 04       		.byte	0x4
 703 028f 4B020000 		.4byte	0x24b
 704 0293 0B       		.uleb128 0xb
 705 0294 22010000 		.4byte	.LVL13
 706 0298 F2000000 		.4byte	0xf2
 707 029c 0C       		.uleb128 0xc
 708 029d 01       		.uleb128 0x1
 709 029e 51       		.byte	0x51
 710 029f 15       		.uleb128 0x15
 711 02a0 74       		.byte	0x74
 712 02a1 00       		.sleb128 0
 713 02a2 31       		.byte	0x31
 714 02a3 24       		.byte	0x24
 715 02a4 74       		.byte	0x74
 716 02a5 00       		.sleb128 0
 717 02a6 22       		.byte	0x22
 718 02a7 31       		.byte	0x31
 719 02a8 24       		.byte	0x24
 720 02a9 03       		.byte	0x3
 721 02aa 04000000 		.4byte	.LANCHOR0+4
ARM GAS  C:\Users\bryan.lee\AppData\Local\Temp\ccakK4c6.s 			page 20


 722 02ae 22       		.byte	0x22
 723 02af 94       		.byte	0x94
 724 02b0 02       		.byte	0x2
 725 02b1 0A       		.byte	0xa
 726 02b2 FFFF     		.2byte	0xffff
 727 02b4 1A       		.byte	0x1a
 728 02b5 00       		.byte	0
 729 02b6 00       		.byte	0
 730 02b7 00       		.byte	0
 731 02b8 0D       		.uleb128 0xd
 732 02b9 70010000 		.4byte	.LVL16
 733 02bd 3F010000 		.4byte	0x13f
 734 02c1 0D       		.uleb128 0xd
 735 02c2 74010000 		.4byte	.LVL17
 736 02c6 E1000000 		.4byte	0xe1
 737 02ca 00       		.byte	0
 738 02cb 1A       		.uleb128 0x1a
 739 02cc 1F010000 		.4byte	.LASF39
 740 02d0 1F010000 		.4byte	.LASF39
 741 02d4 1B       		.uleb128 0x1b
 742 02d5 F6000000 		.4byte	.LASF26
 743 02d9 F6000000 		.4byte	.LASF26
 744 02dd 04       		.byte	0x4
 745 02de 4E       		.byte	0x4e
 746 02df 1B       		.uleb128 0x1b
 747 02e0 00000000 		.4byte	.LASF27
 748 02e4 00000000 		.4byte	.LASF27
 749 02e8 05       		.byte	0x5
 750 02e9 DC       		.byte	0xdc
 751 02ea 1B       		.uleb128 0x1b
 752 02eb C1000000 		.4byte	.LASF28
 753 02ef C1000000 		.4byte	.LASF28
 754 02f3 04       		.byte	0x4
 755 02f4 50       		.byte	0x50
 756 02f5 1B       		.uleb128 0x1b
 757 02f6 5C020000 		.4byte	.LASF29
 758 02fa 5C020000 		.4byte	.LASF29
 759 02fe 05       		.byte	0x5
 760 02ff 6C       		.byte	0x6c
 761 0300 1B       		.uleb128 0x1b
 762 0301 41020000 		.4byte	.LASF30
 763 0305 41020000 		.4byte	.LASF30
 764 0309 05       		.byte	0x5
 765 030a 84       		.byte	0x84
 766 030b 1B       		.uleb128 0x1b
 767 030c 32020000 		.4byte	.LASF31
 768 0310 32020000 		.4byte	.LASF31
 769 0314 05       		.byte	0x5
 770 0315 DA       		.byte	0xda
 771 0316 1B       		.uleb128 0x1b
 772 0317 2C000000 		.4byte	.LASF32
 773 031b 2C000000 		.4byte	.LASF32
 774 031f 05       		.byte	0x5
 775 0320 BD       		.byte	0xbd
 776 0321 1B       		.uleb128 0x1b
 777 0322 2D010000 		.4byte	.LASF33
 778 0326 2D010000 		.4byte	.LASF33
ARM GAS  C:\Users\bryan.lee\AppData\Local\Temp\ccakK4c6.s 			page 21


 779 032a 05       		.byte	0x5
 780 032b C3       		.byte	0xc3
 781 032c 00       		.byte	0
 782              		.section	.debug_abbrev,"",%progbits
 783              	.Ldebug_abbrev0:
 784 0000 01       		.uleb128 0x1
 785 0001 11       		.uleb128 0x11
 786 0002 01       		.byte	0x1
 787 0003 25       		.uleb128 0x25
 788 0004 0E       		.uleb128 0xe
 789 0005 13       		.uleb128 0x13
 790 0006 0B       		.uleb128 0xb
 791 0007 03       		.uleb128 0x3
 792 0008 0E       		.uleb128 0xe
 793 0009 1B       		.uleb128 0x1b
 794 000a 0E       		.uleb128 0xe
 795 000b 55       		.uleb128 0x55
 796 000c 17       		.uleb128 0x17
 797 000d 11       		.uleb128 0x11
 798 000e 01       		.uleb128 0x1
 799 000f 10       		.uleb128 0x10
 800 0010 17       		.uleb128 0x17
 801 0011 00       		.byte	0
 802 0012 00       		.byte	0
 803 0013 02       		.uleb128 0x2
 804 0014 24       		.uleb128 0x24
 805 0015 00       		.byte	0
 806 0016 0B       		.uleb128 0xb
 807 0017 0B       		.uleb128 0xb
 808 0018 3E       		.uleb128 0x3e
 809 0019 0B       		.uleb128 0xb
 810 001a 03       		.uleb128 0x3
 811 001b 08       		.uleb128 0x8
 812 001c 00       		.byte	0
 813 001d 00       		.byte	0
 814 001e 03       		.uleb128 0x3
 815 001f 16       		.uleb128 0x16
 816 0020 00       		.byte	0
 817 0021 03       		.uleb128 0x3
 818 0022 0E       		.uleb128 0xe
 819 0023 3A       		.uleb128 0x3a
 820 0024 0B       		.uleb128 0xb
 821 0025 3B       		.uleb128 0x3b
 822 0026 0B       		.uleb128 0xb
 823 0027 49       		.uleb128 0x49
 824 0028 13       		.uleb128 0x13
 825 0029 00       		.byte	0
 826 002a 00       		.byte	0
 827 002b 04       		.uleb128 0x4
 828 002c 24       		.uleb128 0x24
 829 002d 00       		.byte	0
 830 002e 0B       		.uleb128 0xb
 831 002f 0B       		.uleb128 0xb
 832 0030 3E       		.uleb128 0x3e
 833 0031 0B       		.uleb128 0xb
 834 0032 03       		.uleb128 0x3
 835 0033 0E       		.uleb128 0xe
ARM GAS  C:\Users\bryan.lee\AppData\Local\Temp\ccakK4c6.s 			page 22


 836 0034 00       		.byte	0
 837 0035 00       		.byte	0
 838 0036 05       		.uleb128 0x5
 839 0037 0F       		.uleb128 0xf
 840 0038 00       		.byte	0
 841 0039 0B       		.uleb128 0xb
 842 003a 0B       		.uleb128 0xb
 843 003b 00       		.byte	0
 844 003c 00       		.byte	0
 845 003d 06       		.uleb128 0x6
 846 003e 16       		.uleb128 0x16
 847 003f 00       		.byte	0
 848 0040 03       		.uleb128 0x3
 849 0041 0E       		.uleb128 0xe
 850 0042 3A       		.uleb128 0x3a
 851 0043 0B       		.uleb128 0xb
 852 0044 3B       		.uleb128 0x3b
 853 0045 05       		.uleb128 0x5
 854 0046 49       		.uleb128 0x49
 855 0047 13       		.uleb128 0x13
 856 0048 00       		.byte	0
 857 0049 00       		.byte	0
 858 004a 07       		.uleb128 0x7
 859 004b 35       		.uleb128 0x35
 860 004c 00       		.byte	0
 861 004d 49       		.uleb128 0x49
 862 004e 13       		.uleb128 0x13
 863 004f 00       		.byte	0
 864 0050 00       		.byte	0
 865 0051 08       		.uleb128 0x8
 866 0052 2E       		.uleb128 0x2e
 867 0053 00       		.byte	0
 868 0054 03       		.uleb128 0x3
 869 0055 0E       		.uleb128 0xe
 870 0056 3A       		.uleb128 0x3a
 871 0057 0B       		.uleb128 0xb
 872 0058 3B       		.uleb128 0x3b
 873 0059 0B       		.uleb128 0xb
 874 005a 27       		.uleb128 0x27
 875 005b 19       		.uleb128 0x19
 876 005c 11       		.uleb128 0x11
 877 005d 01       		.uleb128 0x1
 878 005e 12       		.uleb128 0x12
 879 005f 06       		.uleb128 0x6
 880 0060 40       		.uleb128 0x40
 881 0061 18       		.uleb128 0x18
 882 0062 9742     		.uleb128 0x2117
 883 0064 19       		.uleb128 0x19
 884 0065 00       		.byte	0
 885 0066 00       		.byte	0
 886 0067 09       		.uleb128 0x9
 887 0068 2E       		.uleb128 0x2e
 888 0069 01       		.byte	0x1
 889 006a 03       		.uleb128 0x3
 890 006b 0E       		.uleb128 0xe
 891 006c 3A       		.uleb128 0x3a
 892 006d 0B       		.uleb128 0xb
ARM GAS  C:\Users\bryan.lee\AppData\Local\Temp\ccakK4c6.s 			page 23


 893 006e 3B       		.uleb128 0x3b
 894 006f 0B       		.uleb128 0xb
 895 0070 27       		.uleb128 0x27
 896 0071 19       		.uleb128 0x19
 897 0072 11       		.uleb128 0x11
 898 0073 01       		.uleb128 0x1
 899 0074 12       		.uleb128 0x12
 900 0075 06       		.uleb128 0x6
 901 0076 40       		.uleb128 0x40
 902 0077 18       		.uleb128 0x18
 903 0078 9742     		.uleb128 0x2117
 904 007a 19       		.uleb128 0x19
 905 007b 01       		.uleb128 0x1
 906 007c 13       		.uleb128 0x13
 907 007d 00       		.byte	0
 908 007e 00       		.byte	0
 909 007f 0A       		.uleb128 0xa
 910 0080 05       		.uleb128 0x5
 911 0081 00       		.byte	0
 912 0082 03       		.uleb128 0x3
 913 0083 08       		.uleb128 0x8
 914 0084 3A       		.uleb128 0x3a
 915 0085 0B       		.uleb128 0xb
 916 0086 3B       		.uleb128 0x3b
 917 0087 0B       		.uleb128 0xb
 918 0088 49       		.uleb128 0x49
 919 0089 13       		.uleb128 0x13
 920 008a 02       		.uleb128 0x2
 921 008b 17       		.uleb128 0x17
 922 008c 00       		.byte	0
 923 008d 00       		.byte	0
 924 008e 0B       		.uleb128 0xb
 925 008f 898201   		.uleb128 0x4109
 926 0092 01       		.byte	0x1
 927 0093 11       		.uleb128 0x11
 928 0094 01       		.uleb128 0x1
 929 0095 31       		.uleb128 0x31
 930 0096 13       		.uleb128 0x13
 931 0097 00       		.byte	0
 932 0098 00       		.byte	0
 933 0099 0C       		.uleb128 0xc
 934 009a 8A8201   		.uleb128 0x410a
 935 009d 00       		.byte	0
 936 009e 02       		.uleb128 0x2
 937 009f 18       		.uleb128 0x18
 938 00a0 9142     		.uleb128 0x2111
 939 00a2 18       		.uleb128 0x18
 940 00a3 00       		.byte	0
 941 00a4 00       		.byte	0
 942 00a5 0D       		.uleb128 0xd
 943 00a6 898201   		.uleb128 0x4109
 944 00a9 00       		.byte	0
 945 00aa 11       		.uleb128 0x11
 946 00ab 01       		.uleb128 0x1
 947 00ac 31       		.uleb128 0x31
 948 00ad 13       		.uleb128 0x13
 949 00ae 00       		.byte	0
ARM GAS  C:\Users\bryan.lee\AppData\Local\Temp\ccakK4c6.s 			page 24


 950 00af 00       		.byte	0
 951 00b0 0E       		.uleb128 0xe
 952 00b1 898201   		.uleb128 0x4109
 953 00b4 01       		.byte	0x1
 954 00b5 11       		.uleb128 0x11
 955 00b6 01       		.uleb128 0x1
 956 00b7 31       		.uleb128 0x31
 957 00b8 13       		.uleb128 0x13
 958 00b9 01       		.uleb128 0x1
 959 00ba 13       		.uleb128 0x13
 960 00bb 00       		.byte	0
 961 00bc 00       		.byte	0
 962 00bd 0F       		.uleb128 0xf
 963 00be 2E       		.uleb128 0x2e
 964 00bf 01       		.byte	0x1
 965 00c0 3F       		.uleb128 0x3f
 966 00c1 19       		.uleb128 0x19
 967 00c2 03       		.uleb128 0x3
 968 00c3 0E       		.uleb128 0xe
 969 00c4 3A       		.uleb128 0x3a
 970 00c5 0B       		.uleb128 0xb
 971 00c6 3B       		.uleb128 0x3b
 972 00c7 05       		.uleb128 0x5
 973 00c8 27       		.uleb128 0x27
 974 00c9 19       		.uleb128 0x19
 975 00ca 11       		.uleb128 0x11
 976 00cb 01       		.uleb128 0x1
 977 00cc 12       		.uleb128 0x12
 978 00cd 06       		.uleb128 0x6
 979 00ce 40       		.uleb128 0x40
 980 00cf 18       		.uleb128 0x18
 981 00d0 9742     		.uleb128 0x2117
 982 00d2 19       		.uleb128 0x19
 983 00d3 01       		.uleb128 0x1
 984 00d4 13       		.uleb128 0x13
 985 00d5 00       		.byte	0
 986 00d6 00       		.byte	0
 987 00d7 10       		.uleb128 0x10
 988 00d8 0B       		.uleb128 0xb
 989 00d9 01       		.byte	0x1
 990 00da 11       		.uleb128 0x11
 991 00db 01       		.uleb128 0x1
 992 00dc 12       		.uleb128 0x12
 993 00dd 06       		.uleb128 0x6
 994 00de 01       		.uleb128 0x1
 995 00df 13       		.uleb128 0x13
 996 00e0 00       		.byte	0
 997 00e1 00       		.byte	0
 998 00e2 11       		.uleb128 0x11
 999 00e3 13       		.uleb128 0x13
 1000 00e4 01       		.byte	0x1
 1001 00e5 0B       		.uleb128 0xb
 1002 00e6 0B       		.uleb128 0xb
 1003 00e7 3A       		.uleb128 0x3a
 1004 00e8 0B       		.uleb128 0xb
 1005 00e9 3B       		.uleb128 0x3b
 1006 00ea 05       		.uleb128 0x5
ARM GAS  C:\Users\bryan.lee\AppData\Local\Temp\ccakK4c6.s 			page 25


 1007 00eb 01       		.uleb128 0x1
 1008 00ec 13       		.uleb128 0x13
 1009 00ed 00       		.byte	0
 1010 00ee 00       		.byte	0
 1011 00ef 12       		.uleb128 0x12
 1012 00f0 0D       		.uleb128 0xd
 1013 00f1 00       		.byte	0
 1014 00f2 03       		.uleb128 0x3
 1015 00f3 0E       		.uleb128 0xe
 1016 00f4 3A       		.uleb128 0x3a
 1017 00f5 0B       		.uleb128 0xb
 1018 00f6 3B       		.uleb128 0x3b
 1019 00f7 05       		.uleb128 0x5
 1020 00f8 49       		.uleb128 0x49
 1021 00f9 13       		.uleb128 0x13
 1022 00fa 38       		.uleb128 0x38
 1023 00fb 0B       		.uleb128 0xb
 1024 00fc 00       		.byte	0
 1025 00fd 00       		.byte	0
 1026 00fe 13       		.uleb128 0x13
 1027 00ff 01       		.uleb128 0x1
 1028 0100 01       		.byte	0x1
 1029 0101 49       		.uleb128 0x49
 1030 0102 13       		.uleb128 0x13
 1031 0103 01       		.uleb128 0x1
 1032 0104 13       		.uleb128 0x13
 1033 0105 00       		.byte	0
 1034 0106 00       		.byte	0
 1035 0107 14       		.uleb128 0x14
 1036 0108 21       		.uleb128 0x21
 1037 0109 00       		.byte	0
 1038 010a 49       		.uleb128 0x49
 1039 010b 13       		.uleb128 0x13
 1040 010c 2F       		.uleb128 0x2f
 1041 010d 0B       		.uleb128 0xb
 1042 010e 00       		.byte	0
 1043 010f 00       		.byte	0
 1044 0110 15       		.uleb128 0x15
 1045 0111 26       		.uleb128 0x26
 1046 0112 00       		.byte	0
 1047 0113 49       		.uleb128 0x49
 1048 0114 13       		.uleb128 0x13
 1049 0115 00       		.byte	0
 1050 0116 00       		.byte	0
 1051 0117 16       		.uleb128 0x16
 1052 0118 34       		.uleb128 0x34
 1053 0119 00       		.byte	0
 1054 011a 03       		.uleb128 0x3
 1055 011b 0E       		.uleb128 0xe
 1056 011c 3A       		.uleb128 0x3a
 1057 011d 0B       		.uleb128 0xb
 1058 011e 3B       		.uleb128 0x3b
 1059 011f 05       		.uleb128 0x5
 1060 0120 49       		.uleb128 0x49
 1061 0121 13       		.uleb128 0x13
 1062 0122 02       		.uleb128 0x2
 1063 0123 18       		.uleb128 0x18
ARM GAS  C:\Users\bryan.lee\AppData\Local\Temp\ccakK4c6.s 			page 26


 1064 0124 00       		.byte	0
 1065 0125 00       		.byte	0
 1066 0126 17       		.uleb128 0x17
 1067 0127 34       		.uleb128 0x34
 1068 0128 00       		.byte	0
 1069 0129 03       		.uleb128 0x3
 1070 012a 08       		.uleb128 0x8
 1071 012b 3A       		.uleb128 0x3a
 1072 012c 0B       		.uleb128 0xb
 1073 012d 3B       		.uleb128 0x3b
 1074 012e 05       		.uleb128 0x5
 1075 012f 49       		.uleb128 0x49
 1076 0130 13       		.uleb128 0x13
 1077 0131 02       		.uleb128 0x2
 1078 0132 17       		.uleb128 0x17
 1079 0133 00       		.byte	0
 1080 0134 00       		.byte	0
 1081 0135 18       		.uleb128 0x18
 1082 0136 0B       		.uleb128 0xb
 1083 0137 01       		.byte	0x1
 1084 0138 11       		.uleb128 0x11
 1085 0139 01       		.uleb128 0x1
 1086 013a 12       		.uleb128 0x12
 1087 013b 06       		.uleb128 0x6
 1088 013c 00       		.byte	0
 1089 013d 00       		.byte	0
 1090 013e 19       		.uleb128 0x19
 1091 013f 0F       		.uleb128 0xf
 1092 0140 00       		.byte	0
 1093 0141 0B       		.uleb128 0xb
 1094 0142 0B       		.uleb128 0xb
 1095 0143 49       		.uleb128 0x49
 1096 0144 13       		.uleb128 0x13
 1097 0145 00       		.byte	0
 1098 0146 00       		.byte	0
 1099 0147 1A       		.uleb128 0x1a
 1100 0148 2E       		.uleb128 0x2e
 1101 0149 00       		.byte	0
 1102 014a 3F       		.uleb128 0x3f
 1103 014b 19       		.uleb128 0x19
 1104 014c 3C       		.uleb128 0x3c
 1105 014d 19       		.uleb128 0x19
 1106 014e 6E       		.uleb128 0x6e
 1107 014f 0E       		.uleb128 0xe
 1108 0150 03       		.uleb128 0x3
 1109 0151 0E       		.uleb128 0xe
 1110 0152 00       		.byte	0
 1111 0153 00       		.byte	0
 1112 0154 1B       		.uleb128 0x1b
 1113 0155 2E       		.uleb128 0x2e
 1114 0156 00       		.byte	0
 1115 0157 3F       		.uleb128 0x3f
 1116 0158 19       		.uleb128 0x19
 1117 0159 3C       		.uleb128 0x3c
 1118 015a 19       		.uleb128 0x19
 1119 015b 6E       		.uleb128 0x6e
 1120 015c 0E       		.uleb128 0xe
ARM GAS  C:\Users\bryan.lee\AppData\Local\Temp\ccakK4c6.s 			page 27


 1121 015d 03       		.uleb128 0x3
 1122 015e 0E       		.uleb128 0xe
 1123 015f 3A       		.uleb128 0x3a
 1124 0160 0B       		.uleb128 0xb
 1125 0161 3B       		.uleb128 0x3b
 1126 0162 0B       		.uleb128 0xb
 1127 0163 00       		.byte	0
 1128 0164 00       		.byte	0
 1129 0165 00       		.byte	0
 1130              		.section	.debug_loc,"",%progbits
 1131              	.Ldebug_loc0:
 1132              	.LLST0:
 1133 0000 00000000 		.4byte	.LVL0
 1134 0004 09000000 		.4byte	.LVL2-1
 1135 0008 0100     		.2byte	0x1
 1136 000a 50       		.byte	0x50
 1137 000b 09000000 		.4byte	.LVL2-1
 1138 000f 0C000000 		.4byte	.LFE2
 1139 0013 0400     		.2byte	0x4
 1140 0015 F3       		.byte	0xf3
 1141 0016 01       		.uleb128 0x1
 1142 0017 50       		.byte	0x50
 1143 0018 9F       		.byte	0x9f
 1144 0019 00000000 		.4byte	0
 1145 001d 00000000 		.4byte	0
 1146              	.LLST1:
 1147 0021 00000000 		.4byte	.LVL0
 1148 0025 06000000 		.4byte	.LVL1
 1149 0029 0100     		.2byte	0x1
 1150 002b 51       		.byte	0x51
 1151 002c 06000000 		.4byte	.LVL1
 1152 0030 09000000 		.4byte	.LVL2-1
 1153 0034 0100     		.2byte	0x1
 1154 0036 52       		.byte	0x52
 1155 0037 09000000 		.4byte	.LVL2-1
 1156 003b 0C000000 		.4byte	.LFE2
 1157 003f 0400     		.2byte	0x4
 1158 0041 F3       		.byte	0xf3
 1159 0042 01       		.uleb128 0x1
 1160 0043 51       		.byte	0x51
 1161 0044 9F       		.byte	0x9f
 1162 0045 00000000 		.4byte	0
 1163 0049 00000000 		.4byte	0
 1164              	.LLST2:
 1165 004d 02010000 		.4byte	.LVL11
 1166 0051 06010000 		.4byte	.LVL12
 1167 0055 0200     		.2byte	0x2
 1168 0057 30       		.byte	0x30
 1169 0058 9F       		.byte	0x9f
 1170 0059 06010000 		.4byte	.LVL12
 1171 005d 24010000 		.4byte	.LVL14
 1172 0061 0100     		.2byte	0x1
 1173 0063 54       		.byte	0x54
 1174 0064 26010000 		.4byte	.LVL15
 1175 0068 74010000 		.4byte	.LVL18
 1176 006c 0100     		.2byte	0x1
 1177 006e 54       		.byte	0x54
ARM GAS  C:\Users\bryan.lee\AppData\Local\Temp\ccakK4c6.s 			page 28


 1178 006f 00000000 		.4byte	0
 1179 0073 00000000 		.4byte	0
 1180              	.LLST3:
 1181 0077 06010000 		.4byte	.LVL12
 1182 007b 24010000 		.4byte	.LVL14
 1183 007f 0B00     		.2byte	0xb
 1184 0081 74       		.byte	0x74
 1185 0082 00       		.sleb128 0
 1186 0083 36       		.byte	0x36
 1187 0084 1E       		.byte	0x1e
 1188 0085 03       		.byte	0x3
 1189 0086 00000000 		.4byte	cfg_memset_list.4884
 1190 008a 22       		.byte	0x22
 1191 008b 9F       		.byte	0x9f
 1192 008c 24010000 		.4byte	.LVL14
 1193 0090 26010000 		.4byte	.LVL15
 1194 0094 0B00     		.2byte	0xb
 1195 0096 74       		.byte	0x74
 1196 0097 7F       		.sleb128 -1
 1197 0098 36       		.byte	0x36
 1198 0099 1E       		.byte	0x1e
 1199 009a 03       		.byte	0x3
 1200 009b 00000000 		.4byte	cfg_memset_list.4884
 1201 009f 22       		.byte	0x22
 1202 00a0 9F       		.byte	0x9f
 1203 00a1 00000000 		.4byte	0
 1204 00a5 00000000 		.4byte	0
 1205              		.section	.debug_aranges,"",%progbits
 1206 0000 34000000 		.4byte	0x34
 1207 0004 0200     		.2byte	0x2
 1208 0006 00000000 		.4byte	.Ldebug_info0
 1209 000a 04       		.byte	0x4
 1210 000b 00       		.byte	0
 1211 000c 0000     		.2byte	0
 1212 000e 0000     		.2byte	0
 1213 0010 00000000 		.4byte	.LFB6
 1214 0014 20000000 		.4byte	.LFE6-.LFB6
 1215 0018 00000000 		.4byte	.LFB2
 1216 001c 0C000000 		.4byte	.LFE2-.LFB2
 1217 0020 00000000 		.4byte	.LFB5
 1218 0024 F8000000 		.4byte	.LFE5-.LFB5
 1219 0028 F8000000 		.4byte	.LFB7
 1220 002c B8000000 		.4byte	.LFE7-.LFB7
 1221 0030 00000000 		.4byte	0
 1222 0034 00000000 		.4byte	0
 1223              		.section	.debug_ranges,"",%progbits
 1224              	.Ldebug_ranges0:
 1225 0000 00000000 		.4byte	.LFB6
 1226 0004 20000000 		.4byte	.LFE6
 1227 0008 00000000 		.4byte	.LFB2
 1228 000c 0C000000 		.4byte	.LFE2
 1229 0010 00000000 		.4byte	.LFB5
 1230 0014 F8000000 		.4byte	.LFE5
 1231 0018 F8000000 		.4byte	.LFB7
 1232 001c B0010000 		.4byte	.LFE7
 1233 0020 00000000 		.4byte	0
 1234 0024 00000000 		.4byte	0
ARM GAS  C:\Users\bryan.lee\AppData\Local\Temp\ccakK4c6.s 			page 29


 1235              		.section	.debug_line,"",%progbits
 1236              	.Ldebug_line0:
 1237 0000 60010000 		.section	.debug_str,"MS",%progbits,1
 1237      0200E300 
 1237      00000201 
 1237      FB0E0D00 
 1237      01010101 
 1238              	.LASF27:
 1239 0000 43794465 		.ascii	"CyDelayCycles\000"
 1239      6C617943 
 1239      79636C65 
 1239      7300
 1240              	.LASF19:
 1241 000e 72656733 		.ascii	"reg32\000"
 1241      3200
 1242              	.LASF12:
 1243 0014 73697A65 		.ascii	"size_t\000"
 1243      5F7400
 1244              	.LASF37:
 1245 001b 416E616C 		.ascii	"AnalogSetDefault\000"
 1245      6F675365 
 1245      74446566 
 1245      61756C74 
 1245      00
 1246              	.LASF32:
 1247 002c 4379496E 		.ascii	"CyIntSetVector\000"
 1247      74536574 
 1247      56656374 
 1247      6F7200
 1248              	.LASF25:
 1249 003b 6366675F 		.ascii	"cfg_memset_list\000"
 1249      6D656D73 
 1249      65745F6C 
 1249      69737400 
 1250              	.LASF21:
 1251 004b 436C6F63 		.ascii	"ClockSetup\000"
 1251      6B536574 
 1251      757000
 1252              	.LASF6:
 1253 0056 73686F72 		.ascii	"short unsigned int\000"
 1253      7420756E 
 1253      7369676E 
 1253      65642069 
 1253      6E7400
 1254              	.LASF36:
 1255 0069 433A5C55 		.ascii	"C:\\Users\\bryan.lee\\Documents\\GitHub\\hello-worl"
 1255      73657273 
 1255      5C627279 
 1255      616E2E6C 
 1255      65655C44 
 1256 0097 645C5073 		.ascii	"d\\Psoc_101_4BLE\\Design17.cydsn\000"
 1256      6F635F31 
 1256      30315F34 
 1256      424C455C 
 1256      44657369 
 1257              	.LASF16:
 1258 00b6 666C6F61 		.ascii	"float\000"
ARM GAS  C:\Users\bryan.lee\AppData\Local\Temp\ccakK4c6.s 			page 30


 1258      7400
 1259              	.LASF23:
 1260 00bc 73697A65 		.ascii	"size\000"
 1260      00
 1261              	.LASF28:
 1262 00c1 43795379 		.ascii	"CySysClkWcoSetPowerMode\000"
 1262      73436C6B 
 1262      57636F53 
 1262      6574506F 
 1262      7765724D 
 1263              	.LASF18:
 1264 00d9 72656738 		.ascii	"reg8\000"
 1264      00
 1265              	.LASF8:
 1266 00de 6C6F6E67 		.ascii	"long unsigned int\000"
 1266      20756E73 
 1266      69676E65 
 1266      6420696E 
 1266      7400
 1267              	.LASF13:
 1268 00f0 75696E74 		.ascii	"uint8\000"
 1268      3800
 1269              	.LASF26:
 1270 00f6 43795379 		.ascii	"CySysClkWcoStart\000"
 1270      73436C6B 
 1270      57636F53 
 1270      74617274 
 1270      00
 1271              	.LASF20:
 1272 0107 43594D45 		.ascii	"CYMEMZERO\000"
 1272      4D5A4552 
 1272      4F00
 1273              	.LASF4:
 1274 0111 756E7369 		.ascii	"unsigned char\000"
 1274      676E6564 
 1274      20636861 
 1274      7200
 1275              	.LASF39:
 1276 011f 6D656D73 		.ascii	"memset\000"
 1276      657400
 1277              	.LASF17:
 1278 0126 646F7562 		.ascii	"double\000"
 1278      6C6500
 1279              	.LASF33:
 1280 012d 4379496E 		.ascii	"CyIntEnable\000"
 1280      74456E61 
 1280      626C6500 
 1281              	.LASF14:
 1282 0139 75696E74 		.ascii	"uint16\000"
 1282      313600
 1283              	.LASF15:
 1284 0140 75696E74 		.ascii	"uint32\000"
 1284      333200
 1285              	.LASF0:
 1286 0147 756E7369 		.ascii	"unsigned int\000"
 1286      676E6564 
 1286      20696E74 
ARM GAS  C:\Users\bryan.lee\AppData\Local\Temp\ccakK4c6.s 			page 31


 1286      00
 1287              	.LASF38:
 1288 0154 63796669 		.ascii	"cyfitter_cfg\000"
 1288      74746572 
 1288      5F636667 
 1288      00
 1289              	.LASF22:
 1290 0161 61646472 		.ascii	"address\000"
 1290      65737300 
 1291              	.LASF9:
 1292 0169 6C6F6E67 		.ascii	"long long unsigned int\000"
 1292      206C6F6E 
 1292      6720756E 
 1292      7369676E 
 1292      65642069 
 1293              	.LASF34:
 1294 0180 474E5520 		.ascii	"GNU C11 5.4.1 20160609 (release) [ARM/embedded-5-br"
 1294      43313120 
 1294      352E342E 
 1294      31203230 
 1294      31363036 
 1295 01b3 616E6368 		.ascii	"anch revision 237715] -mcpu=cortex-m0 -mthumb -g -O"
 1295      20726576 
 1295      6973696F 
 1295      6E203233 
 1295      37373135 
 1296 01e6 67202D66 		.ascii	"g -ffunction-sections -ffat-lto-objects\000"
 1296      66756E63 
 1296      74696F6E 
 1296      2D736563 
 1296      74696F6E 
 1297              	.LASF24:
 1298 020e 6366675F 		.ascii	"cfg_memset_t\000"
 1298      6D656D73 
 1298      65745F74 
 1298      00
 1299              	.LASF10:
 1300 021b 73697A65 		.ascii	"sizetype\000"
 1300      74797065 
 1300      00
 1301              	.LASF1:
 1302 0224 6C6F6E67 		.ascii	"long long int\000"
 1302      206C6F6E 
 1302      6720696E 
 1302      7400
 1303              	.LASF31:
 1304 0232 43794465 		.ascii	"CyDelayUs\000"
 1304      6C617955 
 1304      7300
 1305              	.LASF11:
 1306 023c 63686172 		.ascii	"char\000"
 1306      00
 1307              	.LASF30:
 1308 0241 43795379 		.ascii	"CySysClkEcoStart\000"
 1308      73436C6B 
 1308      45636F53 
 1308      74617274 
ARM GAS  C:\Users\bryan.lee\AppData\Local\Temp\ccakK4c6.s 			page 32


 1308      00
 1309              	.LASF5:
 1310 0252 73686F72 		.ascii	"short int\000"
 1310      7420696E 
 1310      7400
 1311              	.LASF29:
 1312 025c 43795379 		.ascii	"CySysClkWriteImoFreq\000"
 1312      73436C6B 
 1312      57726974 
 1312      65496D6F 
 1312      46726571 
 1313              	.LASF7:
 1314 0271 6C6F6E67 		.ascii	"long int\000"
 1314      20696E74 
 1314      00
 1315              	.LASF2:
 1316 027a 6C6F6E67 		.ascii	"long double\000"
 1316      20646F75 
 1316      626C6500 
 1317              	.LASF3:
 1318 0286 7369676E 		.ascii	"signed char\000"
 1318      65642063 
 1318      68617200 
 1319              	.LASF35:
 1320 0292 47656E65 		.ascii	"Generated_Source\\PSoC4\\cyfitter_cfg.c\000"
 1320      72617465 
 1320      645F536F 
 1320      75726365 
 1320      5C50536F 
 1321              		.ident	"GCC: (GNU Tools for ARM Embedded Processors) 5.4.1 20160609 (release) [ARM/embedded-5-bran
