ARM GAS  C:\Users\bryan.lee\AppData\Local\Temp\ccs7WK10.s 			page 1


   1              		.syntax unified
   2              		.cpu cortex-m4
   3              		.eabi_attribute 27, 1
   4              		.fpu fpv4-sp-d16
   5              		.eabi_attribute 20, 1
   6              		.eabi_attribute 21, 1
   7              		.eabi_attribute 23, 3
   8              		.eabi_attribute 24, 1
   9              		.eabi_attribute 25, 1
  10              		.eabi_attribute 26, 1
  11              		.eabi_attribute 30, 1
  12              		.eabi_attribute 34, 1
  13              		.eabi_attribute 18, 4
  14              		.thumb
  15              		.syntax unified
  16              		.file	"cyfitter_sysint_cfg.c"
  17              		.text
  18              	.Ltext0:
  19              		.cfi_sections	.debug_frame
  20              		.global	CapSense_ISR_cfg
  21              		.global	CY_EINK_SPIM_SCB_IRQ_cfg
  22              		.global	isr_MCWDT_cfg
  23              		.global	isr_gpio_cfg
  24              		.section	.rodata
  25              		.align	2
  26              		.type	CapSense_ISR_cfg, %object
  27              		.size	CapSense_ISR_cfg, 8
  28              	CapSense_ISR_cfg:
  29 0000 3100     		.short	49
  30 0002 0000     		.space	2
  31 0004 06000000 		.word	6
  32              		.type	CY_EINK_SPIM_SCB_IRQ_cfg, %object
  33              		.size	CY_EINK_SPIM_SCB_IRQ_cfg, 8
  34              	CY_EINK_SPIM_SCB_IRQ_cfg:
  35 0008 2F00     		.short	47
  36 000a 0000     		.space	2
  37 000c 07000000 		.word	7
  38              		.type	isr_MCWDT_cfg, %object
  39              		.size	isr_MCWDT_cfg, 8
  40              	isr_MCWDT_cfg:
  41 0010 1300     		.short	19
  42 0012 0000     		.space	2
  43 0014 05000000 		.word	5
  44              		.type	isr_gpio_cfg, %object
  45              		.size	isr_gpio_cfg, 8
  46              	isr_gpio_cfg:
  47 0018 0000     		.short	0
  48 001a 0000     		.space	2
  49 001c 04000000 		.word	4
  50              		.text
  51              	.Letext0:
  52              		.file 1 "Generated_Source\\PSoC6\\pdl\\devices/psoc6/psoc63/include/cy8c6347bzi_bld53.h"
  53              		.file 2 "c:\\program files (x86)\\cypress\\psoc creator\\4.2\\psoc creator\\import\\gnu\\arm\\5.4.
  54              		.file 3 "c:\\program files (x86)\\cypress\\psoc creator\\4.2\\psoc creator\\import\\gnu\\arm\\5.4.
  55              		.file 4 "Generated_Source\\PSoC6\\pdl\\drivers/peripheral/sysint/cy_sysint.h"
  56              		.file 5 "Generated_Source\\PSoC6\\pdl\\cmsis/include/core_cm4.h"
  57              		.file 6 "Generated_Source\\PSoC6\\cyfitter_sysint_cfg.c"
ARM GAS  C:\Users\bryan.lee\AppData\Local\Temp\ccs7WK10.s 			page 2


  58              		.section	.debug_info,"",%progbits
  59              	.Ldebug_info0:
  60 0000 01050000 		.4byte	0x501
  61 0004 0400     		.2byte	0x4
  62 0006 00000000 		.4byte	.Ldebug_abbrev0
  63 000a 04       		.byte	0x4
  64 000b 01       		.uleb128 0x1
  65 000c FE090000 		.4byte	.LASF185
  66 0010 0C       		.byte	0xc
  67 0011 270E0000 		.4byte	.LASF186
  68 0015 FA000000 		.4byte	.LASF187
  69 0019 00000000 		.4byte	.Ldebug_line0
  70 001d 02       		.uleb128 0x2
  71 001e 02       		.byte	0x2
  72 001f DE030000 		.4byte	0x3de
  73 0023 01       		.byte	0x1
  74 0024 24       		.byte	0x24
  75 0025 DE030000 		.4byte	0x3de
  76 0029 03       		.uleb128 0x3
  77 002a D0020000 		.4byte	.LASF0
  78 002e 71       		.sleb128 -15
  79 002f 03       		.uleb128 0x3
  80 0030 DC0E0000 		.4byte	.LASF1
  81 0034 72       		.sleb128 -14
  82 0035 03       		.uleb128 0x3
  83 0036 460F0000 		.4byte	.LASF2
  84 003a 73       		.sleb128 -13
  85 003b 03       		.uleb128 0x3
  86 003c 230B0000 		.4byte	.LASF3
  87 0040 74       		.sleb128 -12
  88 0041 03       		.uleb128 0x3
  89 0042 7E050000 		.4byte	.LASF4
  90 0046 75       		.sleb128 -11
  91 0047 03       		.uleb128 0x3
  92 0048 960D0000 		.4byte	.LASF5
  93 004c 76       		.sleb128 -10
  94 004d 03       		.uleb128 0x3
  95 004e 23070000 		.4byte	.LASF6
  96 0052 7B       		.sleb128 -5
  97 0053 03       		.uleb128 0x3
  98 0054 710F0000 		.4byte	.LASF7
  99 0058 7C       		.sleb128 -4
 100 0059 03       		.uleb128 0x3
 101 005a A50E0000 		.4byte	.LASF8
 102 005e 7E       		.sleb128 -2
 103 005f 03       		.uleb128 0x3
 104 0060 2C080000 		.4byte	.LASF9
 105 0064 7F       		.sleb128 -1
 106 0065 04       		.uleb128 0x4
 107 0066 49020000 		.4byte	.LASF10
 108 006a 00       		.byte	0
 109 006b 04       		.uleb128 0x4
 110 006c 2A0F0000 		.4byte	.LASF11
 111 0070 01       		.byte	0x1
 112 0071 04       		.uleb128 0x4
 113 0072 28000000 		.4byte	.LASF12
 114 0076 02       		.byte	0x2
ARM GAS  C:\Users\bryan.lee\AppData\Local\Temp\ccs7WK10.s 			page 3


 115 0077 04       		.uleb128 0x4
 116 0078 710E0000 		.4byte	.LASF13
 117 007c 03       		.byte	0x3
 118 007d 04       		.uleb128 0x4
 119 007e 6D100000 		.4byte	.LASF14
 120 0082 04       		.byte	0x4
 121 0083 04       		.uleb128 0x4
 122 0084 03060000 		.4byte	.LASF15
 123 0088 05       		.byte	0x5
 124 0089 04       		.uleb128 0x4
 125 008a C9070000 		.4byte	.LASF16
 126 008e 06       		.byte	0x6
 127 008f 04       		.uleb128 0x4
 128 0090 C5090000 		.4byte	.LASF17
 129 0094 07       		.byte	0x7
 130 0095 04       		.uleb128 0x4
 131 0096 0D120000 		.4byte	.LASF18
 132 009a 08       		.byte	0x8
 133 009b 04       		.uleb128 0x4
 134 009c 85020000 		.4byte	.LASF19
 135 00a0 09       		.byte	0x9
 136 00a1 04       		.uleb128 0x4
 137 00a2 5B0C0000 		.4byte	.LASF20
 138 00a6 0A       		.byte	0xa
 139 00a7 04       		.uleb128 0x4
 140 00a8 060B0000 		.4byte	.LASF21
 141 00ac 0B       		.byte	0xb
 142 00ad 04       		.uleb128 0x4
 143 00ae 9A100000 		.4byte	.LASF22
 144 00b2 0C       		.byte	0xc
 145 00b3 04       		.uleb128 0x4
 146 00b4 51060000 		.4byte	.LASF23
 147 00b8 0D       		.byte	0xd
 148 00b9 04       		.uleb128 0x4
 149 00ba 0F080000 		.4byte	.LASF24
 150 00be 0E       		.byte	0xe
 151 00bf 04       		.uleb128 0x4
 152 00c0 B1040000 		.4byte	.LASF25
 153 00c4 0F       		.byte	0xf
 154 00c5 04       		.uleb128 0x4
 155 00c6 07110000 		.4byte	.LASF26
 156 00ca 10       		.byte	0x10
 157 00cb 04       		.uleb128 0x4
 158 00cc AE030000 		.4byte	.LASF27
 159 00d0 11       		.byte	0x11
 160 00d1 04       		.uleb128 0x4
 161 00d2 87000000 		.4byte	.LASF28
 162 00d6 12       		.byte	0x12
 163 00d7 04       		.uleb128 0x4
 164 00d8 CA040000 		.4byte	.LASF29
 165 00dc 13       		.byte	0x13
 166 00dd 04       		.uleb128 0x4
 167 00de B8060000 		.4byte	.LASF30
 168 00e2 14       		.byte	0x14
 169 00e3 04       		.uleb128 0x4
 170 00e4 56110000 		.4byte	.LASF31
 171 00e8 15       		.byte	0x15
ARM GAS  C:\Users\bryan.lee\AppData\Local\Temp\ccs7WK10.s 			page 4


 172 00e9 04       		.uleb128 0x4
 173 00ea 73000000 		.4byte	.LASF32
 174 00ee 16       		.byte	0x16
 175 00ef 04       		.uleb128 0x4
 176 00f0 B8050000 		.4byte	.LASF33
 177 00f4 17       		.byte	0x17
 178 00f5 04       		.uleb128 0x4
 179 00f6 CF000000 		.4byte	.LASF34
 180 00fa 18       		.byte	0x18
 181 00fb 04       		.uleb128 0x4
 182 00fc 960F0000 		.4byte	.LASF35
 183 0100 19       		.byte	0x19
 184 0101 04       		.uleb128 0x4
 185 0102 5C070000 		.4byte	.LASF36
 186 0106 1A       		.byte	0x1a
 187 0107 04       		.uleb128 0x4
 188 0108 47090000 		.4byte	.LASF37
 189 010c 1B       		.byte	0x1b
 190 010d 04       		.uleb128 0x4
 191 010e 240C0000 		.4byte	.LASF38
 192 0112 1C       		.byte	0x1c
 193 0113 04       		.uleb128 0x4
 194 0114 A5010000 		.4byte	.LASF39
 195 0118 1D       		.byte	0x1d
 196 0119 04       		.uleb128 0x4
 197 011a 01040000 		.4byte	.LASF40
 198 011e 1E       		.byte	0x1e
 199 011f 04       		.uleb128 0x4
 200 0120 1F060000 		.4byte	.LASF41
 201 0124 1F       		.byte	0x1f
 202 0125 04       		.uleb128 0x4
 203 0126 A60D0000 		.4byte	.LASF42
 204 012a 20       		.byte	0x20
 205 012b 04       		.uleb128 0x4
 206 012c E70F0000 		.4byte	.LASF43
 207 0130 21       		.byte	0x21
 208 0131 04       		.uleb128 0x4
 209 0132 29120000 		.4byte	.LASF44
 210 0136 22       		.byte	0x22
 211 0137 04       		.uleb128 0x4
 212 0138 71110000 		.4byte	.LASF45
 213 013c 23       		.byte	0x23
 214 013d 04       		.uleb128 0x4
 215 013e C1010000 		.4byte	.LASF46
 216 0142 24       		.byte	0x24
 217 0143 04       		.uleb128 0x4
 218 0144 39040000 		.4byte	.LASF47
 219 0148 25       		.byte	0x25
 220 0149 04       		.uleb128 0x4
 221 014a 5B120000 		.4byte	.LASF48
 222 014e 26       		.byte	0x26
 223 014f 04       		.uleb128 0x4
 224 0150 DE0D0000 		.4byte	.LASF49
 225 0154 27       		.byte	0x27
 226 0155 04       		.uleb128 0x4
 227 0156 1F100000 		.4byte	.LASF50
 228 015a 28       		.byte	0x28
ARM GAS  C:\Users\bryan.lee\AppData\Local\Temp\ccs7WK10.s 			page 5


 229 015b 04       		.uleb128 0x4
 230 015c 76010000 		.4byte	.LASF51
 231 0160 29       		.byte	0x29
 232 0161 04       		.uleb128 0x4
 233 0162 8C050000 		.4byte	.LASF52
 234 0166 2A       		.byte	0x2a
 235 0167 04       		.uleb128 0x4
 236 0168 D1050000 		.4byte	.LASF53
 237 016c 2B       		.byte	0x2b
 238 016d 04       		.uleb128 0x4
 239 016e B10E0000 		.4byte	.LASF54
 240 0172 2C       		.byte	0x2c
 241 0173 04       		.uleb128 0x4
 242 0174 B0090000 		.4byte	.LASF55
 243 0178 2D       		.byte	0x2d
 244 0179 04       		.uleb128 0x4
 245 017a 44000000 		.4byte	.LASF56
 246 017e 2E       		.byte	0x2e
 247 017f 04       		.uleb128 0x4
 248 0180 150F0000 		.4byte	.LASF57
 249 0184 2F       		.byte	0x2f
 250 0185 04       		.uleb128 0x4
 251 0186 44050000 		.4byte	.LASF58
 252 018a 30       		.byte	0x30
 253 018b 04       		.uleb128 0x4
 254 018c 830F0000 		.4byte	.LASF59
 255 0190 31       		.byte	0x31
 256 0191 04       		.uleb128 0x4
 257 0192 EB100000 		.4byte	.LASF60
 258 0196 32       		.byte	0x32
 259 0197 04       		.uleb128 0x4
 260 0198 9C000000 		.4byte	.LASF61
 261 019c 33       		.byte	0x33
 262 019d 04       		.uleb128 0x4
 263 019e 7B030000 		.4byte	.LASF62
 264 01a2 34       		.byte	0x34
 265 01a3 04       		.uleb128 0x4
 266 01a4 EA0A0000 		.4byte	.LASF63
 267 01a8 35       		.byte	0x35
 268 01a9 04       		.uleb128 0x4
 269 01aa 95040000 		.4byte	.LASF64
 270 01ae 36       		.byte	0x36
 271 01af 04       		.uleb128 0x4
 272 01b0 550F0000 		.4byte	.LASF65
 273 01b4 37       		.byte	0x37
 274 01b5 04       		.uleb128 0x4
 275 01b6 08050000 		.4byte	.LASF66
 276 01ba 38       		.byte	0x38
 277 01bb 04       		.uleb128 0x4
 278 01bc AA110000 		.4byte	.LASF67
 279 01c0 39       		.byte	0x39
 280 01c1 04       		.uleb128 0x4
 281 01c2 E4080000 		.4byte	.LASF68
 282 01c6 3A       		.byte	0x3a
 283 01c7 04       		.uleb128 0x4
 284 01c8 BB0B0000 		.4byte	.LASF69
 285 01cc 3B       		.byte	0x3b
ARM GAS  C:\Users\bryan.lee\AppData\Local\Temp\ccs7WK10.s 			page 6


 286 01cd 04       		.uleb128 0x4
 287 01ce 10090000 		.4byte	.LASF70
 288 01d2 3C       		.byte	0x3c
 289 01d3 04       		.uleb128 0x4
 290 01d4 ED0B0000 		.4byte	.LASF71
 291 01d8 3D       		.byte	0x3d
 292 01d9 04       		.uleb128 0x4
 293 01da 540E0000 		.4byte	.LASF72
 294 01de 3E       		.byte	0x3e
 295 01df 04       		.uleb128 0x4
 296 01e0 E1090000 		.4byte	.LASF73
 297 01e4 3F       		.byte	0x3f
 298 01e5 04       		.uleb128 0x4
 299 01e6 E6050000 		.4byte	.LASF74
 300 01ea 40       		.byte	0x40
 301 01eb 04       		.uleb128 0x4
 302 01ec AC070000 		.4byte	.LASF75
 303 01f0 41       		.byte	0x41
 304 01f1 04       		.uleb128 0x4
 305 01f2 880B0000 		.4byte	.LASF76
 306 01f6 42       		.byte	0x42
 307 01f7 04       		.uleb128 0x4
 308 01f8 C20D0000 		.4byte	.LASF77
 309 01fc 43       		.byte	0x43
 310 01fd 04       		.uleb128 0x4
 311 01fe 03100000 		.4byte	.LASF78
 312 0202 44       		.byte	0x44
 313 0203 04       		.uleb128 0x4
 314 0204 E40C0000 		.4byte	.LASF79
 315 0208 45       		.byte	0x45
 316 0209 04       		.uleb128 0x4
 317 020a 78070000 		.4byte	.LASF80
 318 020e 46       		.byte	0x46
 319 020f 04       		.uleb128 0x4
 320 0210 63090000 		.4byte	.LASF81
 321 0214 47       		.byte	0x47
 322 0215 04       		.uleb128 0x4
 323 0216 8E110000 		.4byte	.LASF82
 324 021a 48       		.byte	0x48
 325 021b 04       		.uleb128 0x4
 326 021c 1D040000 		.4byte	.LASF83
 327 0220 49       		.byte	0x49
 328 0221 04       		.uleb128 0x4
 329 0222 56040000 		.4byte	.LASF84
 330 0226 4A       		.byte	0x4a
 331 0227 04       		.uleb128 0x4
 332 0228 5F030000 		.4byte	.LASF85
 333 022c 4B       		.byte	0x4b
 334 022d 04       		.uleb128 0x4
 335 022e 39110000 		.4byte	.LASF86
 336 0232 4C       		.byte	0x4c
 337 0233 04       		.uleb128 0x4
 338 0234 1A0D0000 		.4byte	.LASF87
 339 0238 4D       		.byte	0x4d
 340 0239 04       		.uleb128 0x4
 341 023a CE100000 		.4byte	.LASF88
 342 023e 4E       		.byte	0x4e
ARM GAS  C:\Users\bryan.lee\AppData\Local\Temp\ccs7WK10.s 			page 7


 343 023f 04       		.uleb128 0x4
 344 0240 89060000 		.4byte	.LASF89
 345 0244 4F       		.byte	0x4f
 346 0245 04       		.uleb128 0x4
 347 0246 39080000 		.4byte	.LASF90
 348 024a 50       		.byte	0x50
 349 024b 04       		.uleb128 0x4
 350 024c B10A0000 		.4byte	.LASF91
 351 0250 51       		.byte	0x51
 352 0251 04       		.uleb128 0x4
 353 0252 05070000 		.4byte	.LASF92
 354 0256 52       		.byte	0x52
 355 0257 04       		.uleb128 0x4
 356 0258 A6080000 		.4byte	.LASF93
 357 025c 53       		.byte	0x53
 358 025d 04       		.uleb128 0x4
 359 025e 0F030000 		.4byte	.LASF94
 360 0262 54       		.byte	0x54
 361 0263 04       		.uleb128 0x4
 362 0264 94070000 		.4byte	.LASF95
 363 0268 55       		.byte	0x55
 364 0269 04       		.uleb128 0x4
 365 026a ED110000 		.4byte	.LASF96
 366 026e 56       		.byte	0x56
 367 026f 04       		.uleb128 0x4
 368 0270 65020000 		.4byte	.LASF97
 369 0274 57       		.byte	0x57
 370 0275 04       		.uleb128 0x4
 371 0276 A90C0000 		.4byte	.LASF98
 372 027a 58       		.byte	0x58
 373 027b 04       		.uleb128 0x4
 374 027c 24050000 		.4byte	.LASF99
 375 0280 59       		.byte	0x59
 376 0281 04       		.uleb128 0x4
 377 0282 1F110000 		.4byte	.LASF100
 378 0286 5A       		.byte	0x5a
 379 0287 04       		.uleb128 0x4
 380 0288 D4060000 		.4byte	.LASF101
 381 028c 5B       		.byte	0x5b
 382 028d 04       		.uleb128 0x4
 383 028e 71080000 		.4byte	.LASF102
 384 0292 5C       		.byte	0x5c
 385 0293 04       		.uleb128 0x4
 386 0294 390B0000 		.4byte	.LASF103
 387 0298 5D       		.byte	0x5d
 388 0299 04       		.uleb128 0x4
 389 029a 59000000 		.4byte	.LASF104
 390 029e 5E       		.byte	0x5e
 391 029f 04       		.uleb128 0x4
 392 02a0 45030000 		.4byte	.LASF105
 393 02a4 5F       		.byte	0x5f
 394 02a5 04       		.uleb128 0x4
 395 02a6 59050000 		.4byte	.LASF106
 396 02aa 60       		.byte	0x60
 397 02ab 04       		.uleb128 0x4
 398 02ac 000D0000 		.4byte	.LASF107
 399 02b0 61       		.byte	0x61
ARM GAS  C:\Users\bryan.lee\AppData\Local\Temp\ccs7WK10.s 			page 8


 400 02b1 04       		.uleb128 0x4
 401 02b2 C4030000 		.4byte	.LASF108
 402 02b6 62       		.byte	0x62
 403 02b7 04       		.uleb128 0x4
 404 02b8 6E0B0000 		.4byte	.LASF109
 405 02bc 63       		.byte	0x63
 406 02bd 04       		.uleb128 0x4
 407 02be 7C0D0000 		.4byte	.LASF110
 408 02c2 64       		.byte	0x64
 409 02c3 04       		.uleb128 0x4
 410 02c4 CD0F0000 		.4byte	.LASF111
 411 02c8 65       		.byte	0x65
 412 02c9 04       		.uleb128 0x4
 413 02ca D3110000 		.4byte	.LASF112
 414 02ce 66       		.byte	0x66
 415 02cf 04       		.uleb128 0x4
 416 02d0 42070000 		.4byte	.LASF113
 417 02d4 67       		.byte	0x67
 418 02d5 04       		.uleb128 0x4
 419 02d6 2D090000 		.4byte	.LASF114
 420 02da 68       		.byte	0x68
 421 02db 04       		.uleb128 0x4
 422 02dc 0A0C0000 		.4byte	.LASF115
 423 02e0 69       		.byte	0x69
 424 02e1 04       		.uleb128 0x4
 425 02e2 8B010000 		.4byte	.LASF116
 426 02e6 6A       		.byte	0x6a
 427 02e7 04       		.uleb128 0x4
 428 02e8 E7030000 		.4byte	.LASF117
 429 02ec 6B       		.byte	0x6b
 430 02ed 04       		.uleb128 0x4
 431 02ee 21020000 		.4byte	.LASF118
 432 02f2 6C       		.byte	0x6c
 433 02f3 04       		.uleb128 0x4
 434 02f4 7A040000 		.4byte	.LASF119
 435 02f8 6D       		.byte	0x6d
 436 02f9 04       		.uleb128 0x4
 437 02fa 6E060000 		.4byte	.LASF120
 438 02fe 6E       		.byte	0x6e
 439 02ff 04       		.uleb128 0x4
 440 0300 8B080000 		.4byte	.LASF121
 441 0304 6F       		.byte	0x6f
 442 0305 04       		.uleb128 0x4
 443 0306 52100000 		.4byte	.LASF122
 444 030a 70       		.byte	0x70
 445 030b 04       		.uleb128 0x4
 446 030c 0D000000 		.4byte	.LASF123
 447 0310 71       		.byte	0x71
 448 0311 04       		.uleb128 0x4
 449 0312 DB020000 		.4byte	.LASF124
 450 0316 72       		.byte	0x72
 451 0317 04       		.uleb128 0x4
 452 0318 95090000 		.4byte	.LASF125
 453 031c 73       		.byte	0x73
 454 031d 04       		.uleb128 0x4
 455 031e C90C0000 		.4byte	.LASF126
 456 0322 74       		.byte	0x74
ARM GAS  C:\Users\bryan.lee\AppData\Local\Temp\ccs7WK10.s 			page 9


 457 0323 04       		.uleb128 0x4
 458 0324 FA0E0000 		.4byte	.LASF127
 459 0328 75       		.byte	0x75
 460 0329 04       		.uleb128 0x4
 461 032a 530B0000 		.4byte	.LASF128
 462 032e 76       		.byte	0x76
 463 032f 04       		.uleb128 0x4
 464 0330 580D0000 		.4byte	.LASF129
 465 0334 77       		.byte	0x77
 466 0335 04       		.uleb128 0x4
 467 0336 B20F0000 		.4byte	.LASF130
 468 033a 78       		.byte	0x78
 469 033b 04       		.uleb128 0x4
 470 033c 56080000 		.4byte	.LASF131
 471 0340 79       		.byte	0x79
 472 0341 04       		.uleb128 0x4
 473 0342 DE010000 		.4byte	.LASF132
 474 0346 7A       		.byte	0x7a
 475 0347 04       		.uleb128 0x4
 476 0348 E4000000 		.4byte	.LASF133
 477 034c 7B       		.byte	0x7b
 478 034d 04       		.uleb128 0x4
 479 034e 3B060000 		.4byte	.LASF134
 480 0352 7C       		.byte	0x7c
 481 0353 04       		.uleb128 0x4
 482 0354 F9070000 		.4byte	.LASF135
 483 0358 7D       		.byte	0x7d
 484 0359 04       		.uleb128 0x4
 485 035a 3C100000 		.4byte	.LASF136
 486 035e 7E       		.byte	0x7e
 487 035f 04       		.uleb128 0x4
 488 0360 45120000 		.4byte	.LASF137
 489 0364 7F       		.byte	0x7f
 490 0365 04       		.uleb128 0x4
 491 0366 BA020000 		.4byte	.LASF138
 492 036a 80       		.byte	0x80
 493 036b 04       		.uleb128 0x4
 494 036c 7F090000 		.4byte	.LASF139
 495 0370 81       		.byte	0x81
 496 0371 04       		.uleb128 0x4
 497 0372 780C0000 		.4byte	.LASF140
 498 0376 82       		.byte	0x82
 499 0377 04       		.uleb128 0x4
 500 0378 C60E0000 		.4byte	.LASF141
 501 037c 83       		.byte	0x83
 502 037d 04       		.uleb128 0x4
 503 037e CD080000 		.4byte	.LASF142
 504 0382 84       		.byte	0x84
 505 0383 04       		.uleb128 0x4
 506 0384 A40B0000 		.4byte	.LASF143
 507 0388 85       		.byte	0x85
 508 0389 04       		.uleb128 0x4
 509 038a B8000000 		.4byte	.LASF144
 510 038e 86       		.byte	0x86
 511 038f 04       		.uleb128 0x4
 512 0390 97030000 		.4byte	.LASF145
 513 0394 87       		.byte	0x87
ARM GAS  C:\Users\bryan.lee\AppData\Local\Temp\ccs7WK10.s 			page 10


 514 0395 04       		.uleb128 0x4
 515 0396 A1050000 		.4byte	.LASF146
 516 039a 88       		.byte	0x88
 517 039b 04       		.uleb128 0x4
 518 039c 370D0000 		.4byte	.LASF147
 519 03a0 89       		.byte	0x89
 520 03a1 04       		.uleb128 0x4
 521 03a2 8D0E0000 		.4byte	.LASF148
 522 03a6 8A       		.byte	0x8a
 523 03a7 04       		.uleb128 0x4
 524 03a8 ED040000 		.4byte	.LASF149
 525 03ac 8B       		.byte	0x8b
 526 03ad 04       		.uleb128 0x4
 527 03ae FB0D0000 		.4byte	.LASF150
 528 03b2 8C       		.byte	0x8c
 529 03b3 04       		.uleb128 0x4
 530 03b4 B7100000 		.4byte	.LASF151
 531 03b8 8D       		.byte	0x8d
 532 03b9 04       		.uleb128 0x4
 533 03ba E5070000 		.4byte	.LASF152
 534 03be 8E       		.byte	0x8e
 535 03bf 04       		.uleb128 0x4
 536 03c0 CE0A0000 		.4byte	.LASF153
 537 03c4 8F       		.byte	0x8f
 538 03c5 04       		.uleb128 0x4
 539 03c6 EE060000 		.4byte	.LASF154
 540 03ca 90       		.byte	0x90
 541 03cb 04       		.uleb128 0x4
 542 03cc 0B020000 		.4byte	.LASF155
 543 03d0 91       		.byte	0x91
 544 03d1 04       		.uleb128 0x4
 545 03d2 A1020000 		.4byte	.LASF156
 546 03d6 92       		.byte	0x92
 547 03d7 04       		.uleb128 0x4
 548 03d8 8E0C0000 		.4byte	.LASF157
 549 03dc F0       		.byte	0xf0
 550 03dd 00       		.byte	0
 551 03de 05       		.uleb128 0x5
 552 03df 02       		.byte	0x2
 553 03e0 05       		.byte	0x5
 554 03e1 9F0C0000 		.4byte	.LASF158
 555 03e5 06       		.uleb128 0x6
 556 03e6 4E0D0000 		.4byte	.LASF162
 557 03ea 01       		.byte	0x1
 558 03eb F4       		.byte	0xf4
 559 03ec 1D000000 		.4byte	0x1d
 560 03f0 05       		.uleb128 0x5
 561 03f1 01       		.byte	0x1
 562 03f2 06       		.byte	0x6
 563 03f3 39030000 		.4byte	.LASF159
 564 03f7 05       		.uleb128 0x5
 565 03f8 01       		.byte	0x1
 566 03f9 08       		.byte	0x8
 567 03fa DF0B0000 		.4byte	.LASF160
 568 03fe 05       		.uleb128 0x5
 569 03ff 02       		.byte	0x2
 570 0400 07       		.byte	0x7
ARM GAS  C:\Users\bryan.lee\AppData\Local\Temp\ccs7WK10.s 			page 11


 571 0401 2F070000 		.4byte	.LASF161
 572 0405 06       		.uleb128 0x6
 573 0406 F00E0000 		.4byte	.LASF163
 574 040a 02       		.byte	0x2
 575 040b 3F       		.byte	0x3f
 576 040c 10040000 		.4byte	0x410
 577 0410 05       		.uleb128 0x5
 578 0411 04       		.byte	0x4
 579 0412 05       		.byte	0x5
 580 0413 DE030000 		.4byte	.LASF164
 581 0417 06       		.uleb128 0x6
 582 0418 73050000 		.4byte	.LASF165
 583 041c 02       		.byte	0x2
 584 041d 41       		.byte	0x41
 585 041e 22040000 		.4byte	0x422
 586 0422 05       		.uleb128 0x5
 587 0423 04       		.byte	0x4
 588 0424 07       		.byte	0x7
 589 0425 A6060000 		.4byte	.LASF166
 590 0429 05       		.uleb128 0x5
 591 042a 08       		.byte	0x8
 592 042b 05       		.byte	0x5
 593 042c 2B030000 		.4byte	.LASF167
 594 0430 05       		.uleb128 0x5
 595 0431 08       		.byte	0x8
 596 0432 07       		.byte	0x7
 597 0433 F4010000 		.4byte	.LASF168
 598 0437 07       		.uleb128 0x7
 599 0438 04       		.byte	0x4
 600 0439 05       		.byte	0x5
 601 043a 696E7400 		.ascii	"int\000"
 602 043e 05       		.uleb128 0x5
 603 043f 04       		.byte	0x4
 604 0440 07       		.byte	0x7
 605 0441 3C020000 		.4byte	.LASF169
 606 0445 06       		.uleb128 0x6
 607 0446 D70B0000 		.4byte	.LASF170
 608 044a 03       		.byte	0x3
 609 044b 2C       		.byte	0x2c
 610 044c 05040000 		.4byte	0x405
 611 0450 06       		.uleb128 0x6
 612 0451 730D0000 		.4byte	.LASF171
 613 0455 03       		.byte	0x3
 614 0456 30       		.byte	0x30
 615 0457 17040000 		.4byte	0x417
 616 045b 05       		.uleb128 0x5
 617 045c 04       		.byte	0x4
 618 045d 07       		.byte	0x7
 619 045e C4080000 		.4byte	.LASF172
 620 0462 05       		.uleb128 0x5
 621 0463 08       		.byte	0x8
 622 0464 04       		.byte	0x4
 623 0465 160E0000 		.4byte	.LASF173
 624 0469 05       		.uleb128 0x5
 625 046a 01       		.byte	0x1
 626 046b 08       		.byte	0x8
 627 046c 220E0000 		.4byte	.LASF174
ARM GAS  C:\Users\bryan.lee\AppData\Local\Temp\ccs7WK10.s 			page 12


 628 0470 05       		.uleb128 0x5
 629 0471 04       		.byte	0x4
 630 0472 04       		.byte	0x4
 631 0473 E40A0000 		.4byte	.LASF175
 632 0477 05       		.uleb128 0x5
 633 0478 08       		.byte	0x8
 634 0479 04       		.byte	0x4
 635 047a E6040000 		.4byte	.LASF176
 636 047e 08       		.uleb128 0x8
 637 047f 08       		.byte	0x8
 638 0480 04       		.byte	0x4
 639 0481 EB       		.byte	0xeb
 640 0482 9F040000 		.4byte	0x49f
 641 0486 09       		.uleb128 0x9
 642 0487 72040000 		.4byte	.LASF177
 643 048b 04       		.byte	0x4
 644 048c EC       		.byte	0xec
 645 048d E5030000 		.4byte	0x3e5
 646 0491 00       		.byte	0
 647 0492 09       		.uleb128 0x9
 648 0493 C6110000 		.4byte	.LASF178
 649 0497 04       		.byte	0x4
 650 0498 F0       		.byte	0xf0
 651 0499 50040000 		.4byte	0x450
 652 049d 04       		.byte	0x4
 653 049e 00       		.byte	0
 654 049f 06       		.uleb128 0x6
 655 04a0 00090000 		.4byte	.LASF179
 656 04a4 04       		.byte	0x4
 657 04a5 F1       		.byte	0xf1
 658 04a6 7E040000 		.4byte	0x47e
 659 04aa 0A       		.uleb128 0xa
 660 04ab 400C0000 		.4byte	.LASF180
 661 04af 05       		.byte	0x5
 662 04b0 EA07     		.2byte	0x7ea
 663 04b2 B6040000 		.4byte	0x4b6
 664 04b6 0B       		.uleb128 0xb
 665 04b7 45040000 		.4byte	0x445
 666 04bb 0C       		.uleb128 0xc
 667 04bc 00000000 		.4byte	.LASF181
 668 04c0 06       		.byte	0x6
 669 04c1 18       		.byte	0x18
 670 04c2 CC040000 		.4byte	0x4cc
 671 04c6 05       		.uleb128 0x5
 672 04c7 03       		.byte	0x3
 673 04c8 00000000 		.4byte	isr_gpio_cfg
 674 04cc 0D       		.uleb128 0xd
 675 04cd 9F040000 		.4byte	0x49f
 676 04d1 0C       		.uleb128 0xc
 677 04d2 4D0C0000 		.4byte	.LASF182
 678 04d6 06       		.byte	0x6
 679 04d7 1E       		.byte	0x1e
 680 04d8 CC040000 		.4byte	0x4cc
 681 04dc 05       		.uleb128 0x5
 682 04dd 03       		.byte	0x3
 683 04de 00000000 		.4byte	isr_MCWDT_cfg
 684 04e2 0C       		.uleb128 0xc
ARM GAS  C:\Users\bryan.lee\AppData\Local\Temp\ccs7WK10.s 			page 13


 685 04e3 F6020000 		.4byte	.LASF183
 686 04e7 06       		.byte	0x6
 687 04e8 24       		.byte	0x24
 688 04e9 CC040000 		.4byte	0x4cc
 689 04ed 05       		.uleb128 0x5
 690 04ee 03       		.byte	0x3
 691 04ef 00000000 		.4byte	CY_EINK_SPIM_SCB_IRQ_cfg
 692 04f3 0C       		.uleb128 0xc
 693 04f4 89100000 		.4byte	.LASF184
 694 04f8 06       		.byte	0x6
 695 04f9 2A       		.byte	0x2a
 696 04fa CC040000 		.4byte	0x4cc
 697 04fe 05       		.uleb128 0x5
 698 04ff 03       		.byte	0x3
 699 0500 00000000 		.4byte	CapSense_ISR_cfg
 700 0504 00       		.byte	0
 701              		.section	.debug_abbrev,"",%progbits
 702              	.Ldebug_abbrev0:
 703 0000 01       		.uleb128 0x1
 704 0001 11       		.uleb128 0x11
 705 0002 01       		.byte	0x1
 706 0003 25       		.uleb128 0x25
 707 0004 0E       		.uleb128 0xe
 708 0005 13       		.uleb128 0x13
 709 0006 0B       		.uleb128 0xb
 710 0007 03       		.uleb128 0x3
 711 0008 0E       		.uleb128 0xe
 712 0009 1B       		.uleb128 0x1b
 713 000a 0E       		.uleb128 0xe
 714 000b 10       		.uleb128 0x10
 715 000c 17       		.uleb128 0x17
 716 000d 00       		.byte	0
 717 000e 00       		.byte	0
 718 000f 02       		.uleb128 0x2
 719 0010 04       		.uleb128 0x4
 720 0011 01       		.byte	0x1
 721 0012 0B       		.uleb128 0xb
 722 0013 0B       		.uleb128 0xb
 723 0014 49       		.uleb128 0x49
 724 0015 13       		.uleb128 0x13
 725 0016 3A       		.uleb128 0x3a
 726 0017 0B       		.uleb128 0xb
 727 0018 3B       		.uleb128 0x3b
 728 0019 0B       		.uleb128 0xb
 729 001a 01       		.uleb128 0x1
 730 001b 13       		.uleb128 0x13
 731 001c 00       		.byte	0
 732 001d 00       		.byte	0
 733 001e 03       		.uleb128 0x3
 734 001f 28       		.uleb128 0x28
 735 0020 00       		.byte	0
 736 0021 03       		.uleb128 0x3
 737 0022 0E       		.uleb128 0xe
 738 0023 1C       		.uleb128 0x1c
 739 0024 0D       		.uleb128 0xd
 740 0025 00       		.byte	0
 741 0026 00       		.byte	0
ARM GAS  C:\Users\bryan.lee\AppData\Local\Temp\ccs7WK10.s 			page 14


 742 0027 04       		.uleb128 0x4
 743 0028 28       		.uleb128 0x28
 744 0029 00       		.byte	0
 745 002a 03       		.uleb128 0x3
 746 002b 0E       		.uleb128 0xe
 747 002c 1C       		.uleb128 0x1c
 748 002d 0B       		.uleb128 0xb
 749 002e 00       		.byte	0
 750 002f 00       		.byte	0
 751 0030 05       		.uleb128 0x5
 752 0031 24       		.uleb128 0x24
 753 0032 00       		.byte	0
 754 0033 0B       		.uleb128 0xb
 755 0034 0B       		.uleb128 0xb
 756 0035 3E       		.uleb128 0x3e
 757 0036 0B       		.uleb128 0xb
 758 0037 03       		.uleb128 0x3
 759 0038 0E       		.uleb128 0xe
 760 0039 00       		.byte	0
 761 003a 00       		.byte	0
 762 003b 06       		.uleb128 0x6
 763 003c 16       		.uleb128 0x16
 764 003d 00       		.byte	0
 765 003e 03       		.uleb128 0x3
 766 003f 0E       		.uleb128 0xe
 767 0040 3A       		.uleb128 0x3a
 768 0041 0B       		.uleb128 0xb
 769 0042 3B       		.uleb128 0x3b
 770 0043 0B       		.uleb128 0xb
 771 0044 49       		.uleb128 0x49
 772 0045 13       		.uleb128 0x13
 773 0046 00       		.byte	0
 774 0047 00       		.byte	0
 775 0048 07       		.uleb128 0x7
 776 0049 24       		.uleb128 0x24
 777 004a 00       		.byte	0
 778 004b 0B       		.uleb128 0xb
 779 004c 0B       		.uleb128 0xb
 780 004d 3E       		.uleb128 0x3e
 781 004e 0B       		.uleb128 0xb
 782 004f 03       		.uleb128 0x3
 783 0050 08       		.uleb128 0x8
 784 0051 00       		.byte	0
 785 0052 00       		.byte	0
 786 0053 08       		.uleb128 0x8
 787 0054 13       		.uleb128 0x13
 788 0055 01       		.byte	0x1
 789 0056 0B       		.uleb128 0xb
 790 0057 0B       		.uleb128 0xb
 791 0058 3A       		.uleb128 0x3a
 792 0059 0B       		.uleb128 0xb
 793 005a 3B       		.uleb128 0x3b
 794 005b 0B       		.uleb128 0xb
 795 005c 01       		.uleb128 0x1
 796 005d 13       		.uleb128 0x13
 797 005e 00       		.byte	0
 798 005f 00       		.byte	0
ARM GAS  C:\Users\bryan.lee\AppData\Local\Temp\ccs7WK10.s 			page 15


 799 0060 09       		.uleb128 0x9
 800 0061 0D       		.uleb128 0xd
 801 0062 00       		.byte	0
 802 0063 03       		.uleb128 0x3
 803 0064 0E       		.uleb128 0xe
 804 0065 3A       		.uleb128 0x3a
 805 0066 0B       		.uleb128 0xb
 806 0067 3B       		.uleb128 0x3b
 807 0068 0B       		.uleb128 0xb
 808 0069 49       		.uleb128 0x49
 809 006a 13       		.uleb128 0x13
 810 006b 38       		.uleb128 0x38
 811 006c 0B       		.uleb128 0xb
 812 006d 00       		.byte	0
 813 006e 00       		.byte	0
 814 006f 0A       		.uleb128 0xa
 815 0070 34       		.uleb128 0x34
 816 0071 00       		.byte	0
 817 0072 03       		.uleb128 0x3
 818 0073 0E       		.uleb128 0xe
 819 0074 3A       		.uleb128 0x3a
 820 0075 0B       		.uleb128 0xb
 821 0076 3B       		.uleb128 0x3b
 822 0077 05       		.uleb128 0x5
 823 0078 49       		.uleb128 0x49
 824 0079 13       		.uleb128 0x13
 825 007a 3F       		.uleb128 0x3f
 826 007b 19       		.uleb128 0x19
 827 007c 3C       		.uleb128 0x3c
 828 007d 19       		.uleb128 0x19
 829 007e 00       		.byte	0
 830 007f 00       		.byte	0
 831 0080 0B       		.uleb128 0xb
 832 0081 35       		.uleb128 0x35
 833 0082 00       		.byte	0
 834 0083 49       		.uleb128 0x49
 835 0084 13       		.uleb128 0x13
 836 0085 00       		.byte	0
 837 0086 00       		.byte	0
 838 0087 0C       		.uleb128 0xc
 839 0088 34       		.uleb128 0x34
 840 0089 00       		.byte	0
 841 008a 03       		.uleb128 0x3
 842 008b 0E       		.uleb128 0xe
 843 008c 3A       		.uleb128 0x3a
 844 008d 0B       		.uleb128 0xb
 845 008e 3B       		.uleb128 0x3b
 846 008f 0B       		.uleb128 0xb
 847 0090 49       		.uleb128 0x49
 848 0091 13       		.uleb128 0x13
 849 0092 3F       		.uleb128 0x3f
 850 0093 19       		.uleb128 0x19
 851 0094 02       		.uleb128 0x2
 852 0095 18       		.uleb128 0x18
 853 0096 00       		.byte	0
 854 0097 00       		.byte	0
 855 0098 0D       		.uleb128 0xd
ARM GAS  C:\Users\bryan.lee\AppData\Local\Temp\ccs7WK10.s 			page 16


 856 0099 26       		.uleb128 0x26
 857 009a 00       		.byte	0
 858 009b 49       		.uleb128 0x49
 859 009c 13       		.uleb128 0x13
 860 009d 00       		.byte	0
 861 009e 00       		.byte	0
 862 009f 00       		.byte	0
 863              		.section	.debug_aranges,"",%progbits
 864 0000 14000000 		.4byte	0x14
 865 0004 0200     		.2byte	0x2
 866 0006 00000000 		.4byte	.Ldebug_info0
 867 000a 04       		.byte	0x4
 868 000b 00       		.byte	0
 869 000c 0000     		.2byte	0
 870 000e 0000     		.2byte	0
 871 0010 00000000 		.4byte	0
 872 0014 00000000 		.4byte	0
 873              		.section	.debug_line,"",%progbits
 874              	.Ldebug_line0:
 875 0000 10020000 		.section	.debug_str,"MS",%progbits,1
 875      02000A02 
 875      00000201 
 875      FB0E0D00 
 875      01010101 
 876              	.LASF181:
 877 0000 6973725F 		.ascii	"isr_gpio_cfg\000"
 877      6770696F 
 877      5F636667 
 877      00
 878              	.LASF123:
 879 000d 74637077 		.ascii	"tcpwm_1_interrupts_15_IRQn\000"
 879      6D5F315F 
 879      696E7465 
 879      72727570 
 879      74735F31 
 880              	.LASF12:
 881 0028 696F7373 		.ascii	"ioss_interrupts_gpio_2_IRQn\000"
 881      5F696E74 
 881      65727275 
 881      7074735F 
 881      6770696F 
 882              	.LASF56:
 883 0044 7363625F 		.ascii	"scb_5_interrupt_IRQn\000"
 883      355F696E 
 883      74657272 
 883      7570745F 
 883      4952516E 
 884              	.LASF104:
 885 0059 74637077 		.ascii	"tcpwm_0_interrupts_4_IRQn\000"
 885      6D5F305F 
 885      696E7465 
 885      72727570 
 885      74735F34 
 886              	.LASF32:
 887 0073 73727373 		.ascii	"srss_interrupt_IRQn\000"
 887      5F696E74 
 887      65727275 
ARM GAS  C:\Users\bryan.lee\AppData\Local\Temp\ccs7WK10.s 			page 17


 887      70745F49 
 887      52516E00 
 888              	.LASF28:
 889 0087 7363625F 		.ascii	"scb_8_interrupt_IRQn\000"
 889      385F696E 
 889      74657272 
 889      7570745F 
 889      4952516E 
 890              	.LASF61:
 891 009c 63707573 		.ascii	"cpuss_interrupts_dw0_1_IRQn\000"
 891      735F696E 
 891      74657272 
 891      75707473 
 891      5F647730 
 892              	.LASF144:
 893 00b8 7564625F 		.ascii	"udb_interrupts_12_IRQn\000"
 893      696E7465 
 893      72727570 
 893      74735F31 
 893      325F4952 
 894              	.LASF34:
 895 00cf 626C6573 		.ascii	"bless_interrupt_IRQn\000"
 895      735F696E 
 895      74657272 
 895      7570745F 
 895      4952516E 
 896              	.LASF133:
 897 00e4 7564625F 		.ascii	"udb_interrupts_1_IRQn\000"
 897      696E7465 
 897      72727570 
 897      74735F31 
 897      5F495251 
 898              	.LASF187:
 899 00fa 433A5C55 		.ascii	"C:\\Users\\bryan.lee\\Desktop\\PSoC-6-MCU-Pioneer-K"
 899      73657273 
 899      5C627279 
 899      616E2E6C 
 899      65655C44 
 900 0129 6974732D 		.ascii	"its-master\\CY8CKIT-062-BLE Pioneer Kit\\CE220167_B"
 900      6D617374 
 900      65725C43 
 900      5938434B 
 900      49542D30 
 901 015a 4C455F55 		.ascii	"LE_UI\\CE220167_BLE_UI.cydsn\000"
 901      495C4345 
 901      32323031 
 901      36375F42 
 901      4C455F55 
 902              	.LASF51:
 903 0176 7363625F 		.ascii	"scb_0_interrupt_IRQn\000"
 903      305F696E 
 903      74657272 
 903      7570745F 
 903      4952516E 
 904              	.LASF116:
 905 018b 74637077 		.ascii	"tcpwm_1_interrupts_8_IRQn\000"
 905      6D5F315F 
ARM GAS  C:\Users\bryan.lee\AppData\Local\Temp\ccs7WK10.s 			page 18


 905      696E7465 
 905      72727570 
 905      74735F38 
 906              	.LASF39:
 907 01a5 63707573 		.ascii	"cpuss_interrupts_ipc_4_IRQn\000"
 907      735F696E 
 907      74657272 
 907      75707473 
 907      5F697063 
 908              	.LASF46:
 909 01c1 63707573 		.ascii	"cpuss_interrupts_ipc_11_IRQn\000"
 909      735F696E 
 909      74657272 
 909      75707473 
 909      5F697063 
 910              	.LASF132:
 911 01de 7564625F 		.ascii	"udb_interrupts_0_IRQn\000"
 911      696E7465 
 911      72727570 
 911      74735F30 
 911      5F495251 
 912              	.LASF168:
 913 01f4 6C6F6E67 		.ascii	"long long unsigned int\000"
 913      206C6F6E 
 913      6720756E 
 913      7369676E 
 913      65642069 
 914              	.LASF155:
 915 020b 7573625F 		.ascii	"usb_interrupt_lo_IRQn\000"
 915      696E7465 
 915      72727570 
 915      745F6C6F 
 915      5F495251 
 916              	.LASF118:
 917 0221 74637077 		.ascii	"tcpwm_1_interrupts_10_IRQn\000"
 917      6D5F315F 
 917      696E7465 
 917      72727570 
 917      74735F31 
 918              	.LASF169:
 919 023c 756E7369 		.ascii	"unsigned int\000"
 919      676E6564 
 919      20696E74 
 919      00
 920              	.LASF10:
 921 0249 696F7373 		.ascii	"ioss_interrupts_gpio_0_IRQn\000"
 921      5F696E74 
 921      65727275 
 921      7074735F 
 921      6770696F 
 922              	.LASF97:
 923 0265 63707573 		.ascii	"cpuss_interrupts_cm0_cti_1_IRQn\000"
 923      735F696E 
 923      74657272 
 923      75707473 
 923      5F636D30 
 924              	.LASF19:
ARM GAS  C:\Users\bryan.lee\AppData\Local\Temp\ccs7WK10.s 			page 19


 925 0285 696F7373 		.ascii	"ioss_interrupts_gpio_9_IRQn\000"
 925      5F696E74 
 925      65727275 
 925      7074735F 
 925      6770696F 
 926              	.LASF156:
 927 02a1 70617373 		.ascii	"pass_interrupt_dacs_IRQn\000"
 927      5F696E74 
 927      65727275 
 927      70745F64 
 927      6163735F 
 928              	.LASF138:
 929 02ba 7564625F 		.ascii	"udb_interrupts_6_IRQn\000"
 929      696E7465 
 929      72727570 
 929      74735F36 
 929      5F495251 
 930              	.LASF0:
 931 02d0 52657365 		.ascii	"Reset_IRQn\000"
 931      745F4952 
 931      516E00
 932              	.LASF124:
 933 02db 74637077 		.ascii	"tcpwm_1_interrupts_16_IRQn\000"
 933      6D5F315F 
 933      696E7465 
 933      72727570 
 933      74735F31 
 934              	.LASF183:
 935 02f6 43595F45 		.ascii	"CY_EINK_SPIM_SCB_IRQ_cfg\000"
 935      494E4B5F 
 935      5350494D 
 935      5F534342 
 935      5F495251 
 936              	.LASF94:
 937 030f 63707573 		.ascii	"cpuss_interrupt_crypto_IRQn\000"
 937      735F696E 
 937      74657272 
 937      7570745F 
 937      63727970 
 938              	.LASF167:
 939 032b 6C6F6E67 		.ascii	"long long int\000"
 939      206C6F6E 
 939      6720696E 
 939      7400
 940              	.LASF159:
 941 0339 7369676E 		.ascii	"signed char\000"
 941      65642063 
 941      68617200 
 942              	.LASF105:
 943 0345 74637077 		.ascii	"tcpwm_0_interrupts_5_IRQn\000"
 943      6D5F305F 
 943      696E7465 
 943      72727570 
 943      74735F35 
 944              	.LASF85:
 945 035f 63707573 		.ascii	"cpuss_interrupts_dw1_9_IRQn\000"
 945      735F696E 
ARM GAS  C:\Users\bryan.lee\AppData\Local\Temp\ccs7WK10.s 			page 20


 945      74657272 
 945      75707473 
 945      5F647731 
 946              	.LASF62:
 947 037b 63707573 		.ascii	"cpuss_interrupts_dw0_2_IRQn\000"
 947      735F696E 
 947      74657272 
 947      75707473 
 947      5F647730 
 948              	.LASF145:
 949 0397 7564625F 		.ascii	"udb_interrupts_13_IRQn\000"
 949      696E7465 
 949      72727570 
 949      74735F31 
 949      335F4952 
 950              	.LASF27:
 951 03ae 6C70636F 		.ascii	"lpcomp_interrupt_IRQn\000"
 951      6D705F69 
 951      6E746572 
 951      72757074 
 951      5F495251 
 952              	.LASF108:
 953 03c4 74637077 		.ascii	"tcpwm_1_interrupts_0_IRQn\000"
 953      6D5F315F 
 953      696E7465 
 953      72727570 
 953      74735F30 
 954              	.LASF164:
 955 03de 6C6F6E67 		.ascii	"long int\000"
 955      20696E74 
 955      00
 956              	.LASF117:
 957 03e7 74637077 		.ascii	"tcpwm_1_interrupts_9_IRQn\000"
 957      6D5F315F 
 957      696E7465 
 957      72727570 
 957      74735F39 
 958              	.LASF40:
 959 0401 63707573 		.ascii	"cpuss_interrupts_ipc_5_IRQn\000"
 959      735F696E 
 959      74657272 
 959      75707473 
 959      5F697063 
 960              	.LASF83:
 961 041d 63707573 		.ascii	"cpuss_interrupts_dw1_7_IRQn\000"
 961      735F696E 
 961      74657272 
 961      75707473 
 961      5F647731 
 962              	.LASF47:
 963 0439 63707573 		.ascii	"cpuss_interrupts_ipc_12_IRQn\000"
 963      735F696E 
 963      74657272 
 963      75707473 
 963      5F697063 
 964              	.LASF84:
 965 0456 63707573 		.ascii	"cpuss_interrupts_dw1_8_IRQn\000"
ARM GAS  C:\Users\bryan.lee\AppData\Local\Temp\ccs7WK10.s 			page 21


 965      735F696E 
 965      74657272 
 965      75707473 
 965      5F647731 
 966              	.LASF177:
 967 0472 696E7472 		.ascii	"intrSrc\000"
 967      53726300 
 968              	.LASF119:
 969 047a 74637077 		.ascii	"tcpwm_1_interrupts_11_IRQn\000"
 969      6D5F315F 
 969      696E7465 
 969      72727570 
 969      74735F31 
 970              	.LASF64:
 971 0495 63707573 		.ascii	"cpuss_interrupts_dw0_4_IRQn\000"
 971      735F696E 
 971      74657272 
 971      75707473 
 971      5F647730 
 972              	.LASF25:
 973 04b1 696F7373 		.ascii	"ioss_interrupt_gpio_IRQn\000"
 973      5F696E74 
 973      65727275 
 973      70745F67 
 973      70696F5F 
 974              	.LASF29:
 975 04ca 73727373 		.ascii	"srss_interrupt_mcwdt_0_IRQn\000"
 975      5F696E74 
 975      65727275 
 975      70745F6D 
 975      63776474 
 976              	.LASF176:
 977 04e6 646F7562 		.ascii	"double\000"
 977      6C6500
 978              	.LASF149:
 979 04ed 61756469 		.ascii	"audioss_interrupt_i2s_IRQn\000"
 979      6F73735F 
 979      696E7465 
 979      72727570 
 979      745F6932 
 980              	.LASF66:
 981 0508 63707573 		.ascii	"cpuss_interrupts_dw0_6_IRQn\000"
 981      735F696E 
 981      74657272 
 981      75707473 
 981      5F647730 
 982              	.LASF99:
 983 0524 63707573 		.ascii	"cpuss_interrupts_cm4_cti_1_IRQn\000"
 983      735F696E 
 983      74657272 
 983      75707473 
 983      5F636D34 
 984              	.LASF58:
 985 0544 7363625F 		.ascii	"scb_7_interrupt_IRQn\000"
 985      375F696E 
 985      74657272 
 985      7570745F 
ARM GAS  C:\Users\bryan.lee\AppData\Local\Temp\ccs7WK10.s 			page 22


 985      4952516E 
 986              	.LASF106:
 987 0559 74637077 		.ascii	"tcpwm_0_interrupts_6_IRQn\000"
 987      6D5F305F 
 987      696E7465 
 987      72727570 
 987      74735F36 
 988              	.LASF165:
 989 0573 5F5F7569 		.ascii	"__uint32_t\000"
 989      6E743332 
 989      5F7400
 990              	.LASF4:
 991 057e 42757346 		.ascii	"BusFault_IRQn\000"
 991      61756C74 
 991      5F495251 
 991      6E00
 992              	.LASF52:
 993 058c 7363625F 		.ascii	"scb_1_interrupt_IRQn\000"
 993      315F696E 
 993      74657272 
 993      7570745F 
 993      4952516E 
 994              	.LASF146:
 995 05a1 7564625F 		.ascii	"udb_interrupts_14_IRQn\000"
 995      696E7465 
 995      72727570 
 995      74735F31 
 995      345F4952 
 996              	.LASF33:
 997 05b8 70617373 		.ascii	"pass_interrupt_ctbs_IRQn\000"
 997      5F696E74 
 997      65727275 
 997      70745F63 
 997      7462735F 
 998              	.LASF53:
 999 05d1 7363625F 		.ascii	"scb_2_interrupt_IRQn\000"
 999      325F696E 
 999      74657272 
 999      7570745F 
 999      4952516E 
 1000              	.LASF74:
 1001 05e6 63707573 		.ascii	"cpuss_interrupts_dw0_14_IRQn\000"
 1001      735F696E 
 1001      74657272 
 1001      75707473 
 1001      5F647730 
 1002              	.LASF15:
 1003 0603 696F7373 		.ascii	"ioss_interrupts_gpio_5_IRQn\000"
 1003      5F696E74 
 1003      65727275 
 1003      7074735F 
 1003      6770696F 
 1004              	.LASF41:
 1005 061f 63707573 		.ascii	"cpuss_interrupts_ipc_6_IRQn\000"
 1005      735F696E 
 1005      74657272 
 1005      75707473 
ARM GAS  C:\Users\bryan.lee\AppData\Local\Temp\ccs7WK10.s 			page 23


 1005      5F697063 
 1006              	.LASF134:
 1007 063b 7564625F 		.ascii	"udb_interrupts_2_IRQn\000"
 1007      696E7465 
 1007      72727570 
 1007      74735F32 
 1007      5F495251 
 1008              	.LASF23:
 1009 0651 696F7373 		.ascii	"ioss_interrupts_gpio_13_IRQn\000"
 1009      5F696E74 
 1009      65727275 
 1009      7074735F 
 1009      6770696F 
 1010              	.LASF120:
 1011 066e 74637077 		.ascii	"tcpwm_1_interrupts_12_IRQn\000"
 1011      6D5F315F 
 1011      696E7465 
 1011      72727570 
 1011      74735F31 
 1012              	.LASF89:
 1013 0689 63707573 		.ascii	"cpuss_interrupts_dw1_13_IRQn\000"
 1013      735F696E 
 1013      74657272 
 1013      75707473 
 1013      5F647731 
 1014              	.LASF166:
 1015 06a6 6C6F6E67 		.ascii	"long unsigned int\000"
 1015      20756E73 
 1015      69676E65 
 1015      6420696E 
 1015      7400
 1016              	.LASF30:
 1017 06b8 73727373 		.ascii	"srss_interrupt_mcwdt_1_IRQn\000"
 1017      5F696E74 
 1017      65727275 
 1017      70745F6D 
 1017      63776474 
 1018              	.LASF101:
 1019 06d4 74637077 		.ascii	"tcpwm_0_interrupts_1_IRQn\000"
 1019      6D5F305F 
 1019      696E7465 
 1019      72727570 
 1019      74735F31 
 1020              	.LASF154:
 1021 06ee 7573625F 		.ascii	"usb_interrupt_med_IRQn\000"
 1021      696E7465 
 1021      72727570 
 1021      745F6D65 
 1021      645F4952 
 1022              	.LASF92:
 1023 0705 63707573 		.ascii	"cpuss_interrupts_fault_0_IRQn\000"
 1023      735F696E 
 1023      74657272 
 1023      75707473 
 1023      5F666175 
 1024              	.LASF6:
 1025 0723 53564361 		.ascii	"SVCall_IRQn\000"
ARM GAS  C:\Users\bryan.lee\AppData\Local\Temp\ccs7WK10.s 			page 24


 1025      6C6C5F49 
 1025      52516E00 
 1026              	.LASF161:
 1027 072f 73686F72 		.ascii	"short unsigned int\000"
 1027      7420756E 
 1027      7369676E 
 1027      65642069 
 1027      6E7400
 1028              	.LASF113:
 1029 0742 74637077 		.ascii	"tcpwm_1_interrupts_5_IRQn\000"
 1029      6D5F315F 
 1029      696E7465 
 1029      72727570 
 1029      74735F35 
 1030              	.LASF36:
 1031 075c 63707573 		.ascii	"cpuss_interrupts_ipc_1_IRQn\000"
 1031      735F696E 
 1031      74657272 
 1031      75707473 
 1031      5F697063 
 1032              	.LASF80:
 1033 0778 63707573 		.ascii	"cpuss_interrupts_dw1_4_IRQn\000"
 1033      735F696E 
 1033      74657272 
 1033      75707473 
 1033      5F647731 
 1034              	.LASF95:
 1035 0794 63707573 		.ascii	"cpuss_interrupt_fm_IRQn\000"
 1035      735F696E 
 1035      74657272 
 1035      7570745F 
 1035      666D5F49 
 1036              	.LASF75:
 1037 07ac 63707573 		.ascii	"cpuss_interrupts_dw0_15_IRQn\000"
 1037      735F696E 
 1037      74657272 
 1037      75707473 
 1037      5F647730 
 1038              	.LASF16:
 1039 07c9 696F7373 		.ascii	"ioss_interrupts_gpio_6_IRQn\000"
 1039      5F696E74 
 1039      65727275 
 1039      7074735F 
 1039      6770696F 
 1040              	.LASF152:
 1041 07e5 736D6966 		.ascii	"smif_interrupt_IRQn\000"
 1041      5F696E74 
 1041      65727275 
 1041      70745F49 
 1041      52516E00 
 1042              	.LASF135:
 1043 07f9 7564625F 		.ascii	"udb_interrupts_3_IRQn\000"
 1043      696E7465 
 1043      72727570 
 1043      74735F33 
 1043      5F495251 
 1044              	.LASF24:
ARM GAS  C:\Users\bryan.lee\AppData\Local\Temp\ccs7WK10.s 			page 25


 1045 080f 696F7373 		.ascii	"ioss_interrupts_gpio_14_IRQn\000"
 1045      5F696E74 
 1045      65727275 
 1045      7074735F 
 1045      6770696F 
 1046              	.LASF9:
 1047 082c 53797354 		.ascii	"SysTick_IRQn\000"
 1047      69636B5F 
 1047      4952516E 
 1047      00
 1048              	.LASF90:
 1049 0839 63707573 		.ascii	"cpuss_interrupts_dw1_14_IRQn\000"
 1049      735F696E 
 1049      74657272 
 1049      75707473 
 1049      5F647731 
 1050              	.LASF131:
 1051 0856 74637077 		.ascii	"tcpwm_1_interrupts_23_IRQn\000"
 1051      6D5F315F 
 1051      696E7465 
 1051      72727570 
 1051      74735F32 
 1052              	.LASF102:
 1053 0871 74637077 		.ascii	"tcpwm_0_interrupts_2_IRQn\000"
 1053      6D5F305F 
 1053      696E7465 
 1053      72727570 
 1053      74735F32 
 1054              	.LASF121:
 1055 088b 74637077 		.ascii	"tcpwm_1_interrupts_13_IRQn\000"
 1055      6D5F315F 
 1055      696E7465 
 1055      72727570 
 1055      74735F31 
 1056              	.LASF93:
 1057 08a6 63707573 		.ascii	"cpuss_interrupts_fault_1_IRQn\000"
 1057      735F696E 
 1057      74657272 
 1057      75707473 
 1057      5F666175 
 1058              	.LASF172:
 1059 08c4 73697A65 		.ascii	"sizetype\000"
 1059      74797065 
 1059      00
 1060              	.LASF142:
 1061 08cd 7564625F 		.ascii	"udb_interrupts_10_IRQn\000"
 1061      696E7465 
 1061      72727570 
 1061      74735F31 
 1061      305F4952 
 1062              	.LASF68:
 1063 08e4 63707573 		.ascii	"cpuss_interrupts_dw0_8_IRQn\000"
 1063      735F696E 
 1063      74657272 
 1063      75707473 
 1063      5F647730 
 1064              	.LASF179:
ARM GAS  C:\Users\bryan.lee\AppData\Local\Temp\ccs7WK10.s 			page 26


 1065 0900 63795F73 		.ascii	"cy_stc_sysint_t\000"
 1065      74635F73 
 1065      7973696E 
 1065      745F7400 
 1066              	.LASF70:
 1067 0910 63707573 		.ascii	"cpuss_interrupts_dw0_10_IRQn\000"
 1067      735F696E 
 1067      74657272 
 1067      75707473 
 1067      5F647730 
 1068              	.LASF114:
 1069 092d 74637077 		.ascii	"tcpwm_1_interrupts_6_IRQn\000"
 1069      6D5F315F 
 1069      696E7465 
 1069      72727570 
 1069      74735F36 
 1070              	.LASF37:
 1071 0947 63707573 		.ascii	"cpuss_interrupts_ipc_2_IRQn\000"
 1071      735F696E 
 1071      74657272 
 1071      75707473 
 1071      5F697063 
 1072              	.LASF81:
 1073 0963 63707573 		.ascii	"cpuss_interrupts_dw1_5_IRQn\000"
 1073      735F696E 
 1073      74657272 
 1073      75707473 
 1073      5F647731 
 1074              	.LASF139:
 1075 097f 7564625F 		.ascii	"udb_interrupts_7_IRQn\000"
 1075      696E7465 
 1075      72727570 
 1075      74735F37 
 1075      5F495251 
 1076              	.LASF125:
 1077 0995 74637077 		.ascii	"tcpwm_1_interrupts_17_IRQn\000"
 1077      6D5F315F 
 1077      696E7465 
 1077      72727570 
 1077      74735F31 
 1078              	.LASF55:
 1079 09b0 7363625F 		.ascii	"scb_4_interrupt_IRQn\000"
 1079      345F696E 
 1079      74657272 
 1079      7570745F 
 1079      4952516E 
 1080              	.LASF17:
 1081 09c5 696F7373 		.ascii	"ioss_interrupts_gpio_7_IRQn\000"
 1081      5F696E74 
 1081      65727275 
 1081      7074735F 
 1081      6770696F 
 1082              	.LASF73:
 1083 09e1 63707573 		.ascii	"cpuss_interrupts_dw0_13_IRQn\000"
 1083      735F696E 
 1083      74657272 
 1083      75707473 
ARM GAS  C:\Users\bryan.lee\AppData\Local\Temp\ccs7WK10.s 			page 27


 1083      5F647730 
 1084              	.LASF185:
 1085 09fe 474E5520 		.ascii	"GNU C11 5.4.1 20160609 (release) [ARM/embedded-5-br"
 1085      43313120 
 1085      352E342E 
 1085      31203230 
 1085      31363036 
 1086 0a31 616E6368 		.ascii	"anch revision 237715] -mcpu=cortex-m4 -mfloat-abi=s"
 1086      20726576 
 1086      6973696F 
 1086      6E203233 
 1086      37373135 
 1087 0a64 6F667466 		.ascii	"oftfp -mfpu=fpv4-sp-d16 -mthumb -g -Og -ffunction-s"
 1087      70202D6D 
 1087      6670753D 
 1087      66707634 
 1087      2D73702D 
 1088 0a97 65637469 		.ascii	"ections -ffat-lto-objects\000"
 1088      6F6E7320 
 1088      2D666661 
 1088      742D6C74 
 1088      6F2D6F62 
 1089              	.LASF91:
 1090 0ab1 63707573 		.ascii	"cpuss_interrupts_dw1_15_IRQn\000"
 1090      735F696E 
 1090      74657272 
 1090      75707473 
 1090      5F647731 
 1091              	.LASF153:
 1092 0ace 7573625F 		.ascii	"usb_interrupt_hi_IRQn\000"
 1092      696E7465 
 1092      72727570 
 1092      745F6869 
 1092      5F495251 
 1093              	.LASF175:
 1094 0ae4 666C6F61 		.ascii	"float\000"
 1094      7400
 1095              	.LASF63:
 1096 0aea 63707573 		.ascii	"cpuss_interrupts_dw0_3_IRQn\000"
 1096      735F696E 
 1096      74657272 
 1096      75707473 
 1096      5F647730 
 1097              	.LASF21:
 1098 0b06 696F7373 		.ascii	"ioss_interrupts_gpio_11_IRQn\000"
 1098      5F696E74 
 1098      65727275 
 1098      7074735F 
 1098      6770696F 
 1099              	.LASF3:
 1100 0b23 4D656D6F 		.ascii	"MemoryManagement_IRQn\000"
 1100      72794D61 
 1100      6E616765 
 1100      6D656E74 
 1100      5F495251 
 1101              	.LASF103:
 1102 0b39 74637077 		.ascii	"tcpwm_0_interrupts_3_IRQn\000"
ARM GAS  C:\Users\bryan.lee\AppData\Local\Temp\ccs7WK10.s 			page 28


 1102      6D5F305F 
 1102      696E7465 
 1102      72727570 
 1102      74735F33 
 1103              	.LASF128:
 1104 0b53 74637077 		.ascii	"tcpwm_1_interrupts_20_IRQn\000"
 1104      6D5F315F 
 1104      696E7465 
 1104      72727570 
 1104      74735F32 
 1105              	.LASF109:
 1106 0b6e 74637077 		.ascii	"tcpwm_1_interrupts_1_IRQn\000"
 1106      6D5F315F 
 1106      696E7465 
 1106      72727570 
 1106      74735F31 
 1107              	.LASF76:
 1108 0b88 63707573 		.ascii	"cpuss_interrupts_dw1_0_IRQn\000"
 1108      735F696E 
 1108      74657272 
 1108      75707473 
 1108      5F647731 
 1109              	.LASF143:
 1110 0ba4 7564625F 		.ascii	"udb_interrupts_11_IRQn\000"
 1110      696E7465 
 1110      72727570 
 1110      74735F31 
 1110      315F4952 
 1111              	.LASF69:
 1112 0bbb 63707573 		.ascii	"cpuss_interrupts_dw0_9_IRQn\000"
 1112      735F696E 
 1112      74657272 
 1112      75707473 
 1112      5F647730 
 1113              	.LASF170:
 1114 0bd7 696E7433 		.ascii	"int32_t\000"
 1114      325F7400 
 1115              	.LASF160:
 1116 0bdf 756E7369 		.ascii	"unsigned char\000"
 1116      676E6564 
 1116      20636861 
 1116      7200
 1117              	.LASF71:
 1118 0bed 63707573 		.ascii	"cpuss_interrupts_dw0_11_IRQn\000"
 1118      735F696E 
 1118      74657272 
 1118      75707473 
 1118      5F647730 
 1119              	.LASF115:
 1120 0c0a 74637077 		.ascii	"tcpwm_1_interrupts_7_IRQn\000"
 1120      6D5F315F 
 1120      696E7465 
 1120      72727570 
 1120      74735F37 
 1121              	.LASF38:
 1122 0c24 63707573 		.ascii	"cpuss_interrupts_ipc_3_IRQn\000"
 1122      735F696E 
ARM GAS  C:\Users\bryan.lee\AppData\Local\Temp\ccs7WK10.s 			page 29


 1122      74657272 
 1122      75707473 
 1122      5F697063 
 1123              	.LASF180:
 1124 0c40 49544D5F 		.ascii	"ITM_RxBuffer\000"
 1124      52784275 
 1124      66666572 
 1124      00
 1125              	.LASF182:
 1126 0c4d 6973725F 		.ascii	"isr_MCWDT_cfg\000"
 1126      4D435744 
 1126      545F6366 
 1126      6700
 1127              	.LASF20:
 1128 0c5b 696F7373 		.ascii	"ioss_interrupts_gpio_10_IRQn\000"
 1128      5F696E74 
 1128      65727275 
 1128      7074735F 
 1128      6770696F 
 1129              	.LASF140:
 1130 0c78 7564625F 		.ascii	"udb_interrupts_8_IRQn\000"
 1130      696E7465 
 1130      72727570 
 1130      74735F38 
 1130      5F495251 
 1131              	.LASF157:
 1132 0c8e 756E636F 		.ascii	"unconnected_IRQn\000"
 1132      6E6E6563 
 1132      7465645F 
 1132      4952516E 
 1132      00
 1133              	.LASF158:
 1134 0c9f 73686F72 		.ascii	"short int\000"
 1134      7420696E 
 1134      7400
 1135              	.LASF98:
 1136 0ca9 63707573 		.ascii	"cpuss_interrupts_cm4_cti_0_IRQn\000"
 1136      735F696E 
 1136      74657272 
 1136      75707473 
 1136      5F636D34 
 1137              	.LASF126:
 1138 0cc9 74637077 		.ascii	"tcpwm_1_interrupts_18_IRQn\000"
 1138      6D5F315F 
 1138      696E7465 
 1138      72727570 
 1138      74735F31 
 1139              	.LASF79:
 1140 0ce4 63707573 		.ascii	"cpuss_interrupts_dw1_3_IRQn\000"
 1140      735F696E 
 1140      74657272 
 1140      75707473 
 1140      5F647731 
 1141              	.LASF107:
 1142 0d00 74637077 		.ascii	"tcpwm_0_interrupts_7_IRQn\000"
 1142      6D5F305F 
 1142      696E7465 
ARM GAS  C:\Users\bryan.lee\AppData\Local\Temp\ccs7WK10.s 			page 30


 1142      72727570 
 1142      74735F37 
 1143              	.LASF87:
 1144 0d1a 63707573 		.ascii	"cpuss_interrupts_dw1_11_IRQn\000"
 1144      735F696E 
 1144      74657272 
 1144      75707473 
 1144      5F647731 
 1145              	.LASF147:
 1146 0d37 7564625F 		.ascii	"udb_interrupts_15_IRQn\000"
 1146      696E7465 
 1146      72727570 
 1146      74735F31 
 1146      355F4952 
 1147              	.LASF162:
 1148 0d4e 4952516E 		.ascii	"IRQn_Type\000"
 1148      5F547970 
 1148      6500
 1149              	.LASF129:
 1150 0d58 74637077 		.ascii	"tcpwm_1_interrupts_21_IRQn\000"
 1150      6D5F315F 
 1150      696E7465 
 1150      72727570 
 1150      74735F32 
 1151              	.LASF171:
 1152 0d73 75696E74 		.ascii	"uint32_t\000"
 1152      33325F74 
 1152      00
 1153              	.LASF110:
 1154 0d7c 74637077 		.ascii	"tcpwm_1_interrupts_2_IRQn\000"
 1154      6D5F315F 
 1154      696E7465 
 1154      72727570 
 1154      74735F32 
 1155              	.LASF5:
 1156 0d96 55736167 		.ascii	"UsageFault_IRQn\000"
 1156      65466175 
 1156      6C745F49 
 1156      52516E00 
 1157              	.LASF42:
 1158 0da6 63707573 		.ascii	"cpuss_interrupts_ipc_7_IRQn\000"
 1158      735F696E 
 1158      74657272 
 1158      75707473 
 1158      5F697063 
 1159              	.LASF77:
 1160 0dc2 63707573 		.ascii	"cpuss_interrupts_dw1_1_IRQn\000"
 1160      735F696E 
 1160      74657272 
 1160      75707473 
 1160      5F647731 
 1161              	.LASF49:
 1162 0dde 63707573 		.ascii	"cpuss_interrupts_ipc_14_IRQn\000"
 1162      735F696E 
 1162      74657272 
 1162      75707473 
 1162      5F697063 
ARM GAS  C:\Users\bryan.lee\AppData\Local\Temp\ccs7WK10.s 			page 31


 1163              	.LASF150:
 1164 0dfb 61756469 		.ascii	"audioss_interrupt_pdm_IRQn\000"
 1164      6F73735F 
 1164      696E7465 
 1164      72727570 
 1164      745F7064 
 1165              	.LASF173:
 1166 0e16 6C6F6E67 		.ascii	"long double\000"
 1166      20646F75 
 1166      626C6500 
 1167              	.LASF174:
 1168 0e22 63686172 		.ascii	"char\000"
 1168      00
 1169              	.LASF186:
 1170 0e27 47656E65 		.ascii	"Generated_Source\\PSoC6\\cyfitter_sysint_cfg.c\000"
 1170      72617465 
 1170      645F536F 
 1170      75726365 
 1170      5C50536F 
 1171              	.LASF72:
 1172 0e54 63707573 		.ascii	"cpuss_interrupts_dw0_12_IRQn\000"
 1172      735F696E 
 1172      74657272 
 1172      75707473 
 1172      5F647730 
 1173              	.LASF13:
 1174 0e71 696F7373 		.ascii	"ioss_interrupts_gpio_3_IRQn\000"
 1174      5F696E74 
 1174      65727275 
 1174      7074735F 
 1174      6770696F 
 1175              	.LASF148:
 1176 0e8d 70617373 		.ascii	"pass_interrupt_sar_IRQn\000"
 1176      5F696E74 
 1176      65727275 
 1176      70745F73 
 1176      61725F49 
 1177              	.LASF8:
 1178 0ea5 50656E64 		.ascii	"PendSV_IRQn\000"
 1178      53565F49 
 1178      52516E00 
 1179              	.LASF54:
 1180 0eb1 7363625F 		.ascii	"scb_3_interrupt_IRQn\000"
 1180      335F696E 
 1180      74657272 
 1180      7570745F 
 1180      4952516E 
 1181              	.LASF141:
 1182 0ec6 7564625F 		.ascii	"udb_interrupts_9_IRQn\000"
 1182      696E7465 
 1182      72727570 
 1182      74735F39 
 1182      5F495251 
 1183              	.LASF1:
 1184 0edc 4E6F6E4D 		.ascii	"NonMaskableInt_IRQn\000"
 1184      61736B61 
 1184      626C6549 
ARM GAS  C:\Users\bryan.lee\AppData\Local\Temp\ccs7WK10.s 			page 32


 1184      6E745F49 
 1184      52516E00 
 1185              	.LASF163:
 1186 0ef0 5F5F696E 		.ascii	"__int32_t\000"
 1186      7433325F 
 1186      7400
 1187              	.LASF127:
 1188 0efa 74637077 		.ascii	"tcpwm_1_interrupts_19_IRQn\000"
 1188      6D5F315F 
 1188      696E7465 
 1188      72727570 
 1188      74735F31 
 1189              	.LASF57:
 1190 0f15 7363625F 		.ascii	"scb_6_interrupt_IRQn\000"
 1190      365F696E 
 1190      74657272 
 1190      7570745F 
 1190      4952516E 
 1191              	.LASF11:
 1192 0f2a 696F7373 		.ascii	"ioss_interrupts_gpio_1_IRQn\000"
 1192      5F696E74 
 1192      65727275 
 1192      7074735F 
 1192      6770696F 
 1193              	.LASF2:
 1194 0f46 48617264 		.ascii	"HardFault_IRQn\000"
 1194      4661756C 
 1194      745F4952 
 1194      516E00
 1195              	.LASF65:
 1196 0f55 63707573 		.ascii	"cpuss_interrupts_dw0_5_IRQn\000"
 1196      735F696E 
 1196      74657272 
 1196      75707473 
 1196      5F647730 
 1197              	.LASF7:
 1198 0f71 44656275 		.ascii	"DebugMonitor_IRQn\000"
 1198      674D6F6E 
 1198      69746F72 
 1198      5F495251 
 1198      6E00
 1199              	.LASF59:
 1200 0f83 6373645F 		.ascii	"csd_interrupt_IRQn\000"
 1200      696E7465 
 1200      72727570 
 1200      745F4952 
 1200      516E00
 1201              	.LASF35:
 1202 0f96 63707573 		.ascii	"cpuss_interrupts_ipc_0_IRQn\000"
 1202      735F696E 
 1202      74657272 
 1202      75707473 
 1202      5F697063 
 1203              	.LASF130:
 1204 0fb2 74637077 		.ascii	"tcpwm_1_interrupts_22_IRQn\000"
 1204      6D5F315F 
 1204      696E7465 
ARM GAS  C:\Users\bryan.lee\AppData\Local\Temp\ccs7WK10.s 			page 33


 1204      72727570 
 1204      74735F32 
 1205              	.LASF111:
 1206 0fcd 74637077 		.ascii	"tcpwm_1_interrupts_3_IRQn\000"
 1206      6D5F315F 
 1206      696E7465 
 1206      72727570 
 1206      74735F33 
 1207              	.LASF43:
 1208 0fe7 63707573 		.ascii	"cpuss_interrupts_ipc_8_IRQn\000"
 1208      735F696E 
 1208      74657272 
 1208      75707473 
 1208      5F697063 
 1209              	.LASF78:
 1210 1003 63707573 		.ascii	"cpuss_interrupts_dw1_2_IRQn\000"
 1210      735F696E 
 1210      74657272 
 1210      75707473 
 1210      5F647731 
 1211              	.LASF50:
 1212 101f 63707573 		.ascii	"cpuss_interrupts_ipc_15_IRQn\000"
 1212      735F696E 
 1212      74657272 
 1212      75707473 
 1212      5F697063 
 1213              	.LASF136:
 1214 103c 7564625F 		.ascii	"udb_interrupts_4_IRQn\000"
 1214      696E7465 
 1214      72727570 
 1214      74735F34 
 1214      5F495251 
 1215              	.LASF122:
 1216 1052 74637077 		.ascii	"tcpwm_1_interrupts_14_IRQn\000"
 1216      6D5F315F 
 1216      696E7465 
 1216      72727570 
 1216      74735F31 
 1217              	.LASF14:
 1218 106d 696F7373 		.ascii	"ioss_interrupts_gpio_4_IRQn\000"
 1218      5F696E74 
 1218      65727275 
 1218      7074735F 
 1218      6770696F 
 1219              	.LASF184:
 1220 1089 43617053 		.ascii	"CapSense_ISR_cfg\000"
 1220      656E7365 
 1220      5F495352 
 1220      5F636667 
 1220      00
 1221              	.LASF22:
 1222 109a 696F7373 		.ascii	"ioss_interrupts_gpio_12_IRQn\000"
 1222      5F696E74 
 1222      65727275 
 1222      7074735F 
 1222      6770696F 
 1223              	.LASF151:
ARM GAS  C:\Users\bryan.lee\AppData\Local\Temp\ccs7WK10.s 			page 34


 1224 10b7 70726F66 		.ascii	"profile_interrupt_IRQn\000"
 1224      696C655F 
 1224      696E7465 
 1224      72727570 
 1224      745F4952 
 1225              	.LASF88:
 1226 10ce 63707573 		.ascii	"cpuss_interrupts_dw1_12_IRQn\000"
 1226      735F696E 
 1226      74657272 
 1226      75707473 
 1226      5F647731 
 1227              	.LASF60:
 1228 10eb 63707573 		.ascii	"cpuss_interrupts_dw0_0_IRQn\000"
 1228      735F696E 
 1228      74657272 
 1228      75707473 
 1228      5F647730 
 1229              	.LASF26:
 1230 1107 696F7373 		.ascii	"ioss_interrupt_vdd_IRQn\000"
 1230      5F696E74 
 1230      65727275 
 1230      70745F76 
 1230      64645F49 
 1231              	.LASF100:
 1232 111f 74637077 		.ascii	"tcpwm_0_interrupts_0_IRQn\000"
 1232      6D5F305F 
 1232      696E7465 
 1232      72727570 
 1232      74735F30 
 1233              	.LASF86:
 1234 1139 63707573 		.ascii	"cpuss_interrupts_dw1_10_IRQn\000"
 1234      735F696E 
 1234      74657272 
 1234      75707473 
 1234      5F647731 
 1235              	.LASF31:
 1236 1156 73727373 		.ascii	"srss_interrupt_backup_IRQn\000"
 1236      5F696E74 
 1236      65727275 
 1236      70745F62 
 1236      61636B75 
 1237              	.LASF45:
 1238 1171 63707573 		.ascii	"cpuss_interrupts_ipc_10_IRQn\000"
 1238      735F696E 
 1238      74657272 
 1238      75707473 
 1238      5F697063 
 1239              	.LASF82:
 1240 118e 63707573 		.ascii	"cpuss_interrupts_dw1_6_IRQn\000"
 1240      735F696E 
 1240      74657272 
 1240      75707473 
 1240      5F647731 
 1241              	.LASF67:
 1242 11aa 63707573 		.ascii	"cpuss_interrupts_dw0_7_IRQn\000"
 1242      735F696E 
 1242      74657272 
ARM GAS  C:\Users\bryan.lee\AppData\Local\Temp\ccs7WK10.s 			page 35


 1242      75707473 
 1242      5F647730 
 1243              	.LASF178:
 1244 11c6 696E7472 		.ascii	"intrPriority\000"
 1244      5072696F 
 1244      72697479 
 1244      00
 1245              	.LASF112:
 1246 11d3 74637077 		.ascii	"tcpwm_1_interrupts_4_IRQn\000"
 1246      6D5F315F 
 1246      696E7465 
 1246      72727570 
 1246      74735F34 
 1247              	.LASF96:
 1248 11ed 63707573 		.ascii	"cpuss_interrupts_cm0_cti_0_IRQn\000"
 1248      735F696E 
 1248      74657272 
 1248      75707473 
 1248      5F636D30 
 1249              	.LASF18:
 1250 120d 696F7373 		.ascii	"ioss_interrupts_gpio_8_IRQn\000"
 1250      5F696E74 
 1250      65727275 
 1250      7074735F 
 1250      6770696F 
 1251              	.LASF44:
 1252 1229 63707573 		.ascii	"cpuss_interrupts_ipc_9_IRQn\000"
 1252      735F696E 
 1252      74657272 
 1252      75707473 
 1252      5F697063 
 1253              	.LASF137:
 1254 1245 7564625F 		.ascii	"udb_interrupts_5_IRQn\000"
 1254      696E7465 
 1254      72727570 
 1254      74735F35 
 1254      5F495251 
 1255              	.LASF48:
 1256 125b 63707573 		.ascii	"cpuss_interrupts_ipc_13_IRQn\000"
 1256      735F696E 
 1256      74657272 
 1256      75707473 
 1256      5F697063 
 1257              		.ident	"GCC: (GNU Tools for ARM Embedded Processors) 5.4.1 20160609 (release) [ARM/embedded-5-bran
