#***************************************************************************

#sjplacer

#Version:            1.1

#Build Date:         Sep  9 2019 11:47:43

#File Generated:     Apr 1 2020 18:36:39

#Purpose:            

#Copyright (C) 2010-2011 by Softjin Technologies Pvt Ltd. All rights reserved.

#***************************************************************************

Executing : C:\Program Files (x86)\Cypress\PSoC Creator\4.3\PSoC Creator\bin/sjplacer.exe --proj-name EQF1296_DUT --netlist-vh2 EQF1296_DUT_p.vh2 --arch p35_udb4x6 --arch-file C:\Program Files (x86)\Cypress\PSoC Creator\4.3\PSoC Creator\dev\arch/udbdsi_4x6_24.cydata --ip-file C:\Program Files (x86)\Cypress\PSoC Creator\4.3\PSoC Creator\dev\psoc5/psoc5lp/ip_blocks.cydata --rrg-file C:\Program Files (x86)\Cypress\PSoC Creator\4.3\PSoC Creator\dev\psoc5/psoc5lp/route_arch-rrg.cydata --irq-file C:\Program Files (x86)\Cypress\PSoC Creator\4.3\PSoC Creator\dev\psoc5/psoc5lp/irqconn.cydata --drq-file C:\Program Files (x86)\Cypress\PSoC Creator\4.3\PSoC Creator\dev\psoc5/psoc5lp/dmaconn.cydata --dsi-conn-file C:\Program Files (x86)\Cypress\PSoC Creator\4.3\PSoC Creator\dev\psoc5/psoc5lp/dsiconn.cydata --pins-file pins_100-TQFP.xml --lib-file EQF1296_DUT_p.lib --sdc-file EQF1296_DUT.sdc --io-pcf EQF1296_DUT.pci --outdir .

		Softjin Techologies Placer, Version 1.1

Build Date : Sep  9 2019	11:45:12

D2004: Option and Settings Summary
=============================================================
Netlist vh2 file          - EQF1296_DUT_p.vh2
Architecture file         - C:\Program Files (x86)\Cypress\PSoC Creator\4.3\PSoC Creator\dev\arch/udbdsi_4x6_24.cydata
Package                   - 
Defparam file             - 
SDC file                  - EQF1296_DUT.sdc
Output directory          - .
Timing library            - EQF1296_DUT_p.lib
IO Placement file         - EQF1296_DUT.pci

D2050: Starting reading inputs for placer
=============================================================
D2065: Reading netlist file : "EQF1296_DUT_p.vh2"
D2065: Reading arch file : "C:\Program Files (x86)\Cypress\PSoC Creator\4.3\PSoC Creator\dev\arch/udbdsi_4x6_24.cydata"
D2051: Reading of inputs for placer completed successfully

D2053: Starting placement of the design
=============================================================

Phase 2
Phase 3

Design Statistics after Packing
    Number of Combinational MCs 	:	4
    Number of Sequential MCs    	:	73
    Number of DPs               	:	0
    Number of Controls          	:	2
    Number of Status            	:	1
    Number of SyncCells         	:	1
    Number of count7cells       	:	1

Device Utilization Summary after Packing
    Macrocells                  :	77/192
    UDBS                        :	11/24
    IOs                         :	30/72


D2088: Phase 3, elapsed time : 0.0 (sec)

Phase 4
D2088: Phase 4, elapsed time : 0.0 (sec)

Phase 5
D2088: Phase 5, elapsed time : 0.0 (sec)

Phase 6

######################################################################
Placement Timing Summary

The timing summary is based on estimated routing delays after
placement. For final timing report, please carry out the timing
analysis after routing.
======================================================================

######################################################################
                     Clock Summary 
======================================================================
Number of clocks: 13
Clock: ADC_SAR_Seq_IntClock | Frequency:  31.4 MHz | Target:   1.6 MHz
Clock: ADC_SAR_Seq_IntClock(routed) | Frequency: N/A       | Target:   1.6 MHz
Clock: Clock_1              | Frequency: N/A       | Target:   0.0 MHz
Clock: Clock_1(fixed-function) | Frequency: N/A       | Target:   0.0 MHz
Clock: Clock_2              | Frequency: N/A       | Target:   0.0 MHz
Clock: Clock_2(fixed-function) | Frequency: N/A       | Target:   0.0 MHz
Clock: Clock_3              | Frequency: N/A       | Target:   0.0 MHz
Clock: Clock_3(fixed-function) | Frequency: N/A       | Target:   0.0 MHz
Clock: CyBUS_CLK            | Frequency:  62.1 MHz | Target:  24.0 MHz
Clock: CyILO                | Frequency: N/A       | Target:   0.1 MHz
Clock: CyIMO                | Frequency: N/A       | Target:  24.0 MHz
Clock: CyMASTER_CLK         | Frequency: N/A       | Target:  24.0 MHz
Clock: CyPLL_OUT            | Frequency: N/A       | Target:  24.0 MHz

======================================================================
                     End of Clock Summary
######################################################################

D2088: Phase 6, elapsed time : 0.1 (sec)

Phase 7
######################################################################
                     Clock Summary 
======================================================================
Number of clocks: 13
Clock: ADC_SAR_Seq_IntClock | Frequency:   3.0 MHz | Target:   1.6 MHz
Clock: ADC_SAR_Seq_IntClock(routed) | Frequency: N/A       | Target:   1.6 MHz
Clock: Clock_1              | Frequency: N/A       | Target:   0.0 MHz
Clock: Clock_1(fixed-function) | Frequency: N/A       | Target:   0.0 MHz
Clock: Clock_2              | Frequency: N/A       | Target:   0.0 MHz
Clock: Clock_2(fixed-function) | Frequency: N/A       | Target:   0.0 MHz
Clock: Clock_3              | Frequency: N/A       | Target:   0.0 MHz
Clock: Clock_3(fixed-function) | Frequency: N/A       | Target:   0.0 MHz
Clock: CyBUS_CLK            | Frequency:   3.0 MHz | Target:  24.0 MHz
Clock: CyILO                | Frequency: N/A       | Target:   0.1 MHz
Clock: CyIMO                | Frequency: N/A       | Target:  24.0 MHz
Clock: CyMASTER_CLK         | Frequency: N/A       | Target:  24.0 MHz
Clock: CyPLL_OUT            | Frequency: N/A       | Target:  24.0 MHz

======================================================================
                     End of Clock Summary
######################################################################
D2088: Phase 7, elapsed time : 1.5 (sec)

Final Design Statistics
    Number of Combinational MCs 	:	4
    Number of Sequential MCs    	:	73
    Number of DPs               	:	0
    Number of Controls          	:	2
    Number of Status            	:	1
    Number of SyncCells         	:	1
    Number of count7cells       	:	1
    Number of IOs       	:	30

Device Utilization Summary
    Macrocells                  :	77/192
    IOs                         :	30/72



######################################################################
Placement Timing Summary

The timing summary is based on estimated routing delays after
placement. For final timing report, please carry out the timing
analysis after routing.
======================================================================


######################################################################
                     Clock Summary 
======================================================================
Number of clocks: 13
Clock: ADC_SAR_Seq_IntClock | Frequency:   3.0 MHz | Target:   1.6 MHz
Clock: ADC_SAR_Seq_IntClock(routed) | Frequency: N/A       | Target:   1.6 MHz
Clock: Clock_1              | Frequency: N/A       | Target:   0.0 MHz
Clock: Clock_1(fixed-function) | Frequency: N/A       | Target:   0.0 MHz
Clock: Clock_2              | Frequency: N/A       | Target:   0.0 MHz
Clock: Clock_2(fixed-function) | Frequency: N/A       | Target:   0.0 MHz
Clock: Clock_3              | Frequency: N/A       | Target:   0.0 MHz
Clock: Clock_3(fixed-function) | Frequency: N/A       | Target:   0.0 MHz
Clock: CyBUS_CLK            | Frequency:   3.0 MHz | Target:  24.0 MHz
Clock: CyILO                | Frequency: N/A       | Target:   0.1 MHz
Clock: CyIMO                | Frequency: N/A       | Target:  24.0 MHz
Clock: CyMASTER_CLK         | Frequency: N/A       | Target:  24.0 MHz
Clock: CyPLL_OUT            | Frequency: N/A       | Target:  24.0 MHz

======================================================================
                     End of Clock Summary
######################################################################

Phase 8
D2088: Phase 8, elapsed time : 0.0 (sec)

D2054: Placement of the design completed successfully

I2076: Total run-time: 2.3 sec.

