Removed Pin From Net: NetName=NetHD3_1 Pin=HD3-1
Removed Pin From Net: NetName=NetHD3_2 Pin=HD3-2
Removed Pin From Net: NetName=NetHD3_3 Pin=HD3-3
Removed Pin From Net: NetName=NetHD3_4 Pin=HD3-4
Removed Pin From Net: NetName=NetC32_1 Pin=R31-1
Removed Pin From Net: NetName=NetHD3_1 Pin=R31-2
Removed Pin From Net: NetName=NetC33_1 Pin=R32-1
Removed Pin From Net: NetName=NetHD3_2 Pin=R32-2
Removed Pin From Net: NetName=NetC34_1 Pin=R33-1
Removed Pin From Net: NetName=NetHD3_3 Pin=R33-2
Removed Pin From Net: NetName=NetC35_1 Pin=R34-1
Removed Pin From Net: NetName=NetHD3_4 Pin=R34-2
Removed Pin From Net: NetName=NetC32_1 Pin=U1-48
Removed Pin From Net: NetName=NetC33_1 Pin=U1-49
Removed Pin From Net: NetName=NetC34_1 Pin=U1-50
Removed Pin From Net: NetName=NetC35_1 Pin=U1-51
Added Pin To Net: NetName=NetC32_1 Pin=HD3-1
Added Pin To Net: NetName=NetC33_1 Pin=HD3-2
Added Pin To Net: NetName=NetC34_1 Pin=HD3-3
Added Pin To Net: NetName=NetC35_1 Pin=HD3-4
Added Pin To Net: NetName=NetHD3_2 Pin=R31-1
Added Pin To Net: NetName=NetC32_1 Pin=R31-2
Added Pin To Net: NetName=NetHD3_3 Pin=R32-1
Added Pin To Net: NetName=NetC33_1 Pin=R32-2
Added Pin To Net: NetName=NetHD3_1 Pin=R33-1
Added Pin To Net: NetName=NetC34_1 Pin=R33-2
Added Pin To Net: NetName=NetHD3_4 Pin=R34-1
Added Pin To Net: NetName=NetC35_1 Pin=R34-2
Added Pin To Net: NetName=NetHD3_2 Pin=U1-48
Added Pin To Net: NetName=NetHD3_3 Pin=U1-49
Added Pin To Net: NetName=NetHD3_1 Pin=U1-50
Added Pin To Net: NetName=NetHD3_4 Pin=U1-51
Change Net Name : Old Net Name=NetHD3_1 New Net Name=NetR33_1
Change Net Name : Old Net Name=NetHD3_2 New Net Name=NetR31_1
Change Net Name : Old Net Name=NetHD3_3 New Net Name=NetR32_1
Change Net Name : Old Net Name=NetHD3_4 New Net Name=NetR34_1
