Removed Pin From Net: NetName=FAN_GND Pin=C22-2
Removed Pin From Net: NetName=FAN_GND Pin=C23-2
Removed Pin From Net: NetName=FAN_GND Pin=HD7-2
Removed Pin From Net: NetName=FAN_GND Pin=HD8-2
Removed Pin From Net: NetName=NetHD3_1 Pin=U1-48
Removed Pin From Net: NetName=NetHD3_2 Pin=U1-49
Removed Pin From Net: NetName=NetHD3_3 Pin=U1-50
Removed Pin From Net: NetName=NetHD3_4 Pin=U1-51
Removed Pin From Net: NetName=NetC30_1 Pin=U2-5
Removed Pin From Net: NetName=NetU1_29 Pin=U2-6
Removed Pin From Net: NetName=NetU1_29 Pin=U2-7
Removed Pin From Net: NetName=NetR26_1 Pin=U2-8
Removed Pin From Net: NetName=NetR26_1 Pin=U2-9
Removed Pin From Net: NetName=NetC28_1 Pin=U2-12
Removed Pin From Net: NetName=NetR20_2 Pin=U2-13
Removed Member From Class: ClassName=U_FanControl Member=HD7
Removed Member From Class: ClassName=U_FanControl Member=HD8
Added Component: Designator=C32(0603)
Added Component: Designator=C33(0603)
Added Component: Designator=C34(0603)
Added Component: Designator=C35(0603)
Added Component: Designator=R31(0603)
Added Component: Designator=R32(0603)
Added Component: Designator=R33(0603)
Added Component: Designator=R34(0603)
Added Component: Designator=R35(6MM POT)
Added Component: Designator=R36(6MM POT)
Added Pin To Net: NetName=CGND Pin=C32-2
Added Pin To Net: NetName=CGND Pin=C33-2
Added Pin To Net: NetName=CGND Pin=C34-2
Added Pin To Net: NetName=CGND Pin=C35-2
Added Pin To Net: NetName=NetHD3_1 Pin=R31-2
Added Pin To Net: NetName=NetHD3_2 Pin=R32-2
Added Pin To Net: NetName=NetHD3_3 Pin=R33-2
Added Pin To Net: NetName=NetHD3_4 Pin=R34-2
Added Pin To Net: NetName=FAN_GND Pin=R35-4
Added Pin To Net: NetName=FAN_GND Pin=R36-4
Added Pin To Net: NetName=NetR26_1 Pin=U2-6
Added Pin To Net: NetName=NetR26_1 Pin=U2-7
Added Pin To Net: NetName=NetR20_2 Pin=U2-9
Added Pin To Net: NetName=NetC28_1 Pin=U2-10
Added Pin To Net: NetName=NetC30_1 Pin=U2-12
Added Pin To Net: NetName=NetU1_29 Pin=U2-13
Added Pin To Net: NetName=NetU1_29 Pin=U2-14
Added Pin To Net: NetName=NetC32_1 Pin=C32-1
Added Pin To Net: NetName=NetC32_1 Pin=R31-1
Added Pin To Net: NetName=NetC32_1 Pin=U1-48
Added Net: Name=NetC32_1
Added Pin To Net: NetName=NetC33_1 Pin=C33-1
Added Pin To Net: NetName=NetC33_1 Pin=R32-1
Added Pin To Net: NetName=NetC33_1 Pin=U1-49
Added Net: Name=NetC33_1
Added Pin To Net: NetName=NetC34_1 Pin=C34-1
Added Pin To Net: NetName=NetC34_1 Pin=R33-1
Added Pin To Net: NetName=NetC34_1 Pin=U1-50
Added Net: Name=NetC34_1
Added Pin To Net: NetName=NetC35_1 Pin=C35-1
Added Pin To Net: NetName=NetC35_1 Pin=R34-1
Added Pin To Net: NetName=NetC35_1 Pin=U1-51
Added Net: Name=NetC35_1
Added Pin To Net: NetName=NetR15_2 Pin=R15-2
Added Pin To Net: NetName=NetR15_2 Pin=R35-2
Added Pin To Net: NetName=NetR15_2 Pin=R35-3
Added Pin To Net: NetName=NetR15_2 Pin=RG3-1
Added Net: Name=NetR15_2
Added Pin To Net: NetName=NetR16_2 Pin=R16-2
Added Pin To Net: NetName=NetR16_2 Pin=R36-2
Added Pin To Net: NetName=NetR16_2 Pin=R36-3
Added Pin To Net: NetName=NetR16_2 Pin=RG4-1
Added Net: Name=NetR16_2
Added Pin To Net: NetName=NetU2_5 Pin=U2-5
Added Pin To Net: NetName=NetU2_5 Pin=U2-8
Added Net: Name=NetU2_5
Added Member To Class: ClassName=U_Display Buttons Member=Component C32 CAP_NON_POLAR_SMT
Added Member To Class: ClassName=U_Display Buttons Member=Component C33 CAP_NON_POLAR_SMT
Added Member To Class: ClassName=U_Display Buttons Member=Component C34 CAP_NON_POLAR_SMT
Added Member To Class: ClassName=U_Display Buttons Member=Component C35 CAP_NON_POLAR_SMT
Added Member To Class: ClassName=U_Display Buttons Member=Component R31 Resistor_0603_5%
Added Member To Class: ClassName=U_Display Buttons Member=Component R32 Resistor_0603_5%
Added Member To Class: ClassName=U_Display Buttons Member=Component R33 Resistor_0603_5%
Added Member To Class: ClassName=U_Display Buttons Member=Component R34 Resistor_0603_5%
Added Member To Class: ClassName=U_FanControl Member=Component R35 POT 6MM 10K
Added Member To Class: ClassName=U_FanControl Member=Component R36 POT 6MM 10K
