ARM GAS  C:\Users\bryan.lee\AppData\Local\Temp\ccLDOPET.s 			page 1


   1              		.syntax unified
   2              		.cpu cortex-m4
   3              		.eabi_attribute 27, 1
   4              		.fpu fpv4-sp-d16
   5              		.eabi_attribute 20, 1
   6              		.eabi_attribute 21, 1
   7              		.eabi_attribute 23, 3
   8              		.eabi_attribute 24, 1
   9              		.eabi_attribute 25, 1
  10              		.eabi_attribute 26, 1
  11              		.eabi_attribute 30, 1
  12              		.eabi_attribute 34, 1
  13              		.eabi_attribute 18, 4
  14              		.thumb
  15              		.syntax unified
  16              		.file	"main_cm4.c"
  17              		.text
  18              	.Ltext0:
  19              		.cfi_sections	.debug_frame
  20              		.section	.text.main,"ax",%progbits
  21              		.align	2
  22              		.global	main
  23              		.thumb
  24              		.thumb_func
  25              		.type	main, %function
  26              	main:
  27              	.LFB471:
  28              		.file 1 "main_cm4.c"
   1:main_cm4.c    **** /* ========================================
   2:main_cm4.c    ****  *
   3:main_cm4.c    ****  * Copyright YOUR COMPANY, THE YEAR
   4:main_cm4.c    ****  * All Rights Reserved
   5:main_cm4.c    ****  * UNPUBLISHED, LICENSED SOFTWARE.
   6:main_cm4.c    ****  *
   7:main_cm4.c    ****  * CONFIDENTIAL AND PROPRIETARY INFORMATION
   8:main_cm4.c    ****  * WHICH IS THE PROPERTY OF your company.
   9:main_cm4.c    ****  *
  10:main_cm4.c    ****  * ========================================
  11:main_cm4.c    **** */
  12:main_cm4.c    **** #include "project.h"
  13:main_cm4.c    **** #include "uartTask.h"
  14:main_cm4.c    **** #include "FreeRTOS.h"
  15:main_cm4.c    **** #include "task.h"
  16:main_cm4.c    **** 
  17:main_cm4.c    **** int main(void)
  18:main_cm4.c    **** {
  29              		.loc 1 18 0
  30              		.cfi_startproc
  31              		@ Volatile: function does not return.
  32              		@ args = 0, pretend = 0, frame = 0
  33              		@ frame_needed = 0, uses_anonymous_args = 0
  34 0000 00B5     		push	{lr}
  35              		.cfi_def_cfa_offset 4
  36              		.cfi_offset 14, -4
  37 0002 83B0     		sub	sp, sp, #12
  38              		.cfi_def_cfa_offset 16
  39              	.LBB4:
ARM GAS  C:\Users\bryan.lee\AppData\Local\Temp\ccLDOPET.s 			page 2


  40              	.LBB5:
  41              		.file 2 "Generated_Source\\PSoC6\\pdl\\cmsis/include/cmsis_gcc.h"
   1:Generated_Source\PSoC6\pdl\cmsis/include/cmsis_gcc.h **** /**************************************************************************//**
   2:Generated_Source\PSoC6\pdl\cmsis/include/cmsis_gcc.h ****  * @file     cmsis_gcc.h
   3:Generated_Source\PSoC6\pdl\cmsis/include/cmsis_gcc.h ****  * @brief    CMSIS compiler GCC header file
   4:Generated_Source\PSoC6\pdl\cmsis/include/cmsis_gcc.h ****  * @version  V5.0.1
   5:Generated_Source\PSoC6\pdl\cmsis/include/cmsis_gcc.h ****  * @date     02. February 2017
   6:Generated_Source\PSoC6\pdl\cmsis/include/cmsis_gcc.h ****  ******************************************************************************/
   7:Generated_Source\PSoC6\pdl\cmsis/include/cmsis_gcc.h **** /*
   8:Generated_Source\PSoC6\pdl\cmsis/include/cmsis_gcc.h ****  * Copyright (c) 2009-2017 ARM Limited. All rights reserved.
   9:Generated_Source\PSoC6\pdl\cmsis/include/cmsis_gcc.h ****  *
  10:Generated_Source\PSoC6\pdl\cmsis/include/cmsis_gcc.h ****  * SPDX-License-Identifier: Apache-2.0
  11:Generated_Source\PSoC6\pdl\cmsis/include/cmsis_gcc.h ****  *
  12:Generated_Source\PSoC6\pdl\cmsis/include/cmsis_gcc.h ****  * Licensed under the Apache License, Version 2.0 (the License); you may
  13:Generated_Source\PSoC6\pdl\cmsis/include/cmsis_gcc.h ****  * not use this file except in compliance with the License.
  14:Generated_Source\PSoC6\pdl\cmsis/include/cmsis_gcc.h ****  * You may obtain a copy of the License at
  15:Generated_Source\PSoC6\pdl\cmsis/include/cmsis_gcc.h ****  *
  16:Generated_Source\PSoC6\pdl\cmsis/include/cmsis_gcc.h ****  * www.apache.org/licenses/LICENSE-2.0
  17:Generated_Source\PSoC6\pdl\cmsis/include/cmsis_gcc.h ****  *
  18:Generated_Source\PSoC6\pdl\cmsis/include/cmsis_gcc.h ****  * Unless required by applicable law or agreed to in writing, software
  19:Generated_Source\PSoC6\pdl\cmsis/include/cmsis_gcc.h ****  * distributed under the License is distributed on an AS IS BASIS, WITHOUT
  20:Generated_Source\PSoC6\pdl\cmsis/include/cmsis_gcc.h ****  * WARRANTIES OR CONDITIONS OF ANY KIND, either express or implied.
  21:Generated_Source\PSoC6\pdl\cmsis/include/cmsis_gcc.h ****  * See the License for the specific language governing permissions and
  22:Generated_Source\PSoC6\pdl\cmsis/include/cmsis_gcc.h ****  * limitations under the License.
  23:Generated_Source\PSoC6\pdl\cmsis/include/cmsis_gcc.h ****  */
  24:Generated_Source\PSoC6\pdl\cmsis/include/cmsis_gcc.h **** 
  25:Generated_Source\PSoC6\pdl\cmsis/include/cmsis_gcc.h **** #ifndef __CMSIS_GCC_H
  26:Generated_Source\PSoC6\pdl\cmsis/include/cmsis_gcc.h **** #define __CMSIS_GCC_H
  27:Generated_Source\PSoC6\pdl\cmsis/include/cmsis_gcc.h **** 
  28:Generated_Source\PSoC6\pdl\cmsis/include/cmsis_gcc.h **** /* ignore some GCC warnings */
  29:Generated_Source\PSoC6\pdl\cmsis/include/cmsis_gcc.h **** #pragma GCC diagnostic push
  30:Generated_Source\PSoC6\pdl\cmsis/include/cmsis_gcc.h **** #pragma GCC diagnostic ignored "-Wsign-conversion"
  31:Generated_Source\PSoC6\pdl\cmsis/include/cmsis_gcc.h **** #pragma GCC diagnostic ignored "-Wconversion"
  32:Generated_Source\PSoC6\pdl\cmsis/include/cmsis_gcc.h **** #pragma GCC diagnostic ignored "-Wunused-parameter"
  33:Generated_Source\PSoC6\pdl\cmsis/include/cmsis_gcc.h **** 
  34:Generated_Source\PSoC6\pdl\cmsis/include/cmsis_gcc.h **** /* CMSIS compiler specific defines */
  35:Generated_Source\PSoC6\pdl\cmsis/include/cmsis_gcc.h **** #ifndef   __ASM
  36:Generated_Source\PSoC6\pdl\cmsis/include/cmsis_gcc.h ****   #define __ASM                     __asm
  37:Generated_Source\PSoC6\pdl\cmsis/include/cmsis_gcc.h **** #endif
  38:Generated_Source\PSoC6\pdl\cmsis/include/cmsis_gcc.h **** #ifndef   __INLINE
  39:Generated_Source\PSoC6\pdl\cmsis/include/cmsis_gcc.h ****   #define __INLINE                  inline
  40:Generated_Source\PSoC6\pdl\cmsis/include/cmsis_gcc.h **** #endif
  41:Generated_Source\PSoC6\pdl\cmsis/include/cmsis_gcc.h **** #ifndef   __STATIC_INLINE
  42:Generated_Source\PSoC6\pdl\cmsis/include/cmsis_gcc.h ****   #define __STATIC_INLINE           static inline
  43:Generated_Source\PSoC6\pdl\cmsis/include/cmsis_gcc.h **** #endif
  44:Generated_Source\PSoC6\pdl\cmsis/include/cmsis_gcc.h **** #ifndef   __NO_RETURN
  45:Generated_Source\PSoC6\pdl\cmsis/include/cmsis_gcc.h ****   #define __NO_RETURN               __attribute__((noreturn))
  46:Generated_Source\PSoC6\pdl\cmsis/include/cmsis_gcc.h **** #endif
  47:Generated_Source\PSoC6\pdl\cmsis/include/cmsis_gcc.h **** #ifndef   __USED
  48:Generated_Source\PSoC6\pdl\cmsis/include/cmsis_gcc.h ****   #define __USED                    __attribute__((used))
  49:Generated_Source\PSoC6\pdl\cmsis/include/cmsis_gcc.h **** #endif
  50:Generated_Source\PSoC6\pdl\cmsis/include/cmsis_gcc.h **** #ifndef   __WEAK
  51:Generated_Source\PSoC6\pdl\cmsis/include/cmsis_gcc.h ****   #define __WEAK                    __attribute__((weak))
  52:Generated_Source\PSoC6\pdl\cmsis/include/cmsis_gcc.h **** #endif
  53:Generated_Source\PSoC6\pdl\cmsis/include/cmsis_gcc.h **** #ifndef   __UNALIGNED_UINT32
  54:Generated_Source\PSoC6\pdl\cmsis/include/cmsis_gcc.h **** #pragma GCC diagnostic push
  55:Generated_Source\PSoC6\pdl\cmsis/include/cmsis_gcc.h **** #pragma GCC diagnostic ignored "-Wpacked"
ARM GAS  C:\Users\bryan.lee\AppData\Local\Temp\ccLDOPET.s 			page 3


  56:Generated_Source\PSoC6\pdl\cmsis/include/cmsis_gcc.h **** #pragma GCC diagnostic ignored "-Wattributes"
  57:Generated_Source\PSoC6\pdl\cmsis/include/cmsis_gcc.h ****   struct __attribute__((packed)) T_UINT32 { uint32_t v; };
  58:Generated_Source\PSoC6\pdl\cmsis/include/cmsis_gcc.h **** #pragma GCC diagnostic pop
  59:Generated_Source\PSoC6\pdl\cmsis/include/cmsis_gcc.h ****   #define __UNALIGNED_UINT32(x)     (((struct T_UINT32 *)(x))->v)
  60:Generated_Source\PSoC6\pdl\cmsis/include/cmsis_gcc.h **** #endif
  61:Generated_Source\PSoC6\pdl\cmsis/include/cmsis_gcc.h **** #ifndef   __ALIGNED
  62:Generated_Source\PSoC6\pdl\cmsis/include/cmsis_gcc.h ****   #define __ALIGNED(x)              __attribute__((aligned(x)))
  63:Generated_Source\PSoC6\pdl\cmsis/include/cmsis_gcc.h **** #endif
  64:Generated_Source\PSoC6\pdl\cmsis/include/cmsis_gcc.h **** #ifndef   __PACKED
  65:Generated_Source\PSoC6\pdl\cmsis/include/cmsis_gcc.h ****   #define __PACKED                  __attribute__((packed, aligned(1)))
  66:Generated_Source\PSoC6\pdl\cmsis/include/cmsis_gcc.h **** #endif
  67:Generated_Source\PSoC6\pdl\cmsis/include/cmsis_gcc.h **** #ifndef   __PACKED_STRUCT
  68:Generated_Source\PSoC6\pdl\cmsis/include/cmsis_gcc.h ****   #define __PACKED_STRUCT           struct __attribute__((packed, aligned(1)))
  69:Generated_Source\PSoC6\pdl\cmsis/include/cmsis_gcc.h **** #endif
  70:Generated_Source\PSoC6\pdl\cmsis/include/cmsis_gcc.h **** 
  71:Generated_Source\PSoC6\pdl\cmsis/include/cmsis_gcc.h **** 
  72:Generated_Source\PSoC6\pdl\cmsis/include/cmsis_gcc.h **** /* ###########################  Core Function Access  ########################### */
  73:Generated_Source\PSoC6\pdl\cmsis/include/cmsis_gcc.h **** /** \ingroup  CMSIS_Core_FunctionInterface
  74:Generated_Source\PSoC6\pdl\cmsis/include/cmsis_gcc.h ****     \defgroup CMSIS_Core_RegAccFunctions CMSIS Core Register Access Functions
  75:Generated_Source\PSoC6\pdl\cmsis/include/cmsis_gcc.h ****   @{
  76:Generated_Source\PSoC6\pdl\cmsis/include/cmsis_gcc.h ****  */
  77:Generated_Source\PSoC6\pdl\cmsis/include/cmsis_gcc.h **** 
  78:Generated_Source\PSoC6\pdl\cmsis/include/cmsis_gcc.h **** /**
  79:Generated_Source\PSoC6\pdl\cmsis/include/cmsis_gcc.h ****   \brief   Enable IRQ Interrupts
  80:Generated_Source\PSoC6\pdl\cmsis/include/cmsis_gcc.h ****   \details Enables IRQ interrupts by clearing the I-bit in the CPSR.
  81:Generated_Source\PSoC6\pdl\cmsis/include/cmsis_gcc.h ****            Can only be executed in Privileged modes.
  82:Generated_Source\PSoC6\pdl\cmsis/include/cmsis_gcc.h ****  */
  83:Generated_Source\PSoC6\pdl\cmsis/include/cmsis_gcc.h **** __attribute__((always_inline)) __STATIC_INLINE void __enable_irq(void)
  84:Generated_Source\PSoC6\pdl\cmsis/include/cmsis_gcc.h **** {
  85:Generated_Source\PSoC6\pdl\cmsis/include/cmsis_gcc.h ****   __ASM volatile ("cpsie i" : : : "memory");
  42              		.loc 2 85 0
  43              		.syntax unified
  44              	@ 85 "Generated_Source\PSoC6\pdl\cmsis/include/cmsis_gcc.h" 1
  45 0004 62B6     		cpsie i
  46              	@ 0 "" 2
  47              		.thumb
  48              		.syntax unified
  49              	.LBE5:
  50              	.LBE4:
  19:main_cm4.c    ****     __enable_irq(); /* Enable global interrupts. */
  20:main_cm4.c    **** 
  21:main_cm4.c    ****     /* Place your initialization/startup code here (e.g. MyInst_Start()) */
  22:main_cm4.c    ****     xTaskCreate(uartTask, "UART Task", 400, 0, 2, 0);
  51              		.loc 1 22 0
  52 0006 0023     		movs	r3, #0
  53 0008 0193     		str	r3, [sp, #4]
  54 000a 0222     		movs	r2, #2
  55 000c 0092     		str	r2, [sp]
  56 000e 4FF4C872 		mov	r2, #400
  57 0012 0349     		ldr	r1, .L4
  58 0014 0348     		ldr	r0, .L4+4
  59 0016 FFF7FEFF 		bl	xTaskCreate
  60              	.LVL0:
  23:main_cm4.c    ****     vTaskStartScheduler();//This function never returns
  61              		.loc 1 23 0
  62 001a FFF7FEFF 		bl	vTaskStartScheduler
  63              	.LVL1:
ARM GAS  C:\Users\bryan.lee\AppData\Local\Temp\ccLDOPET.s 			page 4


  64              	.L2:
  65 001e FEE7     		b	.L2
  66              	.L5:
  67              		.align	2
  68              	.L4:
  69 0020 00000000 		.word	.LC0
  70 0024 00000000 		.word	uartTask
  71              		.cfi_endproc
  72              	.LFE471:
  73              		.size	main, .-main
  74              		.section	.rodata.str1.4,"aMS",%progbits,1
  75              		.align	2
  76              	.LC0:
  77 0000 55415254 		.ascii	"UART Task\000"
  77      20546173 
  77      6B00
  78              		.text
  79              	.Letext0:
  80              		.file 3 "c:\\program files (x86)\\cypress\\psoc creator\\4.2\\psoc creator\\import\\gnu\\arm\\5.4.
  81              		.file 4 "c:\\program files (x86)\\cypress\\psoc creator\\4.2\\psoc creator\\import\\gnu\\arm\\5.4.
  82              		.file 5 "Generated_Source\\PSoC6\\pdl\\drivers/peripheral/scb/cy_scb_uart.h"
  83              		.file 6 "Generated_Source\\PSoC6\\pdl\\cmsis/include/core_cm4.h"
  84              		.file 7 "Generated_Source\\PSoC6/UART.h"
  85              		.file 8 "Generated_Source\\PSoC6\\pdl\\rtos/FreeRTOS/10.0.1/Source/include/task.h"
  86              		.section	.debug_info,"",%progbits
  87              	.Ldebug_info0:
  88 0000 4F020000 		.4byte	0x24f
  89 0004 0400     		.2byte	0x4
  90 0006 00000000 		.4byte	.Ldebug_abbrev0
  91 000a 04       		.byte	0x4
  92 000b 01       		.uleb128 0x1
  93 000c B8010000 		.4byte	.LASF39
  94 0010 0C       		.byte	0xc
  95 0011 7B000000 		.4byte	.LASF40
  96 0015 CF000000 		.4byte	.LASF41
  97 0019 00000000 		.4byte	.Ldebug_ranges0+0
  98 001d 00000000 		.4byte	0
  99 0021 00000000 		.4byte	.Ldebug_line0
 100 0025 02       		.uleb128 0x2
 101 0026 02       		.byte	0x2
 102 0027 05       		.byte	0x5
 103 0028 B9020000 		.4byte	.LASF0
 104 002c 02       		.uleb128 0x2
 105 002d 01       		.byte	0x1
 106 002e 06       		.byte	0x6
 107 002f F2020000 		.4byte	.LASF1
 108 0033 02       		.uleb128 0x2
 109 0034 01       		.byte	0x1
 110 0035 08       		.byte	0x8
 111 0036 C1000000 		.4byte	.LASF2
 112 003a 02       		.uleb128 0x2
 113 003b 02       		.byte	0x2
 114 003c 07       		.byte	0x7
 115 003d 34010000 		.4byte	.LASF3
 116 0041 03       		.uleb128 0x3
 117 0042 46000000 		.4byte	.LASF5
 118 0046 03       		.byte	0x3
ARM GAS  C:\Users\bryan.lee\AppData\Local\Temp\ccLDOPET.s 			page 5


 119 0047 3F       		.byte	0x3f
 120 0048 4C000000 		.4byte	0x4c
 121 004c 02       		.uleb128 0x2
 122 004d 04       		.byte	0x4
 123 004e 05       		.byte	0x5
 124 004f DD020000 		.4byte	.LASF4
 125 0053 03       		.uleb128 0x3
 126 0054 47010000 		.4byte	.LASF6
 127 0058 03       		.byte	0x3
 128 0059 41       		.byte	0x41
 129 005a 5E000000 		.4byte	0x5e
 130 005e 02       		.uleb128 0x2
 131 005f 04       		.byte	0x4
 132 0060 07       		.byte	0x7
 133 0061 22010000 		.4byte	.LASF7
 134 0065 02       		.uleb128 0x2
 135 0066 08       		.byte	0x8
 136 0067 05       		.byte	0x5
 137 0068 93020000 		.4byte	.LASF8
 138 006c 02       		.uleb128 0x2
 139 006d 08       		.byte	0x8
 140 006e 07       		.byte	0x7
 141 006f A1010000 		.4byte	.LASF9
 142 0073 04       		.uleb128 0x4
 143 0074 04       		.byte	0x4
 144 0075 05       		.byte	0x5
 145 0076 696E7400 		.ascii	"int\000"
 146 007a 02       		.uleb128 0x2
 147 007b 04       		.byte	0x4
 148 007c 07       		.byte	0x7
 149 007d 94010000 		.4byte	.LASF10
 150 0081 03       		.uleb128 0x3
 151 0082 94000000 		.4byte	.LASF11
 152 0086 04       		.byte	0x4
 153 0087 2C       		.byte	0x2c
 154 0088 41000000 		.4byte	0x41
 155 008c 03       		.uleb128 0x3
 156 008d D4020000 		.4byte	.LASF12
 157 0091 04       		.byte	0x4
 158 0092 30       		.byte	0x30
 159 0093 53000000 		.4byte	0x53
 160 0097 02       		.uleb128 0x2
 161 0098 04       		.byte	0x4
 162 0099 07       		.byte	0x7
 163 009a 81020000 		.4byte	.LASF13
 164 009e 05       		.uleb128 0x5
 165 009f 8C000000 		.4byte	0x8c
 166 00a3 02       		.uleb128 0x2
 167 00a4 08       		.byte	0x8
 168 00a5 04       		.byte	0x4
 169 00a6 E6020000 		.4byte	.LASF14
 170 00aa 02       		.uleb128 0x2
 171 00ab 01       		.byte	0x1
 172 00ac 08       		.byte	0x8
 173 00ad A1020000 		.4byte	.LASF15
 174 00b1 02       		.uleb128 0x2
 175 00b2 04       		.byte	0x4
ARM GAS  C:\Users\bryan.lee\AppData\Local\Temp\ccLDOPET.s 			page 6


 176 00b3 04       		.byte	0x4
 177 00b4 BB000000 		.4byte	.LASF16
 178 00b8 02       		.uleb128 0x2
 179 00b9 08       		.byte	0x8
 180 00ba 04       		.byte	0x4
 181 00bb 5B010000 		.4byte	.LASF17
 182 00bf 06       		.uleb128 0x6
 183 00c0 04       		.byte	0x4
 184 00c1 02       		.uleb128 0x2
 185 00c2 01       		.byte	0x1
 186 00c3 02       		.byte	0x2
 187 00c4 FE020000 		.4byte	.LASF18
 188 00c8 07       		.uleb128 0x7
 189 00c9 04       		.byte	0x4
 190 00ca CE000000 		.4byte	0xce
 191 00ce 08       		.uleb128 0x8
 192 00cf D9000000 		.4byte	0xd9
 193 00d3 09       		.uleb128 0x9
 194 00d4 8C000000 		.4byte	0x8c
 195 00d8 00       		.byte	0
 196 00d9 0A       		.uleb128 0xa
 197 00da 9C000000 		.4byte	.LASF19
 198 00de 05       		.byte	0x5
 199 00df AB01     		.2byte	0x1ab
 200 00e1 C8000000 		.4byte	0xc8
 201 00e5 0B       		.uleb128 0xb
 202 00e6 2E000000 		.4byte	.LASF42
 203 00ea 38       		.byte	0x38
 204 00eb 05       		.byte	0x5
 205 00ec 4702     		.2byte	0x247
 206 00ee A9010000 		.4byte	0x1a9
 207 00f2 0C       		.uleb128 0xc
 208 00f3 50000000 		.4byte	.LASF20
 209 00f7 05       		.byte	0x5
 210 00f8 4A02     		.2byte	0x24a
 211 00fa 9E000000 		.4byte	0x9e
 212 00fe 00       		.byte	0
 213 00ff 0C       		.uleb128 0xc
 214 0100 52010000 		.4byte	.LASF21
 215 0104 05       		.byte	0x5
 216 0105 4B02     		.2byte	0x24b
 217 0107 9E000000 		.4byte	0x9e
 218 010b 04       		.byte	0x4
 219 010c 0C       		.uleb128 0xc
 220 010d AF020000 		.4byte	.LASF22
 221 0111 05       		.byte	0x5
 222 0112 4D02     		.2byte	0x24d
 223 0114 BF000000 		.4byte	0xbf
 224 0118 08       		.byte	0x8
 225 0119 0C       		.uleb128 0xc
 226 011a 59000000 		.4byte	.LASF23
 227 011e 05       		.byte	0x5
 228 011f 4E02     		.2byte	0x24e
 229 0121 8C000000 		.4byte	0x8c
 230 0125 0C       		.byte	0xc
 231 0126 0C       		.uleb128 0xc
 232 0127 86000000 		.4byte	.LASF24
ARM GAS  C:\Users\bryan.lee\AppData\Local\Temp\ccLDOPET.s 			page 7


 233 012b 05       		.byte	0x5
 234 012c 4F02     		.2byte	0x24f
 235 012e 9E000000 		.4byte	0x9e
 236 0132 10       		.byte	0x10
 237 0133 0C       		.uleb128 0xc
 238 0134 6B020000 		.4byte	.LASF25
 239 0138 05       		.byte	0x5
 240 0139 5002     		.2byte	0x250
 241 013b 9E000000 		.4byte	0x9e
 242 013f 14       		.byte	0x14
 243 0140 0C       		.uleb128 0xc
 244 0141 62010000 		.4byte	.LASF26
 245 0145 05       		.byte	0x5
 246 0146 5202     		.2byte	0x252
 247 0148 BF000000 		.4byte	0xbf
 248 014c 18       		.byte	0x18
 249 014d 0C       		.uleb128 0xc
 250 014e 24000000 		.4byte	.LASF27
 251 0152 05       		.byte	0x5
 252 0153 5302     		.2byte	0x253
 253 0155 8C000000 		.4byte	0x8c
 254 0159 1C       		.byte	0x1c
 255 015a 0C       		.uleb128 0xc
 256 015b 8A020000 		.4byte	.LASF28
 257 015f 05       		.byte	0x5
 258 0160 5402     		.2byte	0x254
 259 0162 9E000000 		.4byte	0x9e
 260 0166 20       		.byte	0x20
 261 0167 0C       		.uleb128 0xc
 262 0168 04030000 		.4byte	.LASF29
 263 016c 05       		.byte	0x5
 264 016d 5602     		.2byte	0x256
 265 016f BF000000 		.4byte	0xbf
 266 0173 24       		.byte	0x24
 267 0174 0C       		.uleb128 0xc
 268 0175 1A000000 		.4byte	.LASF30
 269 0179 05       		.byte	0x5
 270 017a 5702     		.2byte	0x257
 271 017c 8C000000 		.4byte	0x8c
 272 0180 28       		.byte	0x28
 273 0181 0C       		.uleb128 0xc
 274 0182 C3020000 		.4byte	.LASF31
 275 0186 05       		.byte	0x5
 276 0187 5802     		.2byte	0x258
 277 0189 9E000000 		.4byte	0x9e
 278 018d 2C       		.byte	0x2c
 279 018e 0C       		.uleb128 0xc
 280 018f A6020000 		.4byte	.LASF32
 281 0193 05       		.byte	0x5
 282 0194 5D02     		.2byte	0x25d
 283 0196 D9000000 		.4byte	0xd9
 284 019a 30       		.byte	0x30
 285 019b 0C       		.uleb128 0xc
 286 019c 79020000 		.4byte	.LASF33
 287 01a0 05       		.byte	0x5
 288 01a1 6002     		.2byte	0x260
 289 01a3 8C000000 		.4byte	0x8c
ARM GAS  C:\Users\bryan.lee\AppData\Local\Temp\ccLDOPET.s 			page 8


 290 01a7 34       		.byte	0x34
 291 01a8 00       		.byte	0
 292 01a9 0A       		.uleb128 0xa
 293 01aa 00000000 		.4byte	.LASF34
 294 01ae 05       		.byte	0x5
 295 01af 6302     		.2byte	0x263
 296 01b1 E5000000 		.4byte	0xe5
 297 01b5 0D       		.uleb128 0xd
 298 01b6 7A010000 		.4byte	.LASF43
 299 01ba 02       		.byte	0x2
 300 01bb 53       		.byte	0x53
 301 01bc 03       		.byte	0x3
 302 01bd 0E       		.uleb128 0xe
 303 01be 68010000 		.4byte	.LASF44
 304 01c2 01       		.byte	0x1
 305 01c3 11       		.byte	0x11
 306 01c4 73000000 		.4byte	0x73
 307 01c8 00000000 		.4byte	.LFB471
 308 01cc 28000000 		.4byte	.LFE471-.LFB471
 309 01d0 01       		.uleb128 0x1
 310 01d1 9C       		.byte	0x9c
 311 01d2 1E020000 		.4byte	0x21e
 312 01d6 0F       		.uleb128 0xf
 313 01d7 B5010000 		.4byte	0x1b5
 314 01db 04000000 		.4byte	.LBB4
 315 01df 02000000 		.4byte	.LBE4-.LBB4
 316 01e3 01       		.byte	0x1
 317 01e4 13       		.byte	0x13
 318 01e5 10       		.uleb128 0x10
 319 01e6 1A000000 		.4byte	.LVL0
 320 01ea 3A020000 		.4byte	0x23a
 321 01ee 14020000 		.4byte	0x214
 322 01f2 11       		.uleb128 0x11
 323 01f3 01       		.uleb128 0x1
 324 01f4 51       		.byte	0x51
 325 01f5 05       		.uleb128 0x5
 326 01f6 03       		.byte	0x3
 327 01f7 00000000 		.4byte	.LC0
 328 01fb 11       		.uleb128 0x11
 329 01fc 01       		.uleb128 0x1
 330 01fd 52       		.byte	0x52
 331 01fe 03       		.uleb128 0x3
 332 01ff 0A       		.byte	0xa
 333 0200 9001     		.2byte	0x190
 334 0202 11       		.uleb128 0x11
 335 0203 01       		.uleb128 0x1
 336 0204 53       		.byte	0x53
 337 0205 01       		.uleb128 0x1
 338 0206 30       		.byte	0x30
 339 0207 11       		.uleb128 0x11
 340 0208 02       		.uleb128 0x2
 341 0209 7D       		.byte	0x7d
 342 020a 00       		.sleb128 0
 343 020b 01       		.uleb128 0x1
 344 020c 32       		.byte	0x32
 345 020d 11       		.uleb128 0x11
 346 020e 02       		.uleb128 0x2
ARM GAS  C:\Users\bryan.lee\AppData\Local\Temp\ccLDOPET.s 			page 9


 347 020f 7D       		.byte	0x7d
 348 0210 04       		.sleb128 4
 349 0211 01       		.uleb128 0x1
 350 0212 30       		.byte	0x30
 351 0213 00       		.byte	0
 352 0214 12       		.uleb128 0x12
 353 0215 1E000000 		.4byte	.LVL1
 354 0219 46020000 		.4byte	0x246
 355 021d 00       		.byte	0
 356 021e 13       		.uleb128 0x13
 357 021f 6D010000 		.4byte	.LASF35
 358 0223 06       		.byte	0x6
 359 0224 EA07     		.2byte	0x7ea
 360 0226 2A020000 		.4byte	0x22a
 361 022a 05       		.uleb128 0x5
 362 022b 81000000 		.4byte	0x81
 363 022f 14       		.uleb128 0x14
 364 0230 87010000 		.4byte	.LASF36
 365 0234 07       		.byte	0x7
 366 0235 87       		.byte	0x87
 367 0236 A9010000 		.4byte	0x1a9
 368 023a 15       		.uleb128 0x15
 369 023b 0A030000 		.4byte	.LASF37
 370 023f 0A030000 		.4byte	.LASF37
 371 0243 08       		.byte	0x8
 372 0244 4101     		.2byte	0x141
 373 0246 15       		.uleb128 0x15
 374 0247 67000000 		.4byte	.LASF38
 375 024b 67000000 		.4byte	.LASF38
 376 024f 08       		.byte	0x8
 377 0250 8E04     		.2byte	0x48e
 378 0252 00       		.byte	0
 379              		.section	.debug_abbrev,"",%progbits
 380              	.Ldebug_abbrev0:
 381 0000 01       		.uleb128 0x1
 382 0001 11       		.uleb128 0x11
 383 0002 01       		.byte	0x1
 384 0003 25       		.uleb128 0x25
 385 0004 0E       		.uleb128 0xe
 386 0005 13       		.uleb128 0x13
 387 0006 0B       		.uleb128 0xb
 388 0007 03       		.uleb128 0x3
 389 0008 0E       		.uleb128 0xe
 390 0009 1B       		.uleb128 0x1b
 391 000a 0E       		.uleb128 0xe
 392 000b 55       		.uleb128 0x55
 393 000c 17       		.uleb128 0x17
 394 000d 11       		.uleb128 0x11
 395 000e 01       		.uleb128 0x1
 396 000f 10       		.uleb128 0x10
 397 0010 17       		.uleb128 0x17
 398 0011 00       		.byte	0
 399 0012 00       		.byte	0
 400 0013 02       		.uleb128 0x2
 401 0014 24       		.uleb128 0x24
 402 0015 00       		.byte	0
 403 0016 0B       		.uleb128 0xb
ARM GAS  C:\Users\bryan.lee\AppData\Local\Temp\ccLDOPET.s 			page 10


 404 0017 0B       		.uleb128 0xb
 405 0018 3E       		.uleb128 0x3e
 406 0019 0B       		.uleb128 0xb
 407 001a 03       		.uleb128 0x3
 408 001b 0E       		.uleb128 0xe
 409 001c 00       		.byte	0
 410 001d 00       		.byte	0
 411 001e 03       		.uleb128 0x3
 412 001f 16       		.uleb128 0x16
 413 0020 00       		.byte	0
 414 0021 03       		.uleb128 0x3
 415 0022 0E       		.uleb128 0xe
 416 0023 3A       		.uleb128 0x3a
 417 0024 0B       		.uleb128 0xb
 418 0025 3B       		.uleb128 0x3b
 419 0026 0B       		.uleb128 0xb
 420 0027 49       		.uleb128 0x49
 421 0028 13       		.uleb128 0x13
 422 0029 00       		.byte	0
 423 002a 00       		.byte	0
 424 002b 04       		.uleb128 0x4
 425 002c 24       		.uleb128 0x24
 426 002d 00       		.byte	0
 427 002e 0B       		.uleb128 0xb
 428 002f 0B       		.uleb128 0xb
 429 0030 3E       		.uleb128 0x3e
 430 0031 0B       		.uleb128 0xb
 431 0032 03       		.uleb128 0x3
 432 0033 08       		.uleb128 0x8
 433 0034 00       		.byte	0
 434 0035 00       		.byte	0
 435 0036 05       		.uleb128 0x5
 436 0037 35       		.uleb128 0x35
 437 0038 00       		.byte	0
 438 0039 49       		.uleb128 0x49
 439 003a 13       		.uleb128 0x13
 440 003b 00       		.byte	0
 441 003c 00       		.byte	0
 442 003d 06       		.uleb128 0x6
 443 003e 0F       		.uleb128 0xf
 444 003f 00       		.byte	0
 445 0040 0B       		.uleb128 0xb
 446 0041 0B       		.uleb128 0xb
 447 0042 00       		.byte	0
 448 0043 00       		.byte	0
 449 0044 07       		.uleb128 0x7
 450 0045 0F       		.uleb128 0xf
 451 0046 00       		.byte	0
 452 0047 0B       		.uleb128 0xb
 453 0048 0B       		.uleb128 0xb
 454 0049 49       		.uleb128 0x49
 455 004a 13       		.uleb128 0x13
 456 004b 00       		.byte	0
 457 004c 00       		.byte	0
 458 004d 08       		.uleb128 0x8
 459 004e 15       		.uleb128 0x15
 460 004f 01       		.byte	0x1
ARM GAS  C:\Users\bryan.lee\AppData\Local\Temp\ccLDOPET.s 			page 11


 461 0050 27       		.uleb128 0x27
 462 0051 19       		.uleb128 0x19
 463 0052 01       		.uleb128 0x1
 464 0053 13       		.uleb128 0x13
 465 0054 00       		.byte	0
 466 0055 00       		.byte	0
 467 0056 09       		.uleb128 0x9
 468 0057 05       		.uleb128 0x5
 469 0058 00       		.byte	0
 470 0059 49       		.uleb128 0x49
 471 005a 13       		.uleb128 0x13
 472 005b 00       		.byte	0
 473 005c 00       		.byte	0
 474 005d 0A       		.uleb128 0xa
 475 005e 16       		.uleb128 0x16
 476 005f 00       		.byte	0
 477 0060 03       		.uleb128 0x3
 478 0061 0E       		.uleb128 0xe
 479 0062 3A       		.uleb128 0x3a
 480 0063 0B       		.uleb128 0xb
 481 0064 3B       		.uleb128 0x3b
 482 0065 05       		.uleb128 0x5
 483 0066 49       		.uleb128 0x49
 484 0067 13       		.uleb128 0x13
 485 0068 00       		.byte	0
 486 0069 00       		.byte	0
 487 006a 0B       		.uleb128 0xb
 488 006b 13       		.uleb128 0x13
 489 006c 01       		.byte	0x1
 490 006d 03       		.uleb128 0x3
 491 006e 0E       		.uleb128 0xe
 492 006f 0B       		.uleb128 0xb
 493 0070 0B       		.uleb128 0xb
 494 0071 3A       		.uleb128 0x3a
 495 0072 0B       		.uleb128 0xb
 496 0073 3B       		.uleb128 0x3b
 497 0074 05       		.uleb128 0x5
 498 0075 01       		.uleb128 0x1
 499 0076 13       		.uleb128 0x13
 500 0077 00       		.byte	0
 501 0078 00       		.byte	0
 502 0079 0C       		.uleb128 0xc
 503 007a 0D       		.uleb128 0xd
 504 007b 00       		.byte	0
 505 007c 03       		.uleb128 0x3
 506 007d 0E       		.uleb128 0xe
 507 007e 3A       		.uleb128 0x3a
 508 007f 0B       		.uleb128 0xb
 509 0080 3B       		.uleb128 0x3b
 510 0081 05       		.uleb128 0x5
 511 0082 49       		.uleb128 0x49
 512 0083 13       		.uleb128 0x13
 513 0084 38       		.uleb128 0x38
 514 0085 0B       		.uleb128 0xb
 515 0086 00       		.byte	0
 516 0087 00       		.byte	0
 517 0088 0D       		.uleb128 0xd
ARM GAS  C:\Users\bryan.lee\AppData\Local\Temp\ccLDOPET.s 			page 12


 518 0089 2E       		.uleb128 0x2e
 519 008a 00       		.byte	0
 520 008b 03       		.uleb128 0x3
 521 008c 0E       		.uleb128 0xe
 522 008d 3A       		.uleb128 0x3a
 523 008e 0B       		.uleb128 0xb
 524 008f 3B       		.uleb128 0x3b
 525 0090 0B       		.uleb128 0xb
 526 0091 27       		.uleb128 0x27
 527 0092 19       		.uleb128 0x19
 528 0093 20       		.uleb128 0x20
 529 0094 0B       		.uleb128 0xb
 530 0095 00       		.byte	0
 531 0096 00       		.byte	0
 532 0097 0E       		.uleb128 0xe
 533 0098 2E       		.uleb128 0x2e
 534 0099 01       		.byte	0x1
 535 009a 3F       		.uleb128 0x3f
 536 009b 19       		.uleb128 0x19
 537 009c 03       		.uleb128 0x3
 538 009d 0E       		.uleb128 0xe
 539 009e 3A       		.uleb128 0x3a
 540 009f 0B       		.uleb128 0xb
 541 00a0 3B       		.uleb128 0x3b
 542 00a1 0B       		.uleb128 0xb
 543 00a2 27       		.uleb128 0x27
 544 00a3 19       		.uleb128 0x19
 545 00a4 49       		.uleb128 0x49
 546 00a5 13       		.uleb128 0x13
 547 00a6 8701     		.uleb128 0x87
 548 00a8 19       		.uleb128 0x19
 549 00a9 11       		.uleb128 0x11
 550 00aa 01       		.uleb128 0x1
 551 00ab 12       		.uleb128 0x12
 552 00ac 06       		.uleb128 0x6
 553 00ad 40       		.uleb128 0x40
 554 00ae 18       		.uleb128 0x18
 555 00af 9742     		.uleb128 0x2117
 556 00b1 19       		.uleb128 0x19
 557 00b2 01       		.uleb128 0x1
 558 00b3 13       		.uleb128 0x13
 559 00b4 00       		.byte	0
 560 00b5 00       		.byte	0
 561 00b6 0F       		.uleb128 0xf
 562 00b7 1D       		.uleb128 0x1d
 563 00b8 00       		.byte	0
 564 00b9 31       		.uleb128 0x31
 565 00ba 13       		.uleb128 0x13
 566 00bb 11       		.uleb128 0x11
 567 00bc 01       		.uleb128 0x1
 568 00bd 12       		.uleb128 0x12
 569 00be 06       		.uleb128 0x6
 570 00bf 58       		.uleb128 0x58
 571 00c0 0B       		.uleb128 0xb
 572 00c1 59       		.uleb128 0x59
 573 00c2 0B       		.uleb128 0xb
 574 00c3 00       		.byte	0
ARM GAS  C:\Users\bryan.lee\AppData\Local\Temp\ccLDOPET.s 			page 13


 575 00c4 00       		.byte	0
 576 00c5 10       		.uleb128 0x10
 577 00c6 898201   		.uleb128 0x4109
 578 00c9 01       		.byte	0x1
 579 00ca 11       		.uleb128 0x11
 580 00cb 01       		.uleb128 0x1
 581 00cc 31       		.uleb128 0x31
 582 00cd 13       		.uleb128 0x13
 583 00ce 01       		.uleb128 0x1
 584 00cf 13       		.uleb128 0x13
 585 00d0 00       		.byte	0
 586 00d1 00       		.byte	0
 587 00d2 11       		.uleb128 0x11
 588 00d3 8A8201   		.uleb128 0x410a
 589 00d6 00       		.byte	0
 590 00d7 02       		.uleb128 0x2
 591 00d8 18       		.uleb128 0x18
 592 00d9 9142     		.uleb128 0x2111
 593 00db 18       		.uleb128 0x18
 594 00dc 00       		.byte	0
 595 00dd 00       		.byte	0
 596 00de 12       		.uleb128 0x12
 597 00df 898201   		.uleb128 0x4109
 598 00e2 00       		.byte	0
 599 00e3 11       		.uleb128 0x11
 600 00e4 01       		.uleb128 0x1
 601 00e5 31       		.uleb128 0x31
 602 00e6 13       		.uleb128 0x13
 603 00e7 00       		.byte	0
 604 00e8 00       		.byte	0
 605 00e9 13       		.uleb128 0x13
 606 00ea 34       		.uleb128 0x34
 607 00eb 00       		.byte	0
 608 00ec 03       		.uleb128 0x3
 609 00ed 0E       		.uleb128 0xe
 610 00ee 3A       		.uleb128 0x3a
 611 00ef 0B       		.uleb128 0xb
 612 00f0 3B       		.uleb128 0x3b
 613 00f1 05       		.uleb128 0x5
 614 00f2 49       		.uleb128 0x49
 615 00f3 13       		.uleb128 0x13
 616 00f4 3F       		.uleb128 0x3f
 617 00f5 19       		.uleb128 0x19
 618 00f6 3C       		.uleb128 0x3c
 619 00f7 19       		.uleb128 0x19
 620 00f8 00       		.byte	0
 621 00f9 00       		.byte	0
 622 00fa 14       		.uleb128 0x14
 623 00fb 34       		.uleb128 0x34
 624 00fc 00       		.byte	0
 625 00fd 03       		.uleb128 0x3
 626 00fe 0E       		.uleb128 0xe
 627 00ff 3A       		.uleb128 0x3a
 628 0100 0B       		.uleb128 0xb
 629 0101 3B       		.uleb128 0x3b
 630 0102 0B       		.uleb128 0xb
 631 0103 49       		.uleb128 0x49
ARM GAS  C:\Users\bryan.lee\AppData\Local\Temp\ccLDOPET.s 			page 14


 632 0104 13       		.uleb128 0x13
 633 0105 3F       		.uleb128 0x3f
 634 0106 19       		.uleb128 0x19
 635 0107 3C       		.uleb128 0x3c
 636 0108 19       		.uleb128 0x19
 637 0109 00       		.byte	0
 638 010a 00       		.byte	0
 639 010b 15       		.uleb128 0x15
 640 010c 2E       		.uleb128 0x2e
 641 010d 00       		.byte	0
 642 010e 3F       		.uleb128 0x3f
 643 010f 19       		.uleb128 0x19
 644 0110 3C       		.uleb128 0x3c
 645 0111 19       		.uleb128 0x19
 646 0112 6E       		.uleb128 0x6e
 647 0113 0E       		.uleb128 0xe
 648 0114 03       		.uleb128 0x3
 649 0115 0E       		.uleb128 0xe
 650 0116 3A       		.uleb128 0x3a
 651 0117 0B       		.uleb128 0xb
 652 0118 3B       		.uleb128 0x3b
 653 0119 05       		.uleb128 0x5
 654 011a 00       		.byte	0
 655 011b 00       		.byte	0
 656 011c 00       		.byte	0
 657              		.section	.debug_aranges,"",%progbits
 658 0000 1C000000 		.4byte	0x1c
 659 0004 0200     		.2byte	0x2
 660 0006 00000000 		.4byte	.Ldebug_info0
 661 000a 04       		.byte	0x4
 662 000b 00       		.byte	0
 663 000c 0000     		.2byte	0
 664 000e 0000     		.2byte	0
 665 0010 00000000 		.4byte	.LFB471
 666 0014 28000000 		.4byte	.LFE471-.LFB471
 667 0018 00000000 		.4byte	0
 668 001c 00000000 		.4byte	0
 669              		.section	.debug_ranges,"",%progbits
 670              	.Ldebug_ranges0:
 671 0000 00000000 		.4byte	.LFB471
 672 0004 28000000 		.4byte	.LFE471
 673 0008 00000000 		.4byte	0
 674 000c 00000000 		.4byte	0
 675              		.section	.debug_line,"",%progbits
 676              	.Ldebug_line0:
 677 0000 32020000 		.section	.debug_str,"MS",%progbits,1
 677      02001102 
 677      00000201 
 677      FB0E0D00 
 677      01010101 
 678              	.LASF34:
 679 0000 63795F73 		.ascii	"cy_stc_scb_uart_context_t\000"
 679      74635F73 
 679      63625F75 
 679      6172745F 
 679      636F6E74 
 680              	.LASF30:
ARM GAS  C:\Users\bryan.lee\AppData\Local\Temp\ccLDOPET.s 			page 15


 681 001a 74784275 		.ascii	"txBufSize\000"
 681      6653697A 
 681      6500
 682              	.LASF27:
 683 0024 72784275 		.ascii	"rxBufSize\000"
 683      6653697A 
 683      6500
 684              	.LASF42:
 685 002e 63795F73 		.ascii	"cy_stc_scb_uart_context\000"
 685      74635F73 
 685      63625F75 
 685      6172745F 
 685      636F6E74 
 686              	.LASF5:
 687 0046 5F5F696E 		.ascii	"__int32_t\000"
 687      7433325F 
 687      7400
 688              	.LASF20:
 689 0050 74785374 		.ascii	"txStatus\000"
 689      61747573 
 689      00
 690              	.LASF23:
 691 0059 72785269 		.ascii	"rxRingBufSize\000"
 691      6E674275 
 691      6653697A 
 691      6500
 692              	.LASF38:
 693 0067 76546173 		.ascii	"vTaskStartScheduler\000"
 693      6B537461 
 693      72745363 
 693      68656475 
 693      6C657200 
 694              	.LASF40:
 695 007b 6D61696E 		.ascii	"main_cm4.c\000"
 695      5F636D34 
 695      2E6300
 696              	.LASF24:
 697 0086 72785269 		.ascii	"rxRingBufHead\000"
 697      6E674275 
 697      66486561 
 697      6400
 698              	.LASF11:
 699 0094 696E7433 		.ascii	"int32_t\000"
 699      325F7400 
 700              	.LASF19:
 701 009c 63795F63 		.ascii	"cy_cb_scb_uart_handle_events_t\000"
 701      625F7363 
 701      625F7561 
 701      72745F68 
 701      616E646C 
 702              	.LASF16:
 703 00bb 666C6F61 		.ascii	"float\000"
 703      7400
 704              	.LASF2:
 705 00c1 756E7369 		.ascii	"unsigned char\000"
 705      676E6564 
 705      20636861 
ARM GAS  C:\Users\bryan.lee\AppData\Local\Temp\ccLDOPET.s 			page 16


 705      7200
 706              	.LASF41:
 707 00cf 433A5C55 		.ascii	"C:\\Users\\bryan.lee\\Documents\\GitHub\\hello-worl"
 707      73657273 
 707      5C627279 
 707      616E2E6C 
 707      65655C44 
 708 00fd 645C5073 		.ascii	"d\\Psoc_101_6BLE\\MainController.cydsn\000"
 708      6F635F31 
 708      30315F36 
 708      424C455C 
 708      4D61696E 
 709              	.LASF7:
 710 0122 6C6F6E67 		.ascii	"long unsigned int\000"
 710      20756E73 
 710      69676E65 
 710      6420696E 
 710      7400
 711              	.LASF3:
 712 0134 73686F72 		.ascii	"short unsigned int\000"
 712      7420756E 
 712      7369676E 
 712      65642069 
 712      6E7400
 713              	.LASF6:
 714 0147 5F5F7569 		.ascii	"__uint32_t\000"
 714      6E743332 
 714      5F7400
 715              	.LASF21:
 716 0152 72785374 		.ascii	"rxStatus\000"
 716      61747573 
 716      00
 717              	.LASF17:
 718 015b 646F7562 		.ascii	"double\000"
 718      6C6500
 719              	.LASF26:
 720 0162 72784275 		.ascii	"rxBuf\000"
 720      6600
 721              	.LASF44:
 722 0168 6D61696E 		.ascii	"main\000"
 722      00
 723              	.LASF35:
 724 016d 49544D5F 		.ascii	"ITM_RxBuffer\000"
 724      52784275 
 724      66666572 
 724      00
 725              	.LASF43:
 726 017a 5F5F656E 		.ascii	"__enable_irq\000"
 726      61626C65 
 726      5F697271 
 726      00
 727              	.LASF36:
 728 0187 55415254 		.ascii	"UART_context\000"
 728      5F636F6E 
 728      74657874 
 728      00
 729              	.LASF10:
ARM GAS  C:\Users\bryan.lee\AppData\Local\Temp\ccLDOPET.s 			page 17


 730 0194 756E7369 		.ascii	"unsigned int\000"
 730      676E6564 
 730      20696E74 
 730      00
 731              	.LASF9:
 732 01a1 6C6F6E67 		.ascii	"long long unsigned int\000"
 732      206C6F6E 
 732      6720756E 
 732      7369676E 
 732      65642069 
 733              	.LASF39:
 734 01b8 474E5520 		.ascii	"GNU C11 5.4.1 20160609 (release) [ARM/embedded-5-br"
 734      43313120 
 734      352E342E 
 734      31203230 
 734      31363036 
 735 01eb 616E6368 		.ascii	"anch revision 237715] -mcpu=cortex-m4 -mfloat-abi=s"
 735      20726576 
 735      6973696F 
 735      6E203233 
 735      37373135 
 736 021e 6F667466 		.ascii	"oftfp -mfpu=fpv4-sp-d16 -mthumb -g -Og -ffunction-s"
 736      70202D6D 
 736      6670753D 
 736      66707634 
 736      2D73702D 
 737 0251 65637469 		.ascii	"ections -ffat-lto-objects\000"
 737      6F6E7320 
 737      2D666661 
 737      742D6C74 
 737      6F2D6F62 
 738              	.LASF25:
 739 026b 72785269 		.ascii	"rxRingBufTail\000"
 739      6E674275 
 739      66546169 
 739      6C00
 740              	.LASF33:
 741 0279 696E6974 		.ascii	"initKey\000"
 741      4B657900 
 742              	.LASF13:
 743 0281 73697A65 		.ascii	"sizetype\000"
 743      74797065 
 743      00
 744              	.LASF28:
 745 028a 72784275 		.ascii	"rxBufIdx\000"
 745      66496478 
 745      00
 746              	.LASF8:
 747 0293 6C6F6E67 		.ascii	"long long int\000"
 747      206C6F6E 
 747      6720696E 
 747      7400
 748              	.LASF15:
 749 02a1 63686172 		.ascii	"char\000"
 749      00
 750              	.LASF32:
 751 02a6 63624576 		.ascii	"cbEvents\000"
ARM GAS  C:\Users\bryan.lee\AppData\Local\Temp\ccLDOPET.s 			page 18


 751      656E7473 
 751      00
 752              	.LASF22:
 753 02af 72785269 		.ascii	"rxRingBuf\000"
 753      6E674275 
 753      6600
 754              	.LASF0:
 755 02b9 73686F72 		.ascii	"short int\000"
 755      7420696E 
 755      7400
 756              	.LASF31:
 757 02c3 74784C65 		.ascii	"txLeftToTransmit\000"
 757      6674546F 
 757      5472616E 
 757      736D6974 
 757      00
 758              	.LASF12:
 759 02d4 75696E74 		.ascii	"uint32_t\000"
 759      33325F74 
 759      00
 760              	.LASF4:
 761 02dd 6C6F6E67 		.ascii	"long int\000"
 761      20696E74 
 761      00
 762              	.LASF14:
 763 02e6 6C6F6E67 		.ascii	"long double\000"
 763      20646F75 
 763      626C6500 
 764              	.LASF1:
 765 02f2 7369676E 		.ascii	"signed char\000"
 765      65642063 
 765      68617200 
 766              	.LASF18:
 767 02fe 5F426F6F 		.ascii	"_Bool\000"
 767      6C00
 768              	.LASF29:
 769 0304 74784275 		.ascii	"txBuf\000"
 769      6600
 770              	.LASF37:
 771 030a 78546173 		.ascii	"xTaskCreate\000"
 771      6B437265 
 771      61746500 
 772              		.ident	"GCC: (GNU Tools for ARM Embedded Processors) 5.4.1 20160609 (release) [ARM/embedded-5-bran
