ARM GAS  C:\Users\bryan.lee\AppData\Local\Temp\cczCbOnu.s 			page 1


   1              		.syntax unified
   2              		.cpu cortex-m0
   3              		.fpu softvfp
   4              		.eabi_attribute 20, 1
   5              		.eabi_attribute 21, 1
   6              		.eabi_attribute 23, 3
   7              		.eabi_attribute 24, 1
   8              		.eabi_attribute 25, 1
   9              		.eabi_attribute 26, 1
  10              		.eabi_attribute 30, 1
  11              		.eabi_attribute 34, 0
  12              		.eabi_attribute 18, 4
  13              		.thumb
  14              		.syntax unified
  15              		.file	"cyfitter_cfg.c"
  16              		.text
  17              	.Ltext0:
  18              		.cfi_sections	.debug_frame
  19              		.section	.text.cfg_write_bytes32,"ax",%progbits
  20              		.align	2
  21              		.code	16
  22              		.thumb_func
  23              		.type	cfg_write_bytes32, %function
  24              	cfg_write_bytes32:
  25              	.LFB5:
  26              		.file 1 "Generated_Source\\PSoC4\\cyfitter_cfg.c"
   1:Generated_Source\PSoC4/cyfitter_cfg.c **** 
   2:Generated_Source\PSoC4/cyfitter_cfg.c **** /*******************************************************************************
   3:Generated_Source\PSoC4/cyfitter_cfg.c **** * File Name: cyfitter_cfg.c
   4:Generated_Source\PSoC4/cyfitter_cfg.c **** * 
   5:Generated_Source\PSoC4/cyfitter_cfg.c **** * PSoC Creator  4.1 Update 1
   6:Generated_Source\PSoC4/cyfitter_cfg.c **** *
   7:Generated_Source\PSoC4/cyfitter_cfg.c **** * Description:
   8:Generated_Source\PSoC4/cyfitter_cfg.c **** * This file contains device initialization code.
   9:Generated_Source\PSoC4/cyfitter_cfg.c **** * Except for the user defined sections in CyClockStartupError(), this file should not be modified.
  10:Generated_Source\PSoC4/cyfitter_cfg.c **** * This file is automatically generated by PSoC Creator.
  11:Generated_Source\PSoC4/cyfitter_cfg.c **** *
  12:Generated_Source\PSoC4/cyfitter_cfg.c **** ********************************************************************************
  13:Generated_Source\PSoC4/cyfitter_cfg.c **** * Copyright (c) 2007-2017 Cypress Semiconductor.  All rights reserved.
  14:Generated_Source\PSoC4/cyfitter_cfg.c **** * You may use this file only in accordance with the license, terms, conditions, 
  15:Generated_Source\PSoC4/cyfitter_cfg.c **** * disclaimers, and limitations in the end user license agreement accompanying 
  16:Generated_Source\PSoC4/cyfitter_cfg.c **** * the software package with which this file was provided.
  17:Generated_Source\PSoC4/cyfitter_cfg.c **** ********************************************************************************/
  18:Generated_Source\PSoC4/cyfitter_cfg.c **** 
  19:Generated_Source\PSoC4/cyfitter_cfg.c **** #include <string.h>
  20:Generated_Source\PSoC4/cyfitter_cfg.c **** #include "cytypes.h"
  21:Generated_Source\PSoC4/cyfitter_cfg.c **** #include "cydevice_trm.h"
  22:Generated_Source\PSoC4/cyfitter_cfg.c **** #include "cyfitter.h"
  23:Generated_Source\PSoC4/cyfitter_cfg.c **** #include "CyLib.h"
  24:Generated_Source\PSoC4/cyfitter_cfg.c **** #include "CyLFClk.h"
  25:Generated_Source\PSoC4/cyfitter_cfg.c **** #include "cyfitter_cfg.h"
  26:Generated_Source\PSoC4/cyfitter_cfg.c **** #include "cyapicallbacks.h"
  27:Generated_Source\PSoC4/cyfitter_cfg.c **** 
  28:Generated_Source\PSoC4/cyfitter_cfg.c **** 
  29:Generated_Source\PSoC4/cyfitter_cfg.c **** #if defined(__GNUC__) || defined(__ARMCC_VERSION)
  30:Generated_Source\PSoC4/cyfitter_cfg.c ****     #define CYPACKED 
  31:Generated_Source\PSoC4/cyfitter_cfg.c ****     #define CYPACKED_ATTR __attribute__ ((packed))
ARM GAS  C:\Users\bryan.lee\AppData\Local\Temp\cczCbOnu.s 			page 2


  32:Generated_Source\PSoC4/cyfitter_cfg.c ****     #define CYALIGNED __attribute__ ((aligned))
  33:Generated_Source\PSoC4/cyfitter_cfg.c ****     #define CY_CFG_UNUSED __attribute__ ((unused))
  34:Generated_Source\PSoC4/cyfitter_cfg.c ****     #ifndef CY_CFG_SECTION
  35:Generated_Source\PSoC4/cyfitter_cfg.c ****         #define CY_CFG_SECTION __attribute__ ((section(".psocinit")))
  36:Generated_Source\PSoC4/cyfitter_cfg.c ****     #endif
  37:Generated_Source\PSoC4/cyfitter_cfg.c ****     
  38:Generated_Source\PSoC4/cyfitter_cfg.c ****     #if defined(__ARMCC_VERSION)
  39:Generated_Source\PSoC4/cyfitter_cfg.c ****         #define CY_CFG_MEMORY_BARRIER() __memory_changed()
  40:Generated_Source\PSoC4/cyfitter_cfg.c ****     #else
  41:Generated_Source\PSoC4/cyfitter_cfg.c ****         #define CY_CFG_MEMORY_BARRIER() __sync_synchronize()
  42:Generated_Source\PSoC4/cyfitter_cfg.c ****     #endif
  43:Generated_Source\PSoC4/cyfitter_cfg.c ****     
  44:Generated_Source\PSoC4/cyfitter_cfg.c **** #elif defined(__ICCARM__)
  45:Generated_Source\PSoC4/cyfitter_cfg.c ****     #include <intrinsics.h>
  46:Generated_Source\PSoC4/cyfitter_cfg.c **** 
  47:Generated_Source\PSoC4/cyfitter_cfg.c ****     #define CYPACKED __packed
  48:Generated_Source\PSoC4/cyfitter_cfg.c ****     #define CYPACKED_ATTR 
  49:Generated_Source\PSoC4/cyfitter_cfg.c ****     #define CYALIGNED _Pragma("data_alignment=4")
  50:Generated_Source\PSoC4/cyfitter_cfg.c ****     #define CY_CFG_UNUSED _Pragma("diag_suppress=Pe177")
  51:Generated_Source\PSoC4/cyfitter_cfg.c ****     #define CY_CFG_SECTION _Pragma("location=\".psocinit\"")
  52:Generated_Source\PSoC4/cyfitter_cfg.c ****     
  53:Generated_Source\PSoC4/cyfitter_cfg.c ****     #define CY_CFG_MEMORY_BARRIER() __DMB()
  54:Generated_Source\PSoC4/cyfitter_cfg.c ****     
  55:Generated_Source\PSoC4/cyfitter_cfg.c **** #else
  56:Generated_Source\PSoC4/cyfitter_cfg.c ****     #error Unsupported toolchain
  57:Generated_Source\PSoC4/cyfitter_cfg.c **** #endif
  58:Generated_Source\PSoC4/cyfitter_cfg.c **** 
  59:Generated_Source\PSoC4/cyfitter_cfg.c **** #ifndef CYCODE
  60:Generated_Source\PSoC4/cyfitter_cfg.c ****     #define CYCODE
  61:Generated_Source\PSoC4/cyfitter_cfg.c **** #endif
  62:Generated_Source\PSoC4/cyfitter_cfg.c **** #ifndef CYDATA
  63:Generated_Source\PSoC4/cyfitter_cfg.c ****     #define CYDATA
  64:Generated_Source\PSoC4/cyfitter_cfg.c **** #endif
  65:Generated_Source\PSoC4/cyfitter_cfg.c **** #ifndef CYFAR
  66:Generated_Source\PSoC4/cyfitter_cfg.c ****     #define CYFAR
  67:Generated_Source\PSoC4/cyfitter_cfg.c **** #endif
  68:Generated_Source\PSoC4/cyfitter_cfg.c **** #ifndef CYXDATA
  69:Generated_Source\PSoC4/cyfitter_cfg.c ****     #define CYXDATA
  70:Generated_Source\PSoC4/cyfitter_cfg.c **** #endif
  71:Generated_Source\PSoC4/cyfitter_cfg.c **** 
  72:Generated_Source\PSoC4/cyfitter_cfg.c **** 
  73:Generated_Source\PSoC4/cyfitter_cfg.c **** CY_CFG_UNUSED
  74:Generated_Source\PSoC4/cyfitter_cfg.c **** static void CYMEMZERO(void *s, size_t n);
  75:Generated_Source\PSoC4/cyfitter_cfg.c **** CY_CFG_UNUSED
  76:Generated_Source\PSoC4/cyfitter_cfg.c **** static void CYMEMZERO(void *s, size_t n)
  77:Generated_Source\PSoC4/cyfitter_cfg.c **** {
  78:Generated_Source\PSoC4/cyfitter_cfg.c **** 	(void)memset(s, 0, n);
  79:Generated_Source\PSoC4/cyfitter_cfg.c **** }
  80:Generated_Source\PSoC4/cyfitter_cfg.c **** CY_CFG_UNUSED
  81:Generated_Source\PSoC4/cyfitter_cfg.c **** static void CYCONFIGCPY(void *dest, const void *src, size_t n);
  82:Generated_Source\PSoC4/cyfitter_cfg.c **** CY_CFG_UNUSED
  83:Generated_Source\PSoC4/cyfitter_cfg.c **** static void CYCONFIGCPY(void *dest, const void *src, size_t n)
  84:Generated_Source\PSoC4/cyfitter_cfg.c **** {
  85:Generated_Source\PSoC4/cyfitter_cfg.c **** 	(void)memcpy(dest, src, n);
  86:Generated_Source\PSoC4/cyfitter_cfg.c **** }
  87:Generated_Source\PSoC4/cyfitter_cfg.c **** CY_CFG_UNUSED
  88:Generated_Source\PSoC4/cyfitter_cfg.c **** static void CYCONFIGCPYCODE(void *dest, const void *src, size_t n);
ARM GAS  C:\Users\bryan.lee\AppData\Local\Temp\cczCbOnu.s 			page 3


  89:Generated_Source\PSoC4/cyfitter_cfg.c **** CY_CFG_UNUSED
  90:Generated_Source\PSoC4/cyfitter_cfg.c **** static void CYCONFIGCPYCODE(void *dest, const void *src, size_t n)
  91:Generated_Source\PSoC4/cyfitter_cfg.c **** {
  92:Generated_Source\PSoC4/cyfitter_cfg.c **** 	(void)memcpy(dest, src, n);
  93:Generated_Source\PSoC4/cyfitter_cfg.c **** }
  94:Generated_Source\PSoC4/cyfitter_cfg.c **** 
  95:Generated_Source\PSoC4/cyfitter_cfg.c **** 
  96:Generated_Source\PSoC4/cyfitter_cfg.c **** 
  97:Generated_Source\PSoC4/cyfitter_cfg.c **** 
  98:Generated_Source\PSoC4/cyfitter_cfg.c **** /* Clock startup error codes                                                   */
  99:Generated_Source\PSoC4/cyfitter_cfg.c **** #define CYCLOCKSTART_NO_ERROR    0u
 100:Generated_Source\PSoC4/cyfitter_cfg.c **** #define CYCLOCKSTART_XTAL_ERROR  1u
 101:Generated_Source\PSoC4/cyfitter_cfg.c **** #define CYCLOCKSTART_32KHZ_ERROR 2u
 102:Generated_Source\PSoC4/cyfitter_cfg.c **** #define CYCLOCKSTART_PLL_ERROR   3u
 103:Generated_Source\PSoC4/cyfitter_cfg.c **** #define CYCLOCKSTART_FLL_ERROR   4u
 104:Generated_Source\PSoC4/cyfitter_cfg.c **** 
 105:Generated_Source\PSoC4/cyfitter_cfg.c **** 
 106:Generated_Source\PSoC4/cyfitter_cfg.c **** #ifdef CY_NEED_CYCLOCKSTARTUPERROR
 107:Generated_Source\PSoC4/cyfitter_cfg.c **** /*******************************************************************************
 108:Generated_Source\PSoC4/cyfitter_cfg.c **** * Function Name: CyClockStartupError
 109:Generated_Source\PSoC4/cyfitter_cfg.c **** ********************************************************************************
 110:Generated_Source\PSoC4/cyfitter_cfg.c **** * Summary:
 111:Generated_Source\PSoC4/cyfitter_cfg.c **** *  If an error is encountered during clock configuration (crystal startup error,
 112:Generated_Source\PSoC4/cyfitter_cfg.c **** *  PLL lock error, etc.), the system will end up here.  Unless reimplemented by
 113:Generated_Source\PSoC4/cyfitter_cfg.c **** *  the customer, this function will stop in an infinite loop.
 114:Generated_Source\PSoC4/cyfitter_cfg.c **** *
 115:Generated_Source\PSoC4/cyfitter_cfg.c **** * Parameters:
 116:Generated_Source\PSoC4/cyfitter_cfg.c **** *   void
 117:Generated_Source\PSoC4/cyfitter_cfg.c **** *
 118:Generated_Source\PSoC4/cyfitter_cfg.c **** * Return:
 119:Generated_Source\PSoC4/cyfitter_cfg.c **** *   void
 120:Generated_Source\PSoC4/cyfitter_cfg.c **** *
 121:Generated_Source\PSoC4/cyfitter_cfg.c **** *******************************************************************************/
 122:Generated_Source\PSoC4/cyfitter_cfg.c **** CY_CFG_UNUSED
 123:Generated_Source\PSoC4/cyfitter_cfg.c **** static void CyClockStartupError(uint8 errorCode);
 124:Generated_Source\PSoC4/cyfitter_cfg.c **** CY_CFG_UNUSED
 125:Generated_Source\PSoC4/cyfitter_cfg.c **** static void CyClockStartupError(uint8 errorCode)
 126:Generated_Source\PSoC4/cyfitter_cfg.c **** {
 127:Generated_Source\PSoC4/cyfitter_cfg.c ****     /* To remove the compiler warning if errorCode not used. */
 128:Generated_Source\PSoC4/cyfitter_cfg.c **** #if defined(CY_PSOC3) && (CY_PSOC3)
 129:Generated_Source\PSoC4/cyfitter_cfg.c ****     errorCode = errorCode;
 130:Generated_Source\PSoC4/cyfitter_cfg.c **** #else
 131:Generated_Source\PSoC4/cyfitter_cfg.c ****     (void)errorCode;
 132:Generated_Source\PSoC4/cyfitter_cfg.c **** #endif /* CY_PSOC3 */
 133:Generated_Source\PSoC4/cyfitter_cfg.c **** 
 134:Generated_Source\PSoC4/cyfitter_cfg.c ****     /* If we have a clock startup error (bad MHz crystal, PLL lock, etc.),  */
 135:Generated_Source\PSoC4/cyfitter_cfg.c ****     /* we will end up here to allow the customer to implement something to  */
 136:Generated_Source\PSoC4/cyfitter_cfg.c ****     /* deal with the clock condition.                                       */
 137:Generated_Source\PSoC4/cyfitter_cfg.c **** 
 138:Generated_Source\PSoC4/cyfitter_cfg.c **** #ifdef CY_CFG_CLOCK_STARTUP_ERROR_CALLBACK
 139:Generated_Source\PSoC4/cyfitter_cfg.c ****     CY_CFG_Clock_Startup_ErrorCallback();
 140:Generated_Source\PSoC4/cyfitter_cfg.c **** #else
 141:Generated_Source\PSoC4/cyfitter_cfg.c ****     /*  If not using CY_CFG_CLOCK_STARTUP_ERROR_CALLBACK, place your clock startup code here. */
 142:Generated_Source\PSoC4/cyfitter_cfg.c ****     /* `#START CyClockStartupError` */
 143:Generated_Source\PSoC4/cyfitter_cfg.c **** 
 144:Generated_Source\PSoC4/cyfitter_cfg.c **** 
 145:Generated_Source\PSoC4/cyfitter_cfg.c **** 
ARM GAS  C:\Users\bryan.lee\AppData\Local\Temp\cczCbOnu.s 			page 4


 146:Generated_Source\PSoC4/cyfitter_cfg.c ****     /* `#END` */
 147:Generated_Source\PSoC4/cyfitter_cfg.c **** 
 148:Generated_Source\PSoC4/cyfitter_cfg.c ****     while(1) {}
 149:Generated_Source\PSoC4/cyfitter_cfg.c **** #endif /* CY_CFG_CLOCK_STARTUP_ERROR_CALLBACK */
 150:Generated_Source\PSoC4/cyfitter_cfg.c **** }
 151:Generated_Source\PSoC4/cyfitter_cfg.c **** #endif
 152:Generated_Source\PSoC4/cyfitter_cfg.c **** 
 153:Generated_Source\PSoC4/cyfitter_cfg.c **** #define CY_CFG_BASE_ADDR_COUNT 1u
 154:Generated_Source\PSoC4/cyfitter_cfg.c **** CYPACKED typedef struct
 155:Generated_Source\PSoC4/cyfitter_cfg.c **** {
 156:Generated_Source\PSoC4/cyfitter_cfg.c **** 	uint8 offset;
 157:Generated_Source\PSoC4/cyfitter_cfg.c **** 	uint8 value;
 158:Generated_Source\PSoC4/cyfitter_cfg.c **** } CYPACKED_ATTR cy_cfg_addrvalue_t;
 159:Generated_Source\PSoC4/cyfitter_cfg.c **** 
 160:Generated_Source\PSoC4/cyfitter_cfg.c **** 
 161:Generated_Source\PSoC4/cyfitter_cfg.c **** 
 162:Generated_Source\PSoC4/cyfitter_cfg.c **** /*******************************************************************************
 163:Generated_Source\PSoC4/cyfitter_cfg.c **** * Function Name: cfg_write_bytes32
 164:Generated_Source\PSoC4/cyfitter_cfg.c **** ********************************************************************************
 165:Generated_Source\PSoC4/cyfitter_cfg.c **** * Summary:
 166:Generated_Source\PSoC4/cyfitter_cfg.c **** *  This function is used for setting up the chip configuration areas that
 167:Generated_Source\PSoC4/cyfitter_cfg.c **** *  contain relatively sparse data.
 168:Generated_Source\PSoC4/cyfitter_cfg.c **** *
 169:Generated_Source\PSoC4/cyfitter_cfg.c **** * Parameters:
 170:Generated_Source\PSoC4/cyfitter_cfg.c **** *   void
 171:Generated_Source\PSoC4/cyfitter_cfg.c **** *
 172:Generated_Source\PSoC4/cyfitter_cfg.c **** * Return:
 173:Generated_Source\PSoC4/cyfitter_cfg.c **** *   void
 174:Generated_Source\PSoC4/cyfitter_cfg.c **** *
 175:Generated_Source\PSoC4/cyfitter_cfg.c **** *******************************************************************************/
 176:Generated_Source\PSoC4/cyfitter_cfg.c **** static void cfg_write_bytes32(const uint32 addr_table[], const cy_cfg_addrvalue_t data_table[]);
 177:Generated_Source\PSoC4/cyfitter_cfg.c **** static void cfg_write_bytes32(const uint32 addr_table[], const cy_cfg_addrvalue_t data_table[])
 178:Generated_Source\PSoC4/cyfitter_cfg.c **** {
  27              		.loc 1 178 0
  28              		.cfi_startproc
  29              		@ args = 0, pretend = 0, frame = 0
  30              		@ frame_needed = 0, uses_anonymous_args = 0
  31              	.LVL0:
  32 0000 F0B5     		push	{r4, r5, r6, r7, lr}
  33              		.cfi_def_cfa_offset 20
  34              		.cfi_offset 4, -20
  35              		.cfi_offset 5, -16
  36              		.cfi_offset 6, -12
  37              		.cfi_offset 7, -8
  38              		.cfi_offset 14, -4
  39              	.LVL1:
 179:Generated_Source\PSoC4/cyfitter_cfg.c **** 	/* For 32-bit little-endian architectures */
 180:Generated_Source\PSoC4/cyfitter_cfg.c **** 	uint32 i, j = 0u;
  40              		.loc 1 180 0
  41 0002 0025     		movs	r5, #0
 181:Generated_Source\PSoC4/cyfitter_cfg.c **** 	for (i = 0u; i < CY_CFG_BASE_ADDR_COUNT; i++)
  42              		.loc 1 181 0
  43 0004 0027     		movs	r7, #0
  44 0006 11E0     		b	.L2
  45              	.LVL2:
  46              	.L5:
  47              	.LBB2:
ARM GAS  C:\Users\bryan.lee\AppData\Local\Temp\cczCbOnu.s 			page 5


 182:Generated_Source\PSoC4/cyfitter_cfg.c **** 	{
 183:Generated_Source\PSoC4/cyfitter_cfg.c **** 		uint32 baseAddr = addr_table[i];
  48              		.loc 1 183 0
  49 0008 BB00     		lsls	r3, r7, #2
  50 000a C658     		ldr	r6, [r0, r3]
  51              	.LVL3:
 184:Generated_Source\PSoC4/cyfitter_cfg.c **** 		uint8 count = (uint8)baseAddr;
  52              		.loc 1 184 0
  53 000c F3B2     		uxtb	r3, r6
  54              	.LVL4:
 185:Generated_Source\PSoC4/cyfitter_cfg.c **** 		baseAddr &= 0xFFFFFF00u;
  55              		.loc 1 185 0
  56 000e FF22     		movs	r2, #255
  57 0010 9643     		bics	r6, r2
  58              	.LVL5:
 186:Generated_Source\PSoC4/cyfitter_cfg.c **** 		while (count != 0u)
  59              		.loc 1 186 0
  60 0012 08E0     		b	.L3
  61              	.L4:
 187:Generated_Source\PSoC4/cyfitter_cfg.c **** 		{
 188:Generated_Source\PSoC4/cyfitter_cfg.c **** 			CY_SET_REG8((void *)(baseAddr + data_table[j].offset), data_table[j].value);
  62              		.loc 1 188 0
  63 0014 6A00     		lsls	r2, r5, #1
  64 0016 8A18     		adds	r2, r1, r2
  65 0018 1478     		ldrb	r4, [r2]
  66 001a A419     		adds	r4, r4, r6
  67 001c 5278     		ldrb	r2, [r2, #1]
  68 001e 2270     		strb	r2, [r4]
 189:Generated_Source\PSoC4/cyfitter_cfg.c **** 			j++;
  69              		.loc 1 189 0
  70 0020 0135     		adds	r5, r5, #1
  71              	.LVL6:
 190:Generated_Source\PSoC4/cyfitter_cfg.c **** 			count--;
  72              		.loc 1 190 0
  73 0022 013B     		subs	r3, r3, #1
  74              	.LVL7:
  75 0024 DBB2     		uxtb	r3, r3
  76              	.LVL8:
  77              	.L3:
 186:Generated_Source\PSoC4/cyfitter_cfg.c **** 		{
  78              		.loc 1 186 0
  79 0026 002B     		cmp	r3, #0
  80 0028 F4D1     		bne	.L4
  81              	.LBE2:
 181:Generated_Source\PSoC4/cyfitter_cfg.c **** 	{
  82              		.loc 1 181 0 discriminator 2
  83 002a 0137     		adds	r7, r7, #1
  84              	.LVL9:
  85              	.L2:
 181:Generated_Source\PSoC4/cyfitter_cfg.c **** 	{
  86              		.loc 1 181 0 is_stmt 0 discriminator 1
  87 002c 002F     		cmp	r7, #0
  88 002e EBD0     		beq	.L5
 191:Generated_Source\PSoC4/cyfitter_cfg.c **** 		}
 192:Generated_Source\PSoC4/cyfitter_cfg.c **** 	}
 193:Generated_Source\PSoC4/cyfitter_cfg.c **** }
  89              		.loc 1 193 0 is_stmt 1
ARM GAS  C:\Users\bryan.lee\AppData\Local\Temp\cczCbOnu.s 			page 6


  90              		@ sp needed
  91              	.LVL10:
  92              	.LVL11:
  93 0030 F0BD     		pop	{r4, r5, r6, r7, pc}
  94              		.cfi_endproc
  95              	.LFE5:
  96              		.size	cfg_write_bytes32, .-cfg_write_bytes32
  97 0032 C046     		.section	.text.AnalogSetDefault,"ax",%progbits
  98              		.align	2
  99              		.code	16
 100              		.thumb_func
 101              		.type	AnalogSetDefault, %function
 102              	AnalogSetDefault:
 103              	.LFB7:
 194:Generated_Source\PSoC4/cyfitter_cfg.c **** 
 195:Generated_Source\PSoC4/cyfitter_cfg.c **** 
 196:Generated_Source\PSoC4/cyfitter_cfg.c **** /*******************************************************************************
 197:Generated_Source\PSoC4/cyfitter_cfg.c **** * Function Name: ClockSetup
 198:Generated_Source\PSoC4/cyfitter_cfg.c **** ********************************************************************************
 199:Generated_Source\PSoC4/cyfitter_cfg.c **** *
 200:Generated_Source\PSoC4/cyfitter_cfg.c **** * Summary:
 201:Generated_Source\PSoC4/cyfitter_cfg.c **** *   Performs the initialization of all of the clocks in the device based on the
 202:Generated_Source\PSoC4/cyfitter_cfg.c **** *   settings in the Clock tab of the DWR.  This includes enabling the requested
 203:Generated_Source\PSoC4/cyfitter_cfg.c **** *   clocks and setting the necessary dividers to produce the desired frequency. 
 204:Generated_Source\PSoC4/cyfitter_cfg.c **** *
 205:Generated_Source\PSoC4/cyfitter_cfg.c **** * Parameters:
 206:Generated_Source\PSoC4/cyfitter_cfg.c **** *   void
 207:Generated_Source\PSoC4/cyfitter_cfg.c **** *
 208:Generated_Source\PSoC4/cyfitter_cfg.c **** * Return:
 209:Generated_Source\PSoC4/cyfitter_cfg.c **** *   void
 210:Generated_Source\PSoC4/cyfitter_cfg.c **** *
 211:Generated_Source\PSoC4/cyfitter_cfg.c **** *******************************************************************************/
 212:Generated_Source\PSoC4/cyfitter_cfg.c **** static void ClockSetup(void);
 213:Generated_Source\PSoC4/cyfitter_cfg.c **** CY_CFG_SECTION
 214:Generated_Source\PSoC4/cyfitter_cfg.c **** static void ClockSetup(void)
 215:Generated_Source\PSoC4/cyfitter_cfg.c **** {
 216:Generated_Source\PSoC4/cyfitter_cfg.c **** 
 217:Generated_Source\PSoC4/cyfitter_cfg.c **** 	/* Set Flash Cycles based on max possible frequency in case a glitch occurs during ClockSetup(). *
 218:Generated_Source\PSoC4/cyfitter_cfg.c **** 	CY_SET_REG32((void CYXDATA *)(CYREG_CPUSS_FLASH_CTL), (0x0012u));
 219:Generated_Source\PSoC4/cyfitter_cfg.c **** 
 220:Generated_Source\PSoC4/cyfitter_cfg.c **** 	/* Start the WCO */
 221:Generated_Source\PSoC4/cyfitter_cfg.c **** 	CySysClkWcoStart();
 222:Generated_Source\PSoC4/cyfitter_cfg.c **** 	CyDelayCycles(12000000u); /* WCO may take up to 500ms to start */
 223:Generated_Source\PSoC4/cyfitter_cfg.c **** 	(void)CySysClkWcoSetPowerMode(CY_SYS_CLK_WCO_LPM);    /* Switch to the low power mode */
 224:Generated_Source\PSoC4/cyfitter_cfg.c **** 
 225:Generated_Source\PSoC4/cyfitter_cfg.c **** 	/* Setup and trim IMO based on desired frequency. */
 226:Generated_Source\PSoC4/cyfitter_cfg.c **** 	CySysClkWriteImoFreq(48u);
 227:Generated_Source\PSoC4/cyfitter_cfg.c **** 	/* CYDEV_CLK_ILO_CONFIG Starting address: CYDEV_CLK_ILO_CONFIG */
 228:Generated_Source\PSoC4/cyfitter_cfg.c **** 	CY_SET_REG32((void *)(CYREG_CLK_ILO_CONFIG), 0x80000006u);
 229:Generated_Source\PSoC4/cyfitter_cfg.c **** 
 230:Generated_Source\PSoC4/cyfitter_cfg.c **** 	/* CYDEV_WDT_CONFIG Starting address: CYDEV_WDT_CONFIG */
 231:Generated_Source\PSoC4/cyfitter_cfg.c **** 	CY_SET_REG32((void *)(CYREG_WDT_CONFIG), 0x40000000u);
 232:Generated_Source\PSoC4/cyfitter_cfg.c **** 
 233:Generated_Source\PSoC4/cyfitter_cfg.c **** 
 234:Generated_Source\PSoC4/cyfitter_cfg.c **** 	/* Enable fast start mode for XO */
 235:Generated_Source\PSoC4/cyfitter_cfg.c **** 	CY_SET_REG32((void*)CYREG_BLE_BLERD_BB_XO, CY_GET_REG32((void*)CYREG_BLE_BLERD_BB_XO) | (uint32)0x
 236:Generated_Source\PSoC4/cyfitter_cfg.c **** 	CY_SET_REG32((void *)(CYREG_BLE_BLERD_BB_XO_CAPTRIM), 0x00003E2Du);
ARM GAS  C:\Users\bryan.lee\AppData\Local\Temp\cczCbOnu.s 			page 7


 237:Generated_Source\PSoC4/cyfitter_cfg.c **** 	/*Set XTAL(ECO) divider*/
 238:Generated_Source\PSoC4/cyfitter_cfg.c **** 	CY_SET_REG32((void *)(CYREG_BLE_BLESS_XTAL_CLK_DIV_CONFIG), 0x00000000u);
 239:Generated_Source\PSoC4/cyfitter_cfg.c **** 	/* Disable Crystal Stable Interrupt before enabling ECO */
 240:Generated_Source\PSoC4/cyfitter_cfg.c **** 	CY_SET_REG32((void*)CYREG_BLE_BLESS_LL_DSM_CTRL, CY_GET_REG32((void*)CYREG_BLE_BLESS_LL_DSM_CTRL) 
 241:Generated_Source\PSoC4/cyfitter_cfg.c **** 	/* Start the ECO and do not check status since it is not needed for HFCLK */
 242:Generated_Source\PSoC4/cyfitter_cfg.c **** 	(void)CySysClkEcoStart(2000u);
 243:Generated_Source\PSoC4/cyfitter_cfg.c **** 	CyDelayUs(1500u); /* Wait to stabilize */
 244:Generated_Source\PSoC4/cyfitter_cfg.c **** 
 245:Generated_Source\PSoC4/cyfitter_cfg.c **** 	/* Setup phase aligned clocks */
 246:Generated_Source\PSoC4/cyfitter_cfg.c **** 
 247:Generated_Source\PSoC4/cyfitter_cfg.c **** 	/* CYDEV_CLK_IMO_CONFIG Starting address: CYDEV_CLK_IMO_CONFIG */
 248:Generated_Source\PSoC4/cyfitter_cfg.c **** 	CY_SET_REG32((void *)(CYREG_CLK_IMO_CONFIG), 0x80000000u);
 249:Generated_Source\PSoC4/cyfitter_cfg.c **** 
 250:Generated_Source\PSoC4/cyfitter_cfg.c **** 	/* CYDEV_CLK_SELECT Starting address: CYDEV_CLK_SELECT */
 251:Generated_Source\PSoC4/cyfitter_cfg.c **** 	CY_SET_REG32((void *)(CYREG_CLK_SELECT), 0x00040000u);
 252:Generated_Source\PSoC4/cyfitter_cfg.c **** 
 253:Generated_Source\PSoC4/cyfitter_cfg.c **** 	(void)CyIntSetVector(8u, &CySysWdtIsr);
 254:Generated_Source\PSoC4/cyfitter_cfg.c **** 	CyIntEnable(8u);
 255:Generated_Source\PSoC4/cyfitter_cfg.c **** 	CY_SET_REG32((void *)(CYREG_WDT_CONFIG), 0x40000000u);
 256:Generated_Source\PSoC4/cyfitter_cfg.c **** }
 257:Generated_Source\PSoC4/cyfitter_cfg.c **** 
 258:Generated_Source\PSoC4/cyfitter_cfg.c **** 
 259:Generated_Source\PSoC4/cyfitter_cfg.c **** /* Analog API Functions */
 260:Generated_Source\PSoC4/cyfitter_cfg.c **** 
 261:Generated_Source\PSoC4/cyfitter_cfg.c **** 
 262:Generated_Source\PSoC4/cyfitter_cfg.c **** /*******************************************************************************
 263:Generated_Source\PSoC4/cyfitter_cfg.c **** * Function Name: AnalogSetDefault
 264:Generated_Source\PSoC4/cyfitter_cfg.c **** ********************************************************************************
 265:Generated_Source\PSoC4/cyfitter_cfg.c **** *
 266:Generated_Source\PSoC4/cyfitter_cfg.c **** * Summary:
 267:Generated_Source\PSoC4/cyfitter_cfg.c **** *  Sets up the analog portions of the chip to default values based on chip
 268:Generated_Source\PSoC4/cyfitter_cfg.c **** *  configuration options from the project.
 269:Generated_Source\PSoC4/cyfitter_cfg.c **** *
 270:Generated_Source\PSoC4/cyfitter_cfg.c **** * Parameters:
 271:Generated_Source\PSoC4/cyfitter_cfg.c **** *  void
 272:Generated_Source\PSoC4/cyfitter_cfg.c **** *
 273:Generated_Source\PSoC4/cyfitter_cfg.c **** * Return:
 274:Generated_Source\PSoC4/cyfitter_cfg.c **** *  void
 275:Generated_Source\PSoC4/cyfitter_cfg.c **** *
 276:Generated_Source\PSoC4/cyfitter_cfg.c **** *******************************************************************************/
 277:Generated_Source\PSoC4/cyfitter_cfg.c **** static void AnalogSetDefault(void);
 278:Generated_Source\PSoC4/cyfitter_cfg.c **** static void AnalogSetDefault(void)
 279:Generated_Source\PSoC4/cyfitter_cfg.c **** {
 104              		.loc 1 279 0
 105              		.cfi_startproc
 106              		@ args = 0, pretend = 0, frame = 0
 107              		@ frame_needed = 0, uses_anonymous_args = 0
 108              		@ link register save eliminated.
 280:Generated_Source\PSoC4/cyfitter_cfg.c **** 	CY_SET_XTND_REG32((void CYFAR *)CYREG_CTBM0_DFT_CTRL, 0x00000003u);
 109              		.loc 1 280 0
 110 0000 0323     		movs	r3, #3
 111 0002 044A     		ldr	r2, .L7
 112 0004 1360     		str	r3, [r2]
 281:Generated_Source\PSoC4/cyfitter_cfg.c **** 	CY_SET_XTND_REG32((void CYFAR *)CYREG_CTBM1_DFT_CTRL, 0x00000003u);
 113              		.loc 1 281 0
 114 0006 044A     		ldr	r2, .L7+4
 115 0008 1360     		str	r3, [r2]
ARM GAS  C:\Users\bryan.lee\AppData\Local\Temp\cczCbOnu.s 			page 8


 282:Generated_Source\PSoC4/cyfitter_cfg.c **** 	CY_SET_XTND_REG32((void CYFAR *)CYREG_PASS_DSAB_DSAB_CTRL, 0x00000000u);
 116              		.loc 1 282 0
 117 000a 0022     		movs	r2, #0
 118 000c 034B     		ldr	r3, .L7+8
 119 000e 1A60     		str	r2, [r3]
 283:Generated_Source\PSoC4/cyfitter_cfg.c **** }
 120              		.loc 1 283 0
 121              		@ sp needed
 122 0010 7047     		bx	lr
 123              	.L8:
 124 0012 C046     		.align	2
 125              	.L7:
 126 0014 30003040 		.word	1076887600
 127 0018 30003140 		.word	1076953136
 128 001c 000E3F40 		.word	1077874176
 129              		.cfi_endproc
 130              	.LFE7:
 131              		.size	AnalogSetDefault, .-AnalogSetDefault
 132              		.section	.text.CYMEMZERO,"ax",%progbits
 133              		.align	2
 134              		.code	16
 135              		.thumb_func
 136              		.type	CYMEMZERO, %function
 137              	CYMEMZERO:
 138              	.LFB2:
  77:Generated_Source\PSoC4/cyfitter_cfg.c **** 	(void)memset(s, 0, n);
 139              		.loc 1 77 0
 140              		.cfi_startproc
 141              		@ args = 0, pretend = 0, frame = 0
 142              		@ frame_needed = 0, uses_anonymous_args = 0
 143              	.LVL12:
 144 0000 10B5     		push	{r4, lr}
 145              		.cfi_def_cfa_offset 8
 146              		.cfi_offset 4, -8
 147              		.cfi_offset 14, -4
 148 0002 0A00     		movs	r2, r1
  78:Generated_Source\PSoC4/cyfitter_cfg.c **** }
 149              		.loc 1 78 0
 150 0004 0021     		movs	r1, #0
 151              	.LVL13:
 152 0006 FFF7FEFF 		bl	memset
 153              	.LVL14:
  79:Generated_Source\PSoC4/cyfitter_cfg.c **** CY_CFG_UNUSED
 154              		.loc 1 79 0
 155              		@ sp needed
 156 000a 10BD     		pop	{r4, pc}
 157              		.cfi_endproc
 158              	.LFE2:
 159              		.size	CYMEMZERO, .-CYMEMZERO
 160              		.section	.psocinit,"ax",%progbits
 161              		.align	2
 162              		.code	16
 163              		.thumb_func
 164              		.type	ClockSetup, %function
 165              	ClockSetup:
 166              	.LFB6:
 215:Generated_Source\PSoC4/cyfitter_cfg.c **** 
ARM GAS  C:\Users\bryan.lee\AppData\Local\Temp\cczCbOnu.s 			page 9


 167              		.loc 1 215 0
 168              		.cfi_startproc
 169              		@ args = 0, pretend = 0, frame = 0
 170              		@ frame_needed = 0, uses_anonymous_args = 0
 171 0000 70B5     		push	{r4, r5, r6, lr}
 172              		.cfi_def_cfa_offset 16
 173              		.cfi_offset 4, -16
 174              		.cfi_offset 5, -12
 175              		.cfi_offset 6, -8
 176              		.cfi_offset 14, -4
 218:Generated_Source\PSoC4/cyfitter_cfg.c **** 
 177              		.loc 1 218 0
 178 0002 1222     		movs	r2, #18
 179 0004 1D4B     		ldr	r3, .L11
 180 0006 1A60     		str	r2, [r3]
 221:Generated_Source\PSoC4/cyfitter_cfg.c **** 	CyDelayCycles(12000000u); /* WCO may take up to 500ms to start */
 181              		.loc 1 221 0
 182 0008 FFF7FEFF 		bl	CySysClkWcoStart
 183              	.LVL15:
 222:Generated_Source\PSoC4/cyfitter_cfg.c **** 	(void)CySysClkWcoSetPowerMode(CY_SYS_CLK_WCO_LPM);    /* Switch to the low power mode */
 184              		.loc 1 222 0
 185 000c 1C48     		ldr	r0, .L11+4
 186 000e FFF7FEFF 		bl	CyDelayCycles
 187              	.LVL16:
 223:Generated_Source\PSoC4/cyfitter_cfg.c **** 
 188              		.loc 1 223 0
 189 0012 0120     		movs	r0, #1
 190 0014 FFF7FEFF 		bl	CySysClkWcoSetPowerMode
 191              	.LVL17:
 226:Generated_Source\PSoC4/cyfitter_cfg.c **** 	/* CYDEV_CLK_ILO_CONFIG Starting address: CYDEV_CLK_ILO_CONFIG */
 192              		.loc 1 226 0
 193 0018 3020     		movs	r0, #48
 194 001a FFF7FEFF 		bl	CySysClkWriteImoFreq
 195              	.LVL18:
 228:Generated_Source\PSoC4/cyfitter_cfg.c **** 
 196              		.loc 1 228 0
 197 001e 194A     		ldr	r2, .L11+8
 198 0020 194B     		ldr	r3, .L11+12
 199 0022 1A60     		str	r2, [r3]
 231:Generated_Source\PSoC4/cyfitter_cfg.c **** 
 200              		.loc 1 231 0
 201 0024 194C     		ldr	r4, .L11+16
 202 0026 8025     		movs	r5, #128
 203 0028 ED05     		lsls	r5, r5, #23
 204 002a 2560     		str	r5, [r4]
 235:Generated_Source\PSoC4/cyfitter_cfg.c **** 	CY_SET_REG32((void *)(CYREG_BLE_BLERD_BB_XO_CAPTRIM), 0x00003E2Du);
 205              		.loc 1 235 0
 206 002c 184A     		ldr	r2, .L11+20
 207 002e 1168     		ldr	r1, [r2]
 208 0030 0223     		movs	r3, #2
 209 0032 0B43     		orrs	r3, r1
 210 0034 1360     		str	r3, [r2]
 236:Generated_Source\PSoC4/cyfitter_cfg.c **** 	/*Set XTAL(ECO) divider*/
 211              		.loc 1 236 0
 212 0036 174A     		ldr	r2, .L11+24
 213 0038 174B     		ldr	r3, .L11+28
 214 003a 1A60     		str	r2, [r3]
ARM GAS  C:\Users\bryan.lee\AppData\Local\Temp\cczCbOnu.s 			page 10


 238:Generated_Source\PSoC4/cyfitter_cfg.c **** 	/* Disable Crystal Stable Interrupt before enabling ECO */
 215              		.loc 1 238 0
 216 003c 0022     		movs	r2, #0
 217 003e 174B     		ldr	r3, .L11+32
 218 0040 1A60     		str	r2, [r3]
 240:Generated_Source\PSoC4/cyfitter_cfg.c **** 	/* Start the ECO and do not check status since it is not needed for HFCLK */
 219              		.loc 1 240 0
 220 0042 174A     		ldr	r2, .L11+36
 221 0044 1368     		ldr	r3, [r2]
 222 0046 0821     		movs	r1, #8
 223 0048 8B43     		bics	r3, r1
 224 004a 1360     		str	r3, [r2]
 242:Generated_Source\PSoC4/cyfitter_cfg.c **** 	CyDelayUs(1500u); /* Wait to stabilize */
 225              		.loc 1 242 0
 226 004c FA20     		movs	r0, #250
 227 004e C000     		lsls	r0, r0, #3
 228 0050 FFF7FEFF 		bl	CySysClkEcoStart
 229              	.LVL19:
 243:Generated_Source\PSoC4/cyfitter_cfg.c **** 
 230              		.loc 1 243 0
 231 0054 1348     		ldr	r0, .L11+40
 232 0056 FFF7FEFF 		bl	CyDelayUs
 233              	.LVL20:
 248:Generated_Source\PSoC4/cyfitter_cfg.c **** 
 234              		.loc 1 248 0
 235 005a 8022     		movs	r2, #128
 236 005c 1206     		lsls	r2, r2, #24
 237 005e 124B     		ldr	r3, .L11+44
 238 0060 1A60     		str	r2, [r3]
 251:Generated_Source\PSoC4/cyfitter_cfg.c **** 
 239              		.loc 1 251 0
 240 0062 8022     		movs	r2, #128
 241 0064 D202     		lsls	r2, r2, #11
 242 0066 114B     		ldr	r3, .L11+48
 243 0068 1A60     		str	r2, [r3]
 253:Generated_Source\PSoC4/cyfitter_cfg.c **** 	CyIntEnable(8u);
 244              		.loc 1 253 0
 245 006a 1149     		ldr	r1, .L11+52
 246 006c 0820     		movs	r0, #8
 247 006e FFF7FEFF 		bl	CyIntSetVector
 248              	.LVL21:
 254:Generated_Source\PSoC4/cyfitter_cfg.c **** 	CY_SET_REG32((void *)(CYREG_WDT_CONFIG), 0x40000000u);
 249              		.loc 1 254 0
 250 0072 0820     		movs	r0, #8
 251 0074 FFF7FEFF 		bl	CyIntEnable
 252              	.LVL22:
 255:Generated_Source\PSoC4/cyfitter_cfg.c **** }
 253              		.loc 1 255 0
 254 0078 2560     		str	r5, [r4]
 256:Generated_Source\PSoC4/cyfitter_cfg.c **** 
 255              		.loc 1 256 0
 256              		@ sp needed
 257 007a 70BD     		pop	{r4, r5, r6, pc}
 258              	.L12:
 259              		.align	2
 260              	.L11:
 261 007c 30001040 		.word	1074790448
ARM GAS  C:\Users\bryan.lee\AppData\Local\Temp\cczCbOnu.s 			page 11


 262 0080 001BB700 		.word	12000000
 263 0084 06000080 		.word	-2147483642
 264 0088 04010B40 		.word	1074462980
 265 008c 0C020B40 		.word	1074463244
 266 0090 78002E40 		.word	1076756600
 267 0094 2D3E0000 		.word	15917
 268 0098 7C002E40 		.word	1076756604
 269 009c 64F02E40 		.word	1076818020
 270 00a0 6CF02E40 		.word	1076818028
 271 00a4 DC050000 		.word	1500
 272 00a8 08010B40 		.word	1074462984
 273 00ac 00010B40 		.word	1074462976
 274 00b0 00000000 		.word	CySysWdtIsr
 275              		.cfi_endproc
 276              	.LFE6:
 277              		.size	ClockSetup, .-ClockSetup
 278              		.align	2
 279              		.global	cyfitter_cfg
 280              		.code	16
 281              		.thumb_func
 282              		.type	cyfitter_cfg, %function
 283              	cyfitter_cfg:
 284              	.LFB8:
 284:Generated_Source\PSoC4/cyfitter_cfg.c **** 
 285:Generated_Source\PSoC4/cyfitter_cfg.c **** 
 286:Generated_Source\PSoC4/cyfitter_cfg.c **** 
 287:Generated_Source\PSoC4/cyfitter_cfg.c **** 
 288:Generated_Source\PSoC4/cyfitter_cfg.c **** /*******************************************************************************
 289:Generated_Source\PSoC4/cyfitter_cfg.c **** * Function Name: cyfitter_cfg
 290:Generated_Source\PSoC4/cyfitter_cfg.c **** ********************************************************************************
 291:Generated_Source\PSoC4/cyfitter_cfg.c **** * Summary:
 292:Generated_Source\PSoC4/cyfitter_cfg.c **** *  This function is called by the start-up code for the selected device. It
 293:Generated_Source\PSoC4/cyfitter_cfg.c **** *  performs all of the necessary device configuration based on the design
 294:Generated_Source\PSoC4/cyfitter_cfg.c **** *  settings.  This includes settings from the Design Wide Resources (DWR) such
 295:Generated_Source\PSoC4/cyfitter_cfg.c **** *  as Clocks and Pins as well as any component configuration that is necessary.
 296:Generated_Source\PSoC4/cyfitter_cfg.c **** *
 297:Generated_Source\PSoC4/cyfitter_cfg.c **** * Parameters:
 298:Generated_Source\PSoC4/cyfitter_cfg.c **** *   void
 299:Generated_Source\PSoC4/cyfitter_cfg.c **** *
 300:Generated_Source\PSoC4/cyfitter_cfg.c **** * Return:
 301:Generated_Source\PSoC4/cyfitter_cfg.c **** *   void
 302:Generated_Source\PSoC4/cyfitter_cfg.c **** *
 303:Generated_Source\PSoC4/cyfitter_cfg.c **** *******************************************************************************/
 304:Generated_Source\PSoC4/cyfitter_cfg.c **** CY_CFG_SECTION
 305:Generated_Source\PSoC4/cyfitter_cfg.c **** void cyfitter_cfg(void)
 306:Generated_Source\PSoC4/cyfitter_cfg.c **** {
 285              		.loc 1 306 0
 286              		.cfi_startproc
 287              		@ args = 0, pretend = 0, frame = 0
 288              		@ frame_needed = 0, uses_anonymous_args = 0
 289 00b4 10B5     		push	{r4, lr}
 290              		.cfi_def_cfa_offset 8
 291              		.cfi_offset 4, -8
 292              		.cfi_offset 14, -4
 307:Generated_Source\PSoC4/cyfitter_cfg.c **** 	/* Disable interrupts by default. Let user enable if/when they want. */
 308:Generated_Source\PSoC4/cyfitter_cfg.c **** 	CyGlobalIntDisable;
 293              		.loc 1 308 0
ARM GAS  C:\Users\bryan.lee\AppData\Local\Temp\cczCbOnu.s 			page 12


 294              		.syntax divided
 295              	@ 308 "Generated_Source\PSoC4\cyfitter_cfg.c" 1
 296 00b6 72B6     		CPSID   i
 297              	@ 0 "" 2
 309:Generated_Source\PSoC4/cyfitter_cfg.c **** 
 310:Generated_Source\PSoC4/cyfitter_cfg.c **** 	CY_SET_REG32((void *)(CYREG_BLE_BLESS_LL_DSM_CTRL), 0x00000000u);
 298              		.loc 1 310 0
 299              		.thumb
 300              		.syntax unified
 301 00b8 0022     		movs	r2, #0
 302 00ba 254B     		ldr	r3, .L16
 303 00bc 1A60     		str	r2, [r3]
 304              	.LVL23:
 305              	.LBB3:
 311:Generated_Source\PSoC4/cyfitter_cfg.c **** 
 312:Generated_Source\PSoC4/cyfitter_cfg.c **** 	{
 313:Generated_Source\PSoC4/cyfitter_cfg.c **** 		static const uint32 CYCODE cy_cfg_addr_table[] = {
 314:Generated_Source\PSoC4/cyfitter_cfg.c **** 			0x400F6002u, /* Base address: 0x400F6000 Count: 2 */
 315:Generated_Source\PSoC4/cyfitter_cfg.c **** 		};
 316:Generated_Source\PSoC4/cyfitter_cfg.c **** 
 317:Generated_Source\PSoC4/cyfitter_cfg.c **** 		static const cy_cfg_addrvalue_t CYCODE cy_cfg_data_table[] = {
 318:Generated_Source\PSoC4/cyfitter_cfg.c **** 			{0x02u, 0x01u},
 319:Generated_Source\PSoC4/cyfitter_cfg.c **** 			{0x11u, 0x01u},
 320:Generated_Source\PSoC4/cyfitter_cfg.c **** 		};
 321:Generated_Source\PSoC4/cyfitter_cfg.c **** 
 322:Generated_Source\PSoC4/cyfitter_cfg.c **** 
 323:Generated_Source\PSoC4/cyfitter_cfg.c **** 
 324:Generated_Source\PSoC4/cyfitter_cfg.c **** 		CYPACKED typedef struct {
 325:Generated_Source\PSoC4/cyfitter_cfg.c **** 			void CYFAR *address;
 326:Generated_Source\PSoC4/cyfitter_cfg.c **** 			uint16 size;
 327:Generated_Source\PSoC4/cyfitter_cfg.c **** 		} CYPACKED_ATTR cfg_memset_t;
 328:Generated_Source\PSoC4/cyfitter_cfg.c **** 
 329:Generated_Source\PSoC4/cyfitter_cfg.c **** 		static const cfg_memset_t CYCODE cfg_memset_list[] = {
 330:Generated_Source\PSoC4/cyfitter_cfg.c **** 			/* address, size */
 331:Generated_Source\PSoC4/cyfitter_cfg.c **** 			{(void CYFAR *)(CYDEV_UDB_P0_U0_BASE), 1024u},
 332:Generated_Source\PSoC4/cyfitter_cfg.c **** 			{(void CYFAR *)(CYDEV_UDB_DSI0_BASE), 1024u},
 333:Generated_Source\PSoC4/cyfitter_cfg.c **** 		};
 334:Generated_Source\PSoC4/cyfitter_cfg.c **** 
 335:Generated_Source\PSoC4/cyfitter_cfg.c **** 		uint8 CYDATA i;
 336:Generated_Source\PSoC4/cyfitter_cfg.c **** 
 337:Generated_Source\PSoC4/cyfitter_cfg.c **** 		/* Zero out critical memory blocks before beginning configuration */
 338:Generated_Source\PSoC4/cyfitter_cfg.c **** 		for (i = 0u; i < (sizeof(cfg_memset_list)/sizeof(cfg_memset_list[0])); i++)
 306              		.loc 1 338 0
 307 00be 0024     		movs	r4, #0
 308 00c0 0FE0     		b	.L14
 309              	.LVL24:
 310              	.L15:
 311              	.LBB4:
 339:Generated_Source\PSoC4/cyfitter_cfg.c **** 		{
 340:Generated_Source\PSoC4/cyfitter_cfg.c **** 			const cfg_memset_t CYCODE * CYDATA ms = &cfg_memset_list[i];
 341:Generated_Source\PSoC4/cyfitter_cfg.c **** 			CYMEMZERO(ms->address, (size_t)(uint32)(ms->size));
 312              		.loc 1 341 0 discriminator 3
 313 00c2 2448     		ldr	r0, .L16+4
 314 00c4 6200     		lsls	r2, r4, #1
 315 00c6 1319     		adds	r3, r2, r4
 316 00c8 5900     		lsls	r1, r3, #1
 317 00ca 0B00     		movs	r3, r1
ARM GAS  C:\Users\bryan.lee\AppData\Local\Temp\cczCbOnu.s 			page 13


 318 00cc 4118     		adds	r1, r0, r1
 319 00ce 8988     		ldrh	r1, [r1, #4]
 320 00d0 1A5A     		ldrh	r2, [r3, r0]
 321 00d2 C318     		adds	r3, r0, r3
 322 00d4 5888     		ldrh	r0, [r3, #2]
 323 00d6 0004     		lsls	r0, r0, #16
 324 00d8 1043     		orrs	r0, r2
 325 00da FFF7FEFF 		bl	CYMEMZERO
 326              	.LVL25:
 327              	.LBE4:
 338:Generated_Source\PSoC4/cyfitter_cfg.c **** 		{
 328              		.loc 1 338 0 discriminator 3
 329 00de 0134     		adds	r4, r4, #1
 330              	.LVL26:
 331 00e0 E4B2     		uxtb	r4, r4
 332              	.LVL27:
 333              	.L14:
 338:Generated_Source\PSoC4/cyfitter_cfg.c **** 		{
 334              		.loc 1 338 0 is_stmt 0 discriminator 1
 335 00e2 012C     		cmp	r4, #1
 336 00e4 EDD9     		bls	.L15
 342:Generated_Source\PSoC4/cyfitter_cfg.c **** 		}
 343:Generated_Source\PSoC4/cyfitter_cfg.c **** 
 344:Generated_Source\PSoC4/cyfitter_cfg.c **** 		cfg_write_bytes32(cy_cfg_addr_table, cy_cfg_data_table);
 337              		.loc 1 344 0 is_stmt 1
 338 00e6 1B48     		ldr	r0, .L16+4
 339 00e8 0100     		movs	r1, r0
 340 00ea 0C31     		adds	r1, r1, #12
 341 00ec 1030     		adds	r0, r0, #16
 342 00ee FFF7FEFF 		bl	cfg_write_bytes32
 343              	.LVL28:
 345:Generated_Source\PSoC4/cyfitter_cfg.c **** 
 346:Generated_Source\PSoC4/cyfitter_cfg.c **** 		/* HSIOM Starting address: CYDEV_HSIOM_BASE */
 347:Generated_Source\PSoC4/cyfitter_cfg.c **** 		CY_SET_REG32((void *)(CYDEV_HSIOM_BASE), 0xEE000000u);
 344              		.loc 1 347 0
 345 00f2 EE22     		movs	r2, #238
 346 00f4 1206     		lsls	r2, r2, #24
 347 00f6 184B     		ldr	r3, .L16+8
 348 00f8 1A60     		str	r2, [r3]
 348:Generated_Source\PSoC4/cyfitter_cfg.c **** 
 349:Generated_Source\PSoC4/cyfitter_cfg.c **** 		/* UDB_PA_0 Starting address: CYDEV_UDB_PA0_BASE */
 350:Generated_Source\PSoC4/cyfitter_cfg.c **** 		CY_SET_REG32((void *)(CYDEV_UDB_PA0_BASE), 0x00990000u);
 349              		.loc 1 350 0
 350 00fa 9923     		movs	r3, #153
 351 00fc 1B04     		lsls	r3, r3, #16
 352 00fe 174A     		ldr	r2, .L16+12
 353 0100 1360     		str	r3, [r2]
 351:Generated_Source\PSoC4/cyfitter_cfg.c **** 
 352:Generated_Source\PSoC4/cyfitter_cfg.c **** 		/* UDB_PA_2 Starting address: CYDEV_UDB_PA2_BASE */
 353:Generated_Source\PSoC4/cyfitter_cfg.c **** 		CY_SET_REG32((void *)(CYDEV_UDB_PA2_BASE), 0x00990000u);
 354              		.loc 1 353 0
 355 0102 174A     		ldr	r2, .L16+16
 356 0104 1360     		str	r3, [r2]
 354:Generated_Source\PSoC4/cyfitter_cfg.c **** 		CY_SET_REG32((void *)(CYREG_UDB_PA2_CFG4), 0x80000000u);
 357              		.loc 1 354 0
 358 0106 8021     		movs	r1, #128
 359 0108 0906     		lsls	r1, r1, #24
ARM GAS  C:\Users\bryan.lee\AppData\Local\Temp\cczCbOnu.s 			page 14


 360 010a 164A     		ldr	r2, .L16+20
 361 010c 1160     		str	r1, [r2]
 355:Generated_Source\PSoC4/cyfitter_cfg.c **** 
 356:Generated_Source\PSoC4/cyfitter_cfg.c **** 		/* UDB_PA_3 Starting address: CYDEV_UDB_PA3_BASE */
 357:Generated_Source\PSoC4/cyfitter_cfg.c **** 		CY_SET_REG32((void *)(CYDEV_UDB_PA3_BASE), 0x00990000u);
 362              		.loc 1 357 0
 363 010e 164A     		ldr	r2, .L16+24
 364 0110 1360     		str	r3, [r2]
 358:Generated_Source\PSoC4/cyfitter_cfg.c **** 
 359:Generated_Source\PSoC4/cyfitter_cfg.c **** 		/* Enable digital routing */
 360:Generated_Source\PSoC4/cyfitter_cfg.c **** 		CY_SET_XTND_REG8((void *)CYREG_UDB_UDBIF_BANK_CTL, (uint8)(CY_GET_XTND_REG8((void *)CYREG_UDB_UDB
 365              		.loc 1 360 0
 366 0112 164A     		ldr	r2, .L16+28
 367 0114 1178     		ldrb	r1, [r2]
 368 0116 0623     		movs	r3, #6
 369 0118 0B43     		orrs	r3, r1
 370 011a DBB2     		uxtb	r3, r3
 371 011c 1370     		strb	r3, [r2]
 372              	.LBE3:
 361:Generated_Source\PSoC4/cyfitter_cfg.c **** 	}
 362:Generated_Source\PSoC4/cyfitter_cfg.c **** 
 363:Generated_Source\PSoC4/cyfitter_cfg.c **** 	/* Perform second pass device configuration. These items must be configured in specific order afte
 364:Generated_Source\PSoC4/cyfitter_cfg.c **** 	/* IOPINS0_0 Starting address: CYDEV_GPIO_PRT0_BASE */
 365:Generated_Source\PSoC4/cyfitter_cfg.c **** 	CY_SET_REG32((void *)(CYREG_GPIO_PRT0_PC), 0x00D80000u);
 373              		.loc 1 365 0
 374 011e D823     		movs	r3, #216
 375 0120 1B04     		lsls	r3, r3, #16
 376 0122 134A     		ldr	r2, .L16+32
 377 0124 1360     		str	r3, [r2]
 366:Generated_Source\PSoC4/cyfitter_cfg.c **** 
 367:Generated_Source\PSoC4/cyfitter_cfg.c **** 	/* IOPINS0_2 Starting address: CYDEV_GPIO_PRT2_BASE */
 368:Generated_Source\PSoC4/cyfitter_cfg.c **** 	CY_SET_REG32((void *)(CYDEV_GPIO_PRT2_BASE), 0x000000C0u);
 378              		.loc 1 368 0
 379 0126 C022     		movs	r2, #192
 380 0128 1249     		ldr	r1, .L16+36
 381 012a 0A60     		str	r2, [r1]
 369:Generated_Source\PSoC4/cyfitter_cfg.c **** 	CY_SET_REG32((void *)(CYREG_GPIO_PRT2_PC), 0x00580000u);
 382              		.loc 1 369 0
 383 012c B020     		movs	r0, #176
 384 012e C003     		lsls	r0, r0, #15
 385 0130 1149     		ldr	r1, .L16+40
 386 0132 0860     		str	r0, [r1]
 370:Generated_Source\PSoC4/cyfitter_cfg.c **** 	CY_SET_REG32((void *)(CYREG_GPIO_PRT2_INTR_CFG), 0x00008000u);
 387              		.loc 1 370 0
 388 0134 8020     		movs	r0, #128
 389 0136 0002     		lsls	r0, r0, #8
 390 0138 1049     		ldr	r1, .L16+44
 391 013a 0860     		str	r0, [r1]
 371:Generated_Source\PSoC4/cyfitter_cfg.c **** 
 372:Generated_Source\PSoC4/cyfitter_cfg.c **** 	/* IOPINS0_3 Starting address: CYDEV_GPIO_PRT3_BASE */
 373:Generated_Source\PSoC4/cyfitter_cfg.c **** 	CY_SET_REG32((void *)(CYDEV_GPIO_PRT3_BASE), 0x000000C0u);
 392              		.loc 1 373 0
 393 013c 1049     		ldr	r1, .L16+48
 394 013e 0A60     		str	r2, [r1]
 374:Generated_Source\PSoC4/cyfitter_cfg.c **** 	CY_SET_REG32((void *)(CYREG_GPIO_PRT3_PC), 0x00D80000u);
 395              		.loc 1 374 0
 396 0140 104A     		ldr	r2, .L16+52
ARM GAS  C:\Users\bryan.lee\AppData\Local\Temp\cczCbOnu.s 			page 15


 397 0142 1360     		str	r3, [r2]
 375:Generated_Source\PSoC4/cyfitter_cfg.c **** 
 376:Generated_Source\PSoC4/cyfitter_cfg.c **** 
 377:Generated_Source\PSoC4/cyfitter_cfg.c **** 	/* Setup clocks based on selections from Clock DWR */
 378:Generated_Source\PSoC4/cyfitter_cfg.c **** 	ClockSetup();
 398              		.loc 1 378 0
 399 0144 FFF75CFF 		bl	ClockSetup
 400              	.LVL29:
 379:Generated_Source\PSoC4/cyfitter_cfg.c **** 
 380:Generated_Source\PSoC4/cyfitter_cfg.c **** 	/* Perform basic analog initialization to defaults */
 381:Generated_Source\PSoC4/cyfitter_cfg.c **** 	AnalogSetDefault();
 401              		.loc 1 381 0
 402 0148 FFF7FEFF 		bl	AnalogSetDefault
 403              	.LVL30:
 382:Generated_Source\PSoC4/cyfitter_cfg.c **** 
 383:Generated_Source\PSoC4/cyfitter_cfg.c **** }
 404              		.loc 1 383 0
 405              		@ sp needed
 406              	.LVL31:
 407 014c 10BD     		pop	{r4, pc}
 408              	.L17:
 409 014e C046     		.align	2
 410              	.L16:
 411 0150 6CF02E40 		.word	1076818028
 412 0154 00000000 		.word	.LANCHOR0
 413 0158 00000240 		.word	1073872896
 414 015c 00500F40 		.word	1074745344
 415 0160 20500F40 		.word	1074745376
 416 0164 24500F40 		.word	1074745380
 417 0168 30500F40 		.word	1074745392
 418 016c 00700F40 		.word	1074753536
 419 0170 08000440 		.word	1074003976
 420 0174 00020440 		.word	1074004480
 421 0178 08020440 		.word	1074004488
 422 017c 0C020440 		.word	1074004492
 423 0180 00030440 		.word	1074004736
 424 0184 08030440 		.word	1074004744
 425              		.cfi_endproc
 426              	.LFE8:
 427              		.size	cyfitter_cfg, .-cyfitter_cfg
 428              		.section	.rodata
 429              		.align	2
 430              		.set	.LANCHOR0,. + 0
 431              		.type	cfg_memset_list.4907, %object
 432              		.size	cfg_memset_list.4907, 12
 433              	cfg_memset_list.4907:
 434 0000 00300F40 		.word	1074737152
 435 0004 0004     		.short	1024
 436 0006 00400F40 		.4byte	1074741248
 437 000a 0004     		.short	1024
 438              		.type	cy_cfg_data_table.4902, %object
 439              		.size	cy_cfg_data_table.4902, 4
 440              	cy_cfg_data_table.4902:
 441 000c 02       		.byte	2
 442 000d 01       		.byte	1
 443 000e 11       		.byte	17
 444 000f 01       		.byte	1
ARM GAS  C:\Users\bryan.lee\AppData\Local\Temp\cczCbOnu.s 			page 16


 445              		.type	cy_cfg_addr_table.4901, %object
 446              		.size	cy_cfg_addr_table.4901, 4
 447              	cy_cfg_addr_table.4901:
 448 0010 02600F40 		.word	1074749442
 449              		.text
 450              	.Letext0:
 451              		.file 2 "c:\\program files (x86)\\cypress\\psoc creator\\4.1\\psoc creator\\import\\gnu\\arm\\5.4.
 452              		.file 3 "Generated_Source\\PSoC4\\cytypes.h"
 453              		.file 4 "Generated_Source\\PSoC4\\CyLFClk.h"
 454              		.file 5 "Generated_Source\\PSoC4\\CyLib.h"
 455              		.section	.debug_info,"",%progbits
 456              	.Ldebug_info0:
 457 0000 4C040000 		.4byte	0x44c
 458 0004 0400     		.2byte	0x4
 459 0006 00000000 		.4byte	.Ldebug_abbrev0
 460 000a 04       		.byte	0x4
 461 000b 01       		.uleb128 0x1
 462 000c BA010000 		.4byte	.LASF44
 463 0010 0C       		.byte	0xc
 464 0011 02030000 		.4byte	.LASF45
 465 0015 C0000000 		.4byte	.LASF46
 466 0019 00000000 		.4byte	.Ldebug_ranges0+0
 467 001d 00000000 		.4byte	0
 468 0021 00000000 		.4byte	.Ldebug_line0
 469 0025 02       		.uleb128 0x2
 470 0026 04       		.byte	0x4
 471 0027 05       		.byte	0x5
 472 0028 696E7400 		.ascii	"int\000"
 473 002c 03       		.uleb128 0x3
 474 002d 14000000 		.4byte	.LASF12
 475 0031 02       		.byte	0x2
 476 0032 D8       		.byte	0xd8
 477 0033 37000000 		.4byte	0x37
 478 0037 04       		.uleb128 0x4
 479 0038 04       		.byte	0x4
 480 0039 07       		.byte	0x7
 481 003a 81010000 		.4byte	.LASF0
 482 003e 04       		.uleb128 0x4
 483 003f 08       		.byte	0x8
 484 0040 05       		.byte	0x5
 485 0041 7A020000 		.4byte	.LASF1
 486 0045 04       		.uleb128 0x4
 487 0046 08       		.byte	0x8
 488 0047 04       		.byte	0x4
 489 0048 EA020000 		.4byte	.LASF2
 490 004c 04       		.uleb128 0x4
 491 004d 01       		.byte	0x1
 492 004e 06       		.byte	0x6
 493 004f F6020000 		.4byte	.LASF3
 494 0053 04       		.uleb128 0x4
 495 0054 01       		.byte	0x1
 496 0055 08       		.byte	0x8
 497 0056 23010000 		.4byte	.LASF4
 498 005a 04       		.uleb128 0x4
 499 005b 02       		.byte	0x2
 500 005c 05       		.byte	0x5
 501 005d C2020000 		.4byte	.LASF5
ARM GAS  C:\Users\bryan.lee\AppData\Local\Temp\cczCbOnu.s 			page 17


 502 0061 04       		.uleb128 0x4
 503 0062 02       		.byte	0x2
 504 0063 07       		.byte	0x7
 505 0064 67020000 		.4byte	.LASF6
 506 0068 04       		.uleb128 0x4
 507 0069 04       		.byte	0x4
 508 006a 05       		.byte	0x5
 509 006b E1020000 		.4byte	.LASF7
 510 006f 04       		.uleb128 0x4
 511 0070 04       		.byte	0x4
 512 0071 07       		.byte	0x7
 513 0072 AE000000 		.4byte	.LASF8
 514 0076 04       		.uleb128 0x4
 515 0077 08       		.byte	0x8
 516 0078 07       		.byte	0x7
 517 0079 A3010000 		.4byte	.LASF9
 518 007d 04       		.uleb128 0x4
 519 007e 04       		.byte	0x4
 520 007f 07       		.byte	0x7
 521 0080 5E020000 		.4byte	.LASF10
 522 0084 05       		.uleb128 0x5
 523 0085 04       		.byte	0x4
 524 0086 04       		.uleb128 0x4
 525 0087 01       		.byte	0x1
 526 0088 08       		.byte	0x8
 527 0089 92020000 		.4byte	.LASF11
 528 008d 06       		.uleb128 0x6
 529 008e 02010000 		.4byte	.LASF13
 530 0092 03       		.byte	0x3
 531 0093 D201     		.2byte	0x1d2
 532 0095 53000000 		.4byte	0x53
 533 0099 06       		.uleb128 0x6
 534 009a 68010000 		.4byte	.LASF14
 535 009e 03       		.byte	0x3
 536 009f D301     		.2byte	0x1d3
 537 00a1 61000000 		.4byte	0x61
 538 00a5 06       		.uleb128 0x6
 539 00a6 7A010000 		.4byte	.LASF15
 540 00aa 03       		.byte	0x3
 541 00ab D401     		.2byte	0x1d4
 542 00ad 6F000000 		.4byte	0x6f
 543 00b1 04       		.uleb128 0x4
 544 00b2 04       		.byte	0x4
 545 00b3 04       		.byte	0x4
 546 00b4 76000000 		.4byte	.LASF16
 547 00b8 04       		.uleb128 0x4
 548 00b9 08       		.byte	0x8
 549 00ba 04       		.byte	0x4
 550 00bb 38010000 		.4byte	.LASF17
 551 00bf 06       		.uleb128 0x6
 552 00c0 A9000000 		.4byte	.LASF18
 553 00c4 03       		.byte	0x3
 554 00c5 7C02     		.2byte	0x27c
 555 00c7 CB000000 		.4byte	0xcb
 556 00cb 07       		.uleb128 0x7
 557 00cc 8D000000 		.4byte	0x8d
 558 00d0 06       		.uleb128 0x6
ARM GAS  C:\Users\bryan.lee\AppData\Local\Temp\cczCbOnu.s 			page 18


 559 00d1 0E000000 		.4byte	.LASF19
 560 00d5 03       		.byte	0x3
 561 00d6 7E02     		.2byte	0x27e
 562 00d8 DC000000 		.4byte	0xdc
 563 00dc 07       		.uleb128 0x7
 564 00dd A5000000 		.4byte	0xa5
 565 00e1 08       		.uleb128 0x8
 566 00e2 02       		.byte	0x2
 567 00e3 01       		.byte	0x1
 568 00e4 9A       		.byte	0x9a
 569 00e5 02010000 		.4byte	0x102
 570 00e9 09       		.uleb128 0x9
 571 00ea BB020000 		.4byte	.LASF20
 572 00ee 01       		.byte	0x1
 573 00ef 9C       		.byte	0x9c
 574 00f0 8D000000 		.4byte	0x8d
 575 00f4 00       		.byte	0
 576 00f5 09       		.uleb128 0x9
 577 00f6 3B000000 		.4byte	.LASF21
 578 00fa 01       		.byte	0x1
 579 00fb 9D       		.byte	0x9d
 580 00fc 8D000000 		.4byte	0x8d
 581 0100 01       		.byte	0x1
 582 0101 00       		.byte	0
 583 0102 03       		.uleb128 0x3
 584 0103 A8020000 		.4byte	.LASF22
 585 0107 01       		.byte	0x1
 586 0108 9E       		.byte	0x9e
 587 0109 E1000000 		.4byte	0xe1
 588 010d 0A       		.uleb128 0xa
 589 010e 3F010000 		.4byte	.LASF27
 590 0112 01       		.byte	0x1
 591 0113 B1       		.byte	0xb1
 592 0114 00000000 		.4byte	.LFB5
 593 0118 32000000 		.4byte	.LFE5-.LFB5
 594 011c 01       		.uleb128 0x1
 595 011d 9C       		.byte	0x9c
 596 011e 7F010000 		.4byte	0x17f
 597 0122 0B       		.uleb128 0xb
 598 0123 5D010000 		.4byte	.LASF23
 599 0127 01       		.byte	0x1
 600 0128 B1       		.byte	0xb1
 601 0129 7F010000 		.4byte	0x17f
 602 012d 01       		.uleb128 0x1
 603 012e 50       		.byte	0x50
 604 012f 0B       		.uleb128 0xb
 605 0130 6F010000 		.4byte	.LASF24
 606 0134 01       		.byte	0x1
 607 0135 B1       		.byte	0xb1
 608 0136 8A010000 		.4byte	0x18a
 609 013a 01       		.uleb128 0x1
 610 013b 51       		.byte	0x51
 611 013c 0C       		.uleb128 0xc
 612 013d 6900     		.ascii	"i\000"
 613 013f 01       		.byte	0x1
 614 0140 B4       		.byte	0xb4
 615 0141 A5000000 		.4byte	0xa5
ARM GAS  C:\Users\bryan.lee\AppData\Local\Temp\cczCbOnu.s 			page 19


 616 0145 00000000 		.4byte	.LLST0
 617 0149 0C       		.uleb128 0xc
 618 014a 6A00     		.ascii	"j\000"
 619 014c 01       		.byte	0x1
 620 014d B4       		.byte	0xb4
 621 014e A5000000 		.4byte	0xa5
 622 0152 1F000000 		.4byte	.LLST1
 623 0156 0D       		.uleb128 0xd
 624 0157 08000000 		.4byte	.LBB2
 625 015b 22000000 		.4byte	.LBE2-.LBB2
 626 015f 0E       		.uleb128 0xe
 627 0160 55020000 		.4byte	.LASF25
 628 0164 01       		.byte	0x1
 629 0165 B7       		.byte	0xb7
 630 0166 A5000000 		.4byte	0xa5
 631 016a 3E000000 		.4byte	.LLST2
 632 016e 0E       		.uleb128 0xe
 633 016f 41000000 		.4byte	.LASF26
 634 0173 01       		.byte	0x1
 635 0174 B8       		.byte	0xb8
 636 0175 8D000000 		.4byte	0x8d
 637 0179 51000000 		.4byte	.LLST3
 638 017d 00       		.byte	0
 639 017e 00       		.byte	0
 640 017f 0F       		.uleb128 0xf
 641 0180 04       		.byte	0x4
 642 0181 85010000 		.4byte	0x185
 643 0185 10       		.uleb128 0x10
 644 0186 A5000000 		.4byte	0xa5
 645 018a 0F       		.uleb128 0xf
 646 018b 04       		.byte	0x4
 647 018c 90010000 		.4byte	0x190
 648 0190 10       		.uleb128 0x10
 649 0191 02010000 		.4byte	0x102
 650 0195 11       		.uleb128 0x11
 651 0196 1B000000 		.4byte	.LASF47
 652 019a 01       		.byte	0x1
 653 019b 1601     		.2byte	0x116
 654 019d 00000000 		.4byte	.LFB7
 655 01a1 20000000 		.4byte	.LFE7-.LFB7
 656 01a5 01       		.uleb128 0x1
 657 01a6 9C       		.byte	0x9c
 658 01a7 0A       		.uleb128 0xa
 659 01a8 19010000 		.4byte	.LASF28
 660 01ac 01       		.byte	0x1
 661 01ad 4C       		.byte	0x4c
 662 01ae 00000000 		.4byte	.LFB2
 663 01b2 0C000000 		.4byte	.LFE2-.LFB2
 664 01b6 01       		.uleb128 0x1
 665 01b7 9C       		.byte	0x9c
 666 01b8 F4010000 		.4byte	0x1f4
 667 01bc 12       		.uleb128 0x12
 668 01bd 7300     		.ascii	"s\000"
 669 01bf 01       		.byte	0x1
 670 01c0 4C       		.byte	0x4c
 671 01c1 84000000 		.4byte	0x84
 672 01c5 6F000000 		.4byte	.LLST4
ARM GAS  C:\Users\bryan.lee\AppData\Local\Temp\cczCbOnu.s 			page 20


 673 01c9 12       		.uleb128 0x12
 674 01ca 6E00     		.ascii	"n\000"
 675 01cc 01       		.byte	0x1
 676 01cd 4C       		.byte	0x4c
 677 01ce 2C000000 		.4byte	0x2c
 678 01d2 90000000 		.4byte	.LLST5
 679 01d6 13       		.uleb128 0x13
 680 01d7 0A000000 		.4byte	.LVL14
 681 01db EE030000 		.4byte	0x3ee
 682 01df 14       		.uleb128 0x14
 683 01e0 01       		.uleb128 0x1
 684 01e1 50       		.byte	0x50
 685 01e2 03       		.uleb128 0x3
 686 01e3 F3       		.byte	0xf3
 687 01e4 01       		.uleb128 0x1
 688 01e5 50       		.byte	0x50
 689 01e6 14       		.uleb128 0x14
 690 01e7 01       		.uleb128 0x1
 691 01e8 51       		.byte	0x51
 692 01e9 01       		.uleb128 0x1
 693 01ea 30       		.byte	0x30
 694 01eb 14       		.uleb128 0x14
 695 01ec 01       		.uleb128 0x1
 696 01ed 52       		.byte	0x52
 697 01ee 03       		.uleb128 0x3
 698 01ef F3       		.byte	0xf3
 699 01f0 01       		.uleb128 0x1
 700 01f1 51       		.byte	0x51
 701 01f2 00       		.byte	0
 702 01f3 00       		.byte	0
 703 01f4 0A       		.uleb128 0xa
 704 01f5 47000000 		.4byte	.LASF29
 705 01f9 01       		.byte	0x1
 706 01fa D6       		.byte	0xd6
 707 01fb 00000000 		.4byte	.LFB6
 708 01ff B4000000 		.4byte	.LFE6-.LFB6
 709 0203 01       		.uleb128 0x1
 710 0204 9C       		.byte	0x9c
 711 0205 9D020000 		.4byte	0x29d
 712 0209 15       		.uleb128 0x15
 713 020a 0C000000 		.4byte	.LVL15
 714 020e F7030000 		.4byte	0x3f7
 715 0212 16       		.uleb128 0x16
 716 0213 12000000 		.4byte	.LVL16
 717 0217 02040000 		.4byte	0x402
 718 021b 29020000 		.4byte	0x229
 719 021f 14       		.uleb128 0x14
 720 0220 01       		.uleb128 0x1
 721 0221 50       		.byte	0x50
 722 0222 05       		.uleb128 0x5
 723 0223 0C       		.byte	0xc
 724 0224 001BB700 		.4byte	0xb71b00
 725 0228 00       		.byte	0
 726 0229 16       		.uleb128 0x16
 727 022a 18000000 		.4byte	.LVL17
 728 022e 0D040000 		.4byte	0x40d
 729 0232 3C020000 		.4byte	0x23c
ARM GAS  C:\Users\bryan.lee\AppData\Local\Temp\cczCbOnu.s 			page 21


 730 0236 14       		.uleb128 0x14
 731 0237 01       		.uleb128 0x1
 732 0238 50       		.byte	0x50
 733 0239 01       		.uleb128 0x1
 734 023a 31       		.byte	0x31
 735 023b 00       		.byte	0
 736 023c 16       		.uleb128 0x16
 737 023d 1E000000 		.4byte	.LVL18
 738 0241 18040000 		.4byte	0x418
 739 0245 50020000 		.4byte	0x250
 740 0249 14       		.uleb128 0x14
 741 024a 01       		.uleb128 0x1
 742 024b 50       		.byte	0x50
 743 024c 02       		.uleb128 0x2
 744 024d 08       		.byte	0x8
 745 024e 30       		.byte	0x30
 746 024f 00       		.byte	0
 747 0250 16       		.uleb128 0x16
 748 0251 54000000 		.4byte	.LVL19
 749 0255 23040000 		.4byte	0x423
 750 0259 65020000 		.4byte	0x265
 751 025d 14       		.uleb128 0x14
 752 025e 01       		.uleb128 0x1
 753 025f 50       		.byte	0x50
 754 0260 03       		.uleb128 0x3
 755 0261 0A       		.byte	0xa
 756 0262 D007     		.2byte	0x7d0
 757 0264 00       		.byte	0
 758 0265 16       		.uleb128 0x16
 759 0266 5A000000 		.4byte	.LVL20
 760 026a 2E040000 		.4byte	0x42e
 761 026e 7A020000 		.4byte	0x27a
 762 0272 14       		.uleb128 0x14
 763 0273 01       		.uleb128 0x1
 764 0274 50       		.byte	0x50
 765 0275 03       		.uleb128 0x3
 766 0276 0A       		.byte	0xa
 767 0277 DC05     		.2byte	0x5dc
 768 0279 00       		.byte	0
 769 027a 16       		.uleb128 0x16
 770 027b 72000000 		.4byte	.LVL21
 771 027f 39040000 		.4byte	0x439
 772 0283 8D020000 		.4byte	0x28d
 773 0287 14       		.uleb128 0x14
 774 0288 01       		.uleb128 0x1
 775 0289 50       		.byte	0x50
 776 028a 01       		.uleb128 0x1
 777 028b 38       		.byte	0x38
 778 028c 00       		.byte	0
 779 028d 13       		.uleb128 0x13
 780 028e 78000000 		.4byte	.LVL22
 781 0292 44040000 		.4byte	0x444
 782 0296 14       		.uleb128 0x14
 783 0297 01       		.uleb128 0x1
 784 0298 50       		.byte	0x50
 785 0299 01       		.uleb128 0x1
 786 029a 38       		.byte	0x38
ARM GAS  C:\Users\bryan.lee\AppData\Local\Temp\cczCbOnu.s 			page 22


 787 029b 00       		.byte	0
 788 029c 00       		.byte	0
 789 029d 17       		.uleb128 0x17
 790 029e 8E010000 		.4byte	.LASF48
 791 02a2 01       		.byte	0x1
 792 02a3 3101     		.2byte	0x131
 793 02a5 B4000000 		.4byte	.LFB8
 794 02a9 D4000000 		.4byte	.LFE8-.LFB8
 795 02ad 01       		.uleb128 0x1
 796 02ae 9C       		.byte	0x9c
 797 02af C4030000 		.4byte	0x3c4
 798 02b3 18       		.uleb128 0x18
 799 02b4 BE000000 		.4byte	.LBB3
 800 02b8 60000000 		.4byte	.LBE3-.LBB3
 801 02bc B1030000 		.4byte	0x3b1
 802 02c0 19       		.uleb128 0x19
 803 02c1 52000000 		.4byte	.LASF30
 804 02c5 01       		.byte	0x1
 805 02c6 3901     		.2byte	0x139
 806 02c8 D4030000 		.4byte	0x3d4
 807 02cc 05       		.uleb128 0x5
 808 02cd 03       		.byte	0x3
 809 02ce 10000000 		.4byte	cy_cfg_addr_table.4901
 810 02d2 19       		.uleb128 0x19
 811 02d3 64000000 		.4byte	.LASF31
 812 02d7 01       		.byte	0x1
 813 02d8 3D01     		.2byte	0x13d
 814 02da E9030000 		.4byte	0x3e9
 815 02de 05       		.uleb128 0x5
 816 02df 03       		.byte	0x3
 817 02e0 0C000000 		.4byte	cy_cfg_data_table.4902
 818 02e4 1A       		.uleb128 0x1a
 819 02e5 06       		.byte	0x6
 820 02e6 01       		.byte	0x1
 821 02e7 4401     		.2byte	0x144
 822 02e9 08030000 		.4byte	0x308
 823 02ed 1B       		.uleb128 0x1b
 824 02ee 9B010000 		.4byte	.LASF32
 825 02f2 01       		.byte	0x1
 826 02f3 4501     		.2byte	0x145
 827 02f5 84000000 		.4byte	0x84
 828 02f9 00       		.byte	0
 829 02fa 1B       		.uleb128 0x1b
 830 02fb 8C000000 		.4byte	.LASF33
 831 02ff 01       		.byte	0x1
 832 0300 4601     		.2byte	0x146
 833 0302 99000000 		.4byte	0x99
 834 0306 04       		.byte	0x4
 835 0307 00       		.byte	0
 836 0308 06       		.uleb128 0x6
 837 0309 48020000 		.4byte	.LASF34
 838 030d 01       		.byte	0x1
 839 030e 4701     		.2byte	0x147
 840 0310 E4020000 		.4byte	0x2e4
 841 0314 1C       		.uleb128 0x1c
 842 0315 24030000 		.4byte	0x324
 843 0319 24030000 		.4byte	0x324
ARM GAS  C:\Users\bryan.lee\AppData\Local\Temp\cczCbOnu.s 			page 23


 844 031d 1D       		.uleb128 0x1d
 845 031e 7D000000 		.4byte	0x7d
 846 0322 01       		.byte	0x1
 847 0323 00       		.byte	0
 848 0324 10       		.uleb128 0x10
 849 0325 08030000 		.4byte	0x308
 850 0329 19       		.uleb128 0x19
 851 032a 7C000000 		.4byte	.LASF35
 852 032e 01       		.byte	0x1
 853 032f 4901     		.2byte	0x149
 854 0331 3B030000 		.4byte	0x33b
 855 0335 05       		.uleb128 0x5
 856 0336 03       		.byte	0x3
 857 0337 00000000 		.4byte	cfg_memset_list.4907
 858 033b 10       		.uleb128 0x10
 859 033c 14030000 		.4byte	0x314
 860 0340 1E       		.uleb128 0x1e
 861 0341 6900     		.ascii	"i\000"
 862 0343 01       		.byte	0x1
 863 0344 4F01     		.2byte	0x14f
 864 0346 8D000000 		.4byte	0x8d
 865 034a BC000000 		.4byte	.LLST6
 866 034e 18       		.uleb128 0x18
 867 034f C2000000 		.4byte	.LBB4
 868 0353 1C000000 		.4byte	.LBE4-.LBB4
 869 0357 94030000 		.4byte	0x394
 870 035b 1E       		.uleb128 0x1e
 871 035c 6D7300   		.ascii	"ms\000"
 872 035f 01       		.byte	0x1
 873 0360 5401     		.2byte	0x154
 874 0362 6A030000 		.4byte	0x36a
 875 0366 E6000000 		.4byte	.LLST7
 876 036a 0F       		.uleb128 0xf
 877 036b 04       		.byte	0x4
 878 036c 24030000 		.4byte	0x324
 879 0370 13       		.uleb128 0x13
 880 0371 DE000000 		.4byte	.LVL25
 881 0375 A7010000 		.4byte	0x1a7
 882 0379 14       		.uleb128 0x14
 883 037a 01       		.uleb128 0x1
 884 037b 51       		.byte	0x51
 885 037c 15       		.uleb128 0x15
 886 037d 74       		.byte	0x74
 887 037e 00       		.sleb128 0
 888 037f 31       		.byte	0x31
 889 0380 24       		.byte	0x24
 890 0381 74       		.byte	0x74
 891 0382 00       		.sleb128 0
 892 0383 22       		.byte	0x22
 893 0384 31       		.byte	0x31
 894 0385 24       		.byte	0x24
 895 0386 03       		.byte	0x3
 896 0387 04000000 		.4byte	.LANCHOR0+4
 897 038b 22       		.byte	0x22
 898 038c 94       		.byte	0x94
 899 038d 02       		.byte	0x2
 900 038e 0A       		.byte	0xa
ARM GAS  C:\Users\bryan.lee\AppData\Local\Temp\cczCbOnu.s 			page 24


 901 038f FFFF     		.2byte	0xffff
 902 0391 1A       		.byte	0x1a
 903 0392 00       		.byte	0
 904 0393 00       		.byte	0
 905 0394 13       		.uleb128 0x13
 906 0395 F2000000 		.4byte	.LVL28
 907 0399 0D010000 		.4byte	0x10d
 908 039d 14       		.uleb128 0x14
 909 039e 01       		.uleb128 0x1
 910 039f 50       		.byte	0x50
 911 03a0 05       		.uleb128 0x5
 912 03a1 03       		.byte	0x3
 913 03a2 10000000 		.4byte	.LANCHOR0+16
 914 03a6 14       		.uleb128 0x14
 915 03a7 01       		.uleb128 0x1
 916 03a8 51       		.byte	0x51
 917 03a9 05       		.uleb128 0x5
 918 03aa 03       		.byte	0x3
 919 03ab 0C000000 		.4byte	.LANCHOR0+12
 920 03af 00       		.byte	0
 921 03b0 00       		.byte	0
 922 03b1 15       		.uleb128 0x15
 923 03b2 48010000 		.4byte	.LVL29
 924 03b6 F4010000 		.4byte	0x1f4
 925 03ba 15       		.uleb128 0x15
 926 03bb 4C010000 		.4byte	.LVL30
 927 03bf 95010000 		.4byte	0x195
 928 03c3 00       		.byte	0
 929 03c4 1C       		.uleb128 0x1c
 930 03c5 85010000 		.4byte	0x185
 931 03c9 D4030000 		.4byte	0x3d4
 932 03cd 1D       		.uleb128 0x1d
 933 03ce 7D000000 		.4byte	0x7d
 934 03d2 00       		.byte	0
 935 03d3 00       		.byte	0
 936 03d4 10       		.uleb128 0x10
 937 03d5 C4030000 		.4byte	0x3c4
 938 03d9 1C       		.uleb128 0x1c
 939 03da 90010000 		.4byte	0x190
 940 03de E9030000 		.4byte	0x3e9
 941 03e2 1D       		.uleb128 0x1d
 942 03e3 7D000000 		.4byte	0x7d
 943 03e7 01       		.byte	0x1
 944 03e8 00       		.byte	0
 945 03e9 10       		.uleb128 0x10
 946 03ea D9030000 		.4byte	0x3d9
 947 03ee 1F       		.uleb128 0x1f
 948 03ef 31010000 		.4byte	.LASF49
 949 03f3 31010000 		.4byte	.LASF49
 950 03f7 20       		.uleb128 0x20
 951 03f8 08010000 		.4byte	.LASF36
 952 03fc 08010000 		.4byte	.LASF36
 953 0400 04       		.byte	0x4
 954 0401 4E       		.byte	0x4e
 955 0402 20       		.uleb128 0x20
 956 0403 00000000 		.4byte	.LASF37
 957 0407 00000000 		.4byte	.LASF37
ARM GAS  C:\Users\bryan.lee\AppData\Local\Temp\cczCbOnu.s 			page 25


 958 040b 05       		.byte	0x5
 959 040c DC       		.byte	0xdc
 960 040d 20       		.uleb128 0x20
 961 040e 91000000 		.4byte	.LASF38
 962 0412 91000000 		.4byte	.LASF38
 963 0416 04       		.byte	0x4
 964 0417 50       		.byte	0x50
 965 0418 20       		.uleb128 0x20
 966 0419 CC020000 		.4byte	.LASF39
 967 041d CC020000 		.4byte	.LASF39
 968 0421 05       		.byte	0x5
 969 0422 6C       		.byte	0x6c
 970 0423 20       		.uleb128 0x20
 971 0424 97020000 		.4byte	.LASF40
 972 0428 97020000 		.4byte	.LASF40
 973 042c 05       		.byte	0x5
 974 042d 84       		.byte	0x84
 975 042e 20       		.uleb128 0x20
 976 042f 88020000 		.4byte	.LASF41
 977 0433 88020000 		.4byte	.LASF41
 978 0437 05       		.byte	0x5
 979 0438 DA       		.byte	0xda
 980 0439 20       		.uleb128 0x20
 981 043a 2C000000 		.4byte	.LASF42
 982 043e 2C000000 		.4byte	.LASF42
 983 0442 05       		.byte	0x5
 984 0443 BD       		.byte	0xbd
 985 0444 20       		.uleb128 0x20
 986 0445 51010000 		.4byte	.LASF43
 987 0449 51010000 		.4byte	.LASF43
 988 044d 05       		.byte	0x5
 989 044e C3       		.byte	0xc3
 990 044f 00       		.byte	0
 991              		.section	.debug_abbrev,"",%progbits
 992              	.Ldebug_abbrev0:
 993 0000 01       		.uleb128 0x1
 994 0001 11       		.uleb128 0x11
 995 0002 01       		.byte	0x1
 996 0003 25       		.uleb128 0x25
 997 0004 0E       		.uleb128 0xe
 998 0005 13       		.uleb128 0x13
 999 0006 0B       		.uleb128 0xb
 1000 0007 03       		.uleb128 0x3
 1001 0008 0E       		.uleb128 0xe
 1002 0009 1B       		.uleb128 0x1b
 1003 000a 0E       		.uleb128 0xe
 1004 000b 55       		.uleb128 0x55
 1005 000c 17       		.uleb128 0x17
 1006 000d 11       		.uleb128 0x11
 1007 000e 01       		.uleb128 0x1
 1008 000f 10       		.uleb128 0x10
 1009 0010 17       		.uleb128 0x17
 1010 0011 00       		.byte	0
 1011 0012 00       		.byte	0
 1012 0013 02       		.uleb128 0x2
 1013 0014 24       		.uleb128 0x24
 1014 0015 00       		.byte	0
ARM GAS  C:\Users\bryan.lee\AppData\Local\Temp\cczCbOnu.s 			page 26


 1015 0016 0B       		.uleb128 0xb
 1016 0017 0B       		.uleb128 0xb
 1017 0018 3E       		.uleb128 0x3e
 1018 0019 0B       		.uleb128 0xb
 1019 001a 03       		.uleb128 0x3
 1020 001b 08       		.uleb128 0x8
 1021 001c 00       		.byte	0
 1022 001d 00       		.byte	0
 1023 001e 03       		.uleb128 0x3
 1024 001f 16       		.uleb128 0x16
 1025 0020 00       		.byte	0
 1026 0021 03       		.uleb128 0x3
 1027 0022 0E       		.uleb128 0xe
 1028 0023 3A       		.uleb128 0x3a
 1029 0024 0B       		.uleb128 0xb
 1030 0025 3B       		.uleb128 0x3b
 1031 0026 0B       		.uleb128 0xb
 1032 0027 49       		.uleb128 0x49
 1033 0028 13       		.uleb128 0x13
 1034 0029 00       		.byte	0
 1035 002a 00       		.byte	0
 1036 002b 04       		.uleb128 0x4
 1037 002c 24       		.uleb128 0x24
 1038 002d 00       		.byte	0
 1039 002e 0B       		.uleb128 0xb
 1040 002f 0B       		.uleb128 0xb
 1041 0030 3E       		.uleb128 0x3e
 1042 0031 0B       		.uleb128 0xb
 1043 0032 03       		.uleb128 0x3
 1044 0033 0E       		.uleb128 0xe
 1045 0034 00       		.byte	0
 1046 0035 00       		.byte	0
 1047 0036 05       		.uleb128 0x5
 1048 0037 0F       		.uleb128 0xf
 1049 0038 00       		.byte	0
 1050 0039 0B       		.uleb128 0xb
 1051 003a 0B       		.uleb128 0xb
 1052 003b 00       		.byte	0
 1053 003c 00       		.byte	0
 1054 003d 06       		.uleb128 0x6
 1055 003e 16       		.uleb128 0x16
 1056 003f 00       		.byte	0
 1057 0040 03       		.uleb128 0x3
 1058 0041 0E       		.uleb128 0xe
 1059 0042 3A       		.uleb128 0x3a
 1060 0043 0B       		.uleb128 0xb
 1061 0044 3B       		.uleb128 0x3b
 1062 0045 05       		.uleb128 0x5
 1063 0046 49       		.uleb128 0x49
 1064 0047 13       		.uleb128 0x13
 1065 0048 00       		.byte	0
 1066 0049 00       		.byte	0
 1067 004a 07       		.uleb128 0x7
 1068 004b 35       		.uleb128 0x35
 1069 004c 00       		.byte	0
 1070 004d 49       		.uleb128 0x49
 1071 004e 13       		.uleb128 0x13
ARM GAS  C:\Users\bryan.lee\AppData\Local\Temp\cczCbOnu.s 			page 27


 1072 004f 00       		.byte	0
 1073 0050 00       		.byte	0
 1074 0051 08       		.uleb128 0x8
 1075 0052 13       		.uleb128 0x13
 1076 0053 01       		.byte	0x1
 1077 0054 0B       		.uleb128 0xb
 1078 0055 0B       		.uleb128 0xb
 1079 0056 3A       		.uleb128 0x3a
 1080 0057 0B       		.uleb128 0xb
 1081 0058 3B       		.uleb128 0x3b
 1082 0059 0B       		.uleb128 0xb
 1083 005a 01       		.uleb128 0x1
 1084 005b 13       		.uleb128 0x13
 1085 005c 00       		.byte	0
 1086 005d 00       		.byte	0
 1087 005e 09       		.uleb128 0x9
 1088 005f 0D       		.uleb128 0xd
 1089 0060 00       		.byte	0
 1090 0061 03       		.uleb128 0x3
 1091 0062 0E       		.uleb128 0xe
 1092 0063 3A       		.uleb128 0x3a
 1093 0064 0B       		.uleb128 0xb
 1094 0065 3B       		.uleb128 0x3b
 1095 0066 0B       		.uleb128 0xb
 1096 0067 49       		.uleb128 0x49
 1097 0068 13       		.uleb128 0x13
 1098 0069 38       		.uleb128 0x38
 1099 006a 0B       		.uleb128 0xb
 1100 006b 00       		.byte	0
 1101 006c 00       		.byte	0
 1102 006d 0A       		.uleb128 0xa
 1103 006e 2E       		.uleb128 0x2e
 1104 006f 01       		.byte	0x1
 1105 0070 03       		.uleb128 0x3
 1106 0071 0E       		.uleb128 0xe
 1107 0072 3A       		.uleb128 0x3a
 1108 0073 0B       		.uleb128 0xb
 1109 0074 3B       		.uleb128 0x3b
 1110 0075 0B       		.uleb128 0xb
 1111 0076 27       		.uleb128 0x27
 1112 0077 19       		.uleb128 0x19
 1113 0078 11       		.uleb128 0x11
 1114 0079 01       		.uleb128 0x1
 1115 007a 12       		.uleb128 0x12
 1116 007b 06       		.uleb128 0x6
 1117 007c 40       		.uleb128 0x40
 1118 007d 18       		.uleb128 0x18
 1119 007e 9742     		.uleb128 0x2117
 1120 0080 19       		.uleb128 0x19
 1121 0081 01       		.uleb128 0x1
 1122 0082 13       		.uleb128 0x13
 1123 0083 00       		.byte	0
 1124 0084 00       		.byte	0
 1125 0085 0B       		.uleb128 0xb
 1126 0086 05       		.uleb128 0x5
 1127 0087 00       		.byte	0
 1128 0088 03       		.uleb128 0x3
ARM GAS  C:\Users\bryan.lee\AppData\Local\Temp\cczCbOnu.s 			page 28


 1129 0089 0E       		.uleb128 0xe
 1130 008a 3A       		.uleb128 0x3a
 1131 008b 0B       		.uleb128 0xb
 1132 008c 3B       		.uleb128 0x3b
 1133 008d 0B       		.uleb128 0xb
 1134 008e 49       		.uleb128 0x49
 1135 008f 13       		.uleb128 0x13
 1136 0090 02       		.uleb128 0x2
 1137 0091 18       		.uleb128 0x18
 1138 0092 00       		.byte	0
 1139 0093 00       		.byte	0
 1140 0094 0C       		.uleb128 0xc
 1141 0095 34       		.uleb128 0x34
 1142 0096 00       		.byte	0
 1143 0097 03       		.uleb128 0x3
 1144 0098 08       		.uleb128 0x8
 1145 0099 3A       		.uleb128 0x3a
 1146 009a 0B       		.uleb128 0xb
 1147 009b 3B       		.uleb128 0x3b
 1148 009c 0B       		.uleb128 0xb
 1149 009d 49       		.uleb128 0x49
 1150 009e 13       		.uleb128 0x13
 1151 009f 02       		.uleb128 0x2
 1152 00a0 17       		.uleb128 0x17
 1153 00a1 00       		.byte	0
 1154 00a2 00       		.byte	0
 1155 00a3 0D       		.uleb128 0xd
 1156 00a4 0B       		.uleb128 0xb
 1157 00a5 01       		.byte	0x1
 1158 00a6 11       		.uleb128 0x11
 1159 00a7 01       		.uleb128 0x1
 1160 00a8 12       		.uleb128 0x12
 1161 00a9 06       		.uleb128 0x6
 1162 00aa 00       		.byte	0
 1163 00ab 00       		.byte	0
 1164 00ac 0E       		.uleb128 0xe
 1165 00ad 34       		.uleb128 0x34
 1166 00ae 00       		.byte	0
 1167 00af 03       		.uleb128 0x3
 1168 00b0 0E       		.uleb128 0xe
 1169 00b1 3A       		.uleb128 0x3a
 1170 00b2 0B       		.uleb128 0xb
 1171 00b3 3B       		.uleb128 0x3b
 1172 00b4 0B       		.uleb128 0xb
 1173 00b5 49       		.uleb128 0x49
 1174 00b6 13       		.uleb128 0x13
 1175 00b7 02       		.uleb128 0x2
 1176 00b8 17       		.uleb128 0x17
 1177 00b9 00       		.byte	0
 1178 00ba 00       		.byte	0
 1179 00bb 0F       		.uleb128 0xf
 1180 00bc 0F       		.uleb128 0xf
 1181 00bd 00       		.byte	0
 1182 00be 0B       		.uleb128 0xb
 1183 00bf 0B       		.uleb128 0xb
 1184 00c0 49       		.uleb128 0x49
 1185 00c1 13       		.uleb128 0x13
ARM GAS  C:\Users\bryan.lee\AppData\Local\Temp\cczCbOnu.s 			page 29


 1186 00c2 00       		.byte	0
 1187 00c3 00       		.byte	0
 1188 00c4 10       		.uleb128 0x10
 1189 00c5 26       		.uleb128 0x26
 1190 00c6 00       		.byte	0
 1191 00c7 49       		.uleb128 0x49
 1192 00c8 13       		.uleb128 0x13
 1193 00c9 00       		.byte	0
 1194 00ca 00       		.byte	0
 1195 00cb 11       		.uleb128 0x11
 1196 00cc 2E       		.uleb128 0x2e
 1197 00cd 00       		.byte	0
 1198 00ce 03       		.uleb128 0x3
 1199 00cf 0E       		.uleb128 0xe
 1200 00d0 3A       		.uleb128 0x3a
 1201 00d1 0B       		.uleb128 0xb
 1202 00d2 3B       		.uleb128 0x3b
 1203 00d3 05       		.uleb128 0x5
 1204 00d4 27       		.uleb128 0x27
 1205 00d5 19       		.uleb128 0x19
 1206 00d6 11       		.uleb128 0x11
 1207 00d7 01       		.uleb128 0x1
 1208 00d8 12       		.uleb128 0x12
 1209 00d9 06       		.uleb128 0x6
 1210 00da 40       		.uleb128 0x40
 1211 00db 18       		.uleb128 0x18
 1212 00dc 9742     		.uleb128 0x2117
 1213 00de 19       		.uleb128 0x19
 1214 00df 00       		.byte	0
 1215 00e0 00       		.byte	0
 1216 00e1 12       		.uleb128 0x12
 1217 00e2 05       		.uleb128 0x5
 1218 00e3 00       		.byte	0
 1219 00e4 03       		.uleb128 0x3
 1220 00e5 08       		.uleb128 0x8
 1221 00e6 3A       		.uleb128 0x3a
 1222 00e7 0B       		.uleb128 0xb
 1223 00e8 3B       		.uleb128 0x3b
 1224 00e9 0B       		.uleb128 0xb
 1225 00ea 49       		.uleb128 0x49
 1226 00eb 13       		.uleb128 0x13
 1227 00ec 02       		.uleb128 0x2
 1228 00ed 17       		.uleb128 0x17
 1229 00ee 00       		.byte	0
 1230 00ef 00       		.byte	0
 1231 00f0 13       		.uleb128 0x13
 1232 00f1 898201   		.uleb128 0x4109
 1233 00f4 01       		.byte	0x1
 1234 00f5 11       		.uleb128 0x11
 1235 00f6 01       		.uleb128 0x1
 1236 00f7 31       		.uleb128 0x31
 1237 00f8 13       		.uleb128 0x13
 1238 00f9 00       		.byte	0
 1239 00fa 00       		.byte	0
 1240 00fb 14       		.uleb128 0x14
 1241 00fc 8A8201   		.uleb128 0x410a
 1242 00ff 00       		.byte	0
ARM GAS  C:\Users\bryan.lee\AppData\Local\Temp\cczCbOnu.s 			page 30


 1243 0100 02       		.uleb128 0x2
 1244 0101 18       		.uleb128 0x18
 1245 0102 9142     		.uleb128 0x2111
 1246 0104 18       		.uleb128 0x18
 1247 0105 00       		.byte	0
 1248 0106 00       		.byte	0
 1249 0107 15       		.uleb128 0x15
 1250 0108 898201   		.uleb128 0x4109
 1251 010b 00       		.byte	0
 1252 010c 11       		.uleb128 0x11
 1253 010d 01       		.uleb128 0x1
 1254 010e 31       		.uleb128 0x31
 1255 010f 13       		.uleb128 0x13
 1256 0110 00       		.byte	0
 1257 0111 00       		.byte	0
 1258 0112 16       		.uleb128 0x16
 1259 0113 898201   		.uleb128 0x4109
 1260 0116 01       		.byte	0x1
 1261 0117 11       		.uleb128 0x11
 1262 0118 01       		.uleb128 0x1
 1263 0119 31       		.uleb128 0x31
 1264 011a 13       		.uleb128 0x13
 1265 011b 01       		.uleb128 0x1
 1266 011c 13       		.uleb128 0x13
 1267 011d 00       		.byte	0
 1268 011e 00       		.byte	0
 1269 011f 17       		.uleb128 0x17
 1270 0120 2E       		.uleb128 0x2e
 1271 0121 01       		.byte	0x1
 1272 0122 3F       		.uleb128 0x3f
 1273 0123 19       		.uleb128 0x19
 1274 0124 03       		.uleb128 0x3
 1275 0125 0E       		.uleb128 0xe
 1276 0126 3A       		.uleb128 0x3a
 1277 0127 0B       		.uleb128 0xb
 1278 0128 3B       		.uleb128 0x3b
 1279 0129 05       		.uleb128 0x5
 1280 012a 27       		.uleb128 0x27
 1281 012b 19       		.uleb128 0x19
 1282 012c 11       		.uleb128 0x11
 1283 012d 01       		.uleb128 0x1
 1284 012e 12       		.uleb128 0x12
 1285 012f 06       		.uleb128 0x6
 1286 0130 40       		.uleb128 0x40
 1287 0131 18       		.uleb128 0x18
 1288 0132 9742     		.uleb128 0x2117
 1289 0134 19       		.uleb128 0x19
 1290 0135 01       		.uleb128 0x1
 1291 0136 13       		.uleb128 0x13
 1292 0137 00       		.byte	0
 1293 0138 00       		.byte	0
 1294 0139 18       		.uleb128 0x18
 1295 013a 0B       		.uleb128 0xb
 1296 013b 01       		.byte	0x1
 1297 013c 11       		.uleb128 0x11
 1298 013d 01       		.uleb128 0x1
 1299 013e 12       		.uleb128 0x12
ARM GAS  C:\Users\bryan.lee\AppData\Local\Temp\cczCbOnu.s 			page 31


 1300 013f 06       		.uleb128 0x6
 1301 0140 01       		.uleb128 0x1
 1302 0141 13       		.uleb128 0x13
 1303 0142 00       		.byte	0
 1304 0143 00       		.byte	0
 1305 0144 19       		.uleb128 0x19
 1306 0145 34       		.uleb128 0x34
 1307 0146 00       		.byte	0
 1308 0147 03       		.uleb128 0x3
 1309 0148 0E       		.uleb128 0xe
 1310 0149 3A       		.uleb128 0x3a
 1311 014a 0B       		.uleb128 0xb
 1312 014b 3B       		.uleb128 0x3b
 1313 014c 05       		.uleb128 0x5
 1314 014d 49       		.uleb128 0x49
 1315 014e 13       		.uleb128 0x13
 1316 014f 02       		.uleb128 0x2
 1317 0150 18       		.uleb128 0x18
 1318 0151 00       		.byte	0
 1319 0152 00       		.byte	0
 1320 0153 1A       		.uleb128 0x1a
 1321 0154 13       		.uleb128 0x13
 1322 0155 01       		.byte	0x1
 1323 0156 0B       		.uleb128 0xb
 1324 0157 0B       		.uleb128 0xb
 1325 0158 3A       		.uleb128 0x3a
 1326 0159 0B       		.uleb128 0xb
 1327 015a 3B       		.uleb128 0x3b
 1328 015b 05       		.uleb128 0x5
 1329 015c 01       		.uleb128 0x1
 1330 015d 13       		.uleb128 0x13
 1331 015e 00       		.byte	0
 1332 015f 00       		.byte	0
 1333 0160 1B       		.uleb128 0x1b
 1334 0161 0D       		.uleb128 0xd
 1335 0162 00       		.byte	0
 1336 0163 03       		.uleb128 0x3
 1337 0164 0E       		.uleb128 0xe
 1338 0165 3A       		.uleb128 0x3a
 1339 0166 0B       		.uleb128 0xb
 1340 0167 3B       		.uleb128 0x3b
 1341 0168 05       		.uleb128 0x5
 1342 0169 49       		.uleb128 0x49
 1343 016a 13       		.uleb128 0x13
 1344 016b 38       		.uleb128 0x38
 1345 016c 0B       		.uleb128 0xb
 1346 016d 00       		.byte	0
 1347 016e 00       		.byte	0
 1348 016f 1C       		.uleb128 0x1c
 1349 0170 01       		.uleb128 0x1
 1350 0171 01       		.byte	0x1
 1351 0172 49       		.uleb128 0x49
 1352 0173 13       		.uleb128 0x13
 1353 0174 01       		.uleb128 0x1
 1354 0175 13       		.uleb128 0x13
 1355 0176 00       		.byte	0
 1356 0177 00       		.byte	0
ARM GAS  C:\Users\bryan.lee\AppData\Local\Temp\cczCbOnu.s 			page 32


 1357 0178 1D       		.uleb128 0x1d
 1358 0179 21       		.uleb128 0x21
 1359 017a 00       		.byte	0
 1360 017b 49       		.uleb128 0x49
 1361 017c 13       		.uleb128 0x13
 1362 017d 2F       		.uleb128 0x2f
 1363 017e 0B       		.uleb128 0xb
 1364 017f 00       		.byte	0
 1365 0180 00       		.byte	0
 1366 0181 1E       		.uleb128 0x1e
 1367 0182 34       		.uleb128 0x34
 1368 0183 00       		.byte	0
 1369 0184 03       		.uleb128 0x3
 1370 0185 08       		.uleb128 0x8
 1371 0186 3A       		.uleb128 0x3a
 1372 0187 0B       		.uleb128 0xb
 1373 0188 3B       		.uleb128 0x3b
 1374 0189 05       		.uleb128 0x5
 1375 018a 49       		.uleb128 0x49
 1376 018b 13       		.uleb128 0x13
 1377 018c 02       		.uleb128 0x2
 1378 018d 17       		.uleb128 0x17
 1379 018e 00       		.byte	0
 1380 018f 00       		.byte	0
 1381 0190 1F       		.uleb128 0x1f
 1382 0191 2E       		.uleb128 0x2e
 1383 0192 00       		.byte	0
 1384 0193 3F       		.uleb128 0x3f
 1385 0194 19       		.uleb128 0x19
 1386 0195 3C       		.uleb128 0x3c
 1387 0196 19       		.uleb128 0x19
 1388 0197 6E       		.uleb128 0x6e
 1389 0198 0E       		.uleb128 0xe
 1390 0199 03       		.uleb128 0x3
 1391 019a 0E       		.uleb128 0xe
 1392 019b 00       		.byte	0
 1393 019c 00       		.byte	0
 1394 019d 20       		.uleb128 0x20
 1395 019e 2E       		.uleb128 0x2e
 1396 019f 00       		.byte	0
 1397 01a0 3F       		.uleb128 0x3f
 1398 01a1 19       		.uleb128 0x19
 1399 01a2 3C       		.uleb128 0x3c
 1400 01a3 19       		.uleb128 0x19
 1401 01a4 6E       		.uleb128 0x6e
 1402 01a5 0E       		.uleb128 0xe
 1403 01a6 03       		.uleb128 0x3
 1404 01a7 0E       		.uleb128 0xe
 1405 01a8 3A       		.uleb128 0x3a
 1406 01a9 0B       		.uleb128 0xb
 1407 01aa 3B       		.uleb128 0x3b
 1408 01ab 0B       		.uleb128 0xb
 1409 01ac 00       		.byte	0
 1410 01ad 00       		.byte	0
 1411 01ae 00       		.byte	0
 1412              		.section	.debug_loc,"",%progbits
 1413              	.Ldebug_loc0:
ARM GAS  C:\Users\bryan.lee\AppData\Local\Temp\cczCbOnu.s 			page 33


 1414              	.LLST0:
 1415 0000 02000000 		.4byte	.LVL1
 1416 0004 08000000 		.4byte	.LVL2
 1417 0008 0200     		.2byte	0x2
 1418 000a 30       		.byte	0x30
 1419 000b 9F       		.byte	0x9f
 1420 000c 08000000 		.4byte	.LVL2
 1421 0010 30000000 		.4byte	.LVL11
 1422 0014 0100     		.2byte	0x1
 1423 0016 57       		.byte	0x57
 1424 0017 00000000 		.4byte	0
 1425 001b 00000000 		.4byte	0
 1426              	.LLST1:
 1427 001f 02000000 		.4byte	.LVL1
 1428 0023 08000000 		.4byte	.LVL2
 1429 0027 0200     		.2byte	0x2
 1430 0029 30       		.byte	0x30
 1431 002a 9F       		.byte	0x9f
 1432 002b 08000000 		.4byte	.LVL2
 1433 002f 30000000 		.4byte	.LVL10
 1434 0033 0100     		.2byte	0x1
 1435 0035 55       		.byte	0x55
 1436 0036 00000000 		.4byte	0
 1437 003a 00000000 		.4byte	0
 1438              	.LLST2:
 1439 003e 0C000000 		.4byte	.LVL3
 1440 0042 2C000000 		.4byte	.LVL9
 1441 0046 0100     		.2byte	0x1
 1442 0048 56       		.byte	0x56
 1443 0049 00000000 		.4byte	0
 1444 004d 00000000 		.4byte	0
 1445              	.LLST3:
 1446 0051 0E000000 		.4byte	.LVL4
 1447 0055 24000000 		.4byte	.LVL7
 1448 0059 0100     		.2byte	0x1
 1449 005b 53       		.byte	0x53
 1450 005c 26000000 		.4byte	.LVL8
 1451 0060 2C000000 		.4byte	.LVL9
 1452 0064 0100     		.2byte	0x1
 1453 0066 53       		.byte	0x53
 1454 0067 00000000 		.4byte	0
 1455 006b 00000000 		.4byte	0
 1456              	.LLST4:
 1457 006f 00000000 		.4byte	.LVL12
 1458 0073 09000000 		.4byte	.LVL14-1
 1459 0077 0100     		.2byte	0x1
 1460 0079 50       		.byte	0x50
 1461 007a 09000000 		.4byte	.LVL14-1
 1462 007e 0C000000 		.4byte	.LFE2
 1463 0082 0400     		.2byte	0x4
 1464 0084 F3       		.byte	0xf3
 1465 0085 01       		.uleb128 0x1
 1466 0086 50       		.byte	0x50
 1467 0087 9F       		.byte	0x9f
 1468 0088 00000000 		.4byte	0
 1469 008c 00000000 		.4byte	0
 1470              	.LLST5:
ARM GAS  C:\Users\bryan.lee\AppData\Local\Temp\cczCbOnu.s 			page 34


 1471 0090 00000000 		.4byte	.LVL12
 1472 0094 06000000 		.4byte	.LVL13
 1473 0098 0100     		.2byte	0x1
 1474 009a 51       		.byte	0x51
 1475 009b 06000000 		.4byte	.LVL13
 1476 009f 09000000 		.4byte	.LVL14-1
 1477 00a3 0100     		.2byte	0x1
 1478 00a5 52       		.byte	0x52
 1479 00a6 09000000 		.4byte	.LVL14-1
 1480 00aa 0C000000 		.4byte	.LFE2
 1481 00ae 0400     		.2byte	0x4
 1482 00b0 F3       		.byte	0xf3
 1483 00b1 01       		.uleb128 0x1
 1484 00b2 51       		.byte	0x51
 1485 00b3 9F       		.byte	0x9f
 1486 00b4 00000000 		.4byte	0
 1487 00b8 00000000 		.4byte	0
 1488              	.LLST6:
 1489 00bc BE000000 		.4byte	.LVL23
 1490 00c0 C2000000 		.4byte	.LVL24
 1491 00c4 0200     		.2byte	0x2
 1492 00c6 30       		.byte	0x30
 1493 00c7 9F       		.byte	0x9f
 1494 00c8 C2000000 		.4byte	.LVL24
 1495 00cc E0000000 		.4byte	.LVL26
 1496 00d0 0100     		.2byte	0x1
 1497 00d2 54       		.byte	0x54
 1498 00d3 E2000000 		.4byte	.LVL27
 1499 00d7 4C010000 		.4byte	.LVL31
 1500 00db 0100     		.2byte	0x1
 1501 00dd 54       		.byte	0x54
 1502 00de 00000000 		.4byte	0
 1503 00e2 00000000 		.4byte	0
 1504              	.LLST7:
 1505 00e6 C2000000 		.4byte	.LVL24
 1506 00ea E0000000 		.4byte	.LVL26
 1507 00ee 0B00     		.2byte	0xb
 1508 00f0 74       		.byte	0x74
 1509 00f1 00       		.sleb128 0
 1510 00f2 36       		.byte	0x36
 1511 00f3 1E       		.byte	0x1e
 1512 00f4 03       		.byte	0x3
 1513 00f5 00000000 		.4byte	cfg_memset_list.4907
 1514 00f9 22       		.byte	0x22
 1515 00fa 9F       		.byte	0x9f
 1516 00fb E0000000 		.4byte	.LVL26
 1517 00ff E2000000 		.4byte	.LVL27
 1518 0103 0B00     		.2byte	0xb
 1519 0105 74       		.byte	0x74
 1520 0106 7F       		.sleb128 -1
 1521 0107 36       		.byte	0x36
 1522 0108 1E       		.byte	0x1e
 1523 0109 03       		.byte	0x3
 1524 010a 00000000 		.4byte	cfg_memset_list.4907
 1525 010e 22       		.byte	0x22
 1526 010f 9F       		.byte	0x9f
 1527 0110 00000000 		.4byte	0
ARM GAS  C:\Users\bryan.lee\AppData\Local\Temp\cczCbOnu.s 			page 35


 1528 0114 00000000 		.4byte	0
 1529              		.section	.debug_aranges,"",%progbits
 1530 0000 3C000000 		.4byte	0x3c
 1531 0004 0200     		.2byte	0x2
 1532 0006 00000000 		.4byte	.Ldebug_info0
 1533 000a 04       		.byte	0x4
 1534 000b 00       		.byte	0
 1535 000c 0000     		.2byte	0
 1536 000e 0000     		.2byte	0
 1537 0010 00000000 		.4byte	.LFB5
 1538 0014 32000000 		.4byte	.LFE5-.LFB5
 1539 0018 00000000 		.4byte	.LFB7
 1540 001c 20000000 		.4byte	.LFE7-.LFB7
 1541 0020 00000000 		.4byte	.LFB2
 1542 0024 0C000000 		.4byte	.LFE2-.LFB2
 1543 0028 00000000 		.4byte	.LFB6
 1544 002c B4000000 		.4byte	.LFE6-.LFB6
 1545 0030 B4000000 		.4byte	.LFB8
 1546 0034 D4000000 		.4byte	.LFE8-.LFB8
 1547 0038 00000000 		.4byte	0
 1548 003c 00000000 		.4byte	0
 1549              		.section	.debug_ranges,"",%progbits
 1550              	.Ldebug_ranges0:
 1551 0000 00000000 		.4byte	.LFB5
 1552 0004 32000000 		.4byte	.LFE5
 1553 0008 00000000 		.4byte	.LFB7
 1554 000c 20000000 		.4byte	.LFE7
 1555 0010 00000000 		.4byte	.LFB2
 1556 0014 0C000000 		.4byte	.LFE2
 1557 0018 00000000 		.4byte	.LFB6
 1558 001c B4000000 		.4byte	.LFE6
 1559 0020 B4000000 		.4byte	.LFB8
 1560 0024 88010000 		.4byte	.LFE8
 1561 0028 00000000 		.4byte	0
 1562 002c 00000000 		.4byte	0
 1563              		.section	.debug_line,"",%progbits
 1564              	.Ldebug_line0:
 1565 0000 85010000 		.section	.debug_str,"MS",%progbits,1
 1565      0200E300 
 1565      00000201 
 1565      FB0E0D00 
 1565      01010101 
 1566              	.LASF37:
 1567 0000 43794465 		.ascii	"CyDelayCycles\000"
 1567      6C617943 
 1567      79636C65 
 1567      7300
 1568              	.LASF19:
 1569 000e 72656733 		.ascii	"reg32\000"
 1569      3200
 1570              	.LASF12:
 1571 0014 73697A65 		.ascii	"size_t\000"
 1571      5F7400
 1572              	.LASF47:
 1573 001b 416E616C 		.ascii	"AnalogSetDefault\000"
 1573      6F675365 
 1573      74446566 
ARM GAS  C:\Users\bryan.lee\AppData\Local\Temp\cczCbOnu.s 			page 36


 1573      61756C74 
 1573      00
 1574              	.LASF42:
 1575 002c 4379496E 		.ascii	"CyIntSetVector\000"
 1575      74536574 
 1575      56656374 
 1575      6F7200
 1576              	.LASF21:
 1577 003b 76616C75 		.ascii	"value\000"
 1577      6500
 1578              	.LASF26:
 1579 0041 636F756E 		.ascii	"count\000"
 1579      7400
 1580              	.LASF29:
 1581 0047 436C6F63 		.ascii	"ClockSetup\000"
 1581      6B536574 
 1581      757000
 1582              	.LASF30:
 1583 0052 63795F63 		.ascii	"cy_cfg_addr_table\000"
 1583      66675F61 
 1583      6464725F 
 1583      7461626C 
 1583      6500
 1584              	.LASF31:
 1585 0064 63795F63 		.ascii	"cy_cfg_data_table\000"
 1585      66675F64 
 1585      6174615F 
 1585      7461626C 
 1585      6500
 1586              	.LASF16:
 1587 0076 666C6F61 		.ascii	"float\000"
 1587      7400
 1588              	.LASF35:
 1589 007c 6366675F 		.ascii	"cfg_memset_list\000"
 1589      6D656D73 
 1589      65745F6C 
 1589      69737400 
 1590              	.LASF33:
 1591 008c 73697A65 		.ascii	"size\000"
 1591      00
 1592              	.LASF38:
 1593 0091 43795379 		.ascii	"CySysClkWcoSetPowerMode\000"
 1593      73436C6B 
 1593      57636F53 
 1593      6574506F 
 1593      7765724D 
 1594              	.LASF18:
 1595 00a9 72656738 		.ascii	"reg8\000"
 1595      00
 1596              	.LASF8:
 1597 00ae 6C6F6E67 		.ascii	"long unsigned int\000"
 1597      20756E73 
 1597      69676E65 
 1597      6420696E 
 1597      7400
 1598              	.LASF46:
 1599 00c0 433A5C55 		.ascii	"C:\\Users\\bryan.lee\\Documents\\PSoC Creator\\Psoc"
ARM GAS  C:\Users\bryan.lee\AppData\Local\Temp\cczCbOnu.s 			page 37


 1599      73657273 
 1599      5C627279 
 1599      616E2E6C 
 1599      65655C44 
 1600 00ee 5F313031 		.ascii	"_101\\Design03.cydsn\000"
 1600      5C446573 
 1600      69676E30 
 1600      332E6379 
 1600      64736E00 
 1601              	.LASF13:
 1602 0102 75696E74 		.ascii	"uint8\000"
 1602      3800
 1603              	.LASF36:
 1604 0108 43795379 		.ascii	"CySysClkWcoStart\000"
 1604      73436C6B 
 1604      57636F53 
 1604      74617274 
 1604      00
 1605              	.LASF28:
 1606 0119 43594D45 		.ascii	"CYMEMZERO\000"
 1606      4D5A4552 
 1606      4F00
 1607              	.LASF4:
 1608 0123 756E7369 		.ascii	"unsigned char\000"
 1608      676E6564 
 1608      20636861 
 1608      7200
 1609              	.LASF49:
 1610 0131 6D656D73 		.ascii	"memset\000"
 1610      657400
 1611              	.LASF17:
 1612 0138 646F7562 		.ascii	"double\000"
 1612      6C6500
 1613              	.LASF27:
 1614 013f 6366675F 		.ascii	"cfg_write_bytes32\000"
 1614      77726974 
 1614      655F6279 
 1614      74657333 
 1614      3200
 1615              	.LASF43:
 1616 0151 4379496E 		.ascii	"CyIntEnable\000"
 1616      74456E61 
 1616      626C6500 
 1617              	.LASF23:
 1618 015d 61646472 		.ascii	"addr_table\000"
 1618      5F746162 
 1618      6C6500
 1619              	.LASF14:
 1620 0168 75696E74 		.ascii	"uint16\000"
 1620      313600
 1621              	.LASF24:
 1622 016f 64617461 		.ascii	"data_table\000"
 1622      5F746162 
 1622      6C6500
 1623              	.LASF15:
 1624 017a 75696E74 		.ascii	"uint32\000"
 1624      333200
ARM GAS  C:\Users\bryan.lee\AppData\Local\Temp\cczCbOnu.s 			page 38


 1625              	.LASF0:
 1626 0181 756E7369 		.ascii	"unsigned int\000"
 1626      676E6564 
 1626      20696E74 
 1626      00
 1627              	.LASF48:
 1628 018e 63796669 		.ascii	"cyfitter_cfg\000"
 1628      74746572 
 1628      5F636667 
 1628      00
 1629              	.LASF32:
 1630 019b 61646472 		.ascii	"address\000"
 1630      65737300 
 1631              	.LASF9:
 1632 01a3 6C6F6E67 		.ascii	"long long unsigned int\000"
 1632      206C6F6E 
 1632      6720756E 
 1632      7369676E 
 1632      65642069 
 1633              	.LASF44:
 1634 01ba 474E5520 		.ascii	"GNU C11 5.4.1 20160609 (release) [ARM/embedded-5-br"
 1634      43313120 
 1634      352E342E 
 1634      31203230 
 1634      31363036 
 1635 01ed 616E6368 		.ascii	"anch revision 237715] -mcpu=cortex-m0 -mthumb -g -O"
 1635      20726576 
 1635      6973696F 
 1635      6E203233 
 1635      37373135 
 1636 0220 67202D66 		.ascii	"g -ffunction-sections -ffat-lto-objects\000"
 1636      66756E63 
 1636      74696F6E 
 1636      2D736563 
 1636      74696F6E 
 1637              	.LASF34:
 1638 0248 6366675F 		.ascii	"cfg_memset_t\000"
 1638      6D656D73 
 1638      65745F74 
 1638      00
 1639              	.LASF25:
 1640 0255 62617365 		.ascii	"baseAddr\000"
 1640      41646472 
 1640      00
 1641              	.LASF10:
 1642 025e 73697A65 		.ascii	"sizetype\000"
 1642      74797065 
 1642      00
 1643              	.LASF6:
 1644 0267 73686F72 		.ascii	"short unsigned int\000"
 1644      7420756E 
 1644      7369676E 
 1644      65642069 
 1644      6E7400
 1645              	.LASF1:
 1646 027a 6C6F6E67 		.ascii	"long long int\000"
 1646      206C6F6E 
ARM GAS  C:\Users\bryan.lee\AppData\Local\Temp\cczCbOnu.s 			page 39


 1646      6720696E 
 1646      7400
 1647              	.LASF41:
 1648 0288 43794465 		.ascii	"CyDelayUs\000"
 1648      6C617955 
 1648      7300
 1649              	.LASF11:
 1650 0292 63686172 		.ascii	"char\000"
 1650      00
 1651              	.LASF40:
 1652 0297 43795379 		.ascii	"CySysClkEcoStart\000"
 1652      73436C6B 
 1652      45636F53 
 1652      74617274 
 1652      00
 1653              	.LASF22:
 1654 02a8 63795F63 		.ascii	"cy_cfg_addrvalue_t\000"
 1654      66675F61 
 1654      64647276 
 1654      616C7565 
 1654      5F7400
 1655              	.LASF20:
 1656 02bb 6F666673 		.ascii	"offset\000"
 1656      657400
 1657              	.LASF5:
 1658 02c2 73686F72 		.ascii	"short int\000"
 1658      7420696E 
 1658      7400
 1659              	.LASF39:
 1660 02cc 43795379 		.ascii	"CySysClkWriteImoFreq\000"
 1660      73436C6B 
 1660      57726974 
 1660      65496D6F 
 1660      46726571 
 1661              	.LASF7:
 1662 02e1 6C6F6E67 		.ascii	"long int\000"
 1662      20696E74 
 1662      00
 1663              	.LASF2:
 1664 02ea 6C6F6E67 		.ascii	"long double\000"
 1664      20646F75 
 1664      626C6500 
 1665              	.LASF3:
 1666 02f6 7369676E 		.ascii	"signed char\000"
 1666      65642063 
 1666      68617200 
 1667              	.LASF45:
 1668 0302 47656E65 		.ascii	"Generated_Source\\PSoC4\\cyfitter_cfg.c\000"
 1668      72617465 
 1668      645F536F 
 1668      75726365 
 1668      5C50536F 
 1669              		.ident	"GCC: (GNU Tools for ARM Embedded Processors) 5.4.1 20160609 (release) [ARM/embedded-5-bran
