ARM GAS  C:\Users\bryan.lee\AppData\Local\Temp\ccEVorYf.s 			page 1


   1              		.syntax unified
   2              		.cpu cortex-m0
   3              		.fpu softvfp
   4              		.eabi_attribute 20, 1
   5              		.eabi_attribute 21, 1
   6              		.eabi_attribute 23, 3
   7              		.eabi_attribute 24, 1
   8              		.eabi_attribute 25, 1
   9              		.eabi_attribute 26, 1
  10              		.eabi_attribute 30, 1
  11              		.eabi_attribute 34, 0
  12              		.eabi_attribute 18, 4
  13              		.thumb
  14              		.syntax unified
  15              		.file	"cyfitter_cfg.c"
  16              		.text
  17              	.Ltext0:
  18              		.cfi_sections	.debug_frame
  19              		.section	.text.AnalogSetDefault,"ax",%progbits
  20              		.align	2
  21              		.code	16
  22              		.thumb_func
  23              		.type	AnalogSetDefault, %function
  24              	AnalogSetDefault:
  25              	.LFB6:
  26              		.file 1 "Generated_Source\\PSoC4\\cyfitter_cfg.c"
   1:Generated_Source\PSoC4/cyfitter_cfg.c **** 
   2:Generated_Source\PSoC4/cyfitter_cfg.c **** /*******************************************************************************
   3:Generated_Source\PSoC4/cyfitter_cfg.c **** * File Name: cyfitter_cfg.c
   4:Generated_Source\PSoC4/cyfitter_cfg.c **** * 
   5:Generated_Source\PSoC4/cyfitter_cfg.c **** * PSoC Creator  4.2
   6:Generated_Source\PSoC4/cyfitter_cfg.c **** *
   7:Generated_Source\PSoC4/cyfitter_cfg.c **** * Description:
   8:Generated_Source\PSoC4/cyfitter_cfg.c **** * This file contains device initialization code.
   9:Generated_Source\PSoC4/cyfitter_cfg.c **** * Except for the user defined sections in CyClockStartupError(), this file should not be modified.
  10:Generated_Source\PSoC4/cyfitter_cfg.c **** * This file is automatically generated by PSoC Creator.
  11:Generated_Source\PSoC4/cyfitter_cfg.c **** *
  12:Generated_Source\PSoC4/cyfitter_cfg.c **** ********************************************************************************
  13:Generated_Source\PSoC4/cyfitter_cfg.c **** * Copyright (c) 2007-2018 Cypress Semiconductor.  All rights reserved.
  14:Generated_Source\PSoC4/cyfitter_cfg.c **** * You may use this file only in accordance with the license, terms, conditions, 
  15:Generated_Source\PSoC4/cyfitter_cfg.c **** * disclaimers, and limitations in the end user license agreement accompanying 
  16:Generated_Source\PSoC4/cyfitter_cfg.c **** * the software package with which this file was provided.
  17:Generated_Source\PSoC4/cyfitter_cfg.c **** ********************************************************************************/
  18:Generated_Source\PSoC4/cyfitter_cfg.c **** 
  19:Generated_Source\PSoC4/cyfitter_cfg.c **** #include <string.h>
  20:Generated_Source\PSoC4/cyfitter_cfg.c **** #include "cytypes.h"
  21:Generated_Source\PSoC4/cyfitter_cfg.c **** #include "cydevice_trm.h"
  22:Generated_Source\PSoC4/cyfitter_cfg.c **** #include "cyfitter.h"
  23:Generated_Source\PSoC4/cyfitter_cfg.c **** #include "CyLib.h"
  24:Generated_Source\PSoC4/cyfitter_cfg.c **** #include "CyLFClk.h"
  25:Generated_Source\PSoC4/cyfitter_cfg.c **** #include "cyfitter_cfg.h"
  26:Generated_Source\PSoC4/cyfitter_cfg.c **** #include "cyapicallbacks.h"
  27:Generated_Source\PSoC4/cyfitter_cfg.c **** 
  28:Generated_Source\PSoC4/cyfitter_cfg.c **** 
  29:Generated_Source\PSoC4/cyfitter_cfg.c **** #if defined(__GNUC__) || defined(__ARMCC_VERSION)
  30:Generated_Source\PSoC4/cyfitter_cfg.c ****     #define CYPACKED 
  31:Generated_Source\PSoC4/cyfitter_cfg.c ****     #define CYPACKED_ATTR __attribute__ ((packed))
ARM GAS  C:\Users\bryan.lee\AppData\Local\Temp\ccEVorYf.s 			page 2


  32:Generated_Source\PSoC4/cyfitter_cfg.c ****     #define CYALIGNED __attribute__ ((aligned))
  33:Generated_Source\PSoC4/cyfitter_cfg.c ****     #define CY_CFG_UNUSED __attribute__ ((unused))
  34:Generated_Source\PSoC4/cyfitter_cfg.c ****     #ifndef CY_CFG_SECTION
  35:Generated_Source\PSoC4/cyfitter_cfg.c ****         #define CY_CFG_SECTION __attribute__ ((section(".psocinit")))
  36:Generated_Source\PSoC4/cyfitter_cfg.c ****     #endif
  37:Generated_Source\PSoC4/cyfitter_cfg.c ****     
  38:Generated_Source\PSoC4/cyfitter_cfg.c ****     #if defined(__ARMCC_VERSION)
  39:Generated_Source\PSoC4/cyfitter_cfg.c ****         #define CY_CFG_MEMORY_BARRIER() __memory_changed()
  40:Generated_Source\PSoC4/cyfitter_cfg.c ****     #else
  41:Generated_Source\PSoC4/cyfitter_cfg.c ****         #define CY_CFG_MEMORY_BARRIER() __sync_synchronize()
  42:Generated_Source\PSoC4/cyfitter_cfg.c ****     #endif
  43:Generated_Source\PSoC4/cyfitter_cfg.c ****     
  44:Generated_Source\PSoC4/cyfitter_cfg.c **** #elif defined(__ICCARM__)
  45:Generated_Source\PSoC4/cyfitter_cfg.c ****     #include <intrinsics.h>
  46:Generated_Source\PSoC4/cyfitter_cfg.c **** 
  47:Generated_Source\PSoC4/cyfitter_cfg.c ****     #define CYPACKED __packed
  48:Generated_Source\PSoC4/cyfitter_cfg.c ****     #define CYPACKED_ATTR 
  49:Generated_Source\PSoC4/cyfitter_cfg.c ****     #define CYALIGNED _Pragma("data_alignment=4")
  50:Generated_Source\PSoC4/cyfitter_cfg.c ****     #define CY_CFG_UNUSED _Pragma("diag_suppress=Pe177")
  51:Generated_Source\PSoC4/cyfitter_cfg.c ****     #define CY_CFG_SECTION _Pragma("location=\".psocinit\"")
  52:Generated_Source\PSoC4/cyfitter_cfg.c ****     
  53:Generated_Source\PSoC4/cyfitter_cfg.c ****     #define CY_CFG_MEMORY_BARRIER() __DMB()
  54:Generated_Source\PSoC4/cyfitter_cfg.c ****     
  55:Generated_Source\PSoC4/cyfitter_cfg.c **** #else
  56:Generated_Source\PSoC4/cyfitter_cfg.c ****     #error Unsupported toolchain
  57:Generated_Source\PSoC4/cyfitter_cfg.c **** #endif
  58:Generated_Source\PSoC4/cyfitter_cfg.c **** 
  59:Generated_Source\PSoC4/cyfitter_cfg.c **** #ifndef CYCODE
  60:Generated_Source\PSoC4/cyfitter_cfg.c ****     #define CYCODE
  61:Generated_Source\PSoC4/cyfitter_cfg.c **** #endif
  62:Generated_Source\PSoC4/cyfitter_cfg.c **** #ifndef CYDATA
  63:Generated_Source\PSoC4/cyfitter_cfg.c ****     #define CYDATA
  64:Generated_Source\PSoC4/cyfitter_cfg.c **** #endif
  65:Generated_Source\PSoC4/cyfitter_cfg.c **** #ifndef CYFAR
  66:Generated_Source\PSoC4/cyfitter_cfg.c ****     #define CYFAR
  67:Generated_Source\PSoC4/cyfitter_cfg.c **** #endif
  68:Generated_Source\PSoC4/cyfitter_cfg.c **** #ifndef CYXDATA
  69:Generated_Source\PSoC4/cyfitter_cfg.c ****     #define CYXDATA
  70:Generated_Source\PSoC4/cyfitter_cfg.c **** #endif
  71:Generated_Source\PSoC4/cyfitter_cfg.c **** 
  72:Generated_Source\PSoC4/cyfitter_cfg.c **** 
  73:Generated_Source\PSoC4/cyfitter_cfg.c **** CY_CFG_UNUSED
  74:Generated_Source\PSoC4/cyfitter_cfg.c **** static void CYMEMZERO(void *s, size_t n);
  75:Generated_Source\PSoC4/cyfitter_cfg.c **** CY_CFG_UNUSED
  76:Generated_Source\PSoC4/cyfitter_cfg.c **** static void CYMEMZERO(void *s, size_t n)
  77:Generated_Source\PSoC4/cyfitter_cfg.c **** {
  78:Generated_Source\PSoC4/cyfitter_cfg.c **** 	(void)memset(s, 0, n);
  79:Generated_Source\PSoC4/cyfitter_cfg.c **** }
  80:Generated_Source\PSoC4/cyfitter_cfg.c **** CY_CFG_UNUSED
  81:Generated_Source\PSoC4/cyfitter_cfg.c **** static void CYCONFIGCPY(void *dest, const void *src, size_t n);
  82:Generated_Source\PSoC4/cyfitter_cfg.c **** CY_CFG_UNUSED
  83:Generated_Source\PSoC4/cyfitter_cfg.c **** static void CYCONFIGCPY(void *dest, const void *src, size_t n)
  84:Generated_Source\PSoC4/cyfitter_cfg.c **** {
  85:Generated_Source\PSoC4/cyfitter_cfg.c **** 	(void)memcpy(dest, src, n);
  86:Generated_Source\PSoC4/cyfitter_cfg.c **** }
  87:Generated_Source\PSoC4/cyfitter_cfg.c **** CY_CFG_UNUSED
  88:Generated_Source\PSoC4/cyfitter_cfg.c **** static void CYCONFIGCPYCODE(void *dest, const void *src, size_t n);
ARM GAS  C:\Users\bryan.lee\AppData\Local\Temp\ccEVorYf.s 			page 3


  89:Generated_Source\PSoC4/cyfitter_cfg.c **** CY_CFG_UNUSED
  90:Generated_Source\PSoC4/cyfitter_cfg.c **** static void CYCONFIGCPYCODE(void *dest, const void *src, size_t n)
  91:Generated_Source\PSoC4/cyfitter_cfg.c **** {
  92:Generated_Source\PSoC4/cyfitter_cfg.c **** 	(void)memcpy(dest, src, n);
  93:Generated_Source\PSoC4/cyfitter_cfg.c **** }
  94:Generated_Source\PSoC4/cyfitter_cfg.c **** 
  95:Generated_Source\PSoC4/cyfitter_cfg.c **** 
  96:Generated_Source\PSoC4/cyfitter_cfg.c **** 
  97:Generated_Source\PSoC4/cyfitter_cfg.c **** 
  98:Generated_Source\PSoC4/cyfitter_cfg.c **** /* Clock startup error codes                                                   */
  99:Generated_Source\PSoC4/cyfitter_cfg.c **** #define CYCLOCKSTART_NO_ERROR    0u
 100:Generated_Source\PSoC4/cyfitter_cfg.c **** #define CYCLOCKSTART_XTAL_ERROR  1u
 101:Generated_Source\PSoC4/cyfitter_cfg.c **** #define CYCLOCKSTART_32KHZ_ERROR 2u
 102:Generated_Source\PSoC4/cyfitter_cfg.c **** #define CYCLOCKSTART_PLL_ERROR   3u
 103:Generated_Source\PSoC4/cyfitter_cfg.c **** #define CYCLOCKSTART_FLL_ERROR   4u
 104:Generated_Source\PSoC4/cyfitter_cfg.c **** #define CYCLOCKSTART_WCO_ERROR   5u
 105:Generated_Source\PSoC4/cyfitter_cfg.c **** 
 106:Generated_Source\PSoC4/cyfitter_cfg.c **** 
 107:Generated_Source\PSoC4/cyfitter_cfg.c **** #ifdef CY_NEED_CYCLOCKSTARTUPERROR
 108:Generated_Source\PSoC4/cyfitter_cfg.c **** /*******************************************************************************
 109:Generated_Source\PSoC4/cyfitter_cfg.c **** * Function Name: CyClockStartupError
 110:Generated_Source\PSoC4/cyfitter_cfg.c **** ********************************************************************************
 111:Generated_Source\PSoC4/cyfitter_cfg.c **** * Summary:
 112:Generated_Source\PSoC4/cyfitter_cfg.c **** *  If an error is encountered during clock configuration (crystal startup error,
 113:Generated_Source\PSoC4/cyfitter_cfg.c **** *  PLL lock error, etc.), the system will end up here.  Unless reimplemented by
 114:Generated_Source\PSoC4/cyfitter_cfg.c **** *  the customer, this function will stop in an infinite loop.
 115:Generated_Source\PSoC4/cyfitter_cfg.c **** *
 116:Generated_Source\PSoC4/cyfitter_cfg.c **** * Parameters:
 117:Generated_Source\PSoC4/cyfitter_cfg.c **** *   void
 118:Generated_Source\PSoC4/cyfitter_cfg.c **** *
 119:Generated_Source\PSoC4/cyfitter_cfg.c **** * Return:
 120:Generated_Source\PSoC4/cyfitter_cfg.c **** *   void
 121:Generated_Source\PSoC4/cyfitter_cfg.c **** *
 122:Generated_Source\PSoC4/cyfitter_cfg.c **** *******************************************************************************/
 123:Generated_Source\PSoC4/cyfitter_cfg.c **** CY_CFG_UNUSED
 124:Generated_Source\PSoC4/cyfitter_cfg.c **** static void CyClockStartupError(uint8 errorCode);
 125:Generated_Source\PSoC4/cyfitter_cfg.c **** CY_CFG_UNUSED
 126:Generated_Source\PSoC4/cyfitter_cfg.c **** static void CyClockStartupError(uint8 errorCode)
 127:Generated_Source\PSoC4/cyfitter_cfg.c **** {
 128:Generated_Source\PSoC4/cyfitter_cfg.c ****     /* To remove the compiler warning if errorCode not used.                */
 129:Generated_Source\PSoC4/cyfitter_cfg.c ****     errorCode = errorCode;
 130:Generated_Source\PSoC4/cyfitter_cfg.c **** 
 131:Generated_Source\PSoC4/cyfitter_cfg.c ****     /* If we have a clock startup error (bad MHz crystal, PLL lock, etc.),  */
 132:Generated_Source\PSoC4/cyfitter_cfg.c ****     /* we will end up here to allow the customer to implement something to  */
 133:Generated_Source\PSoC4/cyfitter_cfg.c ****     /* deal with the clock condition.                                       */
 134:Generated_Source\PSoC4/cyfitter_cfg.c **** 
 135:Generated_Source\PSoC4/cyfitter_cfg.c **** #ifdef CY_CFG_CLOCK_STARTUP_ERROR_CALLBACK
 136:Generated_Source\PSoC4/cyfitter_cfg.c ****     CY_CFG_Clock_Startup_ErrorCallback();
 137:Generated_Source\PSoC4/cyfitter_cfg.c **** #else
 138:Generated_Source\PSoC4/cyfitter_cfg.c ****     /*  If not using CY_CFG_CLOCK_STARTUP_ERROR_CALLBACK, place your clock startup code here. */
 139:Generated_Source\PSoC4/cyfitter_cfg.c ****     /* `#START CyClockStartupError` */
 140:Generated_Source\PSoC4/cyfitter_cfg.c **** 
 141:Generated_Source\PSoC4/cyfitter_cfg.c **** 
 142:Generated_Source\PSoC4/cyfitter_cfg.c **** 
 143:Generated_Source\PSoC4/cyfitter_cfg.c ****     /* `#END` */
 144:Generated_Source\PSoC4/cyfitter_cfg.c **** 
 145:Generated_Source\PSoC4/cyfitter_cfg.c ****     while(1) {}
ARM GAS  C:\Users\bryan.lee\AppData\Local\Temp\ccEVorYf.s 			page 4


 146:Generated_Source\PSoC4/cyfitter_cfg.c **** #endif /* CY_CFG_CLOCK_STARTUP_ERROR_CALLBACK */
 147:Generated_Source\PSoC4/cyfitter_cfg.c **** }
 148:Generated_Source\PSoC4/cyfitter_cfg.c **** #endif
 149:Generated_Source\PSoC4/cyfitter_cfg.c **** 
 150:Generated_Source\PSoC4/cyfitter_cfg.c **** 
 151:Generated_Source\PSoC4/cyfitter_cfg.c **** 
 152:Generated_Source\PSoC4/cyfitter_cfg.c **** /*******************************************************************************
 153:Generated_Source\PSoC4/cyfitter_cfg.c **** * Function Name: ClockSetup
 154:Generated_Source\PSoC4/cyfitter_cfg.c **** ********************************************************************************
 155:Generated_Source\PSoC4/cyfitter_cfg.c **** *
 156:Generated_Source\PSoC4/cyfitter_cfg.c **** * Summary:
 157:Generated_Source\PSoC4/cyfitter_cfg.c **** *   Performs the initialization of all of the clocks in the device based on the
 158:Generated_Source\PSoC4/cyfitter_cfg.c **** *   settings in the Clock tab of the DWR.  This includes enabling the requested
 159:Generated_Source\PSoC4/cyfitter_cfg.c **** *   clocks and setting the necessary dividers to produce the desired frequency. 
 160:Generated_Source\PSoC4/cyfitter_cfg.c **** *
 161:Generated_Source\PSoC4/cyfitter_cfg.c **** * Parameters:
 162:Generated_Source\PSoC4/cyfitter_cfg.c **** *   void
 163:Generated_Source\PSoC4/cyfitter_cfg.c **** *
 164:Generated_Source\PSoC4/cyfitter_cfg.c **** * Return:
 165:Generated_Source\PSoC4/cyfitter_cfg.c **** *   void
 166:Generated_Source\PSoC4/cyfitter_cfg.c **** *
 167:Generated_Source\PSoC4/cyfitter_cfg.c **** *******************************************************************************/
 168:Generated_Source\PSoC4/cyfitter_cfg.c **** static void ClockSetup(void);
 169:Generated_Source\PSoC4/cyfitter_cfg.c **** CY_CFG_SECTION
 170:Generated_Source\PSoC4/cyfitter_cfg.c **** static void ClockSetup(void)
 171:Generated_Source\PSoC4/cyfitter_cfg.c **** {
 172:Generated_Source\PSoC4/cyfitter_cfg.c **** 
 173:Generated_Source\PSoC4/cyfitter_cfg.c **** 	/* Set Flash Cycles based on max possible frequency in case a glitch occurs during ClockSetup(). *
 174:Generated_Source\PSoC4/cyfitter_cfg.c **** 	CY_SET_REG32((void CYXDATA *)(CYREG_CPUSS_FLASH_CTL), (0x0012u));
 175:Generated_Source\PSoC4/cyfitter_cfg.c **** 
 176:Generated_Source\PSoC4/cyfitter_cfg.c **** 	/* Start the WCO */
 177:Generated_Source\PSoC4/cyfitter_cfg.c **** 	CySysClkWcoStart();
 178:Generated_Source\PSoC4/cyfitter_cfg.c **** 	CyDelayCycles(12000000u); /* WCO may take up to 500ms to start */
 179:Generated_Source\PSoC4/cyfitter_cfg.c **** 	(void)CySysClkWcoSetPowerMode(CY_SYS_CLK_WCO_LPM);    /* Switch to the low power mode */
 180:Generated_Source\PSoC4/cyfitter_cfg.c **** 
 181:Generated_Source\PSoC4/cyfitter_cfg.c **** 	/* Setup and trim IMO based on desired frequency. */
 182:Generated_Source\PSoC4/cyfitter_cfg.c **** 	CySysClkWriteImoFreq(48u);
 183:Generated_Source\PSoC4/cyfitter_cfg.c **** 	/* CYDEV_CLK_ILO_CONFIG Starting address: CYDEV_CLK_ILO_CONFIG */
 184:Generated_Source\PSoC4/cyfitter_cfg.c **** 	CY_SET_REG32((void *)(CYREG_CLK_ILO_CONFIG), 0x80000006u);
 185:Generated_Source\PSoC4/cyfitter_cfg.c **** 
 186:Generated_Source\PSoC4/cyfitter_cfg.c **** 	/* CYDEV_WDT_CONFIG Starting address: CYDEV_WDT_CONFIG */
 187:Generated_Source\PSoC4/cyfitter_cfg.c **** 	CY_SET_REG32((void *)(CYREG_WDT_CONFIG), 0x40000000u);
 188:Generated_Source\PSoC4/cyfitter_cfg.c **** 
 189:Generated_Source\PSoC4/cyfitter_cfg.c **** 
 190:Generated_Source\PSoC4/cyfitter_cfg.c **** 	/* Enable fast start mode for XO */
 191:Generated_Source\PSoC4/cyfitter_cfg.c **** 	CY_SET_REG32((void*)CYREG_BLE_BLERD_BB_XO, CY_GET_REG32((void*)CYREG_BLE_BLERD_BB_XO) | (uint32)0x
 192:Generated_Source\PSoC4/cyfitter_cfg.c **** 	CY_SET_REG32((void *)(CYREG_BLE_BLERD_BB_XO_CAPTRIM), 0x00003E2Du);
 193:Generated_Source\PSoC4/cyfitter_cfg.c **** 	/*Set XTAL(ECO) divider*/
 194:Generated_Source\PSoC4/cyfitter_cfg.c **** 	CY_SET_REG32((void *)(CYREG_BLE_BLESS_XTAL_CLK_DIV_CONFIG), 0x00000000u);
 195:Generated_Source\PSoC4/cyfitter_cfg.c **** 	/* Disable Crystal Stable Interrupt before enabling ECO */
 196:Generated_Source\PSoC4/cyfitter_cfg.c **** 	CY_SET_REG32((void*)CYREG_BLE_BLESS_LL_DSM_CTRL, CY_GET_REG32((void*)CYREG_BLE_BLESS_LL_DSM_CTRL) 
 197:Generated_Source\PSoC4/cyfitter_cfg.c **** 	/* Start the ECO and do not check status since it is not needed for HFCLK */
 198:Generated_Source\PSoC4/cyfitter_cfg.c **** 	(void)CySysClkEcoStart(2000u);
 199:Generated_Source\PSoC4/cyfitter_cfg.c **** 	CyDelayUs(1500u); /* Wait to stabilize */
 200:Generated_Source\PSoC4/cyfitter_cfg.c **** 
 201:Generated_Source\PSoC4/cyfitter_cfg.c **** 	/* Setup phase aligned clocks */
 202:Generated_Source\PSoC4/cyfitter_cfg.c **** 	CY_SET_REG32((void *)CYREG_PERI_DIV_16_CTL2, 0x00BB7F00u);
ARM GAS  C:\Users\bryan.lee\AppData\Local\Temp\ccEVorYf.s 			page 5


 203:Generated_Source\PSoC4/cyfitter_cfg.c **** 	CY_SET_REG32((void *)CYREG_PERI_DIV_CMD, 0x8000FF42u);
 204:Generated_Source\PSoC4/cyfitter_cfg.c **** 	CY_SET_REG32((void *)CYREG_PERI_DIV_16_CTL1, 0x00002200u);
 205:Generated_Source\PSoC4/cyfitter_cfg.c **** 	CY_SET_REG32((void *)CYREG_PERI_DIV_CMD, 0x8000FF41u);
 206:Generated_Source\PSoC4/cyfitter_cfg.c **** 	CY_SET_REG32((void *)CYREG_PERI_DIV_16_CTL0, 0x00001D00u);
 207:Generated_Source\PSoC4/cyfitter_cfg.c **** 	CY_SET_REG32((void *)CYREG_PERI_DIV_CMD, 0x8000FF40u);
 208:Generated_Source\PSoC4/cyfitter_cfg.c **** 
 209:Generated_Source\PSoC4/cyfitter_cfg.c **** 	/* CYDEV_CLK_IMO_CONFIG Starting address: CYDEV_CLK_IMO_CONFIG */
 210:Generated_Source\PSoC4/cyfitter_cfg.c **** 	CY_SET_REG32((void *)(CYREG_CLK_IMO_CONFIG), 0x80000000u);
 211:Generated_Source\PSoC4/cyfitter_cfg.c **** 
 212:Generated_Source\PSoC4/cyfitter_cfg.c **** 	/* CYDEV_CLK_SELECT Starting address: CYDEV_CLK_SELECT */
 213:Generated_Source\PSoC4/cyfitter_cfg.c **** 	CY_SET_REG32((void *)(CYREG_CLK_SELECT), 0x00040000u);
 214:Generated_Source\PSoC4/cyfitter_cfg.c **** 
 215:Generated_Source\PSoC4/cyfitter_cfg.c **** 	/* CYDEV_PERI_PCLK_CTL10 Starting address: CYDEV_PERI_PCLK_CTL10 */
 216:Generated_Source\PSoC4/cyfitter_cfg.c **** 	CY_SET_REG32((void *)(CYREG_PERI_PCLK_CTL10), 0x00000042u);
 217:Generated_Source\PSoC4/cyfitter_cfg.c **** 
 218:Generated_Source\PSoC4/cyfitter_cfg.c **** 	/* CYDEV_PERI_PCLK_CTL9 Starting address: CYDEV_PERI_PCLK_CTL9 */
 219:Generated_Source\PSoC4/cyfitter_cfg.c **** 	CY_SET_REG32((void *)(CYREG_PERI_PCLK_CTL9), 0x00000042u);
 220:Generated_Source\PSoC4/cyfitter_cfg.c **** 
 221:Generated_Source\PSoC4/cyfitter_cfg.c **** 	/* CYDEV_PERI_PCLK_CTL8 Starting address: CYDEV_PERI_PCLK_CTL8 */
 222:Generated_Source\PSoC4/cyfitter_cfg.c **** 	CY_SET_REG32((void *)(CYREG_PERI_PCLK_CTL8), 0x00000042u);
 223:Generated_Source\PSoC4/cyfitter_cfg.c **** 
 224:Generated_Source\PSoC4/cyfitter_cfg.c **** 	/* CYDEV_PERI_PCLK_CTL7 Starting address: CYDEV_PERI_PCLK_CTL7 */
 225:Generated_Source\PSoC4/cyfitter_cfg.c **** 	CY_SET_REG32((void *)(CYREG_PERI_PCLK_CTL7), 0x00000042u);
 226:Generated_Source\PSoC4/cyfitter_cfg.c **** 
 227:Generated_Source\PSoC4/cyfitter_cfg.c **** 	/* CYDEV_PERI_PCLK_CTL2 Starting address: CYDEV_PERI_PCLK_CTL2 */
 228:Generated_Source\PSoC4/cyfitter_cfg.c **** 	CY_SET_REG32((void *)(CYREG_PERI_PCLK_CTL2), 0x00000041u);
 229:Generated_Source\PSoC4/cyfitter_cfg.c **** 
 230:Generated_Source\PSoC4/cyfitter_cfg.c **** 	/* CYDEV_PERI_PCLK_CTL1 Starting address: CYDEV_PERI_PCLK_CTL1 */
 231:Generated_Source\PSoC4/cyfitter_cfg.c **** 	CY_SET_REG32((void *)(CYREG_PERI_PCLK_CTL1), 0x00000040u);
 232:Generated_Source\PSoC4/cyfitter_cfg.c **** 
 233:Generated_Source\PSoC4/cyfitter_cfg.c **** 	(void)CyIntSetVector(8u, &CySysWdtIsr);
 234:Generated_Source\PSoC4/cyfitter_cfg.c **** 	CyIntEnable(8u);
 235:Generated_Source\PSoC4/cyfitter_cfg.c **** 	CY_SET_REG32((void *)(CYREG_WDT_CONFIG), 0x40000000u);
 236:Generated_Source\PSoC4/cyfitter_cfg.c **** }
 237:Generated_Source\PSoC4/cyfitter_cfg.c **** 
 238:Generated_Source\PSoC4/cyfitter_cfg.c **** 
 239:Generated_Source\PSoC4/cyfitter_cfg.c **** /* Analog API Functions */
 240:Generated_Source\PSoC4/cyfitter_cfg.c **** 
 241:Generated_Source\PSoC4/cyfitter_cfg.c **** 
 242:Generated_Source\PSoC4/cyfitter_cfg.c **** /*******************************************************************************
 243:Generated_Source\PSoC4/cyfitter_cfg.c **** * Function Name: AnalogSetDefault
 244:Generated_Source\PSoC4/cyfitter_cfg.c **** ********************************************************************************
 245:Generated_Source\PSoC4/cyfitter_cfg.c **** *
 246:Generated_Source\PSoC4/cyfitter_cfg.c **** * Summary:
 247:Generated_Source\PSoC4/cyfitter_cfg.c **** *  Sets up the analog portions of the chip to default values based on chip
 248:Generated_Source\PSoC4/cyfitter_cfg.c **** *  configuration options from the project.
 249:Generated_Source\PSoC4/cyfitter_cfg.c **** *
 250:Generated_Source\PSoC4/cyfitter_cfg.c **** * Parameters:
 251:Generated_Source\PSoC4/cyfitter_cfg.c **** *  void
 252:Generated_Source\PSoC4/cyfitter_cfg.c **** *
 253:Generated_Source\PSoC4/cyfitter_cfg.c **** * Return:
 254:Generated_Source\PSoC4/cyfitter_cfg.c **** *  void
 255:Generated_Source\PSoC4/cyfitter_cfg.c **** *
 256:Generated_Source\PSoC4/cyfitter_cfg.c **** *******************************************************************************/
 257:Generated_Source\PSoC4/cyfitter_cfg.c **** static void AnalogSetDefault(void);
 258:Generated_Source\PSoC4/cyfitter_cfg.c **** static void AnalogSetDefault(void)
 259:Generated_Source\PSoC4/cyfitter_cfg.c **** {
ARM GAS  C:\Users\bryan.lee\AppData\Local\Temp\ccEVorYf.s 			page 6


  27              		.loc 1 259 0
  28              		.cfi_startproc
  29              		@ args = 0, pretend = 0, frame = 0
  30              		@ frame_needed = 0, uses_anonymous_args = 0
  31              		@ link register save eliminated.
 260:Generated_Source\PSoC4/cyfitter_cfg.c **** 	CY_SET_XTND_REG32((void CYFAR *)CYREG_CTBM0_DFT_CTRL, 0x00000003u);
  32              		.loc 1 260 0
  33 0000 0323     		movs	r3, #3
  34 0002 044A     		ldr	r2, .L2
  35 0004 1360     		str	r3, [r2]
 261:Generated_Source\PSoC4/cyfitter_cfg.c **** 	CY_SET_XTND_REG32((void CYFAR *)CYREG_CTBM1_DFT_CTRL, 0x00000003u);
  36              		.loc 1 261 0
  37 0006 044A     		ldr	r2, .L2+4
  38 0008 1360     		str	r3, [r2]
 262:Generated_Source\PSoC4/cyfitter_cfg.c **** 	CY_SET_XTND_REG32((void CYFAR *)CYREG_PASS_DSAB_DSAB_CTRL, 0x00000000u);
  39              		.loc 1 262 0
  40 000a 0022     		movs	r2, #0
  41 000c 034B     		ldr	r3, .L2+8
  42 000e 1A60     		str	r2, [r3]
 263:Generated_Source\PSoC4/cyfitter_cfg.c **** }
  43              		.loc 1 263 0
  44              		@ sp needed
  45 0010 7047     		bx	lr
  46              	.L3:
  47 0012 C046     		.align	2
  48              	.L2:
  49 0014 30003040 		.word	1076887600
  50 0018 30003140 		.word	1076953136
  51 001c 000E3F40 		.word	1077874176
  52              		.cfi_endproc
  53              	.LFE6:
  54              		.size	AnalogSetDefault, .-AnalogSetDefault
  55              		.section	.text.CYMEMZERO,"ax",%progbits
  56              		.align	2
  57              		.code	16
  58              		.thumb_func
  59              		.type	CYMEMZERO, %function
  60              	CYMEMZERO:
  61              	.LFB2:
  77:Generated_Source\PSoC4/cyfitter_cfg.c **** 	(void)memset(s, 0, n);
  62              		.loc 1 77 0
  63              		.cfi_startproc
  64              		@ args = 0, pretend = 0, frame = 0
  65              		@ frame_needed = 0, uses_anonymous_args = 0
  66              	.LVL0:
  67 0000 10B5     		push	{r4, lr}
  68              		.cfi_def_cfa_offset 8
  69              		.cfi_offset 4, -8
  70              		.cfi_offset 14, -4
  71 0002 0A00     		movs	r2, r1
  78:Generated_Source\PSoC4/cyfitter_cfg.c **** }
  72              		.loc 1 78 0
  73 0004 0021     		movs	r1, #0
  74              	.LVL1:
  75 0006 FFF7FEFF 		bl	memset
  76              	.LVL2:
  79:Generated_Source\PSoC4/cyfitter_cfg.c **** CY_CFG_UNUSED
ARM GAS  C:\Users\bryan.lee\AppData\Local\Temp\ccEVorYf.s 			page 7


  77              		.loc 1 79 0
  78              		@ sp needed
  79 000a 10BD     		pop	{r4, pc}
  80              		.cfi_endproc
  81              	.LFE2:
  82              		.size	CYMEMZERO, .-CYMEMZERO
  83              		.section	.psocinit,"ax",%progbits
  84              		.align	2
  85              		.code	16
  86              		.thumb_func
  87              		.type	ClockSetup, %function
  88              	ClockSetup:
  89              	.LFB5:
 171:Generated_Source\PSoC4/cyfitter_cfg.c **** 
  90              		.loc 1 171 0
  91              		.cfi_startproc
  92              		@ args = 0, pretend = 0, frame = 0
  93              		@ frame_needed = 0, uses_anonymous_args = 0
  94 0000 70B5     		push	{r4, r5, r6, lr}
  95              		.cfi_def_cfa_offset 16
  96              		.cfi_offset 4, -16
  97              		.cfi_offset 5, -12
  98              		.cfi_offset 6, -8
  99              		.cfi_offset 14, -4
 174:Generated_Source\PSoC4/cyfitter_cfg.c **** 
 100              		.loc 1 174 0
 101 0002 1222     		movs	r2, #18
 102 0004 2E4B     		ldr	r3, .L6
 103 0006 1A60     		str	r2, [r3]
 177:Generated_Source\PSoC4/cyfitter_cfg.c **** 	CyDelayCycles(12000000u); /* WCO may take up to 500ms to start */
 104              		.loc 1 177 0
 105 0008 FFF7FEFF 		bl	CySysClkWcoStart
 106              	.LVL3:
 178:Generated_Source\PSoC4/cyfitter_cfg.c **** 	(void)CySysClkWcoSetPowerMode(CY_SYS_CLK_WCO_LPM);    /* Switch to the low power mode */
 107              		.loc 1 178 0
 108 000c 2D48     		ldr	r0, .L6+4
 109 000e FFF7FEFF 		bl	CyDelayCycles
 110              	.LVL4:
 179:Generated_Source\PSoC4/cyfitter_cfg.c **** 
 111              		.loc 1 179 0
 112 0012 0120     		movs	r0, #1
 113 0014 FFF7FEFF 		bl	CySysClkWcoSetPowerMode
 114              	.LVL5:
 182:Generated_Source\PSoC4/cyfitter_cfg.c **** 	/* CYDEV_CLK_ILO_CONFIG Starting address: CYDEV_CLK_ILO_CONFIG */
 115              		.loc 1 182 0
 116 0018 3020     		movs	r0, #48
 117 001a FFF7FEFF 		bl	CySysClkWriteImoFreq
 118              	.LVL6:
 184:Generated_Source\PSoC4/cyfitter_cfg.c **** 
 119              		.loc 1 184 0
 120 001e 2A4A     		ldr	r2, .L6+8
 121 0020 2A4B     		ldr	r3, .L6+12
 122 0022 1A60     		str	r2, [r3]
 187:Generated_Source\PSoC4/cyfitter_cfg.c **** 
 123              		.loc 1 187 0
 124 0024 2A4C     		ldr	r4, .L6+16
 125 0026 8025     		movs	r5, #128
ARM GAS  C:\Users\bryan.lee\AppData\Local\Temp\ccEVorYf.s 			page 8


 126 0028 ED05     		lsls	r5, r5, #23
 127 002a 2560     		str	r5, [r4]
 191:Generated_Source\PSoC4/cyfitter_cfg.c **** 	CY_SET_REG32((void *)(CYREG_BLE_BLERD_BB_XO_CAPTRIM), 0x00003E2Du);
 128              		.loc 1 191 0
 129 002c 294A     		ldr	r2, .L6+20
 130 002e 1168     		ldr	r1, [r2]
 131 0030 0223     		movs	r3, #2
 132 0032 0B43     		orrs	r3, r1
 133 0034 1360     		str	r3, [r2]
 192:Generated_Source\PSoC4/cyfitter_cfg.c **** 	/*Set XTAL(ECO) divider*/
 134              		.loc 1 192 0
 135 0036 284A     		ldr	r2, .L6+24
 136 0038 284B     		ldr	r3, .L6+28
 137 003a 1A60     		str	r2, [r3]
 194:Generated_Source\PSoC4/cyfitter_cfg.c **** 	/* Disable Crystal Stable Interrupt before enabling ECO */
 138              		.loc 1 194 0
 139 003c 0022     		movs	r2, #0
 140 003e 284B     		ldr	r3, .L6+32
 141 0040 1A60     		str	r2, [r3]
 196:Generated_Source\PSoC4/cyfitter_cfg.c **** 	/* Start the ECO and do not check status since it is not needed for HFCLK */
 142              		.loc 1 196 0
 143 0042 284A     		ldr	r2, .L6+36
 144 0044 1368     		ldr	r3, [r2]
 145 0046 0821     		movs	r1, #8
 146 0048 8B43     		bics	r3, r1
 147 004a 1360     		str	r3, [r2]
 198:Generated_Source\PSoC4/cyfitter_cfg.c **** 	CyDelayUs(1500u); /* Wait to stabilize */
 148              		.loc 1 198 0
 149 004c FA20     		movs	r0, #250
 150 004e C000     		lsls	r0, r0, #3
 151 0050 FFF7FEFF 		bl	CySysClkEcoStart
 152              	.LVL7:
 199:Generated_Source\PSoC4/cyfitter_cfg.c **** 
 153              		.loc 1 199 0
 154 0054 2448     		ldr	r0, .L6+40
 155 0056 FFF7FEFF 		bl	CyDelayUs
 156              	.LVL8:
 202:Generated_Source\PSoC4/cyfitter_cfg.c **** 	CY_SET_REG32((void *)CYREG_PERI_DIV_CMD, 0x8000FF42u);
 157              		.loc 1 202 0
 158 005a 244A     		ldr	r2, .L6+44
 159 005c 244B     		ldr	r3, .L6+48
 160 005e 1A60     		str	r2, [r3]
 203:Generated_Source\PSoC4/cyfitter_cfg.c **** 	CY_SET_REG32((void *)CYREG_PERI_DIV_16_CTL1, 0x00002200u);
 161              		.loc 1 203 0
 162 0060 244B     		ldr	r3, .L6+52
 163 0062 254A     		ldr	r2, .L6+56
 164 0064 1A60     		str	r2, [r3]
 204:Generated_Source\PSoC4/cyfitter_cfg.c **** 	CY_SET_REG32((void *)CYREG_PERI_DIV_CMD, 0x8000FF41u);
 165              		.loc 1 204 0
 166 0066 8821     		movs	r1, #136
 167 0068 8901     		lsls	r1, r1, #6
 168 006a 244A     		ldr	r2, .L6+60
 169 006c 1160     		str	r1, [r2]
 205:Generated_Source\PSoC4/cyfitter_cfg.c **** 	CY_SET_REG32((void *)CYREG_PERI_DIV_16_CTL0, 0x00001D00u);
 170              		.loc 1 205 0
 171 006e 244A     		ldr	r2, .L6+64
 172 0070 1A60     		str	r2, [r3]
ARM GAS  C:\Users\bryan.lee\AppData\Local\Temp\ccEVorYf.s 			page 9


 206:Generated_Source\PSoC4/cyfitter_cfg.c **** 	CY_SET_REG32((void *)CYREG_PERI_DIV_CMD, 0x8000FF40u);
 173              		.loc 1 206 0
 174 0072 E821     		movs	r1, #232
 175 0074 4901     		lsls	r1, r1, #5
 176 0076 234A     		ldr	r2, .L6+68
 177 0078 1160     		str	r1, [r2]
 207:Generated_Source\PSoC4/cyfitter_cfg.c **** 
 178              		.loc 1 207 0
 179 007a 234A     		ldr	r2, .L6+72
 180 007c 1A60     		str	r2, [r3]
 210:Generated_Source\PSoC4/cyfitter_cfg.c **** 
 181              		.loc 1 210 0
 182 007e 8022     		movs	r2, #128
 183 0080 1206     		lsls	r2, r2, #24
 184 0082 224B     		ldr	r3, .L6+76
 185 0084 1A60     		str	r2, [r3]
 213:Generated_Source\PSoC4/cyfitter_cfg.c **** 
 186              		.loc 1 213 0
 187 0086 8022     		movs	r2, #128
 188 0088 D202     		lsls	r2, r2, #11
 189 008a 214B     		ldr	r3, .L6+80
 190 008c 1A60     		str	r2, [r3]
 216:Generated_Source\PSoC4/cyfitter_cfg.c **** 
 191              		.loc 1 216 0
 192 008e 4223     		movs	r3, #66
 193 0090 204A     		ldr	r2, .L6+84
 194 0092 1360     		str	r3, [r2]
 219:Generated_Source\PSoC4/cyfitter_cfg.c **** 
 195              		.loc 1 219 0
 196 0094 204A     		ldr	r2, .L6+88
 197 0096 1360     		str	r3, [r2]
 222:Generated_Source\PSoC4/cyfitter_cfg.c **** 
 198              		.loc 1 222 0
 199 0098 204A     		ldr	r2, .L6+92
 200 009a 1360     		str	r3, [r2]
 225:Generated_Source\PSoC4/cyfitter_cfg.c **** 
 201              		.loc 1 225 0
 202 009c 204A     		ldr	r2, .L6+96
 203 009e 1360     		str	r3, [r2]
 228:Generated_Source\PSoC4/cyfitter_cfg.c **** 
 204              		.loc 1 228 0
 205 00a0 4122     		movs	r2, #65
 206 00a2 204B     		ldr	r3, .L6+100
 207 00a4 1A60     		str	r2, [r3]
 231:Generated_Source\PSoC4/cyfitter_cfg.c **** 
 208              		.loc 1 231 0
 209 00a6 013A     		subs	r2, r2, #1
 210 00a8 1F4B     		ldr	r3, .L6+104
 211 00aa 1A60     		str	r2, [r3]
 233:Generated_Source\PSoC4/cyfitter_cfg.c **** 	CyIntEnable(8u);
 212              		.loc 1 233 0
 213 00ac 1F49     		ldr	r1, .L6+108
 214 00ae 0820     		movs	r0, #8
 215 00b0 FFF7FEFF 		bl	CyIntSetVector
 216              	.LVL9:
 234:Generated_Source\PSoC4/cyfitter_cfg.c **** 	CY_SET_REG32((void *)(CYREG_WDT_CONFIG), 0x40000000u);
 217              		.loc 1 234 0
ARM GAS  C:\Users\bryan.lee\AppData\Local\Temp\ccEVorYf.s 			page 10


 218 00b4 0820     		movs	r0, #8
 219 00b6 FFF7FEFF 		bl	CyIntEnable
 220              	.LVL10:
 235:Generated_Source\PSoC4/cyfitter_cfg.c **** }
 221              		.loc 1 235 0
 222 00ba 2560     		str	r5, [r4]
 236:Generated_Source\PSoC4/cyfitter_cfg.c **** 
 223              		.loc 1 236 0
 224              		@ sp needed
 225 00bc 70BD     		pop	{r4, r5, r6, pc}
 226              	.L7:
 227 00be C046     		.align	2
 228              	.L6:
 229 00c0 30001040 		.word	1074790448
 230 00c4 001BB700 		.word	12000000
 231 00c8 06000080 		.word	-2147483642
 232 00cc 04010B40 		.word	1074462980
 233 00d0 0C020B40 		.word	1074463244
 234 00d4 78002E40 		.word	1076756600
 235 00d8 2D3E0000 		.word	15917
 236 00dc 7C002E40 		.word	1076756604
 237 00e0 64F02E40 		.word	1076818020
 238 00e4 6CF02E40 		.word	1076818028
 239 00e8 DC050000 		.word	1500
 240 00ec 007FBB00 		.word	12287744
 241 00f0 08030140 		.word	1073808136
 242 00f4 00000140 		.word	1073807360
 243 00f8 42FF0080 		.word	-2147418302
 244 00fc 04030140 		.word	1073808132
 245 0100 41FF0080 		.word	-2147418303
 246 0104 00030140 		.word	1073808128
 247 0108 40FF0080 		.word	-2147418304
 248 010c 08010B40 		.word	1074462984
 249 0110 00010B40 		.word	1074462976
 250 0114 28010140 		.word	1073807656
 251 0118 24010140 		.word	1073807652
 252 011c 20010140 		.word	1073807648
 253 0120 1C010140 		.word	1073807644
 254 0124 08010140 		.word	1073807624
 255 0128 04010140 		.word	1073807620
 256 012c 00000000 		.word	CySysWdtIsr
 257              		.cfi_endproc
 258              	.LFE5:
 259              		.size	ClockSetup, .-ClockSetup
 260              		.align	2
 261              		.global	cyfitter_cfg
 262              		.code	16
 263              		.thumb_func
 264              		.type	cyfitter_cfg, %function
 265              	cyfitter_cfg:
 266              	.LFB7:
 264:Generated_Source\PSoC4/cyfitter_cfg.c **** 
 265:Generated_Source\PSoC4/cyfitter_cfg.c **** 
 266:Generated_Source\PSoC4/cyfitter_cfg.c **** 
 267:Generated_Source\PSoC4/cyfitter_cfg.c **** 
 268:Generated_Source\PSoC4/cyfitter_cfg.c **** /*******************************************************************************
 269:Generated_Source\PSoC4/cyfitter_cfg.c **** * Function Name: cyfitter_cfg
ARM GAS  C:\Users\bryan.lee\AppData\Local\Temp\ccEVorYf.s 			page 11


 270:Generated_Source\PSoC4/cyfitter_cfg.c **** ********************************************************************************
 271:Generated_Source\PSoC4/cyfitter_cfg.c **** * Summary:
 272:Generated_Source\PSoC4/cyfitter_cfg.c **** *  This function is called by the start-up code for the selected device. It
 273:Generated_Source\PSoC4/cyfitter_cfg.c **** *  performs all of the necessary device configuration based on the design
 274:Generated_Source\PSoC4/cyfitter_cfg.c **** *  settings.  This includes settings from the Design Wide Resources (DWR) such
 275:Generated_Source\PSoC4/cyfitter_cfg.c **** *  as Clocks and Pins as well as any component configuration that is necessary.
 276:Generated_Source\PSoC4/cyfitter_cfg.c **** *
 277:Generated_Source\PSoC4/cyfitter_cfg.c **** * Parameters:
 278:Generated_Source\PSoC4/cyfitter_cfg.c **** *   void
 279:Generated_Source\PSoC4/cyfitter_cfg.c **** *
 280:Generated_Source\PSoC4/cyfitter_cfg.c **** * Return:
 281:Generated_Source\PSoC4/cyfitter_cfg.c **** *   void
 282:Generated_Source\PSoC4/cyfitter_cfg.c **** *
 283:Generated_Source\PSoC4/cyfitter_cfg.c **** *******************************************************************************/
 284:Generated_Source\PSoC4/cyfitter_cfg.c **** CY_CFG_SECTION
 285:Generated_Source\PSoC4/cyfitter_cfg.c **** void cyfitter_cfg(void)
 286:Generated_Source\PSoC4/cyfitter_cfg.c **** {
 267              		.loc 1 286 0
 268              		.cfi_startproc
 269              		@ args = 0, pretend = 0, frame = 0
 270              		@ frame_needed = 0, uses_anonymous_args = 0
 271 0130 10B5     		push	{r4, lr}
 272              		.cfi_def_cfa_offset 8
 273              		.cfi_offset 4, -8
 274              		.cfi_offset 14, -4
 287:Generated_Source\PSoC4/cyfitter_cfg.c **** 	/* Disable interrupts by default. Let user enable if/when they want. */
 288:Generated_Source\PSoC4/cyfitter_cfg.c **** 	CyGlobalIntDisable;
 275              		.loc 1 288 0
 276              		.syntax divided
 277              	@ 288 "Generated_Source\PSoC4\cyfitter_cfg.c" 1
 278 0132 72B6     		CPSID   i
 279              	@ 0 "" 2
 289:Generated_Source\PSoC4/cyfitter_cfg.c **** 
 290:Generated_Source\PSoC4/cyfitter_cfg.c **** 	CY_SET_REG32((void *)(CYREG_BLE_BLESS_LL_DSM_CTRL), 0x00000000u);
 280              		.loc 1 290 0
 281              		.thumb
 282              		.syntax unified
 283 0134 0022     		movs	r2, #0
 284 0136 1E4B     		ldr	r3, .L11
 285 0138 1A60     		str	r2, [r3]
 286              	.LVL11:
 287              	.LBB2:
 291:Generated_Source\PSoC4/cyfitter_cfg.c **** 
 292:Generated_Source\PSoC4/cyfitter_cfg.c **** 	{
 293:Generated_Source\PSoC4/cyfitter_cfg.c **** 
 294:Generated_Source\PSoC4/cyfitter_cfg.c **** 		CYPACKED typedef struct {
 295:Generated_Source\PSoC4/cyfitter_cfg.c **** 			void CYFAR *address;
 296:Generated_Source\PSoC4/cyfitter_cfg.c **** 			uint16 size;
 297:Generated_Source\PSoC4/cyfitter_cfg.c **** 		} CYPACKED_ATTR cfg_memset_t;
 298:Generated_Source\PSoC4/cyfitter_cfg.c **** 
 299:Generated_Source\PSoC4/cyfitter_cfg.c **** 		static const cfg_memset_t CYCODE cfg_memset_list[] = {
 300:Generated_Source\PSoC4/cyfitter_cfg.c **** 			/* address, size */
 301:Generated_Source\PSoC4/cyfitter_cfg.c **** 			{(void CYFAR *)(CYDEV_UDB_P0_U0_BASE), 1024u},
 302:Generated_Source\PSoC4/cyfitter_cfg.c **** 			{(void CYFAR *)(CYDEV_UDB_DSI0_BASE), 1024u},
 303:Generated_Source\PSoC4/cyfitter_cfg.c **** 		};
 304:Generated_Source\PSoC4/cyfitter_cfg.c **** 
 305:Generated_Source\PSoC4/cyfitter_cfg.c **** 		uint8 CYDATA i;
ARM GAS  C:\Users\bryan.lee\AppData\Local\Temp\ccEVorYf.s 			page 12


 306:Generated_Source\PSoC4/cyfitter_cfg.c **** 
 307:Generated_Source\PSoC4/cyfitter_cfg.c **** 		/* Zero out critical memory blocks before beginning configuration */
 308:Generated_Source\PSoC4/cyfitter_cfg.c **** 		for (i = 0u; i < (sizeof(cfg_memset_list)/sizeof(cfg_memset_list[0])); i++)
 288              		.loc 1 308 0
 289 013a 0024     		movs	r4, #0
 290 013c 0FE0     		b	.L9
 291              	.LVL12:
 292              	.L10:
 293              	.LBB3:
 309:Generated_Source\PSoC4/cyfitter_cfg.c **** 		{
 310:Generated_Source\PSoC4/cyfitter_cfg.c **** 			const cfg_memset_t CYCODE * CYDATA ms = &cfg_memset_list[i];
 311:Generated_Source\PSoC4/cyfitter_cfg.c **** 			CYMEMZERO(ms->address, (size_t)(uint32)(ms->size));
 294              		.loc 1 311 0 discriminator 3
 295 013e 1D48     		ldr	r0, .L11+4
 296 0140 6200     		lsls	r2, r4, #1
 297 0142 1319     		adds	r3, r2, r4
 298 0144 5900     		lsls	r1, r3, #1
 299 0146 0B00     		movs	r3, r1
 300 0148 4118     		adds	r1, r0, r1
 301 014a 8988     		ldrh	r1, [r1, #4]
 302 014c 1A5A     		ldrh	r2, [r3, r0]
 303 014e C318     		adds	r3, r0, r3
 304 0150 5888     		ldrh	r0, [r3, #2]
 305 0152 0004     		lsls	r0, r0, #16
 306 0154 1043     		orrs	r0, r2
 307 0156 FFF7FEFF 		bl	CYMEMZERO
 308              	.LVL13:
 309              	.LBE3:
 308:Generated_Source\PSoC4/cyfitter_cfg.c **** 		{
 310              		.loc 1 308 0 discriminator 3
 311 015a 0134     		adds	r4, r4, #1
 312              	.LVL14:
 313 015c E4B2     		uxtb	r4, r4
 314              	.LVL15:
 315              	.L9:
 308:Generated_Source\PSoC4/cyfitter_cfg.c **** 		{
 316              		.loc 1 308 0 is_stmt 0 discriminator 1
 317 015e 012C     		cmp	r4, #1
 318 0160 EDD9     		bls	.L10
 312:Generated_Source\PSoC4/cyfitter_cfg.c **** 		}
 313:Generated_Source\PSoC4/cyfitter_cfg.c **** 
 314:Generated_Source\PSoC4/cyfitter_cfg.c **** 		/* HSIOM Starting address: CYDEV_HSIOM_BASE */
 315:Generated_Source\PSoC4/cyfitter_cfg.c **** 		CY_SET_REG32((void *)(CYDEV_HSIOM_BASE), 0xEEEE0899u);
 319              		.loc 1 315 0 is_stmt 1
 320 0162 154A     		ldr	r2, .L11+8
 321 0164 154B     		ldr	r3, .L11+12
 322 0166 1A60     		str	r2, [r3]
 316:Generated_Source\PSoC4/cyfitter_cfg.c **** 		CY_SET_REG32((void *)(CYREG_HSIOM_PORT_SEL1), 0x00080008u);
 323              		.loc 1 316 0
 324 0168 154A     		ldr	r2, .L11+16
 325 016a 164B     		ldr	r3, .L11+20
 326 016c 1A60     		str	r2, [r3]
 317:Generated_Source\PSoC4/cyfitter_cfg.c **** 
 318:Generated_Source\PSoC4/cyfitter_cfg.c **** 		/* UDB_PA_0 Starting address: CYDEV_UDB_PA0_BASE */
 319:Generated_Source\PSoC4/cyfitter_cfg.c **** 		CY_SET_REG32((void *)(CYDEV_UDB_PA0_BASE), 0x00990000u);
 327              		.loc 1 319 0
 328 016e 9923     		movs	r3, #153
ARM GAS  C:\Users\bryan.lee\AppData\Local\Temp\ccEVorYf.s 			page 13


 329 0170 1B04     		lsls	r3, r3, #16
 330 0172 154A     		ldr	r2, .L11+24
 331 0174 1360     		str	r3, [r2]
 320:Generated_Source\PSoC4/cyfitter_cfg.c **** 
 321:Generated_Source\PSoC4/cyfitter_cfg.c **** 		/* UDB_PA_1 Starting address: CYDEV_UDB_PA1_BASE */
 322:Generated_Source\PSoC4/cyfitter_cfg.c **** 		CY_SET_REG32((void *)(CYDEV_UDB_PA1_BASE), 0x00990000u);
 332              		.loc 1 322 0
 333 0176 154A     		ldr	r2, .L11+28
 334 0178 1360     		str	r3, [r2]
 323:Generated_Source\PSoC4/cyfitter_cfg.c **** 
 324:Generated_Source\PSoC4/cyfitter_cfg.c **** 		/* Enable digital routing */
 325:Generated_Source\PSoC4/cyfitter_cfg.c **** 		CY_SET_XTND_REG8((void *)CYREG_UDB_UDBIF_BANK_CTL, (uint8)(CY_GET_XTND_REG8((void *)CYREG_UDB_UDB
 335              		.loc 1 325 0
 336 017a 154A     		ldr	r2, .L11+32
 337 017c 1178     		ldrb	r1, [r2]
 338 017e 0623     		movs	r3, #6
 339 0180 0B43     		orrs	r3, r1
 340 0182 DBB2     		uxtb	r3, r3
 341 0184 1370     		strb	r3, [r2]
 342              	.LBE2:
 326:Generated_Source\PSoC4/cyfitter_cfg.c **** 	}
 327:Generated_Source\PSoC4/cyfitter_cfg.c **** 
 328:Generated_Source\PSoC4/cyfitter_cfg.c **** 	/* Perform second pass device configuration. These items must be configured in specific order afte
 329:Generated_Source\PSoC4/cyfitter_cfg.c **** 	/* IOPINS0_0 Starting address: CYDEV_GPIO_PRT0_BASE */
 330:Generated_Source\PSoC4/cyfitter_cfg.c **** 	CY_SET_REG32((void *)(CYDEV_GPIO_PRT0_BASE), 0x00000036u);
 343              		.loc 1 330 0
 344 0186 3622     		movs	r2, #54
 345 0188 124B     		ldr	r3, .L11+36
 346 018a 1A60     		str	r2, [r3]
 331:Generated_Source\PSoC4/cyfitter_cfg.c **** 	CY_SET_REG32((void *)(CYREG_GPIO_PRT0_PC), 0x00DA41B1u);
 347              		.loc 1 331 0
 348 018c 124A     		ldr	r2, .L11+40
 349 018e 134B     		ldr	r3, .L11+44
 350 0190 1A60     		str	r2, [r3]
 332:Generated_Source\PSoC4/cyfitter_cfg.c **** 	CY_SET_REG32((void *)(CYREG_GPIO_PRT0_PC2), 0x00000002u);
 351              		.loc 1 332 0
 352 0192 0222     		movs	r2, #2
 353 0194 124B     		ldr	r3, .L11+48
 354 0196 1A60     		str	r2, [r3]
 333:Generated_Source\PSoC4/cyfitter_cfg.c **** 
 334:Generated_Source\PSoC4/cyfitter_cfg.c **** 	/* IOPINS0_1 Starting address: CYDEV_GPIO_PRT1_BASE */
 335:Generated_Source\PSoC4/cyfitter_cfg.c **** 	CY_SET_REG32((void *)(CYDEV_GPIO_PRT1_BASE), 0x00000011u);
 355              		.loc 1 335 0
 356 0198 0F32     		adds	r2, r2, #15
 357 019a 124B     		ldr	r3, .L11+52
 358 019c 1A60     		str	r2, [r3]
 336:Generated_Source\PSoC4/cyfitter_cfg.c **** 	CY_SET_REG32((void *)(CYREG_GPIO_PRT1_PC), 0x00006006u);
 359              		.loc 1 336 0
 360 019e 124A     		ldr	r2, .L11+56
 361 01a0 124B     		ldr	r3, .L11+60
 362 01a2 1A60     		str	r2, [r3]
 337:Generated_Source\PSoC4/cyfitter_cfg.c **** 
 338:Generated_Source\PSoC4/cyfitter_cfg.c **** 
 339:Generated_Source\PSoC4/cyfitter_cfg.c **** 	/* Setup clocks based on selections from Clock DWR */
 340:Generated_Source\PSoC4/cyfitter_cfg.c **** 	ClockSetup();
 363              		.loc 1 340 0
 364 01a4 FFF72CFF 		bl	ClockSetup
ARM GAS  C:\Users\bryan.lee\AppData\Local\Temp\ccEVorYf.s 			page 14


 365              	.LVL16:
 341:Generated_Source\PSoC4/cyfitter_cfg.c **** 
 342:Generated_Source\PSoC4/cyfitter_cfg.c **** 	/* Perform basic analog initialization to defaults */
 343:Generated_Source\PSoC4/cyfitter_cfg.c **** 	AnalogSetDefault();
 366              		.loc 1 343 0
 367 01a8 FFF7FEFF 		bl	AnalogSetDefault
 368              	.LVL17:
 344:Generated_Source\PSoC4/cyfitter_cfg.c **** 
 345:Generated_Source\PSoC4/cyfitter_cfg.c **** }
 369              		.loc 1 345 0
 370              		@ sp needed
 371              	.LVL18:
 372 01ac 10BD     		pop	{r4, pc}
 373              	.L12:
 374 01ae C046     		.align	2
 375              	.L11:
 376 01b0 6CF02E40 		.word	1076818028
 377 01b4 00000000 		.word	.LANCHOR0
 378 01b8 9908EEEE 		.word	-286390119
 379 01bc 00000240 		.word	1073872896
 380 01c0 08000800 		.word	524296
 381 01c4 00010240 		.word	1073873152
 382 01c8 00500F40 		.word	1074745344
 383 01cc 10500F40 		.word	1074745360
 384 01d0 00700F40 		.word	1074753536
 385 01d4 00000440 		.word	1074003968
 386 01d8 B141DA00 		.word	14303665
 387 01dc 08000440 		.word	1074003976
 388 01e0 18000440 		.word	1074003992
 389 01e4 00010440 		.word	1074004224
 390 01e8 06600000 		.word	24582
 391 01ec 08010440 		.word	1074004232
 392              		.cfi_endproc
 393              	.LFE7:
 394              		.size	cyfitter_cfg, .-cyfitter_cfg
 395              		.section	.rodata
 396              		.align	2
 397              		.set	.LANCHOR0,. + 0
 398              		.type	cfg_memset_list.4884, %object
 399              		.size	cfg_memset_list.4884, 12
 400              	cfg_memset_list.4884:
 401 0000 00300F40 		.word	1074737152
 402 0004 0004     		.short	1024
 403 0006 00400F40 		.4byte	1074741248
 404 000a 0004     		.short	1024
 405              		.text
 406              	.Letext0:
 407              		.file 2 "c:\\program files (x86)\\cypress\\psoc creator\\4.2\\psoc creator\\import\\gnu\\arm\\5.4.
 408              		.file 3 "Generated_Source\\PSoC4\\cytypes.h"
 409              		.file 4 "Generated_Source\\PSoC4\\CyLFClk.h"
 410              		.file 5 "Generated_Source\\PSoC4\\CyLib.h"
 411              		.section	.debug_info,"",%progbits
 412              	.Ldebug_info0:
 413 0000 2A030000 		.4byte	0x32a
 414 0004 0400     		.2byte	0x4
 415 0006 00000000 		.4byte	.Ldebug_abbrev0
 416 000a 04       		.byte	0x4
ARM GAS  C:\Users\bryan.lee\AppData\Local\Temp\ccEVorYf.s 			page 15


 417 000b 01       		.uleb128 0x1
 418 000c 33010000 		.4byte	.LASF34
 419 0010 0C       		.byte	0xc
 420 0011 92020000 		.4byte	.LASF35
 421 0015 E5010000 		.4byte	.LASF36
 422 0019 00000000 		.4byte	.Ldebug_ranges0+0
 423 001d 00000000 		.4byte	0
 424 0021 00000000 		.4byte	.Ldebug_line0
 425 0025 02       		.uleb128 0x2
 426 0026 04       		.byte	0x4
 427 0027 05       		.byte	0x5
 428 0028 696E7400 		.ascii	"int\000"
 429 002c 03       		.uleb128 0x3
 430 002d 14000000 		.4byte	.LASF12
 431 0031 02       		.byte	0x2
 432 0032 D8       		.byte	0xd8
 433 0033 37000000 		.4byte	0x37
 434 0037 04       		.uleb128 0x4
 435 0038 04       		.byte	0x4
 436 0039 07       		.byte	0x7
 437 003a FA000000 		.4byte	.LASF0
 438 003e 04       		.uleb128 0x4
 439 003f 08       		.byte	0x8
 440 0040 05       		.byte	0x5
 441 0041 D7010000 		.4byte	.LASF1
 442 0045 04       		.uleb128 0x4
 443 0046 08       		.byte	0x8
 444 0047 04       		.byte	0x4
 445 0048 7A020000 		.4byte	.LASF2
 446 004c 04       		.uleb128 0x4
 447 004d 01       		.byte	0x1
 448 004e 06       		.byte	0x6
 449 004f 86020000 		.4byte	.LASF3
 450 0053 04       		.uleb128 0x4
 451 0054 01       		.byte	0x1
 452 0055 08       		.byte	0x8
 453 0056 C4000000 		.4byte	.LASF4
 454 005a 04       		.uleb128 0x4
 455 005b 02       		.byte	0x2
 456 005c 05       		.byte	0x5
 457 005d 52020000 		.4byte	.LASF5
 458 0061 04       		.uleb128 0x4
 459 0062 02       		.byte	0x2
 460 0063 07       		.byte	0x7
 461 0064 56000000 		.4byte	.LASF6
 462 0068 04       		.uleb128 0x4
 463 0069 04       		.byte	0x4
 464 006a 05       		.byte	0x5
 465 006b 71020000 		.4byte	.LASF7
 466 006f 04       		.uleb128 0x4
 467 0070 04       		.byte	0x4
 468 0071 07       		.byte	0x7
 469 0072 91000000 		.4byte	.LASF8
 470 0076 04       		.uleb128 0x4
 471 0077 08       		.byte	0x8
 472 0078 07       		.byte	0x7
 473 0079 1C010000 		.4byte	.LASF9
ARM GAS  C:\Users\bryan.lee\AppData\Local\Temp\ccEVorYf.s 			page 16


 474 007d 04       		.uleb128 0x4
 475 007e 04       		.byte	0x4
 476 007f 07       		.byte	0x7
 477 0080 CE010000 		.4byte	.LASF10
 478 0084 05       		.uleb128 0x5
 479 0085 04       		.byte	0x4
 480 0086 04       		.uleb128 0x4
 481 0087 01       		.byte	0x1
 482 0088 08       		.byte	0x8
 483 0089 3C020000 		.4byte	.LASF11
 484 008d 06       		.uleb128 0x6
 485 008e A3000000 		.4byte	.LASF13
 486 0092 03       		.byte	0x3
 487 0093 E401     		.2byte	0x1e4
 488 0095 53000000 		.4byte	0x53
 489 0099 06       		.uleb128 0x6
 490 009a EC000000 		.4byte	.LASF14
 491 009e 03       		.byte	0x3
 492 009f E501     		.2byte	0x1e5
 493 00a1 61000000 		.4byte	0x61
 494 00a5 06       		.uleb128 0x6
 495 00a6 F3000000 		.4byte	.LASF15
 496 00aa 03       		.byte	0x3
 497 00ab E601     		.2byte	0x1e6
 498 00ad 6F000000 		.4byte	0x6f
 499 00b1 04       		.uleb128 0x4
 500 00b2 04       		.byte	0x4
 501 00b3 04       		.byte	0x4
 502 00b4 69000000 		.4byte	.LASF16
 503 00b8 04       		.uleb128 0x4
 504 00b9 08       		.byte	0x8
 505 00ba 04       		.byte	0x4
 506 00bb D9000000 		.4byte	.LASF17
 507 00bf 06       		.uleb128 0x6
 508 00c0 8C000000 		.4byte	.LASF18
 509 00c4 03       		.byte	0x3
 510 00c5 8E02     		.2byte	0x28e
 511 00c7 CB000000 		.4byte	0xcb
 512 00cb 07       		.uleb128 0x7
 513 00cc 8D000000 		.4byte	0x8d
 514 00d0 06       		.uleb128 0x6
 515 00d1 0E000000 		.4byte	.LASF19
 516 00d5 03       		.byte	0x3
 517 00d6 9002     		.2byte	0x290
 518 00d8 DC000000 		.4byte	0xdc
 519 00dc 07       		.uleb128 0x7
 520 00dd A5000000 		.4byte	0xa5
 521 00e1 08       		.uleb128 0x8
 522 00e2 1B000000 		.4byte	.LASF37
 523 00e6 01       		.byte	0x1
 524 00e7 0201     		.2byte	0x102
 525 00e9 00000000 		.4byte	.LFB6
 526 00ed 20000000 		.4byte	.LFE6-.LFB6
 527 00f1 01       		.uleb128 0x1
 528 00f2 9C       		.byte	0x9c
 529 00f3 09       		.uleb128 0x9
 530 00f4 BA000000 		.4byte	.LASF20
ARM GAS  C:\Users\bryan.lee\AppData\Local\Temp\ccEVorYf.s 			page 17


 531 00f8 01       		.byte	0x1
 532 00f9 4C       		.byte	0x4c
 533 00fa 00000000 		.4byte	.LFB2
 534 00fe 0C000000 		.4byte	.LFE2-.LFB2
 535 0102 01       		.uleb128 0x1
 536 0103 9C       		.byte	0x9c
 537 0104 40010000 		.4byte	0x140
 538 0108 0A       		.uleb128 0xa
 539 0109 7300     		.ascii	"s\000"
 540 010b 01       		.byte	0x1
 541 010c 4C       		.byte	0x4c
 542 010d 84000000 		.4byte	0x84
 543 0111 00000000 		.4byte	.LLST0
 544 0115 0A       		.uleb128 0xa
 545 0116 6E00     		.ascii	"n\000"
 546 0118 01       		.byte	0x1
 547 0119 4C       		.byte	0x4c
 548 011a 2C000000 		.4byte	0x2c
 549 011e 21000000 		.4byte	.LLST1
 550 0122 0B       		.uleb128 0xb
 551 0123 0A000000 		.4byte	.LVL2
 552 0127 CC020000 		.4byte	0x2cc
 553 012b 0C       		.uleb128 0xc
 554 012c 01       		.uleb128 0x1
 555 012d 50       		.byte	0x50
 556 012e 03       		.uleb128 0x3
 557 012f F3       		.byte	0xf3
 558 0130 01       		.uleb128 0x1
 559 0131 50       		.byte	0x50
 560 0132 0C       		.uleb128 0xc
 561 0133 01       		.uleb128 0x1
 562 0134 51       		.byte	0x51
 563 0135 01       		.uleb128 0x1
 564 0136 30       		.byte	0x30
 565 0137 0C       		.uleb128 0xc
 566 0138 01       		.uleb128 0x1
 567 0139 52       		.byte	0x52
 568 013a 03       		.uleb128 0x3
 569 013b F3       		.byte	0xf3
 570 013c 01       		.uleb128 0x1
 571 013d 51       		.byte	0x51
 572 013e 00       		.byte	0
 573 013f 00       		.byte	0
 574 0140 09       		.uleb128 0x9
 575 0141 4B000000 		.4byte	.LASF21
 576 0145 01       		.byte	0x1
 577 0146 AA       		.byte	0xaa
 578 0147 00000000 		.4byte	.LFB5
 579 014b 30010000 		.4byte	.LFE5-.LFB5
 580 014f 01       		.uleb128 0x1
 581 0150 9C       		.byte	0x9c
 582 0151 E9010000 		.4byte	0x1e9
 583 0155 0D       		.uleb128 0xd
 584 0156 0C000000 		.4byte	.LVL3
 585 015a D5020000 		.4byte	0x2d5
 586 015e 0E       		.uleb128 0xe
 587 015f 12000000 		.4byte	.LVL4
ARM GAS  C:\Users\bryan.lee\AppData\Local\Temp\ccEVorYf.s 			page 18


 588 0163 E0020000 		.4byte	0x2e0
 589 0167 75010000 		.4byte	0x175
 590 016b 0C       		.uleb128 0xc
 591 016c 01       		.uleb128 0x1
 592 016d 50       		.byte	0x50
 593 016e 05       		.uleb128 0x5
 594 016f 0C       		.byte	0xc
 595 0170 001BB700 		.4byte	0xb71b00
 596 0174 00       		.byte	0
 597 0175 0E       		.uleb128 0xe
 598 0176 18000000 		.4byte	.LVL5
 599 017a EB020000 		.4byte	0x2eb
 600 017e 88010000 		.4byte	0x188
 601 0182 0C       		.uleb128 0xc
 602 0183 01       		.uleb128 0x1
 603 0184 50       		.byte	0x50
 604 0185 01       		.uleb128 0x1
 605 0186 31       		.byte	0x31
 606 0187 00       		.byte	0
 607 0188 0E       		.uleb128 0xe
 608 0189 1E000000 		.4byte	.LVL6
 609 018d F6020000 		.4byte	0x2f6
 610 0191 9C010000 		.4byte	0x19c
 611 0195 0C       		.uleb128 0xc
 612 0196 01       		.uleb128 0x1
 613 0197 50       		.byte	0x50
 614 0198 02       		.uleb128 0x2
 615 0199 08       		.byte	0x8
 616 019a 30       		.byte	0x30
 617 019b 00       		.byte	0
 618 019c 0E       		.uleb128 0xe
 619 019d 54000000 		.4byte	.LVL7
 620 01a1 01030000 		.4byte	0x301
 621 01a5 B1010000 		.4byte	0x1b1
 622 01a9 0C       		.uleb128 0xc
 623 01aa 01       		.uleb128 0x1
 624 01ab 50       		.byte	0x50
 625 01ac 03       		.uleb128 0x3
 626 01ad 0A       		.byte	0xa
 627 01ae D007     		.2byte	0x7d0
 628 01b0 00       		.byte	0
 629 01b1 0E       		.uleb128 0xe
 630 01b2 5A000000 		.4byte	.LVL8
 631 01b6 0C030000 		.4byte	0x30c
 632 01ba C6010000 		.4byte	0x1c6
 633 01be 0C       		.uleb128 0xc
 634 01bf 01       		.uleb128 0x1
 635 01c0 50       		.byte	0x50
 636 01c1 03       		.uleb128 0x3
 637 01c2 0A       		.byte	0xa
 638 01c3 DC05     		.2byte	0x5dc
 639 01c5 00       		.byte	0
 640 01c6 0E       		.uleb128 0xe
 641 01c7 B4000000 		.4byte	.LVL9
 642 01cb 17030000 		.4byte	0x317
 643 01cf D9010000 		.4byte	0x1d9
 644 01d3 0C       		.uleb128 0xc
ARM GAS  C:\Users\bryan.lee\AppData\Local\Temp\ccEVorYf.s 			page 19


 645 01d4 01       		.uleb128 0x1
 646 01d5 50       		.byte	0x50
 647 01d6 01       		.uleb128 0x1
 648 01d7 38       		.byte	0x38
 649 01d8 00       		.byte	0
 650 01d9 0B       		.uleb128 0xb
 651 01da BA000000 		.4byte	.LVL10
 652 01de 22030000 		.4byte	0x322
 653 01e2 0C       		.uleb128 0xc
 654 01e3 01       		.uleb128 0x1
 655 01e4 50       		.byte	0x50
 656 01e5 01       		.uleb128 0x1
 657 01e6 38       		.byte	0x38
 658 01e7 00       		.byte	0
 659 01e8 00       		.byte	0
 660 01e9 0F       		.uleb128 0xf
 661 01ea 07010000 		.4byte	.LASF38
 662 01ee 01       		.byte	0x1
 663 01ef 1D01     		.2byte	0x11d
 664 01f1 30010000 		.4byte	.LFB7
 665 01f5 C0000000 		.4byte	.LFE7-.LFB7
 666 01f9 01       		.uleb128 0x1
 667 01fa 9C       		.byte	0x9c
 668 01fb CC020000 		.4byte	0x2cc
 669 01ff 10       		.uleb128 0x10
 670 0200 3A010000 		.4byte	.LBB2
 671 0204 4C000000 		.4byte	.LBE2-.LBB2
 672 0208 B9020000 		.4byte	0x2b9
 673 020c 11       		.uleb128 0x11
 674 020d 06       		.byte	0x6
 675 020e 01       		.byte	0x1
 676 020f 2601     		.2byte	0x126
 677 0211 30020000 		.4byte	0x230
 678 0215 12       		.uleb128 0x12
 679 0216 14010000 		.4byte	.LASF22
 680 021a 01       		.byte	0x1
 681 021b 2701     		.2byte	0x127
 682 021d 84000000 		.4byte	0x84
 683 0221 00       		.byte	0
 684 0222 12       		.uleb128 0x12
 685 0223 6F000000 		.4byte	.LASF23
 686 0227 01       		.byte	0x1
 687 0228 2801     		.2byte	0x128
 688 022a 99000000 		.4byte	0x99
 689 022e 04       		.byte	0x4
 690 022f 00       		.byte	0
 691 0230 06       		.uleb128 0x6
 692 0231 C1010000 		.4byte	.LASF24
 693 0235 01       		.byte	0x1
 694 0236 2901     		.2byte	0x129
 695 0238 0C020000 		.4byte	0x20c
 696 023c 13       		.uleb128 0x13
 697 023d 4C020000 		.4byte	0x24c
 698 0241 4C020000 		.4byte	0x24c
 699 0245 14       		.uleb128 0x14
 700 0246 7D000000 		.4byte	0x7d
 701 024a 01       		.byte	0x1
ARM GAS  C:\Users\bryan.lee\AppData\Local\Temp\ccEVorYf.s 			page 20


 702 024b 00       		.byte	0
 703 024c 15       		.uleb128 0x15
 704 024d 30020000 		.4byte	0x230
 705 0251 16       		.uleb128 0x16
 706 0252 3B000000 		.4byte	.LASF25
 707 0256 01       		.byte	0x1
 708 0257 2B01     		.2byte	0x12b
 709 0259 63020000 		.4byte	0x263
 710 025d 05       		.uleb128 0x5
 711 025e 03       		.byte	0x3
 712 025f 00000000 		.4byte	cfg_memset_list.4884
 713 0263 15       		.uleb128 0x15
 714 0264 3C020000 		.4byte	0x23c
 715 0268 17       		.uleb128 0x17
 716 0269 6900     		.ascii	"i\000"
 717 026b 01       		.byte	0x1
 718 026c 3101     		.2byte	0x131
 719 026e 8D000000 		.4byte	0x8d
 720 0272 4D000000 		.4byte	.LLST2
 721 0276 18       		.uleb128 0x18
 722 0277 3E010000 		.4byte	.LBB3
 723 027b 1C000000 		.4byte	.LBE3-.LBB3
 724 027f 17       		.uleb128 0x17
 725 0280 6D7300   		.ascii	"ms\000"
 726 0283 01       		.byte	0x1
 727 0284 3601     		.2byte	0x136
 728 0286 8E020000 		.4byte	0x28e
 729 028a 77000000 		.4byte	.LLST3
 730 028e 19       		.uleb128 0x19
 731 028f 04       		.byte	0x4
 732 0290 4C020000 		.4byte	0x24c
 733 0294 0B       		.uleb128 0xb
 734 0295 5A010000 		.4byte	.LVL13
 735 0299 F3000000 		.4byte	0xf3
 736 029d 0C       		.uleb128 0xc
 737 029e 01       		.uleb128 0x1
 738 029f 51       		.byte	0x51
 739 02a0 15       		.uleb128 0x15
 740 02a1 74       		.byte	0x74
 741 02a2 00       		.sleb128 0
 742 02a3 31       		.byte	0x31
 743 02a4 24       		.byte	0x24
 744 02a5 74       		.byte	0x74
 745 02a6 00       		.sleb128 0
 746 02a7 22       		.byte	0x22
 747 02a8 31       		.byte	0x31
 748 02a9 24       		.byte	0x24
 749 02aa 03       		.byte	0x3
 750 02ab 04000000 		.4byte	.LANCHOR0+4
 751 02af 22       		.byte	0x22
 752 02b0 94       		.byte	0x94
 753 02b1 02       		.byte	0x2
 754 02b2 0A       		.byte	0xa
 755 02b3 FFFF     		.2byte	0xffff
 756 02b5 1A       		.byte	0x1a
 757 02b6 00       		.byte	0
 758 02b7 00       		.byte	0
ARM GAS  C:\Users\bryan.lee\AppData\Local\Temp\ccEVorYf.s 			page 21


 759 02b8 00       		.byte	0
 760 02b9 0D       		.uleb128 0xd
 761 02ba A8010000 		.4byte	.LVL16
 762 02be 40010000 		.4byte	0x140
 763 02c2 0D       		.uleb128 0xd
 764 02c3 AC010000 		.4byte	.LVL17
 765 02c7 E1000000 		.4byte	0xe1
 766 02cb 00       		.byte	0
 767 02cc 1A       		.uleb128 0x1a
 768 02cd D2000000 		.4byte	.LASF39
 769 02d1 D2000000 		.4byte	.LASF39
 770 02d5 1B       		.uleb128 0x1b
 771 02d6 A9000000 		.4byte	.LASF26
 772 02da A9000000 		.4byte	.LASF26
 773 02de 04       		.byte	0x4
 774 02df 4E       		.byte	0x4e
 775 02e0 1B       		.uleb128 0x1b
 776 02e1 00000000 		.4byte	.LASF27
 777 02e5 00000000 		.4byte	.LASF27
 778 02e9 05       		.byte	0x5
 779 02ea DC       		.byte	0xdc
 780 02eb 1B       		.uleb128 0x1b
 781 02ec 74000000 		.4byte	.LASF28
 782 02f0 74000000 		.4byte	.LASF28
 783 02f4 04       		.byte	0x4
 784 02f5 50       		.byte	0x50
 785 02f6 1B       		.uleb128 0x1b
 786 02f7 5C020000 		.4byte	.LASF29
 787 02fb 5C020000 		.4byte	.LASF29
 788 02ff 05       		.byte	0x5
 789 0300 6C       		.byte	0x6c
 790 0301 1B       		.uleb128 0x1b
 791 0302 41020000 		.4byte	.LASF30
 792 0306 41020000 		.4byte	.LASF30
 793 030a 05       		.byte	0x5
 794 030b 84       		.byte	0x84
 795 030c 1B       		.uleb128 0x1b
 796 030d 32020000 		.4byte	.LASF31
 797 0311 32020000 		.4byte	.LASF31
 798 0315 05       		.byte	0x5
 799 0316 DA       		.byte	0xda
 800 0317 1B       		.uleb128 0x1b
 801 0318 2C000000 		.4byte	.LASF32
 802 031c 2C000000 		.4byte	.LASF32
 803 0320 05       		.byte	0x5
 804 0321 BD       		.byte	0xbd
 805 0322 1B       		.uleb128 0x1b
 806 0323 E0000000 		.4byte	.LASF33
 807 0327 E0000000 		.4byte	.LASF33
 808 032b 05       		.byte	0x5
 809 032c C3       		.byte	0xc3
 810 032d 00       		.byte	0
 811              		.section	.debug_abbrev,"",%progbits
 812              	.Ldebug_abbrev0:
 813 0000 01       		.uleb128 0x1
 814 0001 11       		.uleb128 0x11
 815 0002 01       		.byte	0x1
ARM GAS  C:\Users\bryan.lee\AppData\Local\Temp\ccEVorYf.s 			page 22


 816 0003 25       		.uleb128 0x25
 817 0004 0E       		.uleb128 0xe
 818 0005 13       		.uleb128 0x13
 819 0006 0B       		.uleb128 0xb
 820 0007 03       		.uleb128 0x3
 821 0008 0E       		.uleb128 0xe
 822 0009 1B       		.uleb128 0x1b
 823 000a 0E       		.uleb128 0xe
 824 000b 55       		.uleb128 0x55
 825 000c 17       		.uleb128 0x17
 826 000d 11       		.uleb128 0x11
 827 000e 01       		.uleb128 0x1
 828 000f 10       		.uleb128 0x10
 829 0010 17       		.uleb128 0x17
 830 0011 00       		.byte	0
 831 0012 00       		.byte	0
 832 0013 02       		.uleb128 0x2
 833 0014 24       		.uleb128 0x24
 834 0015 00       		.byte	0
 835 0016 0B       		.uleb128 0xb
 836 0017 0B       		.uleb128 0xb
 837 0018 3E       		.uleb128 0x3e
 838 0019 0B       		.uleb128 0xb
 839 001a 03       		.uleb128 0x3
 840 001b 08       		.uleb128 0x8
 841 001c 00       		.byte	0
 842 001d 00       		.byte	0
 843 001e 03       		.uleb128 0x3
 844 001f 16       		.uleb128 0x16
 845 0020 00       		.byte	0
 846 0021 03       		.uleb128 0x3
 847 0022 0E       		.uleb128 0xe
 848 0023 3A       		.uleb128 0x3a
 849 0024 0B       		.uleb128 0xb
 850 0025 3B       		.uleb128 0x3b
 851 0026 0B       		.uleb128 0xb
 852 0027 49       		.uleb128 0x49
 853 0028 13       		.uleb128 0x13
 854 0029 00       		.byte	0
 855 002a 00       		.byte	0
 856 002b 04       		.uleb128 0x4
 857 002c 24       		.uleb128 0x24
 858 002d 00       		.byte	0
 859 002e 0B       		.uleb128 0xb
 860 002f 0B       		.uleb128 0xb
 861 0030 3E       		.uleb128 0x3e
 862 0031 0B       		.uleb128 0xb
 863 0032 03       		.uleb128 0x3
 864 0033 0E       		.uleb128 0xe
 865 0034 00       		.byte	0
 866 0035 00       		.byte	0
 867 0036 05       		.uleb128 0x5
 868 0037 0F       		.uleb128 0xf
 869 0038 00       		.byte	0
 870 0039 0B       		.uleb128 0xb
 871 003a 0B       		.uleb128 0xb
 872 003b 00       		.byte	0
ARM GAS  C:\Users\bryan.lee\AppData\Local\Temp\ccEVorYf.s 			page 23


 873 003c 00       		.byte	0
 874 003d 06       		.uleb128 0x6
 875 003e 16       		.uleb128 0x16
 876 003f 00       		.byte	0
 877 0040 03       		.uleb128 0x3
 878 0041 0E       		.uleb128 0xe
 879 0042 3A       		.uleb128 0x3a
 880 0043 0B       		.uleb128 0xb
 881 0044 3B       		.uleb128 0x3b
 882 0045 05       		.uleb128 0x5
 883 0046 49       		.uleb128 0x49
 884 0047 13       		.uleb128 0x13
 885 0048 00       		.byte	0
 886 0049 00       		.byte	0
 887 004a 07       		.uleb128 0x7
 888 004b 35       		.uleb128 0x35
 889 004c 00       		.byte	0
 890 004d 49       		.uleb128 0x49
 891 004e 13       		.uleb128 0x13
 892 004f 00       		.byte	0
 893 0050 00       		.byte	0
 894 0051 08       		.uleb128 0x8
 895 0052 2E       		.uleb128 0x2e
 896 0053 00       		.byte	0
 897 0054 03       		.uleb128 0x3
 898 0055 0E       		.uleb128 0xe
 899 0056 3A       		.uleb128 0x3a
 900 0057 0B       		.uleb128 0xb
 901 0058 3B       		.uleb128 0x3b
 902 0059 05       		.uleb128 0x5
 903 005a 27       		.uleb128 0x27
 904 005b 19       		.uleb128 0x19
 905 005c 11       		.uleb128 0x11
 906 005d 01       		.uleb128 0x1
 907 005e 12       		.uleb128 0x12
 908 005f 06       		.uleb128 0x6
 909 0060 40       		.uleb128 0x40
 910 0061 18       		.uleb128 0x18
 911 0062 9742     		.uleb128 0x2117
 912 0064 19       		.uleb128 0x19
 913 0065 00       		.byte	0
 914 0066 00       		.byte	0
 915 0067 09       		.uleb128 0x9
 916 0068 2E       		.uleb128 0x2e
 917 0069 01       		.byte	0x1
 918 006a 03       		.uleb128 0x3
 919 006b 0E       		.uleb128 0xe
 920 006c 3A       		.uleb128 0x3a
 921 006d 0B       		.uleb128 0xb
 922 006e 3B       		.uleb128 0x3b
 923 006f 0B       		.uleb128 0xb
 924 0070 27       		.uleb128 0x27
 925 0071 19       		.uleb128 0x19
 926 0072 11       		.uleb128 0x11
 927 0073 01       		.uleb128 0x1
 928 0074 12       		.uleb128 0x12
 929 0075 06       		.uleb128 0x6
ARM GAS  C:\Users\bryan.lee\AppData\Local\Temp\ccEVorYf.s 			page 24


 930 0076 40       		.uleb128 0x40
 931 0077 18       		.uleb128 0x18
 932 0078 9742     		.uleb128 0x2117
 933 007a 19       		.uleb128 0x19
 934 007b 01       		.uleb128 0x1
 935 007c 13       		.uleb128 0x13
 936 007d 00       		.byte	0
 937 007e 00       		.byte	0
 938 007f 0A       		.uleb128 0xa
 939 0080 05       		.uleb128 0x5
 940 0081 00       		.byte	0
 941 0082 03       		.uleb128 0x3
 942 0083 08       		.uleb128 0x8
 943 0084 3A       		.uleb128 0x3a
 944 0085 0B       		.uleb128 0xb
 945 0086 3B       		.uleb128 0x3b
 946 0087 0B       		.uleb128 0xb
 947 0088 49       		.uleb128 0x49
 948 0089 13       		.uleb128 0x13
 949 008a 02       		.uleb128 0x2
 950 008b 17       		.uleb128 0x17
 951 008c 00       		.byte	0
 952 008d 00       		.byte	0
 953 008e 0B       		.uleb128 0xb
 954 008f 898201   		.uleb128 0x4109
 955 0092 01       		.byte	0x1
 956 0093 11       		.uleb128 0x11
 957 0094 01       		.uleb128 0x1
 958 0095 31       		.uleb128 0x31
 959 0096 13       		.uleb128 0x13
 960 0097 00       		.byte	0
 961 0098 00       		.byte	0
 962 0099 0C       		.uleb128 0xc
 963 009a 8A8201   		.uleb128 0x410a
 964 009d 00       		.byte	0
 965 009e 02       		.uleb128 0x2
 966 009f 18       		.uleb128 0x18
 967 00a0 9142     		.uleb128 0x2111
 968 00a2 18       		.uleb128 0x18
 969 00a3 00       		.byte	0
 970 00a4 00       		.byte	0
 971 00a5 0D       		.uleb128 0xd
 972 00a6 898201   		.uleb128 0x4109
 973 00a9 00       		.byte	0
 974 00aa 11       		.uleb128 0x11
 975 00ab 01       		.uleb128 0x1
 976 00ac 31       		.uleb128 0x31
 977 00ad 13       		.uleb128 0x13
 978 00ae 00       		.byte	0
 979 00af 00       		.byte	0
 980 00b0 0E       		.uleb128 0xe
 981 00b1 898201   		.uleb128 0x4109
 982 00b4 01       		.byte	0x1
 983 00b5 11       		.uleb128 0x11
 984 00b6 01       		.uleb128 0x1
 985 00b7 31       		.uleb128 0x31
 986 00b8 13       		.uleb128 0x13
ARM GAS  C:\Users\bryan.lee\AppData\Local\Temp\ccEVorYf.s 			page 25


 987 00b9 01       		.uleb128 0x1
 988 00ba 13       		.uleb128 0x13
 989 00bb 00       		.byte	0
 990 00bc 00       		.byte	0
 991 00bd 0F       		.uleb128 0xf
 992 00be 2E       		.uleb128 0x2e
 993 00bf 01       		.byte	0x1
 994 00c0 3F       		.uleb128 0x3f
 995 00c1 19       		.uleb128 0x19
 996 00c2 03       		.uleb128 0x3
 997 00c3 0E       		.uleb128 0xe
 998 00c4 3A       		.uleb128 0x3a
 999 00c5 0B       		.uleb128 0xb
 1000 00c6 3B       		.uleb128 0x3b
 1001 00c7 05       		.uleb128 0x5
 1002 00c8 27       		.uleb128 0x27
 1003 00c9 19       		.uleb128 0x19
 1004 00ca 11       		.uleb128 0x11
 1005 00cb 01       		.uleb128 0x1
 1006 00cc 12       		.uleb128 0x12
 1007 00cd 06       		.uleb128 0x6
 1008 00ce 40       		.uleb128 0x40
 1009 00cf 18       		.uleb128 0x18
 1010 00d0 9742     		.uleb128 0x2117
 1011 00d2 19       		.uleb128 0x19
 1012 00d3 01       		.uleb128 0x1
 1013 00d4 13       		.uleb128 0x13
 1014 00d5 00       		.byte	0
 1015 00d6 00       		.byte	0
 1016 00d7 10       		.uleb128 0x10
 1017 00d8 0B       		.uleb128 0xb
 1018 00d9 01       		.byte	0x1
 1019 00da 11       		.uleb128 0x11
 1020 00db 01       		.uleb128 0x1
 1021 00dc 12       		.uleb128 0x12
 1022 00dd 06       		.uleb128 0x6
 1023 00de 01       		.uleb128 0x1
 1024 00df 13       		.uleb128 0x13
 1025 00e0 00       		.byte	0
 1026 00e1 00       		.byte	0
 1027 00e2 11       		.uleb128 0x11
 1028 00e3 13       		.uleb128 0x13
 1029 00e4 01       		.byte	0x1
 1030 00e5 0B       		.uleb128 0xb
 1031 00e6 0B       		.uleb128 0xb
 1032 00e7 3A       		.uleb128 0x3a
 1033 00e8 0B       		.uleb128 0xb
 1034 00e9 3B       		.uleb128 0x3b
 1035 00ea 05       		.uleb128 0x5
 1036 00eb 01       		.uleb128 0x1
 1037 00ec 13       		.uleb128 0x13
 1038 00ed 00       		.byte	0
 1039 00ee 00       		.byte	0
 1040 00ef 12       		.uleb128 0x12
 1041 00f0 0D       		.uleb128 0xd
 1042 00f1 00       		.byte	0
 1043 00f2 03       		.uleb128 0x3
ARM GAS  C:\Users\bryan.lee\AppData\Local\Temp\ccEVorYf.s 			page 26


 1044 00f3 0E       		.uleb128 0xe
 1045 00f4 3A       		.uleb128 0x3a
 1046 00f5 0B       		.uleb128 0xb
 1047 00f6 3B       		.uleb128 0x3b
 1048 00f7 05       		.uleb128 0x5
 1049 00f8 49       		.uleb128 0x49
 1050 00f9 13       		.uleb128 0x13
 1051 00fa 38       		.uleb128 0x38
 1052 00fb 0B       		.uleb128 0xb
 1053 00fc 00       		.byte	0
 1054 00fd 00       		.byte	0
 1055 00fe 13       		.uleb128 0x13
 1056 00ff 01       		.uleb128 0x1
 1057 0100 01       		.byte	0x1
 1058 0101 49       		.uleb128 0x49
 1059 0102 13       		.uleb128 0x13
 1060 0103 01       		.uleb128 0x1
 1061 0104 13       		.uleb128 0x13
 1062 0105 00       		.byte	0
 1063 0106 00       		.byte	0
 1064 0107 14       		.uleb128 0x14
 1065 0108 21       		.uleb128 0x21
 1066 0109 00       		.byte	0
 1067 010a 49       		.uleb128 0x49
 1068 010b 13       		.uleb128 0x13
 1069 010c 2F       		.uleb128 0x2f
 1070 010d 0B       		.uleb128 0xb
 1071 010e 00       		.byte	0
 1072 010f 00       		.byte	0
 1073 0110 15       		.uleb128 0x15
 1074 0111 26       		.uleb128 0x26
 1075 0112 00       		.byte	0
 1076 0113 49       		.uleb128 0x49
 1077 0114 13       		.uleb128 0x13
 1078 0115 00       		.byte	0
 1079 0116 00       		.byte	0
 1080 0117 16       		.uleb128 0x16
 1081 0118 34       		.uleb128 0x34
 1082 0119 00       		.byte	0
 1083 011a 03       		.uleb128 0x3
 1084 011b 0E       		.uleb128 0xe
 1085 011c 3A       		.uleb128 0x3a
 1086 011d 0B       		.uleb128 0xb
 1087 011e 3B       		.uleb128 0x3b
 1088 011f 05       		.uleb128 0x5
 1089 0120 49       		.uleb128 0x49
 1090 0121 13       		.uleb128 0x13
 1091 0122 02       		.uleb128 0x2
 1092 0123 18       		.uleb128 0x18
 1093 0124 00       		.byte	0
 1094 0125 00       		.byte	0
 1095 0126 17       		.uleb128 0x17
 1096 0127 34       		.uleb128 0x34
 1097 0128 00       		.byte	0
 1098 0129 03       		.uleb128 0x3
 1099 012a 08       		.uleb128 0x8
 1100 012b 3A       		.uleb128 0x3a
ARM GAS  C:\Users\bryan.lee\AppData\Local\Temp\ccEVorYf.s 			page 27


 1101 012c 0B       		.uleb128 0xb
 1102 012d 3B       		.uleb128 0x3b
 1103 012e 05       		.uleb128 0x5
 1104 012f 49       		.uleb128 0x49
 1105 0130 13       		.uleb128 0x13
 1106 0131 02       		.uleb128 0x2
 1107 0132 17       		.uleb128 0x17
 1108 0133 00       		.byte	0
 1109 0134 00       		.byte	0
 1110 0135 18       		.uleb128 0x18
 1111 0136 0B       		.uleb128 0xb
 1112 0137 01       		.byte	0x1
 1113 0138 11       		.uleb128 0x11
 1114 0139 01       		.uleb128 0x1
 1115 013a 12       		.uleb128 0x12
 1116 013b 06       		.uleb128 0x6
 1117 013c 00       		.byte	0
 1118 013d 00       		.byte	0
 1119 013e 19       		.uleb128 0x19
 1120 013f 0F       		.uleb128 0xf
 1121 0140 00       		.byte	0
 1122 0141 0B       		.uleb128 0xb
 1123 0142 0B       		.uleb128 0xb
 1124 0143 49       		.uleb128 0x49
 1125 0144 13       		.uleb128 0x13
 1126 0145 00       		.byte	0
 1127 0146 00       		.byte	0
 1128 0147 1A       		.uleb128 0x1a
 1129 0148 2E       		.uleb128 0x2e
 1130 0149 00       		.byte	0
 1131 014a 3F       		.uleb128 0x3f
 1132 014b 19       		.uleb128 0x19
 1133 014c 3C       		.uleb128 0x3c
 1134 014d 19       		.uleb128 0x19
 1135 014e 6E       		.uleb128 0x6e
 1136 014f 0E       		.uleb128 0xe
 1137 0150 03       		.uleb128 0x3
 1138 0151 0E       		.uleb128 0xe
 1139 0152 00       		.byte	0
 1140 0153 00       		.byte	0
 1141 0154 1B       		.uleb128 0x1b
 1142 0155 2E       		.uleb128 0x2e
 1143 0156 00       		.byte	0
 1144 0157 3F       		.uleb128 0x3f
 1145 0158 19       		.uleb128 0x19
 1146 0159 3C       		.uleb128 0x3c
 1147 015a 19       		.uleb128 0x19
 1148 015b 6E       		.uleb128 0x6e
 1149 015c 0E       		.uleb128 0xe
 1150 015d 03       		.uleb128 0x3
 1151 015e 0E       		.uleb128 0xe
 1152 015f 3A       		.uleb128 0x3a
 1153 0160 0B       		.uleb128 0xb
 1154 0161 3B       		.uleb128 0x3b
 1155 0162 0B       		.uleb128 0xb
 1156 0163 00       		.byte	0
 1157 0164 00       		.byte	0
ARM GAS  C:\Users\bryan.lee\AppData\Local\Temp\ccEVorYf.s 			page 28


 1158 0165 00       		.byte	0
 1159              		.section	.debug_loc,"",%progbits
 1160              	.Ldebug_loc0:
 1161              	.LLST0:
 1162 0000 00000000 		.4byte	.LVL0
 1163 0004 09000000 		.4byte	.LVL2-1
 1164 0008 0100     		.2byte	0x1
 1165 000a 50       		.byte	0x50
 1166 000b 09000000 		.4byte	.LVL2-1
 1167 000f 0C000000 		.4byte	.LFE2
 1168 0013 0400     		.2byte	0x4
 1169 0015 F3       		.byte	0xf3
 1170 0016 01       		.uleb128 0x1
 1171 0017 50       		.byte	0x50
 1172 0018 9F       		.byte	0x9f
 1173 0019 00000000 		.4byte	0
 1174 001d 00000000 		.4byte	0
 1175              	.LLST1:
 1176 0021 00000000 		.4byte	.LVL0
 1177 0025 06000000 		.4byte	.LVL1
 1178 0029 0100     		.2byte	0x1
 1179 002b 51       		.byte	0x51
 1180 002c 06000000 		.4byte	.LVL1
 1181 0030 09000000 		.4byte	.LVL2-1
 1182 0034 0100     		.2byte	0x1
 1183 0036 52       		.byte	0x52
 1184 0037 09000000 		.4byte	.LVL2-1
 1185 003b 0C000000 		.4byte	.LFE2
 1186 003f 0400     		.2byte	0x4
 1187 0041 F3       		.byte	0xf3
 1188 0042 01       		.uleb128 0x1
 1189 0043 51       		.byte	0x51
 1190 0044 9F       		.byte	0x9f
 1191 0045 00000000 		.4byte	0
 1192 0049 00000000 		.4byte	0
 1193              	.LLST2:
 1194 004d 3A010000 		.4byte	.LVL11
 1195 0051 3E010000 		.4byte	.LVL12
 1196 0055 0200     		.2byte	0x2
 1197 0057 30       		.byte	0x30
 1198 0058 9F       		.byte	0x9f
 1199 0059 3E010000 		.4byte	.LVL12
 1200 005d 5C010000 		.4byte	.LVL14
 1201 0061 0100     		.2byte	0x1
 1202 0063 54       		.byte	0x54
 1203 0064 5E010000 		.4byte	.LVL15
 1204 0068 AC010000 		.4byte	.LVL18
 1205 006c 0100     		.2byte	0x1
 1206 006e 54       		.byte	0x54
 1207 006f 00000000 		.4byte	0
 1208 0073 00000000 		.4byte	0
 1209              	.LLST3:
 1210 0077 3E010000 		.4byte	.LVL12
 1211 007b 5C010000 		.4byte	.LVL14
 1212 007f 0B00     		.2byte	0xb
 1213 0081 74       		.byte	0x74
 1214 0082 00       		.sleb128 0
ARM GAS  C:\Users\bryan.lee\AppData\Local\Temp\ccEVorYf.s 			page 29


 1215 0083 36       		.byte	0x36
 1216 0084 1E       		.byte	0x1e
 1217 0085 03       		.byte	0x3
 1218 0086 00000000 		.4byte	cfg_memset_list.4884
 1219 008a 22       		.byte	0x22
 1220 008b 9F       		.byte	0x9f
 1221 008c 5C010000 		.4byte	.LVL14
 1222 0090 5E010000 		.4byte	.LVL15
 1223 0094 0B00     		.2byte	0xb
 1224 0096 74       		.byte	0x74
 1225 0097 7F       		.sleb128 -1
 1226 0098 36       		.byte	0x36
 1227 0099 1E       		.byte	0x1e
 1228 009a 03       		.byte	0x3
 1229 009b 00000000 		.4byte	cfg_memset_list.4884
 1230 009f 22       		.byte	0x22
 1231 00a0 9F       		.byte	0x9f
 1232 00a1 00000000 		.4byte	0
 1233 00a5 00000000 		.4byte	0
 1234              		.section	.debug_aranges,"",%progbits
 1235 0000 34000000 		.4byte	0x34
 1236 0004 0200     		.2byte	0x2
 1237 0006 00000000 		.4byte	.Ldebug_info0
 1238 000a 04       		.byte	0x4
 1239 000b 00       		.byte	0
 1240 000c 0000     		.2byte	0
 1241 000e 0000     		.2byte	0
 1242 0010 00000000 		.4byte	.LFB6
 1243 0014 20000000 		.4byte	.LFE6-.LFB6
 1244 0018 00000000 		.4byte	.LFB2
 1245 001c 0C000000 		.4byte	.LFE2-.LFB2
 1246 0020 00000000 		.4byte	.LFB5
 1247 0024 30010000 		.4byte	.LFE5-.LFB5
 1248 0028 30010000 		.4byte	.LFB7
 1249 002c C0000000 		.4byte	.LFE7-.LFB7
 1250 0030 00000000 		.4byte	0
 1251 0034 00000000 		.4byte	0
 1252              		.section	.debug_ranges,"",%progbits
 1253              	.Ldebug_ranges0:
 1254 0000 00000000 		.4byte	.LFB6
 1255 0004 20000000 		.4byte	.LFE6
 1256 0008 00000000 		.4byte	.LFB2
 1257 000c 0C000000 		.4byte	.LFE2
 1258 0010 00000000 		.4byte	.LFB5
 1259 0014 30010000 		.4byte	.LFE5
 1260 0018 30010000 		.4byte	.LFB7
 1261 001c F0010000 		.4byte	.LFE7
 1262 0020 00000000 		.4byte	0
 1263 0024 00000000 		.4byte	0
 1264              		.section	.debug_line,"",%progbits
 1265              	.Ldebug_line0:
 1266 0000 66010000 		.section	.debug_str,"MS",%progbits,1
 1266      0200E300 
 1266      00000201 
 1266      FB0E0D00 
 1266      01010101 
 1267              	.LASF27:
ARM GAS  C:\Users\bryan.lee\AppData\Local\Temp\ccEVorYf.s 			page 30


 1268 0000 43794465 		.ascii	"CyDelayCycles\000"
 1268      6C617943 
 1268      79636C65 
 1268      7300
 1269              	.LASF19:
 1270 000e 72656733 		.ascii	"reg32\000"
 1270      3200
 1271              	.LASF12:
 1272 0014 73697A65 		.ascii	"size_t\000"
 1272      5F7400
 1273              	.LASF37:
 1274 001b 416E616C 		.ascii	"AnalogSetDefault\000"
 1274      6F675365 
 1274      74446566 
 1274      61756C74 
 1274      00
 1275              	.LASF32:
 1276 002c 4379496E 		.ascii	"CyIntSetVector\000"
 1276      74536574 
 1276      56656374 
 1276      6F7200
 1277              	.LASF25:
 1278 003b 6366675F 		.ascii	"cfg_memset_list\000"
 1278      6D656D73 
 1278      65745F6C 
 1278      69737400 
 1279              	.LASF21:
 1280 004b 436C6F63 		.ascii	"ClockSetup\000"
 1280      6B536574 
 1280      757000
 1281              	.LASF6:
 1282 0056 73686F72 		.ascii	"short unsigned int\000"
 1282      7420756E 
 1282      7369676E 
 1282      65642069 
 1282      6E7400
 1283              	.LASF16:
 1284 0069 666C6F61 		.ascii	"float\000"
 1284      7400
 1285              	.LASF23:
 1286 006f 73697A65 		.ascii	"size\000"
 1286      00
 1287              	.LASF28:
 1288 0074 43795379 		.ascii	"CySysClkWcoSetPowerMode\000"
 1288      73436C6B 
 1288      57636F53 
 1288      6574506F 
 1288      7765724D 
 1289              	.LASF18:
 1290 008c 72656738 		.ascii	"reg8\000"
 1290      00
 1291              	.LASF8:
 1292 0091 6C6F6E67 		.ascii	"long unsigned int\000"
 1292      20756E73 
 1292      69676E65 
 1292      6420696E 
 1292      7400
ARM GAS  C:\Users\bryan.lee\AppData\Local\Temp\ccEVorYf.s 			page 31


 1293              	.LASF13:
 1294 00a3 75696E74 		.ascii	"uint8\000"
 1294      3800
 1295              	.LASF26:
 1296 00a9 43795379 		.ascii	"CySysClkWcoStart\000"
 1296      73436C6B 
 1296      57636F53 
 1296      74617274 
 1296      00
 1297              	.LASF20:
 1298 00ba 43594D45 		.ascii	"CYMEMZERO\000"
 1298      4D5A4552 
 1298      4F00
 1299              	.LASF4:
 1300 00c4 756E7369 		.ascii	"unsigned char\000"
 1300      676E6564 
 1300      20636861 
 1300      7200
 1301              	.LASF39:
 1302 00d2 6D656D73 		.ascii	"memset\000"
 1302      657400
 1303              	.LASF17:
 1304 00d9 646F7562 		.ascii	"double\000"
 1304      6C6500
 1305              	.LASF33:
 1306 00e0 4379496E 		.ascii	"CyIntEnable\000"
 1306      74456E61 
 1306      626C6500 
 1307              	.LASF14:
 1308 00ec 75696E74 		.ascii	"uint16\000"
 1308      313600
 1309              	.LASF15:
 1310 00f3 75696E74 		.ascii	"uint32\000"
 1310      333200
 1311              	.LASF0:
 1312 00fa 756E7369 		.ascii	"unsigned int\000"
 1312      676E6564 
 1312      20696E74 
 1312      00
 1313              	.LASF38:
 1314 0107 63796669 		.ascii	"cyfitter_cfg\000"
 1314      74746572 
 1314      5F636667 
 1314      00
 1315              	.LASF22:
 1316 0114 61646472 		.ascii	"address\000"
 1316      65737300 
 1317              	.LASF9:
 1318 011c 6C6F6E67 		.ascii	"long long unsigned int\000"
 1318      206C6F6E 
 1318      6720756E 
 1318      7369676E 
 1318      65642069 
 1319              	.LASF34:
 1320 0133 474E5520 		.ascii	"GNU C11 5.4.1 20160609 (release) [ARM/embedded-5-br"
 1320      43313120 
 1320      352E342E 
ARM GAS  C:\Users\bryan.lee\AppData\Local\Temp\ccEVorYf.s 			page 32


 1320      31203230 
 1320      31363036 
 1321 0166 616E6368 		.ascii	"anch revision 237715] -mcpu=cortex-m0 -mthumb -g -O"
 1321      20726576 
 1321      6973696F 
 1321      6E203233 
 1321      37373135 
 1322 0199 67202D66 		.ascii	"g -ffunction-sections -ffat-lto-objects\000"
 1322      66756E63 
 1322      74696F6E 
 1322      2D736563 
 1322      74696F6E 
 1323              	.LASF24:
 1324 01c1 6366675F 		.ascii	"cfg_memset_t\000"
 1324      6D656D73 
 1324      65745F74 
 1324      00
 1325              	.LASF10:
 1326 01ce 73697A65 		.ascii	"sizetype\000"
 1326      74797065 
 1326      00
 1327              	.LASF1:
 1328 01d7 6C6F6E67 		.ascii	"long long int\000"
 1328      206C6F6E 
 1328      6720696E 
 1328      7400
 1329              	.LASF36:
 1330 01e5 433A5C55 		.ascii	"C:\\Users\\bryan.lee\\Documents\\GitHub\\hello-worl"
 1330      73657273 
 1330      5C627279 
 1330      616E2E6C 
 1330      65655C44 
 1331 0213 645C5073 		.ascii	"d\\Psoc_101_4BLE\\Design16.cydsn\000"
 1331      6F635F31 
 1331      30315F34 
 1331      424C455C 
 1331      44657369 
 1332              	.LASF31:
 1333 0232 43794465 		.ascii	"CyDelayUs\000"
 1333      6C617955 
 1333      7300
 1334              	.LASF11:
 1335 023c 63686172 		.ascii	"char\000"
 1335      00
 1336              	.LASF30:
 1337 0241 43795379 		.ascii	"CySysClkEcoStart\000"
 1337      73436C6B 
 1337      45636F53 
 1337      74617274 
 1337      00
 1338              	.LASF5:
 1339 0252 73686F72 		.ascii	"short int\000"
 1339      7420696E 
 1339      7400
 1340              	.LASF29:
 1341 025c 43795379 		.ascii	"CySysClkWriteImoFreq\000"
 1341      73436C6B 
ARM GAS  C:\Users\bryan.lee\AppData\Local\Temp\ccEVorYf.s 			page 33


 1341      57726974 
 1341      65496D6F 
 1341      46726571 
 1342              	.LASF7:
 1343 0271 6C6F6E67 		.ascii	"long int\000"
 1343      20696E74 
 1343      00
 1344              	.LASF2:
 1345 027a 6C6F6E67 		.ascii	"long double\000"
 1345      20646F75 
 1345      626C6500 
 1346              	.LASF3:
 1347 0286 7369676E 		.ascii	"signed char\000"
 1347      65642063 
 1347      68617200 
 1348              	.LASF35:
 1349 0292 47656E65 		.ascii	"Generated_Source\\PSoC4\\cyfitter_cfg.c\000"
 1349      72617465 
 1349      645F536F 
 1349      75726365 
 1349      5C50536F 
 1350              		.ident	"GCC: (GNU Tools for ARM Embedded Processors) 5.4.1 20160609 (release) [ARM/embedded-5-bran
